[2024-11-17T23:16:08.943+0000] {local_task_job_runner.py:123} INFO - ::group::Pre task execution logs
[2024-11-17T23:16:08.965+0000] {taskinstance.py:2612} INFO - Dependencies all met for dep_context=non-requeueable deps ti=<TaskInstance: capstone.table_tansformation manual__2024-11-17T23:15:06.122665+00:00 [queued]>
[2024-11-17T23:16:08.978+0000] {taskinstance.py:2612} INFO - Dependencies all met for dep_context=requeueable deps ti=<TaskInstance: capstone.table_tansformation manual__2024-11-17T23:15:06.122665+00:00 [queued]>
[2024-11-17T23:16:08.979+0000] {taskinstance.py:2865} INFO - Starting attempt 1 of 3
[2024-11-17T23:16:09.003+0000] {taskinstance.py:2888} INFO - Executing <Task(PythonOperator): table_tansformation> on 2024-11-17 23:15:06.122665+00:00
[2024-11-17T23:16:09.013+0000] {warnings.py:112} WARNING - /home/***/.local/lib/python3.12/site-packages/***/task/task_runner/standard_task_runner.py:70: DeprecationWarning: This process (pid=1469) is multi-threaded, use of fork() may lead to deadlocks in the child.
  pid = os.fork()

[2024-11-17T23:16:09.016+0000] {standard_task_runner.py:72} INFO - Started process 1471 to run task
[2024-11-17T23:16:09.017+0000] {standard_task_runner.py:104} INFO - Running: ['***', 'tasks', 'run', 'capstone', 'table_tansformation', 'manual__2024-11-17T23:15:06.122665+00:00', '--job-id', '42', '--raw', '--subdir', 'DAGS_FOLDER/capstone_***/country.py', '--cfg-path', '/tmp/tmpudfgjei5']
[2024-11-17T23:16:09.021+0000] {standard_task_runner.py:105} INFO - Job 42: Subtask table_tansformation
[2024-11-17T23:16:09.088+0000] {task_command.py:467} INFO - Running <TaskInstance: capstone.table_tansformation manual__2024-11-17T23:15:06.122665+00:00 [running]> on host ea8ac57aed30
[2024-11-17T23:16:09.216+0000] {taskinstance.py:3131} INFO - Exporting env vars: AIRFLOW_CTX_DAG_OWNER='adewunmi' AIRFLOW_CTX_DAG_ID='capstone' AIRFLOW_CTX_TASK_ID='table_tansformation' AIRFLOW_CTX_EXECUTION_DATE='2024-11-17T23:15:06.122665+00:00' AIRFLOW_CTX_TRY_NUMBER='1' AIRFLOW_CTX_DAG_RUN_ID='manual__2024-11-17T23:15:06.122665+00:00'
[2024-11-17T23:16:09.218+0000] {taskinstance.py:731} INFO - ::endgroup::
[2024-11-17T23:16:09.236+0000] {cap.py:381} INFO - Starting table transformation process.
[2024-11-17T23:16:09.237+0000] {cap.py:326} INFO - Starting the table joining process.
[2024-11-17T23:16:09.237+0000] {cap.py:135} INFO - Starting column selection process.
[2024-11-17T23:16:12.234+0000] {cap.py:116} INFO - Successfully read Parquet file from S3.
[2024-11-17T23:16:12.235+0000] {cap.py:145} INFO - Data loaded successfully from S3.
[2024-11-17T23:16:12.239+0000] {cap.py:157} INFO - Column selection completed successfully.
[2024-11-17T23:16:12.243+0000] {cap.py:174} INFO - Starting currency extraction process.
[2024-11-17T23:16:15.576+0000] {cap.py:116} INFO - Successfully read Parquet file from S3.
[2024-11-17T23:16:15.578+0000] {cap.py:184} INFO - Data loaded successfully from S3.
[2024-11-17T23:16:15.578+0000] {cap.py:192} INFO - Filtering currency symbol columns and joining with country names.
[2024-11-17T23:16:15.620+0000] {cap.py:196} INFO - Melting the data to extract currency codes and symbols.
[2024-11-17T23:16:15.668+0000] {cap.py:200} INFO - Removing rows with null currency symbols.
[2024-11-17T23:16:15.736+0000] {cap.py:204} INFO - Cleaning up currency codes.
[2024-11-17T23:16:15.739+0000] {cap.py:208} INFO - Grouping by country and aggregating currency symbols and codes.
[2024-11-17T23:16:15.792+0000] {cap.py:214} INFO - Currency extraction completed successfully.
[2024-11-17T23:16:15.797+0000] {cap.py:341} INFO - Currency code and symbol extracted successfully.
[2024-11-17T23:16:15.798+0000] {cap.py:230} INFO - Starting currency name extraction process.
[2024-11-17T23:16:18.760+0000] {cap.py:116} INFO - Successfully read Parquet file from S3.
[2024-11-17T23:16:18.761+0000] {cap.py:240} INFO - Data loaded successfully from S3.
[2024-11-17T23:16:18.762+0000] {cap.py:243} INFO - Filtering country names and currency name columns.
[2024-11-17T23:16:18.821+0000] {cap.py:247} INFO - Melting data to extract currency names.
[2024-11-17T23:16:18.864+0000] {cap.py:251} INFO - Removing rows with null currency names.
[2024-11-17T23:16:18.940+0000] {cap.py:258} INFO - Grouping by country and aggregating currency names.
[2024-11-17T23:16:18.992+0000] {cap.py:261} INFO - Currency name extraction completed successfully.
[2024-11-17T23:16:19.000+0000] {cap.py:348} INFO - Currency name extracted successfully.
[2024-11-17T23:16:19.001+0000] {cap.py:279} INFO - Starting language extraction process.
[2024-11-17T23:16:21.606+0000] {cap.py:116} INFO - Successfully read Parquet file from S3.
[2024-11-17T23:16:21.608+0000] {cap.py:289} INFO - Data loaded successfully from S3.
[2024-11-17T23:16:21.608+0000] {cap.py:292} INFO - Filtering country names and language columns.
[2024-11-17T23:16:21.942+0000] {cap.py:296} INFO - Melting data to extract languages.
[2024-11-17T23:16:21.988+0000] {cap.py:300} INFO - Removing rows with null language values.
[2024-11-17T23:16:22.051+0000] {cap.py:307} INFO - Grouping by country and aggregating languages.
[2024-11-17T23:16:22.089+0000] {cap.py:310} INFO - Language extraction completed successfully.
[2024-11-17T23:16:22.095+0000] {cap.py:355} INFO - Languages extracted successfully.
[2024-11-17T23:16:22.096+0000] {cap.py:358} INFO - Joining tables.
[2024-11-17T23:16:22.122+0000] {cap.py:363} INFO - Tables joined successfully.
[2024-11-17T23:16:22.123+0000] {cap.py:390} INFO - Data joined successfully for transformation.
[2024-11-17T23:16:22.142+0000] {cap.py:401} INFO - Column continents transformed successfully.
[2024-11-17T23:16:22.170+0000] {cap.py:401} INFO - Column idd.suffixes transformed successfully.
[2024-11-17T23:16:22.186+0000] {cap.py:401} INFO - Column capital transformed successfully.
[2024-11-17T23:16:22.188+0000] {cap.py:408} INFO - 'country_code' column created successfully.
[2024-11-17T23:16:22.191+0000] {cap.py:414} INFO - Unnecessary columns dropped successfully.
[2024-11-17T23:16:22.192+0000] {python.py:240} INFO - Done. Returned value was:      independent  ...     country_code
0           True  ...              +93
1           True  ...             +355
2           True  ...             +213
3          False  ...            +1684
4           True  ...             +376
..           ...  ...              ...
244        False  ...  +2125288 125289
245         True  ...             +967
246         True  ...             +260
247         True  ...             +263
248        False  ...           +35818

[249 rows x 17 columns]
[2024-11-17T23:16:22.312+0000] {taskinstance.py:340} INFO - ::group::Post task execution logs
[2024-11-17T23:16:22.312+0000] {taskinstance.py:352} INFO - Marking task as SUCCESS. dag_id=capstone, task_id=table_tansformation, run_id=manual__2024-11-17T23:15:06.122665+00:00, execution_date=20241117T231506, start_date=20241117T231608, end_date=20241117T231622
[2024-11-17T23:16:22.383+0000] {local_task_job_runner.py:266} INFO - Task exited with return code 0
[2024-11-17T23:16:22.421+0000] {taskinstance.py:3900} INFO - 1 downstream tasks scheduled from follow-on schedule check
[2024-11-17T23:16:22.427+0000] {local_task_job_runner.py:245} INFO - ::endgroup::
