[2024-11-09T00:20:58.135+0000] {local_task_job_runner.py:123} INFO - ::group::Pre task execution logs
[2024-11-09T00:20:58.227+0000] {taskinstance.py:2612} INFO - Dependencies all met for dep_context=non-requeueable deps ti=<TaskInstance: tem.bash_task5 scheduled__2024-11-08T00:00:00+00:00 [queued]>
[2024-11-09T00:20:58.292+0000] {taskinstance.py:2612} INFO - Dependencies all met for dep_context=requeueable deps ti=<TaskInstance: tem.bash_task5 scheduled__2024-11-08T00:00:00+00:00 [queued]>
[2024-11-09T00:20:58.316+0000] {taskinstance.py:2865} INFO - Starting attempt 1 of 3
[2024-11-09T00:20:58.493+0000] {taskinstance.py:2888} INFO - Executing <Task(BashOperator): bash_task5> on 2024-11-08 00:00:00+00:00
[2024-11-09T00:20:58.511+0000] {warnings.py:112} WARNING - /home/***/.local/lib/python3.12/site-packages/***/task/task_runner/standard_task_runner.py:70: DeprecationWarning: This process (pid=1190) is multi-threaded, use of fork() may lead to deadlocks in the child.
  pid = os.fork()

[2024-11-09T00:20:58.554+0000] {standard_task_runner.py:72} INFO - Started process 1191 to run task
[2024-11-09T00:20:58.514+0000] {standard_task_runner.py:104} INFO - Running: ['***', 'tasks', 'run', 'tem', 'bash_task5', 'scheduled__2024-11-08T00:00:00+00:00', '--job-id', '71', '--raw', '--subdir', 'DAGS_FOLDER/templatin/template.py', '--cfg-path', '/tmp/tmp7wqu3eaa']
[2024-11-09T00:20:58.587+0000] {standard_task_runner.py:105} INFO - Job 71: Subtask bash_task5
[2024-11-09T00:20:58.773+0000] {task_command.py:467} INFO - Running <TaskInstance: tem.bash_task5 scheduled__2024-11-08T00:00:00+00:00 [running]> on host fe3e688f2b29
[2024-11-09T00:20:59.217+0000] {taskinstance.py:3131} INFO - Exporting env vars: AIRFLOW_CTX_DAG_OWNER='ade' AIRFLOW_CTX_DAG_ID='tem' AIRFLOW_CTX_TASK_ID='bash_task5' AIRFLOW_CTX_EXECUTION_DATE='2024-11-08T00:00:00+00:00' AIRFLOW_CTX_TRY_NUMBER='1' AIRFLOW_CTX_DAG_RUN_ID='scheduled__2024-11-08T00:00:00+00:00'
[2024-11-09T00:20:59.221+0000] {taskinstance.py:731} INFO - ::endgroup::
[2024-11-09T00:20:59.305+0000] {subprocess.py:63} INFO - Tmp dir root location: /tmp
[2024-11-09T00:20:59.313+0000] {subprocess.py:75} INFO - Running command: ['/usr/bin/bash', '-c', 'echo "20241108"']
[2024-11-09T00:20:59.337+0000] {subprocess.py:86} INFO - Output:
[2024-11-09T00:20:59.350+0000] {subprocess.py:93} INFO - 20241108
[2024-11-09T00:20:59.351+0000] {subprocess.py:97} INFO - Command exited with return code 0
[2024-11-09T00:20:59.464+0000] {taskinstance.py:340} INFO - ::group::Post task execution logs
[2024-11-09T00:20:59.465+0000] {taskinstance.py:352} INFO - Marking task as SUCCESS. dag_id=tem, task_id=bash_task5, run_id=scheduled__2024-11-08T00:00:00+00:00, execution_date=20241108T000000, start_date=20241109T002058, end_date=20241109T002059
[2024-11-09T00:20:59.659+0000] {local_task_job_runner.py:266} INFO - Task exited with return code 0
[2024-11-09T00:20:59.732+0000] {local_task_job_runner.py:245} INFO - ::endgroup::
