[2024-11-20T23:37:32.813+0000] {local_task_job_runner.py:123} INFO - ::group::Pre task execution logs
[2024-11-20T23:37:32.853+0000] {taskinstance.py:2612} INFO - Dependencies all met for dep_context=non-requeueable deps ti=<TaskInstance: capstone.currency_code_sym manual__2024-11-20T23:36:46.718095+00:00 [queued]>
[2024-11-20T23:37:32.872+0000] {taskinstance.py:2612} INFO - Dependencies all met for dep_context=requeueable deps ti=<TaskInstance: capstone.currency_code_sym manual__2024-11-20T23:36:46.718095+00:00 [queued]>
[2024-11-20T23:37:32.873+0000] {taskinstance.py:2865} INFO - Starting attempt 1 of 3
[2024-11-20T23:37:32.922+0000] {taskinstance.py:2888} INFO - Executing <Task(PythonOperator): currency_code_sym> on 2024-11-20 23:36:46.718095+00:00
[2024-11-20T23:37:32.966+0000] {warnings.py:112} WARNING - /home/***/.local/lib/python3.12/site-packages/***/task/task_runner/standard_task_runner.py:70: DeprecationWarning: This process (pid=200) is multi-threaded, use of fork() may lead to deadlocks in the child.
  pid = os.fork()

[2024-11-20T23:37:32.976+0000] {standard_task_runner.py:72} INFO - Started process 212 to run task
[2024-11-20T23:37:32.977+0000] {standard_task_runner.py:104} INFO - Running: ['***', 'tasks', 'run', 'capstone', 'currency_code_sym', 'manual__2024-11-20T23:36:46.718095+00:00', '--job-id', '87', '--raw', '--subdir', 'DAGS_FOLDER/capstone_***/country.py', '--cfg-path', '/tmp/tmp5gqbnw2r']
[2024-11-20T23:37:32.987+0000] {standard_task_runner.py:105} INFO - Job 87: Subtask currency_code_sym
[2024-11-20T23:37:33.169+0000] {task_command.py:467} INFO - Running <TaskInstance: capstone.currency_code_sym manual__2024-11-20T23:36:46.718095+00:00 [running]> on host e9fd75a7ea89
[2024-11-20T23:37:33.460+0000] {taskinstance.py:3131} INFO - Exporting env vars: AIRFLOW_CTX_DAG_OWNER='adewunmi' AIRFLOW_CTX_DAG_ID='capstone' AIRFLOW_CTX_TASK_ID='currency_code_sym' AIRFLOW_CTX_EXECUTION_DATE='2024-11-20T23:36:46.718095+00:00' AIRFLOW_CTX_TRY_NUMBER='1' AIRFLOW_CTX_DAG_RUN_ID='manual__2024-11-20T23:36:46.718095+00:00'
[2024-11-20T23:37:33.462+0000] {taskinstance.py:731} INFO - ::endgroup::
[2024-11-20T23:37:33.498+0000] {capstone_function.py:175} INFO - Starting currency extraction process.
[2024-11-20T23:37:47.598+0000] {capstone_function.py:110} INFO - Successfully read Parquet file from S3.
[2024-11-20T23:37:47.600+0000] {capstone_function.py:185} INFO - Data loaded successfully from S3.
[2024-11-20T23:37:47.600+0000] {capstone_function.py:193} INFO - Filtering currency symbol columns and joining with country names.
[2024-11-20T23:37:47.647+0000] {capstone_function.py:201} INFO - Melting the data to extract currency codes and symbols.
[2024-11-20T23:37:47.682+0000] {capstone_function.py:209} INFO - Removing rows with null currency symbols.
[2024-11-20T23:37:47.733+0000] {capstone_function.py:215} INFO - Cleaning up currency codes.
[2024-11-20T23:37:47.736+0000] {capstone_function.py:219} INFO - Grouping by country & aggregating by symbols and codes.
[2024-11-20T23:37:47.767+0000] {capstone_function.py:231} INFO - Currency extraction completed successfully.
[2024-11-20T23:37:47.773+0000] {python.py:240} INFO - Done. Returned value was:         name.common currency_symbol currency_code
0       Afghanistan               ؋           AFN
1           Albania               L           ALL
2           Algeria             د.ج           DZD
3    American Samoa               $           USD
4           Andorra               €           EUR
..              ...             ...           ...
242  Western Sahara        DH,دج,UM   MAD,DZD,MRU
243           Yemen               ﷼           YER
244          Zambia              ZK           ZMW
245        Zimbabwe               $           ZWL
246   Åland Islands               €           EUR

[247 rows x 3 columns]
[2024-11-20T23:37:48.092+0000] {taskinstance.py:340} INFO - ::group::Post task execution logs
[2024-11-20T23:37:48.093+0000] {taskinstance.py:352} INFO - Marking task as SUCCESS. dag_id=capstone, task_id=currency_code_sym, run_id=manual__2024-11-20T23:36:46.718095+00:00, execution_date=20241120T233646, start_date=20241120T233732, end_date=20241120T233748
[2024-11-20T23:37:48.225+0000] {local_task_job_runner.py:266} INFO - Task exited with return code 0
[2024-11-20T23:37:48.267+0000] {taskinstance.py:3900} INFO - 1 downstream tasks scheduled from follow-on schedule check
[2024-11-20T23:37:48.293+0000] {local_task_job_runner.py:245} INFO - ::endgroup::
