[2024-11-20T23:44:04.624+0000] {local_task_job_runner.py:123} INFO - ::group::Pre task execution logs
[2024-11-20T23:44:04.645+0000] {taskinstance.py:2612} INFO - Dependencies all met for dep_context=non-requeueable deps ti=<TaskInstance: capstone.currency_code_sym manual__2024-11-20T23:36:46.718095+00:00 [queued]>
[2024-11-20T23:44:04.658+0000] {taskinstance.py:2612} INFO - Dependencies all met for dep_context=requeueable deps ti=<TaskInstance: capstone.currency_code_sym manual__2024-11-20T23:36:46.718095+00:00 [queued]>
[2024-11-20T23:44:04.658+0000] {taskinstance.py:2865} INFO - Starting attempt 2 of 4
[2024-11-20T23:44:04.692+0000] {taskinstance.py:2888} INFO - Executing <Task(PythonOperator): currency_code_sym> on 2024-11-20 23:36:46.718095+00:00
[2024-11-20T23:44:04.701+0000] {warnings.py:112} WARNING - /home/***/.local/lib/python3.12/site-packages/***/task/task_runner/standard_task_runner.py:70: DeprecationWarning: This process (pid=332) is multi-threaded, use of fork() may lead to deadlocks in the child.
  pid = os.fork()

[2024-11-20T23:44:04.703+0000] {standard_task_runner.py:72} INFO - Started process 334 to run task
[2024-11-20T23:44:04.704+0000] {standard_task_runner.py:104} INFO - Running: ['***', 'tasks', 'run', 'capstone', 'currency_code_sym', 'manual__2024-11-20T23:36:46.718095+00:00', '--job-id', '92', '--raw', '--subdir', 'DAGS_FOLDER/capstone_***/country.py', '--cfg-path', '/tmp/tmpxokqzjzl']
[2024-11-20T23:44:04.708+0000] {standard_task_runner.py:105} INFO - Job 92: Subtask currency_code_sym
[2024-11-20T23:44:04.779+0000] {task_command.py:467} INFO - Running <TaskInstance: capstone.currency_code_sym manual__2024-11-20T23:36:46.718095+00:00 [running]> on host e9fd75a7ea89
[2024-11-20T23:44:04.905+0000] {taskinstance.py:3131} INFO - Exporting env vars: AIRFLOW_CTX_DAG_OWNER='adewunmi' AIRFLOW_CTX_DAG_ID='capstone' AIRFLOW_CTX_TASK_ID='currency_code_sym' AIRFLOW_CTX_EXECUTION_DATE='2024-11-20T23:36:46.718095+00:00' AIRFLOW_CTX_TRY_NUMBER='2' AIRFLOW_CTX_DAG_RUN_ID='manual__2024-11-20T23:36:46.718095+00:00'
[2024-11-20T23:44:04.908+0000] {taskinstance.py:731} INFO - ::endgroup::
[2024-11-20T23:44:04.926+0000] {capstone_function.py:175} INFO - Starting currency extraction process.
[2024-11-20T23:44:13.135+0000] {capstone_function.py:110} INFO - Successfully read Parquet file from S3.
[2024-11-20T23:44:13.138+0000] {capstone_function.py:185} INFO - Data loaded successfully from S3.
[2024-11-20T23:44:13.139+0000] {capstone_function.py:193} INFO - Filtering currency symbol columns and joining with country names.
[2024-11-20T23:44:13.196+0000] {capstone_function.py:201} INFO - Melting the data to extract currency codes and symbols.
[2024-11-20T23:44:13.254+0000] {capstone_function.py:209} INFO - Removing rows with null currency symbols.
[2024-11-20T23:44:13.310+0000] {capstone_function.py:215} INFO - Cleaning up currency codes.
[2024-11-20T23:44:13.314+0000] {capstone_function.py:219} INFO - Grouping by country & aggregating by symbols and codes.
[2024-11-20T23:44:13.358+0000] {capstone_function.py:231} INFO - Currency extraction completed successfully.
[2024-11-20T23:44:13.368+0000] {python.py:240} INFO - Done. Returned value was:         name.common currency_symbol  currency_code
0       Afghanistan               ؋            AFN
1           Albania               L            ALL
2           Algeria             د.ج            DZD
3    American Samoa               $            USD
4           Andorra               €            EUR
..              ...             ...            ...
242  Western Sahara      DH, دج, UM  MAD, DZD, MRU
243           Yemen               ﷼            YER
244          Zambia              ZK            ZMW
245        Zimbabwe               $            ZWL
246   Åland Islands               €            EUR

[247 rows x 3 columns]
[2024-11-20T23:44:13.436+0000] {taskinstance.py:340} INFO - ::group::Post task execution logs
[2024-11-20T23:44:13.437+0000] {taskinstance.py:352} INFO - Marking task as SUCCESS. dag_id=capstone, task_id=currency_code_sym, run_id=manual__2024-11-20T23:36:46.718095+00:00, execution_date=20241120T233646, start_date=20241120T234404, end_date=20241120T234413
[2024-11-20T23:44:13.516+0000] {local_task_job_runner.py:266} INFO - Task exited with return code 0
[2024-11-20T23:44:13.555+0000] {taskinstance.py:3900} INFO - 1 downstream tasks scheduled from follow-on schedule check
[2024-11-20T23:44:13.561+0000] {local_task_job_runner.py:245} INFO - ::endgroup::
