[2024-11-10T13:17:26.905+0000] {local_task_job_runner.py:123} INFO - ::group::Pre task execution logs
[2024-11-10T13:17:26.956+0000] {taskinstance.py:2612} INFO - Dependencies all met for dep_context=non-requeueable deps ti=<TaskInstance: tem.bash_task2 scheduled__2024-11-09T00:00:00+00:00 [queued]>
[2024-11-10T13:17:27.000+0000] {taskinstance.py:2612} INFO - Dependencies all met for dep_context=requeueable deps ti=<TaskInstance: tem.bash_task2 scheduled__2024-11-09T00:00:00+00:00 [queued]>
[2024-11-10T13:17:27.001+0000] {taskinstance.py:2865} INFO - Starting attempt 1 of 3
[2024-11-10T13:17:27.063+0000] {taskinstance.py:2888} INFO - Executing <Task(BashOperator): bash_task2> on 2024-11-09 00:00:00+00:00
[2024-11-10T13:17:27.074+0000] {warnings.py:112} WARNING - /home/***/.local/lib/python3.12/site-packages/***/task/task_runner/standard_task_runner.py:70: DeprecationWarning: This process (pid=1108) is multi-threaded, use of fork() may lead to deadlocks in the child.
  pid = os.fork()

[2024-11-10T13:17:27.077+0000] {standard_task_runner.py:104} INFO - Running: ['***', 'tasks', 'run', 'tem', 'bash_task2', 'scheduled__2024-11-09T00:00:00+00:00', '--job-id', '79', '--raw', '--subdir', 'DAGS_FOLDER/templatin/template.py', '--cfg-path', '/tmp/tmpuvo3fnrk']
[2024-11-10T13:17:27.079+0000] {standard_task_runner.py:72} INFO - Started process 1109 to run task
[2024-11-10T13:17:27.080+0000] {standard_task_runner.py:105} INFO - Job 79: Subtask bash_task2
[2024-11-10T13:17:27.250+0000] {task_command.py:467} INFO - Running <TaskInstance: tem.bash_task2 scheduled__2024-11-09T00:00:00+00:00 [running]> on host fe3e688f2b29
[2024-11-10T13:17:27.692+0000] {taskinstance.py:3131} INFO - Exporting env vars: AIRFLOW_CTX_DAG_OWNER='ade' AIRFLOW_CTX_DAG_ID='tem' AIRFLOW_CTX_TASK_ID='bash_task2' AIRFLOW_CTX_EXECUTION_DATE='2024-11-09T00:00:00+00:00' AIRFLOW_CTX_TRY_NUMBER='1' AIRFLOW_CTX_DAG_RUN_ID='scheduled__2024-11-09T00:00:00+00:00'
[2024-11-10T13:17:27.693+0000] {taskinstance.py:731} INFO - ::endgroup::
[2024-11-10T13:17:27.775+0000] {subprocess.py:63} INFO - Tmp dir root location: /tmp
[2024-11-10T13:17:27.778+0000] {subprocess.py:75} INFO - Running command: ['/usr/bin/bash', '-c', 'echo "-1"']
[2024-11-10T13:17:27.810+0000] {subprocess.py:86} INFO - Output:
[2024-11-10T13:17:27.813+0000] {subprocess.py:93} INFO - -1
[2024-11-10T13:17:27.814+0000] {subprocess.py:97} INFO - Command exited with return code 0
[2024-11-10T13:17:27.909+0000] {taskinstance.py:340} INFO - ::group::Post task execution logs
[2024-11-10T13:17:27.936+0000] {taskinstance.py:352} INFO - Marking task as SUCCESS. dag_id=tem, task_id=bash_task2, run_id=scheduled__2024-11-09T00:00:00+00:00, execution_date=20241109T000000, start_date=20241110T131726, end_date=20241110T131727
[2024-11-10T13:17:28.067+0000] {local_task_job_runner.py:266} INFO - Task exited with return code 0
[2024-11-10T13:17:28.209+0000] {taskinstance.py:3900} INFO - 1 downstream tasks scheduled from follow-on schedule check
[2024-11-10T13:17:28.229+0000] {local_task_job_runner.py:245} INFO - ::endgroup::
