[2024-10-19T19:02:50.013+0000] {local_task_job_runner.py:123} INFO - ::group::Pre task execution logs
[2024-10-19T19:02:50.057+0000] {taskinstance.py:2612} INFO - Dependencies all met for dep_context=non-requeueable deps ti=<TaskInstance: wiki_pageviews_dag.csv_data_deleting manual__2024-10-19T18:07:23.965242+00:00 [queued]>
[2024-10-19T19:02:50.081+0000] {taskinstance.py:2612} INFO - Dependencies all met for dep_context=requeueable deps ti=<TaskInstance: wiki_pageviews_dag.csv_data_deleting manual__2024-10-19T18:07:23.965242+00:00 [queued]>
[2024-10-19T19:02:50.082+0000] {taskinstance.py:2865} INFO - Starting attempt 1 of 1
[2024-10-19T19:02:50.133+0000] {taskinstance.py:2888} INFO - Executing <Task(BashOperator): csv_data_deleting> on 2024-10-19 18:07:23.965242+00:00
[2024-10-19T19:02:50.153+0000] {warnings.py:112} WARNING - /home/***/.local/lib/python3.12/site-packages/***/task/task_runner/standard_task_runner.py:70: DeprecationWarning: This process (pid=2820) is multi-threaded, use of fork() may lead to deadlocks in the child.
  pid = os.fork()

[2024-10-19T19:02:50.158+0000] {standard_task_runner.py:72} INFO - Started process 2822 to run task
[2024-10-19T19:02:50.161+0000] {standard_task_runner.py:104} INFO - Running: ['***', 'tasks', 'run', 'wiki_pageviews_dag', 'csv_data_deleting', 'manual__2024-10-19T18:07:23.965242+00:00', '--job-id', '71', '--raw', '--subdir', 'DAGS_FOLDER/prod.py', '--cfg-path', '/tmp/tmppd1yjwjt']
[2024-10-19T19:02:50.172+0000] {standard_task_runner.py:105} INFO - Job 71: Subtask csv_data_deleting
[2024-10-19T19:02:50.314+0000] {task_command.py:467} INFO - Running <TaskInstance: wiki_pageviews_dag.csv_data_deleting manual__2024-10-19T18:07:23.965242+00:00 [running]> on host 533638d20908
[2024-10-19T19:02:50.562+0000] {taskinstance.py:3131} INFO - Exporting env vars: AIRFLOW_CTX_DAG_OWNER='Adewunmi' AIRFLOW_CTX_DAG_ID='wiki_pageviews_dag' AIRFLOW_CTX_TASK_ID='csv_data_deleting' AIRFLOW_CTX_EXECUTION_DATE='2024-10-19T18:07:23.965242+00:00' AIRFLOW_CTX_TRY_NUMBER='1' AIRFLOW_CTX_DAG_RUN_ID='manual__2024-10-19T18:07:23.965242+00:00'
[2024-10-19T19:02:50.565+0000] {taskinstance.py:731} INFO - ::endgroup::
[2024-10-19T19:02:50.607+0000] {subprocess.py:63} INFO - Tmp dir root location: /tmp
[2024-10-19T19:02:50.609+0000] {subprocess.py:75} INFO - Running command: ['/usr/bin/bash', '-c', 'bash /opt/***/dags/bash_scripts/csv_deletion.sh ']
[2024-10-19T19:02:50.651+0000] {subprocess.py:86} INFO - Output:
[2024-10-19T19:02:50.721+0000] {subprocess.py:93} INFO - file successfully deleted
[2024-10-19T19:02:50.724+0000] {subprocess.py:97} INFO - Command exited with return code 0
[2024-10-19T19:02:50.889+0000] {taskinstance.py:340} INFO - ::group::Post task execution logs
[2024-10-19T19:02:50.892+0000] {taskinstance.py:352} INFO - Marking task as SUCCESS. dag_id=wiki_pageviews_dag, task_id=csv_data_deleting, run_id=manual__2024-10-19T18:07:23.965242+00:00, execution_date=20241019T180723, start_date=20241019T190250, end_date=20241019T190250
[2024-10-19T19:02:51.074+0000] {local_task_job_runner.py:266} INFO - Task exited with return code 0
[2024-10-19T19:02:51.194+0000] {taskinstance.py:3900} INFO - 0 downstream tasks scheduled from follow-on schedule check
[2024-10-19T19:02:51.209+0000] {local_task_job_runner.py:245} INFO - ::endgroup::
