[2024-10-13T23:18:59.168+0000] {local_task_job_runner.py:123} INFO - ::group::Pre task execution logs
[2024-10-13T23:18:59.200+0000] {taskinstance.py:2612} INFO - Dependencies all met for dep_context=non-requeueable deps ti=<TaskInstance: adewunmi.execute_python_command manual__2024-10-13T23:18:57.794983+00:00 [queued]>
[2024-10-13T23:18:59.214+0000] {taskinstance.py:2612} INFO - Dependencies all met for dep_context=requeueable deps ti=<TaskInstance: adewunmi.execute_python_command manual__2024-10-13T23:18:57.794983+00:00 [queued]>
[2024-10-13T23:18:59.215+0000] {taskinstance.py:2865} INFO - Starting attempt 1 of 2
[2024-10-13T23:18:59.246+0000] {taskinstance.py:2888} INFO - Executing <Task(PythonOperator): execute_python_command> on 2024-10-13 23:18:57.794983+00:00
[2024-10-13T23:18:59.253+0000] {warnings.py:112} WARNING - /home/***/.local/lib/python3.12/site-packages/***/task/task_runner/standard_task_runner.py:70: DeprecationWarning: This process (pid=433) is multi-threaded, use of fork() may lead to deadlocks in the child.
  pid = os.fork()

[2024-10-13T23:18:59.256+0000] {standard_task_runner.py:72} INFO - Started process 434 to run task
[2024-10-13T23:18:59.257+0000] {standard_task_runner.py:104} INFO - Running: ['***', 'tasks', 'run', 'adewunmi', 'execute_python_command', 'manual__2024-10-13T23:18:57.794983+00:00', '--job-id', '12', '--raw', '--subdir', 'DAGS_FOLDER/email.py', '--cfg-path', '/tmp/tmpl59gmvpk']
[2024-10-13T23:18:59.258+0000] {standard_task_runner.py:105} INFO - Job 12: Subtask execute_python_command
[2024-10-13T23:18:59.331+0000] {task_command.py:467} INFO - Running <TaskInstance: adewunmi.execute_python_command manual__2024-10-13T23:18:57.794983+00:00 [running]> on host 1b4cad12ae67
[2024-10-13T23:18:59.491+0000] {taskinstance.py:3131} INFO - Exporting env vars: AIRFLOW_CTX_DAG_OWNER='adewunmi' AIRFLOW_CTX_DAG_ID='adewunmi' AIRFLOW_CTX_TASK_ID='execute_python_command' AIRFLOW_CTX_EXECUTION_DATE='2024-10-13T23:18:57.794983+00:00' AIRFLOW_CTX_TRY_NUMBER='1' AIRFLOW_CTX_DAG_RUN_ID='manual__2024-10-13T23:18:57.794983+00:00'
[2024-10-13T23:18:59.496+0000] {taskinstance.py:731} INFO - ::endgroup::
[2024-10-13T23:18:59.524+0000] {logging_mixin.py:190} INFO - How are you?!
[2024-10-13T23:18:59.525+0000] {python.py:240} INFO - Done. Returned value was: None
[2024-10-13T23:18:59.542+0000] {taskinstance.py:340} INFO - ::group::Post task execution logs
[2024-10-13T23:18:59.543+0000] {taskinstance.py:352} INFO - Marking task as SUCCESS. dag_id=adewunmi, task_id=execute_python_command, run_id=manual__2024-10-13T23:18:57.794983+00:00, execution_date=20241013T231857, start_date=20241013T231859, end_date=20241013T231859
[2024-10-13T23:18:59.544+0000] {taskinstance.py:1563} INFO - Executing callback at index 0: task_success_alert
[2024-10-13T23:18:59.545+0000] {logging_mixin.py:190} INFO - {'conf': <***.configuration.AirflowConfigParser object at 0x7fe8eb814cb0>, 'dag': <DAG: adewunmi>, 'dag_run': <DagRun adewunmi @ 2024-10-13 23:18:57.794983+00:00: manual__2024-10-13T23:18:57.794983+00:00, state:running, queued_at: 2024-10-13 23:18:57.816247+00:00. externally triggered: True>, 'data_interval_end': DateTime(2024, 10, 13, 23, 18, 57, 794983, tzinfo=Timezone('UTC')), 'data_interval_start': DateTime(2024, 10, 13, 23, 18, 57, 794983, tzinfo=Timezone('UTC')), 'outlet_events': <***.utils.context.OutletEventAccessors object at 0x7fe8d987f2f0>, 'ds': '2024-10-13', 'ds_nodash': '20241013', 'execution_date': DateTime(2024, 10, 13, 23, 18, 57, 794983, tzinfo=Timezone('UTC')), 'expanded_ti_count': None, 'inlets': [], 'inlet_events': InletEventsAccessors(_inlets=[], _datasets={}, _dataset_aliases={}, _session=<sqlalchemy.orm.session.Session object at 0x7fe8eb8d6450>), 'logical_date': DateTime(2024, 10, 13, 23, 18, 57, 794983, tzinfo=Timezone('UTC')), 'macros': <module '***.macros' from '/home/***/.local/lib/python3.12/site-packages/***/macros/__init__.py'>, 'map_index_template': None, 'next_ds': '2024-10-13', 'next_ds_nodash': '20241013', 'next_execution_date': DateTime(2024, 10, 13, 23, 18, 57, 794983, tzinfo=Timezone('UTC')), 'outlets': [], 'params': {}, 'prev_data_interval_start_success': DateTime(2024, 10, 13, 22, 41, 57, 200069, tzinfo=Timezone('UTC')), 'prev_data_interval_end_success': DateTime(2024, 10, 13, 22, 41, 57, 200069, tzinfo=Timezone('UTC')), 'prev_ds': '2024-10-13', 'prev_ds_nodash': '20241013', 'prev_execution_date': DateTime(2024, 10, 13, 23, 18, 57, 794983, tzinfo=Timezone('UTC')), 'prev_execution_date_success': DateTime(2024, 10, 13, 22, 41, 57, 200069, tzinfo=Timezone('UTC')), 'prev_start_date_success': DateTime(2024, 10, 13, 22, 52, 35, 993597, tzinfo=Timezone('UTC')), 'prev_end_date_success': DateTime(2024, 10, 13, 22, 52, 41, 281560, tzinfo=Timezone('UTC')), 'run_id': 'manual__2024-10-13T23:18:57.794983+00:00', 'task': <Task(PythonOperator): execute_python_command>, 'task_instance': <TaskInstance: adewunmi.execute_python_command manual__2024-10-13T23:18:57.794983+00:00 [success]>, 'task_instance_key_str': 'adewunmi__execute_python_command__20241013', 'test_mode': False, 'ti': <TaskInstance: adewunmi.execute_python_command manual__2024-10-13T23:18:57.794983+00:00 [success]>, 'tomorrow_ds': '2024-10-14', 'tomorrow_ds_nodash': '20241014', 'triggering_dataset_events': <Proxy at 0x7fe8d98b5780 with factory <function _get_template_context.<locals>.get_triggering_events at 0x7fe8d9a5b880>>, 'ts': '2024-10-13T23:18:57.794983+00:00', 'ts_nodash': '20241013T231857', 'ts_nodash_with_tz': '20241013T231857.794983+0000', 'var': {'json': None, 'value': None}, 'conn': None, 'yesterday_ds': '2024-10-12', 'yesterday_ds_nodash': '20241012', 'templates_dict': None}
[2024-10-13T23:19:03.874+0000] {logging_mixin.py:190} INFO - Email Sent Successfully
[2024-10-13T23:19:04.067+0000] {local_task_job_runner.py:266} INFO - Task exited with return code 0
[2024-10-13T23:19:04.104+0000] {taskinstance.py:3900} INFO - 1 downstream tasks scheduled from follow-on schedule check
[2024-10-13T23:19:04.110+0000] {local_task_job_runner.py:245} INFO - ::endgroup::
