[2024-11-20T23:37:00.769+0000] {local_task_job_runner.py:123} INFO - ::group::Pre task execution logs
[2024-11-20T23:37:00.804+0000] {taskinstance.py:2612} INFO - Dependencies all met for dep_context=non-requeueable deps ti=<TaskInstance: capstone.object_datalake manual__2024-11-20T23:36:46.718095+00:00 [queued]>
[2024-11-20T23:37:00.824+0000] {taskinstance.py:2612} INFO - Dependencies all met for dep_context=requeueable deps ti=<TaskInstance: capstone.object_datalake manual__2024-11-20T23:36:46.718095+00:00 [queued]>
[2024-11-20T23:37:00.824+0000] {taskinstance.py:2865} INFO - Starting attempt 1 of 3
[2024-11-20T23:37:00.870+0000] {taskinstance.py:2888} INFO - Executing <Task(PythonOperator): object_datalake> on 2024-11-20 23:36:46.718095+00:00
[2024-11-20T23:37:00.882+0000] {warnings.py:112} WARNING - /home/***/.local/lib/python3.12/site-packages/***/task/task_runner/standard_task_runner.py:70: DeprecationWarning: This process (pid=182) is multi-threaded, use of fork() may lead to deadlocks in the child.
  pid = os.fork()

[2024-11-20T23:37:00.885+0000] {standard_task_runner.py:72} INFO - Started process 184 to run task
[2024-11-20T23:37:00.885+0000] {standard_task_runner.py:104} INFO - Running: ['***', 'tasks', 'run', 'capstone', 'object_datalake', 'manual__2024-11-20T23:36:46.718095+00:00', '--job-id', '82', '--raw', '--subdir', 'DAGS_FOLDER/capstone_***/country.py', '--cfg-path', '/tmp/tmpgoiqw2kx']
[2024-11-20T23:37:00.897+0000] {standard_task_runner.py:105} INFO - Job 82: Subtask object_datalake
[2024-11-20T23:37:00.984+0000] {task_command.py:467} INFO - Running <TaskInstance: capstone.object_datalake manual__2024-11-20T23:36:46.718095+00:00 [running]> on host e9fd75a7ea89
[2024-11-20T23:37:01.293+0000] {taskinstance.py:3131} INFO - Exporting env vars: AIRFLOW_CTX_DAG_OWNER='adewunmi' AIRFLOW_CTX_DAG_ID='capstone' AIRFLOW_CTX_TASK_ID='object_datalake' AIRFLOW_CTX_EXECUTION_DATE='2024-11-20T23:36:46.718095+00:00' AIRFLOW_CTX_TRY_NUMBER='1' AIRFLOW_CTX_DAG_RUN_ID='manual__2024-11-20T23:36:46.718095+00:00'
[2024-11-20T23:37:01.298+0000] {taskinstance.py:731} INFO - ::endgroup::
[2024-11-20T23:37:01.327+0000] {capstone_function.py:21} INFO - GET request initiating
[2024-11-20T23:37:03.009+0000] {capstone_function.py:26} INFO - API request connection is okay
[2024-11-20T23:37:03.149+0000] {capstone_function.py:32} INFO - Response data received successfully
[2024-11-20T23:37:09.322+0000] {capstone_function.py:87} INFO - Data successfully written to S3 in Parquet format.
[2024-11-20T23:37:09.327+0000] {python.py:240} INFO - Done. Returned value was: None
[2024-11-20T23:37:09.341+0000] {taskinstance.py:340} INFO - ::group::Post task execution logs
[2024-11-20T23:37:09.342+0000] {taskinstance.py:352} INFO - Marking task as SUCCESS. dag_id=capstone, task_id=object_datalake, run_id=manual__2024-11-20T23:36:46.718095+00:00, execution_date=20241120T233646, start_date=20241120T233700, end_date=20241120T233709
[2024-11-20T23:37:09.399+0000] {local_task_job_runner.py:266} INFO - Task exited with return code 0
[2024-11-20T23:37:09.459+0000] {taskinstance.py:3900} INFO - 1 downstream tasks scheduled from follow-on schedule check
[2024-11-20T23:37:09.484+0000] {local_task_job_runner.py:245} INFO - ::endgroup::
