[2024-10-19T16:23:45.228+0000] {local_task_job_runner.py:123} INFO - ::group::Pre task execution logs
[2024-10-19T16:23:45.249+0000] {taskinstance.py:2612} INFO - Dependencies all met for dep_context=non-requeueable deps ti=<TaskInstance: postgres_to_s3.load_to_postgres manual__2024-10-19T16:17:53.832695+00:00 [queued]>
[2024-10-19T16:23:45.261+0000] {taskinstance.py:2612} INFO - Dependencies all met for dep_context=requeueable deps ti=<TaskInstance: postgres_to_s3.load_to_postgres manual__2024-10-19T16:17:53.832695+00:00 [queued]>
[2024-10-19T16:23:45.262+0000] {taskinstance.py:2865} INFO - Starting attempt 1 of 1
[2024-10-19T16:23:45.289+0000] {taskinstance.py:2888} INFO - Executing <Task(PythonOperator): load_to_postgres> on 2024-10-19 16:17:53.832695+00:00
[2024-10-19T16:23:45.299+0000] {warnings.py:112} WARNING - /home/***/.local/lib/python3.12/site-packages/***/task/task_runner/standard_task_runner.py:70: DeprecationWarning: This process (pid=1087) is multi-threaded, use of fork() may lead to deadlocks in the child.
  pid = os.fork()

[2024-10-19T16:23:45.302+0000] {standard_task_runner.py:72} INFO - Started process 1089 to run task
[2024-10-19T16:23:45.302+0000] {standard_task_runner.py:104} INFO - Running: ['***', 'tasks', 'run', 'postgres_to_s3', 'load_to_postgres', 'manual__2024-10-19T16:17:53.832695+00:00', '--job-id', '26', '--raw', '--subdir', 'DAGS_FOLDER/prod.py', '--cfg-path', '/tmp/tmpy45m20tn']
[2024-10-19T16:23:45.306+0000] {standard_task_runner.py:105} INFO - Job 26: Subtask load_to_postgres
[2024-10-19T16:23:45.378+0000] {task_command.py:467} INFO - Running <TaskInstance: postgres_to_s3.load_to_postgres manual__2024-10-19T16:17:53.832695+00:00 [running]> on host 533638d20908
[2024-10-19T16:23:45.730+0000] {taskinstance.py:3131} INFO - Exporting env vars: AIRFLOW_CTX_DAG_OWNER='protectorate' AIRFLOW_CTX_DAG_ID='postgres_to_s3' AIRFLOW_CTX_TASK_ID='load_to_postgres' AIRFLOW_CTX_EXECUTION_DATE='2024-10-19T16:17:53.832695+00:00' AIRFLOW_CTX_TRY_NUMBER='1' AIRFLOW_CTX_DAG_RUN_ID='manual__2024-10-19T16:17:53.832695+00:00'
[2024-10-19T16:23:45.732+0000] {taskinstance.py:731} INFO - ::endgroup::
[2024-10-19T16:23:45.759+0000] {base.py:84} INFO - Retrieving connection 'post_s3'
[2024-10-19T16:23:45.765+0000] {python.py:240} INFO - Done. Returned value was: None
[2024-10-19T16:23:45.778+0000] {taskinstance.py:340} INFO - ::group::Post task execution logs
[2024-10-19T16:23:45.779+0000] {taskinstance.py:352} INFO - Marking task as SUCCESS. dag_id=postgres_to_s3, task_id=load_to_postgres, run_id=manual__2024-10-19T16:17:53.832695+00:00, execution_date=20241019T161753, start_date=20241019T162345, end_date=20241019T162345
[2024-10-19T16:23:45.840+0000] {local_task_job_runner.py:266} INFO - Task exited with return code 0
[2024-10-19T16:23:45.878+0000] {taskinstance.py:3900} INFO - 1 downstream tasks scheduled from follow-on schedule check
[2024-10-19T16:23:45.885+0000] {local_task_job_runner.py:245} INFO - ::endgroup::
