[2024-10-07T19:55:01.232+0000] {local_task_job_runner.py:123} INFO - ::group::Pre task execution logs
[2024-10-07T19:55:01.304+0000] {taskinstance.py:2612} INFO - Dependencies all met for dep_context=non-requeueable deps ti=<TaskInstance: compl_cssnowflake.load_csv manual__2024-10-07T19:54:55.778140+00:00 [queued]>
[2024-10-07T19:55:01.330+0000] {taskinstance.py:2612} INFO - Dependencies all met for dep_context=requeueable deps ti=<TaskInstance: compl_cssnowflake.load_csv manual__2024-10-07T19:54:55.778140+00:00 [queued]>
[2024-10-07T19:55:01.332+0000] {taskinstance.py:2865} INFO - Starting attempt 1 of 1
[2024-10-07T19:55:01.393+0000] {taskinstance.py:2888} INFO - Executing <Task(PythonOperator): load_csv> on 2024-10-07 19:54:55.778140+00:00
[2024-10-07T19:55:01.415+0000] {warnings.py:112} WARNING - /home/***/.local/lib/python3.12/site-packages/***/task/task_runner/standard_task_runner.py:70: DeprecationWarning: This process (pid=4749) is multi-threaded, use of fork() may lead to deadlocks in the child.
  pid = os.fork()

[2024-10-07T19:55:01.419+0000] {standard_task_runner.py:72} INFO - Started process 4751 to run task
[2024-10-07T19:55:01.419+0000] {standard_task_runner.py:104} INFO - Running: ['***', 'tasks', 'run', 'compl_cssnowflake', 'load_csv', 'manual__2024-10-07T19:54:55.778140+00:00', '--job-id', '57', '--raw', '--subdir', 'DAGS_FOLDER/school/ty.py', '--cfg-path', '/tmp/tmph5bzhzlk']
[2024-10-07T19:55:01.422+0000] {standard_task_runner.py:105} INFO - Job 57: Subtask load_csv
[2024-10-07T19:55:01.566+0000] {task_command.py:467} INFO - Running <TaskInstance: compl_cssnowflake.load_csv manual__2024-10-07T19:54:55.778140+00:00 [running]> on host 67bc14123253
[2024-10-07T19:55:01.830+0000] {taskinstance.py:3131} INFO - Exporting env vars: AIRFLOW_CTX_DAG_OWNER='seylow' AIRFLOW_CTX_DAG_ID='compl_cssnowflake' AIRFLOW_CTX_TASK_ID='load_csv' AIRFLOW_CTX_EXECUTION_DATE='2024-10-07T19:54:55.778140+00:00' AIRFLOW_CTX_TRY_NUMBER='1' AIRFLOW_CTX_DAG_RUN_ID='manual__2024-10-07T19:54:55.778140+00:00'
[2024-10-07T19:55:01.854+0000] {logging_mixin.py:190} INFO - Task instance is in running state
[2024-10-07T19:55:01.869+0000] {logging_mixin.py:190} INFO -  Previous state of the Task instance: queued
[2024-10-07T19:55:01.870+0000] {logging_mixin.py:190} INFO - Current task name:load_csv state:running start_date:2024-10-07 19:55:01.305853+00:00
[2024-10-07T19:55:01.871+0000] {logging_mixin.py:190} INFO - Dag name:compl_cssnowflake and current dag run status:running
[2024-10-07T19:55:01.873+0000] {taskinstance.py:731} INFO - ::endgroup::
[2024-10-07T19:55:02.006+0000] {ty.py:26} INFO - Loaded arts_class.csv successfully.
[2024-10-07T19:55:02.091+0000] {ty.py:26} INFO - Loaded Business_class.csv successfully.
[2024-10-07T19:55:02.122+0000] {ty.py:26} INFO - Loaded Science_class.csv successfully.
[2024-10-07T19:55:02.170+0000] {ty.py:26} INFO - Loaded survey.csv successfully.
[2024-10-07T19:55:02.280+0000] {python.py:240} INFO - Done. Returned value was: None
[2024-10-07T19:55:02.323+0000] {taskinstance.py:340} INFO - ::group::Post task execution logs
[2024-10-07T19:55:02.327+0000] {taskinstance.py:352} INFO - Marking task as SUCCESS. dag_id=compl_cssnowflake, task_id=load_csv, run_id=manual__2024-10-07T19:54:55.778140+00:00, execution_date=20241007T195455, start_date=20241007T195501, end_date=20241007T195502
[2024-10-07T19:55:02.379+0000] {logging_mixin.py:190} INFO - Task instance in success state
[2024-10-07T19:55:02.385+0000] {logging_mixin.py:190} INFO -  Previous state of the Task instance: running
[2024-10-07T19:55:02.386+0000] {logging_mixin.py:190} INFO - Dag name:compl_cssnowflake queued_at:2024-10-07 19:54:55.800604+00:00
[2024-10-07T19:55:02.387+0000] {logging_mixin.py:190} INFO - Task hostname:67bc14123253 operator:PythonOperator
[2024-10-07T19:55:02.467+0000] {local_task_job_runner.py:266} INFO - Task exited with return code 0
[2024-10-07T19:55:02.507+0000] {warnings.py:112} WARNING - /home/***/.local/lib/python3.12/site-packages/***/models/baseoperator.py:1378: AirflowProviderDeprecationWarning: Call to deprecated class SnowflakeOperator. (This class is deprecated. Please use `***.providers.common.sql.operators.sql.SQLExecuteQueryOperator`. Also, you can provide `hook_params={'warehouse': <warehouse>, 'database': <database>, 'role': <role>, 'schema': <schema>, 'authenticator': <authenticator>,'session_parameters': <session_parameters>}`.)
  result = cls.__new__(cls)

[2024-10-07T19:55:02.652+0000] {taskinstance.py:3900} INFO - 1 downstream tasks scheduled from follow-on schedule check
[2024-10-07T19:55:02.702+0000] {local_task_job_runner.py:245} INFO - ::endgroup::
