[2024-11-08T05:34:52.139+0000] {local_task_job_runner.py:123} INFO - ::group::Pre task execution logs
[2024-11-08T05:34:52.167+0000] {taskinstance.py:2612} INFO - Dependencies all met for dep_context=non-requeueable deps ti=<TaskInstance: tem.bash_task3 scheduled__2024-11-07T00:00:00+00:00 [queued]>
[2024-11-08T05:34:52.181+0000] {taskinstance.py:2612} INFO - Dependencies all met for dep_context=requeueable deps ti=<TaskInstance: tem.bash_task3 scheduled__2024-11-07T00:00:00+00:00 [queued]>
[2024-11-08T05:34:52.182+0000] {taskinstance.py:2865} INFO - Starting attempt 1 of 3
[2024-11-08T05:34:52.231+0000] {taskinstance.py:2888} INFO - Executing <Task(BashOperator): bash_task3> on 2024-11-07 00:00:00+00:00
[2024-11-08T05:34:52.239+0000] {warnings.py:112} WARNING - /home/***/.local/lib/python3.12/site-packages/***/task/task_runner/standard_task_runner.py:70: DeprecationWarning: This process (pid=81) is multi-threaded, use of fork() may lead to deadlocks in the child.
  pid = os.fork()

[2024-11-08T05:34:52.241+0000] {standard_task_runner.py:72} INFO - Started process 85 to run task
[2024-11-08T05:34:52.242+0000] {standard_task_runner.py:104} INFO - Running: ['***', 'tasks', 'run', 'tem', 'bash_task3', 'scheduled__2024-11-07T00:00:00+00:00', '--job-id', '54', '--raw', '--subdir', 'DAGS_FOLDER/templatin/template.py', '--cfg-path', '/tmp/tmpmx6s4nk5']
[2024-11-08T05:34:52.244+0000] {standard_task_runner.py:105} INFO - Job 54: Subtask bash_task3
[2024-11-08T05:34:52.319+0000] {task_command.py:467} INFO - Running <TaskInstance: tem.bash_task3 scheduled__2024-11-07T00:00:00+00:00 [running]> on host fe3e688f2b29
[2024-11-08T05:34:52.456+0000] {taskinstance.py:3131} INFO - Exporting env vars: AIRFLOW_CTX_DAG_OWNER='ade' AIRFLOW_CTX_DAG_ID='tem' AIRFLOW_CTX_TASK_ID='bash_task3' AIRFLOW_CTX_EXECUTION_DATE='2024-11-07T00:00:00+00:00' AIRFLOW_CTX_TRY_NUMBER='1' AIRFLOW_CTX_DAG_RUN_ID='scheduled__2024-11-07T00:00:00+00:00'
[2024-11-08T05:34:52.458+0000] {taskinstance.py:731} INFO - ::endgroup::
[2024-11-08T05:34:52.480+0000] {subprocess.py:63} INFO - Tmp dir root location: /tmp
[2024-11-08T05:34:52.482+0000] {subprocess.py:75} INFO - Running command: ['/usr/bin/bash', '-c', 'echo "7"']
[2024-11-08T05:34:52.494+0000] {subprocess.py:86} INFO - Output:
[2024-11-08T05:34:52.497+0000] {subprocess.py:93} INFO - 7
[2024-11-08T05:34:52.498+0000] {subprocess.py:97} INFO - Command exited with return code 0
[2024-11-08T05:34:52.544+0000] {taskinstance.py:340} INFO - ::group::Post task execution logs
[2024-11-08T05:34:52.545+0000] {taskinstance.py:352} INFO - Marking task as SUCCESS. dag_id=tem, task_id=bash_task3, run_id=scheduled__2024-11-07T00:00:00+00:00, execution_date=20241107T000000, start_date=20241108T053452, end_date=20241108T053452
[2024-11-08T05:34:52.619+0000] {local_task_job_runner.py:266} INFO - Task exited with return code 0
[2024-11-08T05:34:52.636+0000] {local_task_job_runner.py:245} INFO - ::endgroup::
