[2024-10-07T20:48:40.218+0000] {local_task_job_runner.py:123} INFO - ::group::Pre task execution logs
[2024-10-07T20:48:40.263+0000] {taskinstance.py:2612} INFO - Dependencies all met for dep_context=non-requeueable deps ti=<TaskInstance: compl_cssnowflake.load_to_s3 manual__2024-10-07T19:54:55.778140+00:00 [queued]>
[2024-10-07T20:48:40.295+0000] {taskinstance.py:2612} INFO - Dependencies all met for dep_context=requeueable deps ti=<TaskInstance: compl_cssnowflake.load_to_s3 manual__2024-10-07T19:54:55.778140+00:00 [queued]>
[2024-10-07T20:48:40.296+0000] {taskinstance.py:2865} INFO - Starting attempt 4 of 4
[2024-10-07T20:48:40.348+0000] {taskinstance.py:2888} INFO - Executing <Task(PythonOperator): load_to_s3> on 2024-10-07 19:54:55.778140+00:00
[2024-10-07T20:48:40.368+0000] {standard_task_runner.py:104} INFO - Running: ['***', 'tasks', 'run', 'compl_cssnowflake', 'load_to_s3', 'manual__2024-10-07T19:54:55.778140+00:00', '--job-id', '75', '--raw', '--subdir', 'DAGS_FOLDER/school/ty.py', '--cfg-path', '/tmp/tmpcqbfkc_9']
[2024-10-07T20:48:40.364+0000] {warnings.py:112} WARNING - /home/***/.local/lib/python3.12/site-packages/***/task/task_runner/standard_task_runner.py:70: DeprecationWarning: This process (pid=97) is multi-threaded, use of fork() may lead to deadlocks in the child.
  pid = os.fork()

[2024-10-07T20:48:40.373+0000] {standard_task_runner.py:105} INFO - Job 75: Subtask load_to_s3
[2024-10-07T20:48:40.375+0000] {standard_task_runner.py:72} INFO - Started process 99 to run task
[2024-10-07T20:48:40.535+0000] {task_command.py:467} INFO - Running <TaskInstance: compl_cssnowflake.load_to_s3 manual__2024-10-07T19:54:55.778140+00:00 [running]> on host 67bc14123253
[2024-10-07T20:48:40.760+0000] {taskinstance.py:3131} INFO - Exporting env vars: AIRFLOW_CTX_DAG_OWNER='seylow' AIRFLOW_CTX_DAG_ID='compl_cssnowflake' AIRFLOW_CTX_TASK_ID='load_to_s3' AIRFLOW_CTX_EXECUTION_DATE='2024-10-07T19:54:55.778140+00:00' AIRFLOW_CTX_TRY_NUMBER='4' AIRFLOW_CTX_DAG_RUN_ID='manual__2024-10-07T19:54:55.778140+00:00'
[2024-10-07T20:48:40.765+0000] {logging_mixin.py:190} INFO - Task instance is in running state
[2024-10-07T20:48:40.766+0000] {logging_mixin.py:190} INFO -  Previous state of the Task instance: queued
[2024-10-07T20:48:40.767+0000] {logging_mixin.py:190} INFO - Current task name:load_to_s3 state:running start_date:2024-10-07 20:48:40.264724+00:00
[2024-10-07T20:48:40.768+0000] {logging_mixin.py:190} INFO - Dag name:compl_cssnowflake and current dag run status:running
[2024-10-07T20:48:40.772+0000] {taskinstance.py:731} INFO - ::endgroup::
[2024-10-07T20:48:40.929+0000] {base.py:84} INFO - Retrieving connection 'simple_store'
[2024-10-07T20:48:40.933+0000] {connection_wrapper.py:388} INFO - AWS Connection (conn_id='simple_store', conn_type='aws') credentials retrieved from login and password.
[2024-10-07T20:48:45.479+0000] {ty.py:66} INFO - Uploaded arts_class.csv to S3 successfully.
[2024-10-07T20:48:46.091+0000] {ty.py:66} INFO - Uploaded business_class.csv to S3 successfully.
[2024-10-07T20:48:46.740+0000] {ty.py:66} INFO - Uploaded science_class.csv to S3 successfully.
[2024-10-07T20:48:47.703+0000] {ty.py:66} INFO - Uploaded survey.csv to S3 successfully.
[2024-10-07T20:48:47.713+0000] {python.py:240} INFO - Done. Returned value was: None
[2024-10-07T20:48:47.746+0000] {taskinstance.py:340} INFO - ::group::Post task execution logs
[2024-10-07T20:48:47.749+0000] {taskinstance.py:352} INFO - Marking task as SUCCESS. dag_id=compl_cssnowflake, task_id=load_to_s3, run_id=manual__2024-10-07T19:54:55.778140+00:00, execution_date=20241007T195455, start_date=20241007T204840, end_date=20241007T204847
[2024-10-07T20:48:47.805+0000] {logging_mixin.py:190} INFO - Task instance in success state
[2024-10-07T20:48:47.807+0000] {logging_mixin.py:190} INFO -  Previous state of the Task instance: running
[2024-10-07T20:48:47.808+0000] {logging_mixin.py:190} INFO - Dag name:compl_cssnowflake queued_at:2024-10-07 20:48:17.510465+00:00
[2024-10-07T20:48:47.809+0000] {logging_mixin.py:190} INFO - Task hostname:67bc14123253 operator:PythonOperator
[2024-10-07T20:48:47.872+0000] {local_task_job_runner.py:266} INFO - Task exited with return code 0
[2024-10-07T20:48:47.902+0000] {warnings.py:112} WARNING - /home/***/.local/lib/python3.12/site-packages/***/models/baseoperator.py:1378: AirflowProviderDeprecationWarning: Call to deprecated class SnowflakeOperator. (This class is deprecated. Please use `***.providers.common.sql.operators.sql.SQLExecuteQueryOperator`. Also, you can provide `hook_params={'warehouse': <warehouse>, 'database': <database>, 'role': <role>, 'schema': <schema>, 'authenticator': <authenticator>,'session_parameters': <session_parameters>}`.)
  result = cls.__new__(cls)

[2024-10-07T20:48:47.938+0000] {taskinstance.py:3900} INFO - 3 downstream tasks scheduled from follow-on schedule check
[2024-10-07T20:48:47.948+0000] {local_task_job_runner.py:245} INFO - ::endgroup::
