[2024-10-08T06:54:31.923+0000] {local_task_job_runner.py:123} INFO - ::group::Pre task execution logs
[2024-10-08T06:54:31.943+0000] {taskinstance.py:2612} INFO - Dependencies all met for dep_context=non-requeueable deps ti=<TaskInstance: compl_cssnowflake.science_assessment manual__2024-10-08T06:37:09.103495+00:00 [queued]>
[2024-10-08T06:54:31.954+0000] {taskinstance.py:2612} INFO - Dependencies all met for dep_context=requeueable deps ti=<TaskInstance: compl_cssnowflake.science_assessment manual__2024-10-08T06:37:09.103495+00:00 [queued]>
[2024-10-08T06:54:31.955+0000] {taskinstance.py:2865} INFO - Starting attempt 4 of 4
[2024-10-08T06:54:31.987+0000] {taskinstance.py:2888} INFO - Executing <Task(SnowflakeOperator): science_assessment> on 2024-10-08 06:37:09.103495+00:00
[2024-10-08T06:54:31.996+0000] {warnings.py:112} WARNING - /home/***/.local/lib/python3.12/site-packages/***/task/task_runner/standard_task_runner.py:70: DeprecationWarning: This process (pid=357) is multi-threaded, use of fork() may lead to deadlocks in the child.
  pid = os.fork()

[2024-10-08T06:54:31.999+0000] {standard_task_runner.py:72} INFO - Started process 359 to run task
[2024-10-08T06:54:32.000+0000] {standard_task_runner.py:104} INFO - Running: ['***', 'tasks', 'run', 'compl_cssnowflake', 'science_assessment', 'manual__2024-10-08T06:37:09.103495+00:00', '--job-id', '13', '--raw', '--subdir', 'DAGS_FOLDER/school/ty.py', '--cfg-path', '/tmp/tmpdi4ibkt1']
[2024-10-08T06:54:32.001+0000] {standard_task_runner.py:105} INFO - Job 13: Subtask science_assessment
[2024-10-08T06:54:32.095+0000] {task_command.py:467} INFO - Running <TaskInstance: compl_cssnowflake.science_assessment manual__2024-10-08T06:37:09.103495+00:00 [running]> on host 76e395cea755
[2024-10-08T06:54:32.253+0000] {taskinstance.py:3131} INFO - Exporting env vars: AIRFLOW_CTX_DAG_OWNER='seylow' AIRFLOW_CTX_DAG_ID='compl_cssnowflake' AIRFLOW_CTX_TASK_ID='science_assessment' AIRFLOW_CTX_EXECUTION_DATE='2024-10-08T06:37:09.103495+00:00' AIRFLOW_CTX_TRY_NUMBER='4' AIRFLOW_CTX_DAG_RUN_ID='manual__2024-10-08T06:37:09.103495+00:00'
[2024-10-08T06:54:32.259+0000] {logging_mixin.py:190} INFO - Task instance is in running state
[2024-10-08T06:54:32.260+0000] {logging_mixin.py:190} INFO -  Previous state of the Task instance: queued
[2024-10-08T06:54:32.260+0000] {logging_mixin.py:190} INFO - Current task name:science_assessment state:running start_date:2024-10-08 06:54:31.944753+00:00
[2024-10-08T06:54:32.261+0000] {logging_mixin.py:190} INFO - Dag name:compl_cssnowflake and current dag run status:running
[2024-10-08T06:54:32.262+0000] {taskinstance.py:731} INFO - ::endgroup::
[2024-10-08T06:54:32.262+0000] {sql.py:266} INFO - Executing: 
        CREATE OR REPLACE TEMPORARY TABLE temp_science_class AS
            SELECT * FROM school.data_schema.science_class WHERE 1 = 0;  -- Create an empty table with the same structure as the target

        COPY INTO temp_science_class
        FROM @school.data_schema.student
        PATTERN = 'science_class.csv'
        FILE_FORMAT = csv_format;

        MERGE INTO school.data_schema.science_class AS target
        USING temp_science_class AS source
        ON target.student_id = source.student_id  -- Match based on the unique identifier, like student_id
        WHEN NOT MATCHED THEN
        INSERT (student_id, Maths, English, Civic_education, Economics, Biology,
        Chemistry, Physics, Geography, Agric, Total_Grade_Points, Average_Score)
        VALUES (source.student_id, source.Maths, source.English, source.Civic_education,
        source.Economics, source.Biology, source.Chemistry, source.Physics,
        source.Geography, source.Agric, source.Total_Grade_Points, source.Average_Score);
        drop TABLE temp_science_class;
    
[2024-10-08T06:54:32.281+0000] {base.py:84} INFO - Retrieving connection 'secondary'
[2024-10-08T06:54:32.303+0000] {base.py:84} INFO - Retrieving connection 'secondary'
[2024-10-08T06:54:32.306+0000] {connection.py:413} INFO - Snowflake Connector for Python Version: 3.12.1, Python Version: 3.12.5, Platform: Linux-5.15.153.1-microsoft-standard-WSL2-x86_64-with-glibc2.36
[2024-10-08T06:54:32.308+0000] {connection.py:1196} INFO - Connecting to GLOBAL Snowflake domain
[2024-10-08T06:54:32.309+0000] {connection.py:1277} INFO - This connection is in OCSP Fail Open Mode. TLS Certificates would be checked for validity and revocation status. Any other Certificate Revocation related exceptions or OCSP Responder failures would be disregarded in favor of connectivity.
[2024-10-08T06:54:40.325+0000] {connectionpool.py:824} WARNING - Retrying (Retry(total=0, connect=None, read=None, redirect=None, status=None)) after connection broken by 'NewConnectionError('<snowflake.connector.vendored.urllib3.connection.HTTPSConnection object at 0x7fe596872f60>: Failed to establish a new connection: [Errno -3] Temporary failure in name resolution')': /session/v1/login-request?request_id=09379a7c-cbb8-40a9-ad0d-72a72c3e506a&databaseName=school&schemaName=data_schema&warehouse=compute_wh&roleName=accountadmin&request_guid=f62e78aa-45a8-44f2-801c-ec21408beb0e
[2024-10-08T06:54:48.375+0000] {cursor.py:1156} INFO - Number of results in first chunk: 1
[2024-10-08T06:54:48.377+0000] {sql.py:509} INFO - Running statement: CREATE OR REPLACE TEMPORARY TABLE temp_science_class AS
            SELECT * FROM school.data_schema.science_class WHERE 1 = 0;  -- Create an empty table with the same structure as the target, parameters: None
[2024-10-08T06:54:48.831+0000] {cursor.py:1156} INFO - Number of results in first chunk: 1
[2024-10-08T06:54:48.833+0000] {sql.py:518} INFO - Rows affected: 1
[2024-10-08T06:54:48.836+0000] {snowflake.py:422} INFO - Rows affected: 1
[2024-10-08T06:54:48.838+0000] {snowflake.py:423} INFO - Snowflake query id: 01b78c1e-0001-5ef3-0001-e51200010a76
[2024-10-08T06:54:48.840+0000] {sql.py:509} INFO - Running statement: COPY INTO temp_science_class
        FROM @school.data_schema.student
        PATTERN = 'science_class.csv'
        FILE_FORMAT = csv_format;, parameters: None
[2024-10-08T06:54:50.303+0000] {cursor.py:1156} INFO - Number of results in first chunk: 1
[2024-10-08T06:54:50.305+0000] {sql.py:518} INFO - Rows affected: 1
[2024-10-08T06:54:50.306+0000] {snowflake.py:422} INFO - Rows affected: 1
[2024-10-08T06:54:50.307+0000] {snowflake.py:423} INFO - Snowflake query id: 01b78c1e-0001-613d-0001-e512000110ae
[2024-10-08T06:54:50.308+0000] {sql.py:509} INFO - Running statement: MERGE INTO school.data_schema.science_class AS target
        USING temp_science_class AS source
        ON target.student_id = source.student_id  -- Match based on the unique identifier, like student_id
        WHEN NOT MATCHED THEN
        INSERT (student_id, Maths, English, Civic_education, Economics, Biology,
        Chemistry, Physics, Geography, Agric, Total_Grade_Points, Average_Score)
        VALUES (source.student_id, source.Maths, source.English, source.Civic_education,
        source.Economics, source.Biology, source.Chemistry, source.Physics,
        source.Geography, source.Agric, source.Total_Grade_Points, source.Average_Score);, parameters: None
[2024-10-08T06:54:50.812+0000] {sql.py:518} INFO - Rows affected: 139
[2024-10-08T06:54:50.814+0000] {snowflake.py:422} INFO - Rows affected: 139
[2024-10-08T06:54:50.815+0000] {snowflake.py:423} INFO - Snowflake query id: 01b78c1e-0001-5ef3-0001-e51200010a7a
[2024-10-08T06:54:50.816+0000] {sql.py:509} INFO - Running statement: drop TABLE temp_science_class;, parameters: None
[2024-10-08T06:54:51.200+0000] {cursor.py:1156} INFO - Number of results in first chunk: 1
[2024-10-08T06:54:51.201+0000] {sql.py:518} INFO - Rows affected: 1
[2024-10-08T06:54:51.202+0000] {snowflake.py:422} INFO - Rows affected: 1
[2024-10-08T06:54:51.203+0000] {snowflake.py:423} INFO - Snowflake query id: 01b78c1e-0001-5ef3-0001-e51200010a7e
[2024-10-08T06:54:51.380+0000] {cursor.py:1156} INFO - Number of results in first chunk: 1
[2024-10-08T06:54:51.381+0000] {connection.py:788} INFO - closed
[2024-10-08T06:54:51.561+0000] {connection.py:794} INFO - No async queries seem to be running, deleting session
[2024-10-08T06:54:51.782+0000] {taskinstance.py:340} INFO - ::group::Post task execution logs
[2024-10-08T06:54:51.783+0000] {taskinstance.py:352} INFO - Marking task as SUCCESS. dag_id=compl_cssnowflake, task_id=science_assessment, run_id=manual__2024-10-08T06:37:09.103495+00:00, execution_date=20241008T063709, start_date=20241008T065431, end_date=20241008T065451
[2024-10-08T06:54:51.801+0000] {logging_mixin.py:190} INFO - Task instance in success state
[2024-10-08T06:54:51.802+0000] {logging_mixin.py:190} INFO -  Previous state of the Task instance: running
[2024-10-08T06:54:51.803+0000] {logging_mixin.py:190} INFO - Dag name:compl_cssnowflake queued_at:2024-10-08 06:54:28.492207+00:00
[2024-10-08T06:54:51.804+0000] {logging_mixin.py:190} INFO - Task hostname:76e395cea755 operator:SnowflakeOperator
[2024-10-08T06:54:51.825+0000] {local_task_job_runner.py:266} INFO - Task exited with return code 0
[2024-10-08T06:54:51.848+0000] {taskinstance.py:3900} INFO - 0 downstream tasks scheduled from follow-on schedule check
[2024-10-08T06:54:51.852+0000] {local_task_job_runner.py:245} INFO - ::endgroup::
