[2024-10-08T06:37:39.602+0000] {local_task_job_runner.py:123} INFO - ::group::Pre task execution logs
[2024-10-08T06:37:39.629+0000] {taskinstance.py:2612} INFO - Dependencies all met for dep_context=non-requeueable deps ti=<TaskInstance: compl_cssnowflake.science_assessment manual__2024-10-08T06:37:09.103495+00:00 [queued]>
[2024-10-08T06:37:39.642+0000] {taskinstance.py:2612} INFO - Dependencies all met for dep_context=requeueable deps ti=<TaskInstance: compl_cssnowflake.science_assessment manual__2024-10-08T06:37:09.103495+00:00 [queued]>
[2024-10-08T06:37:39.643+0000] {taskinstance.py:2865} INFO - Starting attempt 1 of 1
[2024-10-08T06:37:39.674+0000] {taskinstance.py:2888} INFO - Executing <Task(SnowflakeOperator): science_assessment> on 2024-10-08 06:37:09.103495+00:00
[2024-10-08T06:37:39.685+0000] {warnings.py:112} WARNING - /home/***/.local/lib/python3.12/site-packages/***/task/task_runner/standard_task_runner.py:70: DeprecationWarning: This process (pid=127) is multi-threaded, use of fork() may lead to deadlocks in the child.
  pid = os.fork()

[2024-10-08T06:37:39.687+0000] {standard_task_runner.py:72} INFO - Started process 129 to run task
[2024-10-08T06:37:39.689+0000] {standard_task_runner.py:104} INFO - Running: ['***', 'tasks', 'run', 'compl_cssnowflake', 'science_assessment', 'manual__2024-10-08T06:37:09.103495+00:00', '--job-id', '7', '--raw', '--subdir', 'DAGS_FOLDER/school/ty.py', '--cfg-path', '/tmp/tmphozboljf']
[2024-10-08T06:37:39.691+0000] {standard_task_runner.py:105} INFO - Job 7: Subtask science_assessment
[2024-10-08T06:37:39.819+0000] {task_command.py:467} INFO - Running <TaskInstance: compl_cssnowflake.science_assessment manual__2024-10-08T06:37:09.103495+00:00 [running]> on host 76e395cea755
[2024-10-08T06:37:40.024+0000] {taskinstance.py:3131} INFO - Exporting env vars: AIRFLOW_CTX_DAG_OWNER='seylow' AIRFLOW_CTX_DAG_ID='compl_cssnowflake' AIRFLOW_CTX_TASK_ID='science_assessment' AIRFLOW_CTX_EXECUTION_DATE='2024-10-08T06:37:09.103495+00:00' AIRFLOW_CTX_TRY_NUMBER='1' AIRFLOW_CTX_DAG_RUN_ID='manual__2024-10-08T06:37:09.103495+00:00'
[2024-10-08T06:37:40.029+0000] {logging_mixin.py:190} INFO - Task instance is in running state
[2024-10-08T06:37:40.032+0000] {logging_mixin.py:190} INFO -  Previous state of the Task instance: queued
[2024-10-08T06:37:40.034+0000] {logging_mixin.py:190} INFO - Current task name:science_assessment state:running start_date:2024-10-08 06:37:39.630147+00:00
[2024-10-08T06:37:40.035+0000] {logging_mixin.py:190} INFO - Dag name:compl_cssnowflake and current dag run status:running
[2024-10-08T06:37:40.036+0000] {taskinstance.py:731} INFO - ::endgroup::
[2024-10-08T06:37:40.038+0000] {sql.py:266} INFO - Executing: 
        CREATE OR REPLACE TEMPORARY TABLE temp_science_class AS
            SELECT * FROM school.data_schema.science_class WHERE 1 = 0;  -- Create an empty table with the same structure as the target

        COPY INTO temp_science_class
        FROM @school.data_schema.student
        PATTERN = 'science_class.csv'
        FILE_FORMAT = csv_format;

        MERGE INTO school.data_schema.science_class AS target
        USING temp_science_class AS source
        ON target.student_id = source.student_id  -- Match based on the unique identifier, like student_id
        WHEN NOT MATCHED THEN
        INSERT (student_id, Maths, English, Civic_education, Economics, Biology,
        Chemistry, Physics, Geography, Agric, Total_Grade_Points, Average_Score)
        VALUES (source.student_id, source.Maths, source.English, source.Civic_education,
        source.Economics, sources.Biology, source.Chemistry, source.Physics,
        source.Geography, source.Agric, source.Total_Grade_Points, source.Average_Score);
        drop TABLE temp_science_class;
    
[2024-10-08T06:37:40.067+0000] {taskinstance.py:3310} ERROR - Task failed with exception
Traceback (most recent call last):
  File "/home/airflow/.local/lib/python3.12/site-packages/airflow/models/taskinstance.py", line 767, in _execute_task
    result = _execute_callable(context=context, **execute_callable_kwargs)
             ^^^^^^^^^^^^^^^^^^^^^^^^^^^^^^^^^^^^^^^^^^^^^^^^^^^^^^^^^^^^^
  File "/home/airflow/.local/lib/python3.12/site-packages/airflow/models/taskinstance.py", line 733, in _execute_callable
    return ExecutionCallableRunner(
           ^^^^^^^^^^^^^^^^^^^^^^^^
  File "/home/airflow/.local/lib/python3.12/site-packages/airflow/utils/operator_helpers.py", line 252, in run
    return self.func(*args, **kwargs)
           ^^^^^^^^^^^^^^^^^^^^^^^^^^
  File "/home/airflow/.local/lib/python3.12/site-packages/airflow/models/baseoperator.py", line 406, in wrapper
    return func(self, *args, **kwargs)
           ^^^^^^^^^^^^^^^^^^^^^^^^^^^
  File "/home/airflow/.local/lib/python3.12/site-packages/airflow/providers/common/sql/operators/sql.py", line 267, in execute
    hook = self.get_db_hook()
           ^^^^^^^^^^^^^^^^^^
  File "/home/airflow/.local/lib/python3.12/site-packages/airflow/providers/common/sql/operators/sql.py", line 178, in get_db_hook
    return self._hook
           ^^^^^^^^^^
  File "/usr/local/lib/python3.12/functools.py", line 993, in __get__
    val = self.func(instance)
          ^^^^^^^^^^^^^^^^^^^
  File "/home/airflow/.local/lib/python3.12/site-packages/airflow/providers/common/sql/operators/sql.py", line 153, in _hook
    conn = BaseHook.get_connection(conn_id)
           ^^^^^^^^^^^^^^^^^^^^^^^^^^^^^^^^
  File "/home/airflow/.local/lib/python3.12/site-packages/airflow/hooks/base.py", line 83, in get_connection
    conn = Connection.get_connection_from_secrets(conn_id)
           ^^^^^^^^^^^^^^^^^^^^^^^^^^^^^^^^^^^^^^^^^^^^^^^
  File "/home/airflow/.local/lib/python3.12/site-packages/airflow/models/connection.py", line 537, in get_connection_from_secrets
    raise AirflowNotFoundException(f"The conn_id `{conn_id}` isn't defined")
airflow.exceptions.AirflowNotFoundException: The conn_id `secondary` isn't defined
[2024-10-08T06:37:40.075+0000] {logging_mixin.py:190} INFO - Task instance in failure state
[2024-10-08T06:37:40.076+0000] {logging_mixin.py:190} INFO - Task start:2024-10-08 06:37:39.630147+00:00 end:2024-10-08 06:37:40.075013+00:00 duration:0.444866
[2024-10-08T06:37:40.077+0000] {logging_mixin.py:190} INFO - Task:<Task(SnowflakeOperator): science_assessment> dag:<DAG: compl_cssnowflake> dagrun:<DagRun compl_cssnowflake @ 2024-10-08 06:37:09.103495+00:00: manual__2024-10-08T06:37:09.103495+00:00, state:running, queued_at: 2024-10-08 06:37:09.144387+00:00. externally triggered: True>
[2024-10-08T06:37:40.078+0000] {logging_mixin.py:190} INFO - Failure caused by The conn_id `secondary` isn't defined
[2024-10-08T06:37:40.079+0000] {taskinstance.py:1225} INFO - Marking task as FAILED. dag_id=compl_cssnowflake, task_id=science_assessment, run_id=manual__2024-10-08T06:37:09.103495+00:00, execution_date=20241008T063709, start_date=20241008T063739, end_date=20241008T063740
[2024-10-08T06:37:40.103+0000] {taskinstance.py:340} INFO - ::group::Post task execution logs
[2024-10-08T06:37:40.104+0000] {standard_task_runner.py:124} ERROR - Failed to execute job 7 for task science_assessment (The conn_id `secondary` isn't defined; 129)
Traceback (most recent call last):
  File "/home/airflow/.local/lib/python3.12/site-packages/airflow/task/task_runner/standard_task_runner.py", line 117, in _start_by_fork
    ret = args.func(args, dag=self.dag)
          ^^^^^^^^^^^^^^^^^^^^^^^^^^^^^
  File "/home/airflow/.local/lib/python3.12/site-packages/airflow/cli/cli_config.py", line 49, in command
    return func(*args, **kwargs)
           ^^^^^^^^^^^^^^^^^^^^^
  File "/home/airflow/.local/lib/python3.12/site-packages/airflow/utils/cli.py", line 115, in wrapper
    return f(*args, **kwargs)
           ^^^^^^^^^^^^^^^^^^
  File "/home/airflow/.local/lib/python3.12/site-packages/airflow/cli/commands/task_command.py", line 483, in task_run
    task_return_code = _run_task_by_selected_method(args, _dag, ti)
                       ^^^^^^^^^^^^^^^^^^^^^^^^^^^^^^^^^^^^^^^^^^^^
  File "/home/airflow/.local/lib/python3.12/site-packages/airflow/cli/commands/task_command.py", line 256, in _run_task_by_selected_method
    return _run_raw_task(args, ti)
           ^^^^^^^^^^^^^^^^^^^^^^^
  File "/home/airflow/.local/lib/python3.12/site-packages/airflow/cli/commands/task_command.py", line 341, in _run_raw_task
    return ti._run_raw_task(
           ^^^^^^^^^^^^^^^^^
  File "/home/airflow/.local/lib/python3.12/site-packages/airflow/utils/session.py", line 97, in wrapper
    return func(*args, session=session, **kwargs)
           ^^^^^^^^^^^^^^^^^^^^^^^^^^^^^^^^^^^^^^
  File "/home/airflow/.local/lib/python3.12/site-packages/airflow/models/taskinstance.py", line 3004, in _run_raw_task
    return _run_raw_task(
           ^^^^^^^^^^^^^^
  File "/home/airflow/.local/lib/python3.12/site-packages/airflow/models/taskinstance.py", line 273, in _run_raw_task
    TaskInstance._execute_task_with_callbacks(
  File "/home/airflow/.local/lib/python3.12/site-packages/airflow/models/taskinstance.py", line 3158, in _execute_task_with_callbacks
    result = self._execute_task(context, task_orig)
             ^^^^^^^^^^^^^^^^^^^^^^^^^^^^^^^^^^^^^^
  File "/home/airflow/.local/lib/python3.12/site-packages/airflow/models/taskinstance.py", line 3182, in _execute_task
    return _execute_task(self, context, task_orig)
           ^^^^^^^^^^^^^^^^^^^^^^^^^^^^^^^^^^^^^^^
  File "/home/airflow/.local/lib/python3.12/site-packages/airflow/models/taskinstance.py", line 767, in _execute_task
    result = _execute_callable(context=context, **execute_callable_kwargs)
             ^^^^^^^^^^^^^^^^^^^^^^^^^^^^^^^^^^^^^^^^^^^^^^^^^^^^^^^^^^^^^
  File "/home/airflow/.local/lib/python3.12/site-packages/airflow/models/taskinstance.py", line 733, in _execute_callable
    return ExecutionCallableRunner(
           ^^^^^^^^^^^^^^^^^^^^^^^^
  File "/home/airflow/.local/lib/python3.12/site-packages/airflow/utils/operator_helpers.py", line 252, in run
    return self.func(*args, **kwargs)
           ^^^^^^^^^^^^^^^^^^^^^^^^^^
  File "/home/airflow/.local/lib/python3.12/site-packages/airflow/models/baseoperator.py", line 406, in wrapper
    return func(self, *args, **kwargs)
           ^^^^^^^^^^^^^^^^^^^^^^^^^^^
  File "/home/airflow/.local/lib/python3.12/site-packages/airflow/providers/common/sql/operators/sql.py", line 267, in execute
    hook = self.get_db_hook()
           ^^^^^^^^^^^^^^^^^^
  File "/home/airflow/.local/lib/python3.12/site-packages/airflow/providers/common/sql/operators/sql.py", line 178, in get_db_hook
    return self._hook
           ^^^^^^^^^^
  File "/usr/local/lib/python3.12/functools.py", line 993, in __get__
    val = self.func(instance)
          ^^^^^^^^^^^^^^^^^^^
  File "/home/airflow/.local/lib/python3.12/site-packages/airflow/providers/common/sql/operators/sql.py", line 153, in _hook
    conn = BaseHook.get_connection(conn_id)
           ^^^^^^^^^^^^^^^^^^^^^^^^^^^^^^^^
  File "/home/airflow/.local/lib/python3.12/site-packages/airflow/hooks/base.py", line 83, in get_connection
    conn = Connection.get_connection_from_secrets(conn_id)
           ^^^^^^^^^^^^^^^^^^^^^^^^^^^^^^^^^^^^^^^^^^^^^^^
  File "/home/airflow/.local/lib/python3.12/site-packages/airflow/models/connection.py", line 537, in get_connection_from_secrets
    raise AirflowNotFoundException(f"The conn_id `{conn_id}` isn't defined")
airflow.exceptions.AirflowNotFoundException: The conn_id `secondary` isn't defined
[2024-10-08T06:37:40.151+0000] {local_task_job_runner.py:266} INFO - Task exited with return code 1
[2024-10-08T06:37:40.176+0000] {taskinstance.py:3900} INFO - 0 downstream tasks scheduled from follow-on schedule check
[2024-10-08T06:37:40.181+0000] {local_task_job_runner.py:245} INFO - ::endgroup::
