[2024-10-19T18:01:49.241+0000] {local_task_job_runner.py:123} INFO - ::group::Pre task execution logs
[2024-10-19T18:01:49.264+0000] {taskinstance.py:2612} INFO - Dependencies all met for dep_context=non-requeueable deps ti=<TaskInstance: wiki_pageviews_dag.creating_postgres_table manual__2024-10-19T17:38:06.186651+00:00 [queued]>
[2024-10-19T18:01:49.276+0000] {taskinstance.py:2612} INFO - Dependencies all met for dep_context=requeueable deps ti=<TaskInstance: wiki_pageviews_dag.creating_postgres_table manual__2024-10-19T17:38:06.186651+00:00 [queued]>
[2024-10-19T18:01:49.277+0000] {taskinstance.py:2865} INFO - Starting attempt 2 of 2
[2024-10-19T18:01:49.317+0000] {taskinstance.py:2888} INFO - Executing <Task(PythonOperator): creating_postgres_table> on 2024-10-19 17:38:06.186651+00:00
[2024-10-19T18:01:49.326+0000] {warnings.py:112} WARNING - /home/***/.local/lib/python3.12/site-packages/***/task/task_runner/standard_task_runner.py:70: DeprecationWarning: This process (pid=2508) is multi-threaded, use of fork() may lead to deadlocks in the child.
  pid = os.fork()

[2024-10-19T18:01:49.329+0000] {standard_task_runner.py:72} INFO - Started process 2510 to run task
[2024-10-19T18:01:49.330+0000] {standard_task_runner.py:104} INFO - Running: ['***', 'tasks', 'run', 'wiki_pageviews_dag', 'creating_postgres_table', 'manual__2024-10-19T17:38:06.186651+00:00', '--job-id', '61', '--raw', '--subdir', 'DAGS_FOLDER/prod.py', '--cfg-path', '/tmp/tmpfyafi1ne']
[2024-10-19T18:01:49.333+0000] {standard_task_runner.py:105} INFO - Job 61: Subtask creating_postgres_table
[2024-10-19T18:01:49.396+0000] {task_command.py:467} INFO - Running <TaskInstance: wiki_pageviews_dag.creating_postgres_table manual__2024-10-19T17:38:06.186651+00:00 [running]> on host 533638d20908
[2024-10-19T18:01:49.523+0000] {taskinstance.py:3131} INFO - Exporting env vars: AIRFLOW_CTX_DAG_OWNER='Adewunmi' AIRFLOW_CTX_DAG_ID='wiki_pageviews_dag' AIRFLOW_CTX_TASK_ID='creating_postgres_table' AIRFLOW_CTX_EXECUTION_DATE='2024-10-19T17:38:06.186651+00:00' AIRFLOW_CTX_TRY_NUMBER='2' AIRFLOW_CTX_DAG_RUN_ID='manual__2024-10-19T17:38:06.186651+00:00'
[2024-10-19T18:01:49.525+0000] {taskinstance.py:731} INFO - ::endgroup::
[2024-10-19T18:01:49.542+0000] {test.py:10} INFO - Connecting to PostgreSQL database.
[2024-10-19T18:01:49.555+0000] {base.py:84} INFO - Retrieving connection 'post_s3'
[2024-10-19T18:01:49.560+0000] {test.py:25} INFO - Creating table if not exists.
[2024-10-19T18:01:49.562+0000] {test.py:28} INFO - Table created successfully.
[2024-10-19T18:01:49.563+0000] {test.py:39} INFO - PostgreSQL connection closed.
[2024-10-19T18:01:49.564+0000] {python.py:240} INFO - Done. Returned value was: None
[2024-10-19T18:01:49.579+0000] {taskinstance.py:340} INFO - ::group::Post task execution logs
[2024-10-19T18:01:49.581+0000] {taskinstance.py:352} INFO - Marking task as SUCCESS. dag_id=wiki_pageviews_dag, task_id=creating_postgres_table, run_id=manual__2024-10-19T17:38:06.186651+00:00, execution_date=20241019T173806, start_date=20241019T180149, end_date=20241019T180149
[2024-10-19T18:01:49.626+0000] {local_task_job_runner.py:266} INFO - Task exited with return code 0
[2024-10-19T18:01:49.667+0000] {taskinstance.py:3900} INFO - 1 downstream tasks scheduled from follow-on schedule check
[2024-10-19T18:01:49.678+0000] {local_task_job_runner.py:245} INFO - ::endgroup::
