[2024-10-19T18:55:37.659+0000] {local_task_job_runner.py:123} INFO - ::group::Pre task execution logs
[2024-10-19T18:55:37.705+0000] {taskinstance.py:2612} INFO - Dependencies all met for dep_context=non-requeueable deps ti=<TaskInstance: wiki_pageviews_dag.creating_postgres_table manual__2024-10-19T18:07:23.965242+00:00 [queued]>
[2024-10-19T18:55:37.746+0000] {taskinstance.py:2612} INFO - Dependencies all met for dep_context=requeueable deps ti=<TaskInstance: wiki_pageviews_dag.creating_postgres_table manual__2024-10-19T18:07:23.965242+00:00 [queued]>
[2024-10-19T18:55:37.757+0000] {taskinstance.py:2865} INFO - Starting attempt 2 of 2
[2024-10-19T18:55:37.848+0000] {taskinstance.py:2888} INFO - Executing <Task(PythonOperator): creating_postgres_table> on 2024-10-19 18:07:23.965242+00:00
[2024-10-19T18:55:37.874+0000] {warnings.py:112} WARNING - /home/***/.local/lib/python3.12/site-packages/***/task/task_runner/standard_task_runner.py:70: DeprecationWarning: This process (pid=2711) is multi-threaded, use of fork() may lead to deadlocks in the child.
  pid = os.fork()

[2024-10-19T18:55:37.879+0000] {standard_task_runner.py:72} INFO - Started process 2713 to run task
[2024-10-19T18:55:37.874+0000] {standard_task_runner.py:104} INFO - Running: ['***', 'tasks', 'run', 'wiki_pageviews_dag', 'creating_postgres_table', 'manual__2024-10-19T18:07:23.965242+00:00', '--job-id', '67', '--raw', '--subdir', 'DAGS_FOLDER/prod.py', '--cfg-path', '/tmp/tmpmvi_4605']
[2024-10-19T18:55:37.890+0000] {standard_task_runner.py:105} INFO - Job 67: Subtask creating_postgres_table
[2024-10-19T18:55:38.072+0000] {task_command.py:467} INFO - Running <TaskInstance: wiki_pageviews_dag.creating_postgres_table manual__2024-10-19T18:07:23.965242+00:00 [running]> on host 533638d20908
[2024-10-19T18:55:38.820+0000] {taskinstance.py:3131} INFO - Exporting env vars: AIRFLOW_CTX_DAG_OWNER='Adewunmi' AIRFLOW_CTX_DAG_ID='wiki_pageviews_dag' AIRFLOW_CTX_TASK_ID='creating_postgres_table' AIRFLOW_CTX_EXECUTION_DATE='2024-10-19T18:07:23.965242+00:00' AIRFLOW_CTX_TRY_NUMBER='2' AIRFLOW_CTX_DAG_RUN_ID='manual__2024-10-19T18:07:23.965242+00:00'
[2024-10-19T18:55:38.823+0000] {taskinstance.py:731} INFO - ::endgroup::
[2024-10-19T18:55:38.897+0000] {base.py:84} INFO - Retrieving connection 'post_s3'
[2024-10-19T18:55:38.911+0000] {python.py:240} INFO - Done. Returned value was: None
[2024-10-19T18:55:38.959+0000] {taskinstance.py:340} INFO - ::group::Post task execution logs
[2024-10-19T18:55:38.961+0000] {taskinstance.py:352} INFO - Marking task as SUCCESS. dag_id=wiki_pageviews_dag, task_id=creating_postgres_table, run_id=manual__2024-10-19T18:07:23.965242+00:00, execution_date=20241019T180723, start_date=20241019T185537, end_date=20241019T185538
[2024-10-19T18:55:39.078+0000] {local_task_job_runner.py:266} INFO - Task exited with return code 0
[2024-10-19T18:55:39.187+0000] {taskinstance.py:3900} INFO - 1 downstream tasks scheduled from follow-on schedule check
[2024-10-19T18:55:39.201+0000] {local_task_job_runner.py:245} INFO - ::endgroup::
