[2024-11-01T23:21:09.948+0000] {processor.py:186} INFO - Started process (PID=66) to work on /opt/airflow/dags/wiki_view/function_csv/database_function.py
[2024-11-01T23:21:09.963+0000] {processor.py:914} INFO - Processing file /opt/airflow/dags/wiki_view/function_csv/database_function.py for tasks to queue
[2024-11-01T23:21:10.008+0000] {logging_mixin.py:190} INFO - [2024-11-01T23:21:10.006+0000] {dagbag.py:587} INFO - Filling up the DagBag from /opt/airflow/dags/wiki_view/function_csv/database_function.py
[2024-11-01T23:21:17.551+0000] {processor.py:927} WARNING - No viable dags retrieved from /opt/airflow/dags/wiki_view/function_csv/database_function.py
[2024-11-01T23:21:17.604+0000] {processor.py:208} INFO - Processing /opt/airflow/dags/wiki_view/function_csv/database_function.py took 7.712 seconds
[2024-11-01T23:21:48.324+0000] {processor.py:186} INFO - Started process (PID=84) to work on /opt/airflow/dags/wiki_view/function_csv/database_function.py
[2024-11-01T23:21:48.325+0000] {processor.py:914} INFO - Processing file /opt/airflow/dags/wiki_view/function_csv/database_function.py for tasks to queue
[2024-11-01T23:21:48.329+0000] {logging_mixin.py:190} INFO - [2024-11-01T23:21:48.329+0000] {dagbag.py:587} INFO - Filling up the DagBag from /opt/airflow/dags/wiki_view/function_csv/database_function.py
[2024-11-01T23:21:48.996+0000] {processor.py:927} WARNING - No viable dags retrieved from /opt/airflow/dags/wiki_view/function_csv/database_function.py
[2024-11-01T23:21:49.022+0000] {processor.py:208} INFO - Processing /opt/airflow/dags/wiki_view/function_csv/database_function.py took 0.711 seconds
[2024-11-01T23:22:19.469+0000] {processor.py:186} INFO - Started process (PID=96) to work on /opt/airflow/dags/wiki_view/function_csv/database_function.py
[2024-11-01T23:22:19.474+0000] {processor.py:914} INFO - Processing file /opt/airflow/dags/wiki_view/function_csv/database_function.py for tasks to queue
[2024-11-01T23:22:19.493+0000] {logging_mixin.py:190} INFO - [2024-11-01T23:22:19.492+0000] {dagbag.py:587} INFO - Filling up the DagBag from /opt/airflow/dags/wiki_view/function_csv/database_function.py
[2024-11-01T23:22:20.100+0000] {processor.py:927} WARNING - No viable dags retrieved from /opt/airflow/dags/wiki_view/function_csv/database_function.py
[2024-11-01T23:22:20.116+0000] {processor.py:208} INFO - Processing /opt/airflow/dags/wiki_view/function_csv/database_function.py took 0.685 seconds
[2024-11-01T23:22:50.839+0000] {processor.py:186} INFO - Started process (PID=109) to work on /opt/airflow/dags/wiki_view/function_csv/database_function.py
[2024-11-01T23:22:50.857+0000] {processor.py:914} INFO - Processing file /opt/airflow/dags/wiki_view/function_csv/database_function.py for tasks to queue
[2024-11-01T23:22:50.883+0000] {logging_mixin.py:190} INFO - [2024-11-01T23:22:50.882+0000] {dagbag.py:587} INFO - Filling up the DagBag from /opt/airflow/dags/wiki_view/function_csv/database_function.py
[2024-11-01T23:22:51.970+0000] {processor.py:927} WARNING - No viable dags retrieved from /opt/airflow/dags/wiki_view/function_csv/database_function.py
[2024-11-01T23:22:51.992+0000] {processor.py:208} INFO - Processing /opt/airflow/dags/wiki_view/function_csv/database_function.py took 1.202 seconds
[2024-11-01T23:23:22.526+0000] {processor.py:186} INFO - Started process (PID=123) to work on /opt/airflow/dags/wiki_view/function_csv/database_function.py
[2024-11-01T23:23:22.529+0000] {processor.py:914} INFO - Processing file /opt/airflow/dags/wiki_view/function_csv/database_function.py for tasks to queue
[2024-11-01T23:23:22.536+0000] {logging_mixin.py:190} INFO - [2024-11-01T23:23:22.535+0000] {dagbag.py:587} INFO - Filling up the DagBag from /opt/airflow/dags/wiki_view/function_csv/database_function.py
[2024-11-01T23:23:23.947+0000] {processor.py:927} WARNING - No viable dags retrieved from /opt/airflow/dags/wiki_view/function_csv/database_function.py
[2024-11-01T23:23:23.987+0000] {processor.py:208} INFO - Processing /opt/airflow/dags/wiki_view/function_csv/database_function.py took 1.487 seconds
[2024-11-01T23:23:54.334+0000] {processor.py:186} INFO - Started process (PID=135) to work on /opt/airflow/dags/wiki_view/function_csv/database_function.py
[2024-11-01T23:23:54.336+0000] {processor.py:914} INFO - Processing file /opt/airflow/dags/wiki_view/function_csv/database_function.py for tasks to queue
[2024-11-01T23:23:54.340+0000] {logging_mixin.py:190} INFO - [2024-11-01T23:23:54.339+0000] {dagbag.py:587} INFO - Filling up the DagBag from /opt/airflow/dags/wiki_view/function_csv/database_function.py
[2024-11-01T23:23:54.967+0000] {processor.py:927} WARNING - No viable dags retrieved from /opt/airflow/dags/wiki_view/function_csv/database_function.py
[2024-11-01T23:23:54.994+0000] {processor.py:208} INFO - Processing /opt/airflow/dags/wiki_view/function_csv/database_function.py took 0.670 seconds
[2024-11-01T23:24:25.543+0000] {processor.py:186} INFO - Started process (PID=146) to work on /opt/airflow/dags/wiki_view/function_csv/database_function.py
[2024-11-01T23:24:25.545+0000] {processor.py:914} INFO - Processing file /opt/airflow/dags/wiki_view/function_csv/database_function.py for tasks to queue
[2024-11-01T23:24:25.549+0000] {logging_mixin.py:190} INFO - [2024-11-01T23:24:25.548+0000] {dagbag.py:587} INFO - Filling up the DagBag from /opt/airflow/dags/wiki_view/function_csv/database_function.py
[2024-11-01T23:24:26.150+0000] {processor.py:927} WARNING - No viable dags retrieved from /opt/airflow/dags/wiki_view/function_csv/database_function.py
[2024-11-01T23:24:26.170+0000] {processor.py:208} INFO - Processing /opt/airflow/dags/wiki_view/function_csv/database_function.py took 0.646 seconds
[2024-11-01T23:24:56.570+0000] {processor.py:186} INFO - Started process (PID=158) to work on /opt/airflow/dags/wiki_view/function_csv/database_function.py
[2024-11-01T23:24:56.572+0000] {processor.py:914} INFO - Processing file /opt/airflow/dags/wiki_view/function_csv/database_function.py for tasks to queue
[2024-11-01T23:24:56.578+0000] {logging_mixin.py:190} INFO - [2024-11-01T23:24:56.577+0000] {dagbag.py:587} INFO - Filling up the DagBag from /opt/airflow/dags/wiki_view/function_csv/database_function.py
[2024-11-01T23:24:57.289+0000] {processor.py:927} WARNING - No viable dags retrieved from /opt/airflow/dags/wiki_view/function_csv/database_function.py
[2024-11-01T23:24:57.313+0000] {processor.py:208} INFO - Processing /opt/airflow/dags/wiki_view/function_csv/database_function.py took 0.758 seconds
[2024-11-01T23:25:27.676+0000] {processor.py:186} INFO - Started process (PID=170) to work on /opt/airflow/dags/wiki_view/function_csv/database_function.py
[2024-11-01T23:25:27.680+0000] {processor.py:914} INFO - Processing file /opt/airflow/dags/wiki_view/function_csv/database_function.py for tasks to queue
[2024-11-01T23:25:27.685+0000] {logging_mixin.py:190} INFO - [2024-11-01T23:25:27.685+0000] {dagbag.py:587} INFO - Filling up the DagBag from /opt/airflow/dags/wiki_view/function_csv/database_function.py
[2024-11-01T23:25:28.379+0000] {processor.py:927} WARNING - No viable dags retrieved from /opt/airflow/dags/wiki_view/function_csv/database_function.py
[2024-11-01T23:25:28.401+0000] {processor.py:208} INFO - Processing /opt/airflow/dags/wiki_view/function_csv/database_function.py took 0.741 seconds
[2024-11-01T23:25:59.312+0000] {processor.py:186} INFO - Started process (PID=183) to work on /opt/airflow/dags/wiki_view/function_csv/database_function.py
[2024-11-01T23:25:59.315+0000] {processor.py:914} INFO - Processing file /opt/airflow/dags/wiki_view/function_csv/database_function.py for tasks to queue
[2024-11-01T23:25:59.328+0000] {logging_mixin.py:190} INFO - [2024-11-01T23:25:59.328+0000] {dagbag.py:587} INFO - Filling up the DagBag from /opt/airflow/dags/wiki_view/function_csv/database_function.py
[2024-11-01T23:26:00.061+0000] {processor.py:927} WARNING - No viable dags retrieved from /opt/airflow/dags/wiki_view/function_csv/database_function.py
[2024-11-01T23:26:00.114+0000] {processor.py:208} INFO - Processing /opt/airflow/dags/wiki_view/function_csv/database_function.py took 0.822 seconds
[2024-11-01T23:26:31.203+0000] {processor.py:186} INFO - Started process (PID=202) to work on /opt/airflow/dags/wiki_view/function_csv/database_function.py
[2024-11-01T23:26:31.207+0000] {processor.py:914} INFO - Processing file /opt/airflow/dags/wiki_view/function_csv/database_function.py for tasks to queue
[2024-11-01T23:26:31.213+0000] {logging_mixin.py:190} INFO - [2024-11-01T23:26:31.212+0000] {dagbag.py:587} INFO - Filling up the DagBag from /opt/airflow/dags/wiki_view/function_csv/database_function.py
[2024-11-01T23:26:31.865+0000] {processor.py:927} WARNING - No viable dags retrieved from /opt/airflow/dags/wiki_view/function_csv/database_function.py
[2024-11-01T23:26:31.884+0000] {processor.py:208} INFO - Processing /opt/airflow/dags/wiki_view/function_csv/database_function.py took 0.693 seconds
[2024-11-01T23:27:02.616+0000] {processor.py:186} INFO - Started process (PID=220) to work on /opt/airflow/dags/wiki_view/function_csv/database_function.py
[2024-11-01T23:27:02.618+0000] {processor.py:914} INFO - Processing file /opt/airflow/dags/wiki_view/function_csv/database_function.py for tasks to queue
[2024-11-01T23:27:02.622+0000] {logging_mixin.py:190} INFO - [2024-11-01T23:27:02.622+0000] {dagbag.py:587} INFO - Filling up the DagBag from /opt/airflow/dags/wiki_view/function_csv/database_function.py
[2024-11-01T23:27:03.340+0000] {processor.py:927} WARNING - No viable dags retrieved from /opt/airflow/dags/wiki_view/function_csv/database_function.py
[2024-11-01T23:27:03.364+0000] {processor.py:208} INFO - Processing /opt/airflow/dags/wiki_view/function_csv/database_function.py took 0.762 seconds
[2024-11-01T23:27:34.294+0000] {processor.py:186} INFO - Started process (PID=235) to work on /opt/airflow/dags/wiki_view/function_csv/database_function.py
[2024-11-01T23:27:34.295+0000] {processor.py:914} INFO - Processing file /opt/airflow/dags/wiki_view/function_csv/database_function.py for tasks to queue
[2024-11-01T23:27:34.299+0000] {logging_mixin.py:190} INFO - [2024-11-01T23:27:34.298+0000] {dagbag.py:587} INFO - Filling up the DagBag from /opt/airflow/dags/wiki_view/function_csv/database_function.py
[2024-11-01T23:27:34.804+0000] {processor.py:927} WARNING - No viable dags retrieved from /opt/airflow/dags/wiki_view/function_csv/database_function.py
[2024-11-01T23:27:34.824+0000] {processor.py:208} INFO - Processing /opt/airflow/dags/wiki_view/function_csv/database_function.py took 0.539 seconds
[2024-11-01T23:28:05.459+0000] {processor.py:186} INFO - Started process (PID=249) to work on /opt/airflow/dags/wiki_view/function_csv/database_function.py
[2024-11-01T23:28:05.461+0000] {processor.py:914} INFO - Processing file /opt/airflow/dags/wiki_view/function_csv/database_function.py for tasks to queue
[2024-11-01T23:28:05.465+0000] {logging_mixin.py:190} INFO - [2024-11-01T23:28:05.464+0000] {dagbag.py:587} INFO - Filling up the DagBag from /opt/airflow/dags/wiki_view/function_csv/database_function.py
[2024-11-01T23:28:06.170+0000] {processor.py:927} WARNING - No viable dags retrieved from /opt/airflow/dags/wiki_view/function_csv/database_function.py
[2024-11-01T23:28:06.193+0000] {processor.py:208} INFO - Processing /opt/airflow/dags/wiki_view/function_csv/database_function.py took 0.746 seconds
[2024-11-01T23:28:36.762+0000] {processor.py:186} INFO - Started process (PID=261) to work on /opt/airflow/dags/wiki_view/function_csv/database_function.py
[2024-11-01T23:28:36.764+0000] {processor.py:914} INFO - Processing file /opt/airflow/dags/wiki_view/function_csv/database_function.py for tasks to queue
[2024-11-01T23:28:36.770+0000] {logging_mixin.py:190} INFO - [2024-11-01T23:28:36.769+0000] {dagbag.py:587} INFO - Filling up the DagBag from /opt/airflow/dags/wiki_view/function_csv/database_function.py
[2024-11-01T23:28:37.788+0000] {processor.py:927} WARNING - No viable dags retrieved from /opt/airflow/dags/wiki_view/function_csv/database_function.py
[2024-11-01T23:28:37.835+0000] {processor.py:208} INFO - Processing /opt/airflow/dags/wiki_view/function_csv/database_function.py took 1.086 seconds
[2024-11-01T23:29:08.278+0000] {processor.py:186} INFO - Started process (PID=274) to work on /opt/airflow/dags/wiki_view/function_csv/database_function.py
[2024-11-01T23:29:08.280+0000] {processor.py:914} INFO - Processing file /opt/airflow/dags/wiki_view/function_csv/database_function.py for tasks to queue
[2024-11-01T23:29:08.284+0000] {logging_mixin.py:190} INFO - [2024-11-01T23:29:08.284+0000] {dagbag.py:587} INFO - Filling up the DagBag from /opt/airflow/dags/wiki_view/function_csv/database_function.py
[2024-11-01T23:29:08.809+0000] {processor.py:927} WARNING - No viable dags retrieved from /opt/airflow/dags/wiki_view/function_csv/database_function.py
[2024-11-01T23:29:08.829+0000] {processor.py:208} INFO - Processing /opt/airflow/dags/wiki_view/function_csv/database_function.py took 0.560 seconds
[2024-11-01T23:29:39.669+0000] {processor.py:186} INFO - Started process (PID=287) to work on /opt/airflow/dags/wiki_view/function_csv/database_function.py
[2024-11-01T23:29:39.672+0000] {processor.py:914} INFO - Processing file /opt/airflow/dags/wiki_view/function_csv/database_function.py for tasks to queue
[2024-11-01T23:29:39.721+0000] {logging_mixin.py:190} INFO - [2024-11-01T23:29:39.720+0000] {dagbag.py:587} INFO - Filling up the DagBag from /opt/airflow/dags/wiki_view/function_csv/database_function.py
[2024-11-01T23:29:42.671+0000] {processor.py:927} WARNING - No viable dags retrieved from /opt/airflow/dags/wiki_view/function_csv/database_function.py
[2024-11-01T23:29:42.859+0000] {processor.py:208} INFO - Processing /opt/airflow/dags/wiki_view/function_csv/database_function.py took 3.213 seconds
[2024-11-01T23:30:14.305+0000] {processor.py:186} INFO - Started process (PID=299) to work on /opt/airflow/dags/wiki_view/function_csv/database_function.py
[2024-11-01T23:30:14.308+0000] {processor.py:914} INFO - Processing file /opt/airflow/dags/wiki_view/function_csv/database_function.py for tasks to queue
[2024-11-01T23:30:14.319+0000] {logging_mixin.py:190} INFO - [2024-11-01T23:30:14.318+0000] {dagbag.py:587} INFO - Filling up the DagBag from /opt/airflow/dags/wiki_view/function_csv/database_function.py
[2024-11-01T23:30:14.836+0000] {processor.py:927} WARNING - No viable dags retrieved from /opt/airflow/dags/wiki_view/function_csv/database_function.py
[2024-11-01T23:30:14.855+0000] {processor.py:208} INFO - Processing /opt/airflow/dags/wiki_view/function_csv/database_function.py took 0.584 seconds
[2024-11-01T23:30:45.121+0000] {processor.py:186} INFO - Started process (PID=311) to work on /opt/airflow/dags/wiki_view/function_csv/database_function.py
[2024-11-01T23:30:45.122+0000] {processor.py:914} INFO - Processing file /opt/airflow/dags/wiki_view/function_csv/database_function.py for tasks to queue
[2024-11-01T23:30:45.129+0000] {logging_mixin.py:190} INFO - [2024-11-01T23:30:45.128+0000] {dagbag.py:587} INFO - Filling up the DagBag from /opt/airflow/dags/wiki_view/function_csv/database_function.py
[2024-11-01T23:30:45.774+0000] {processor.py:927} WARNING - No viable dags retrieved from /opt/airflow/dags/wiki_view/function_csv/database_function.py
[2024-11-01T23:30:45.797+0000] {processor.py:208} INFO - Processing /opt/airflow/dags/wiki_view/function_csv/database_function.py took 0.695 seconds
[2024-11-01T23:31:16.211+0000] {processor.py:186} INFO - Started process (PID=323) to work on /opt/airflow/dags/wiki_view/function_csv/database_function.py
[2024-11-01T23:31:16.214+0000] {processor.py:914} INFO - Processing file /opt/airflow/dags/wiki_view/function_csv/database_function.py for tasks to queue
[2024-11-01T23:31:16.219+0000] {logging_mixin.py:190} INFO - [2024-11-01T23:31:16.219+0000] {dagbag.py:587} INFO - Filling up the DagBag from /opt/airflow/dags/wiki_view/function_csv/database_function.py
[2024-11-01T23:31:17.135+0000] {processor.py:927} WARNING - No viable dags retrieved from /opt/airflow/dags/wiki_view/function_csv/database_function.py
[2024-11-01T23:31:17.152+0000] {processor.py:208} INFO - Processing /opt/airflow/dags/wiki_view/function_csv/database_function.py took 0.962 seconds
[2024-11-01T23:31:47.454+0000] {processor.py:186} INFO - Started process (PID=335) to work on /opt/airflow/dags/wiki_view/function_csv/database_function.py
[2024-11-01T23:31:47.456+0000] {processor.py:914} INFO - Processing file /opt/airflow/dags/wiki_view/function_csv/database_function.py for tasks to queue
[2024-11-01T23:31:47.462+0000] {logging_mixin.py:190} INFO - [2024-11-01T23:31:47.462+0000] {dagbag.py:587} INFO - Filling up the DagBag from /opt/airflow/dags/wiki_view/function_csv/database_function.py
[2024-11-01T23:31:48.085+0000] {processor.py:927} WARNING - No viable dags retrieved from /opt/airflow/dags/wiki_view/function_csv/database_function.py
[2024-11-01T23:31:48.107+0000] {processor.py:208} INFO - Processing /opt/airflow/dags/wiki_view/function_csv/database_function.py took 0.668 seconds
[2024-11-01T23:32:18.801+0000] {processor.py:186} INFO - Started process (PID=348) to work on /opt/airflow/dags/wiki_view/function_csv/database_function.py
[2024-11-01T23:32:18.804+0000] {processor.py:914} INFO - Processing file /opt/airflow/dags/wiki_view/function_csv/database_function.py for tasks to queue
[2024-11-01T23:32:18.811+0000] {logging_mixin.py:190} INFO - [2024-11-01T23:32:18.810+0000] {dagbag.py:587} INFO - Filling up the DagBag from /opt/airflow/dags/wiki_view/function_csv/database_function.py
[2024-11-01T23:32:19.398+0000] {processor.py:927} WARNING - No viable dags retrieved from /opt/airflow/dags/wiki_view/function_csv/database_function.py
[2024-11-01T23:32:19.418+0000] {processor.py:208} INFO - Processing /opt/airflow/dags/wiki_view/function_csv/database_function.py took 0.658 seconds
[2024-11-01T23:32:49.937+0000] {processor.py:186} INFO - Started process (PID=362) to work on /opt/airflow/dags/wiki_view/function_csv/database_function.py
[2024-11-01T23:32:49.939+0000] {processor.py:914} INFO - Processing file /opt/airflow/dags/wiki_view/function_csv/database_function.py for tasks to queue
[2024-11-01T23:32:49.943+0000] {logging_mixin.py:190} INFO - [2024-11-01T23:32:49.943+0000] {dagbag.py:587} INFO - Filling up the DagBag from /opt/airflow/dags/wiki_view/function_csv/database_function.py
[2024-11-01T23:32:50.637+0000] {processor.py:927} WARNING - No viable dags retrieved from /opt/airflow/dags/wiki_view/function_csv/database_function.py
[2024-11-01T23:32:50.675+0000] {processor.py:208} INFO - Processing /opt/airflow/dags/wiki_view/function_csv/database_function.py took 0.756 seconds
[2024-11-01T23:33:21.511+0000] {processor.py:186} INFO - Started process (PID=387) to work on /opt/airflow/dags/wiki_view/function_csv/database_function.py
[2024-11-01T23:33:21.580+0000] {processor.py:914} INFO - Processing file /opt/airflow/dags/wiki_view/function_csv/database_function.py for tasks to queue
[2024-11-01T23:33:21.622+0000] {logging_mixin.py:190} INFO - [2024-11-01T23:33:21.621+0000] {dagbag.py:587} INFO - Filling up the DagBag from /opt/airflow/dags/wiki_view/function_csv/database_function.py
[2024-11-01T23:33:22.938+0000] {processor.py:927} WARNING - No viable dags retrieved from /opt/airflow/dags/wiki_view/function_csv/database_function.py
[2024-11-01T23:33:22.957+0000] {processor.py:208} INFO - Processing /opt/airflow/dags/wiki_view/function_csv/database_function.py took 1.484 seconds
[2024-11-01T23:33:53.321+0000] {processor.py:186} INFO - Started process (PID=400) to work on /opt/airflow/dags/wiki_view/function_csv/database_function.py
[2024-11-01T23:33:53.323+0000] {processor.py:914} INFO - Processing file /opt/airflow/dags/wiki_view/function_csv/database_function.py for tasks to queue
[2024-11-01T23:33:53.327+0000] {logging_mixin.py:190} INFO - [2024-11-01T23:33:53.326+0000] {dagbag.py:587} INFO - Filling up the DagBag from /opt/airflow/dags/wiki_view/function_csv/database_function.py
[2024-11-01T23:33:53.958+0000] {processor.py:927} WARNING - No viable dags retrieved from /opt/airflow/dags/wiki_view/function_csv/database_function.py
[2024-11-01T23:33:53.978+0000] {processor.py:208} INFO - Processing /opt/airflow/dags/wiki_view/function_csv/database_function.py took 0.670 seconds
[2024-11-01T23:34:24.313+0000] {processor.py:186} INFO - Started process (PID=412) to work on /opt/airflow/dags/wiki_view/function_csv/database_function.py
[2024-11-01T23:34:24.314+0000] {processor.py:914} INFO - Processing file /opt/airflow/dags/wiki_view/function_csv/database_function.py for tasks to queue
[2024-11-01T23:34:24.319+0000] {logging_mixin.py:190} INFO - [2024-11-01T23:34:24.318+0000] {dagbag.py:587} INFO - Filling up the DagBag from /opt/airflow/dags/wiki_view/function_csv/database_function.py
[2024-11-01T23:34:25.365+0000] {processor.py:927} WARNING - No viable dags retrieved from /opt/airflow/dags/wiki_view/function_csv/database_function.py
[2024-11-01T23:34:25.390+0000] {processor.py:208} INFO - Processing /opt/airflow/dags/wiki_view/function_csv/database_function.py took 1.091 seconds
[2024-11-01T23:34:56.030+0000] {processor.py:186} INFO - Started process (PID=424) to work on /opt/airflow/dags/wiki_view/function_csv/database_function.py
[2024-11-01T23:34:56.032+0000] {processor.py:914} INFO - Processing file /opt/airflow/dags/wiki_view/function_csv/database_function.py for tasks to queue
[2024-11-01T23:34:56.037+0000] {logging_mixin.py:190} INFO - [2024-11-01T23:34:56.036+0000] {dagbag.py:587} INFO - Filling up the DagBag from /opt/airflow/dags/wiki_view/function_csv/database_function.py
[2024-11-01T23:34:56.637+0000] {processor.py:927} WARNING - No viable dags retrieved from /opt/airflow/dags/wiki_view/function_csv/database_function.py
[2024-11-01T23:34:56.658+0000] {processor.py:208} INFO - Processing /opt/airflow/dags/wiki_view/function_csv/database_function.py took 0.643 seconds
[2024-11-01T23:35:26.854+0000] {processor.py:186} INFO - Started process (PID=435) to work on /opt/airflow/dags/wiki_view/function_csv/database_function.py
[2024-11-01T23:35:26.857+0000] {processor.py:914} INFO - Processing file /opt/airflow/dags/wiki_view/function_csv/database_function.py for tasks to queue
[2024-11-01T23:35:26.864+0000] {logging_mixin.py:190} INFO - [2024-11-01T23:35:26.863+0000] {dagbag.py:587} INFO - Filling up the DagBag from /opt/airflow/dags/wiki_view/function_csv/database_function.py
[2024-11-01T23:35:27.538+0000] {processor.py:927} WARNING - No viable dags retrieved from /opt/airflow/dags/wiki_view/function_csv/database_function.py
[2024-11-01T23:35:27.558+0000] {processor.py:208} INFO - Processing /opt/airflow/dags/wiki_view/function_csv/database_function.py took 0.728 seconds
[2024-11-01T23:35:58.010+0000] {processor.py:186} INFO - Started process (PID=448) to work on /opt/airflow/dags/wiki_view/function_csv/database_function.py
[2024-11-01T23:35:58.011+0000] {processor.py:914} INFO - Processing file /opt/airflow/dags/wiki_view/function_csv/database_function.py for tasks to queue
[2024-11-01T23:35:58.016+0000] {logging_mixin.py:190} INFO - [2024-11-01T23:35:58.016+0000] {dagbag.py:587} INFO - Filling up the DagBag from /opt/airflow/dags/wiki_view/function_csv/database_function.py
[2024-11-01T23:35:58.679+0000] {processor.py:927} WARNING - No viable dags retrieved from /opt/airflow/dags/wiki_view/function_csv/database_function.py
[2024-11-01T23:35:58.695+0000] {processor.py:208} INFO - Processing /opt/airflow/dags/wiki_view/function_csv/database_function.py took 0.698 seconds
[2024-11-01T23:36:29.657+0000] {processor.py:186} INFO - Started process (PID=460) to work on /opt/airflow/dags/wiki_view/function_csv/database_function.py
[2024-11-01T23:36:29.660+0000] {processor.py:914} INFO - Processing file /opt/airflow/dags/wiki_view/function_csv/database_function.py for tasks to queue
[2024-11-01T23:36:29.666+0000] {logging_mixin.py:190} INFO - [2024-11-01T23:36:29.665+0000] {dagbag.py:587} INFO - Filling up the DagBag from /opt/airflow/dags/wiki_view/function_csv/database_function.py
[2024-11-01T23:36:30.637+0000] {processor.py:927} WARNING - No viable dags retrieved from /opt/airflow/dags/wiki_view/function_csv/database_function.py
[2024-11-01T23:36:30.670+0000] {processor.py:208} INFO - Processing /opt/airflow/dags/wiki_view/function_csv/database_function.py took 1.035 seconds
[2024-11-01T23:37:00.907+0000] {processor.py:186} INFO - Started process (PID=470) to work on /opt/airflow/dags/wiki_view/function_csv/database_function.py
[2024-11-01T23:37:00.910+0000] {processor.py:914} INFO - Processing file /opt/airflow/dags/wiki_view/function_csv/database_function.py for tasks to queue
[2024-11-01T23:37:00.917+0000] {logging_mixin.py:190} INFO - [2024-11-01T23:37:00.916+0000] {dagbag.py:587} INFO - Filling up the DagBag from /opt/airflow/dags/wiki_view/function_csv/database_function.py
[2024-11-01T23:37:01.599+0000] {processor.py:927} WARNING - No viable dags retrieved from /opt/airflow/dags/wiki_view/function_csv/database_function.py
[2024-11-01T23:37:01.621+0000] {processor.py:208} INFO - Processing /opt/airflow/dags/wiki_view/function_csv/database_function.py took 0.736 seconds
[2024-11-01T23:37:32.379+0000] {processor.py:186} INFO - Started process (PID=482) to work on /opt/airflow/dags/wiki_view/function_csv/database_function.py
[2024-11-01T23:37:32.380+0000] {processor.py:914} INFO - Processing file /opt/airflow/dags/wiki_view/function_csv/database_function.py for tasks to queue
[2024-11-01T23:37:32.384+0000] {logging_mixin.py:190} INFO - [2024-11-01T23:37:32.384+0000] {dagbag.py:587} INFO - Filling up the DagBag from /opt/airflow/dags/wiki_view/function_csv/database_function.py
[2024-11-01T23:37:33.257+0000] {processor.py:927} WARNING - No viable dags retrieved from /opt/airflow/dags/wiki_view/function_csv/database_function.py
[2024-11-01T23:37:33.299+0000] {processor.py:208} INFO - Processing /opt/airflow/dags/wiki_view/function_csv/database_function.py took 0.932 seconds
[2024-11-01T23:38:03.661+0000] {processor.py:186} INFO - Started process (PID=495) to work on /opt/airflow/dags/wiki_view/function_csv/database_function.py
[2024-11-01T23:38:03.672+0000] {processor.py:914} INFO - Processing file /opt/airflow/dags/wiki_view/function_csv/database_function.py for tasks to queue
[2024-11-01T23:38:03.688+0000] {logging_mixin.py:190} INFO - [2024-11-01T23:38:03.678+0000] {dagbag.py:587} INFO - Filling up the DagBag from /opt/airflow/dags/wiki_view/function_csv/database_function.py
[2024-11-01T23:38:05.104+0000] {processor.py:927} WARNING - No viable dags retrieved from /opt/airflow/dags/wiki_view/function_csv/database_function.py
[2024-11-01T23:38:05.152+0000] {processor.py:208} INFO - Processing /opt/airflow/dags/wiki_view/function_csv/database_function.py took 1.518 seconds
[2024-11-01T23:38:35.498+0000] {processor.py:186} INFO - Started process (PID=507) to work on /opt/airflow/dags/wiki_view/function_csv/database_function.py
[2024-11-01T23:38:35.499+0000] {processor.py:914} INFO - Processing file /opt/airflow/dags/wiki_view/function_csv/database_function.py for tasks to queue
[2024-11-01T23:38:35.504+0000] {logging_mixin.py:190} INFO - [2024-11-01T23:38:35.503+0000] {dagbag.py:587} INFO - Filling up the DagBag from /opt/airflow/dags/wiki_view/function_csv/database_function.py
[2024-11-01T23:38:36.091+0000] {processor.py:927} WARNING - No viable dags retrieved from /opt/airflow/dags/wiki_view/function_csv/database_function.py
[2024-11-01T23:38:36.108+0000] {processor.py:208} INFO - Processing /opt/airflow/dags/wiki_view/function_csv/database_function.py took 0.625 seconds
[2024-11-01T23:39:06.400+0000] {processor.py:186} INFO - Started process (PID=519) to work on /opt/airflow/dags/wiki_view/function_csv/database_function.py
[2024-11-01T23:39:06.402+0000] {processor.py:914} INFO - Processing file /opt/airflow/dags/wiki_view/function_csv/database_function.py for tasks to queue
[2024-11-01T23:39:06.408+0000] {logging_mixin.py:190} INFO - [2024-11-01T23:39:06.407+0000] {dagbag.py:587} INFO - Filling up the DagBag from /opt/airflow/dags/wiki_view/function_csv/database_function.py
[2024-11-01T23:39:07.009+0000] {processor.py:927} WARNING - No viable dags retrieved from /opt/airflow/dags/wiki_view/function_csv/database_function.py
[2024-11-01T23:39:07.029+0000] {processor.py:208} INFO - Processing /opt/airflow/dags/wiki_view/function_csv/database_function.py took 0.641 seconds
[2024-11-01T23:39:37.331+0000] {processor.py:186} INFO - Started process (PID=531) to work on /opt/airflow/dags/wiki_view/function_csv/database_function.py
[2024-11-01T23:39:37.333+0000] {processor.py:914} INFO - Processing file /opt/airflow/dags/wiki_view/function_csv/database_function.py for tasks to queue
[2024-11-01T23:39:37.338+0000] {logging_mixin.py:190} INFO - [2024-11-01T23:39:37.337+0000] {dagbag.py:587} INFO - Filling up the DagBag from /opt/airflow/dags/wiki_view/function_csv/database_function.py
[2024-11-01T23:39:37.897+0000] {processor.py:927} WARNING - No viable dags retrieved from /opt/airflow/dags/wiki_view/function_csv/database_function.py
[2024-11-01T23:39:37.916+0000] {processor.py:208} INFO - Processing /opt/airflow/dags/wiki_view/function_csv/database_function.py took 0.596 seconds
[2024-11-01T23:40:08.711+0000] {processor.py:186} INFO - Started process (PID=542) to work on /opt/airflow/dags/wiki_view/function_csv/database_function.py
[2024-11-01T23:40:08.715+0000] {processor.py:914} INFO - Processing file /opt/airflow/dags/wiki_view/function_csv/database_function.py for tasks to queue
[2024-11-01T23:40:08.720+0000] {logging_mixin.py:190} INFO - [2024-11-01T23:40:08.720+0000] {dagbag.py:587} INFO - Filling up the DagBag from /opt/airflow/dags/wiki_view/function_csv/database_function.py
[2024-11-01T23:40:09.496+0000] {processor.py:927} WARNING - No viable dags retrieved from /opt/airflow/dags/wiki_view/function_csv/database_function.py
[2024-11-01T23:40:09.525+0000] {processor.py:208} INFO - Processing /opt/airflow/dags/wiki_view/function_csv/database_function.py took 0.831 seconds
[2024-11-01T23:40:40.354+0000] {processor.py:186} INFO - Started process (PID=554) to work on /opt/airflow/dags/wiki_view/function_csv/database_function.py
[2024-11-01T23:40:40.355+0000] {processor.py:914} INFO - Processing file /opt/airflow/dags/wiki_view/function_csv/database_function.py for tasks to queue
[2024-11-01T23:40:40.362+0000] {logging_mixin.py:190} INFO - [2024-11-01T23:40:40.361+0000] {dagbag.py:587} INFO - Filling up the DagBag from /opt/airflow/dags/wiki_view/function_csv/database_function.py
[2024-11-01T23:40:41.040+0000] {processor.py:927} WARNING - No viable dags retrieved from /opt/airflow/dags/wiki_view/function_csv/database_function.py
[2024-11-01T23:40:41.082+0000] {processor.py:208} INFO - Processing /opt/airflow/dags/wiki_view/function_csv/database_function.py took 0.747 seconds
[2024-11-01T23:41:11.422+0000] {processor.py:186} INFO - Started process (PID=567) to work on /opt/airflow/dags/wiki_view/function_csv/database_function.py
[2024-11-01T23:41:11.423+0000] {processor.py:914} INFO - Processing file /opt/airflow/dags/wiki_view/function_csv/database_function.py for tasks to queue
[2024-11-01T23:41:11.426+0000] {logging_mixin.py:190} INFO - [2024-11-01T23:41:11.426+0000] {dagbag.py:587} INFO - Filling up the DagBag from /opt/airflow/dags/wiki_view/function_csv/database_function.py
[2024-11-01T23:41:12.060+0000] {processor.py:927} WARNING - No viable dags retrieved from /opt/airflow/dags/wiki_view/function_csv/database_function.py
[2024-11-01T23:41:12.077+0000] {processor.py:208} INFO - Processing /opt/airflow/dags/wiki_view/function_csv/database_function.py took 0.665 seconds
[2024-11-01T23:41:42.708+0000] {processor.py:186} INFO - Started process (PID=579) to work on /opt/airflow/dags/wiki_view/function_csv/database_function.py
[2024-11-01T23:41:42.710+0000] {processor.py:914} INFO - Processing file /opt/airflow/dags/wiki_view/function_csv/database_function.py for tasks to queue
[2024-11-01T23:41:42.714+0000] {logging_mixin.py:190} INFO - [2024-11-01T23:41:42.714+0000] {dagbag.py:587} INFO - Filling up the DagBag from /opt/airflow/dags/wiki_view/function_csv/database_function.py
[2024-11-01T23:41:43.379+0000] {processor.py:927} WARNING - No viable dags retrieved from /opt/airflow/dags/wiki_view/function_csv/database_function.py
[2024-11-01T23:41:43.399+0000] {processor.py:208} INFO - Processing /opt/airflow/dags/wiki_view/function_csv/database_function.py took 0.706 seconds
