[2024-10-08T07:52:02.566+0000] {local_task_job_runner.py:123} INFO - ::group::Pre task execution logs
[2024-10-08T07:52:02.627+0000] {taskinstance.py:2612} INFO - Dependencies all met for dep_context=non-requeueable deps ti=<TaskInstance: student_result.load_csv scheduled__2024-10-07T00:00:00+00:00 [queued]>
[2024-10-08T07:52:02.648+0000] {taskinstance.py:2612} INFO - Dependencies all met for dep_context=requeueable deps ti=<TaskInstance: student_result.load_csv scheduled__2024-10-07T00:00:00+00:00 [queued]>
[2024-10-08T07:52:02.654+0000] {taskinstance.py:2865} INFO - Starting attempt 1 of 1
[2024-10-08T07:52:02.703+0000] {taskinstance.py:2888} INFO - Executing <Task(PythonOperator): load_csv> on 2024-10-07 00:00:00+00:00
[2024-10-08T07:52:02.721+0000] {warnings.py:112} WARNING - /home/***/.local/lib/python3.12/site-packages/***/task/task_runner/standard_task_runner.py:70: DeprecationWarning: This process (pid=1081) is multi-threaded, use of fork() may lead to deadlocks in the child.
  pid = os.fork()

[2024-10-08T07:52:02.723+0000] {standard_task_runner.py:72} INFO - Started process 1086 to run task
[2024-10-08T07:52:02.728+0000] {standard_task_runner.py:104} INFO - Running: ['***', 'tasks', 'run', 'student_result', 'load_csv', 'scheduled__2024-10-07T00:00:00+00:00', '--job-id', '21', '--raw', '--subdir', 'DAGS_FOLDER/school/student.py', '--cfg-path', '/tmp/tmpucf7z92u']
[2024-10-08T07:52:02.730+0000] {standard_task_runner.py:105} INFO - Job 21: Subtask load_csv
[2024-10-08T07:52:02.939+0000] {task_command.py:467} INFO - Running <TaskInstance: student_result.load_csv scheduled__2024-10-07T00:00:00+00:00 [running]> on host 76e395cea755
[2024-10-08T07:52:03.069+0000] {taskinstance.py:3131} INFO - Exporting env vars: AIRFLOW_CTX_DAG_OWNER='student' AIRFLOW_CTX_DAG_ID='student_result' AIRFLOW_CTX_TASK_ID='load_csv' AIRFLOW_CTX_EXECUTION_DATE='2024-10-07T00:00:00+00:00' AIRFLOW_CTX_TRY_NUMBER='1' AIRFLOW_CTX_DAG_RUN_ID='scheduled__2024-10-07T00:00:00+00:00'
[2024-10-08T07:52:03.071+0000] {logging_mixin.py:190} INFO - Task instance is in running state
[2024-10-08T07:52:03.071+0000] {logging_mixin.py:190} INFO -  Previous state of the Task instance: queued
[2024-10-08T07:52:03.072+0000] {logging_mixin.py:190} INFO - Current task name:load_csv state:running start_date:2024-10-08 07:52:02.629304+00:00
[2024-10-08T07:52:03.073+0000] {logging_mixin.py:190} INFO - Dag name:student_result and current dag run status:running
[2024-10-08T07:52:03.074+0000] {taskinstance.py:731} INFO - ::endgroup::
[2024-10-08T07:52:03.177+0000] {python.py:240} INFO - Done. Returned value was: None
[2024-10-08T07:52:03.192+0000] {taskinstance.py:340} INFO - ::group::Post task execution logs
[2024-10-08T07:52:03.193+0000] {taskinstance.py:352} INFO - Marking task as SUCCESS. dag_id=student_result, task_id=load_csv, run_id=scheduled__2024-10-07T00:00:00+00:00, execution_date=20241007T000000, start_date=20241008T075202, end_date=20241008T075203
[2024-10-08T07:52:03.216+0000] {logging_mixin.py:190} INFO - Task instance in success state
[2024-10-08T07:52:03.218+0000] {logging_mixin.py:190} INFO -  Previous state of the Task instance: running
[2024-10-08T07:52:03.219+0000] {logging_mixin.py:190} INFO - Dag name:student_result queued_at:2024-10-08 07:51:54.906266+00:00
[2024-10-08T07:52:03.219+0000] {logging_mixin.py:190} INFO - Task hostname:76e395cea755 operator:PythonOperator
[2024-10-08T07:52:03.273+0000] {local_task_job_runner.py:266} INFO - Task exited with return code 0
[2024-10-08T07:52:03.290+0000] {warnings.py:112} WARNING - /home/***/.local/lib/python3.12/site-packages/***/models/baseoperator.py:1378: AirflowProviderDeprecationWarning: Call to deprecated class SnowflakeOperator. (This class is deprecated. Please use `***.providers.common.sql.operators.sql.SQLExecuteQueryOperator`. Also, you can provide `hook_params={'warehouse': <warehouse>, 'database': <database>, 'role': <role>, 'schema': <schema>, 'authenticator': <authenticator>,'session_parameters': <session_parameters>}`.)
  result = cls.__new__(cls)

[2024-10-08T07:52:03.338+0000] {taskinstance.py:3900} INFO - 1 downstream tasks scheduled from follow-on schedule check
[2024-10-08T07:52:03.359+0000] {local_task_job_runner.py:245} INFO - ::endgroup::
