[2024-10-13T23:45:26.566+0000] {local_task_job_runner.py:123} INFO - ::group::Pre task execution logs
[2024-10-13T23:45:26.604+0000] {taskinstance.py:2612} INFO - Dependencies all met for dep_context=non-requeueable deps ti=<TaskInstance: adewunmi.execute_python_command manual__2024-10-13T23:45:11+00:00 [queued]>
[2024-10-13T23:45:26.618+0000] {taskinstance.py:2612} INFO - Dependencies all met for dep_context=requeueable deps ti=<TaskInstance: adewunmi.execute_python_command manual__2024-10-13T23:45:11+00:00 [queued]>
[2024-10-13T23:45:26.619+0000] {taskinstance.py:2865} INFO - Starting attempt 1 of 2
[2024-10-13T23:45:26.670+0000] {taskinstance.py:2888} INFO - Executing <Task(PythonOperator): execute_python_command> on 2024-10-13 23:45:11+00:00
[2024-10-13T23:45:26.684+0000] {warnings.py:112} WARNING - /home/***/.local/lib/python3.12/site-packages/***/task/task_runner/standard_task_runner.py:70: DeprecationWarning: This process (pid=80) is multi-threaded, use of fork() may lead to deadlocks in the child.
  pid = os.fork()

[2024-10-13T23:45:26.694+0000] {standard_task_runner.py:72} INFO - Started process 81 to run task
[2024-10-13T23:45:26.695+0000] {standard_task_runner.py:104} INFO - Running: ['***', 'tasks', 'run', 'adewunmi', 'execute_python_command', 'manual__2024-10-13T23:45:11+00:00', '--job-id', '18', '--raw', '--subdir', 'DAGS_FOLDER/email.py', '--cfg-path', '/tmp/tmpq40lop3z']
[2024-10-13T23:45:26.701+0000] {standard_task_runner.py:105} INFO - Job 18: Subtask execute_python_command
[2024-10-13T23:45:26.815+0000] {task_command.py:467} INFO - Running <TaskInstance: adewunmi.execute_python_command manual__2024-10-13T23:45:11+00:00 [running]> on host 1b4cad12ae67
[2024-10-13T23:45:26.994+0000] {taskinstance.py:3131} INFO - Exporting env vars: AIRFLOW_CTX_DAG_OWNER='adewunmi' AIRFLOW_CTX_DAG_ID='adewunmi' AIRFLOW_CTX_TASK_ID='execute_python_command' AIRFLOW_CTX_EXECUTION_DATE='2024-10-13T23:45:11+00:00' AIRFLOW_CTX_TRY_NUMBER='1' AIRFLOW_CTX_DAG_RUN_ID='manual__2024-10-13T23:45:11+00:00'
[2024-10-13T23:45:26.997+0000] {taskinstance.py:731} INFO - ::endgroup::
[2024-10-13T23:45:27.022+0000] {logging_mixin.py:190} INFO - How are you?!
[2024-10-13T23:45:27.023+0000] {python.py:240} INFO - Done. Returned value was: None
[2024-10-13T23:45:27.040+0000] {taskinstance.py:340} INFO - ::group::Post task execution logs
[2024-10-13T23:45:27.041+0000] {taskinstance.py:352} INFO - Marking task as SUCCESS. dag_id=adewunmi, task_id=execute_python_command, run_id=manual__2024-10-13T23:45:11+00:00, execution_date=20241013T234511, start_date=20241013T234526, end_date=20241013T234527
[2024-10-13T23:45:27.042+0000] {taskinstance.py:1563} INFO - Executing callback at index 0: task_success_alert
[2024-10-13T23:45:27.043+0000] {logging_mixin.py:190} INFO - {'conf': <***.configuration.AirflowConfigParser object at 0x7f63670a4bf0>, 'dag': <DAG: adewunmi>, 'dag_run': <DagRun adewunmi @ 2024-10-13 23:45:11+00:00: manual__2024-10-13T23:45:11+00:00, state:running, queued_at: 2024-10-13 23:45:23.788361+00:00. externally triggered: True>, 'data_interval_end': DateTime(2024, 10, 13, 23, 45, 11, tzinfo=Timezone('UTC')), 'data_interval_start': DateTime(2024, 10, 13, 23, 45, 11, tzinfo=Timezone('UTC')), 'outlet_events': <***.utils.context.OutletEventAccessors object at 0x7f6355183e30>, 'ds': '2024-10-13', 'ds_nodash': '20241013', 'execution_date': DateTime(2024, 10, 13, 23, 45, 11, tzinfo=Timezone('UTC')), 'expanded_ti_count': None, 'inlets': [], 'inlet_events': InletEventsAccessors(_inlets=[], _datasets={}, _dataset_aliases={}, _session=<sqlalchemy.orm.session.Session object at 0x7f63670e96a0>), 'logical_date': DateTime(2024, 10, 13, 23, 45, 11, tzinfo=Timezone('UTC')), 'macros': <module '***.macros' from '/home/***/.local/lib/python3.12/site-packages/***/macros/__init__.py'>, 'map_index_template': None, 'next_ds': '2024-10-13', 'next_ds_nodash': '20241013', 'next_execution_date': DateTime(2024, 10, 13, 23, 45, 11, tzinfo=Timezone('UTC')), 'outlets': [], 'params': {'environment': 'local dev', 'dag_owner': 'adewunmi'}, 'prev_data_interval_start_success': DateTime(2024, 10, 13, 23, 24, 20, tzinfo=Timezone('UTC')), 'prev_data_interval_end_success': DateTime(2024, 10, 13, 23, 24, 20, tzinfo=Timezone('UTC')), 'prev_ds': '2024-10-13', 'prev_ds_nodash': '20241013', 'prev_execution_date': DateTime(2024, 10, 13, 23, 45, 11, tzinfo=Timezone('UTC')), 'prev_execution_date_success': DateTime(2024, 10, 13, 23, 24, 20, tzinfo=Timezone('UTC')), 'prev_start_date_success': DateTime(2024, 10, 13, 23, 24, 29, 974320, tzinfo=Timezone('UTC')), 'prev_end_date_success': DateTime(2024, 10, 13, 23, 24, 43, 387126, tzinfo=Timezone('UTC')), 'run_id': 'manual__2024-10-13T23:45:11+00:00', 'task': <Task(PythonOperator): execute_python_command>, 'task_instance': <TaskInstance: adewunmi.execute_python_command manual__2024-10-13T23:45:11+00:00 [success]>, 'task_instance_key_str': 'adewunmi__execute_python_command__20241013', 'test_mode': False, 'ti': <TaskInstance: adewunmi.execute_python_command manual__2024-10-13T23:45:11+00:00 [success]>, 'tomorrow_ds': '2024-10-14', 'tomorrow_ds_nodash': '20241014', 'triggering_dataset_events': <Proxy at 0x7f63551c5700 with factory <function _get_template_context.<locals>.get_triggering_events at 0x7f635536b560>>, 'ts': '2024-10-13T23:45:11+00:00', 'ts_nodash': '20241013T234511', 'ts_nodash_with_tz': '20241013T234511+0000', 'var': {'json': None, 'value': None}, 'conn': None, 'yesterday_ds': '2024-10-12', 'yesterday_ds_nodash': '20241012', 'templates_dict': None}
[2024-10-13T23:45:30.743+0000] {logging_mixin.py:190} INFO - Email Sent Successfully
[2024-10-13T23:45:30.946+0000] {local_task_job_runner.py:266} INFO - Task exited with return code 0
[2024-10-13T23:45:30.959+0000] {local_task_job_runner.py:245} INFO - ::endgroup::
