[2024-11-02T13:33:49.092+0000] {local_task_job_runner.py:123} INFO - ::group::Pre task execution logs
[2024-11-02T13:33:49.118+0000] {taskinstance.py:2612} INFO - Dependencies all met for dep_context=non-requeueable deps ti=<TaskInstance: tem.bash_task manual__2024-11-02T13:33:46.920704+00:00 [queued]>
[2024-11-02T13:33:49.132+0000] {taskinstance.py:2612} INFO - Dependencies all met for dep_context=requeueable deps ti=<TaskInstance: tem.bash_task manual__2024-11-02T13:33:46.920704+00:00 [queued]>
[2024-11-02T13:33:49.133+0000] {taskinstance.py:2865} INFO - Starting attempt 1 of 3
[2024-11-02T13:33:49.165+0000] {taskinstance.py:2888} INFO - Executing <Task(BashOperator): bash_task> on 2024-11-02 13:33:46.920704+00:00
[2024-11-02T13:33:49.173+0000] {warnings.py:112} WARNING - /home/***/.local/lib/python3.12/site-packages/***/task/task_runner/standard_task_runner.py:70: DeprecationWarning: This process (pid=516) is multi-threaded, use of fork() may lead to deadlocks in the child.
  pid = os.fork()

[2024-11-02T13:33:49.175+0000] {standard_task_runner.py:72} INFO - Started process 517 to run task
[2024-11-02T13:33:49.176+0000] {standard_task_runner.py:104} INFO - Running: ['***', 'tasks', 'run', 'tem', 'bash_task', 'manual__2024-11-02T13:33:46.920704+00:00', '--job-id', '25', '--raw', '--subdir', 'DAGS_FOLDER/templatin/template.py', '--cfg-path', '/tmp/tmpx49h3531']
[2024-11-02T13:33:49.177+0000] {standard_task_runner.py:105} INFO - Job 25: Subtask bash_task
[2024-11-02T13:33:49.253+0000] {task_command.py:467} INFO - Running <TaskInstance: tem.bash_task manual__2024-11-02T13:33:46.920704+00:00 [running]> on host fe3e688f2b29
[2024-11-02T13:33:49.394+0000] {taskinstance.py:3131} INFO - Exporting env vars: AIRFLOW_CTX_DAG_OWNER='ade' AIRFLOW_CTX_DAG_ID='tem' AIRFLOW_CTX_TASK_ID='bash_task' AIRFLOW_CTX_EXECUTION_DATE='2024-11-02T13:33:46.920704+00:00' AIRFLOW_CTX_TRY_NUMBER='1' AIRFLOW_CTX_DAG_RUN_ID='manual__2024-11-02T13:33:46.920704+00:00'
[2024-11-02T13:33:49.395+0000] {taskinstance.py:731} INFO - ::endgroup::
[2024-11-02T13:33:49.420+0000] {subprocess.py:63} INFO - Tmp dir root location: /tmp
[2024-11-02T13:33:49.421+0000] {subprocess.py:75} INFO - Running command: ['/usr/bin/bash', '-c', 'echo "2024"']
[2024-11-02T13:33:49.433+0000] {subprocess.py:86} INFO - Output:
[2024-11-02T13:33:49.435+0000] {subprocess.py:93} INFO - 2024
[2024-11-02T13:33:49.436+0000] {subprocess.py:97} INFO - Command exited with return code 0
[2024-11-02T13:33:49.476+0000] {taskinstance.py:340} INFO - ::group::Post task execution logs
[2024-11-02T13:33:49.477+0000] {taskinstance.py:352} INFO - Marking task as SUCCESS. dag_id=tem, task_id=bash_task, run_id=manual__2024-11-02T13:33:46.920704+00:00, execution_date=20241102T133346, start_date=20241102T133349, end_date=20241102T133349
[2024-11-02T13:33:49.552+0000] {local_task_job_runner.py:266} INFO - Task exited with return code 0
[2024-11-02T13:33:49.593+0000] {taskinstance.py:3900} INFO - 1 downstream tasks scheduled from follow-on schedule check
[2024-11-02T13:33:49.597+0000] {local_task_job_runner.py:245} INFO - ::endgroup::
