[2024-10-08T06:37:28.107+0000] {local_task_job_runner.py:123} INFO - ::group::Pre task execution logs
[2024-10-08T06:37:28.136+0000] {taskinstance.py:2612} INFO - Dependencies all met for dep_context=non-requeueable deps ti=<TaskInstance: compl_cssnowflake.load_to_s3 manual__2024-10-08T06:37:09.103495+00:00 [queued]>
[2024-10-08T06:37:28.155+0000] {taskinstance.py:2612} INFO - Dependencies all met for dep_context=requeueable deps ti=<TaskInstance: compl_cssnowflake.load_to_s3 manual__2024-10-08T06:37:09.103495+00:00 [queued]>
[2024-10-08T06:37:28.156+0000] {taskinstance.py:2865} INFO - Starting attempt 1 of 1
[2024-10-08T06:37:28.191+0000] {taskinstance.py:2888} INFO - Executing <Task(PythonOperator): load_to_s3> on 2024-10-08 06:37:09.103495+00:00
[2024-10-08T06:37:28.203+0000] {warnings.py:112} WARNING - /home/***/.local/lib/python3.12/site-packages/***/task/task_runner/standard_task_runner.py:70: DeprecationWarning: This process (pid=95) is multi-threaded, use of fork() may lead to deadlocks in the child.
  pid = os.fork()

[2024-10-08T06:37:28.206+0000] {standard_task_runner.py:72} INFO - Started process 100 to run task
[2024-10-08T06:37:28.208+0000] {standard_task_runner.py:104} INFO - Running: ['***', 'tasks', 'run', 'compl_cssnowflake', 'load_to_s3', 'manual__2024-10-08T06:37:09.103495+00:00', '--job-id', '6', '--raw', '--subdir', 'DAGS_FOLDER/school/ty.py', '--cfg-path', '/tmp/tmps16zj3gc']
[2024-10-08T06:37:28.210+0000] {standard_task_runner.py:105} INFO - Job 6: Subtask load_to_s3
[2024-10-08T06:37:28.297+0000] {task_command.py:467} INFO - Running <TaskInstance: compl_cssnowflake.load_to_s3 manual__2024-10-08T06:37:09.103495+00:00 [running]> on host 76e395cea755
[2024-10-08T06:37:28.452+0000] {taskinstance.py:3131} INFO - Exporting env vars: AIRFLOW_CTX_DAG_OWNER='seylow' AIRFLOW_CTX_DAG_ID='compl_cssnowflake' AIRFLOW_CTX_TASK_ID='load_to_s3' AIRFLOW_CTX_EXECUTION_DATE='2024-10-08T06:37:09.103495+00:00' AIRFLOW_CTX_TRY_NUMBER='1' AIRFLOW_CTX_DAG_RUN_ID='manual__2024-10-08T06:37:09.103495+00:00'
[2024-10-08T06:37:28.454+0000] {logging_mixin.py:190} INFO - Task instance is in running state
[2024-10-08T06:37:28.455+0000] {logging_mixin.py:190} INFO -  Previous state of the Task instance: queued
[2024-10-08T06:37:28.457+0000] {logging_mixin.py:190} INFO - Current task name:load_to_s3 state:running start_date:2024-10-08 06:37:28.137177+00:00
[2024-10-08T06:37:28.458+0000] {logging_mixin.py:190} INFO - Dag name:compl_cssnowflake and current dag run status:running
[2024-10-08T06:37:28.459+0000] {taskinstance.py:731} INFO - ::endgroup::
[2024-10-08T06:37:28.521+0000] {base_aws.py:606} WARNING - Unable to find AWS Connection ID 'simple_store', switching to empty.
[2024-10-08T06:37:28.522+0000] {base_aws.py:180} INFO - No connection ID provided. Fallback on boto3 credential strategy (region_name=None). See: https://boto3.amazonaws.com/v1/documentation/api/latest/guide/configuration.html
[2024-10-08T06:37:33.608+0000] {ty.py:68} ERROR - Error uploading arts_class.csv to S3: Unable to locate credentials
[2024-10-08T06:37:33.661+0000] {ty.py:68} ERROR - Error uploading business_class.csv to S3: Unable to locate credentials
[2024-10-08T06:37:33.710+0000] {ty.py:68} ERROR - Error uploading science_class.csv to S3: Unable to locate credentials
[2024-10-08T06:37:33.811+0000] {ty.py:68} ERROR - Error uploading survey.csv to S3: Unable to locate credentials
[2024-10-08T06:37:33.813+0000] {python.py:240} INFO - Done. Returned value was: None
[2024-10-08T06:37:33.865+0000] {taskinstance.py:340} INFO - ::group::Post task execution logs
[2024-10-08T06:37:33.866+0000] {taskinstance.py:352} INFO - Marking task as SUCCESS. dag_id=compl_cssnowflake, task_id=load_to_s3, run_id=manual__2024-10-08T06:37:09.103495+00:00, execution_date=20241008T063709, start_date=20241008T063728, end_date=20241008T063733
[2024-10-08T06:37:33.954+0000] {logging_mixin.py:190} INFO - Task instance in success state
[2024-10-08T06:37:33.961+0000] {logging_mixin.py:190} INFO -  Previous state of the Task instance: running
[2024-10-08T06:37:33.962+0000] {logging_mixin.py:190} INFO - Dag name:compl_cssnowflake queued_at:2024-10-08 06:37:09.144387+00:00
[2024-10-08T06:37:33.963+0000] {logging_mixin.py:190} INFO - Task hostname:76e395cea755 operator:PythonOperator
[2024-10-08T06:37:34.086+0000] {local_task_job_runner.py:266} INFO - Task exited with return code 0
[2024-10-08T06:37:34.113+0000] {warnings.py:112} WARNING - /home/***/.local/lib/python3.12/site-packages/***/models/baseoperator.py:1378: AirflowProviderDeprecationWarning: Call to deprecated class SnowflakeOperator. (This class is deprecated. Please use `***.providers.common.sql.operators.sql.SQLExecuteQueryOperator`. Also, you can provide `hook_params={'warehouse': <warehouse>, 'database': <database>, 'role': <role>, 'schema': <schema>, 'authenticator': <authenticator>,'session_parameters': <session_parameters>}`.)
  result = cls.__new__(cls)

[2024-10-08T06:37:34.164+0000] {taskinstance.py:3900} INFO - 1 downstream tasks scheduled from follow-on schedule check
[2024-10-08T06:37:34.173+0000] {local_task_job_runner.py:245} INFO - ::endgroup::
