[2024-11-02T00:00:24.263+0000] {processor.py:186} INFO - Started process (PID=820) to work on /opt/airflow/dags/random_api/random_api.py
[2024-11-02T00:00:24.265+0000] {processor.py:914} INFO - Processing file /opt/airflow/dags/random_api/random_api.py for tasks to queue
[2024-11-02T00:00:24.274+0000] {logging_mixin.py:190} INFO - [2024-11-02T00:00:24.273+0000] {dagbag.py:587} INFO - Filling up the DagBag from /opt/airflow/dags/random_api/random_api.py
[2024-11-02T00:00:26.474+0000] {processor.py:925} INFO - DAG(s) 'rand_request' retrieved from /opt/airflow/dags/random_api/random_api.py
[2024-11-02T00:00:26.642+0000] {logging_mixin.py:190} INFO - [2024-11-02T00:00:26.640+0000] {dag.py:3229} INFO - Sync 1 DAGs
[2024-11-02T00:00:26.849+0000] {logging_mixin.py:190} INFO - [2024-11-02T00:00:26.848+0000] {dag.py:4156} INFO - Setting next_dagrun for rand_request to 2024-11-01 22:05:00+00:00, run_after=2024-11-01 23:05:00+00:00
[2024-11-02T00:00:27.043+0000] {processor.py:208} INFO - Processing /opt/airflow/dags/random_api/random_api.py took 2.796 seconds
[2024-11-02T13:04:40.186+0000] {processor.py:186} INFO - Started process (PID=62) to work on /opt/airflow/dags/random_api/random_api.py
[2024-11-02T13:04:40.188+0000] {processor.py:914} INFO - Processing file /opt/airflow/dags/random_api/random_api.py for tasks to queue
[2024-11-02T13:04:40.191+0000] {logging_mixin.py:190} INFO - [2024-11-02T13:04:40.191+0000] {dagbag.py:587} INFO - Filling up the DagBag from /opt/airflow/dags/random_api/random_api.py
[2024-11-02T13:04:41.523+0000] {processor.py:925} INFO - DAG(s) 'rand_request' retrieved from /opt/airflow/dags/random_api/random_api.py
[2024-11-02T13:04:41.593+0000] {logging_mixin.py:190} INFO - [2024-11-02T13:04:41.592+0000] {dag.py:3229} INFO - Sync 1 DAGs
[2024-11-02T13:04:41.636+0000] {logging_mixin.py:190} INFO - [2024-11-02T13:04:41.636+0000] {dag.py:4156} INFO - Setting next_dagrun for rand_request to 2024-11-02 11:05:00+00:00, run_after=2024-11-02 12:05:00+00:00
[2024-11-02T13:04:41.666+0000] {processor.py:208} INFO - Processing /opt/airflow/dags/random_api/random_api.py took 1.492 seconds
[2024-11-02T13:05:11.901+0000] {processor.py:186} INFO - Started process (PID=71) to work on /opt/airflow/dags/random_api/random_api.py
[2024-11-02T13:05:11.905+0000] {processor.py:914} INFO - Processing file /opt/airflow/dags/random_api/random_api.py for tasks to queue
[2024-11-02T13:05:11.910+0000] {logging_mixin.py:190} INFO - [2024-11-02T13:05:11.909+0000] {dagbag.py:587} INFO - Filling up the DagBag from /opt/airflow/dags/random_api/random_api.py
[2024-11-02T13:05:12.516+0000] {processor.py:925} INFO - DAG(s) 'rand_request' retrieved from /opt/airflow/dags/random_api/random_api.py
[2024-11-02T13:05:12.561+0000] {logging_mixin.py:190} INFO - [2024-11-02T13:05:12.560+0000] {dag.py:3229} INFO - Sync 1 DAGs
[2024-11-02T13:05:12.606+0000] {logging_mixin.py:190} INFO - [2024-11-02T13:05:12.606+0000] {dag.py:4156} INFO - Setting next_dagrun for rand_request to 2024-11-02 12:05:00+00:00, run_after=2024-11-02 13:05:00+00:00
[2024-11-02T13:05:12.645+0000] {processor.py:208} INFO - Processing /opt/airflow/dags/random_api/random_api.py took 0.756 seconds
[2024-11-02T13:05:43.253+0000] {processor.py:186} INFO - Started process (PID=80) to work on /opt/airflow/dags/random_api/random_api.py
[2024-11-02T13:05:43.254+0000] {processor.py:914} INFO - Processing file /opt/airflow/dags/random_api/random_api.py for tasks to queue
[2024-11-02T13:05:43.258+0000] {logging_mixin.py:190} INFO - [2024-11-02T13:05:43.257+0000] {dagbag.py:587} INFO - Filling up the DagBag from /opt/airflow/dags/random_api/random_api.py
[2024-11-02T13:05:43.681+0000] {processor.py:925} INFO - DAG(s) 'rand_request' retrieved from /opt/airflow/dags/random_api/random_api.py
[2024-11-02T13:05:43.711+0000] {logging_mixin.py:190} INFO - [2024-11-02T13:05:43.708+0000] {dag.py:3229} INFO - Sync 1 DAGs
[2024-11-02T13:05:43.741+0000] {logging_mixin.py:190} INFO - [2024-11-02T13:05:43.741+0000] {dag.py:4156} INFO - Setting next_dagrun for rand_request to 2024-11-02 12:05:00+00:00, run_after=2024-11-02 13:05:00+00:00
[2024-11-02T13:05:43.773+0000] {processor.py:208} INFO - Processing /opt/airflow/dags/random_api/random_api.py took 0.527 seconds
[2024-11-02T13:06:14.699+0000] {processor.py:186} INFO - Started process (PID=89) to work on /opt/airflow/dags/random_api/random_api.py
[2024-11-02T13:06:14.702+0000] {processor.py:914} INFO - Processing file /opt/airflow/dags/random_api/random_api.py for tasks to queue
[2024-11-02T13:06:14.707+0000] {logging_mixin.py:190} INFO - [2024-11-02T13:06:14.706+0000] {dagbag.py:587} INFO - Filling up the DagBag from /opt/airflow/dags/random_api/random_api.py
[2024-11-02T13:06:15.373+0000] {processor.py:925} INFO - DAG(s) 'rand_request' retrieved from /opt/airflow/dags/random_api/random_api.py
[2024-11-02T13:06:15.404+0000] {logging_mixin.py:190} INFO - [2024-11-02T13:06:15.403+0000] {dag.py:3229} INFO - Sync 1 DAGs
[2024-11-02T13:06:15.435+0000] {logging_mixin.py:190} INFO - [2024-11-02T13:06:15.435+0000] {dag.py:4156} INFO - Setting next_dagrun for rand_request to 2024-11-02 12:05:00+00:00, run_after=2024-11-02 13:05:00+00:00
[2024-11-02T13:06:15.465+0000] {processor.py:208} INFO - Processing /opt/airflow/dags/random_api/random_api.py took 0.778 seconds
[2024-11-02T13:06:46.281+0000] {processor.py:186} INFO - Started process (PID=98) to work on /opt/airflow/dags/random_api/random_api.py
[2024-11-02T13:06:46.282+0000] {processor.py:914} INFO - Processing file /opt/airflow/dags/random_api/random_api.py for tasks to queue
[2024-11-02T13:06:46.286+0000] {logging_mixin.py:190} INFO - [2024-11-02T13:06:46.285+0000] {dagbag.py:587} INFO - Filling up the DagBag from /opt/airflow/dags/random_api/random_api.py
[2024-11-02T13:06:46.727+0000] {processor.py:925} INFO - DAG(s) 'rand_request' retrieved from /opt/airflow/dags/random_api/random_api.py
[2024-11-02T13:06:46.755+0000] {logging_mixin.py:190} INFO - [2024-11-02T13:06:46.754+0000] {dag.py:3229} INFO - Sync 1 DAGs
[2024-11-02T13:06:46.784+0000] {logging_mixin.py:190} INFO - [2024-11-02T13:06:46.784+0000] {dag.py:4156} INFO - Setting next_dagrun for rand_request to 2024-11-02 12:05:00+00:00, run_after=2024-11-02 13:05:00+00:00
[2024-11-02T13:06:46.822+0000] {processor.py:208} INFO - Processing /opt/airflow/dags/random_api/random_api.py took 0.553 seconds
[2024-11-02T13:07:16.945+0000] {processor.py:186} INFO - Started process (PID=107) to work on /opt/airflow/dags/random_api/random_api.py
[2024-11-02T13:07:16.946+0000] {processor.py:914} INFO - Processing file /opt/airflow/dags/random_api/random_api.py for tasks to queue
[2024-11-02T13:07:16.949+0000] {logging_mixin.py:190} INFO - [2024-11-02T13:07:16.949+0000] {dagbag.py:587} INFO - Filling up the DagBag from /opt/airflow/dags/random_api/random_api.py
[2024-11-02T13:07:17.403+0000] {processor.py:925} INFO - DAG(s) 'rand_request' retrieved from /opt/airflow/dags/random_api/random_api.py
[2024-11-02T13:07:17.444+0000] {logging_mixin.py:190} INFO - [2024-11-02T13:07:17.443+0000] {dag.py:3229} INFO - Sync 1 DAGs
[2024-11-02T13:07:17.476+0000] {logging_mixin.py:190} INFO - [2024-11-02T13:07:17.476+0000] {dag.py:4156} INFO - Setting next_dagrun for rand_request to 2024-11-02 12:05:00+00:00, run_after=2024-11-02 13:05:00+00:00
[2024-11-02T13:07:17.504+0000] {processor.py:208} INFO - Processing /opt/airflow/dags/random_api/random_api.py took 0.567 seconds
[2024-11-02T13:07:48.142+0000] {processor.py:186} INFO - Started process (PID=117) to work on /opt/airflow/dags/random_api/random_api.py
[2024-11-02T13:07:48.143+0000] {processor.py:914} INFO - Processing file /opt/airflow/dags/random_api/random_api.py for tasks to queue
[2024-11-02T13:07:48.146+0000] {logging_mixin.py:190} INFO - [2024-11-02T13:07:48.146+0000] {dagbag.py:587} INFO - Filling up the DagBag from /opt/airflow/dags/random_api/random_api.py
[2024-11-02T13:07:48.653+0000] {processor.py:925} INFO - DAG(s) 'rand_request' retrieved from /opt/airflow/dags/random_api/random_api.py
[2024-11-02T13:07:48.690+0000] {logging_mixin.py:190} INFO - [2024-11-02T13:07:48.685+0000] {dag.py:3229} INFO - Sync 1 DAGs
[2024-11-02T13:07:48.719+0000] {logging_mixin.py:190} INFO - [2024-11-02T13:07:48.719+0000] {dag.py:4156} INFO - Setting next_dagrun for rand_request to 2024-11-02 12:05:00+00:00, run_after=2024-11-02 13:05:00+00:00
[2024-11-02T13:07:48.780+0000] {processor.py:208} INFO - Processing /opt/airflow/dags/random_api/random_api.py took 0.647 seconds
[2024-11-02T13:08:19.385+0000] {processor.py:186} INFO - Started process (PID=126) to work on /opt/airflow/dags/random_api/random_api.py
[2024-11-02T13:08:19.387+0000] {processor.py:914} INFO - Processing file /opt/airflow/dags/random_api/random_api.py for tasks to queue
[2024-11-02T13:08:19.391+0000] {logging_mixin.py:190} INFO - [2024-11-02T13:08:19.390+0000] {dagbag.py:587} INFO - Filling up the DagBag from /opt/airflow/dags/random_api/random_api.py
[2024-11-02T13:08:19.783+0000] {processor.py:925} INFO - DAG(s) 'rand_request' retrieved from /opt/airflow/dags/random_api/random_api.py
[2024-11-02T13:08:19.810+0000] {logging_mixin.py:190} INFO - [2024-11-02T13:08:19.809+0000] {dag.py:3229} INFO - Sync 1 DAGs
[2024-11-02T13:08:19.839+0000] {logging_mixin.py:190} INFO - [2024-11-02T13:08:19.839+0000] {dag.py:4156} INFO - Setting next_dagrun for rand_request to 2024-11-02 12:05:00+00:00, run_after=2024-11-02 13:05:00+00:00
[2024-11-02T13:08:19.868+0000] {processor.py:208} INFO - Processing /opt/airflow/dags/random_api/random_api.py took 0.492 seconds
[2024-11-02T13:08:50.351+0000] {processor.py:186} INFO - Started process (PID=135) to work on /opt/airflow/dags/random_api/random_api.py
[2024-11-02T13:08:50.352+0000] {processor.py:914} INFO - Processing file /opt/airflow/dags/random_api/random_api.py for tasks to queue
[2024-11-02T13:08:50.356+0000] {logging_mixin.py:190} INFO - [2024-11-02T13:08:50.355+0000] {dagbag.py:587} INFO - Filling up the DagBag from /opt/airflow/dags/random_api/random_api.py
[2024-11-02T13:08:51.173+0000] {processor.py:925} INFO - DAG(s) 'rand_request' retrieved from /opt/airflow/dags/random_api/random_api.py
[2024-11-02T13:08:51.215+0000] {logging_mixin.py:190} INFO - [2024-11-02T13:08:51.213+0000] {dag.py:3229} INFO - Sync 1 DAGs
[2024-11-02T13:08:51.255+0000] {logging_mixin.py:190} INFO - [2024-11-02T13:08:51.255+0000] {dag.py:4156} INFO - Setting next_dagrun for rand_request to 2024-11-02 12:05:00+00:00, run_after=2024-11-02 13:05:00+00:00
[2024-11-02T13:08:51.300+0000] {processor.py:208} INFO - Processing /opt/airflow/dags/random_api/random_api.py took 0.960 seconds
[2024-11-02T13:09:21.899+0000] {processor.py:186} INFO - Started process (PID=144) to work on /opt/airflow/dags/random_api/random_api.py
[2024-11-02T13:09:21.902+0000] {processor.py:914} INFO - Processing file /opt/airflow/dags/random_api/random_api.py for tasks to queue
[2024-11-02T13:09:21.907+0000] {logging_mixin.py:190} INFO - [2024-11-02T13:09:21.906+0000] {dagbag.py:587} INFO - Filling up the DagBag from /opt/airflow/dags/random_api/random_api.py
[2024-11-02T13:09:22.591+0000] {processor.py:925} INFO - DAG(s) 'rand_request' retrieved from /opt/airflow/dags/random_api/random_api.py
[2024-11-02T13:09:22.626+0000] {logging_mixin.py:190} INFO - [2024-11-02T13:09:22.625+0000] {dag.py:3229} INFO - Sync 1 DAGs
[2024-11-02T13:09:22.670+0000] {logging_mixin.py:190} INFO - [2024-11-02T13:09:22.670+0000] {dag.py:4156} INFO - Setting next_dagrun for rand_request to 2024-11-02 12:05:00+00:00, run_after=2024-11-02 13:05:00+00:00
[2024-11-02T13:09:22.707+0000] {processor.py:208} INFO - Processing /opt/airflow/dags/random_api/random_api.py took 0.823 seconds
[2024-11-02T13:09:53.596+0000] {processor.py:186} INFO - Started process (PID=153) to work on /opt/airflow/dags/random_api/random_api.py
[2024-11-02T13:09:53.597+0000] {processor.py:914} INFO - Processing file /opt/airflow/dags/random_api/random_api.py for tasks to queue
[2024-11-02T13:09:53.602+0000] {logging_mixin.py:190} INFO - [2024-11-02T13:09:53.601+0000] {dagbag.py:587} INFO - Filling up the DagBag from /opt/airflow/dags/random_api/random_api.py
[2024-11-02T13:09:54.120+0000] {processor.py:925} INFO - DAG(s) 'rand_request' retrieved from /opt/airflow/dags/random_api/random_api.py
[2024-11-02T13:09:54.156+0000] {logging_mixin.py:190} INFO - [2024-11-02T13:09:54.153+0000] {dag.py:3229} INFO - Sync 1 DAGs
[2024-11-02T13:09:54.191+0000] {logging_mixin.py:190} INFO - [2024-11-02T13:09:54.190+0000] {dag.py:4156} INFO - Setting next_dagrun for rand_request to 2024-11-02 12:05:00+00:00, run_after=2024-11-02 13:05:00+00:00
[2024-11-02T13:09:54.230+0000] {processor.py:208} INFO - Processing /opt/airflow/dags/random_api/random_api.py took 0.655 seconds
[2024-11-02T13:10:24.451+0000] {processor.py:186} INFO - Started process (PID=167) to work on /opt/airflow/dags/random_api/random_api.py
[2024-11-02T13:10:24.452+0000] {processor.py:914} INFO - Processing file /opt/airflow/dags/random_api/random_api.py for tasks to queue
[2024-11-02T13:10:24.455+0000] {logging_mixin.py:190} INFO - [2024-11-02T13:10:24.455+0000] {dagbag.py:587} INFO - Filling up the DagBag from /opt/airflow/dags/random_api/random_api.py
[2024-11-02T13:10:24.954+0000] {processor.py:925} INFO - DAG(s) 'rand_request' retrieved from /opt/airflow/dags/random_api/random_api.py
[2024-11-02T13:10:24.991+0000] {logging_mixin.py:190} INFO - [2024-11-02T13:10:24.990+0000] {dag.py:3229} INFO - Sync 1 DAGs
[2024-11-02T13:10:25.034+0000] {logging_mixin.py:190} INFO - [2024-11-02T13:10:25.034+0000] {dag.py:4156} INFO - Setting next_dagrun for rand_request to 2024-11-02 12:05:00+00:00, run_after=2024-11-02 13:05:00+00:00
[2024-11-02T13:10:25.062+0000] {processor.py:208} INFO - Processing /opt/airflow/dags/random_api/random_api.py took 0.622 seconds
[2024-11-02T13:10:55.588+0000] {processor.py:186} INFO - Started process (PID=182) to work on /opt/airflow/dags/random_api/random_api.py
[2024-11-02T13:10:55.590+0000] {processor.py:914} INFO - Processing file /opt/airflow/dags/random_api/random_api.py for tasks to queue
[2024-11-02T13:10:55.594+0000] {logging_mixin.py:190} INFO - [2024-11-02T13:10:55.593+0000] {dagbag.py:587} INFO - Filling up the DagBag from /opt/airflow/dags/random_api/random_api.py
[2024-11-02T13:10:56.156+0000] {processor.py:925} INFO - DAG(s) 'rand_request' retrieved from /opt/airflow/dags/random_api/random_api.py
[2024-11-02T13:10:56.202+0000] {logging_mixin.py:190} INFO - [2024-11-02T13:10:56.201+0000] {dag.py:3229} INFO - Sync 1 DAGs
[2024-11-02T13:10:56.246+0000] {logging_mixin.py:190} INFO - [2024-11-02T13:10:56.245+0000] {dag.py:4156} INFO - Setting next_dagrun for rand_request to 2024-11-02 12:05:00+00:00, run_after=2024-11-02 13:05:00+00:00
[2024-11-02T13:10:56.276+0000] {processor.py:208} INFO - Processing /opt/airflow/dags/random_api/random_api.py took 0.696 seconds
[2024-11-02T13:11:26.463+0000] {processor.py:186} INFO - Started process (PID=197) to work on /opt/airflow/dags/random_api/random_api.py
[2024-11-02T13:11:26.465+0000] {processor.py:914} INFO - Processing file /opt/airflow/dags/random_api/random_api.py for tasks to queue
[2024-11-02T13:11:26.469+0000] {logging_mixin.py:190} INFO - [2024-11-02T13:11:26.468+0000] {dagbag.py:587} INFO - Filling up the DagBag from /opt/airflow/dags/random_api/random_api.py
[2024-11-02T13:11:26.874+0000] {processor.py:925} INFO - DAG(s) 'rand_request' retrieved from /opt/airflow/dags/random_api/random_api.py
[2024-11-02T13:11:26.900+0000] {logging_mixin.py:190} INFO - [2024-11-02T13:11:26.900+0000] {dag.py:3229} INFO - Sync 1 DAGs
[2024-11-02T13:11:26.931+0000] {logging_mixin.py:190} INFO - [2024-11-02T13:11:26.930+0000] {dag.py:4156} INFO - Setting next_dagrun for rand_request to 2024-11-02 12:05:00+00:00, run_after=2024-11-02 13:05:00+00:00
[2024-11-02T13:11:26.959+0000] {processor.py:208} INFO - Processing /opt/airflow/dags/random_api/random_api.py took 0.506 seconds
[2024-11-02T13:11:57.315+0000] {processor.py:186} INFO - Started process (PID=207) to work on /opt/airflow/dags/random_api/random_api.py
[2024-11-02T13:11:57.317+0000] {processor.py:914} INFO - Processing file /opt/airflow/dags/random_api/random_api.py for tasks to queue
[2024-11-02T13:11:57.318+0000] {logging_mixin.py:190} INFO - [2024-11-02T13:11:57.318+0000] {dagbag.py:587} INFO - Filling up the DagBag from /opt/airflow/dags/random_api/random_api.py
[2024-11-02T13:11:57.705+0000] {processor.py:925} INFO - DAG(s) 'rand_request' retrieved from /opt/airflow/dags/random_api/random_api.py
[2024-11-02T13:11:57.735+0000] {logging_mixin.py:190} INFO - [2024-11-02T13:11:57.732+0000] {dag.py:3229} INFO - Sync 1 DAGs
[2024-11-02T13:11:57.766+0000] {logging_mixin.py:190} INFO - [2024-11-02T13:11:57.765+0000] {dag.py:4156} INFO - Setting next_dagrun for rand_request to 2024-11-02 12:05:00+00:00, run_after=2024-11-02 13:05:00+00:00
[2024-11-02T13:11:57.804+0000] {processor.py:208} INFO - Processing /opt/airflow/dags/random_api/random_api.py took 0.495 seconds
[2024-11-02T13:12:28.658+0000] {processor.py:186} INFO - Started process (PID=217) to work on /opt/airflow/dags/random_api/random_api.py
[2024-11-02T13:12:28.660+0000] {processor.py:914} INFO - Processing file /opt/airflow/dags/random_api/random_api.py for tasks to queue
[2024-11-02T13:12:28.662+0000] {logging_mixin.py:190} INFO - [2024-11-02T13:12:28.661+0000] {dagbag.py:587} INFO - Filling up the DagBag from /opt/airflow/dags/random_api/random_api.py
[2024-11-02T13:12:29.035+0000] {processor.py:925} INFO - DAG(s) 'rand_request' retrieved from /opt/airflow/dags/random_api/random_api.py
[2024-11-02T13:12:29.065+0000] {logging_mixin.py:190} INFO - [2024-11-02T13:12:29.064+0000] {dag.py:3229} INFO - Sync 1 DAGs
[2024-11-02T13:12:29.093+0000] {logging_mixin.py:190} INFO - [2024-11-02T13:12:29.093+0000] {dag.py:4156} INFO - Setting next_dagrun for rand_request to 2024-11-02 12:05:00+00:00, run_after=2024-11-02 13:05:00+00:00
[2024-11-02T13:12:29.124+0000] {processor.py:208} INFO - Processing /opt/airflow/dags/random_api/random_api.py took 0.474 seconds
[2024-11-02T13:12:59.230+0000] {processor.py:186} INFO - Started process (PID=229) to work on /opt/airflow/dags/random_api/random_api.py
[2024-11-02T13:12:59.231+0000] {processor.py:914} INFO - Processing file /opt/airflow/dags/random_api/random_api.py for tasks to queue
[2024-11-02T13:12:59.233+0000] {logging_mixin.py:190} INFO - [2024-11-02T13:12:59.232+0000] {dagbag.py:587} INFO - Filling up the DagBag from /opt/airflow/dags/random_api/random_api.py
[2024-11-02T13:12:59.662+0000] {processor.py:925} INFO - DAG(s) 'rand_request' retrieved from /opt/airflow/dags/random_api/random_api.py
[2024-11-02T13:12:59.691+0000] {logging_mixin.py:190} INFO - [2024-11-02T13:12:59.690+0000] {dag.py:3229} INFO - Sync 1 DAGs
[2024-11-02T13:12:59.721+0000] {logging_mixin.py:190} INFO - [2024-11-02T13:12:59.721+0000] {dag.py:4156} INFO - Setting next_dagrun for rand_request to 2024-11-02 12:05:00+00:00, run_after=2024-11-02 13:05:00+00:00
[2024-11-02T13:12:59.754+0000] {processor.py:208} INFO - Processing /opt/airflow/dags/random_api/random_api.py took 0.531 seconds
[2024-11-02T13:13:29.937+0000] {processor.py:186} INFO - Started process (PID=244) to work on /opt/airflow/dags/random_api/random_api.py
[2024-11-02T13:13:29.938+0000] {processor.py:914} INFO - Processing file /opt/airflow/dags/random_api/random_api.py for tasks to queue
[2024-11-02T13:13:29.940+0000] {logging_mixin.py:190} INFO - [2024-11-02T13:13:29.940+0000] {dagbag.py:587} INFO - Filling up the DagBag from /opt/airflow/dags/random_api/random_api.py
[2024-11-02T13:13:30.476+0000] {processor.py:925} INFO - DAG(s) 'rand_request' retrieved from /opt/airflow/dags/random_api/random_api.py
[2024-11-02T13:13:30.505+0000] {logging_mixin.py:190} INFO - [2024-11-02T13:13:30.505+0000] {dag.py:3229} INFO - Sync 1 DAGs
[2024-11-02T13:13:30.537+0000] {logging_mixin.py:190} INFO - [2024-11-02T13:13:30.536+0000] {dag.py:4156} INFO - Setting next_dagrun for rand_request to 2024-11-02 12:05:00+00:00, run_after=2024-11-02 13:05:00+00:00
[2024-11-02T13:13:30.567+0000] {processor.py:208} INFO - Processing /opt/airflow/dags/random_api/random_api.py took 0.638 seconds
[2024-11-02T13:14:01.328+0000] {processor.py:186} INFO - Started process (PID=256) to work on /opt/airflow/dags/random_api/random_api.py
[2024-11-02T13:14:01.330+0000] {processor.py:914} INFO - Processing file /opt/airflow/dags/random_api/random_api.py for tasks to queue
[2024-11-02T13:14:01.333+0000] {logging_mixin.py:190} INFO - [2024-11-02T13:14:01.332+0000] {dagbag.py:587} INFO - Filling up the DagBag from /opt/airflow/dags/random_api/random_api.py
[2024-11-02T13:14:01.858+0000] {processor.py:925} INFO - DAG(s) 'rand_request' retrieved from /opt/airflow/dags/random_api/random_api.py
[2024-11-02T13:14:01.896+0000] {logging_mixin.py:190} INFO - [2024-11-02T13:14:01.893+0000] {dag.py:3229} INFO - Sync 1 DAGs
[2024-11-02T13:14:01.928+0000] {logging_mixin.py:190} INFO - [2024-11-02T13:14:01.928+0000] {dag.py:4156} INFO - Setting next_dagrun for rand_request to 2024-11-02 12:05:00+00:00, run_after=2024-11-02 13:05:00+00:00
[2024-11-02T13:14:01.965+0000] {processor.py:208} INFO - Processing /opt/airflow/dags/random_api/random_api.py took 0.645 seconds
[2024-11-02T13:14:32.254+0000] {processor.py:186} INFO - Started process (PID=264) to work on /opt/airflow/dags/random_api/random_api.py
[2024-11-02T13:14:32.258+0000] {processor.py:914} INFO - Processing file /opt/airflow/dags/random_api/random_api.py for tasks to queue
[2024-11-02T13:14:32.261+0000] {logging_mixin.py:190} INFO - [2024-11-02T13:14:32.260+0000] {dagbag.py:587} INFO - Filling up the DagBag from /opt/airflow/dags/random_api/random_api.py
[2024-11-02T13:14:32.868+0000] {processor.py:925} INFO - DAG(s) 'rand_request' retrieved from /opt/airflow/dags/random_api/random_api.py
[2024-11-02T13:14:32.902+0000] {logging_mixin.py:190} INFO - [2024-11-02T13:14:32.901+0000] {dag.py:3229} INFO - Sync 1 DAGs
[2024-11-02T13:14:32.934+0000] {logging_mixin.py:190} INFO - [2024-11-02T13:14:32.934+0000] {dag.py:4156} INFO - Setting next_dagrun for rand_request to 2024-11-02 12:05:00+00:00, run_after=2024-11-02 13:05:00+00:00
[2024-11-02T13:14:32.967+0000] {processor.py:208} INFO - Processing /opt/airflow/dags/random_api/random_api.py took 0.721 seconds
[2024-11-02T13:15:03.652+0000] {processor.py:186} INFO - Started process (PID=274) to work on /opt/airflow/dags/random_api/random_api.py
[2024-11-02T13:15:03.654+0000] {processor.py:914} INFO - Processing file /opt/airflow/dags/random_api/random_api.py for tasks to queue
[2024-11-02T13:15:03.657+0000] {logging_mixin.py:190} INFO - [2024-11-02T13:15:03.656+0000] {dagbag.py:587} INFO - Filling up the DagBag from /opt/airflow/dags/random_api/random_api.py
[2024-11-02T13:15:04.257+0000] {processor.py:925} INFO - DAG(s) 'rand_request' retrieved from /opt/airflow/dags/random_api/random_api.py
[2024-11-02T13:15:04.293+0000] {logging_mixin.py:190} INFO - [2024-11-02T13:15:04.292+0000] {dag.py:3229} INFO - Sync 1 DAGs
[2024-11-02T13:15:04.332+0000] {logging_mixin.py:190} INFO - [2024-11-02T13:15:04.332+0000] {dag.py:4156} INFO - Setting next_dagrun for rand_request to 2024-11-02 12:05:00+00:00, run_after=2024-11-02 13:05:00+00:00
[2024-11-02T13:15:04.375+0000] {processor.py:208} INFO - Processing /opt/airflow/dags/random_api/random_api.py took 0.734 seconds
[2024-11-02T13:15:34.532+0000] {processor.py:186} INFO - Started process (PID=283) to work on /opt/airflow/dags/random_api/random_api.py
[2024-11-02T13:15:34.534+0000] {processor.py:914} INFO - Processing file /opt/airflow/dags/random_api/random_api.py for tasks to queue
[2024-11-02T13:15:34.536+0000] {logging_mixin.py:190} INFO - [2024-11-02T13:15:34.535+0000] {dagbag.py:587} INFO - Filling up the DagBag from /opt/airflow/dags/random_api/random_api.py
[2024-11-02T13:15:34.995+0000] {processor.py:925} INFO - DAG(s) 'rand_request' retrieved from /opt/airflow/dags/random_api/random_api.py
[2024-11-02T13:15:35.026+0000] {logging_mixin.py:190} INFO - [2024-11-02T13:15:35.025+0000] {dag.py:3229} INFO - Sync 1 DAGs
[2024-11-02T13:15:35.060+0000] {logging_mixin.py:190} INFO - [2024-11-02T13:15:35.060+0000] {dag.py:4156} INFO - Setting next_dagrun for rand_request to 2024-11-02 12:05:00+00:00, run_after=2024-11-02 13:05:00+00:00
[2024-11-02T13:15:35.103+0000] {processor.py:208} INFO - Processing /opt/airflow/dags/random_api/random_api.py took 0.578 seconds
[2024-11-02T13:16:05.536+0000] {processor.py:186} INFO - Started process (PID=292) to work on /opt/airflow/dags/random_api/random_api.py
[2024-11-02T13:16:05.539+0000] {processor.py:914} INFO - Processing file /opt/airflow/dags/random_api/random_api.py for tasks to queue
[2024-11-02T13:16:05.542+0000] {logging_mixin.py:190} INFO - [2024-11-02T13:16:05.541+0000] {dagbag.py:587} INFO - Filling up the DagBag from /opt/airflow/dags/random_api/random_api.py
[2024-11-02T13:16:06.283+0000] {processor.py:925} INFO - DAG(s) 'rand_request' retrieved from /opt/airflow/dags/random_api/random_api.py
[2024-11-02T13:16:06.344+0000] {logging_mixin.py:190} INFO - [2024-11-02T13:16:06.340+0000] {dag.py:3229} INFO - Sync 1 DAGs
[2024-11-02T13:16:06.403+0000] {logging_mixin.py:190} INFO - [2024-11-02T13:16:06.402+0000] {dag.py:4156} INFO - Setting next_dagrun for rand_request to 2024-11-02 12:05:00+00:00, run_after=2024-11-02 13:05:00+00:00
[2024-11-02T13:16:06.439+0000] {processor.py:208} INFO - Processing /opt/airflow/dags/random_api/random_api.py took 0.922 seconds
[2024-11-02T13:16:36.863+0000] {processor.py:186} INFO - Started process (PID=307) to work on /opt/airflow/dags/random_api/random_api.py
[2024-11-02T13:16:36.864+0000] {processor.py:914} INFO - Processing file /opt/airflow/dags/random_api/random_api.py for tasks to queue
[2024-11-02T13:16:36.866+0000] {logging_mixin.py:190} INFO - [2024-11-02T13:16:36.866+0000] {dagbag.py:587} INFO - Filling up the DagBag from /opt/airflow/dags/random_api/random_api.py
[2024-11-02T13:16:37.269+0000] {processor.py:925} INFO - DAG(s) 'rand_request' retrieved from /opt/airflow/dags/random_api/random_api.py
[2024-11-02T13:16:37.299+0000] {logging_mixin.py:190} INFO - [2024-11-02T13:16:37.298+0000] {dag.py:3229} INFO - Sync 1 DAGs
[2024-11-02T13:16:37.328+0000] {logging_mixin.py:190} INFO - [2024-11-02T13:16:37.328+0000] {dag.py:4156} INFO - Setting next_dagrun for rand_request to 2024-11-02 12:05:00+00:00, run_after=2024-11-02 13:05:00+00:00
[2024-11-02T13:16:37.358+0000] {processor.py:208} INFO - Processing /opt/airflow/dags/random_api/random_api.py took 0.503 seconds
[2024-11-02T13:17:07.822+0000] {processor.py:186} INFO - Started process (PID=317) to work on /opt/airflow/dags/random_api/random_api.py
[2024-11-02T13:17:07.824+0000] {processor.py:914} INFO - Processing file /opt/airflow/dags/random_api/random_api.py for tasks to queue
[2024-11-02T13:17:07.827+0000] {logging_mixin.py:190} INFO - [2024-11-02T13:17:07.825+0000] {dagbag.py:587} INFO - Filling up the DagBag from /opt/airflow/dags/random_api/random_api.py
[2024-11-02T13:17:08.633+0000] {processor.py:925} INFO - DAG(s) 'rand_request' retrieved from /opt/airflow/dags/random_api/random_api.py
[2024-11-02T13:17:08.662+0000] {logging_mixin.py:190} INFO - [2024-11-02T13:17:08.661+0000] {dag.py:3229} INFO - Sync 1 DAGs
[2024-11-02T13:17:08.698+0000] {logging_mixin.py:190} INFO - [2024-11-02T13:17:08.698+0000] {dag.py:4156} INFO - Setting next_dagrun for rand_request to 2024-11-02 12:05:00+00:00, run_after=2024-11-02 13:05:00+00:00
[2024-11-02T13:17:08.726+0000] {processor.py:208} INFO - Processing /opt/airflow/dags/random_api/random_api.py took 0.916 seconds
