[2024-11-22T20:47:39.160+0000] {local_task_job_runner.py:123} INFO - ::group::Pre task execution logs
[2024-11-22T20:47:39.197+0000] {taskinstance.py:2612} INFO - Dependencies all met for dep_context=non-requeueable deps ti=<TaskInstance: create_country_table.create_postgres_table manual__2024-11-22T20:06:43.579236+00:00 [queued]>
[2024-11-22T20:47:39.211+0000] {taskinstance.py:2612} INFO - Dependencies all met for dep_context=requeueable deps ti=<TaskInstance: create_country_table.create_postgres_table manual__2024-11-22T20:06:43.579236+00:00 [queued]>
[2024-11-22T20:47:39.213+0000] {taskinstance.py:2865} INFO - Starting attempt 5 of 7
[2024-11-22T20:47:39.249+0000] {taskinstance.py:2888} INFO - Executing <Task(PostgresOperator): create_postgres_table> on 2024-11-22 20:06:43.579236+00:00
[2024-11-22T20:47:39.259+0000] {warnings.py:112} WARNING - /home/***/.local/lib/python3.12/site-packages/***/task/task_runner/standard_task_runner.py:70: DeprecationWarning: This process (pid=1179) is multi-threaded, use of fork() may lead to deadlocks in the child.
  pid = os.fork()

[2024-11-22T20:47:39.264+0000] {standard_task_runner.py:72} INFO - Started process 1187 to run task
[2024-11-22T20:47:39.263+0000] {standard_task_runner.py:104} INFO - Running: ['***', 'tasks', 'run', 'create_country_table', 'create_postgres_table', 'manual__2024-11-22T20:06:43.579236+00:00', '--job-id', '103', '--raw', '--subdir', 'DAGS_FOLDER/capstone_***/create_table.py', '--cfg-path', '/tmp/tmpcv2qgjzp']
[2024-11-22T20:47:39.265+0000] {standard_task_runner.py:105} INFO - Job 103: Subtask create_postgres_table
[2024-11-22T20:47:39.349+0000] {task_command.py:467} INFO - Running <TaskInstance: create_country_table.create_postgres_table manual__2024-11-22T20:06:43.579236+00:00 [running]> on host e9fd75a7ea89
[2024-11-22T20:47:39.504+0000] {taskinstance.py:3131} INFO - Exporting env vars: AIRFLOW_CTX_DAG_OWNER='adewunmi' AIRFLOW_CTX_DAG_ID='create_country_table' AIRFLOW_CTX_TASK_ID='create_postgres_table' AIRFLOW_CTX_EXECUTION_DATE='2024-11-22T20:06:43.579236+00:00' AIRFLOW_CTX_TRY_NUMBER='5' AIRFLOW_CTX_DAG_RUN_ID='manual__2024-11-22T20:06:43.579236+00:00'
[2024-11-22T20:47:39.505+0000] {taskinstance.py:731} INFO - ::endgroup::
[2024-11-22T20:47:39.530+0000] {sql.py:266} INFO - Executing: 
        CREATE TABLE country_data (
            country_name VARCHAR(255) not null,
            independence BOOLEAN,
            united_nation_members BOOLEAN,
            start_of_week VARCHAR(50),
            official_country_name VARCHAR(255),
            common_native_name VARCHAR(255),
            currency_code TEXT,
            currency_name TEXT,
            currency_symbol TEXT,
            country_code TEXT,
            capital VARCHAR(100),
            region VARCHAR(100),
            subregion VARCHAR(100),
            languages TEXT,
            area FLOAT,
            population BIGINT,
            continents VARCHAR(100),
            PRIMARY KEY (country_name)
        );
        
[2024-11-22T20:47:39.542+0000] {base.py:84} INFO - Retrieving connection 'postgres_id'
[2024-11-22T20:47:39.558+0000] {base.py:84} INFO - Retrieving connection 'postgres_id'
[2024-11-22T20:47:39.567+0000] {sql.py:509} INFO - Running statement: 
        CREATE TABLE country_data (
            country_name VARCHAR(255) not null,
            independence BOOLEAN,
            united_nation_members BOOLEAN,
            start_of_week VARCHAR(50),
            official_country_name VARCHAR(255),
            common_native_name VARCHAR(255),
            currency_code TEXT,
            currency_name TEXT,
            currency_symbol TEXT,
            country_code TEXT,
            capital VARCHAR(100),
            region VARCHAR(100),
            subregion VARCHAR(100),
            languages TEXT,
            area FLOAT,
            population BIGINT,
            continents VARCHAR(100),
            PRIMARY KEY (country_name)
        );
        , parameters: None
[2024-11-22T20:47:39.666+0000] {taskinstance.py:340} INFO - ::group::Post task execution logs
[2024-11-22T20:47:39.667+0000] {taskinstance.py:352} INFO - Marking task as SUCCESS. dag_id=create_country_table, task_id=create_postgres_table, run_id=manual__2024-11-22T20:06:43.579236+00:00, execution_date=20241122T200643, start_date=20241122T204739, end_date=20241122T204739
[2024-11-22T20:47:39.725+0000] {local_task_job_runner.py:266} INFO - Task exited with return code 0
[2024-11-22T20:47:39.751+0000] {taskinstance.py:3900} INFO - 0 downstream tasks scheduled from follow-on schedule check
[2024-11-22T20:47:39.756+0000] {local_task_job_runner.py:245} INFO - ::endgroup::
