[2024-11-26T23:12:37.565+0000] {processor.py:186} INFO - Started process (PID=1807) to work on /opt/airflow/dags/capstone_airflow/country_dag.py
[2024-11-26T23:12:37.567+0000] {processor.py:914} INFO - Processing file /opt/airflow/dags/capstone_airflow/country_dag.py for tasks to queue
[2024-11-26T23:12:37.569+0000] {logging_mixin.py:190} INFO - [2024-11-26T23:12:37.569+0000] {dagbag.py:587} INFO - Filling up the DagBag from /opt/airflow/dags/capstone_airflow/country_dag.py
[2024-11-26T23:12:38.630+0000] {processor.py:925} INFO - DAG(s) 'ckckc' retrieved from /opt/airflow/dags/capstone_airflow/country_dag.py
[2024-11-26T23:12:39.095+0000] {logging_mixin.py:190} INFO - [2024-11-26T23:12:39.093+0000] {dag.py:3229} INFO - Sync 1 DAGs
[2024-11-26T23:12:39.155+0000] {logging_mixin.py:190} INFO - [2024-11-26T23:12:39.155+0000] {dag.py:4156} INFO - Setting next_dagrun for ckckc to None, run_after=None
[2024-11-26T23:12:39.290+0000] {processor.py:208} INFO - Processing /opt/airflow/dags/capstone_airflow/country_dag.py took 1.735 seconds
[2024-11-26T23:13:09.532+0000] {processor.py:186} INFO - Started process (PID=1817) to work on /opt/airflow/dags/capstone_airflow/country_dag.py
[2024-11-26T23:13:09.534+0000] {processor.py:914} INFO - Processing file /opt/airflow/dags/capstone_airflow/country_dag.py for tasks to queue
[2024-11-26T23:13:09.536+0000] {logging_mixin.py:190} INFO - [2024-11-26T23:13:09.536+0000] {dagbag.py:587} INFO - Filling up the DagBag from /opt/airflow/dags/capstone_airflow/country_dag.py
[2024-11-26T23:13:10.693+0000] {processor.py:925} INFO - DAG(s) 'ckckc' retrieved from /opt/airflow/dags/capstone_airflow/country_dag.py
[2024-11-26T23:13:10.768+0000] {logging_mixin.py:190} INFO - [2024-11-26T23:13:10.767+0000] {dag.py:3229} INFO - Sync 1 DAGs
[2024-11-26T23:13:10.785+0000] {logging_mixin.py:190} INFO - [2024-11-26T23:13:10.785+0000] {dag.py:4156} INFO - Setting next_dagrun for ckckc to None, run_after=None
[2024-11-26T23:13:10.813+0000] {processor.py:208} INFO - Processing /opt/airflow/dags/capstone_airflow/country_dag.py took 1.290 seconds
[2024-11-26T23:13:41.138+0000] {processor.py:186} INFO - Started process (PID=1827) to work on /opt/airflow/dags/capstone_airflow/country_dag.py
[2024-11-26T23:13:41.139+0000] {processor.py:914} INFO - Processing file /opt/airflow/dags/capstone_airflow/country_dag.py for tasks to queue
[2024-11-26T23:13:41.142+0000] {logging_mixin.py:190} INFO - [2024-11-26T23:13:41.141+0000] {dagbag.py:587} INFO - Filling up the DagBag from /opt/airflow/dags/capstone_airflow/country_dag.py
[2024-11-26T23:13:42.279+0000] {processor.py:925} INFO - DAG(s) 'ckckc' retrieved from /opt/airflow/dags/capstone_airflow/country_dag.py
[2024-11-26T23:13:42.362+0000] {logging_mixin.py:190} INFO - [2024-11-26T23:13:42.361+0000] {dag.py:3229} INFO - Sync 1 DAGs
[2024-11-26T23:13:42.377+0000] {logging_mixin.py:190} INFO - [2024-11-26T23:13:42.377+0000] {dag.py:4156} INFO - Setting next_dagrun for ckckc to None, run_after=None
[2024-11-26T23:13:42.406+0000] {processor.py:208} INFO - Processing /opt/airflow/dags/capstone_airflow/country_dag.py took 1.276 seconds
[2024-11-26T23:14:12.767+0000] {processor.py:186} INFO - Started process (PID=1843) to work on /opt/airflow/dags/capstone_airflow/country_dag.py
[2024-11-26T23:14:12.769+0000] {processor.py:914} INFO - Processing file /opt/airflow/dags/capstone_airflow/country_dag.py for tasks to queue
[2024-11-26T23:14:12.771+0000] {logging_mixin.py:190} INFO - [2024-11-26T23:14:12.771+0000] {dagbag.py:587} INFO - Filling up the DagBag from /opt/airflow/dags/capstone_airflow/country_dag.py
[2024-11-26T23:14:14.615+0000] {processor.py:925} INFO - DAG(s) 'ckckc' retrieved from /opt/airflow/dags/capstone_airflow/country_dag.py
[2024-11-26T23:14:14.714+0000] {logging_mixin.py:190} INFO - [2024-11-26T23:14:14.713+0000] {dag.py:3229} INFO - Sync 1 DAGs
[2024-11-26T23:14:14.743+0000] {logging_mixin.py:190} INFO - [2024-11-26T23:14:14.742+0000] {dag.py:4156} INFO - Setting next_dagrun for ckckc to None, run_after=None
[2024-11-26T23:14:15.032+0000] {processor.py:208} INFO - Processing /opt/airflow/dags/capstone_airflow/country_dag.py took 2.273 seconds
[2024-11-26T23:14:27.147+0000] {processor.py:186} INFO - Started process (PID=1847) to work on /opt/airflow/dags/capstone_airflow/country_dag.py
[2024-11-26T23:14:27.149+0000] {processor.py:914} INFO - Processing file /opt/airflow/dags/capstone_airflow/country_dag.py for tasks to queue
[2024-11-26T23:14:27.151+0000] {logging_mixin.py:190} INFO - [2024-11-26T23:14:27.150+0000] {dagbag.py:587} INFO - Filling up the DagBag from /opt/airflow/dags/capstone_airflow/country_dag.py
[2024-11-26T23:14:28.586+0000] {processor.py:925} INFO - DAG(s) 'capstone' retrieved from /opt/airflow/dags/capstone_airflow/country_dag.py
[2024-11-26T23:14:28.972+0000] {logging_mixin.py:190} INFO - [2024-11-26T23:14:28.972+0000] {dag.py:3229} INFO - Sync 1 DAGs
[2024-11-26T23:14:28.989+0000] {logging_mixin.py:190} INFO - [2024-11-26T23:14:28.989+0000] {dag.py:4156} INFO - Setting next_dagrun for capstone to None, run_after=None
[2024-11-26T23:14:29.035+0000] {processor.py:208} INFO - Processing /opt/airflow/dags/capstone_airflow/country_dag.py took 1.896 seconds
[2024-11-26T23:14:59.875+0000] {processor.py:186} INFO - Started process (PID=1857) to work on /opt/airflow/dags/capstone_airflow/country_dag.py
[2024-11-26T23:14:59.876+0000] {processor.py:914} INFO - Processing file /opt/airflow/dags/capstone_airflow/country_dag.py for tasks to queue
[2024-11-26T23:14:59.878+0000] {logging_mixin.py:190} INFO - [2024-11-26T23:14:59.878+0000] {dagbag.py:587} INFO - Filling up the DagBag from /opt/airflow/dags/capstone_airflow/country_dag.py
[2024-11-26T23:15:00.870+0000] {processor.py:925} INFO - DAG(s) 'capstone' retrieved from /opt/airflow/dags/capstone_airflow/country_dag.py
[2024-11-26T23:15:00.943+0000] {logging_mixin.py:190} INFO - [2024-11-26T23:15:00.943+0000] {dag.py:3229} INFO - Sync 1 DAGs
[2024-11-26T23:15:01.177+0000] {logging_mixin.py:190} INFO - [2024-11-26T23:15:01.177+0000] {dag.py:4156} INFO - Setting next_dagrun for capstone to None, run_after=None
[2024-11-26T23:15:01.209+0000] {processor.py:208} INFO - Processing /opt/airflow/dags/capstone_airflow/country_dag.py took 1.345 seconds
[2024-11-26T23:15:31.670+0000] {processor.py:186} INFO - Started process (PID=1866) to work on /opt/airflow/dags/capstone_airflow/country_dag.py
[2024-11-26T23:15:31.671+0000] {processor.py:914} INFO - Processing file /opt/airflow/dags/capstone_airflow/country_dag.py for tasks to queue
[2024-11-26T23:15:31.674+0000] {logging_mixin.py:190} INFO - [2024-11-26T23:15:31.673+0000] {dagbag.py:587} INFO - Filling up the DagBag from /opt/airflow/dags/capstone_airflow/country_dag.py
[2024-11-26T23:15:32.590+0000] {processor.py:925} INFO - DAG(s) 'capstone' retrieved from /opt/airflow/dags/capstone_airflow/country_dag.py
[2024-11-26T23:15:32.953+0000] {logging_mixin.py:190} INFO - [2024-11-26T23:15:32.953+0000] {dag.py:3229} INFO - Sync 1 DAGs
[2024-11-26T23:15:32.972+0000] {logging_mixin.py:190} INFO - [2024-11-26T23:15:32.972+0000] {dag.py:4156} INFO - Setting next_dagrun for capstone to None, run_after=None
[2024-11-26T23:15:33.000+0000] {processor.py:208} INFO - Processing /opt/airflow/dags/capstone_airflow/country_dag.py took 1.345 seconds
[2024-11-26T23:15:53.959+0000] {processor.py:186} INFO - Started process (PID=1875) to work on /opt/airflow/dags/capstone_airflow/country_dag.py
[2024-11-26T23:15:53.961+0000] {processor.py:914} INFO - Processing file /opt/airflow/dags/capstone_airflow/country_dag.py for tasks to queue
[2024-11-26T23:15:53.963+0000] {logging_mixin.py:190} INFO - [2024-11-26T23:15:53.962+0000] {dagbag.py:587} INFO - Filling up the DagBag from /opt/airflow/dags/capstone_airflow/country_dag.py
[2024-11-26T23:15:55.153+0000] {processor.py:925} INFO - DAG(s) 'capstone' retrieved from /opt/airflow/dags/capstone_airflow/country_dag.py
[2024-11-26T23:15:55.183+0000] {logging_mixin.py:190} INFO - [2024-11-26T23:15:55.182+0000] {taskinstance.py:3312} ERROR - Executor CeleryExecutor(parallelism=32) reported that the task instance <TaskInstance: ckckc.get_request_api manual__2024-11-26T23:02:26.971964+00:00 [queued]> finished with state failed, but the task instance's state attribute is queued. Learn more: https://airflow.apache.org/docs/apache-airflow/stable/troubleshooting.html#task-state-changed-externally
[2024-11-26T23:15:55.207+0000] {logging_mixin.py:190} INFO - [2024-11-26T23:15:55.206+0000] {taskinstance.py:1225} INFO - Marking task as FAILED. dag_id=ckckc, task_id=get_request_api, run_id=manual__2024-11-26T23:02:26.971964+00:00, execution_date=20241126T230226, start_date=20241126T231048, end_date=20241126T231555
[2024-11-26T23:15:55.207+0000] {logging_mixin.py:190} INFO - [2024-11-26T23:15:55.207+0000] {taskinstance.py:1563} INFO - Executing callback at index 0: str
[2024-11-26T23:15:55.208+0000] {logging_mixin.py:190} INFO - [2024-11-26T23:15:55.208+0000] {taskinstance.py:1567} ERROR - Error in callback at index 0: str
Traceback (most recent call last):
  File "/home/airflow/.local/lib/python3.12/site-packages/airflow/models/taskinstance.py", line 1565, in _run_finished_callback
    callback(context)
TypeError: 'str' object is not callable
[2024-11-26T23:15:55.244+0000] {logging_mixin.py:190} INFO - [2024-11-26T23:15:55.243+0000] {processor.py:876} INFO - Executed callback for <TaskInstance: ckckc.get_request_api manual__2024-11-26T23:02:26.971964+00:00 [failed]> in state failed
[2024-11-26T23:15:55.314+0000] {logging_mixin.py:190} INFO - [2024-11-26T23:15:55.313+0000] {dag.py:3229} INFO - Sync 1 DAGs
[2024-11-26T23:15:55.335+0000] {logging_mixin.py:190} INFO - [2024-11-26T23:15:55.335+0000] {dag.py:4156} INFO - Setting next_dagrun for capstone to None, run_after=None
[2024-11-26T23:15:55.364+0000] {processor.py:208} INFO - Processing /opt/airflow/dags/capstone_airflow/country_dag.py took 1.413 seconds
[2024-11-26T23:16:26.159+0000] {processor.py:186} INFO - Started process (PID=1885) to work on /opt/airflow/dags/capstone_airflow/country_dag.py
[2024-11-26T23:16:26.160+0000] {processor.py:914} INFO - Processing file /opt/airflow/dags/capstone_airflow/country_dag.py for tasks to queue
[2024-11-26T23:16:26.162+0000] {logging_mixin.py:190} INFO - [2024-11-26T23:16:26.161+0000] {dagbag.py:587} INFO - Filling up the DagBag from /opt/airflow/dags/capstone_airflow/country_dag.py
[2024-11-26T23:16:27.283+0000] {processor.py:925} INFO - DAG(s) 'capstone' retrieved from /opt/airflow/dags/capstone_airflow/country_dag.py
[2024-11-26T23:16:27.350+0000] {logging_mixin.py:190} INFO - [2024-11-26T23:16:27.350+0000] {dag.py:3229} INFO - Sync 1 DAGs
[2024-11-26T23:16:27.367+0000] {logging_mixin.py:190} INFO - [2024-11-26T23:16:27.366+0000] {dag.py:4156} INFO - Setting next_dagrun for capstone to None, run_after=None
[2024-11-26T23:16:27.404+0000] {processor.py:208} INFO - Processing /opt/airflow/dags/capstone_airflow/country_dag.py took 1.253 seconds
[2024-11-26T23:16:58.062+0000] {processor.py:186} INFO - Started process (PID=1895) to work on /opt/airflow/dags/capstone_airflow/country_dag.py
[2024-11-26T23:16:58.065+0000] {processor.py:914} INFO - Processing file /opt/airflow/dags/capstone_airflow/country_dag.py for tasks to queue
[2024-11-26T23:16:58.067+0000] {logging_mixin.py:190} INFO - [2024-11-26T23:16:58.066+0000] {dagbag.py:587} INFO - Filling up the DagBag from /opt/airflow/dags/capstone_airflow/country_dag.py
[2024-11-26T23:16:59.000+0000] {processor.py:925} INFO - DAG(s) 'capstone' retrieved from /opt/airflow/dags/capstone_airflow/country_dag.py
[2024-11-26T23:16:59.085+0000] {logging_mixin.py:190} INFO - [2024-11-26T23:16:59.084+0000] {dag.py:3229} INFO - Sync 1 DAGs
[2024-11-26T23:16:59.111+0000] {logging_mixin.py:190} INFO - [2024-11-26T23:16:59.111+0000] {dag.py:4156} INFO - Setting next_dagrun for capstone to None, run_after=None
[2024-11-26T23:16:59.329+0000] {processor.py:208} INFO - Processing /opt/airflow/dags/capstone_airflow/country_dag.py took 1.282 seconds
[2024-11-26T23:17:30.106+0000] {processor.py:186} INFO - Started process (PID=1905) to work on /opt/airflow/dags/capstone_airflow/country_dag.py
[2024-11-26T23:17:30.108+0000] {processor.py:914} INFO - Processing file /opt/airflow/dags/capstone_airflow/country_dag.py for tasks to queue
[2024-11-26T23:17:30.110+0000] {logging_mixin.py:190} INFO - [2024-11-26T23:17:30.109+0000] {dagbag.py:587} INFO - Filling up the DagBag from /opt/airflow/dags/capstone_airflow/country_dag.py
[2024-11-26T23:17:31.060+0000] {processor.py:925} INFO - DAG(s) 'capstone' retrieved from /opt/airflow/dags/capstone_airflow/country_dag.py
[2024-11-26T23:17:31.148+0000] {logging_mixin.py:190} INFO - [2024-11-26T23:17:31.147+0000] {dag.py:3229} INFO - Sync 1 DAGs
[2024-11-26T23:17:31.366+0000] {logging_mixin.py:190} INFO - [2024-11-26T23:17:31.365+0000] {dag.py:4156} INFO - Setting next_dagrun for capstone to None, run_after=None
[2024-11-26T23:17:31.395+0000] {processor.py:208} INFO - Processing /opt/airflow/dags/capstone_airflow/country_dag.py took 1.297 seconds
[2024-11-26T23:18:02.331+0000] {processor.py:186} INFO - Started process (PID=1915) to work on /opt/airflow/dags/capstone_airflow/country_dag.py
[2024-11-26T23:18:02.332+0000] {processor.py:914} INFO - Processing file /opt/airflow/dags/capstone_airflow/country_dag.py for tasks to queue
[2024-11-26T23:18:02.335+0000] {logging_mixin.py:190} INFO - [2024-11-26T23:18:02.334+0000] {dagbag.py:587} INFO - Filling up the DagBag from /opt/airflow/dags/capstone_airflow/country_dag.py
[2024-11-26T23:18:03.366+0000] {processor.py:925} INFO - DAG(s) 'capstone' retrieved from /opt/airflow/dags/capstone_airflow/country_dag.py
[2024-11-26T23:18:03.649+0000] {logging_mixin.py:190} INFO - [2024-11-26T23:18:03.649+0000] {dag.py:3229} INFO - Sync 1 DAGs
[2024-11-26T23:18:03.666+0000] {logging_mixin.py:190} INFO - [2024-11-26T23:18:03.666+0000] {dag.py:4156} INFO - Setting next_dagrun for capstone to None, run_after=None
[2024-11-26T23:18:03.697+0000] {processor.py:208} INFO - Processing /opt/airflow/dags/capstone_airflow/country_dag.py took 1.375 seconds
[2024-11-26T23:18:34.602+0000] {processor.py:186} INFO - Started process (PID=1926) to work on /opt/airflow/dags/capstone_airflow/country_dag.py
[2024-11-26T23:18:34.604+0000] {processor.py:914} INFO - Processing file /opt/airflow/dags/capstone_airflow/country_dag.py for tasks to queue
[2024-11-26T23:18:34.605+0000] {logging_mixin.py:190} INFO - [2024-11-26T23:18:34.605+0000] {dagbag.py:587} INFO - Filling up the DagBag from /opt/airflow/dags/capstone_airflow/country_dag.py
[2024-11-26T23:18:35.657+0000] {processor.py:925} INFO - DAG(s) 'capstone' retrieved from /opt/airflow/dags/capstone_airflow/country_dag.py
[2024-11-26T23:18:35.721+0000] {logging_mixin.py:190} INFO - [2024-11-26T23:18:35.720+0000] {dag.py:3229} INFO - Sync 1 DAGs
[2024-11-26T23:18:35.738+0000] {logging_mixin.py:190} INFO - [2024-11-26T23:18:35.738+0000] {dag.py:4156} INFO - Setting next_dagrun for capstone to None, run_after=None
[2024-11-26T23:18:35.766+0000] {processor.py:208} INFO - Processing /opt/airflow/dags/capstone_airflow/country_dag.py took 1.176 seconds
[2024-11-26T23:19:06.537+0000] {processor.py:186} INFO - Started process (PID=1936) to work on /opt/airflow/dags/capstone_airflow/country_dag.py
[2024-11-26T23:19:06.539+0000] {processor.py:914} INFO - Processing file /opt/airflow/dags/capstone_airflow/country_dag.py for tasks to queue
[2024-11-26T23:19:06.542+0000] {logging_mixin.py:190} INFO - [2024-11-26T23:19:06.541+0000] {dagbag.py:587} INFO - Filling up the DagBag from /opt/airflow/dags/capstone_airflow/country_dag.py
[2024-11-26T23:19:07.799+0000] {processor.py:925} INFO - DAG(s) 'capstone' retrieved from /opt/airflow/dags/capstone_airflow/country_dag.py
[2024-11-26T23:19:07.871+0000] {logging_mixin.py:190} INFO - [2024-11-26T23:19:07.871+0000] {dag.py:3229} INFO - Sync 1 DAGs
[2024-11-26T23:19:07.889+0000] {logging_mixin.py:190} INFO - [2024-11-26T23:19:07.889+0000] {dag.py:4156} INFO - Setting next_dagrun for capstone to None, run_after=None
[2024-11-26T23:19:07.916+0000] {processor.py:208} INFO - Processing /opt/airflow/dags/capstone_airflow/country_dag.py took 1.393 seconds
[2024-11-26T23:19:38.692+0000] {processor.py:186} INFO - Started process (PID=1946) to work on /opt/airflow/dags/capstone_airflow/country_dag.py
[2024-11-26T23:19:38.694+0000] {processor.py:914} INFO - Processing file /opt/airflow/dags/capstone_airflow/country_dag.py for tasks to queue
[2024-11-26T23:19:38.696+0000] {logging_mixin.py:190} INFO - [2024-11-26T23:19:38.695+0000] {dagbag.py:587} INFO - Filling up the DagBag from /opt/airflow/dags/capstone_airflow/country_dag.py
[2024-11-26T23:19:40.221+0000] {processor.py:925} INFO - DAG(s) 'capstone' retrieved from /opt/airflow/dags/capstone_airflow/country_dag.py
[2024-11-26T23:19:40.352+0000] {logging_mixin.py:190} INFO - [2024-11-26T23:19:40.351+0000] {dag.py:3229} INFO - Sync 1 DAGs
[2024-11-26T23:19:40.376+0000] {logging_mixin.py:190} INFO - [2024-11-26T23:19:40.375+0000] {dag.py:4156} INFO - Setting next_dagrun for capstone to None, run_after=None
[2024-11-26T23:19:40.425+0000] {processor.py:208} INFO - Processing /opt/airflow/dags/capstone_airflow/country_dag.py took 1.742 seconds
[2024-11-26T23:20:11.321+0000] {processor.py:186} INFO - Started process (PID=1956) to work on /opt/airflow/dags/capstone_airflow/country_dag.py
[2024-11-26T23:20:11.322+0000] {processor.py:914} INFO - Processing file /opt/airflow/dags/capstone_airflow/country_dag.py for tasks to queue
[2024-11-26T23:20:11.324+0000] {logging_mixin.py:190} INFO - [2024-11-26T23:20:11.324+0000] {dagbag.py:587} INFO - Filling up the DagBag from /opt/airflow/dags/capstone_airflow/country_dag.py
[2024-11-26T23:20:12.243+0000] {processor.py:925} INFO - DAG(s) 'capstone' retrieved from /opt/airflow/dags/capstone_airflow/country_dag.py
[2024-11-26T23:20:12.338+0000] {logging_mixin.py:190} INFO - [2024-11-26T23:20:12.338+0000] {dag.py:3229} INFO - Sync 1 DAGs
[2024-11-26T23:20:12.601+0000] {logging_mixin.py:190} INFO - [2024-11-26T23:20:12.601+0000] {dag.py:4156} INFO - Setting next_dagrun for capstone to None, run_after=None
[2024-11-26T23:20:12.635+0000] {processor.py:208} INFO - Processing /opt/airflow/dags/capstone_airflow/country_dag.py took 1.324 seconds
[2024-11-26T23:20:43.210+0000] {processor.py:186} INFO - Started process (PID=1972) to work on /opt/airflow/dags/capstone_airflow/country_dag.py
[2024-11-26T23:20:43.211+0000] {processor.py:914} INFO - Processing file /opt/airflow/dags/capstone_airflow/country_dag.py for tasks to queue
[2024-11-26T23:20:43.213+0000] {logging_mixin.py:190} INFO - [2024-11-26T23:20:43.212+0000] {dagbag.py:587} INFO - Filling up the DagBag from /opt/airflow/dags/capstone_airflow/country_dag.py
[2024-11-26T23:20:44.289+0000] {processor.py:925} INFO - DAG(s) 'capstone' retrieved from /opt/airflow/dags/capstone_airflow/country_dag.py
[2024-11-26T23:20:44.589+0000] {logging_mixin.py:190} INFO - [2024-11-26T23:20:44.589+0000] {dag.py:3229} INFO - Sync 1 DAGs
[2024-11-26T23:20:44.606+0000] {logging_mixin.py:190} INFO - [2024-11-26T23:20:44.606+0000] {dag.py:4156} INFO - Setting next_dagrun for capstone to None, run_after=None
[2024-11-26T23:20:44.642+0000] {processor.py:208} INFO - Processing /opt/airflow/dags/capstone_airflow/country_dag.py took 1.440 seconds
[2024-11-26T23:21:15.533+0000] {processor.py:186} INFO - Started process (PID=1981) to work on /opt/airflow/dags/capstone_airflow/country_dag.py
[2024-11-26T23:21:15.535+0000] {processor.py:914} INFO - Processing file /opt/airflow/dags/capstone_airflow/country_dag.py for tasks to queue
[2024-11-26T23:21:15.537+0000] {logging_mixin.py:190} INFO - [2024-11-26T23:21:15.536+0000] {dagbag.py:587} INFO - Filling up the DagBag from /opt/airflow/dags/capstone_airflow/country_dag.py
[2024-11-26T23:21:16.953+0000] {processor.py:925} INFO - DAG(s) 'capstone' retrieved from /opt/airflow/dags/capstone_airflow/country_dag.py
[2024-11-26T23:21:17.022+0000] {logging_mixin.py:190} INFO - [2024-11-26T23:21:17.022+0000] {dag.py:3229} INFO - Sync 1 DAGs
[2024-11-26T23:21:17.038+0000] {logging_mixin.py:190} INFO - [2024-11-26T23:21:17.038+0000] {dag.py:4156} INFO - Setting next_dagrun for capstone to None, run_after=None
[2024-11-26T23:21:17.067+0000] {processor.py:208} INFO - Processing /opt/airflow/dags/capstone_airflow/country_dag.py took 1.545 seconds
[2024-11-26T23:21:47.307+0000] {processor.py:186} INFO - Started process (PID=1990) to work on /opt/airflow/dags/capstone_airflow/country_dag.py
[2024-11-26T23:21:47.308+0000] {processor.py:914} INFO - Processing file /opt/airflow/dags/capstone_airflow/country_dag.py for tasks to queue
[2024-11-26T23:21:47.310+0000] {logging_mixin.py:190} INFO - [2024-11-26T23:21:47.310+0000] {dagbag.py:587} INFO - Filling up the DagBag from /opt/airflow/dags/capstone_airflow/country_dag.py
[2024-11-26T23:21:48.451+0000] {processor.py:925} INFO - DAG(s) 'capstone' retrieved from /opt/airflow/dags/capstone_airflow/country_dag.py
[2024-11-26T23:21:48.517+0000] {logging_mixin.py:190} INFO - [2024-11-26T23:21:48.516+0000] {dag.py:3229} INFO - Sync 1 DAGs
[2024-11-26T23:21:48.534+0000] {logging_mixin.py:190} INFO - [2024-11-26T23:21:48.534+0000] {dag.py:4156} INFO - Setting next_dagrun for capstone to None, run_after=None
[2024-11-26T23:21:48.563+0000] {processor.py:208} INFO - Processing /opt/airflow/dags/capstone_airflow/country_dag.py took 1.264 seconds
[2024-11-26T23:22:19.031+0000] {processor.py:186} INFO - Started process (PID=2000) to work on /opt/airflow/dags/capstone_airflow/country_dag.py
[2024-11-26T23:22:19.033+0000] {processor.py:914} INFO - Processing file /opt/airflow/dags/capstone_airflow/country_dag.py for tasks to queue
[2024-11-26T23:22:19.036+0000] {logging_mixin.py:190} INFO - [2024-11-26T23:22:19.035+0000] {dagbag.py:587} INFO - Filling up the DagBag from /opt/airflow/dags/capstone_airflow/country_dag.py
[2024-11-26T23:22:20.237+0000] {processor.py:925} INFO - DAG(s) 'capstone' retrieved from /opt/airflow/dags/capstone_airflow/country_dag.py
[2024-11-26T23:22:20.308+0000] {logging_mixin.py:190} INFO - [2024-11-26T23:22:20.307+0000] {dag.py:3229} INFO - Sync 1 DAGs
[2024-11-26T23:22:20.325+0000] {logging_mixin.py:190} INFO - [2024-11-26T23:22:20.325+0000] {dag.py:4156} INFO - Setting next_dagrun for capstone to None, run_after=None
[2024-11-26T23:22:20.356+0000] {processor.py:208} INFO - Processing /opt/airflow/dags/capstone_airflow/country_dag.py took 1.335 seconds
[2024-11-26T23:22:51.268+0000] {processor.py:186} INFO - Started process (PID=2010) to work on /opt/airflow/dags/capstone_airflow/country_dag.py
[2024-11-26T23:22:51.270+0000] {processor.py:914} INFO - Processing file /opt/airflow/dags/capstone_airflow/country_dag.py for tasks to queue
[2024-11-26T23:22:51.272+0000] {logging_mixin.py:190} INFO - [2024-11-26T23:22:51.271+0000] {dagbag.py:587} INFO - Filling up the DagBag from /opt/airflow/dags/capstone_airflow/country_dag.py
[2024-11-26T23:22:52.477+0000] {processor.py:925} INFO - DAG(s) 'capstone' retrieved from /opt/airflow/dags/capstone_airflow/country_dag.py
[2024-11-26T23:22:52.555+0000] {logging_mixin.py:190} INFO - [2024-11-26T23:22:52.554+0000] {dag.py:3229} INFO - Sync 1 DAGs
[2024-11-26T23:22:52.575+0000] {logging_mixin.py:190} INFO - [2024-11-26T23:22:52.574+0000] {dag.py:4156} INFO - Setting next_dagrun for capstone to None, run_after=None
[2024-11-26T23:22:52.614+0000] {processor.py:208} INFO - Processing /opt/airflow/dags/capstone_airflow/country_dag.py took 1.353 seconds
[2024-11-26T23:23:23.433+0000] {processor.py:186} INFO - Started process (PID=2020) to work on /opt/airflow/dags/capstone_airflow/country_dag.py
[2024-11-26T23:23:23.435+0000] {processor.py:914} INFO - Processing file /opt/airflow/dags/capstone_airflow/country_dag.py for tasks to queue
[2024-11-26T23:23:23.437+0000] {logging_mixin.py:190} INFO - [2024-11-26T23:23:23.437+0000] {dagbag.py:587} INFO - Filling up the DagBag from /opt/airflow/dags/capstone_airflow/country_dag.py
[2024-11-26T23:23:24.366+0000] {processor.py:925} INFO - DAG(s) 'capstone' retrieved from /opt/airflow/dags/capstone_airflow/country_dag.py
[2024-11-26T23:23:24.654+0000] {logging_mixin.py:190} INFO - [2024-11-26T23:23:24.654+0000] {dag.py:3229} INFO - Sync 1 DAGs
[2024-11-26T23:23:24.671+0000] {logging_mixin.py:190} INFO - [2024-11-26T23:23:24.670+0000] {dag.py:4156} INFO - Setting next_dagrun for capstone to None, run_after=None
[2024-11-26T23:23:24.701+0000] {processor.py:208} INFO - Processing /opt/airflow/dags/capstone_airflow/country_dag.py took 1.275 seconds
[2024-11-26T23:23:55.152+0000] {processor.py:186} INFO - Started process (PID=2030) to work on /opt/airflow/dags/capstone_airflow/country_dag.py
[2024-11-26T23:23:55.154+0000] {processor.py:914} INFO - Processing file /opt/airflow/dags/capstone_airflow/country_dag.py for tasks to queue
[2024-11-26T23:23:55.156+0000] {logging_mixin.py:190} INFO - [2024-11-26T23:23:55.155+0000] {dagbag.py:587} INFO - Filling up the DagBag from /opt/airflow/dags/capstone_airflow/country_dag.py
[2024-11-26T23:23:56.065+0000] {processor.py:925} INFO - DAG(s) 'capstone' retrieved from /opt/airflow/dags/capstone_airflow/country_dag.py
[2024-11-26T23:23:56.363+0000] {logging_mixin.py:190} INFO - [2024-11-26T23:23:56.362+0000] {dag.py:3229} INFO - Sync 1 DAGs
[2024-11-26T23:23:56.379+0000] {logging_mixin.py:190} INFO - [2024-11-26T23:23:56.379+0000] {dag.py:4156} INFO - Setting next_dagrun for capstone to None, run_after=None
[2024-11-26T23:23:56.408+0000] {processor.py:208} INFO - Processing /opt/airflow/dags/capstone_airflow/country_dag.py took 1.266 seconds
[2024-11-26T23:24:26.938+0000] {processor.py:186} INFO - Started process (PID=2040) to work on /opt/airflow/dags/capstone_airflow/country_dag.py
[2024-11-26T23:24:26.940+0000] {processor.py:914} INFO - Processing file /opt/airflow/dags/capstone_airflow/country_dag.py for tasks to queue
[2024-11-26T23:24:26.942+0000] {logging_mixin.py:190} INFO - [2024-11-26T23:24:26.941+0000] {dagbag.py:587} INFO - Filling up the DagBag from /opt/airflow/dags/capstone_airflow/country_dag.py
[2024-11-26T23:24:28.080+0000] {processor.py:925} INFO - DAG(s) 'capstone' retrieved from /opt/airflow/dags/capstone_airflow/country_dag.py
[2024-11-26T23:24:28.158+0000] {logging_mixin.py:190} INFO - [2024-11-26T23:24:28.157+0000] {dag.py:3229} INFO - Sync 1 DAGs
[2024-11-26T23:24:28.177+0000] {logging_mixin.py:190} INFO - [2024-11-26T23:24:28.177+0000] {dag.py:4156} INFO - Setting next_dagrun for capstone to None, run_after=None
[2024-11-26T23:24:28.210+0000] {processor.py:208} INFO - Processing /opt/airflow/dags/capstone_airflow/country_dag.py took 1.279 seconds
[2024-11-26T23:24:58.686+0000] {processor.py:186} INFO - Started process (PID=2050) to work on /opt/airflow/dags/capstone_airflow/country_dag.py
[2024-11-26T23:24:58.687+0000] {processor.py:914} INFO - Processing file /opt/airflow/dags/capstone_airflow/country_dag.py for tasks to queue
[2024-11-26T23:24:58.690+0000] {logging_mixin.py:190} INFO - [2024-11-26T23:24:58.689+0000] {dagbag.py:587} INFO - Filling up the DagBag from /opt/airflow/dags/capstone_airflow/country_dag.py
[2024-11-26T23:24:59.803+0000] {processor.py:925} INFO - DAG(s) 'capstone' retrieved from /opt/airflow/dags/capstone_airflow/country_dag.py
[2024-11-26T23:24:59.879+0000] {logging_mixin.py:190} INFO - [2024-11-26T23:24:59.878+0000] {dag.py:3229} INFO - Sync 1 DAGs
[2024-11-26T23:24:59.897+0000] {logging_mixin.py:190} INFO - [2024-11-26T23:24:59.896+0000] {dag.py:4156} INFO - Setting next_dagrun for capstone to None, run_after=None
[2024-11-26T23:24:59.924+0000] {processor.py:208} INFO - Processing /opt/airflow/dags/capstone_airflow/country_dag.py took 1.246 seconds
[2024-11-26T23:25:30.491+0000] {processor.py:186} INFO - Started process (PID=2061) to work on /opt/airflow/dags/capstone_airflow/country_dag.py
[2024-11-26T23:25:30.492+0000] {processor.py:914} INFO - Processing file /opt/airflow/dags/capstone_airflow/country_dag.py for tasks to queue
[2024-11-26T23:25:30.494+0000] {logging_mixin.py:190} INFO - [2024-11-26T23:25:30.494+0000] {dagbag.py:587} INFO - Filling up the DagBag from /opt/airflow/dags/capstone_airflow/country_dag.py
[2024-11-26T23:25:31.646+0000] {processor.py:925} INFO - DAG(s) 'capstone' retrieved from /opt/airflow/dags/capstone_airflow/country_dag.py
[2024-11-26T23:25:31.721+0000] {logging_mixin.py:190} INFO - [2024-11-26T23:25:31.720+0000] {dag.py:3229} INFO - Sync 1 DAGs
[2024-11-26T23:25:31.742+0000] {logging_mixin.py:190} INFO - [2024-11-26T23:25:31.741+0000] {dag.py:4156} INFO - Setting next_dagrun for capstone to None, run_after=None
[2024-11-26T23:25:31.773+0000] {processor.py:208} INFO - Processing /opt/airflow/dags/capstone_airflow/country_dag.py took 1.290 seconds
[2024-11-26T23:26:02.251+0000] {processor.py:186} INFO - Started process (PID=2071) to work on /opt/airflow/dags/capstone_airflow/country_dag.py
[2024-11-26T23:26:02.267+0000] {processor.py:914} INFO - Processing file /opt/airflow/dags/capstone_airflow/country_dag.py for tasks to queue
[2024-11-26T23:26:02.272+0000] {logging_mixin.py:190} INFO - [2024-11-26T23:26:02.271+0000] {dagbag.py:587} INFO - Filling up the DagBag from /opt/airflow/dags/capstone_airflow/country_dag.py
[2024-11-26T23:26:04.150+0000] {processor.py:925} INFO - DAG(s) 'capstone' retrieved from /opt/airflow/dags/capstone_airflow/country_dag.py
[2024-11-26T23:26:04.218+0000] {logging_mixin.py:190} INFO - [2024-11-26T23:26:04.218+0000] {dag.py:3229} INFO - Sync 1 DAGs
[2024-11-26T23:26:04.437+0000] {logging_mixin.py:190} INFO - [2024-11-26T23:26:04.436+0000] {dag.py:4156} INFO - Setting next_dagrun for capstone to None, run_after=None
[2024-11-26T23:26:04.465+0000] {processor.py:208} INFO - Processing /opt/airflow/dags/capstone_airflow/country_dag.py took 2.232 seconds
[2024-11-26T23:26:35.300+0000] {processor.py:186} INFO - Started process (PID=2082) to work on /opt/airflow/dags/capstone_airflow/country_dag.py
[2024-11-26T23:26:35.301+0000] {processor.py:914} INFO - Processing file /opt/airflow/dags/capstone_airflow/country_dag.py for tasks to queue
[2024-11-26T23:26:35.303+0000] {logging_mixin.py:190} INFO - [2024-11-26T23:26:35.303+0000] {dagbag.py:587} INFO - Filling up the DagBag from /opt/airflow/dags/capstone_airflow/country_dag.py
[2024-11-26T23:26:36.461+0000] {processor.py:925} INFO - DAG(s) 'capstone' retrieved from /opt/airflow/dags/capstone_airflow/country_dag.py
[2024-11-26T23:26:36.830+0000] {logging_mixin.py:190} INFO - [2024-11-26T23:26:36.830+0000] {dag.py:3229} INFO - Sync 1 DAGs
[2024-11-26T23:26:36.846+0000] {logging_mixin.py:190} INFO - [2024-11-26T23:26:36.846+0000] {dag.py:4156} INFO - Setting next_dagrun for capstone to None, run_after=None
[2024-11-26T23:26:36.876+0000] {processor.py:208} INFO - Processing /opt/airflow/dags/capstone_airflow/country_dag.py took 1.585 seconds
[2024-11-26T23:27:07.066+0000] {processor.py:186} INFO - Started process (PID=2092) to work on /opt/airflow/dags/capstone_airflow/country_dag.py
[2024-11-26T23:27:07.068+0000] {processor.py:914} INFO - Processing file /opt/airflow/dags/capstone_airflow/country_dag.py for tasks to queue
[2024-11-26T23:27:07.070+0000] {logging_mixin.py:190} INFO - [2024-11-26T23:27:07.069+0000] {dagbag.py:587} INFO - Filling up the DagBag from /opt/airflow/dags/capstone_airflow/country_dag.py
[2024-11-26T23:27:08.320+0000] {processor.py:925} INFO - DAG(s) 'capstone' retrieved from /opt/airflow/dags/capstone_airflow/country_dag.py
[2024-11-26T23:27:08.385+0000] {logging_mixin.py:190} INFO - [2024-11-26T23:27:08.384+0000] {dag.py:3229} INFO - Sync 1 DAGs
[2024-11-26T23:27:08.401+0000] {logging_mixin.py:190} INFO - [2024-11-26T23:27:08.400+0000] {dag.py:4156} INFO - Setting next_dagrun for capstone to None, run_after=None
[2024-11-26T23:27:08.430+0000] {processor.py:208} INFO - Processing /opt/airflow/dags/capstone_airflow/country_dag.py took 1.374 seconds
[2024-11-26T23:27:38.980+0000] {processor.py:186} INFO - Started process (PID=2102) to work on /opt/airflow/dags/capstone_airflow/country_dag.py
[2024-11-26T23:27:38.981+0000] {processor.py:914} INFO - Processing file /opt/airflow/dags/capstone_airflow/country_dag.py for tasks to queue
[2024-11-26T23:27:38.984+0000] {logging_mixin.py:190} INFO - [2024-11-26T23:27:38.983+0000] {dagbag.py:587} INFO - Filling up the DagBag from /opt/airflow/dags/capstone_airflow/country_dag.py
[2024-11-26T23:27:40.274+0000] {processor.py:925} INFO - DAG(s) 'capstone' retrieved from /opt/airflow/dags/capstone_airflow/country_dag.py
[2024-11-26T23:27:40.354+0000] {logging_mixin.py:190} INFO - [2024-11-26T23:27:40.353+0000] {dag.py:3229} INFO - Sync 1 DAGs
[2024-11-26T23:27:40.381+0000] {logging_mixin.py:190} INFO - [2024-11-26T23:27:40.380+0000] {dag.py:4156} INFO - Setting next_dagrun for capstone to None, run_after=None
[2024-11-26T23:27:40.421+0000] {processor.py:208} INFO - Processing /opt/airflow/dags/capstone_airflow/country_dag.py took 1.448 seconds
[2024-11-26T23:28:10.811+0000] {processor.py:186} INFO - Started process (PID=2112) to work on /opt/airflow/dags/capstone_airflow/country_dag.py
[2024-11-26T23:28:10.812+0000] {processor.py:914} INFO - Processing file /opt/airflow/dags/capstone_airflow/country_dag.py for tasks to queue
[2024-11-26T23:28:10.814+0000] {logging_mixin.py:190} INFO - [2024-11-26T23:28:10.814+0000] {dagbag.py:587} INFO - Filling up the DagBag from /opt/airflow/dags/capstone_airflow/country_dag.py
[2024-11-26T23:28:11.970+0000] {processor.py:925} INFO - DAG(s) 'capstone' retrieved from /opt/airflow/dags/capstone_airflow/country_dag.py
[2024-11-26T23:28:12.044+0000] {logging_mixin.py:190} INFO - [2024-11-26T23:28:12.043+0000] {dag.py:3229} INFO - Sync 1 DAGs
[2024-11-26T23:28:12.069+0000] {logging_mixin.py:190} INFO - [2024-11-26T23:28:12.068+0000] {dag.py:4156} INFO - Setting next_dagrun for capstone to None, run_after=None
[2024-11-26T23:28:12.103+0000] {processor.py:208} INFO - Processing /opt/airflow/dags/capstone_airflow/country_dag.py took 1.302 seconds
[2024-11-26T23:28:42.456+0000] {processor.py:186} INFO - Started process (PID=2122) to work on /opt/airflow/dags/capstone_airflow/country_dag.py
[2024-11-26T23:28:42.458+0000] {processor.py:914} INFO - Processing file /opt/airflow/dags/capstone_airflow/country_dag.py for tasks to queue
[2024-11-26T23:28:42.460+0000] {logging_mixin.py:190} INFO - [2024-11-26T23:28:42.459+0000] {dagbag.py:587} INFO - Filling up the DagBag from /opt/airflow/dags/capstone_airflow/country_dag.py
[2024-11-26T23:28:43.351+0000] {processor.py:925} INFO - DAG(s) 'capstone' retrieved from /opt/airflow/dags/capstone_airflow/country_dag.py
[2024-11-26T23:28:43.431+0000] {logging_mixin.py:190} INFO - [2024-11-26T23:28:43.430+0000] {dag.py:3229} INFO - Sync 1 DAGs
[2024-11-26T23:28:43.666+0000] {logging_mixin.py:190} INFO - [2024-11-26T23:28:43.666+0000] {dag.py:4156} INFO - Setting next_dagrun for capstone to None, run_after=None
[2024-11-26T23:28:43.746+0000] {processor.py:208} INFO - Processing /opt/airflow/dags/capstone_airflow/country_dag.py took 1.301 seconds
[2024-11-26T23:29:14.640+0000] {processor.py:186} INFO - Started process (PID=2138) to work on /opt/airflow/dags/capstone_airflow/country_dag.py
[2024-11-26T23:29:14.641+0000] {processor.py:914} INFO - Processing file /opt/airflow/dags/capstone_airflow/country_dag.py for tasks to queue
[2024-11-26T23:29:14.645+0000] {logging_mixin.py:190} INFO - [2024-11-26T23:29:14.644+0000] {dagbag.py:587} INFO - Filling up the DagBag from /opt/airflow/dags/capstone_airflow/country_dag.py
[2024-11-26T23:29:15.895+0000] {processor.py:925} INFO - DAG(s) 'capstone' retrieved from /opt/airflow/dags/capstone_airflow/country_dag.py
[2024-11-26T23:29:16.209+0000] {logging_mixin.py:190} INFO - [2024-11-26T23:29:16.209+0000] {dag.py:3229} INFO - Sync 1 DAGs
[2024-11-26T23:29:16.233+0000] {logging_mixin.py:190} INFO - [2024-11-26T23:29:16.233+0000] {dag.py:4156} INFO - Setting next_dagrun for capstone to None, run_after=None
[2024-11-26T23:29:16.271+0000] {processor.py:208} INFO - Processing /opt/airflow/dags/capstone_airflow/country_dag.py took 1.650 seconds
[2024-11-26T23:29:47.129+0000] {processor.py:186} INFO - Started process (PID=2148) to work on /opt/airflow/dags/capstone_airflow/country_dag.py
[2024-11-26T23:29:47.134+0000] {processor.py:914} INFO - Processing file /opt/airflow/dags/capstone_airflow/country_dag.py for tasks to queue
[2024-11-26T23:29:47.138+0000] {logging_mixin.py:190} INFO - [2024-11-26T23:29:47.137+0000] {dagbag.py:587} INFO - Filling up the DagBag from /opt/airflow/dags/capstone_airflow/country_dag.py
[2024-11-26T23:29:48.611+0000] {processor.py:925} INFO - DAG(s) 'capstone' retrieved from /opt/airflow/dags/capstone_airflow/country_dag.py
[2024-11-26T23:29:48.688+0000] {logging_mixin.py:190} INFO - [2024-11-26T23:29:48.688+0000] {dag.py:3229} INFO - Sync 1 DAGs
[2024-11-26T23:29:48.707+0000] {logging_mixin.py:190} INFO - [2024-11-26T23:29:48.707+0000] {dag.py:4156} INFO - Setting next_dagrun for capstone to None, run_after=None
[2024-11-26T23:29:48.739+0000] {processor.py:208} INFO - Processing /opt/airflow/dags/capstone_airflow/country_dag.py took 1.623 seconds
[2024-11-26T23:30:19.495+0000] {processor.py:186} INFO - Started process (PID=2158) to work on /opt/airflow/dags/capstone_airflow/country_dag.py
[2024-11-26T23:30:19.497+0000] {processor.py:914} INFO - Processing file /opt/airflow/dags/capstone_airflow/country_dag.py for tasks to queue
[2024-11-26T23:30:19.500+0000] {logging_mixin.py:190} INFO - [2024-11-26T23:30:19.500+0000] {dagbag.py:587} INFO - Filling up the DagBag from /opt/airflow/dags/capstone_airflow/country_dag.py
[2024-11-26T23:30:20.859+0000] {processor.py:925} INFO - DAG(s) 'capstone' retrieved from /opt/airflow/dags/capstone_airflow/country_dag.py
[2024-11-26T23:30:20.934+0000] {logging_mixin.py:190} INFO - [2024-11-26T23:30:20.934+0000] {dag.py:3229} INFO - Sync 1 DAGs
[2024-11-26T23:30:20.950+0000] {logging_mixin.py:190} INFO - [2024-11-26T23:30:20.950+0000] {dag.py:4156} INFO - Setting next_dagrun for capstone to None, run_after=None
[2024-11-26T23:30:20.986+0000] {processor.py:208} INFO - Processing /opt/airflow/dags/capstone_airflow/country_dag.py took 1.508 seconds
[2024-11-26T23:30:51.248+0000] {processor.py:186} INFO - Started process (PID=2168) to work on /opt/airflow/dags/capstone_airflow/country_dag.py
[2024-11-26T23:30:51.250+0000] {processor.py:914} INFO - Processing file /opt/airflow/dags/capstone_airflow/country_dag.py for tasks to queue
[2024-11-26T23:30:51.252+0000] {logging_mixin.py:190} INFO - [2024-11-26T23:30:51.251+0000] {dagbag.py:587} INFO - Filling up the DagBag from /opt/airflow/dags/capstone_airflow/country_dag.py
[2024-11-26T23:30:52.415+0000] {processor.py:925} INFO - DAG(s) 'capstone' retrieved from /opt/airflow/dags/capstone_airflow/country_dag.py
[2024-11-26T23:30:52.482+0000] {logging_mixin.py:190} INFO - [2024-11-26T23:30:52.482+0000] {dag.py:3229} INFO - Sync 1 DAGs
[2024-11-26T23:30:52.499+0000] {logging_mixin.py:190} INFO - [2024-11-26T23:30:52.499+0000] {dag.py:4156} INFO - Setting next_dagrun for capstone to None, run_after=None
[2024-11-26T23:30:52.531+0000] {processor.py:208} INFO - Processing /opt/airflow/dags/capstone_airflow/country_dag.py took 1.292 seconds
[2024-11-26T23:31:22.998+0000] {processor.py:186} INFO - Started process (PID=2178) to work on /opt/airflow/dags/capstone_airflow/country_dag.py
[2024-11-26T23:31:23.000+0000] {processor.py:914} INFO - Processing file /opt/airflow/dags/capstone_airflow/country_dag.py for tasks to queue
[2024-11-26T23:31:23.002+0000] {logging_mixin.py:190} INFO - [2024-11-26T23:31:23.001+0000] {dagbag.py:587} INFO - Filling up the DagBag from /opt/airflow/dags/capstone_airflow/country_dag.py
[2024-11-26T23:31:24.309+0000] {processor.py:925} INFO - DAG(s) 'capstone' retrieved from /opt/airflow/dags/capstone_airflow/country_dag.py
[2024-11-26T23:31:24.375+0000] {logging_mixin.py:190} INFO - [2024-11-26T23:31:24.374+0000] {dag.py:3229} INFO - Sync 1 DAGs
[2024-11-26T23:31:24.392+0000] {logging_mixin.py:190} INFO - [2024-11-26T23:31:24.391+0000] {dag.py:4156} INFO - Setting next_dagrun for capstone to None, run_after=None
[2024-11-26T23:31:24.442+0000] {processor.py:208} INFO - Processing /opt/airflow/dags/capstone_airflow/country_dag.py took 1.452 seconds
[2024-11-26T23:31:54.566+0000] {processor.py:186} INFO - Started process (PID=2188) to work on /opt/airflow/dags/capstone_airflow/country_dag.py
[2024-11-26T23:31:54.567+0000] {processor.py:914} INFO - Processing file /opt/airflow/dags/capstone_airflow/country_dag.py for tasks to queue
[2024-11-26T23:31:54.569+0000] {logging_mixin.py:190} INFO - [2024-11-26T23:31:54.568+0000] {dagbag.py:587} INFO - Filling up the DagBag from /opt/airflow/dags/capstone_airflow/country_dag.py
[2024-11-26T23:31:55.554+0000] {processor.py:925} INFO - DAG(s) 'capstone' retrieved from /opt/airflow/dags/capstone_airflow/country_dag.py
[2024-11-26T23:31:55.828+0000] {logging_mixin.py:190} INFO - [2024-11-26T23:31:55.828+0000] {dag.py:3229} INFO - Sync 1 DAGs
[2024-11-26T23:31:55.845+0000] {logging_mixin.py:190} INFO - [2024-11-26T23:31:55.845+0000] {dag.py:4156} INFO - Setting next_dagrun for capstone to None, run_after=None
[2024-11-26T23:31:55.874+0000] {processor.py:208} INFO - Processing /opt/airflow/dags/capstone_airflow/country_dag.py took 1.318 seconds
[2024-11-26T23:32:26.376+0000] {processor.py:186} INFO - Started process (PID=2198) to work on /opt/airflow/dags/capstone_airflow/country_dag.py
[2024-11-26T23:32:26.378+0000] {processor.py:914} INFO - Processing file /opt/airflow/dags/capstone_airflow/country_dag.py for tasks to queue
[2024-11-26T23:32:26.381+0000] {logging_mixin.py:190} INFO - [2024-11-26T23:32:26.380+0000] {dagbag.py:587} INFO - Filling up the DagBag from /opt/airflow/dags/capstone_airflow/country_dag.py
[2024-11-26T23:32:27.471+0000] {processor.py:925} INFO - DAG(s) 'capstone' retrieved from /opt/airflow/dags/capstone_airflow/country_dag.py
[2024-11-26T23:32:27.536+0000] {logging_mixin.py:190} INFO - [2024-11-26T23:32:27.536+0000] {dag.py:3229} INFO - Sync 1 DAGs
[2024-11-26T23:32:27.552+0000] {logging_mixin.py:190} INFO - [2024-11-26T23:32:27.551+0000] {dag.py:4156} INFO - Setting next_dagrun for capstone to None, run_after=None
[2024-11-26T23:32:27.580+0000] {processor.py:208} INFO - Processing /opt/airflow/dags/capstone_airflow/country_dag.py took 1.214 seconds
[2024-11-26T23:32:58.579+0000] {processor.py:186} INFO - Started process (PID=2209) to work on /opt/airflow/dags/capstone_airflow/country_dag.py
[2024-11-26T23:32:58.580+0000] {processor.py:914} INFO - Processing file /opt/airflow/dags/capstone_airflow/country_dag.py for tasks to queue
[2024-11-26T23:32:58.582+0000] {logging_mixin.py:190} INFO - [2024-11-26T23:32:58.582+0000] {dagbag.py:587} INFO - Filling up the DagBag from /opt/airflow/dags/capstone_airflow/country_dag.py
[2024-11-26T23:32:59.758+0000] {processor.py:925} INFO - DAG(s) 'capstone' retrieved from /opt/airflow/dags/capstone_airflow/country_dag.py
[2024-11-26T23:32:59.824+0000] {logging_mixin.py:190} INFO - [2024-11-26T23:32:59.823+0000] {dag.py:3229} INFO - Sync 1 DAGs
[2024-11-26T23:32:59.846+0000] {logging_mixin.py:190} INFO - [2024-11-26T23:32:59.846+0000] {dag.py:4156} INFO - Setting next_dagrun for capstone to None, run_after=None
[2024-11-26T23:32:59.875+0000] {processor.py:208} INFO - Processing /opt/airflow/dags/capstone_airflow/country_dag.py took 1.303 seconds
[2024-11-26T23:33:30.255+0000] {processor.py:186} INFO - Started process (PID=2219) to work on /opt/airflow/dags/capstone_airflow/country_dag.py
[2024-11-26T23:33:30.260+0000] {processor.py:914} INFO - Processing file /opt/airflow/dags/capstone_airflow/country_dag.py for tasks to queue
[2024-11-26T23:33:30.268+0000] {logging_mixin.py:190} INFO - [2024-11-26T23:33:30.264+0000] {dagbag.py:587} INFO - Filling up the DagBag from /opt/airflow/dags/capstone_airflow/country_dag.py
[2024-11-26T23:33:31.498+0000] {processor.py:925} INFO - DAG(s) 'capstone' retrieved from /opt/airflow/dags/capstone_airflow/country_dag.py
[2024-11-26T23:33:31.572+0000] {logging_mixin.py:190} INFO - [2024-11-26T23:33:31.571+0000] {dag.py:3229} INFO - Sync 1 DAGs
[2024-11-26T23:33:31.589+0000] {logging_mixin.py:190} INFO - [2024-11-26T23:33:31.589+0000] {dag.py:4156} INFO - Setting next_dagrun for capstone to None, run_after=None
[2024-11-26T23:33:31.629+0000] {processor.py:208} INFO - Processing /opt/airflow/dags/capstone_airflow/country_dag.py took 1.391 seconds
[2024-11-26T23:34:02.454+0000] {processor.py:186} INFO - Started process (PID=2230) to work on /opt/airflow/dags/capstone_airflow/country_dag.py
[2024-11-26T23:34:02.458+0000] {processor.py:914} INFO - Processing file /opt/airflow/dags/capstone_airflow/country_dag.py for tasks to queue
[2024-11-26T23:34:02.461+0000] {logging_mixin.py:190} INFO - [2024-11-26T23:34:02.460+0000] {dagbag.py:587} INFO - Filling up the DagBag from /opt/airflow/dags/capstone_airflow/country_dag.py
[2024-11-26T23:34:03.805+0000] {processor.py:925} INFO - DAG(s) 'capstone' retrieved from /opt/airflow/dags/capstone_airflow/country_dag.py
[2024-11-26T23:34:03.868+0000] {logging_mixin.py:190} INFO - [2024-11-26T23:34:03.867+0000] {dag.py:3229} INFO - Sync 1 DAGs
[2024-11-26T23:34:03.893+0000] {logging_mixin.py:190} INFO - [2024-11-26T23:34:03.892+0000] {dag.py:4156} INFO - Setting next_dagrun for capstone to None, run_after=None
[2024-11-26T23:34:03.924+0000] {processor.py:208} INFO - Processing /opt/airflow/dags/capstone_airflow/country_dag.py took 1.493 seconds
[2024-11-26T23:34:34.549+0000] {processor.py:186} INFO - Started process (PID=2240) to work on /opt/airflow/dags/capstone_airflow/country_dag.py
[2024-11-26T23:34:34.551+0000] {processor.py:914} INFO - Processing file /opt/airflow/dags/capstone_airflow/country_dag.py for tasks to queue
[2024-11-26T23:34:34.553+0000] {logging_mixin.py:190} INFO - [2024-11-26T23:34:34.552+0000] {dagbag.py:587} INFO - Filling up the DagBag from /opt/airflow/dags/capstone_airflow/country_dag.py
[2024-11-26T23:34:35.442+0000] {processor.py:925} INFO - DAG(s) 'capstone' retrieved from /opt/airflow/dags/capstone_airflow/country_dag.py
[2024-11-26T23:34:35.713+0000] {logging_mixin.py:190} INFO - [2024-11-26T23:34:35.712+0000] {dag.py:3229} INFO - Sync 1 DAGs
[2024-11-26T23:34:35.731+0000] {logging_mixin.py:190} INFO - [2024-11-26T23:34:35.731+0000] {dag.py:4156} INFO - Setting next_dagrun for capstone to None, run_after=None
[2024-11-26T23:34:35.760+0000] {processor.py:208} INFO - Processing /opt/airflow/dags/capstone_airflow/country_dag.py took 1.219 seconds
[2024-11-26T23:35:06.658+0000] {processor.py:186} INFO - Started process (PID=2249) to work on /opt/airflow/dags/capstone_airflow/country_dag.py
[2024-11-26T23:35:06.660+0000] {processor.py:914} INFO - Processing file /opt/airflow/dags/capstone_airflow/country_dag.py for tasks to queue
[2024-11-26T23:35:06.663+0000] {logging_mixin.py:190} INFO - [2024-11-26T23:35:06.662+0000] {dagbag.py:587} INFO - Filling up the DagBag from /opt/airflow/dags/capstone_airflow/country_dag.py
[2024-11-26T23:35:07.758+0000] {processor.py:925} INFO - DAG(s) 'capstone' retrieved from /opt/airflow/dags/capstone_airflow/country_dag.py
[2024-11-26T23:35:07.831+0000] {logging_mixin.py:190} INFO - [2024-11-26T23:35:07.830+0000] {dag.py:3229} INFO - Sync 1 DAGs
[2024-11-26T23:35:07.849+0000] {logging_mixin.py:190} INFO - [2024-11-26T23:35:07.848+0000] {dag.py:4156} INFO - Setting next_dagrun for capstone to None, run_after=None
[2024-11-26T23:35:07.884+0000] {processor.py:208} INFO - Processing /opt/airflow/dags/capstone_airflow/country_dag.py took 1.236 seconds
[2024-11-26T23:35:38.616+0000] {processor.py:186} INFO - Started process (PID=2259) to work on /opt/airflow/dags/capstone_airflow/country_dag.py
[2024-11-26T23:35:38.617+0000] {processor.py:914} INFO - Processing file /opt/airflow/dags/capstone_airflow/country_dag.py for tasks to queue
[2024-11-26T23:35:38.619+0000] {logging_mixin.py:190} INFO - [2024-11-26T23:35:38.618+0000] {dagbag.py:587} INFO - Filling up the DagBag from /opt/airflow/dags/capstone_airflow/country_dag.py
[2024-11-26T23:35:39.893+0000] {processor.py:925} INFO - DAG(s) 'capstone' retrieved from /opt/airflow/dags/capstone_airflow/country_dag.py
[2024-11-26T23:35:39.967+0000] {logging_mixin.py:190} INFO - [2024-11-26T23:35:39.966+0000] {dag.py:3229} INFO - Sync 1 DAGs
[2024-11-26T23:35:39.987+0000] {logging_mixin.py:190} INFO - [2024-11-26T23:35:39.987+0000] {dag.py:4156} INFO - Setting next_dagrun for capstone to None, run_after=None
[2024-11-26T23:35:40.060+0000] {processor.py:208} INFO - Processing /opt/airflow/dags/capstone_airflow/country_dag.py took 1.453 seconds
[2024-11-26T23:36:10.438+0000] {processor.py:186} INFO - Started process (PID=2269) to work on /opt/airflow/dags/capstone_airflow/country_dag.py
[2024-11-26T23:36:10.439+0000] {processor.py:914} INFO - Processing file /opt/airflow/dags/capstone_airflow/country_dag.py for tasks to queue
[2024-11-26T23:36:10.441+0000] {logging_mixin.py:190} INFO - [2024-11-26T23:36:10.441+0000] {dagbag.py:587} INFO - Filling up the DagBag from /opt/airflow/dags/capstone_airflow/country_dag.py
[2024-11-26T23:36:11.676+0000] {processor.py:925} INFO - DAG(s) 'capstone' retrieved from /opt/airflow/dags/capstone_airflow/country_dag.py
[2024-11-26T23:36:11.765+0000] {logging_mixin.py:190} INFO - [2024-11-26T23:36:11.764+0000] {dag.py:3229} INFO - Sync 1 DAGs
[2024-11-26T23:36:11.786+0000] {logging_mixin.py:190} INFO - [2024-11-26T23:36:11.785+0000] {dag.py:4156} INFO - Setting next_dagrun for capstone to None, run_after=None
[2024-11-26T23:36:11.820+0000] {processor.py:208} INFO - Processing /opt/airflow/dags/capstone_airflow/country_dag.py took 1.390 seconds
[2024-11-26T23:36:42.157+0000] {processor.py:186} INFO - Started process (PID=2279) to work on /opt/airflow/dags/capstone_airflow/country_dag.py
[2024-11-26T23:36:42.160+0000] {processor.py:914} INFO - Processing file /opt/airflow/dags/capstone_airflow/country_dag.py for tasks to queue
[2024-11-26T23:36:42.162+0000] {logging_mixin.py:190} INFO - [2024-11-26T23:36:42.162+0000] {dagbag.py:587} INFO - Filling up the DagBag from /opt/airflow/dags/capstone_airflow/country_dag.py
[2024-11-26T23:36:43.552+0000] {processor.py:925} INFO - DAG(s) 'capstone' retrieved from /opt/airflow/dags/capstone_airflow/country_dag.py
[2024-11-26T23:36:43.622+0000] {logging_mixin.py:190} INFO - [2024-11-26T23:36:43.621+0000] {dag.py:3229} INFO - Sync 1 DAGs
[2024-11-26T23:36:43.650+0000] {logging_mixin.py:190} INFO - [2024-11-26T23:36:43.650+0000] {dag.py:4156} INFO - Setting next_dagrun for capstone to None, run_after=None
[2024-11-26T23:36:43.680+0000] {processor.py:208} INFO - Processing /opt/airflow/dags/capstone_airflow/country_dag.py took 1.533 seconds
[2024-11-26T23:37:14.182+0000] {processor.py:186} INFO - Started process (PID=2289) to work on /opt/airflow/dags/capstone_airflow/country_dag.py
[2024-11-26T23:37:14.183+0000] {processor.py:914} INFO - Processing file /opt/airflow/dags/capstone_airflow/country_dag.py for tasks to queue
[2024-11-26T23:37:14.185+0000] {logging_mixin.py:190} INFO - [2024-11-26T23:37:14.185+0000] {dagbag.py:587} INFO - Filling up the DagBag from /opt/airflow/dags/capstone_airflow/country_dag.py
[2024-11-26T23:37:15.363+0000] {processor.py:925} INFO - DAG(s) 'capstone' retrieved from /opt/airflow/dags/capstone_airflow/country_dag.py
[2024-11-26T23:37:15.447+0000] {logging_mixin.py:190} INFO - [2024-11-26T23:37:15.446+0000] {dag.py:3229} INFO - Sync 1 DAGs
[2024-11-26T23:37:15.480+0000] {logging_mixin.py:190} INFO - [2024-11-26T23:37:15.479+0000] {dag.py:4156} INFO - Setting next_dagrun for capstone to None, run_after=None
[2024-11-26T23:37:15.520+0000] {processor.py:208} INFO - Processing /opt/airflow/dags/capstone_airflow/country_dag.py took 1.345 seconds
[2024-11-26T23:37:45.802+0000] {processor.py:186} INFO - Started process (PID=2304) to work on /opt/airflow/dags/capstone_airflow/country_dag.py
[2024-11-26T23:37:45.804+0000] {processor.py:914} INFO - Processing file /opt/airflow/dags/capstone_airflow/country_dag.py for tasks to queue
[2024-11-26T23:37:45.806+0000] {logging_mixin.py:190} INFO - [2024-11-26T23:37:45.805+0000] {dagbag.py:587} INFO - Filling up the DagBag from /opt/airflow/dags/capstone_airflow/country_dag.py
[2024-11-26T23:37:47.383+0000] {processor.py:925} INFO - DAG(s) 'capstone' retrieved from /opt/airflow/dags/capstone_airflow/country_dag.py
[2024-11-26T23:37:47.455+0000] {logging_mixin.py:190} INFO - [2024-11-26T23:37:47.454+0000] {dag.py:3229} INFO - Sync 1 DAGs
[2024-11-26T23:37:47.471+0000] {logging_mixin.py:190} INFO - [2024-11-26T23:37:47.471+0000] {dag.py:4156} INFO - Setting next_dagrun for capstone to None, run_after=None
[2024-11-26T23:37:47.501+0000] {processor.py:208} INFO - Processing /opt/airflow/dags/capstone_airflow/country_dag.py took 1.707 seconds
[2024-11-26T23:38:17.696+0000] {processor.py:186} INFO - Started process (PID=2314) to work on /opt/airflow/dags/capstone_airflow/country_dag.py
[2024-11-26T23:38:17.701+0000] {processor.py:914} INFO - Processing file /opt/airflow/dags/capstone_airflow/country_dag.py for tasks to queue
[2024-11-26T23:38:17.710+0000] {logging_mixin.py:190} INFO - [2024-11-26T23:38:17.709+0000] {dagbag.py:587} INFO - Filling up the DagBag from /opt/airflow/dags/capstone_airflow/country_dag.py
[2024-11-26T23:38:19.086+0000] {processor.py:925} INFO - DAG(s) 'capstone' retrieved from /opt/airflow/dags/capstone_airflow/country_dag.py
[2024-11-26T23:38:19.157+0000] {logging_mixin.py:190} INFO - [2024-11-26T23:38:19.156+0000] {dag.py:3229} INFO - Sync 1 DAGs
[2024-11-26T23:38:19.173+0000] {logging_mixin.py:190} INFO - [2024-11-26T23:38:19.173+0000] {dag.py:4156} INFO - Setting next_dagrun for capstone to None, run_after=None
[2024-11-26T23:38:19.203+0000] {processor.py:208} INFO - Processing /opt/airflow/dags/capstone_airflow/country_dag.py took 1.526 seconds
[2024-11-26T23:38:50.039+0000] {processor.py:186} INFO - Started process (PID=2325) to work on /opt/airflow/dags/capstone_airflow/country_dag.py
[2024-11-26T23:38:50.041+0000] {processor.py:914} INFO - Processing file /opt/airflow/dags/capstone_airflow/country_dag.py for tasks to queue
[2024-11-26T23:38:50.043+0000] {logging_mixin.py:190} INFO - [2024-11-26T23:38:50.042+0000] {dagbag.py:587} INFO - Filling up the DagBag from /opt/airflow/dags/capstone_airflow/country_dag.py
[2024-11-26T23:38:51.174+0000] {processor.py:925} INFO - DAG(s) 'capstone' retrieved from /opt/airflow/dags/capstone_airflow/country_dag.py
[2024-11-26T23:38:51.255+0000] {logging_mixin.py:190} INFO - [2024-11-26T23:38:51.254+0000] {dag.py:3229} INFO - Sync 1 DAGs
[2024-11-26T23:38:51.272+0000] {logging_mixin.py:190} INFO - [2024-11-26T23:38:51.271+0000] {dag.py:4156} INFO - Setting next_dagrun for capstone to None, run_after=None
[2024-11-26T23:38:51.300+0000] {processor.py:208} INFO - Processing /opt/airflow/dags/capstone_airflow/country_dag.py took 1.269 seconds
[2024-11-26T23:39:21.995+0000] {processor.py:186} INFO - Started process (PID=2336) to work on /opt/airflow/dags/capstone_airflow/country_dag.py
[2024-11-26T23:39:21.996+0000] {processor.py:914} INFO - Processing file /opt/airflow/dags/capstone_airflow/country_dag.py for tasks to queue
[2024-11-26T23:39:21.999+0000] {logging_mixin.py:190} INFO - [2024-11-26T23:39:21.998+0000] {dagbag.py:587} INFO - Filling up the DagBag from /opt/airflow/dags/capstone_airflow/country_dag.py
[2024-11-26T23:39:23.068+0000] {processor.py:925} INFO - DAG(s) 'capstone' retrieved from /opt/airflow/dags/capstone_airflow/country_dag.py
[2024-11-26T23:39:23.135+0000] {logging_mixin.py:190} INFO - [2024-11-26T23:39:23.135+0000] {dag.py:3229} INFO - Sync 1 DAGs
[2024-11-26T23:39:23.153+0000] {logging_mixin.py:190} INFO - [2024-11-26T23:39:23.152+0000] {dag.py:4156} INFO - Setting next_dagrun for capstone to None, run_after=None
[2024-11-26T23:39:23.181+0000] {processor.py:208} INFO - Processing /opt/airflow/dags/capstone_airflow/country_dag.py took 1.196 seconds
[2024-11-26T23:39:53.788+0000] {processor.py:186} INFO - Started process (PID=2346) to work on /opt/airflow/dags/capstone_airflow/country_dag.py
[2024-11-26T23:39:53.789+0000] {processor.py:914} INFO - Processing file /opt/airflow/dags/capstone_airflow/country_dag.py for tasks to queue
[2024-11-26T23:39:53.792+0000] {logging_mixin.py:190} INFO - [2024-11-26T23:39:53.791+0000] {dagbag.py:587} INFO - Filling up the DagBag from /opt/airflow/dags/capstone_airflow/country_dag.py
[2024-11-26T23:39:55.057+0000] {processor.py:925} INFO - DAG(s) 'capstone' retrieved from /opt/airflow/dags/capstone_airflow/country_dag.py
[2024-11-26T23:39:55.127+0000] {logging_mixin.py:190} INFO - [2024-11-26T23:39:55.126+0000] {dag.py:3229} INFO - Sync 1 DAGs
[2024-11-26T23:39:55.142+0000] {logging_mixin.py:190} INFO - [2024-11-26T23:39:55.142+0000] {dag.py:4156} INFO - Setting next_dagrun for capstone to None, run_after=None
[2024-11-26T23:39:55.180+0000] {processor.py:208} INFO - Processing /opt/airflow/dags/capstone_airflow/country_dag.py took 1.401 seconds
[2024-11-26T23:40:25.651+0000] {processor.py:186} INFO - Started process (PID=2356) to work on /opt/airflow/dags/capstone_airflow/country_dag.py
[2024-11-26T23:40:25.655+0000] {processor.py:914} INFO - Processing file /opt/airflow/dags/capstone_airflow/country_dag.py for tasks to queue
[2024-11-26T23:40:25.659+0000] {logging_mixin.py:190} INFO - [2024-11-26T23:40:25.658+0000] {dagbag.py:587} INFO - Filling up the DagBag from /opt/airflow/dags/capstone_airflow/country_dag.py
[2024-11-26T23:40:26.942+0000] {processor.py:925} INFO - DAG(s) 'capstone' retrieved from /opt/airflow/dags/capstone_airflow/country_dag.py
[2024-11-26T23:40:27.011+0000] {logging_mixin.py:190} INFO - [2024-11-26T23:40:27.011+0000] {dag.py:3229} INFO - Sync 1 DAGs
[2024-11-26T23:40:27.027+0000] {logging_mixin.py:190} INFO - [2024-11-26T23:40:27.027+0000] {dag.py:4156} INFO - Setting next_dagrun for capstone to None, run_after=None
[2024-11-26T23:40:27.055+0000] {processor.py:208} INFO - Processing /opt/airflow/dags/capstone_airflow/country_dag.py took 1.432 seconds
[2024-11-26T23:40:58.083+0000] {processor.py:186} INFO - Started process (PID=2367) to work on /opt/airflow/dags/capstone_airflow/country_dag.py
[2024-11-26T23:40:58.085+0000] {processor.py:914} INFO - Processing file /opt/airflow/dags/capstone_airflow/country_dag.py for tasks to queue
[2024-11-26T23:40:58.087+0000] {logging_mixin.py:190} INFO - [2024-11-26T23:40:58.087+0000] {dagbag.py:587} INFO - Filling up the DagBag from /opt/airflow/dags/capstone_airflow/country_dag.py
[2024-11-26T23:40:59.553+0000] {processor.py:925} INFO - DAG(s) 'capstone' retrieved from /opt/airflow/dags/capstone_airflow/country_dag.py
[2024-11-26T23:40:59.623+0000] {logging_mixin.py:190} INFO - [2024-11-26T23:40:59.622+0000] {dag.py:3229} INFO - Sync 1 DAGs
[2024-11-26T23:40:59.641+0000] {logging_mixin.py:190} INFO - [2024-11-26T23:40:59.641+0000] {dag.py:4156} INFO - Setting next_dagrun for capstone to None, run_after=None
[2024-11-26T23:40:59.677+0000] {processor.py:208} INFO - Processing /opt/airflow/dags/capstone_airflow/country_dag.py took 1.608 seconds
[2024-11-26T23:41:29.962+0000] {processor.py:186} INFO - Started process (PID=2377) to work on /opt/airflow/dags/capstone_airflow/country_dag.py
[2024-11-26T23:41:29.963+0000] {processor.py:914} INFO - Processing file /opt/airflow/dags/capstone_airflow/country_dag.py for tasks to queue
[2024-11-26T23:41:29.965+0000] {logging_mixin.py:190} INFO - [2024-11-26T23:41:29.965+0000] {dagbag.py:587} INFO - Filling up the DagBag from /opt/airflow/dags/capstone_airflow/country_dag.py
[2024-11-26T23:41:31.188+0000] {processor.py:925} INFO - DAG(s) 'capstone' retrieved from /opt/airflow/dags/capstone_airflow/country_dag.py
[2024-11-26T23:41:31.258+0000] {logging_mixin.py:190} INFO - [2024-11-26T23:41:31.257+0000] {dag.py:3229} INFO - Sync 1 DAGs
[2024-11-26T23:41:31.273+0000] {logging_mixin.py:190} INFO - [2024-11-26T23:41:31.273+0000] {dag.py:4156} INFO - Setting next_dagrun for capstone to None, run_after=None
[2024-11-26T23:41:31.307+0000] {processor.py:208} INFO - Processing /opt/airflow/dags/capstone_airflow/country_dag.py took 1.355 seconds
[2024-11-26T23:42:02.376+0000] {processor.py:186} INFO - Started process (PID=2387) to work on /opt/airflow/dags/capstone_airflow/country_dag.py
[2024-11-26T23:42:02.379+0000] {processor.py:914} INFO - Processing file /opt/airflow/dags/capstone_airflow/country_dag.py for tasks to queue
[2024-11-26T23:42:02.383+0000] {logging_mixin.py:190} INFO - [2024-11-26T23:42:02.382+0000] {dagbag.py:587} INFO - Filling up the DagBag from /opt/airflow/dags/capstone_airflow/country_dag.py
[2024-11-26T23:42:04.801+0000] {processor.py:925} INFO - DAG(s) 'capstone' retrieved from /opt/airflow/dags/capstone_airflow/country_dag.py
[2024-11-26T23:42:04.891+0000] {logging_mixin.py:190} INFO - [2024-11-26T23:42:04.890+0000] {dag.py:3229} INFO - Sync 1 DAGs
[2024-11-26T23:42:04.919+0000] {logging_mixin.py:190} INFO - [2024-11-26T23:42:04.919+0000] {dag.py:4156} INFO - Setting next_dagrun for capstone to None, run_after=None
[2024-11-26T23:42:04.955+0000] {processor.py:208} INFO - Processing /opt/airflow/dags/capstone_airflow/country_dag.py took 2.601 seconds
[2024-11-26T23:42:35.625+0000] {processor.py:186} INFO - Started process (PID=2397) to work on /opt/airflow/dags/capstone_airflow/country_dag.py
[2024-11-26T23:42:35.628+0000] {processor.py:914} INFO - Processing file /opt/airflow/dags/capstone_airflow/country_dag.py for tasks to queue
[2024-11-26T23:42:35.630+0000] {logging_mixin.py:190} INFO - [2024-11-26T23:42:35.630+0000] {dagbag.py:587} INFO - Filling up the DagBag from /opt/airflow/dags/capstone_airflow/country_dag.py
[2024-11-26T23:42:37.019+0000] {processor.py:925} INFO - DAG(s) 'capstone' retrieved from /opt/airflow/dags/capstone_airflow/country_dag.py
[2024-11-26T23:42:37.108+0000] {logging_mixin.py:190} INFO - [2024-11-26T23:42:37.107+0000] {dag.py:3229} INFO - Sync 1 DAGs
[2024-11-26T23:42:37.131+0000] {logging_mixin.py:190} INFO - [2024-11-26T23:42:37.130+0000] {dag.py:4156} INFO - Setting next_dagrun for capstone to None, run_after=None
[2024-11-26T23:42:37.169+0000] {processor.py:208} INFO - Processing /opt/airflow/dags/capstone_airflow/country_dag.py took 1.554 seconds
[2024-11-26T23:43:07.956+0000] {processor.py:186} INFO - Started process (PID=2407) to work on /opt/airflow/dags/capstone_airflow/country_dag.py
[2024-11-26T23:43:07.957+0000] {processor.py:914} INFO - Processing file /opt/airflow/dags/capstone_airflow/country_dag.py for tasks to queue
[2024-11-26T23:43:07.959+0000] {logging_mixin.py:190} INFO - [2024-11-26T23:43:07.959+0000] {dagbag.py:587} INFO - Filling up the DagBag from /opt/airflow/dags/capstone_airflow/country_dag.py
[2024-11-26T23:43:09.021+0000] {processor.py:925} INFO - DAG(s) 'capstone' retrieved from /opt/airflow/dags/capstone_airflow/country_dag.py
[2024-11-26T23:43:09.088+0000] {logging_mixin.py:190} INFO - [2024-11-26T23:43:09.087+0000] {dag.py:3229} INFO - Sync 1 DAGs
[2024-11-26T23:43:09.105+0000] {logging_mixin.py:190} INFO - [2024-11-26T23:43:09.104+0000] {dag.py:4156} INFO - Setting next_dagrun for capstone to None, run_after=None
[2024-11-26T23:43:09.131+0000] {processor.py:208} INFO - Processing /opt/airflow/dags/capstone_airflow/country_dag.py took 1.186 seconds
[2024-11-26T23:43:40.150+0000] {processor.py:186} INFO - Started process (PID=2417) to work on /opt/airflow/dags/capstone_airflow/country_dag.py
[2024-11-26T23:43:40.151+0000] {processor.py:914} INFO - Processing file /opt/airflow/dags/capstone_airflow/country_dag.py for tasks to queue
[2024-11-26T23:43:40.153+0000] {logging_mixin.py:190} INFO - [2024-11-26T23:43:40.152+0000] {dagbag.py:587} INFO - Filling up the DagBag from /opt/airflow/dags/capstone_airflow/country_dag.py
[2024-11-26T23:43:41.216+0000] {processor.py:925} INFO - DAG(s) 'capstone' retrieved from /opt/airflow/dags/capstone_airflow/country_dag.py
[2024-11-26T23:43:41.300+0000] {logging_mixin.py:190} INFO - [2024-11-26T23:43:41.299+0000] {dag.py:3229} INFO - Sync 1 DAGs
[2024-11-26T23:43:41.322+0000] {logging_mixin.py:190} INFO - [2024-11-26T23:43:41.321+0000] {dag.py:4156} INFO - Setting next_dagrun for capstone to None, run_after=None
[2024-11-26T23:43:41.359+0000] {processor.py:208} INFO - Processing /opt/airflow/dags/capstone_airflow/country_dag.py took 1.219 seconds
[2024-11-26T23:44:12.394+0000] {processor.py:186} INFO - Started process (PID=2427) to work on /opt/airflow/dags/capstone_airflow/country_dag.py
[2024-11-26T23:44:12.395+0000] {processor.py:914} INFO - Processing file /opt/airflow/dags/capstone_airflow/country_dag.py for tasks to queue
[2024-11-26T23:44:12.397+0000] {logging_mixin.py:190} INFO - [2024-11-26T23:44:12.397+0000] {dagbag.py:587} INFO - Filling up the DagBag from /opt/airflow/dags/capstone_airflow/country_dag.py
[2024-11-26T23:44:13.441+0000] {processor.py:925} INFO - DAG(s) 'capstone' retrieved from /opt/airflow/dags/capstone_airflow/country_dag.py
[2024-11-26T23:44:13.510+0000] {logging_mixin.py:190} INFO - [2024-11-26T23:44:13.509+0000] {dag.py:3229} INFO - Sync 1 DAGs
[2024-11-26T23:44:13.525+0000] {logging_mixin.py:190} INFO - [2024-11-26T23:44:13.525+0000] {dag.py:4156} INFO - Setting next_dagrun for capstone to None, run_after=None
[2024-11-26T23:44:13.557+0000] {processor.py:208} INFO - Processing /opt/airflow/dags/capstone_airflow/country_dag.py took 1.171 seconds
[2024-11-26T23:44:44.313+0000] {processor.py:186} INFO - Started process (PID=2437) to work on /opt/airflow/dags/capstone_airflow/country_dag.py
[2024-11-26T23:44:44.314+0000] {processor.py:914} INFO - Processing file /opt/airflow/dags/capstone_airflow/country_dag.py for tasks to queue
[2024-11-26T23:44:44.316+0000] {logging_mixin.py:190} INFO - [2024-11-26T23:44:44.316+0000] {dagbag.py:587} INFO - Filling up the DagBag from /opt/airflow/dags/capstone_airflow/country_dag.py
[2024-11-26T23:44:45.356+0000] {processor.py:925} INFO - DAG(s) 'capstone' retrieved from /opt/airflow/dags/capstone_airflow/country_dag.py
[2024-11-26T23:44:45.421+0000] {logging_mixin.py:190} INFO - [2024-11-26T23:44:45.421+0000] {dag.py:3229} INFO - Sync 1 DAGs
[2024-11-26T23:44:45.439+0000] {logging_mixin.py:190} INFO - [2024-11-26T23:44:45.438+0000] {dag.py:4156} INFO - Setting next_dagrun for capstone to None, run_after=None
[2024-11-26T23:44:45.466+0000] {processor.py:208} INFO - Processing /opt/airflow/dags/capstone_airflow/country_dag.py took 1.161 seconds
[2024-11-26T23:45:16.412+0000] {processor.py:186} INFO - Started process (PID=2447) to work on /opt/airflow/dags/capstone_airflow/country_dag.py
[2024-11-26T23:45:16.414+0000] {processor.py:914} INFO - Processing file /opt/airflow/dags/capstone_airflow/country_dag.py for tasks to queue
[2024-11-26T23:45:16.415+0000] {logging_mixin.py:190} INFO - [2024-11-26T23:45:16.415+0000] {dagbag.py:587} INFO - Filling up the DagBag from /opt/airflow/dags/capstone_airflow/country_dag.py
[2024-11-26T23:45:17.491+0000] {processor.py:925} INFO - DAG(s) 'capstone' retrieved from /opt/airflow/dags/capstone_airflow/country_dag.py
[2024-11-26T23:45:17.556+0000] {logging_mixin.py:190} INFO - [2024-11-26T23:45:17.555+0000] {dag.py:3229} INFO - Sync 1 DAGs
[2024-11-26T23:45:17.573+0000] {logging_mixin.py:190} INFO - [2024-11-26T23:45:17.573+0000] {dag.py:4156} INFO - Setting next_dagrun for capstone to None, run_after=None
[2024-11-26T23:45:17.600+0000] {processor.py:208} INFO - Processing /opt/airflow/dags/capstone_airflow/country_dag.py took 1.195 seconds
[2024-11-26T23:45:48.591+0000] {processor.py:186} INFO - Started process (PID=2464) to work on /opt/airflow/dags/capstone_airflow/country_dag.py
[2024-11-26T23:45:48.593+0000] {processor.py:914} INFO - Processing file /opt/airflow/dags/capstone_airflow/country_dag.py for tasks to queue
[2024-11-26T23:45:48.595+0000] {logging_mixin.py:190} INFO - [2024-11-26T23:45:48.594+0000] {dagbag.py:587} INFO - Filling up the DagBag from /opt/airflow/dags/capstone_airflow/country_dag.py
[2024-11-26T23:45:49.653+0000] {processor.py:925} INFO - DAG(s) 'capstone' retrieved from /opt/airflow/dags/capstone_airflow/country_dag.py
[2024-11-26T23:45:49.725+0000] {logging_mixin.py:190} INFO - [2024-11-26T23:45:49.724+0000] {dag.py:3229} INFO - Sync 1 DAGs
[2024-11-26T23:45:49.741+0000] {logging_mixin.py:190} INFO - [2024-11-26T23:45:49.741+0000] {dag.py:4156} INFO - Setting next_dagrun for capstone to None, run_after=None
[2024-11-26T23:45:49.770+0000] {processor.py:208} INFO - Processing /opt/airflow/dags/capstone_airflow/country_dag.py took 1.186 seconds
[2024-11-26T23:46:20.516+0000] {processor.py:186} INFO - Started process (PID=2474) to work on /opt/airflow/dags/capstone_airflow/country_dag.py
[2024-11-26T23:46:20.518+0000] {processor.py:914} INFO - Processing file /opt/airflow/dags/capstone_airflow/country_dag.py for tasks to queue
[2024-11-26T23:46:20.521+0000] {logging_mixin.py:190} INFO - [2024-11-26T23:46:20.520+0000] {dagbag.py:587} INFO - Filling up the DagBag from /opt/airflow/dags/capstone_airflow/country_dag.py
[2024-11-26T23:46:21.742+0000] {processor.py:925} INFO - DAG(s) 'capstone' retrieved from /opt/airflow/dags/capstone_airflow/country_dag.py
[2024-11-26T23:46:21.813+0000] {logging_mixin.py:190} INFO - [2024-11-26T23:46:21.812+0000] {dag.py:3229} INFO - Sync 1 DAGs
[2024-11-26T23:46:21.835+0000] {logging_mixin.py:190} INFO - [2024-11-26T23:46:21.834+0000] {dag.py:4156} INFO - Setting next_dagrun for capstone to None, run_after=None
[2024-11-26T23:46:21.871+0000] {processor.py:208} INFO - Processing /opt/airflow/dags/capstone_airflow/country_dag.py took 1.365 seconds
[2024-11-26T23:46:52.789+0000] {processor.py:186} INFO - Started process (PID=2485) to work on /opt/airflow/dags/capstone_airflow/country_dag.py
[2024-11-26T23:46:52.790+0000] {processor.py:914} INFO - Processing file /opt/airflow/dags/capstone_airflow/country_dag.py for tasks to queue
[2024-11-26T23:46:52.792+0000] {logging_mixin.py:190} INFO - [2024-11-26T23:46:52.792+0000] {dagbag.py:587} INFO - Filling up the DagBag from /opt/airflow/dags/capstone_airflow/country_dag.py
[2024-11-26T23:46:53.953+0000] {processor.py:925} INFO - DAG(s) 'capstone' retrieved from /opt/airflow/dags/capstone_airflow/country_dag.py
[2024-11-26T23:46:54.016+0000] {logging_mixin.py:190} INFO - [2024-11-26T23:46:54.015+0000] {dag.py:3229} INFO - Sync 1 DAGs
[2024-11-26T23:46:54.031+0000] {logging_mixin.py:190} INFO - [2024-11-26T23:46:54.031+0000] {dag.py:4156} INFO - Setting next_dagrun for capstone to None, run_after=None
[2024-11-26T23:46:54.059+0000] {processor.py:208} INFO - Processing /opt/airflow/dags/capstone_airflow/country_dag.py took 1.280 seconds
[2024-11-26T23:47:24.721+0000] {processor.py:186} INFO - Started process (PID=2496) to work on /opt/airflow/dags/capstone_airflow/country_dag.py
[2024-11-26T23:47:24.723+0000] {processor.py:914} INFO - Processing file /opt/airflow/dags/capstone_airflow/country_dag.py for tasks to queue
[2024-11-26T23:47:24.725+0000] {logging_mixin.py:190} INFO - [2024-11-26T23:47:24.725+0000] {dagbag.py:587} INFO - Filling up the DagBag from /opt/airflow/dags/capstone_airflow/country_dag.py
[2024-11-26T23:47:26.029+0000] {processor.py:925} INFO - DAG(s) 'capstone' retrieved from /opt/airflow/dags/capstone_airflow/country_dag.py
[2024-11-26T23:47:26.107+0000] {logging_mixin.py:190} INFO - [2024-11-26T23:47:26.107+0000] {dag.py:3229} INFO - Sync 1 DAGs
[2024-11-26T23:47:26.125+0000] {logging_mixin.py:190} INFO - [2024-11-26T23:47:26.124+0000] {dag.py:4156} INFO - Setting next_dagrun for capstone to None, run_after=None
[2024-11-26T23:47:26.159+0000] {processor.py:208} INFO - Processing /opt/airflow/dags/capstone_airflow/country_dag.py took 1.445 seconds
[2024-11-26T23:47:56.276+0000] {processor.py:186} INFO - Started process (PID=2506) to work on /opt/airflow/dags/capstone_airflow/country_dag.py
[2024-11-26T23:47:56.277+0000] {processor.py:914} INFO - Processing file /opt/airflow/dags/capstone_airflow/country_dag.py for tasks to queue
[2024-11-26T23:47:56.280+0000] {logging_mixin.py:190} INFO - [2024-11-26T23:47:56.279+0000] {dagbag.py:587} INFO - Filling up the DagBag from /opt/airflow/dags/capstone_airflow/country_dag.py
[2024-11-26T23:47:57.838+0000] {processor.py:925} INFO - DAG(s) 'capstone' retrieved from /opt/airflow/dags/capstone_airflow/country_dag.py
[2024-11-26T23:47:57.916+0000] {logging_mixin.py:190} INFO - [2024-11-26T23:47:57.916+0000] {dag.py:3229} INFO - Sync 1 DAGs
[2024-11-26T23:47:57.934+0000] {logging_mixin.py:190} INFO - [2024-11-26T23:47:57.933+0000] {dag.py:4156} INFO - Setting next_dagrun for capstone to None, run_after=None
[2024-11-26T23:47:57.968+0000] {processor.py:208} INFO - Processing /opt/airflow/dags/capstone_airflow/country_dag.py took 1.701 seconds
[2024-11-26T23:48:28.823+0000] {processor.py:186} INFO - Started process (PID=2516) to work on /opt/airflow/dags/capstone_airflow/country_dag.py
[2024-11-26T23:48:28.824+0000] {processor.py:914} INFO - Processing file /opt/airflow/dags/capstone_airflow/country_dag.py for tasks to queue
[2024-11-26T23:48:28.827+0000] {logging_mixin.py:190} INFO - [2024-11-26T23:48:28.826+0000] {dagbag.py:587} INFO - Filling up the DagBag from /opt/airflow/dags/capstone_airflow/country_dag.py
[2024-11-26T23:48:29.927+0000] {processor.py:925} INFO - DAG(s) 'capstone' retrieved from /opt/airflow/dags/capstone_airflow/country_dag.py
[2024-11-26T23:48:29.993+0000] {logging_mixin.py:190} INFO - [2024-11-26T23:48:29.992+0000] {dag.py:3229} INFO - Sync 1 DAGs
[2024-11-26T23:48:30.010+0000] {logging_mixin.py:190} INFO - [2024-11-26T23:48:30.010+0000] {dag.py:4156} INFO - Setting next_dagrun for capstone to None, run_after=None
[2024-11-26T23:48:30.041+0000] {processor.py:208} INFO - Processing /opt/airflow/dags/capstone_airflow/country_dag.py took 1.229 seconds
[2024-11-26T23:49:00.664+0000] {processor.py:186} INFO - Started process (PID=2526) to work on /opt/airflow/dags/capstone_airflow/country_dag.py
[2024-11-26T23:49:00.666+0000] {processor.py:914} INFO - Processing file /opt/airflow/dags/capstone_airflow/country_dag.py for tasks to queue
[2024-11-26T23:49:00.672+0000] {logging_mixin.py:190} INFO - [2024-11-26T23:49:00.672+0000] {dagbag.py:587} INFO - Filling up the DagBag from /opt/airflow/dags/capstone_airflow/country_dag.py
[2024-11-26T23:49:02.068+0000] {processor.py:925} INFO - DAG(s) 'capstone' retrieved from /opt/airflow/dags/capstone_airflow/country_dag.py
[2024-11-26T23:49:02.144+0000] {logging_mixin.py:190} INFO - [2024-11-26T23:49:02.143+0000] {dag.py:3229} INFO - Sync 1 DAGs
[2024-11-26T23:49:02.174+0000] {logging_mixin.py:190} INFO - [2024-11-26T23:49:02.174+0000] {dag.py:4156} INFO - Setting next_dagrun for capstone to None, run_after=None
[2024-11-26T23:49:02.203+0000] {processor.py:208} INFO - Processing /opt/airflow/dags/capstone_airflow/country_dag.py took 1.552 seconds
[2024-11-26T23:49:32.908+0000] {processor.py:186} INFO - Started process (PID=2536) to work on /opt/airflow/dags/capstone_airflow/country_dag.py
[2024-11-26T23:49:32.909+0000] {processor.py:914} INFO - Processing file /opt/airflow/dags/capstone_airflow/country_dag.py for tasks to queue
[2024-11-26T23:49:32.913+0000] {logging_mixin.py:190} INFO - [2024-11-26T23:49:32.912+0000] {dagbag.py:587} INFO - Filling up the DagBag from /opt/airflow/dags/capstone_airflow/country_dag.py
[2024-11-26T23:49:34.328+0000] {processor.py:925} INFO - DAG(s) 'capstone' retrieved from /opt/airflow/dags/capstone_airflow/country_dag.py
[2024-11-26T23:49:34.401+0000] {logging_mixin.py:190} INFO - [2024-11-26T23:49:34.401+0000] {dag.py:3229} INFO - Sync 1 DAGs
[2024-11-26T23:49:34.418+0000] {logging_mixin.py:190} INFO - [2024-11-26T23:49:34.418+0000] {dag.py:4156} INFO - Setting next_dagrun for capstone to None, run_after=None
[2024-11-26T23:49:34.455+0000] {processor.py:208} INFO - Processing /opt/airflow/dags/capstone_airflow/country_dag.py took 1.563 seconds
[2024-11-26T23:50:04.535+0000] {processor.py:186} INFO - Started process (PID=2547) to work on /opt/airflow/dags/capstone_airflow/country_dag.py
[2024-11-26T23:50:04.536+0000] {processor.py:914} INFO - Processing file /opt/airflow/dags/capstone_airflow/country_dag.py for tasks to queue
[2024-11-26T23:50:04.538+0000] {logging_mixin.py:190} INFO - [2024-11-26T23:50:04.538+0000] {dagbag.py:587} INFO - Filling up the DagBag from /opt/airflow/dags/capstone_airflow/country_dag.py
[2024-11-26T23:50:05.868+0000] {processor.py:925} INFO - DAG(s) 'capstone' retrieved from /opt/airflow/dags/capstone_airflow/country_dag.py
[2024-11-26T23:50:05.944+0000] {logging_mixin.py:190} INFO - [2024-11-26T23:50:05.943+0000] {dag.py:3229} INFO - Sync 1 DAGs
[2024-11-26T23:50:05.967+0000] {logging_mixin.py:190} INFO - [2024-11-26T23:50:05.967+0000] {dag.py:4156} INFO - Setting next_dagrun for capstone to None, run_after=None
[2024-11-26T23:50:06.005+0000] {processor.py:208} INFO - Processing /opt/airflow/dags/capstone_airflow/country_dag.py took 1.483 seconds
[2024-11-26T23:50:36.745+0000] {processor.py:186} INFO - Started process (PID=2558) to work on /opt/airflow/dags/capstone_airflow/country_dag.py
[2024-11-26T23:50:36.746+0000] {processor.py:914} INFO - Processing file /opt/airflow/dags/capstone_airflow/country_dag.py for tasks to queue
[2024-11-26T23:50:36.748+0000] {logging_mixin.py:190} INFO - [2024-11-26T23:50:36.748+0000] {dagbag.py:587} INFO - Filling up the DagBag from /opt/airflow/dags/capstone_airflow/country_dag.py
[2024-11-26T23:50:38.444+0000] {processor.py:925} INFO - DAG(s) 'capstone' retrieved from /opt/airflow/dags/capstone_airflow/country_dag.py
[2024-11-26T23:50:38.541+0000] {logging_mixin.py:190} INFO - [2024-11-26T23:50:38.540+0000] {dag.py:3229} INFO - Sync 1 DAGs
[2024-11-26T23:50:38.569+0000] {logging_mixin.py:190} INFO - [2024-11-26T23:50:38.569+0000] {dag.py:4156} INFO - Setting next_dagrun for capstone to None, run_after=None
[2024-11-26T23:50:38.604+0000] {processor.py:208} INFO - Processing /opt/airflow/dags/capstone_airflow/country_dag.py took 1.870 seconds
[2024-11-26T23:51:08.718+0000] {processor.py:186} INFO - Started process (PID=2569) to work on /opt/airflow/dags/capstone_airflow/country_dag.py
[2024-11-26T23:51:08.721+0000] {processor.py:914} INFO - Processing file /opt/airflow/dags/capstone_airflow/country_dag.py for tasks to queue
[2024-11-26T23:51:08.723+0000] {logging_mixin.py:190} INFO - [2024-11-26T23:51:08.723+0000] {dagbag.py:587} INFO - Filling up the DagBag from /opt/airflow/dags/capstone_airflow/country_dag.py
[2024-11-26T23:51:10.396+0000] {processor.py:925} INFO - DAG(s) 'capstone' retrieved from /opt/airflow/dags/capstone_airflow/country_dag.py
[2024-11-26T23:51:10.472+0000] {logging_mixin.py:190} INFO - [2024-11-26T23:51:10.471+0000] {dag.py:3229} INFO - Sync 1 DAGs
[2024-11-26T23:51:10.489+0000] {logging_mixin.py:190} INFO - [2024-11-26T23:51:10.489+0000] {dag.py:4156} INFO - Setting next_dagrun for capstone to None, run_after=None
[2024-11-26T23:51:10.532+0000] {processor.py:208} INFO - Processing /opt/airflow/dags/capstone_airflow/country_dag.py took 1.832 seconds
[2024-11-26T23:51:41.452+0000] {processor.py:186} INFO - Started process (PID=2579) to work on /opt/airflow/dags/capstone_airflow/country_dag.py
[2024-11-26T23:51:41.453+0000] {processor.py:914} INFO - Processing file /opt/airflow/dags/capstone_airflow/country_dag.py for tasks to queue
[2024-11-26T23:51:41.455+0000] {logging_mixin.py:190} INFO - [2024-11-26T23:51:41.455+0000] {dagbag.py:587} INFO - Filling up the DagBag from /opt/airflow/dags/capstone_airflow/country_dag.py
[2024-11-26T23:51:42.660+0000] {processor.py:925} INFO - DAG(s) 'capstone' retrieved from /opt/airflow/dags/capstone_airflow/country_dag.py
[2024-11-26T23:51:42.764+0000] {logging_mixin.py:190} INFO - [2024-11-26T23:51:42.764+0000] {dag.py:3229} INFO - Sync 1 DAGs
[2024-11-26T23:51:42.781+0000] {logging_mixin.py:190} INFO - [2024-11-26T23:51:42.780+0000] {dag.py:4156} INFO - Setting next_dagrun for capstone to None, run_after=None
[2024-11-26T23:51:42.812+0000] {processor.py:208} INFO - Processing /opt/airflow/dags/capstone_airflow/country_dag.py took 1.370 seconds
[2024-11-26T23:52:13.557+0000] {processor.py:186} INFO - Started process (PID=2590) to work on /opt/airflow/dags/capstone_airflow/country_dag.py
[2024-11-26T23:52:13.558+0000] {processor.py:914} INFO - Processing file /opt/airflow/dags/capstone_airflow/country_dag.py for tasks to queue
[2024-11-26T23:52:13.560+0000] {logging_mixin.py:190} INFO - [2024-11-26T23:52:13.559+0000] {dagbag.py:587} INFO - Filling up the DagBag from /opt/airflow/dags/capstone_airflow/country_dag.py
[2024-11-26T23:52:14.698+0000] {processor.py:925} INFO - DAG(s) 'capstone' retrieved from /opt/airflow/dags/capstone_airflow/country_dag.py
[2024-11-26T23:52:14.791+0000] {logging_mixin.py:190} INFO - [2024-11-26T23:52:14.790+0000] {dag.py:3229} INFO - Sync 1 DAGs
[2024-11-26T23:52:14.808+0000] {logging_mixin.py:190} INFO - [2024-11-26T23:52:14.808+0000] {dag.py:4156} INFO - Setting next_dagrun for capstone to None, run_after=None
[2024-11-26T23:52:14.911+0000] {processor.py:208} INFO - Processing /opt/airflow/dags/capstone_airflow/country_dag.py took 1.363 seconds
[2024-11-26T23:52:45.679+0000] {processor.py:186} INFO - Started process (PID=2600) to work on /opt/airflow/dags/capstone_airflow/country_dag.py
[2024-11-26T23:52:45.680+0000] {processor.py:914} INFO - Processing file /opt/airflow/dags/capstone_airflow/country_dag.py for tasks to queue
[2024-11-26T23:52:45.682+0000] {logging_mixin.py:190} INFO - [2024-11-26T23:52:45.682+0000] {dagbag.py:587} INFO - Filling up the DagBag from /opt/airflow/dags/capstone_airflow/country_dag.py
[2024-11-26T23:52:46.942+0000] {processor.py:925} INFO - DAG(s) 'capstone' retrieved from /opt/airflow/dags/capstone_airflow/country_dag.py
[2024-11-26T23:52:47.017+0000] {logging_mixin.py:190} INFO - [2024-11-26T23:52:47.016+0000] {dag.py:3229} INFO - Sync 1 DAGs
[2024-11-26T23:52:47.171+0000] {logging_mixin.py:190} INFO - [2024-11-26T23:52:47.170+0000] {dag.py:4156} INFO - Setting next_dagrun for capstone to None, run_after=None
[2024-11-26T23:52:47.252+0000] {processor.py:208} INFO - Processing /opt/airflow/dags/capstone_airflow/country_dag.py took 1.582 seconds
[2024-11-26T23:53:18.159+0000] {processor.py:186} INFO - Started process (PID=2611) to work on /opt/airflow/dags/capstone_airflow/country_dag.py
[2024-11-26T23:53:18.160+0000] {processor.py:914} INFO - Processing file /opt/airflow/dags/capstone_airflow/country_dag.py for tasks to queue
[2024-11-26T23:53:18.162+0000] {logging_mixin.py:190} INFO - [2024-11-26T23:53:18.162+0000] {dagbag.py:587} INFO - Filling up the DagBag from /opt/airflow/dags/capstone_airflow/country_dag.py
[2024-11-26T23:53:19.554+0000] {processor.py:925} INFO - DAG(s) 'capstone' retrieved from /opt/airflow/dags/capstone_airflow/country_dag.py
[2024-11-26T23:53:19.625+0000] {logging_mixin.py:190} INFO - [2024-11-26T23:53:19.624+0000] {dag.py:3229} INFO - Sync 1 DAGs
[2024-11-26T23:53:19.642+0000] {logging_mixin.py:190} INFO - [2024-11-26T23:53:19.642+0000] {dag.py:4156} INFO - Setting next_dagrun for capstone to None, run_after=None
[2024-11-26T23:53:19.671+0000] {processor.py:208} INFO - Processing /opt/airflow/dags/capstone_airflow/country_dag.py took 1.523 seconds
[2024-11-26T23:53:49.784+0000] {processor.py:186} INFO - Started process (PID=2627) to work on /opt/airflow/dags/capstone_airflow/country_dag.py
[2024-11-26T23:53:49.786+0000] {processor.py:914} INFO - Processing file /opt/airflow/dags/capstone_airflow/country_dag.py for tasks to queue
[2024-11-26T23:53:49.789+0000] {logging_mixin.py:190} INFO - [2024-11-26T23:53:49.788+0000] {dagbag.py:587} INFO - Filling up the DagBag from /opt/airflow/dags/capstone_airflow/country_dag.py
[2024-11-26T23:53:50.888+0000] {processor.py:925} INFO - DAG(s) 'capstone' retrieved from /opt/airflow/dags/capstone_airflow/country_dag.py
[2024-11-26T23:53:50.952+0000] {logging_mixin.py:190} INFO - [2024-11-26T23:53:50.951+0000] {dag.py:3229} INFO - Sync 1 DAGs
[2024-11-26T23:53:50.966+0000] {logging_mixin.py:190} INFO - [2024-11-26T23:53:50.966+0000] {dag.py:4156} INFO - Setting next_dagrun for capstone to None, run_after=None
[2024-11-26T23:53:50.994+0000] {processor.py:208} INFO - Processing /opt/airflow/dags/capstone_airflow/country_dag.py took 1.221 seconds
[2024-11-26T23:54:21.456+0000] {processor.py:186} INFO - Started process (PID=2637) to work on /opt/airflow/dags/capstone_airflow/country_dag.py
[2024-11-26T23:54:21.457+0000] {processor.py:914} INFO - Processing file /opt/airflow/dags/capstone_airflow/country_dag.py for tasks to queue
[2024-11-26T23:54:21.460+0000] {logging_mixin.py:190} INFO - [2024-11-26T23:54:21.459+0000] {dagbag.py:587} INFO - Filling up the DagBag from /opt/airflow/dags/capstone_airflow/country_dag.py
[2024-11-26T23:54:22.662+0000] {processor.py:925} INFO - DAG(s) 'capstone' retrieved from /opt/airflow/dags/capstone_airflow/country_dag.py
[2024-11-26T23:54:22.751+0000] {logging_mixin.py:190} INFO - [2024-11-26T23:54:22.751+0000] {dag.py:3229} INFO - Sync 1 DAGs
[2024-11-26T23:54:22.768+0000] {logging_mixin.py:190} INFO - [2024-11-26T23:54:22.767+0000] {dag.py:4156} INFO - Setting next_dagrun for capstone to None, run_after=None
[2024-11-26T23:54:22.810+0000] {processor.py:208} INFO - Processing /opt/airflow/dags/capstone_airflow/country_dag.py took 1.362 seconds
[2024-11-26T23:54:38.028+0000] {processor.py:186} INFO - Started process (PID=2639) to work on /opt/airflow/dags/capstone_airflow/country_dag.py
[2024-11-26T23:54:38.030+0000] {processor.py:914} INFO - Processing file /opt/airflow/dags/capstone_airflow/country_dag.py for tasks to queue
[2024-11-26T23:54:38.032+0000] {logging_mixin.py:190} INFO - [2024-11-26T23:54:38.031+0000] {dagbag.py:587} INFO - Filling up the DagBag from /opt/airflow/dags/capstone_airflow/country_dag.py
[2024-11-26T23:54:39.486+0000] {processor.py:925} INFO - DAG(s) 'capstone' retrieved from /opt/airflow/dags/capstone_airflow/country_dag.py
[2024-11-26T23:54:39.761+0000] {logging_mixin.py:190} INFO - [2024-11-26T23:54:39.760+0000] {dag.py:3229} INFO - Sync 1 DAGs
[2024-11-26T23:54:39.785+0000] {logging_mixin.py:190} INFO - [2024-11-26T23:54:39.785+0000] {dag.py:4156} INFO - Setting next_dagrun for capstone to None, run_after=None
[2024-11-26T23:54:39.851+0000] {processor.py:208} INFO - Processing /opt/airflow/dags/capstone_airflow/country_dag.py took 1.831 seconds
[2024-11-26T23:54:43.526+0000] {processor.py:186} INFO - Started process (PID=2643) to work on /opt/airflow/dags/capstone_airflow/country_dag.py
[2024-11-26T23:54:43.528+0000] {processor.py:914} INFO - Processing file /opt/airflow/dags/capstone_airflow/country_dag.py for tasks to queue
[2024-11-26T23:54:43.530+0000] {logging_mixin.py:190} INFO - [2024-11-26T23:54:43.529+0000] {dagbag.py:587} INFO - Filling up the DagBag from /opt/airflow/dags/capstone_airflow/country_dag.py
[2024-11-26T23:54:44.793+0000] {processor.py:925} INFO - DAG(s) 'capstone' retrieved from /opt/airflow/dags/capstone_airflow/country_dag.py
[2024-11-26T23:54:44.810+0000] {logging_mixin.py:190} INFO - [2024-11-26T23:54:44.809+0000] {dag.py:3229} INFO - Sync 1 DAGs
[2024-11-26T23:54:44.835+0000] {logging_mixin.py:190} INFO - [2024-11-26T23:54:44.835+0000] {dag.py:4156} INFO - Setting next_dagrun for capstone to None, run_after=None
[2024-11-26T23:54:44.868+0000] {processor.py:208} INFO - Processing /opt/airflow/dags/capstone_airflow/country_dag.py took 1.351 seconds
[2024-11-26T23:55:15.788+0000] {processor.py:186} INFO - Started process (PID=2652) to work on /opt/airflow/dags/capstone_airflow/country_dag.py
[2024-11-26T23:55:15.790+0000] {processor.py:914} INFO - Processing file /opt/airflow/dags/capstone_airflow/country_dag.py for tasks to queue
[2024-11-26T23:55:15.795+0000] {logging_mixin.py:190} INFO - [2024-11-26T23:55:15.794+0000] {dagbag.py:587} INFO - Filling up the DagBag from /opt/airflow/dags/capstone_airflow/country_dag.py
[2024-11-26T23:55:18.027+0000] {processor.py:925} INFO - DAG(s) 'capstone' retrieved from /opt/airflow/dags/capstone_airflow/country_dag.py
[2024-11-26T23:55:18.266+0000] {logging_mixin.py:190} INFO - [2024-11-26T23:55:18.265+0000] {dag.py:3229} INFO - Sync 1 DAGs
[2024-11-26T23:55:18.298+0000] {logging_mixin.py:190} INFO - [2024-11-26T23:55:18.297+0000] {dag.py:4156} INFO - Setting next_dagrun for capstone to None, run_after=None
[2024-11-26T23:55:18.342+0000] {processor.py:208} INFO - Processing /opt/airflow/dags/capstone_airflow/country_dag.py took 2.576 seconds
[2024-11-26T23:55:49.139+0000] {processor.py:186} INFO - Started process (PID=2668) to work on /opt/airflow/dags/capstone_airflow/country_dag.py
[2024-11-26T23:55:49.140+0000] {processor.py:914} INFO - Processing file /opt/airflow/dags/capstone_airflow/country_dag.py for tasks to queue
[2024-11-26T23:55:49.143+0000] {logging_mixin.py:190} INFO - [2024-11-26T23:55:49.142+0000] {dagbag.py:587} INFO - Filling up the DagBag from /opt/airflow/dags/capstone_airflow/country_dag.py
[2024-11-26T23:55:50.658+0000] {processor.py:925} INFO - DAG(s) 'capstone' retrieved from /opt/airflow/dags/capstone_airflow/country_dag.py
[2024-11-26T23:55:50.729+0000] {logging_mixin.py:190} INFO - [2024-11-26T23:55:50.729+0000] {dag.py:3229} INFO - Sync 1 DAGs
[2024-11-26T23:55:50.749+0000] {logging_mixin.py:190} INFO - [2024-11-26T23:55:50.749+0000] {dag.py:4156} INFO - Setting next_dagrun for capstone to None, run_after=None
[2024-11-26T23:55:50.788+0000] {processor.py:208} INFO - Processing /opt/airflow/dags/capstone_airflow/country_dag.py took 1.658 seconds
[2024-11-26T23:56:21.639+0000] {processor.py:186} INFO - Started process (PID=2678) to work on /opt/airflow/dags/capstone_airflow/country_dag.py
[2024-11-26T23:56:21.641+0000] {processor.py:914} INFO - Processing file /opt/airflow/dags/capstone_airflow/country_dag.py for tasks to queue
[2024-11-26T23:56:21.643+0000] {logging_mixin.py:190} INFO - [2024-11-26T23:56:21.642+0000] {dagbag.py:587} INFO - Filling up the DagBag from /opt/airflow/dags/capstone_airflow/country_dag.py
[2024-11-26T23:56:23.575+0000] {processor.py:925} INFO - DAG(s) 'capstone' retrieved from /opt/airflow/dags/capstone_airflow/country_dag.py
[2024-11-26T23:56:23.648+0000] {logging_mixin.py:190} INFO - [2024-11-26T23:56:23.647+0000] {dag.py:3229} INFO - Sync 1 DAGs
[2024-11-26T23:56:23.664+0000] {logging_mixin.py:190} INFO - [2024-11-26T23:56:23.664+0000] {dag.py:4156} INFO - Setting next_dagrun for capstone to None, run_after=None
[2024-11-26T23:56:23.693+0000] {processor.py:208} INFO - Processing /opt/airflow/dags/capstone_airflow/country_dag.py took 2.063 seconds
[2024-11-26T23:56:54.485+0000] {processor.py:186} INFO - Started process (PID=2688) to work on /opt/airflow/dags/capstone_airflow/country_dag.py
[2024-11-26T23:56:54.488+0000] {processor.py:914} INFO - Processing file /opt/airflow/dags/capstone_airflow/country_dag.py for tasks to queue
[2024-11-26T23:56:54.491+0000] {logging_mixin.py:190} INFO - [2024-11-26T23:56:54.490+0000] {dagbag.py:587} INFO - Filling up the DagBag from /opt/airflow/dags/capstone_airflow/country_dag.py
[2024-11-26T23:56:55.878+0000] {processor.py:925} INFO - DAG(s) 'capstone' retrieved from /opt/airflow/dags/capstone_airflow/country_dag.py
[2024-11-26T23:56:55.954+0000] {logging_mixin.py:190} INFO - [2024-11-26T23:56:55.953+0000] {dag.py:3229} INFO - Sync 1 DAGs
[2024-11-26T23:56:55.969+0000] {logging_mixin.py:190} INFO - [2024-11-26T23:56:55.969+0000] {dag.py:4156} INFO - Setting next_dagrun for capstone to None, run_after=None
[2024-11-26T23:56:55.999+0000] {processor.py:208} INFO - Processing /opt/airflow/dags/capstone_airflow/country_dag.py took 1.532 seconds
[2024-11-26T23:57:26.773+0000] {processor.py:186} INFO - Started process (PID=2698) to work on /opt/airflow/dags/capstone_airflow/country_dag.py
[2024-11-26T23:57:26.775+0000] {processor.py:914} INFO - Processing file /opt/airflow/dags/capstone_airflow/country_dag.py for tasks to queue
[2024-11-26T23:57:26.776+0000] {logging_mixin.py:190} INFO - [2024-11-26T23:57:26.776+0000] {dagbag.py:587} INFO - Filling up the DagBag from /opt/airflow/dags/capstone_airflow/country_dag.py
[2024-11-26T23:57:27.893+0000] {processor.py:925} INFO - DAG(s) 'capstone' retrieved from /opt/airflow/dags/capstone_airflow/country_dag.py
[2024-11-26T23:57:27.963+0000] {logging_mixin.py:190} INFO - [2024-11-26T23:57:27.962+0000] {dag.py:3229} INFO - Sync 1 DAGs
[2024-11-26T23:57:27.978+0000] {logging_mixin.py:190} INFO - [2024-11-26T23:57:27.978+0000] {dag.py:4156} INFO - Setting next_dagrun for capstone to None, run_after=None
[2024-11-26T23:57:28.007+0000] {processor.py:208} INFO - Processing /opt/airflow/dags/capstone_airflow/country_dag.py took 1.244 seconds
[2024-11-26T23:57:58.974+0000] {processor.py:186} INFO - Started process (PID=2708) to work on /opt/airflow/dags/capstone_airflow/country_dag.py
[2024-11-26T23:57:58.975+0000] {processor.py:914} INFO - Processing file /opt/airflow/dags/capstone_airflow/country_dag.py for tasks to queue
[2024-11-26T23:57:58.977+0000] {logging_mixin.py:190} INFO - [2024-11-26T23:57:58.977+0000] {dagbag.py:587} INFO - Filling up the DagBag from /opt/airflow/dags/capstone_airflow/country_dag.py
[2024-11-26T23:58:00.133+0000] {processor.py:925} INFO - DAG(s) 'capstone' retrieved from /opt/airflow/dags/capstone_airflow/country_dag.py
[2024-11-26T23:58:00.233+0000] {logging_mixin.py:190} INFO - [2024-11-26T23:58:00.232+0000] {dag.py:3229} INFO - Sync 1 DAGs
[2024-11-26T23:58:00.255+0000] {logging_mixin.py:190} INFO - [2024-11-26T23:58:00.255+0000] {dag.py:4156} INFO - Setting next_dagrun for capstone to None, run_after=None
[2024-11-26T23:58:00.289+0000] {processor.py:208} INFO - Processing /opt/airflow/dags/capstone_airflow/country_dag.py took 1.326 seconds
[2024-11-26T23:58:30.578+0000] {processor.py:186} INFO - Started process (PID=2718) to work on /opt/airflow/dags/capstone_airflow/country_dag.py
[2024-11-26T23:58:30.580+0000] {processor.py:914} INFO - Processing file /opt/airflow/dags/capstone_airflow/country_dag.py for tasks to queue
[2024-11-26T23:58:30.583+0000] {logging_mixin.py:190} INFO - [2024-11-26T23:58:30.583+0000] {dagbag.py:587} INFO - Filling up the DagBag from /opt/airflow/dags/capstone_airflow/country_dag.py
[2024-11-26T23:58:31.810+0000] {processor.py:925} INFO - DAG(s) 'capstone' retrieved from /opt/airflow/dags/capstone_airflow/country_dag.py
[2024-11-26T23:58:31.887+0000] {logging_mixin.py:190} INFO - [2024-11-26T23:58:31.887+0000] {dag.py:3229} INFO - Sync 1 DAGs
[2024-11-26T23:58:31.907+0000] {logging_mixin.py:190} INFO - [2024-11-26T23:58:31.906+0000] {dag.py:4156} INFO - Setting next_dagrun for capstone to None, run_after=None
[2024-11-26T23:58:31.938+0000] {processor.py:208} INFO - Processing /opt/airflow/dags/capstone_airflow/country_dag.py took 1.371 seconds
[2024-11-26T23:59:02.874+0000] {processor.py:186} INFO - Started process (PID=2728) to work on /opt/airflow/dags/capstone_airflow/country_dag.py
[2024-11-26T23:59:02.876+0000] {processor.py:914} INFO - Processing file /opt/airflow/dags/capstone_airflow/country_dag.py for tasks to queue
[2024-11-26T23:59:02.879+0000] {logging_mixin.py:190} INFO - [2024-11-26T23:59:02.878+0000] {dagbag.py:587} INFO - Filling up the DagBag from /opt/airflow/dags/capstone_airflow/country_dag.py
[2024-11-26T23:59:04.107+0000] {processor.py:925} INFO - DAG(s) 'capstone' retrieved from /opt/airflow/dags/capstone_airflow/country_dag.py
[2024-11-26T23:59:04.189+0000] {logging_mixin.py:190} INFO - [2024-11-26T23:59:04.188+0000] {dag.py:3229} INFO - Sync 1 DAGs
[2024-11-26T23:59:04.206+0000] {logging_mixin.py:190} INFO - [2024-11-26T23:59:04.206+0000] {dag.py:4156} INFO - Setting next_dagrun for capstone to None, run_after=None
[2024-11-26T23:59:04.234+0000] {processor.py:208} INFO - Processing /opt/airflow/dags/capstone_airflow/country_dag.py took 1.373 seconds
[2024-11-26T23:59:35.196+0000] {processor.py:186} INFO - Started process (PID=2739) to work on /opt/airflow/dags/capstone_airflow/country_dag.py
[2024-11-26T23:59:35.197+0000] {processor.py:914} INFO - Processing file /opt/airflow/dags/capstone_airflow/country_dag.py for tasks to queue
[2024-11-26T23:59:35.199+0000] {logging_mixin.py:190} INFO - [2024-11-26T23:59:35.199+0000] {dagbag.py:587} INFO - Filling up the DagBag from /opt/airflow/dags/capstone_airflow/country_dag.py
[2024-11-26T23:59:36.318+0000] {processor.py:925} INFO - DAG(s) 'capstone' retrieved from /opt/airflow/dags/capstone_airflow/country_dag.py
[2024-11-26T23:59:36.401+0000] {logging_mixin.py:190} INFO - [2024-11-26T23:59:36.401+0000] {dag.py:3229} INFO - Sync 1 DAGs
[2024-11-26T23:59:36.417+0000] {logging_mixin.py:190} INFO - [2024-11-26T23:59:36.417+0000] {dag.py:4156} INFO - Setting next_dagrun for capstone to None, run_after=None
[2024-11-26T23:59:36.442+0000] {processor.py:208} INFO - Processing /opt/airflow/dags/capstone_airflow/country_dag.py took 1.254 seconds
