[2024-10-08T06:44:15.127+0000] {local_task_job_runner.py:123} INFO - ::group::Pre task execution logs
[2024-10-08T06:44:15.152+0000] {taskinstance.py:2612} INFO - Dependencies all met for dep_context=non-requeueable deps ti=<TaskInstance: compl_cssnowflake.load_csv manual__2024-10-08T06:37:09.103495+00:00 [queued]>
[2024-10-08T06:44:15.163+0000] {taskinstance.py:2612} INFO - Dependencies all met for dep_context=requeueable deps ti=<TaskInstance: compl_cssnowflake.load_csv manual__2024-10-08T06:37:09.103495+00:00 [queued]>
[2024-10-08T06:44:15.164+0000] {taskinstance.py:2865} INFO - Starting attempt 2 of 2
[2024-10-08T06:44:15.189+0000] {taskinstance.py:2888} INFO - Executing <Task(PythonOperator): load_csv> on 2024-10-08 06:37:09.103495+00:00
[2024-10-08T06:44:15.200+0000] {warnings.py:112} WARNING - /home/***/.local/lib/python3.12/site-packages/***/task/task_runner/standard_task_runner.py:70: DeprecationWarning: This process (pid=207) is multi-threaded, use of fork() may lead to deadlocks in the child.
  pid = os.fork()

[2024-10-08T06:44:15.202+0000] {standard_task_runner.py:72} INFO - Started process 216 to run task
[2024-10-08T06:44:15.204+0000] {standard_task_runner.py:104} INFO - Running: ['***', 'tasks', 'run', 'compl_cssnowflake', 'load_csv', 'manual__2024-10-08T06:37:09.103495+00:00', '--job-id', '9', '--raw', '--subdir', 'DAGS_FOLDER/school/ty.py', '--cfg-path', '/tmp/tmpme5v825l']
[2024-10-08T06:44:15.205+0000] {standard_task_runner.py:105} INFO - Job 9: Subtask load_csv
[2024-10-08T06:44:15.285+0000] {task_command.py:467} INFO - Running <TaskInstance: compl_cssnowflake.load_csv manual__2024-10-08T06:37:09.103495+00:00 [running]> on host 76e395cea755
[2024-10-08T06:44:15.451+0000] {taskinstance.py:3131} INFO - Exporting env vars: AIRFLOW_CTX_DAG_OWNER='seylow' AIRFLOW_CTX_DAG_ID='compl_cssnowflake' AIRFLOW_CTX_TASK_ID='load_csv' AIRFLOW_CTX_EXECUTION_DATE='2024-10-08T06:37:09.103495+00:00' AIRFLOW_CTX_TRY_NUMBER='2' AIRFLOW_CTX_DAG_RUN_ID='manual__2024-10-08T06:37:09.103495+00:00'
[2024-10-08T06:44:15.453+0000] {logging_mixin.py:190} INFO - Task instance is in running state
[2024-10-08T06:44:15.454+0000] {logging_mixin.py:190} INFO -  Previous state of the Task instance: queued
[2024-10-08T06:44:15.455+0000] {logging_mixin.py:190} INFO - Current task name:load_csv state:running start_date:2024-10-08 06:44:15.152772+00:00
[2024-10-08T06:44:15.455+0000] {logging_mixin.py:190} INFO - Dag name:compl_cssnowflake and current dag run status:running
[2024-10-08T06:44:15.456+0000] {taskinstance.py:731} INFO - ::endgroup::
[2024-10-08T06:44:15.477+0000] {ty.py:26} INFO - Loaded arts_class.csv successfully.
[2024-10-08T06:44:15.486+0000] {ty.py:26} INFO - Loaded business_class.csv successfully.
[2024-10-08T06:44:15.500+0000] {ty.py:26} INFO - Loaded science_class.csv successfully.
[2024-10-08T06:44:15.520+0000] {ty.py:26} INFO - Loaded survey.csv successfully.
[2024-10-08T06:44:15.559+0000] {python.py:240} INFO - Done. Returned value was: None
[2024-10-08T06:44:15.572+0000] {taskinstance.py:340} INFO - ::group::Post task execution logs
[2024-10-08T06:44:15.573+0000] {taskinstance.py:352} INFO - Marking task as SUCCESS. dag_id=compl_cssnowflake, task_id=load_csv, run_id=manual__2024-10-08T06:37:09.103495+00:00, execution_date=20241008T063709, start_date=20241008T064415, end_date=20241008T064415
[2024-10-08T06:44:15.595+0000] {logging_mixin.py:190} INFO - Task instance in success state
[2024-10-08T06:44:15.596+0000] {logging_mixin.py:190} INFO -  Previous state of the Task instance: running
[2024-10-08T06:44:15.597+0000] {logging_mixin.py:190} INFO - Dag name:compl_cssnowflake queued_at:2024-10-08 06:44:10.798917+00:00
[2024-10-08T06:44:15.598+0000] {logging_mixin.py:190} INFO - Task hostname:76e395cea755 operator:PythonOperator
[2024-10-08T06:44:15.622+0000] {local_task_job_runner.py:266} INFO - Task exited with return code 0
[2024-10-08T06:44:15.638+0000] {warnings.py:112} WARNING - /home/***/.local/lib/python3.12/site-packages/***/models/baseoperator.py:1378: AirflowProviderDeprecationWarning: Call to deprecated class SnowflakeOperator. (This class is deprecated. Please use `***.providers.common.sql.operators.sql.SQLExecuteQueryOperator`. Also, you can provide `hook_params={'warehouse': <warehouse>, 'database': <database>, 'role': <role>, 'schema': <schema>, 'authenticator': <authenticator>,'session_parameters': <session_parameters>}`.)
  result = cls.__new__(cls)

[2024-10-08T06:44:15.666+0000] {taskinstance.py:3900} INFO - 1 downstream tasks scheduled from follow-on schedule check
[2024-10-08T06:44:15.671+0000] {local_task_job_runner.py:245} INFO - ::endgroup::
