[2024-11-17T23:15:35.001+0000] {local_task_job_runner.py:123} INFO - ::group::Pre task execution logs
[2024-11-17T23:15:35.040+0000] {taskinstance.py:2612} INFO - Dependencies all met for dep_context=non-requeueable deps ti=<TaskInstance: capstone.language manual__2024-11-17T23:15:06.122665+00:00 [queued]>
[2024-11-17T23:15:35.077+0000] {taskinstance.py:2612} INFO - Dependencies all met for dep_context=requeueable deps ti=<TaskInstance: capstone.language manual__2024-11-17T23:15:06.122665+00:00 [queued]>
[2024-11-17T23:15:35.078+0000] {taskinstance.py:2865} INFO - Starting attempt 1 of 3
[2024-11-17T23:15:35.118+0000] {taskinstance.py:2888} INFO - Executing <Task(PythonOperator): language> on 2024-11-17 23:15:06.122665+00:00
[2024-11-17T23:15:35.131+0000] {warnings.py:112} WARNING - /home/***/.local/lib/python3.12/site-packages/***/task/task_runner/standard_task_runner.py:70: DeprecationWarning: This process (pid=1432) is multi-threaded, use of fork() may lead to deadlocks in the child.
  pid = os.fork()

[2024-11-17T23:15:35.137+0000] {standard_task_runner.py:72} INFO - Started process 1440 to run task
[2024-11-17T23:15:35.139+0000] {standard_task_runner.py:104} INFO - Running: ['***', 'tasks', 'run', 'capstone', 'language', 'manual__2024-11-17T23:15:06.122665+00:00', '--job-id', '37', '--raw', '--subdir', 'DAGS_FOLDER/capstone_***/country.py', '--cfg-path', '/tmp/tmphybr0t5u']
[2024-11-17T23:15:35.144+0000] {standard_task_runner.py:105} INFO - Job 37: Subtask language
[2024-11-17T23:15:35.278+0000] {task_command.py:467} INFO - Running <TaskInstance: capstone.language manual__2024-11-17T23:15:06.122665+00:00 [running]> on host ea8ac57aed30
[2024-11-17T23:15:35.575+0000] {taskinstance.py:3131} INFO - Exporting env vars: AIRFLOW_CTX_DAG_OWNER='adewunmi' AIRFLOW_CTX_DAG_ID='capstone' AIRFLOW_CTX_TASK_ID='language' AIRFLOW_CTX_EXECUTION_DATE='2024-11-17T23:15:06.122665+00:00' AIRFLOW_CTX_TRY_NUMBER='1' AIRFLOW_CTX_DAG_RUN_ID='manual__2024-11-17T23:15:06.122665+00:00'
[2024-11-17T23:15:35.577+0000] {taskinstance.py:731} INFO - ::endgroup::
[2024-11-17T23:15:35.625+0000] {cap.py:279} INFO - Starting language extraction process.
[2024-11-17T23:15:41.845+0000] {cap.py:116} INFO - Successfully read Parquet file from S3.
[2024-11-17T23:15:41.859+0000] {cap.py:289} INFO - Data loaded successfully from S3.
[2024-11-17T23:15:41.860+0000] {cap.py:292} INFO - Filtering country names and language columns.
[2024-11-17T23:15:42.009+0000] {cap.py:296} INFO - Melting data to extract languages.
[2024-11-17T23:15:42.150+0000] {cap.py:300} INFO - Removing rows with null language values.
[2024-11-17T23:15:42.404+0000] {cap.py:307} INFO - Grouping by country and aggregating languages.
[2024-11-17T23:15:42.510+0000] {cap.py:310} INFO - Language extraction completed successfully.
[2024-11-17T23:15:42.533+0000] {python.py:240} INFO - Done. Returned value was:         name.common                                          languages
0       Afghanistan                                Dari,Pashto,Turkmen
1           Albania                                           Albanian
2           Algeria                                             Arabic
3    American Samoa                                     English,Samoan
4           Andorra                                            Catalan
..              ...                                                ...
244  Western Sahara                           Spanish,Berber,Hassaniya
245           Yemen                                             Arabic
246          Zambia                                            English
247        Zimbabwe  English,Sotho,Tswana,Tsonga,Venda,Xhosa,Chewa,...
248   Åland Islands                                            Swedish

[249 rows x 2 columns]
[2024-11-17T23:15:42.637+0000] {taskinstance.py:340} INFO - ::group::Post task execution logs
[2024-11-17T23:15:42.639+0000] {taskinstance.py:352} INFO - Marking task as SUCCESS. dag_id=capstone, task_id=language, run_id=manual__2024-11-17T23:15:06.122665+00:00, execution_date=20241117T231506, start_date=20241117T231535, end_date=20241117T231542
[2024-11-17T23:15:42.738+0000] {local_task_job_runner.py:266} INFO - Task exited with return code 0
[2024-11-17T23:15:42.849+0000] {taskinstance.py:3900} INFO - 0 downstream tasks scheduled from follow-on schedule check
[2024-11-17T23:15:42.860+0000] {local_task_job_runner.py:245} INFO - ::endgroup::
