[2024-11-17T22:12:28.497+0000] {local_task_job_runner.py:123} INFO - ::group::Pre task execution logs
[2024-11-17T22:12:28.520+0000] {taskinstance.py:2612} INFO - Dependencies all met for dep_context=non-requeueable deps ti=<TaskInstance: capstone.table_tansformation manual__2024-11-17T18:00:06.422829+00:00 [queued]>
[2024-11-17T22:12:28.532+0000] {taskinstance.py:2612} INFO - Dependencies all met for dep_context=requeueable deps ti=<TaskInstance: capstone.table_tansformation manual__2024-11-17T18:00:06.422829+00:00 [queued]>
[2024-11-17T22:12:28.533+0000] {taskinstance.py:2865} INFO - Starting attempt 1 of 3
[2024-11-17T22:12:28.560+0000] {taskinstance.py:2888} INFO - Executing <Task(PythonOperator): table_tansformation> on 2024-11-17 18:00:06.422829+00:00
[2024-11-17T22:12:28.570+0000] {warnings.py:112} WARNING - /home/***/.local/lib/python3.12/site-packages/***/task/task_runner/standard_task_runner.py:70: DeprecationWarning: This process (pid=545) is multi-threaded, use of fork() may lead to deadlocks in the child.
  pid = os.fork()

[2024-11-17T22:12:28.572+0000] {standard_task_runner.py:72} INFO - Started process 547 to run task
[2024-11-17T22:12:28.572+0000] {standard_task_runner.py:104} INFO - Running: ['***', 'tasks', 'run', 'capstone', 'table_tansformation', 'manual__2024-11-17T18:00:06.422829+00:00', '--job-id', '19', '--raw', '--subdir', 'DAGS_FOLDER/country.py', '--cfg-path', '/tmp/tmpncrsqwo9']
[2024-11-17T22:12:28.575+0000] {standard_task_runner.py:105} INFO - Job 19: Subtask table_tansformation
[2024-11-17T22:12:28.634+0000] {task_command.py:467} INFO - Running <TaskInstance: capstone.table_tansformation manual__2024-11-17T18:00:06.422829+00:00 [running]> on host ea8ac57aed30
[2024-11-17T22:12:28.758+0000] {taskinstance.py:3131} INFO - Exporting env vars: AIRFLOW_CTX_DAG_OWNER='adewunmi' AIRFLOW_CTX_DAG_ID='capstone' AIRFLOW_CTX_TASK_ID='table_tansformation' AIRFLOW_CTX_EXECUTION_DATE='2024-11-17T18:00:06.422829+00:00' AIRFLOW_CTX_TRY_NUMBER='1' AIRFLOW_CTX_DAG_RUN_ID='manual__2024-11-17T18:00:06.422829+00:00'
[2024-11-17T22:12:28.762+0000] {taskinstance.py:731} INFO - ::endgroup::
[2024-11-17T22:12:28.785+0000] {cap.py:389} INFO - Starting table transformation process.
[2024-11-17T22:12:28.785+0000] {cap.py:334} INFO - Starting the table joining process.
[2024-11-17T22:12:28.786+0000] {cap.py:135} INFO - Starting column selection process.
[2024-11-17T22:12:31.372+0000] {cap.py:116} INFO - Successfully read Parquet file from S3.
[2024-11-17T22:12:31.374+0000] {cap.py:145} INFO - Data loaded successfully from S3.
[2024-11-17T22:12:31.375+0000] {cap.py:160} INFO - All required columns found.
[2024-11-17T22:12:31.379+0000] {cap.py:165} INFO - Column selection completed successfully.
[2024-11-17T22:12:31.383+0000] {cap.py:342} INFO - Country columns selected successfully.
[2024-11-17T22:12:31.384+0000] {cap.py:182} INFO - Starting currency extraction process.
[2024-11-17T22:12:34.194+0000] {cap.py:116} INFO - Successfully read Parquet file from S3.
[2024-11-17T22:12:34.196+0000] {cap.py:192} INFO - Data loaded successfully from S3.
[2024-11-17T22:12:34.197+0000] {cap.py:200} INFO - Filtering currency symbol columns and joining with country names.
[2024-11-17T22:12:34.249+0000] {cap.py:204} INFO - Melting the data to extract currency codes and symbols.
[2024-11-17T22:12:34.283+0000] {cap.py:208} INFO - Removing rows with null currency symbols.
[2024-11-17T22:12:34.324+0000] {cap.py:212} INFO - Cleaning up currency codes.
[2024-11-17T22:12:34.326+0000] {cap.py:216} INFO - Grouping by country and aggregating currency symbols and codes.
[2024-11-17T22:12:34.381+0000] {cap.py:222} INFO - Currency extraction completed successfully.
[2024-11-17T22:12:34.396+0000] {cap.py:349} INFO - Currency code and symbol extracted successfully.
[2024-11-17T22:12:34.397+0000] {cap.py:238} INFO - Starting currency name extraction process.
[2024-11-17T22:12:36.977+0000] {cap.py:116} INFO - Successfully read Parquet file from S3.
[2024-11-17T22:12:36.979+0000] {cap.py:248} INFO - Data loaded successfully from S3.
[2024-11-17T22:12:36.980+0000] {cap.py:251} INFO - Filtering country names and currency name columns.
[2024-11-17T22:12:37.015+0000] {cap.py:255} INFO - Melting data to extract currency names.
[2024-11-17T22:12:37.046+0000] {cap.py:259} INFO - Removing rows with null currency names.
[2024-11-17T22:12:37.094+0000] {cap.py:266} INFO - Grouping by country and aggregating currency names.
[2024-11-17T22:12:37.138+0000] {cap.py:269} INFO - Currency name extraction completed successfully.
[2024-11-17T22:12:37.145+0000] {cap.py:356} INFO - Currency name extracted successfully.
[2024-11-17T22:12:37.146+0000] {cap.py:287} INFO - Starting language extraction process.
[2024-11-17T22:12:44.641+0000] {cap.py:116} INFO - Successfully read Parquet file from S3.
[2024-11-17T22:12:44.642+0000] {cap.py:297} INFO - Data loaded successfully from S3.
[2024-11-17T22:12:44.643+0000] {cap.py:300} INFO - Filtering country names and language columns.
[2024-11-17T22:12:44.926+0000] {cap.py:304} INFO - Melting data to extract languages.
[2024-11-17T22:12:44.956+0000] {cap.py:308} INFO - Removing rows with null language values.
[2024-11-17T22:12:44.997+0000] {cap.py:315} INFO - Grouping by country and aggregating languages.
[2024-11-17T22:12:45.030+0000] {cap.py:318} INFO - Language extraction completed successfully.
[2024-11-17T22:12:45.038+0000] {cap.py:363} INFO - Languages extracted successfully.
[2024-11-17T22:12:45.043+0000] {cap.py:366} INFO - Joining tables.
[2024-11-17T22:12:45.062+0000] {cap.py:371} INFO - Tables joined successfully.
[2024-11-17T22:12:45.063+0000] {cap.py:427} ERROR - Error during table transformation: too many values to unpack (expected 2)
[2024-11-17T22:12:45.064+0000] {python.py:240} INFO - Done. Returned value was: None
[2024-11-17T22:12:45.077+0000] {taskinstance.py:340} INFO - ::group::Post task execution logs
[2024-11-17T22:12:45.078+0000] {taskinstance.py:352} INFO - Marking task as SUCCESS. dag_id=capstone, task_id=table_tansformation, run_id=manual__2024-11-17T18:00:06.422829+00:00, execution_date=20241117T180006, start_date=20241117T221228, end_date=20241117T221245
[2024-11-17T22:12:45.127+0000] {local_task_job_runner.py:266} INFO - Task exited with return code 0
[2024-11-17T22:12:45.153+0000] {taskinstance.py:3900} INFO - 1 downstream tasks scheduled from follow-on schedule check
[2024-11-17T22:12:45.167+0000] {local_task_job_runner.py:245} INFO - ::endgroup::
