[2024-10-25T15:41:10.162+0000] {processor.py:186} INFO - Started process (PID=60) to work on /opt/airflow/dags/function_csv/database_function.py
[2024-10-25T15:41:10.165+0000] {processor.py:914} INFO - Processing file /opt/airflow/dags/function_csv/database_function.py for tasks to queue
[2024-10-25T15:41:10.171+0000] {logging_mixin.py:190} INFO - [2024-10-25T15:41:10.170+0000] {dagbag.py:587} INFO - Filling up the DagBag from /opt/airflow/dags/function_csv/database_function.py
[2024-10-25T15:41:11.802+0000] {processor.py:927} WARNING - No viable dags retrieved from /opt/airflow/dags/function_csv/database_function.py
[2024-10-25T15:41:11.819+0000] {processor.py:208} INFO - Processing /opt/airflow/dags/function_csv/database_function.py took 1.675 seconds
[2024-10-25T15:41:42.742+0000] {processor.py:186} INFO - Started process (PID=69) to work on /opt/airflow/dags/function_csv/database_function.py
[2024-10-25T15:41:42.744+0000] {processor.py:914} INFO - Processing file /opt/airflow/dags/function_csv/database_function.py for tasks to queue
[2024-10-25T15:41:42.750+0000] {logging_mixin.py:190} INFO - [2024-10-25T15:41:42.749+0000] {dagbag.py:587} INFO - Filling up the DagBag from /opt/airflow/dags/function_csv/database_function.py
[2024-10-25T15:41:43.342+0000] {processor.py:927} WARNING - No viable dags retrieved from /opt/airflow/dags/function_csv/database_function.py
[2024-10-25T15:41:43.354+0000] {processor.py:208} INFO - Processing /opt/airflow/dags/function_csv/database_function.py took 0.641 seconds
[2024-10-25T15:42:14.125+0000] {processor.py:186} INFO - Started process (PID=77) to work on /opt/airflow/dags/function_csv/database_function.py
[2024-10-25T15:42:14.130+0000] {processor.py:914} INFO - Processing file /opt/airflow/dags/function_csv/database_function.py for tasks to queue
[2024-10-25T15:42:14.141+0000] {logging_mixin.py:190} INFO - [2024-10-25T15:42:14.141+0000] {dagbag.py:587} INFO - Filling up the DagBag from /opt/airflow/dags/function_csv/database_function.py
[2024-10-25T15:42:14.730+0000] {processor.py:927} WARNING - No viable dags retrieved from /opt/airflow/dags/function_csv/database_function.py
[2024-10-25T15:42:14.742+0000] {processor.py:208} INFO - Processing /opt/airflow/dags/function_csv/database_function.py took 0.642 seconds
[2024-10-25T15:42:45.453+0000] {processor.py:186} INFO - Started process (PID=85) to work on /opt/airflow/dags/function_csv/database_function.py
[2024-10-25T15:42:45.454+0000] {processor.py:914} INFO - Processing file /opt/airflow/dags/function_csv/database_function.py for tasks to queue
[2024-10-25T15:42:45.457+0000] {logging_mixin.py:190} INFO - [2024-10-25T15:42:45.457+0000] {dagbag.py:587} INFO - Filling up the DagBag from /opt/airflow/dags/function_csv/database_function.py
[2024-10-25T15:42:46.043+0000] {processor.py:927} WARNING - No viable dags retrieved from /opt/airflow/dags/function_csv/database_function.py
[2024-10-25T15:42:46.063+0000] {processor.py:208} INFO - Processing /opt/airflow/dags/function_csv/database_function.py took 0.623 seconds
