[2024-11-13T00:37:09.886+0000] {local_task_job_runner.py:123} INFO - ::group::Pre task execution logs
[2024-11-13T00:37:09.938+0000] {taskinstance.py:2612} INFO - Dependencies all met for dep_context=non-requeueable deps ti=<TaskInstance: tem.bash_task2 scheduled__2024-11-10T00:00:00+00:00 [queued]>
[2024-11-13T00:37:09.958+0000] {taskinstance.py:2612} INFO - Dependencies all met for dep_context=requeueable deps ti=<TaskInstance: tem.bash_task2 scheduled__2024-11-10T00:00:00+00:00 [queued]>
[2024-11-13T00:37:09.959+0000] {taskinstance.py:2865} INFO - Starting attempt 1 of 3
[2024-11-13T00:37:09.990+0000] {taskinstance.py:2888} INFO - Executing <Task(BashOperator): bash_task2> on 2024-11-10 00:00:00+00:00
[2024-11-13T00:37:09.999+0000] {warnings.py:112} WARNING - /home/***/.local/lib/python3.12/site-packages/***/task/task_runner/standard_task_runner.py:70: DeprecationWarning: This process (pid=58) is multi-threaded, use of fork() may lead to deadlocks in the child.
  pid = os.fork()

[2024-11-13T00:37:10.002+0000] {standard_task_runner.py:72} INFO - Started process 63 to run task
[2024-11-13T00:37:10.011+0000] {standard_task_runner.py:104} INFO - Running: ['***', 'tasks', 'run', 'tem', 'bash_task2', 'scheduled__2024-11-10T00:00:00+00:00', '--job-id', '92', '--raw', '--subdir', 'DAGS_FOLDER/templatin/template.py', '--cfg-path', '/tmp/tmpo6mrfki6']
[2024-11-13T00:37:10.015+0000] {standard_task_runner.py:105} INFO - Job 92: Subtask bash_task2
[2024-11-13T00:37:10.194+0000] {task_command.py:467} INFO - Running <TaskInstance: tem.bash_task2 scheduled__2024-11-10T00:00:00+00:00 [running]> on host fe3e688f2b29
[2024-11-13T00:37:10.502+0000] {taskinstance.py:3131} INFO - Exporting env vars: AIRFLOW_CTX_DAG_OWNER='ade' AIRFLOW_CTX_DAG_ID='tem' AIRFLOW_CTX_TASK_ID='bash_task2' AIRFLOW_CTX_EXECUTION_DATE='2024-11-10T00:00:00+00:00' AIRFLOW_CTX_TRY_NUMBER='1' AIRFLOW_CTX_DAG_RUN_ID='scheduled__2024-11-10T00:00:00+00:00'
[2024-11-13T00:37:10.504+0000] {taskinstance.py:731} INFO - ::endgroup::
[2024-11-13T00:37:10.594+0000] {subprocess.py:63} INFO - Tmp dir root location: /tmp
[2024-11-13T00:37:10.596+0000] {subprocess.py:75} INFO - Running command: ['/usr/bin/bash', '-c', 'echo "-1"']
[2024-11-13T00:37:10.613+0000] {subprocess.py:86} INFO - Output:
[2024-11-13T00:37:10.617+0000] {subprocess.py:93} INFO - -1
[2024-11-13T00:37:10.623+0000] {subprocess.py:97} INFO - Command exited with return code 0
[2024-11-13T00:37:10.730+0000] {taskinstance.py:340} INFO - ::group::Post task execution logs
[2024-11-13T00:37:10.731+0000] {taskinstance.py:352} INFO - Marking task as SUCCESS. dag_id=tem, task_id=bash_task2, run_id=scheduled__2024-11-10T00:00:00+00:00, execution_date=20241110T000000, start_date=20241113T003709, end_date=20241113T003710
[2024-11-13T00:37:10.836+0000] {local_task_job_runner.py:266} INFO - Task exited with return code 0
[2024-11-13T00:37:10.889+0000] {taskinstance.py:3900} INFO - 1 downstream tasks scheduled from follow-on schedule check
[2024-11-13T00:37:10.902+0000] {local_task_job_runner.py:245} INFO - ::endgroup::
