[2024-11-17T23:03:12.769+0000] {local_task_job_runner.py:123} INFO - ::group::Pre task execution logs
[2024-11-17T23:03:12.816+0000] {taskinstance.py:2612} INFO - Dependencies all met for dep_context=non-requeueable deps ti=<TaskInstance: capstone.language manual__2024-11-17T23:02:43.915987+00:00 [queued]>
[2024-11-17T23:03:12.836+0000] {taskinstance.py:2612} INFO - Dependencies all met for dep_context=requeueable deps ti=<TaskInstance: capstone.language manual__2024-11-17T23:02:43.915987+00:00 [queued]>
[2024-11-17T23:03:12.838+0000] {taskinstance.py:2865} INFO - Starting attempt 1 of 3
[2024-11-17T23:03:12.870+0000] {taskinstance.py:2888} INFO - Executing <Task(PythonOperator): language> on 2024-11-17 23:02:43.915987+00:00
[2024-11-17T23:03:12.885+0000] {warnings.py:112} WARNING - /home/***/.local/lib/python3.12/site-packages/***/task/task_runner/standard_task_runner.py:70: DeprecationWarning: This process (pid=1224) is multi-threaded, use of fork() may lead to deadlocks in the child.
  pid = os.fork()

[2024-11-17T23:03:12.888+0000] {standard_task_runner.py:72} INFO - Started process 1235 to run task
[2024-11-17T23:03:12.889+0000] {standard_task_runner.py:104} INFO - Running: ['***', 'tasks', 'run', 'capstone', 'language', 'manual__2024-11-17T23:02:43.915987+00:00', '--job-id', '30', '--raw', '--subdir', 'DAGS_FOLDER/country.py', '--cfg-path', '/tmp/tmpuwwylgcc']
[2024-11-17T23:03:12.896+0000] {standard_task_runner.py:105} INFO - Job 30: Subtask language
[2024-11-17T23:03:13.044+0000] {task_command.py:467} INFO - Running <TaskInstance: capstone.language manual__2024-11-17T23:02:43.915987+00:00 [running]> on host ea8ac57aed30
[2024-11-17T23:03:13.268+0000] {taskinstance.py:3131} INFO - Exporting env vars: AIRFLOW_CTX_DAG_OWNER='adewunmi' AIRFLOW_CTX_DAG_ID='capstone' AIRFLOW_CTX_TASK_ID='language' AIRFLOW_CTX_EXECUTION_DATE='2024-11-17T23:02:43.915987+00:00' AIRFLOW_CTX_TRY_NUMBER='1' AIRFLOW_CTX_DAG_RUN_ID='manual__2024-11-17T23:02:43.915987+00:00'
[2024-11-17T23:03:13.269+0000] {taskinstance.py:731} INFO - ::endgroup::
[2024-11-17T23:03:13.292+0000] {cap.py:279} INFO - Starting language extraction process.
[2024-11-17T23:03:19.846+0000] {cap.py:116} INFO - Successfully read Parquet file from S3.
[2024-11-17T23:03:19.848+0000] {cap.py:289} INFO - Data loaded successfully from S3.
[2024-11-17T23:03:19.856+0000] {cap.py:292} INFO - Filtering country names and language columns.
[2024-11-17T23:03:19.945+0000] {cap.py:296} INFO - Melting data to extract languages.
[2024-11-17T23:03:20.003+0000] {cap.py:300} INFO - Removing rows with null language values.
[2024-11-17T23:03:20.050+0000] {cap.py:307} INFO - Grouping by country and aggregating languages.
[2024-11-17T23:03:20.070+0000] {cap.py:310} INFO - Language extraction completed successfully.
[2024-11-17T23:03:20.077+0000] {python.py:240} INFO - Done. Returned value was:         name.common                                          languages
0       Afghanistan                                Dari,Pashto,Turkmen
1           Albania                                           Albanian
2           Algeria                                             Arabic
3    American Samoa                                     English,Samoan
4           Andorra                                            Catalan
..              ...                                                ...
244  Western Sahara                           Spanish,Berber,Hassaniya
245           Yemen                                             Arabic
246          Zambia                                            English
247        Zimbabwe  English,Sotho,Tswana,Tsonga,Venda,Xhosa,Chewa,...
248   Åland Islands                                            Swedish

[249 rows x 2 columns]
[2024-11-17T23:03:20.139+0000] {taskinstance.py:340} INFO - ::group::Post task execution logs
[2024-11-17T23:03:20.140+0000] {taskinstance.py:352} INFO - Marking task as SUCCESS. dag_id=capstone, task_id=language, run_id=manual__2024-11-17T23:02:43.915987+00:00, execution_date=20241117T230243, start_date=20241117T230312, end_date=20241117T230320
[2024-11-17T23:03:20.200+0000] {local_task_job_runner.py:266} INFO - Task exited with return code 0
[2024-11-17T23:03:20.240+0000] {taskinstance.py:3900} INFO - 1 downstream tasks scheduled from follow-on schedule check
[2024-11-17T23:03:20.246+0000] {local_task_job_runner.py:245} INFO - ::endgroup::
