[2024-10-07T19:55:23.795+0000] {local_task_job_runner.py:123} INFO - ::group::Pre task execution logs
[2024-10-07T19:55:23.885+0000] {taskinstance.py:2612} INFO - Dependencies all met for dep_context=non-requeueable deps ti=<TaskInstance: compl_cssnowflake.business_assessment manual__2024-10-07T19:54:55.778140+00:00 [queued]>
[2024-10-07T19:55:24.049+0000] {taskinstance.py:2612} INFO - Dependencies all met for dep_context=requeueable deps ti=<TaskInstance: compl_cssnowflake.business_assessment manual__2024-10-07T19:54:55.778140+00:00 [queued]>
[2024-10-07T19:55:24.051+0000] {taskinstance.py:2865} INFO - Starting attempt 1 of 1
[2024-10-07T19:55:24.212+0000] {taskinstance.py:2888} INFO - Executing <Task(SnowflakeOperator): business_assessment> on 2024-10-07 19:54:55.778140+00:00
[2024-10-07T19:55:24.254+0000] {warnings.py:112} WARNING - /home/***/.local/lib/python3.12/site-packages/***/task/task_runner/standard_task_runner.py:70: DeprecationWarning: This process (pid=4765) is multi-threaded, use of fork() may lead to deadlocks in the child.
  pid = os.fork()

[2024-10-07T19:55:24.279+0000] {standard_task_runner.py:72} INFO - Started process 4780 to run task
[2024-10-07T19:55:24.308+0000] {standard_task_runner.py:104} INFO - Running: ['***', 'tasks', 'run', 'compl_cssnowflake', 'business_assessment', 'manual__2024-10-07T19:54:55.778140+00:00', '--job-id', '60', '--raw', '--subdir', 'DAGS_FOLDER/school/ty.py', '--cfg-path', '/tmp/tmpnh81zna4']
[2024-10-07T19:55:24.321+0000] {standard_task_runner.py:105} INFO - Job 60: Subtask business_assessment
[2024-10-07T19:55:24.824+0000] {task_command.py:467} INFO - Running <TaskInstance: compl_cssnowflake.business_assessment manual__2024-10-07T19:54:55.778140+00:00 [running]> on host 67bc14123253
[2024-10-07T19:55:25.184+0000] {taskinstance.py:3131} INFO - Exporting env vars: AIRFLOW_CTX_DAG_OWNER='seylow' AIRFLOW_CTX_DAG_ID='compl_cssnowflake' AIRFLOW_CTX_TASK_ID='business_assessment' AIRFLOW_CTX_EXECUTION_DATE='2024-10-07T19:54:55.778140+00:00' AIRFLOW_CTX_TRY_NUMBER='1' AIRFLOW_CTX_DAG_RUN_ID='manual__2024-10-07T19:54:55.778140+00:00'
[2024-10-07T19:55:25.190+0000] {logging_mixin.py:190} INFO - Task instance is in running state
[2024-10-07T19:55:25.193+0000] {logging_mixin.py:190} INFO -  Previous state of the Task instance: queued
[2024-10-07T19:55:25.195+0000] {logging_mixin.py:190} INFO - Current task name:business_assessment state:running start_date:2024-10-07 19:55:23.903611+00:00
[2024-10-07T19:55:25.197+0000] {logging_mixin.py:190} INFO - Dag name:compl_cssnowflake and current dag run status:running
[2024-10-07T19:55:25.198+0000] {taskinstance.py:731} INFO - ::endgroup::
[2024-10-07T19:55:25.199+0000] {sql.py:266} INFO - Executing: 
    CREATE OR REPLACE TEMPORARY TABLE temp_business_class AS
        SELECT * FROM school.data_schema.business_class WHERE 1 = 0;  -- Create an empty table with the same structure as the target

    COPY INTO temp_business_class
        FROM @school.data_schema.student
        PATTERN = 'business_class.csv'
        FILE_FORMAT = csv_format;


    MERGE INTO school.data_schema.business_class AS target
    USING temp_business_class AS source
    ON target.student_id = source.student_id  -- Match based on the unique identifier, like student_id
    WHEN NOT MATCHED THEN
    INSERT (student_id, Maths_score, English_score, Civic_education_score, Economics_score, Government_score,
      CRS_score, Accounting_score, Commerce_score, Marketing_score, Total_Grade_Points, Average_Score)
    VALUES (source.student_id, source.Maths_score, source.English_score, source.Civic_education_score,
      source.Economics_score, source.Government_score, source.CRS_score, source.Accounting_score,
        source.Commerce_score, source.Marketing_score, source.Total_Grade_Points, source.Average_Score);

    drop TABLE temp_business_class;
    
[2024-10-07T19:55:25.232+0000] {base.py:84} INFO - Retrieving connection 'secondary'
[2024-10-07T19:55:25.288+0000] {base.py:84} INFO - Retrieving connection 'secondary'
[2024-10-07T19:55:25.291+0000] {connection.py:413} INFO - Snowflake Connector for Python Version: 3.12.1, Python Version: 3.12.5, Platform: Linux-5.15.153.1-microsoft-standard-WSL2-x86_64-with-glibc2.36
[2024-10-07T19:55:25.294+0000] {connection.py:1196} INFO - Connecting to GLOBAL Snowflake domain
[2024-10-07T19:55:25.297+0000] {connection.py:1277} INFO - This connection is in OCSP Fail Open Mode. TLS Certificates would be checked for validity and revocation status. Any other Certificate Revocation related exceptions or OCSP Responder failures would be disregarded in favor of connectivity.
[2024-10-07T19:55:28.377+0000] {cursor.py:1156} INFO - Number of results in first chunk: 1
[2024-10-07T19:55:28.382+0000] {sql.py:509} INFO - Running statement: CREATE OR REPLACE TEMPORARY TABLE temp_business_class AS
        SELECT * FROM school.data_schema.business_class WHERE 1 = 0;  -- Create an empty table with the same structure as the target, parameters: None
[2024-10-07T19:55:28.767+0000] {cursor.py:1156} INFO - Number of results in first chunk: 1
[2024-10-07T19:55:28.768+0000] {sql.py:518} INFO - Rows affected: 1
[2024-10-07T19:55:28.770+0000] {snowflake.py:422} INFO - Rows affected: 1
[2024-10-07T19:55:28.773+0000] {snowflake.py:423} INFO - Snowflake query id: 01b7898b-0001-6110-0000-0001e512f38d
[2024-10-07T19:55:28.774+0000] {sql.py:509} INFO - Running statement: COPY INTO temp_business_class
        FROM @school.data_schema.student
        PATTERN = 'business_class.csv'
        FILE_FORMAT = csv_format;, parameters: None
[2024-10-07T19:55:29.564+0000] {cursor.py:1156} INFO - Number of results in first chunk: 1
[2024-10-07T19:55:29.565+0000] {sql.py:518} INFO - Rows affected: 1
[2024-10-07T19:55:29.571+0000] {snowflake.py:422} INFO - Rows affected: 1
[2024-10-07T19:55:29.572+0000] {snowflake.py:423} INFO - Snowflake query id: 01b7898b-0001-5f37-0000-0001e512e199
[2024-10-07T19:55:29.573+0000] {sql.py:509} INFO - Running statement: MERGE INTO school.data_schema.business_class AS target
    USING temp_business_class AS source
    ON target.student_id = source.student_id  -- Match based on the unique identifier, like student_id
    WHEN NOT MATCHED THEN
    INSERT (student_id, Maths_score, English_score, Civic_education_score, Economics_score, Government_score,
      CRS_score, Accounting_score, Commerce_score, Marketing_score, Total_Grade_Points, Average_Score)
    VALUES (source.student_id, source.Maths_score, source.English_score, source.Civic_education_score,
      source.Economics_score, source.Government_score, source.CRS_score, source.Accounting_score,
        source.Commerce_score, source.Marketing_score, source.Total_Grade_Points, source.Average_Score);, parameters: None
[2024-10-07T19:55:29.871+0000] {sql.py:518} INFO - Rows affected: 0
[2024-10-07T19:55:29.872+0000] {snowflake.py:422} INFO - Rows affected: 0
[2024-10-07T19:55:29.873+0000] {snowflake.py:423} INFO - Snowflake query id: 01b7898b-0001-6110-0000-0001e512f399
[2024-10-07T19:55:29.874+0000] {sql.py:509} INFO - Running statement: drop TABLE temp_business_class;, parameters: None
[2024-10-07T19:55:30.130+0000] {cursor.py:1156} INFO - Number of results in first chunk: 1
[2024-10-07T19:55:30.134+0000] {sql.py:518} INFO - Rows affected: 1
[2024-10-07T19:55:30.137+0000] {snowflake.py:422} INFO - Rows affected: 1
[2024-10-07T19:55:30.139+0000] {snowflake.py:423} INFO - Snowflake query id: 01b7898b-0001-5ef3-0000-0001e512c7b5
[2024-10-07T19:55:30.315+0000] {cursor.py:1156} INFO - Number of results in first chunk: 1
[2024-10-07T19:55:30.316+0000] {connection.py:788} INFO - closed
[2024-10-07T19:55:30.475+0000] {connection.py:794} INFO - No async queries seem to be running, deleting session
[2024-10-07T19:55:30.704+0000] {taskinstance.py:340} INFO - ::group::Post task execution logs
[2024-10-07T19:55:30.705+0000] {taskinstance.py:352} INFO - Marking task as SUCCESS. dag_id=compl_cssnowflake, task_id=business_assessment, run_id=manual__2024-10-07T19:54:55.778140+00:00, execution_date=20241007T195455, start_date=20241007T195523, end_date=20241007T195530
[2024-10-07T19:55:30.725+0000] {logging_mixin.py:190} INFO - Task instance in success state
[2024-10-07T19:55:30.727+0000] {logging_mixin.py:190} INFO -  Previous state of the Task instance: running
[2024-10-07T19:55:30.728+0000] {logging_mixin.py:190} INFO - Dag name:compl_cssnowflake queued_at:2024-10-07 19:54:55.800604+00:00
[2024-10-07T19:55:30.729+0000] {logging_mixin.py:190} INFO - Task hostname:67bc14123253 operator:SnowflakeOperator
[2024-10-07T19:55:30.773+0000] {local_task_job_runner.py:266} INFO - Task exited with return code 0
[2024-10-07T19:55:30.830+0000] {taskinstance.py:3900} INFO - 0 downstream tasks scheduled from follow-on schedule check
[2024-10-07T19:55:30.840+0000] {local_task_job_runner.py:245} INFO - ::endgroup::
