[2024-11-20T23:47:05.305+0000] {local_task_job_runner.py:123} INFO - ::group::Pre task execution logs
[2024-11-20T23:47:05.326+0000] {taskinstance.py:2612} INFO - Dependencies all met for dep_context=non-requeueable deps ti=<TaskInstance: capstone.load_to_database manual__2024-11-20T23:36:46.718095+00:00 [queued]>
[2024-11-20T23:47:05.339+0000] {taskinstance.py:2612} INFO - Dependencies all met for dep_context=requeueable deps ti=<TaskInstance: capstone.load_to_database manual__2024-11-20T23:36:46.718095+00:00 [queued]>
[2024-11-20T23:47:05.339+0000] {taskinstance.py:2865} INFO - Starting attempt 2 of 4
[2024-11-20T23:47:05.365+0000] {taskinstance.py:2888} INFO - Executing <Task(PythonOperator): load_to_database> on 2024-11-20 23:36:46.718095+00:00
[2024-11-20T23:47:05.376+0000] {warnings.py:112} WARNING - /home/***/.local/lib/python3.12/site-packages/***/task/task_runner/standard_task_runner.py:70: DeprecationWarning: This process (pid=396) is multi-threaded, use of fork() may lead to deadlocks in the child.
  pid = os.fork()

[2024-11-20T23:47:05.379+0000] {standard_task_runner.py:72} INFO - Started process 398 to run task
[2024-11-20T23:47:05.379+0000] {standard_task_runner.py:104} INFO - Running: ['***', 'tasks', 'run', 'capstone', 'load_to_database', 'manual__2024-11-20T23:36:46.718095+00:00', '--job-id', '96', '--raw', '--subdir', 'DAGS_FOLDER/capstone_***/country.py', '--cfg-path', '/tmp/tmp05uhu7z1']
[2024-11-20T23:47:05.384+0000] {standard_task_runner.py:105} INFO - Job 96: Subtask load_to_database
[2024-11-20T23:47:05.453+0000] {task_command.py:467} INFO - Running <TaskInstance: capstone.load_to_database manual__2024-11-20T23:36:46.718095+00:00 [running]> on host e9fd75a7ea89
[2024-11-20T23:47:05.640+0000] {taskinstance.py:3131} INFO - Exporting env vars: AIRFLOW_CTX_DAG_OWNER='adewunmi' AIRFLOW_CTX_DAG_ID='capstone' AIRFLOW_CTX_TASK_ID='load_to_database' AIRFLOW_CTX_EXECUTION_DATE='2024-11-20T23:36:46.718095+00:00' AIRFLOW_CTX_TRY_NUMBER='2' AIRFLOW_CTX_DAG_RUN_ID='manual__2024-11-20T23:36:46.718095+00:00'
[2024-11-20T23:47:05.642+0000] {taskinstance.py:731} INFO - ::endgroup::
[2024-11-20T23:47:05.662+0000] {capstone_function.py:498} INFO - Starting the database load process.
[2024-11-20T23:47:05.662+0000] {capstone_function.py:458} INFO - Starting the column renaming process.
[2024-11-20T23:47:05.663+0000] {capstone_function.py:398} INFO - Starting table transformation process.
[2024-11-20T23:47:05.666+0000] {capstone_function.py:356} INFO - Starting the table joining process.
[2024-11-20T23:47:05.667+0000] {capstone_function.py:128} INFO - Starting column selection process.
[2024-11-20T23:47:08.871+0000] {capstone_function.py:110} INFO - Successfully read Parquet file from S3.
[2024-11-20T23:47:08.873+0000] {capstone_function.py:138} INFO - Data loaded successfully from S3.
[2024-11-20T23:47:08.878+0000] {capstone_function.py:161} INFO - Column selection completed successfully.
[2024-11-20T23:47:08.886+0000] {capstone_function.py:175} INFO - Starting currency extraction process.
[2024-11-20T23:47:14.978+0000] {capstone_function.py:110} INFO - Successfully read Parquet file from S3.
[2024-11-20T23:47:14.980+0000] {capstone_function.py:185} INFO - Data loaded successfully from S3.
[2024-11-20T23:47:14.981+0000] {capstone_function.py:193} INFO - Filtering currency symbol columns and joining with country names.
[2024-11-20T23:47:15.073+0000] {capstone_function.py:201} INFO - Melting the data to extract currency codes and symbols.
[2024-11-20T23:47:15.141+0000] {capstone_function.py:209} INFO - Removing rows with null currency symbols.
[2024-11-20T23:47:15.205+0000] {capstone_function.py:215} INFO - Cleaning up currency codes.
[2024-11-20T23:47:15.208+0000] {capstone_function.py:219} INFO - Grouping by country & aggregating by symbols and codes.
[2024-11-20T23:47:15.360+0000] {capstone_function.py:231} INFO - Currency extraction completed successfully.
[2024-11-20T23:47:15.368+0000] {capstone_function.py:245} INFO - Starting currency name extraction process.
[2024-11-20T23:47:25.987+0000] {capstone_function.py:110} INFO - Successfully read Parquet file from S3.
[2024-11-20T23:47:25.989+0000] {capstone_function.py:255} INFO - Data loaded successfully from S3.
[2024-11-20T23:47:25.990+0000] {capstone_function.py:258} INFO - Filtering country names and currency name columns.
[2024-11-20T23:47:26.065+0000] {capstone_function.py:264} INFO - Melting data to extract currency names.
[2024-11-20T23:47:26.121+0000] {capstone_function.py:270} INFO - Removing rows with null currency names.
[2024-11-20T23:47:26.180+0000] {capstone_function.py:279} INFO - Grouping by country and aggregating currency names.
[2024-11-20T23:47:26.235+0000] {capstone_function.py:286} INFO - Currency name extraction completed successfully.
[2024-11-20T23:47:26.242+0000] {capstone_function.py:301} INFO - Starting language extraction process.
[2024-11-20T23:47:44.231+0000] {capstone_function.py:110} INFO - Successfully read Parquet file from S3.
[2024-11-20T23:47:44.233+0000] {capstone_function.py:311} INFO - Data loaded successfully from S3.
[2024-11-20T23:47:44.234+0000] {capstone_function.py:314} INFO - Filtering country names and language columns.
[2024-11-20T23:47:44.293+0000] {capstone_function.py:320} INFO - Melting data to extract languages.
[2024-11-20T23:47:44.351+0000] {capstone_function.py:325} INFO - Removing rows with null language values.
[2024-11-20T23:47:44.398+0000] {capstone_function.py:334} INFO - Grouping by country and aggregating languages.
[2024-11-20T23:47:44.451+0000] {capstone_function.py:341} INFO - Language extraction completed successfully.
[2024-11-20T23:47:44.458+0000] {capstone_function.py:365} INFO - Joining tables.
[2024-11-20T23:47:44.478+0000] {capstone_function.py:378} INFO - Tables joined successfully.
[2024-11-20T23:47:44.479+0000] {capstone_function.py:407} INFO - Data joined successfully for transformation.
[2024-11-20T23:47:44.497+0000] {capstone_function.py:420} INFO - Column continents transformed successfully.
[2024-11-20T23:47:44.514+0000] {capstone_function.py:420} INFO - Column idd.suffixes transformed successfully.
[2024-11-20T23:47:44.529+0000] {capstone_function.py:420} INFO - Column capital transformed successfully.
[2024-11-20T23:47:44.531+0000] {capstone_function.py:432} INFO - 'country_code' column created successfully.
[2024-11-20T23:47:44.533+0000] {capstone_function.py:442} INFO - Unnecessary columns dropped successfully.
[2024-11-20T23:47:44.534+0000] {capstone_function.py:475} INFO - Column renaming completed successfully.
[2024-11-20T23:47:44.535+0000] {capstone_function.py:505} INFO - DataFrame validation successful.                      Database connection next.
[2024-11-20T23:47:44.547+0000] {base.py:84} INFO - Retrieving connection 'rds_connect'
[2024-11-20T23:47:44.549+0000] {capstone_function.py:515} INFO - Loading data into the table 'country_data'                      in the database.
[2024-11-20T23:47:44.563+0000] {base.py:84} INFO - Retrieving connection 'rds_connect'
[2024-11-20T23:47:53.478+0000] {capstone_function.py:526} INFO - Data successfully loaded into the                      table 'country_data'.
[2024-11-20T23:47:53.479+0000] {python.py:240} INFO - Done. Returned value was: Data loaded successfully.
[2024-11-20T23:47:53.512+0000] {taskinstance.py:340} INFO - ::group::Post task execution logs
[2024-11-20T23:47:53.513+0000] {taskinstance.py:352} INFO - Marking task as SUCCESS. dag_id=capstone, task_id=load_to_database, run_id=manual__2024-11-20T23:36:46.718095+00:00, execution_date=20241120T233646, start_date=20241120T234705, end_date=20241120T234753
[2024-11-20T23:47:53.566+0000] {local_task_job_runner.py:266} INFO - Task exited with return code 0
[2024-11-20T23:47:53.586+0000] {taskinstance.py:3900} INFO - 0 downstream tasks scheduled from follow-on schedule check
[2024-11-20T23:47:53.592+0000] {local_task_job_runner.py:245} INFO - ::endgroup::
