[2024-11-20T23:40:01.962+0000] {local_task_job_runner.py:123} INFO - ::group::Pre task execution logs
[2024-11-20T23:40:01.984+0000] {taskinstance.py:2612} INFO - Dependencies all met for dep_context=non-requeueable deps ti=<TaskInstance: capstone.load_to_database manual__2024-11-20T23:36:46.718095+00:00 [queued]>
[2024-11-20T23:40:01.997+0000] {taskinstance.py:2612} INFO - Dependencies all met for dep_context=requeueable deps ti=<TaskInstance: capstone.load_to_database manual__2024-11-20T23:36:46.718095+00:00 [queued]>
[2024-11-20T23:40:01.997+0000] {taskinstance.py:2865} INFO - Starting attempt 1 of 3
[2024-11-20T23:40:02.021+0000] {taskinstance.py:2888} INFO - Executing <Task(PythonOperator): load_to_database> on 2024-11-20 23:36:46.718095+00:00
[2024-11-20T23:40:02.031+0000] {warnings.py:112} WARNING - /home/***/.local/lib/python3.12/site-packages/***/task/task_runner/standard_task_runner.py:70: DeprecationWarning: This process (pid=274) is multi-threaded, use of fork() may lead to deadlocks in the child.
  pid = os.fork()

[2024-11-20T23:40:02.033+0000] {standard_task_runner.py:72} INFO - Started process 276 to run task
[2024-11-20T23:40:02.033+0000] {standard_task_runner.py:104} INFO - Running: ['***', 'tasks', 'run', 'capstone', 'load_to_database', 'manual__2024-11-20T23:36:46.718095+00:00', '--job-id', '91', '--raw', '--subdir', 'DAGS_FOLDER/capstone_***/country.py', '--cfg-path', '/tmp/tmp5b2kga74']
[2024-11-20T23:40:02.037+0000] {standard_task_runner.py:105} INFO - Job 91: Subtask load_to_database
[2024-11-20T23:40:02.099+0000] {task_command.py:467} INFO - Running <TaskInstance: capstone.load_to_database manual__2024-11-20T23:36:46.718095+00:00 [running]> on host e9fd75a7ea89
[2024-11-20T23:40:02.215+0000] {taskinstance.py:3131} INFO - Exporting env vars: AIRFLOW_CTX_DAG_OWNER='adewunmi' AIRFLOW_CTX_DAG_ID='capstone' AIRFLOW_CTX_TASK_ID='load_to_database' AIRFLOW_CTX_EXECUTION_DATE='2024-11-20T23:36:46.718095+00:00' AIRFLOW_CTX_TRY_NUMBER='1' AIRFLOW_CTX_DAG_RUN_ID='manual__2024-11-20T23:36:46.718095+00:00'
[2024-11-20T23:40:02.216+0000] {taskinstance.py:731} INFO - ::endgroup::
[2024-11-20T23:40:02.234+0000] {capstone_function.py:498} INFO - Starting the database load process.
[2024-11-20T23:40:02.235+0000] {capstone_function.py:458} INFO - Starting the column renaming process.
[2024-11-20T23:40:02.236+0000] {capstone_function.py:398} INFO - Starting table transformation process.
[2024-11-20T23:40:02.236+0000] {capstone_function.py:356} INFO - Starting the table joining process.
[2024-11-20T23:40:02.237+0000] {capstone_function.py:128} INFO - Starting column selection process.
[2024-11-20T23:40:15.924+0000] {capstone_function.py:110} INFO - Successfully read Parquet file from S3.
[2024-11-20T23:40:15.926+0000] {capstone_function.py:138} INFO - Data loaded successfully from S3.
[2024-11-20T23:40:15.930+0000] {capstone_function.py:161} INFO - Column selection completed successfully.
[2024-11-20T23:40:15.935+0000] {capstone_function.py:175} INFO - Starting currency extraction process.
[2024-11-20T23:40:20.662+0000] {capstone_function.py:110} INFO - Successfully read Parquet file from S3.
[2024-11-20T23:40:20.665+0000] {capstone_function.py:185} INFO - Data loaded successfully from S3.
[2024-11-20T23:40:20.666+0000] {capstone_function.py:193} INFO - Filtering currency symbol columns and joining with country names.
[2024-11-20T23:40:20.786+0000] {capstone_function.py:201} INFO - Melting the data to extract currency codes and symbols.
[2024-11-20T23:40:20.850+0000] {capstone_function.py:209} INFO - Removing rows with null currency symbols.
[2024-11-20T23:40:20.921+0000] {capstone_function.py:215} INFO - Cleaning up currency codes.
[2024-11-20T23:40:20.925+0000] {capstone_function.py:219} INFO - Grouping by country & aggregating by symbols and codes.
[2024-11-20T23:40:21.046+0000] {capstone_function.py:231} INFO - Currency extraction completed successfully.
[2024-11-20T23:40:21.058+0000] {capstone_function.py:245} INFO - Starting currency name extraction process.
[2024-11-20T23:40:38.098+0000] {capstone_function.py:110} INFO - Successfully read Parquet file from S3.
[2024-11-20T23:40:38.100+0000] {capstone_function.py:255} INFO - Data loaded successfully from S3.
[2024-11-20T23:40:38.100+0000] {capstone_function.py:258} INFO - Filtering country names and currency name columns.
[2024-11-20T23:40:38.140+0000] {capstone_function.py:264} INFO - Melting data to extract currency names.
[2024-11-20T23:40:38.174+0000] {capstone_function.py:270} INFO - Removing rows with null currency names.
[2024-11-20T23:40:38.219+0000] {capstone_function.py:279} INFO - Grouping by country and aggregating currency names.
[2024-11-20T23:40:38.264+0000] {capstone_function.py:286} INFO - Currency name extraction completed successfully.
[2024-11-20T23:40:38.271+0000] {capstone_function.py:301} INFO - Starting language extraction process.
[2024-11-20T23:40:41.422+0000] {capstone_function.py:110} INFO - Successfully read Parquet file from S3.
[2024-11-20T23:40:41.427+0000] {capstone_function.py:311} INFO - Data loaded successfully from S3.
[2024-11-20T23:40:41.428+0000] {capstone_function.py:314} INFO - Filtering country names and language columns.
[2024-11-20T23:40:41.475+0000] {capstone_function.py:320} INFO - Melting data to extract languages.
[2024-11-20T23:40:41.508+0000] {capstone_function.py:325} INFO - Removing rows with null language values.
[2024-11-20T23:40:41.554+0000] {capstone_function.py:334} INFO - Grouping by country and aggregating languages.
[2024-11-20T23:40:41.611+0000] {capstone_function.py:341} INFO - Language extraction completed successfully.
[2024-11-20T23:40:41.617+0000] {capstone_function.py:365} INFO - Joining tables.
[2024-11-20T23:40:41.637+0000] {capstone_function.py:378} INFO - Tables joined successfully.
[2024-11-20T23:40:41.638+0000] {capstone_function.py:407} INFO - Data joined successfully for transformation.
[2024-11-20T23:40:41.655+0000] {capstone_function.py:420} INFO - Column continents transformed successfully.
[2024-11-20T23:40:41.671+0000] {capstone_function.py:420} INFO - Column idd.suffixes transformed successfully.
[2024-11-20T23:40:41.686+0000] {capstone_function.py:420} INFO - Column capital transformed successfully.
[2024-11-20T23:40:41.688+0000] {capstone_function.py:432} INFO - 'country_code' column created successfully.
[2024-11-20T23:40:41.690+0000] {capstone_function.py:442} INFO - Unnecessary columns dropped successfully.
[2024-11-20T23:40:41.692+0000] {capstone_function.py:475} INFO - Column renaming completed successfully.
[2024-11-20T23:40:41.692+0000] {capstone_function.py:505} INFO - DataFrame validation successful.                      Database connection next.
[2024-11-20T23:40:41.704+0000] {base.py:84} INFO - Retrieving connection 'rds_connect'
[2024-11-20T23:40:41.706+0000] {capstone_function.py:515} INFO - Loading data into the table 'country_data'                      in the database.
[2024-11-20T23:40:41.726+0000] {base.py:84} INFO - Retrieving connection 'rds_connect'
[2024-11-20T23:40:50.670+0000] {capstone_function.py:526} INFO - Data successfully loaded into the                      table 'country_data'.
[2024-11-20T23:40:50.674+0000] {python.py:240} INFO - Done. Returned value was: Data loaded successfully.
[2024-11-20T23:40:50.749+0000] {taskinstance.py:340} INFO - ::group::Post task execution logs
[2024-11-20T23:40:50.750+0000] {taskinstance.py:352} INFO - Marking task as SUCCESS. dag_id=capstone, task_id=load_to_database, run_id=manual__2024-11-20T23:36:46.718095+00:00, execution_date=20241120T233646, start_date=20241120T234001, end_date=20241120T234050
[2024-11-20T23:40:50.831+0000] {local_task_job_runner.py:266} INFO - Task exited with return code 0
[2024-11-20T23:40:50.849+0000] {taskinstance.py:3900} INFO - 0 downstream tasks scheduled from follow-on schedule check
[2024-11-20T23:40:50.853+0000] {local_task_job_runner.py:245} INFO - ::endgroup::
