[2024-11-17T23:15:27.847+0000] {local_task_job_runner.py:123} INFO - ::group::Pre task execution logs
[2024-11-17T23:15:27.884+0000] {taskinstance.py:2612} INFO - Dependencies all met for dep_context=non-requeueable deps ti=<TaskInstance: capstone.read_from_datalake manual__2024-11-17T23:15:06.122665+00:00 [queued]>
[2024-11-17T23:15:27.901+0000] {taskinstance.py:2612} INFO - Dependencies all met for dep_context=requeueable deps ti=<TaskInstance: capstone.read_from_datalake manual__2024-11-17T23:15:06.122665+00:00 [queued]>
[2024-11-17T23:15:27.902+0000] {taskinstance.py:2865} INFO - Starting attempt 1 of 3
[2024-11-17T23:15:27.945+0000] {taskinstance.py:2888} INFO - Executing <Task(PythonOperator): read_from_datalake> on 2024-11-17 23:15:06.122665+00:00
[2024-11-17T23:15:27.955+0000] {warnings.py:112} WARNING - /home/***/.local/lib/python3.12/site-packages/***/task/task_runner/standard_task_runner.py:70: DeprecationWarning: This process (pid=1427) is multi-threaded, use of fork() may lead to deadlocks in the child.
  pid = os.fork()

[2024-11-17T23:15:27.960+0000] {standard_task_runner.py:72} INFO - Started process 1429 to run task
[2024-11-17T23:15:27.962+0000] {standard_task_runner.py:104} INFO - Running: ['***', 'tasks', 'run', 'capstone', 'read_from_datalake', 'manual__2024-11-17T23:15:06.122665+00:00', '--job-id', '36', '--raw', '--subdir', 'DAGS_FOLDER/capstone_***/country.py', '--cfg-path', '/tmp/tmp1mo68z2e']
[2024-11-17T23:15:27.966+0000] {standard_task_runner.py:105} INFO - Job 36: Subtask read_from_datalake
[2024-11-17T23:15:28.040+0000] {task_command.py:467} INFO - Running <TaskInstance: capstone.read_from_datalake manual__2024-11-17T23:15:06.122665+00:00 [running]> on host ea8ac57aed30
[2024-11-17T23:15:28.199+0000] {taskinstance.py:3131} INFO - Exporting env vars: AIRFLOW_CTX_DAG_OWNER='adewunmi' AIRFLOW_CTX_DAG_ID='capstone' AIRFLOW_CTX_TASK_ID='read_from_datalake' AIRFLOW_CTX_EXECUTION_DATE='2024-11-17T23:15:06.122665+00:00' AIRFLOW_CTX_TRY_NUMBER='1' AIRFLOW_CTX_DAG_RUN_ID='manual__2024-11-17T23:15:06.122665+00:00'
[2024-11-17T23:15:28.203+0000] {taskinstance.py:731} INFO - ::endgroup::
[2024-11-17T23:15:30.950+0000] {cap.py:116} INFO - Successfully read Parquet file from S3.
[2024-11-17T23:15:30.952+0000] {python.py:240} INFO - Done. Returned value was:        tld cca2  ... currencies.NIO.name currencies.NIO.symbol
0    [.gs]   GS  ...                <NA>                  <NA>
1    [.gd]   GD  ...                <NA>                  <NA>
2    [.ch]   CH  ...                <NA>                  <NA>
3    [.sl]   SL  ...                <NA>                  <NA>
4    [.hu]   HU  ...                <NA>                  <NA>
..     ...  ...  ...                 ...                   ...
245  [.be]   BE  ...                <NA>                  <NA>
246  [.il]   IL  ...                <NA>                  <NA>
247  [.nz]   NZ  ...                <NA>                  <NA>
248  [.ni]   NI  ...  Nicaraguan córdoba                    C$
249  [.ai]   AI  ...                <NA>                  <NA>

[250 rows x 896 columns]
[2024-11-17T23:15:31.531+0000] {taskinstance.py:340} INFO - ::group::Post task execution logs
[2024-11-17T23:15:31.532+0000] {taskinstance.py:352} INFO - Marking task as SUCCESS. dag_id=capstone, task_id=read_from_datalake, run_id=manual__2024-11-17T23:15:06.122665+00:00, execution_date=20241117T231506, start_date=20241117T231527, end_date=20241117T231531
[2024-11-17T23:15:31.596+0000] {local_task_job_runner.py:266} INFO - Task exited with return code 0
[2024-11-17T23:15:31.611+0000] {local_task_job_runner.py:245} INFO - ::endgroup::
