[2024-11-15T21:43:31.482+0000] {local_task_job_runner.py:123} INFO - ::group::Pre task execution logs
[2024-11-15T21:43:31.545+0000] {taskinstance.py:2612} INFO - Dependencies all met for dep_context=non-requeueable deps ti=<TaskInstance: tem.bash_task3 scheduled__2024-11-13T00:00:00+00:00 [queued]>
[2024-11-15T21:43:31.575+0000] {taskinstance.py:2612} INFO - Dependencies all met for dep_context=requeueable deps ti=<TaskInstance: tem.bash_task3 scheduled__2024-11-13T00:00:00+00:00 [queued]>
[2024-11-15T21:43:31.576+0000] {taskinstance.py:2865} INFO - Starting attempt 1 of 3
[2024-11-15T21:43:31.641+0000] {taskinstance.py:2888} INFO - Executing <Task(BashOperator): bash_task3> on 2024-11-13 00:00:00+00:00
[2024-11-15T21:43:31.652+0000] {warnings.py:112} WARNING - /home/***/.local/lib/python3.12/site-packages/***/task/task_runner/standard_task_runner.py:70: DeprecationWarning: This process (pid=86) is multi-threaded, use of fork() may lead to deadlocks in the child.
  pid = os.fork()

[2024-11-15T21:43:31.655+0000] {standard_task_runner.py:72} INFO - Started process 94 to run task
[2024-11-15T21:43:31.682+0000] {standard_task_runner.py:104} INFO - Running: ['***', 'tasks', 'run', 'tem', 'bash_task3', 'scheduled__2024-11-13T00:00:00+00:00', '--job-id', '144', '--raw', '--subdir', 'DAGS_FOLDER/templatin/template.py', '--cfg-path', '/tmp/tmp7s0pubkj']
[2024-11-15T21:43:31.687+0000] {standard_task_runner.py:105} INFO - Job 144: Subtask bash_task3
[2024-11-15T21:43:31.844+0000] {task_command.py:467} INFO - Running <TaskInstance: tem.bash_task3 scheduled__2024-11-13T00:00:00+00:00 [running]> on host fe3e688f2b29
[2024-11-15T21:43:32.185+0000] {taskinstance.py:3131} INFO - Exporting env vars: AIRFLOW_CTX_DAG_OWNER='ade' AIRFLOW_CTX_DAG_ID='tem' AIRFLOW_CTX_TASK_ID='bash_task3' AIRFLOW_CTX_EXECUTION_DATE='2024-11-13T00:00:00+00:00' AIRFLOW_CTX_TRY_NUMBER='1' AIRFLOW_CTX_DAG_RUN_ID='scheduled__2024-11-13T00:00:00+00:00'
[2024-11-15T21:43:32.190+0000] {taskinstance.py:731} INFO - ::endgroup::
[2024-11-15T21:43:32.307+0000] {subprocess.py:63} INFO - Tmp dir root location: /tmp
[2024-11-15T21:43:32.309+0000] {subprocess.py:75} INFO - Running command: ['/usr/bin/bash', '-c', 'echo "13"']
[2024-11-15T21:43:32.356+0000] {subprocess.py:86} INFO - Output:
[2024-11-15T21:43:32.363+0000] {subprocess.py:93} INFO - 13
[2024-11-15T21:43:32.364+0000] {subprocess.py:97} INFO - Command exited with return code 0
[2024-11-15T21:43:32.488+0000] {taskinstance.py:340} INFO - ::group::Post task execution logs
[2024-11-15T21:43:32.489+0000] {taskinstance.py:352} INFO - Marking task as SUCCESS. dag_id=tem, task_id=bash_task3, run_id=scheduled__2024-11-13T00:00:00+00:00, execution_date=20241113T000000, start_date=20241115T214331, end_date=20241115T214332
[2024-11-15T21:43:32.559+0000] {local_task_job_runner.py:266} INFO - Task exited with return code 0
[2024-11-15T21:43:32.640+0000] {taskinstance.py:3900} INFO - 1 downstream tasks scheduled from follow-on schedule check
[2024-11-15T21:43:32.649+0000] {local_task_job_runner.py:245} INFO - ::endgroup::
