[2024-10-13T22:52:39.745+0000] {local_task_job_runner.py:123} INFO - ::group::Pre task execution logs
[2024-10-13T22:52:39.783+0000] {taskinstance.py:2612} INFO - Dependencies all met for dep_context=non-requeueable deps ti=<TaskInstance: adewunmi.execute_bash_command manual__2024-10-13T22:41:57.200069+00:00 [queued]>
[2024-10-13T22:52:39.805+0000] {taskinstance.py:2612} INFO - Dependencies all met for dep_context=requeueable deps ti=<TaskInstance: adewunmi.execute_bash_command manual__2024-10-13T22:41:57.200069+00:00 [queued]>
[2024-10-13T22:52:39.806+0000] {taskinstance.py:2865} INFO - Starting attempt 1 of 2
[2024-10-13T22:52:39.845+0000] {taskinstance.py:2888} INFO - Executing <Task(BashOperator): execute_bash_command> on 2024-10-13 22:41:57.200069+00:00
[2024-10-13T22:52:39.853+0000] {warnings.py:112} WARNING - /home/***/.local/lib/python3.12/site-packages/***/task/task_runner/standard_task_runner.py:70: DeprecationWarning: This process (pid=84) is multi-threaded, use of fork() may lead to deadlocks in the child.
  pid = os.fork()

[2024-10-13T22:52:39.856+0000] {standard_task_runner.py:72} INFO - Started process 92 to run task
[2024-10-13T22:52:39.857+0000] {standard_task_runner.py:104} INFO - Running: ['***', 'tasks', 'run', 'adewunmi', 'execute_bash_command', 'manual__2024-10-13T22:41:57.200069+00:00', '--job-id', '6', '--raw', '--subdir', 'DAGS_FOLDER/email.py', '--cfg-path', '/tmp/tmp40psd1oy']
[2024-10-13T22:52:39.859+0000] {standard_task_runner.py:105} INFO - Job 6: Subtask execute_bash_command
[2024-10-13T22:52:39.933+0000] {task_command.py:467} INFO - Running <TaskInstance: adewunmi.execute_bash_command manual__2024-10-13T22:41:57.200069+00:00 [running]> on host 1b4cad12ae67
[2024-10-13T22:52:40.078+0000] {taskinstance.py:3131} INFO - Exporting env vars: AIRFLOW_CTX_DAG_OWNER='adewunmi' AIRFLOW_CTX_DAG_ID='adewunmi' AIRFLOW_CTX_TASK_ID='execute_bash_command' AIRFLOW_CTX_EXECUTION_DATE='2024-10-13T22:41:57.200069+00:00' AIRFLOW_CTX_TRY_NUMBER='1' AIRFLOW_CTX_DAG_RUN_ID='manual__2024-10-13T22:41:57.200069+00:00'
[2024-10-13T22:52:40.080+0000] {taskinstance.py:731} INFO - ::endgroup::
[2024-10-13T22:52:40.106+0000] {subprocess.py:63} INFO - Tmp dir root location: /tmp
[2024-10-13T22:52:40.107+0000] {subprocess.py:75} INFO - Running command: ['/usr/bin/bash', '-c', 'echo "Hello, world!"']
[2024-10-13T22:52:40.123+0000] {subprocess.py:86} INFO - Output:
[2024-10-13T22:52:40.125+0000] {subprocess.py:93} INFO - Hello, world!
[2024-10-13T22:52:40.126+0000] {subprocess.py:97} INFO - Command exited with return code 0
[2024-10-13T22:52:40.170+0000] {taskinstance.py:340} INFO - ::group::Post task execution logs
[2024-10-13T22:52:40.171+0000] {taskinstance.py:352} INFO - Marking task as SUCCESS. dag_id=adewunmi, task_id=execute_bash_command, run_id=manual__2024-10-13T22:41:57.200069+00:00, execution_date=20241013T224157, start_date=20241013T225239, end_date=20241013T225240
[2024-10-13T22:52:40.238+0000] {local_task_job_runner.py:266} INFO - Task exited with return code 0
[2024-10-13T22:52:40.268+0000] {taskinstance.py:3900} INFO - 0 downstream tasks scheduled from follow-on schedule check
[2024-10-13T22:52:40.281+0000] {local_task_job_runner.py:245} INFO - ::endgroup::
