[2024-11-17T22:12:47.322+0000] {local_task_job_runner.py:123} INFO - ::group::Pre task execution logs
[2024-11-17T22:12:47.355+0000] {taskinstance.py:2612} INFO - Dependencies all met for dep_context=non-requeueable deps ti=<TaskInstance: capstone.back_s3 manual__2024-11-17T18:00:06.422829+00:00 [queued]>
[2024-11-17T22:12:47.382+0000] {taskinstance.py:2612} INFO - Dependencies all met for dep_context=requeueable deps ti=<TaskInstance: capstone.back_s3 manual__2024-11-17T18:00:06.422829+00:00 [queued]>
[2024-11-17T22:12:47.383+0000] {taskinstance.py:2865} INFO - Starting attempt 1 of 3
[2024-11-17T22:12:47.444+0000] {taskinstance.py:2888} INFO - Executing <Task(PythonOperator): back_s3> on 2024-11-17 18:00:06.422829+00:00
[2024-11-17T22:12:47.468+0000] {warnings.py:112} WARNING - /home/***/.local/lib/python3.12/site-packages/***/task/task_runner/standard_task_runner.py:70: DeprecationWarning: This process (pid=560) is multi-threaded, use of fork() may lead to deadlocks in the child.
  pid = os.fork()

[2024-11-17T22:12:47.471+0000] {standard_task_runner.py:72} INFO - Started process 562 to run task
[2024-11-17T22:12:47.472+0000] {standard_task_runner.py:104} INFO - Running: ['***', 'tasks', 'run', 'capstone', 'back_s3', 'manual__2024-11-17T18:00:06.422829+00:00', '--job-id', '20', '--raw', '--subdir', 'DAGS_FOLDER/country.py', '--cfg-path', '/tmp/tmpauzvajtd']
[2024-11-17T22:12:47.480+0000] {standard_task_runner.py:105} INFO - Job 20: Subtask back_s3
[2024-11-17T22:12:47.643+0000] {task_command.py:467} INFO - Running <TaskInstance: capstone.back_s3 manual__2024-11-17T18:00:06.422829+00:00 [running]> on host ea8ac57aed30
[2024-11-17T22:12:47.864+0000] {taskinstance.py:3131} INFO - Exporting env vars: AIRFLOW_CTX_DAG_OWNER='adewunmi' AIRFLOW_CTX_DAG_ID='capstone' AIRFLOW_CTX_TASK_ID='back_s3' AIRFLOW_CTX_EXECUTION_DATE='2024-11-17T18:00:06.422829+00:00' AIRFLOW_CTX_TRY_NUMBER='1' AIRFLOW_CTX_DAG_RUN_ID='manual__2024-11-17T18:00:06.422829+00:00'
[2024-11-17T22:12:47.867+0000] {taskinstance.py:731} INFO - ::endgroup::
[2024-11-17T22:12:47.897+0000] {cap.py:389} INFO - Starting table transformation process.
[2024-11-17T22:12:47.898+0000] {cap.py:334} INFO - Starting the table joining process.
[2024-11-17T22:12:47.900+0000] {cap.py:135} INFO - Starting column selection process.
[2024-11-17T22:13:29.652+0000] {cap.py:116} INFO - Successfully read Parquet file from S3.
[2024-11-17T22:13:29.654+0000] {cap.py:145} INFO - Data loaded successfully from S3.
[2024-11-17T22:13:29.654+0000] {cap.py:160} INFO - All required columns found.
[2024-11-17T22:13:29.658+0000] {cap.py:165} INFO - Column selection completed successfully.
[2024-11-17T22:13:29.662+0000] {cap.py:342} INFO - Country columns selected successfully.
[2024-11-17T22:13:29.663+0000] {cap.py:182} INFO - Starting currency extraction process.
[2024-11-17T22:13:33.181+0000] {cap.py:116} INFO - Successfully read Parquet file from S3.
[2024-11-17T22:13:33.183+0000] {cap.py:192} INFO - Data loaded successfully from S3.
[2024-11-17T22:13:33.184+0000] {cap.py:200} INFO - Filtering currency symbol columns and joining with country names.
[2024-11-17T22:13:33.244+0000] {cap.py:204} INFO - Melting the data to extract currency codes and symbols.
[2024-11-17T22:13:33.291+0000] {cap.py:208} INFO - Removing rows with null currency symbols.
[2024-11-17T22:13:33.337+0000] {cap.py:212} INFO - Cleaning up currency codes.
[2024-11-17T22:13:33.339+0000] {cap.py:216} INFO - Grouping by country and aggregating currency symbols and codes.
[2024-11-17T22:13:33.423+0000] {cap.py:222} INFO - Currency extraction completed successfully.
[2024-11-17T22:13:33.430+0000] {cap.py:349} INFO - Currency code and symbol extracted successfully.
[2024-11-17T22:13:33.432+0000] {cap.py:238} INFO - Starting currency name extraction process.
[2024-11-17T22:13:36.023+0000] {cap.py:116} INFO - Successfully read Parquet file from S3.
[2024-11-17T22:13:36.024+0000] {cap.py:248} INFO - Data loaded successfully from S3.
[2024-11-17T22:13:36.024+0000] {cap.py:251} INFO - Filtering country names and currency name columns.
[2024-11-17T22:13:36.064+0000] {cap.py:255} INFO - Melting data to extract currency names.
[2024-11-17T22:13:36.092+0000] {cap.py:259} INFO - Removing rows with null currency names.
[2024-11-17T22:13:36.131+0000] {cap.py:266} INFO - Grouping by country and aggregating currency names.
[2024-11-17T22:13:36.165+0000] {cap.py:269} INFO - Currency name extraction completed successfully.
[2024-11-17T22:13:36.171+0000] {cap.py:356} INFO - Currency name extracted successfully.
[2024-11-17T22:13:36.171+0000] {cap.py:287} INFO - Starting language extraction process.
[2024-11-17T22:13:38.884+0000] {cap.py:116} INFO - Successfully read Parquet file from S3.
[2024-11-17T22:13:38.886+0000] {cap.py:297} INFO - Data loaded successfully from S3.
[2024-11-17T22:13:38.887+0000] {cap.py:300} INFO - Filtering country names and language columns.
[2024-11-17T22:13:39.143+0000] {cap.py:304} INFO - Melting data to extract languages.
[2024-11-17T22:13:39.170+0000] {cap.py:308} INFO - Removing rows with null language values.
[2024-11-17T22:13:39.210+0000] {cap.py:315} INFO - Grouping by country and aggregating languages.
[2024-11-17T22:13:39.241+0000] {cap.py:318} INFO - Language extraction completed successfully.
[2024-11-17T22:13:39.247+0000] {cap.py:363} INFO - Languages extracted successfully.
[2024-11-17T22:13:39.248+0000] {cap.py:366} INFO - Joining tables.
[2024-11-17T22:13:39.264+0000] {cap.py:371} INFO - Tables joined successfully.
[2024-11-17T22:13:39.265+0000] {cap.py:427} ERROR - Error during table transformation: too many values to unpack (expected 2)
[2024-11-17T22:13:39.294+0000] {cap.py:456} ERROR - Error during writing to S3: 'NoneType' object has no attribute 'empty'
[2024-11-17T22:13:39.295+0000] {python.py:240} INFO - Done. Returned value was: None
[2024-11-17T22:13:39.307+0000] {taskinstance.py:340} INFO - ::group::Post task execution logs
[2024-11-17T22:13:39.308+0000] {taskinstance.py:352} INFO - Marking task as SUCCESS. dag_id=capstone, task_id=back_s3, run_id=manual__2024-11-17T18:00:06.422829+00:00, execution_date=20241117T180006, start_date=20241117T221247, end_date=20241117T221339
[2024-11-17T22:13:39.363+0000] {local_task_job_runner.py:266} INFO - Task exited with return code 0
[2024-11-17T22:13:39.390+0000] {taskinstance.py:3900} INFO - 0 downstream tasks scheduled from follow-on schedule check
[2024-11-17T22:13:39.397+0000] {local_task_job_runner.py:245} INFO - ::endgroup::
