[2024-10-07T15:02:49.723+0000] {local_task_job_runner.py:123} INFO - ::group::Pre task execution logs
[2024-10-07T15:02:49.753+0000] {taskinstance.py:2612} INFO - Dependencies all met for dep_context=non-requeueable deps ti=<TaskInstance: multiple_csv_to_s3.load_to_s3 manual__2024-10-07T15:02:39.919918+00:00 [queued]>
[2024-10-07T15:02:49.780+0000] {taskinstance.py:2612} INFO - Dependencies all met for dep_context=requeueable deps ti=<TaskInstance: multiple_csv_to_s3.load_to_s3 manual__2024-10-07T15:02:39.919918+00:00 [queued]>
[2024-10-07T15:02:49.781+0000] {taskinstance.py:2865} INFO - Starting attempt 1 of 1
[2024-10-07T15:02:49.820+0000] {taskinstance.py:2888} INFO - Executing <Task(PythonOperator): load_to_s3> on 2024-10-07 15:02:39.919918+00:00
[2024-10-07T15:02:49.831+0000] {warnings.py:112} WARNING - /home/***/.local/lib/python3.12/site-packages/***/task/task_runner/standard_task_runner.py:70: DeprecationWarning: This process (pid=1040) is multi-threaded, use of fork() may lead to deadlocks in the child.
  pid = os.fork()

[2024-10-07T15:02:49.834+0000] {standard_task_runner.py:72} INFO - Started process 1042 to run task
[2024-10-07T15:02:49.835+0000] {standard_task_runner.py:104} INFO - Running: ['***', 'tasks', 'run', 'multiple_csv_to_s3', 'load_to_s3', 'manual__2024-10-07T15:02:39.919918+00:00', '--job-id', '22', '--raw', '--subdir', 'DAGS_FOLDER/school/student.py', '--cfg-path', '/tmp/tmpy40v8432']
[2024-10-07T15:02:49.837+0000] {standard_task_runner.py:105} INFO - Job 22: Subtask load_to_s3
[2024-10-07T15:02:50.135+0000] {task_command.py:467} INFO - Running <TaskInstance: multiple_csv_to_s3.load_to_s3 manual__2024-10-07T15:02:39.919918+00:00 [running]> on host 67bc14123253
[2024-10-07T15:02:50.408+0000] {taskinstance.py:3131} INFO - Exporting env vars: AIRFLOW_CTX_DAG_OWNER='***' AIRFLOW_CTX_DAG_ID='multiple_csv_to_s3' AIRFLOW_CTX_TASK_ID='load_to_s3' AIRFLOW_CTX_EXECUTION_DATE='2024-10-07T15:02:39.919918+00:00' AIRFLOW_CTX_TRY_NUMBER='1' AIRFLOW_CTX_DAG_RUN_ID='manual__2024-10-07T15:02:39.919918+00:00'
[2024-10-07T15:02:50.414+0000] {logging_mixin.py:190} INFO - Task instance is in running state
[2024-10-07T15:02:50.415+0000] {logging_mixin.py:190} INFO -  Previous state of the Task instance: queued
[2024-10-07T15:02:50.416+0000] {logging_mixin.py:190} INFO - Current task name:load_to_s3 state:running start_date:2024-10-07 15:02:49.761741+00:00
[2024-10-07T15:02:50.417+0000] {logging_mixin.py:190} INFO - Dag name:multiple_csv_to_s3 and current dag run status:running
[2024-10-07T15:02:50.418+0000] {taskinstance.py:731} INFO - ::endgroup::
[2024-10-07T15:02:50.540+0000] {base.py:84} INFO - Retrieving connection 'simple_store'
[2024-10-07T15:02:50.541+0000] {connection_wrapper.py:388} INFO - AWS Connection (conn_id='simple_store', conn_type='aws') credentials retrieved from login and password.
[2024-10-07T15:02:56.092+0000] {python.py:240} INFO - Done. Returned value was: None
[2024-10-07T15:02:56.103+0000] {taskinstance.py:340} INFO - ::group::Post task execution logs
[2024-10-07T15:02:56.105+0000] {taskinstance.py:352} INFO - Marking task as SUCCESS. dag_id=multiple_csv_to_s3, task_id=load_to_s3, run_id=manual__2024-10-07T15:02:39.919918+00:00, execution_date=20241007T150239, start_date=20241007T150249, end_date=20241007T150256
[2024-10-07T15:02:56.125+0000] {logging_mixin.py:190} INFO - Task instance in success state
[2024-10-07T15:02:56.126+0000] {logging_mixin.py:190} INFO -  Previous state of the Task instance: running
[2024-10-07T15:02:56.127+0000] {logging_mixin.py:190} INFO - Dag name:multiple_csv_to_s3 queued_at:2024-10-07 15:02:39.934872+00:00
[2024-10-07T15:02:56.127+0000] {logging_mixin.py:190} INFO - Task hostname:67bc14123253 operator:PythonOperator
[2024-10-07T15:02:56.180+0000] {local_task_job_runner.py:266} INFO - Task exited with return code 0
[2024-10-07T15:02:56.204+0000] {taskinstance.py:3900} INFO - 0 downstream tasks scheduled from follow-on schedule check
[2024-10-07T15:02:56.211+0000] {local_task_job_runner.py:245} INFO - ::endgroup::
