[2024-11-17T23:02:46.448+0000] {local_task_job_runner.py:123} INFO - ::group::Pre task execution logs
[2024-11-17T23:02:46.473+0000] {taskinstance.py:2612} INFO - Dependencies all met for dep_context=non-requeueable deps ti=<TaskInstance: capstone.get_request_api manual__2024-11-17T23:02:43.915987+00:00 [queued]>
[2024-11-17T23:02:46.487+0000] {taskinstance.py:2612} INFO - Dependencies all met for dep_context=requeueable deps ti=<TaskInstance: capstone.get_request_api manual__2024-11-17T23:02:43.915987+00:00 [queued]>
[2024-11-17T23:02:46.488+0000] {taskinstance.py:2865} INFO - Starting attempt 1 of 3
[2024-11-17T23:02:46.551+0000] {taskinstance.py:2888} INFO - Executing <Task(PythonOperator): get_request_api> on 2024-11-17 23:02:43.915987+00:00
[2024-11-17T23:02:46.574+0000] {warnings.py:112} WARNING - /home/***/.local/lib/python3.12/site-packages/***/task/task_runner/standard_task_runner.py:70: DeprecationWarning: This process (pid=1200) is multi-threaded, use of fork() may lead to deadlocks in the child.
  pid = os.fork()

[2024-11-17T23:02:46.578+0000] {standard_task_runner.py:72} INFO - Started process 1202 to run task
[2024-11-17T23:02:46.578+0000] {standard_task_runner.py:104} INFO - Running: ['***', 'tasks', 'run', 'capstone', 'get_request_api', 'manual__2024-11-17T23:02:43.915987+00:00', '--job-id', '24', '--raw', '--subdir', 'DAGS_FOLDER/country.py', '--cfg-path', '/tmp/tmpuodmno9m']
[2024-11-17T23:02:46.582+0000] {standard_task_runner.py:105} INFO - Job 24: Subtask get_request_api
[2024-11-17T23:02:46.715+0000] {task_command.py:467} INFO - Running <TaskInstance: capstone.get_request_api manual__2024-11-17T23:02:43.915987+00:00 [running]> on host ea8ac57aed30
[2024-11-17T23:02:46.896+0000] {taskinstance.py:3131} INFO - Exporting env vars: AIRFLOW_CTX_DAG_OWNER='adewunmi' AIRFLOW_CTX_DAG_ID='capstone' AIRFLOW_CTX_TASK_ID='get_request_api' AIRFLOW_CTX_EXECUTION_DATE='2024-11-17T23:02:43.915987+00:00' AIRFLOW_CTX_TRY_NUMBER='1' AIRFLOW_CTX_DAG_RUN_ID='manual__2024-11-17T23:02:43.915987+00:00'
[2024-11-17T23:02:46.900+0000] {taskinstance.py:731} INFO - ::endgroup::
[2024-11-17T23:02:46.955+0000] {cap.py:24} INFO - GET request initiating
[2024-11-17T23:02:48.714+0000] {cap.py:29} INFO - API request connection is okay
[2024-11-17T23:02:48.884+0000] {cap.py:35} INFO - Response data received successfully
[2024-11-17T23:02:48.888+0000] {python.py:240} INFO - Done. Returned value was:        tld cca2  ... currencies.NIO.name currencies.NIO.symbol
0    [.gs]   GS  ...                 NaN                   NaN
1    [.gd]   GD  ...                 NaN                   NaN
2    [.ch]   CH  ...                 NaN                   NaN
3    [.sl]   SL  ...                 NaN                   NaN
4    [.hu]   HU  ...                 NaN                   NaN
..     ...  ...  ...                 ...                   ...
245  [.be]   BE  ...                 NaN                   NaN
246  [.il]   IL  ...                 NaN                   NaN
247  [.nz]   NZ  ...                 NaN                   NaN
248  [.ni]   NI  ...  Nicaraguan córdoba                    C$
249  [.ai]   AI  ...                 NaN                   NaN

[250 rows x 896 columns]
[2024-11-17T23:02:49.508+0000] {taskinstance.py:340} INFO - ::group::Post task execution logs
[2024-11-17T23:02:49.509+0000] {taskinstance.py:352} INFO - Marking task as SUCCESS. dag_id=capstone, task_id=get_request_api, run_id=manual__2024-11-17T23:02:43.915987+00:00, execution_date=20241117T230243, start_date=20241117T230246, end_date=20241117T230249
[2024-11-17T23:02:49.577+0000] {local_task_job_runner.py:266} INFO - Task exited with return code 0
[2024-11-17T23:02:49.616+0000] {taskinstance.py:3900} INFO - 1 downstream tasks scheduled from follow-on schedule check
[2024-11-17T23:02:49.630+0000] {local_task_job_runner.py:245} INFO - ::endgroup::
