[2024-11-08T05:34:53.553+0000] {local_task_job_runner.py:123} INFO - ::group::Pre task execution logs
[2024-11-08T05:34:53.585+0000] {taskinstance.py:2612} INFO - Dependencies all met for dep_context=non-requeueable deps ti=<TaskInstance: tem.bash_task4 scheduled__2024-11-07T00:00:00+00:00 [queued]>
[2024-11-08T05:34:53.601+0000] {taskinstance.py:2612} INFO - Dependencies all met for dep_context=requeueable deps ti=<TaskInstance: tem.bash_task4 scheduled__2024-11-07T00:00:00+00:00 [queued]>
[2024-11-08T05:34:53.602+0000] {taskinstance.py:2865} INFO - Starting attempt 1 of 3
[2024-11-08T05:34:53.622+0000] {taskinstance.py:2888} INFO - Executing <Task(BashOperator): bash_task4> on 2024-11-07 00:00:00+00:00
[2024-11-08T05:34:53.631+0000] {warnings.py:112} WARNING - /home/***/.local/lib/python3.12/site-packages/***/task/task_runner/standard_task_runner.py:70: DeprecationWarning: This process (pid=90) is multi-threaded, use of fork() may lead to deadlocks in the child.
  pid = os.fork()

[2024-11-08T05:34:53.633+0000] {standard_task_runner.py:72} INFO - Started process 92 to run task
[2024-11-08T05:34:53.634+0000] {standard_task_runner.py:104} INFO - Running: ['***', 'tasks', 'run', 'tem', 'bash_task4', 'scheduled__2024-11-07T00:00:00+00:00', '--job-id', '57', '--raw', '--subdir', 'DAGS_FOLDER/templatin/template.py', '--cfg-path', '/tmp/tmpl6rb0d_t']
[2024-11-08T05:34:53.636+0000] {standard_task_runner.py:105} INFO - Job 57: Subtask bash_task4
[2024-11-08T05:34:53.717+0000] {task_command.py:467} INFO - Running <TaskInstance: tem.bash_task4 scheduled__2024-11-07T00:00:00+00:00 [running]> on host fe3e688f2b29
[2024-11-08T05:34:53.858+0000] {taskinstance.py:3131} INFO - Exporting env vars: AIRFLOW_CTX_DAG_OWNER='ade' AIRFLOW_CTX_DAG_ID='tem' AIRFLOW_CTX_TASK_ID='bash_task4' AIRFLOW_CTX_EXECUTION_DATE='2024-11-07T00:00:00+00:00' AIRFLOW_CTX_TRY_NUMBER='1' AIRFLOW_CTX_DAG_RUN_ID='scheduled__2024-11-07T00:00:00+00:00'
[2024-11-08T05:34:53.860+0000] {taskinstance.py:731} INFO - ::endgroup::
[2024-11-08T05:34:53.882+0000] {subprocess.py:63} INFO - Tmp dir root location: /tmp
[2024-11-08T05:34:53.884+0000] {subprocess.py:75} INFO - Running command: ['/usr/bin/bash', '-c', 'echo "2024-11-07"']
[2024-11-08T05:34:53.897+0000] {subprocess.py:86} INFO - Output:
[2024-11-08T05:34:53.899+0000] {subprocess.py:93} INFO - 2024-11-07
[2024-11-08T05:34:53.900+0000] {subprocess.py:97} INFO - Command exited with return code 0
[2024-11-08T05:34:53.936+0000] {taskinstance.py:340} INFO - ::group::Post task execution logs
[2024-11-08T05:34:53.937+0000] {taskinstance.py:352} INFO - Marking task as SUCCESS. dag_id=tem, task_id=bash_task4, run_id=scheduled__2024-11-07T00:00:00+00:00, execution_date=20241107T000000, start_date=20241108T053453, end_date=20241108T053453
[2024-11-08T05:34:53.972+0000] {local_task_job_runner.py:266} INFO - Task exited with return code 0
[2024-11-08T05:34:54.000+0000] {taskinstance.py:3900} INFO - 1 downstream tasks scheduled from follow-on schedule check
[2024-11-08T05:34:54.007+0000] {local_task_job_runner.py:245} INFO - ::endgroup::
