[2024-10-07T19:27:01.023+0000] {local_task_job_runner.py:123} INFO - ::group::Pre task execution logs
[2024-10-07T19:27:01.051+0000] {taskinstance.py:2612} INFO - Dependencies all met for dep_context=non-requeueable deps ti=<TaskInstance: compl_cssnowflake.load_to_snowflake manual__2024-10-07T19:25:54.642119+00:00 [queued]>
[2024-10-07T19:27:01.068+0000] {taskinstance.py:2612} INFO - Dependencies all met for dep_context=requeueable deps ti=<TaskInstance: compl_cssnowflake.load_to_snowflake manual__2024-10-07T19:25:54.642119+00:00 [queued]>
[2024-10-07T19:27:01.070+0000] {taskinstance.py:2865} INFO - Starting attempt 2 of 2
[2024-10-07T19:27:01.110+0000] {taskinstance.py:2888} INFO - Executing <Task(SnowflakeOperator): load_to_snowflake> on 2024-10-07 19:25:54.642119+00:00
[2024-10-07T19:27:01.123+0000] {warnings.py:112} WARNING - /home/***/.local/lib/python3.12/site-packages/***/task/task_runner/standard_task_runner.py:70: DeprecationWarning: This process (pid=4376) is multi-threaded, use of fork() may lead to deadlocks in the child.
  pid = os.fork()

[2024-10-07T19:27:01.126+0000] {standard_task_runner.py:72} INFO - Started process 4378 to run task
[2024-10-07T19:27:01.127+0000] {standard_task_runner.py:104} INFO - Running: ['***', 'tasks', 'run', 'compl_cssnowflake', 'load_to_snowflake', 'manual__2024-10-07T19:25:54.642119+00:00', '--job-id', '49', '--raw', '--subdir', 'DAGS_FOLDER/school/ty.py', '--cfg-path', '/tmp/tmpvw6t7mwq']
[2024-10-07T19:27:01.129+0000] {standard_task_runner.py:105} INFO - Job 49: Subtask load_to_snowflake
[2024-10-07T19:27:01.208+0000] {task_command.py:467} INFO - Running <TaskInstance: compl_cssnowflake.load_to_snowflake manual__2024-10-07T19:25:54.642119+00:00 [running]> on host 67bc14123253
[2024-10-07T19:27:01.327+0000] {taskinstance.py:3131} INFO - Exporting env vars: AIRFLOW_CTX_DAG_OWNER='seylow' AIRFLOW_CTX_DAG_ID='compl_cssnowflake' AIRFLOW_CTX_TASK_ID='load_to_snowflake' AIRFLOW_CTX_EXECUTION_DATE='2024-10-07T19:25:54.642119+00:00' AIRFLOW_CTX_TRY_NUMBER='2' AIRFLOW_CTX_DAG_RUN_ID='manual__2024-10-07T19:25:54.642119+00:00'
[2024-10-07T19:27:01.329+0000] {logging_mixin.py:190} INFO - Task instance is in running state
[2024-10-07T19:27:01.330+0000] {logging_mixin.py:190} INFO -  Previous state of the Task instance: queued
[2024-10-07T19:27:01.331+0000] {logging_mixin.py:190} INFO - Current task name:load_to_snowflake state:running start_date:2024-10-07 19:27:01.054383+00:00
[2024-10-07T19:27:01.331+0000] {logging_mixin.py:190} INFO - Dag name:compl_cssnowflake and current dag run status:running
[2024-10-07T19:27:01.332+0000] {taskinstance.py:731} INFO - ::endgroup::
[2024-10-07T19:27:01.333+0000] {sql.py:266} INFO - Executing: 
        CREATE OR REPLACE TEMPORARY TABLE temp_arts_class AS
            SELECT * FROM school.data_schema.arts_class WHERE 1 = 0;  -- Create an empty table with the same structure as the target

        COPY INTO temp_arts_class
        FROM @school.data_schema.student
        PATTERN = 'arts_class.csv'
        FILE_FORMAT = csv_format;

        MERGE INTO school.data_schema.arts_class AS target
        USING temp_arts_class AS source
        ON target.student_id = source.student_id  -- Match based on the unique identifier, like student_id
        WHEN NOT MATCHED THEN
        INSERT (student_id, Maths_score, English_score, Civic_education_score, Economics_score, Government_score,
          CRS_score, Lit_in_Eng_score, Yoruba_score, History_score, Total_Grade_Points, Average_Score)
        VALUES (source.student_id, source.Maths_score, source.English_score, source.Civic_education_score,
          source.Economics_score, source.Government_score, source.CRS_score, source.Lit_in_Eng_score, source.Yoruba_score, source.History_score, source.Total_Grade_Points, source.Average_Score);

        DROP TABLE temp_arts_class;
        
[2024-10-07T19:27:01.347+0000] {base.py:84} INFO - Retrieving connection 'secondary'
[2024-10-07T19:27:01.362+0000] {base.py:84} INFO - Retrieving connection 'secondary'
[2024-10-07T19:27:01.364+0000] {connection.py:413} INFO - Snowflake Connector for Python Version: 3.12.1, Python Version: 3.12.5, Platform: Linux-5.15.153.1-microsoft-standard-WSL2-x86_64-with-glibc2.36
[2024-10-07T19:27:01.366+0000] {connection.py:1196} INFO - Connecting to GLOBAL Snowflake domain
[2024-10-07T19:27:01.367+0000] {connection.py:1277} INFO - This connection is in OCSP Fail Open Mode. TLS Certificates would be checked for validity and revocation status. Any other Certificate Revocation related exceptions or OCSP Responder failures would be disregarded in favor of connectivity.
[2024-10-07T19:27:03.148+0000] {cursor.py:1156} INFO - Number of results in first chunk: 1
[2024-10-07T19:27:03.150+0000] {sql.py:509} INFO - Running statement: CREATE OR REPLACE TEMPORARY TABLE temp_arts_class AS
            SELECT * FROM school.data_schema.arts_class WHERE 1 = 0;  -- Create an empty table with the same structure as the target, parameters: None
[2024-10-07T19:27:03.980+0000] {cursor.py:1156} INFO - Number of results in first chunk: 1
[2024-10-07T19:27:03.986+0000] {sql.py:518} INFO - Rows affected: 1
[2024-10-07T19:27:03.989+0000] {snowflake.py:422} INFO - Rows affected: 1
[2024-10-07T19:27:03.991+0000] {snowflake.py:423} INFO - Snowflake query id: 01b7896f-0001-6110-0000-0001e512f271
[2024-10-07T19:27:03.993+0000] {sql.py:509} INFO - Running statement: COPY INTO temp_arts_class
        FROM @school.data_schema.student
        PATTERN = 'arts_class.csv'
        FILE_FORMAT = csv_format;, parameters: None
[2024-10-07T19:27:05.577+0000] {cursor.py:1156} INFO - Number of results in first chunk: 1
[2024-10-07T19:27:05.605+0000] {sql.py:518} INFO - Rows affected: 1
[2024-10-07T19:27:05.607+0000] {snowflake.py:422} INFO - Rows affected: 1
[2024-10-07T19:27:05.608+0000] {snowflake.py:423} INFO - Snowflake query id: 01b7896f-0001-5ef3-0000-0001e512c6a1
[2024-10-07T19:27:05.609+0000] {sql.py:509} INFO - Running statement: MERGE INTO school.data_schema.arts_class AS target
        USING temp_arts_class AS source
        ON target.student_id = source.student_id  -- Match based on the unique identifier, like student_id
        WHEN NOT MATCHED THEN
        INSERT (student_id, Maths_score, English_score, Civic_education_score, Economics_score, Government_score,
          CRS_score, Lit_in_Eng_score, Yoruba_score, History_score, Total_Grade_Points, Average_Score)
        VALUES (source.student_id, source.Maths_score, source.English_score, source.Civic_education_score,
          source.Economics_score, source.Government_score, source.CRS_score, source.Lit_in_Eng_score, source.Yoruba_score, source.History_score, source.Total_Grade_Points, source.Average_Score);, parameters: None
[2024-10-07T19:27:06.384+0000] {sql.py:518} INFO - Rows affected: 0
[2024-10-07T19:27:06.385+0000] {snowflake.py:422} INFO - Rows affected: 0
[2024-10-07T19:27:06.387+0000] {snowflake.py:423} INFO - Snowflake query id: 01b7896f-0001-5f37-0000-0001e512e089
[2024-10-07T19:27:06.388+0000] {sql.py:509} INFO - Running statement: DROP TABLE temp_arts_class;, parameters: None
[2024-10-07T19:27:06.743+0000] {cursor.py:1156} INFO - Number of results in first chunk: 1
[2024-10-07T19:27:06.744+0000] {sql.py:518} INFO - Rows affected: 1
[2024-10-07T19:27:06.747+0000] {snowflake.py:422} INFO - Rows affected: 1
[2024-10-07T19:27:06.748+0000] {snowflake.py:423} INFO - Snowflake query id: 01b7896f-0001-5ef3-0000-0001e512c6a5
[2024-10-07T19:27:06.917+0000] {cursor.py:1156} INFO - Number of results in first chunk: 1
[2024-10-07T19:27:06.920+0000] {connection.py:788} INFO - closed
[2024-10-07T19:27:07.102+0000] {connection.py:794} INFO - No async queries seem to be running, deleting session
[2024-10-07T19:27:07.354+0000] {taskinstance.py:340} INFO - ::group::Post task execution logs
[2024-10-07T19:27:07.355+0000] {taskinstance.py:352} INFO - Marking task as SUCCESS. dag_id=compl_cssnowflake, task_id=load_to_snowflake, run_id=manual__2024-10-07T19:25:54.642119+00:00, execution_date=20241007T192554, start_date=20241007T192701, end_date=20241007T192707
[2024-10-07T19:27:07.379+0000] {logging_mixin.py:190} INFO - Task instance in success state
[2024-10-07T19:27:07.381+0000] {logging_mixin.py:190} INFO -  Previous state of the Task instance: running
[2024-10-07T19:27:07.382+0000] {logging_mixin.py:190} INFO - Dag name:compl_cssnowflake queued_at:2024-10-07 19:26:58.370148+00:00
[2024-10-07T19:27:07.383+0000] {logging_mixin.py:190} INFO - Task hostname:67bc14123253 operator:SnowflakeOperator
[2024-10-07T19:27:07.424+0000] {local_task_job_runner.py:266} INFO - Task exited with return code 0
[2024-10-07T19:27:07.448+0000] {taskinstance.py:3900} INFO - 0 downstream tasks scheduled from follow-on schedule check
[2024-10-07T19:27:07.452+0000] {local_task_job_runner.py:245} INFO - ::endgroup::
