[2024-10-19T17:38:13.255+0000] {local_task_job_runner.py:123} INFO - ::group::Pre task execution logs
[2024-10-19T17:38:13.983+0000] {taskinstance.py:2612} INFO - Dependencies all met for dep_context=non-requeueable deps ti=<TaskInstance: wiki_pageviews_dag.bash_task1 scheduled__2024-10-17T00:00:00+00:00 [queued]>
[2024-10-19T17:38:14.018+0000] {taskinstance.py:2612} INFO - Dependencies all met for dep_context=requeueable deps ti=<TaskInstance: wiki_pageviews_dag.bash_task1 scheduled__2024-10-17T00:00:00+00:00 [queued]>
[2024-10-19T17:38:14.019+0000] {taskinstance.py:2865} INFO - Starting attempt 1 of 1
[2024-10-19T17:38:14.070+0000] {taskinstance.py:2888} INFO - Executing <Task(BashOperator): bash_task1> on 2024-10-17 00:00:00+00:00
[2024-10-19T17:38:14.089+0000] {warnings.py:112} WARNING - /home/***/.local/lib/python3.12/site-packages/***/task/task_runner/standard_task_runner.py:70: DeprecationWarning: This process (pid=2110) is multi-threaded, use of fork() may lead to deadlocks in the child.
  pid = os.fork()

[2024-10-19T17:38:14.098+0000] {standard_task_runner.py:72} INFO - Started process 2136 to run task
[2024-10-19T17:38:14.104+0000] {standard_task_runner.py:104} INFO - Running: ['***', 'tasks', 'run', 'wiki_pageviews_dag', 'bash_task1', 'scheduled__2024-10-17T00:00:00+00:00', '--job-id', '51', '--raw', '--subdir', 'DAGS_FOLDER/prod.py', '--cfg-path', '/tmp/tmponwr7f1y']
[2024-10-19T17:38:14.112+0000] {standard_task_runner.py:105} INFO - Job 51: Subtask bash_task1
[2024-10-19T17:38:14.262+0000] {task_command.py:467} INFO - Running <TaskInstance: wiki_pageviews_dag.bash_task1 scheduled__2024-10-17T00:00:00+00:00 [running]> on host 533638d20908
[2024-10-19T17:38:14.513+0000] {taskinstance.py:3131} INFO - Exporting env vars: AIRFLOW_CTX_DAG_OWNER='Adewunmi' AIRFLOW_CTX_DAG_ID='wiki_pageviews_dag' AIRFLOW_CTX_TASK_ID='bash_task1' AIRFLOW_CTX_EXECUTION_DATE='2024-10-17T00:00:00+00:00' AIRFLOW_CTX_TRY_NUMBER='1' AIRFLOW_CTX_DAG_RUN_ID='scheduled__2024-10-17T00:00:00+00:00'
[2024-10-19T17:38:14.516+0000] {taskinstance.py:731} INFO - ::endgroup::
[2024-10-19T17:38:14.550+0000] {subprocess.py:63} INFO - Tmp dir root location: /tmp
[2024-10-19T17:38:14.551+0000] {subprocess.py:75} INFO - Running command: ['/usr/bin/bash', '-c', 'bash /opt/***/dags/bash_scripts/wiki_log_file.sh ']
[2024-10-19T17:38:14.572+0000] {subprocess.py:86} INFO - Output:
[2024-10-19T17:38:14.598+0000] {subprocess.py:93} INFO - 16
[2024-10-19T17:38:14.625+0000] {subprocess.py:93} INFO -   % Total    % Received % Xferd  Average Speed   Time    Time     Time  Current
[2024-10-19T17:38:14.627+0000] {subprocess.py:93} INFO -                                  Dload  Upload   Total   Spent    Left  Speed
[2024-10-19T17:38:17.392+0000] {subprocess.py:93} INFO -   0     0    0     0    0     0      0      0 --:--:-- --:--:-- --:--:--     0  0     0    0     0    0     0      0      0 --:--:--  0:00:01 --:--:--     0  0     0    0     0    0     0      0      0 --:--:--  0:00:02 --:--:--     0100   197  100   197    0     0     71      0  0:00:02  0:00:02 --:--:--    71100   197  100   197    0     0     71      0  0:00:02  0:00:02 --:--:--    71
[2024-10-19T17:38:17.438+0000] {subprocess.py:93} INFO - 
[2024-10-19T17:38:17.439+0000] {subprocess.py:93} INFO - gzip: /opt/***/dags/pageviews-20241019-160000.gz: not in gzip format
[2024-10-19T17:38:17.445+0000] {subprocess.py:93} INFO - grep: /opt/***/dags/pageviews-20241019-160000: No such file or directory
[2024-10-19T17:38:17.451+0000] {subprocess.py:93} INFO - tail: cannot open 'your_file.csv' for reading: No such file or directory
[2024-10-19T17:38:17.457+0000] {subprocess.py:93} INFO - 0
[2024-10-19T17:38:17.462+0000] {subprocess.py:97} INFO - Command exited with return code 0
[2024-10-19T17:38:17.512+0000] {taskinstance.py:340} INFO - ::group::Post task execution logs
[2024-10-19T17:38:17.514+0000] {taskinstance.py:352} INFO - Marking task as SUCCESS. dag_id=wiki_pageviews_dag, task_id=bash_task1, run_id=scheduled__2024-10-17T00:00:00+00:00, execution_date=20241017T000000, start_date=20241019T173813, end_date=20241019T173817
[2024-10-19T17:38:17.595+0000] {local_task_job_runner.py:266} INFO - Task exited with return code 0
[2024-10-19T17:38:17.663+0000] {taskinstance.py:3900} INFO - 1 downstream tasks scheduled from follow-on schedule check
[2024-10-19T17:38:17.667+0000] {local_task_job_runner.py:245} INFO - ::endgroup::
