[2024-11-08T05:34:55.457+0000] {local_task_job_runner.py:123} INFO - ::group::Pre task execution logs
[2024-11-08T05:34:55.488+0000] {taskinstance.py:2612} INFO - Dependencies all met for dep_context=non-requeueable deps ti=<TaskInstance: tem.bash_task5 scheduled__2024-11-07T00:00:00+00:00 [queued]>
[2024-11-08T05:34:55.501+0000] {taskinstance.py:2612} INFO - Dependencies all met for dep_context=requeueable deps ti=<TaskInstance: tem.bash_task5 scheduled__2024-11-07T00:00:00+00:00 [queued]>
[2024-11-08T05:34:55.502+0000] {taskinstance.py:2865} INFO - Starting attempt 1 of 3
[2024-11-08T05:34:55.524+0000] {taskinstance.py:2888} INFO - Executing <Task(BashOperator): bash_task5> on 2024-11-07 00:00:00+00:00
[2024-11-08T05:34:55.532+0000] {warnings.py:112} WARNING - /home/***/.local/lib/python3.12/site-packages/***/task/task_runner/standard_task_runner.py:70: DeprecationWarning: This process (pid=97) is multi-threaded, use of fork() may lead to deadlocks in the child.
  pid = os.fork()

[2024-11-08T05:34:55.534+0000] {standard_task_runner.py:72} INFO - Started process 101 to run task
[2024-11-08T05:34:55.535+0000] {standard_task_runner.py:104} INFO - Running: ['***', 'tasks', 'run', 'tem', 'bash_task5', 'scheduled__2024-11-07T00:00:00+00:00', '--job-id', '59', '--raw', '--subdir', 'DAGS_FOLDER/templatin/template.py', '--cfg-path', '/tmp/tmp6o0vc7cs']
[2024-11-08T05:34:55.536+0000] {standard_task_runner.py:105} INFO - Job 59: Subtask bash_task5
[2024-11-08T05:34:55.605+0000] {task_command.py:467} INFO - Running <TaskInstance: tem.bash_task5 scheduled__2024-11-07T00:00:00+00:00 [running]> on host fe3e688f2b29
[2024-11-08T05:34:55.746+0000] {taskinstance.py:3131} INFO - Exporting env vars: AIRFLOW_CTX_DAG_OWNER='ade' AIRFLOW_CTX_DAG_ID='tem' AIRFLOW_CTX_TASK_ID='bash_task5' AIRFLOW_CTX_EXECUTION_DATE='2024-11-07T00:00:00+00:00' AIRFLOW_CTX_TRY_NUMBER='1' AIRFLOW_CTX_DAG_RUN_ID='scheduled__2024-11-07T00:00:00+00:00'
[2024-11-08T05:34:55.747+0000] {taskinstance.py:731} INFO - ::endgroup::
[2024-11-08T05:34:55.777+0000] {subprocess.py:63} INFO - Tmp dir root location: /tmp
[2024-11-08T05:34:55.779+0000] {subprocess.py:75} INFO - Running command: ['/usr/bin/bash', '-c', 'echo "20241107"']
[2024-11-08T05:34:55.793+0000] {subprocess.py:86} INFO - Output:
[2024-11-08T05:34:55.795+0000] {subprocess.py:93} INFO - 20241107
[2024-11-08T05:34:55.796+0000] {subprocess.py:97} INFO - Command exited with return code 0
[2024-11-08T05:34:55.844+0000] {taskinstance.py:340} INFO - ::group::Post task execution logs
[2024-11-08T05:34:55.845+0000] {taskinstance.py:352} INFO - Marking task as SUCCESS. dag_id=tem, task_id=bash_task5, run_id=scheduled__2024-11-07T00:00:00+00:00, execution_date=20241107T000000, start_date=20241108T053455, end_date=20241108T053455
[2024-11-08T05:34:55.913+0000] {local_task_job_runner.py:266} INFO - Task exited with return code 0
[2024-11-08T05:34:55.938+0000] {taskinstance.py:3900} INFO - 0 downstream tasks scheduled from follow-on schedule check
[2024-11-08T05:34:55.949+0000] {local_task_job_runner.py:245} INFO - ::endgroup::
