[2024-10-02T23:11:36.892+0000] {processor.py:186} INFO - Started process (PID=105) to work on /home/airflow/.local/lib/python3.12/site-packages/airflow/example_dags/example_branch_day_of_week_operator.py
[2024-10-02T23:11:36.894+0000] {processor.py:914} INFO - Processing file /home/airflow/.local/lib/python3.12/site-packages/airflow/example_dags/example_branch_day_of_week_operator.py for tasks to queue
[2024-10-02T23:11:36.898+0000] {logging_mixin.py:190} INFO - [2024-10-02T23:11:36.897+0000] {dagbag.py:587} INFO - Filling up the DagBag from /home/airflow/.local/lib/python3.12/site-packages/airflow/example_dags/example_branch_day_of_week_operator.py
[2024-10-02T23:11:36.916+0000] {processor.py:925} INFO - DAG(s) 'example_weekday_branch_operator' retrieved from /home/airflow/.local/lib/python3.12/site-packages/airflow/example_dags/example_branch_day_of_week_operator.py
[2024-10-02T23:11:37.112+0000] {logging_mixin.py:190} INFO - [2024-10-02T23:11:37.111+0000] {override.py:1900} INFO - Created Permission View: can delete on DAG:example_weekday_branch_operator
[2024-10-02T23:11:37.130+0000] {logging_mixin.py:190} INFO - [2024-10-02T23:11:37.129+0000] {override.py:1900} INFO - Created Permission View: can edit on DAG:example_weekday_branch_operator
[2024-10-02T23:11:37.145+0000] {logging_mixin.py:190} INFO - [2024-10-02T23:11:37.144+0000] {override.py:1900} INFO - Created Permission View: can read on DAG:example_weekday_branch_operator
[2024-10-02T23:11:37.171+0000] {logging_mixin.py:190} INFO - [2024-10-02T23:11:37.171+0000] {override.py:1900} INFO - Created Permission View: can create on DAG Run:example_weekday_branch_operator
[2024-10-02T23:11:37.183+0000] {logging_mixin.py:190} INFO - [2024-10-02T23:11:37.183+0000] {override.py:1900} INFO - Created Permission View: menu access on DAG Run:example_weekday_branch_operator
[2024-10-02T23:11:37.195+0000] {logging_mixin.py:190} INFO - [2024-10-02T23:11:37.195+0000] {override.py:1900} INFO - Created Permission View: can read on DAG Run:example_weekday_branch_operator
[2024-10-02T23:11:37.209+0000] {logging_mixin.py:190} INFO - [2024-10-02T23:11:37.209+0000] {override.py:1900} INFO - Created Permission View: can delete on DAG Run:example_weekday_branch_operator
[2024-10-02T23:11:37.210+0000] {logging_mixin.py:190} INFO - [2024-10-02T23:11:37.210+0000] {dag.py:3229} INFO - Sync 1 DAGs
[2024-10-02T23:11:37.233+0000] {logging_mixin.py:190} INFO - [2024-10-02T23:11:37.233+0000] {dag.py:3252} INFO - Creating ORM DAG for example_weekday_branch_operator
[2024-10-02T23:11:37.252+0000] {logging_mixin.py:190} INFO - [2024-10-02T23:11:37.251+0000] {dag.py:4156} INFO - Setting next_dagrun for example_weekday_branch_operator to 2024-10-01 00:00:00+00:00, run_after=2024-10-02 00:00:00+00:00
[2024-10-02T23:11:37.279+0000] {processor.py:208} INFO - Processing /home/airflow/.local/lib/python3.12/site-packages/airflow/example_dags/example_branch_day_of_week_operator.py took 0.395 seconds
[2024-10-02T23:12:08.840+0000] {processor.py:186} INFO - Started process (PID=167) to work on /home/airflow/.local/lib/python3.12/site-packages/airflow/example_dags/example_branch_day_of_week_operator.py
[2024-10-02T23:12:08.841+0000] {processor.py:914} INFO - Processing file /home/airflow/.local/lib/python3.12/site-packages/airflow/example_dags/example_branch_day_of_week_operator.py for tasks to queue
[2024-10-02T23:12:08.845+0000] {logging_mixin.py:190} INFO - [2024-10-02T23:12:08.844+0000] {dagbag.py:587} INFO - Filling up the DagBag from /home/airflow/.local/lib/python3.12/site-packages/airflow/example_dags/example_branch_day_of_week_operator.py
[2024-10-02T23:12:08.864+0000] {processor.py:925} INFO - DAG(s) 'example_weekday_branch_operator' retrieved from /home/airflow/.local/lib/python3.12/site-packages/airflow/example_dags/example_branch_day_of_week_operator.py
[2024-10-02T23:12:08.988+0000] {logging_mixin.py:190} INFO - [2024-10-02T23:12:08.987+0000] {dag.py:3229} INFO - Sync 1 DAGs
[2024-10-02T23:12:09.094+0000] {logging_mixin.py:190} INFO - [2024-10-02T23:12:09.093+0000] {dag.py:4156} INFO - Setting next_dagrun for example_weekday_branch_operator to 2024-10-01 00:00:00+00:00, run_after=2024-10-02 00:00:00+00:00
[2024-10-02T23:12:09.143+0000] {processor.py:208} INFO - Processing /home/airflow/.local/lib/python3.12/site-packages/airflow/example_dags/example_branch_day_of_week_operator.py took 0.312 seconds
[2024-10-02T23:12:39.967+0000] {processor.py:186} INFO - Started process (PID=230) to work on /home/airflow/.local/lib/python3.12/site-packages/airflow/example_dags/example_branch_day_of_week_operator.py
[2024-10-02T23:12:39.968+0000] {processor.py:914} INFO - Processing file /home/airflow/.local/lib/python3.12/site-packages/airflow/example_dags/example_branch_day_of_week_operator.py for tasks to queue
[2024-10-02T23:12:39.971+0000] {logging_mixin.py:190} INFO - [2024-10-02T23:12:39.971+0000] {dagbag.py:587} INFO - Filling up the DagBag from /home/airflow/.local/lib/python3.12/site-packages/airflow/example_dags/example_branch_day_of_week_operator.py
[2024-10-02T23:12:39.983+0000] {processor.py:925} INFO - DAG(s) 'example_weekday_branch_operator' retrieved from /home/airflow/.local/lib/python3.12/site-packages/airflow/example_dags/example_branch_day_of_week_operator.py
[2024-10-02T23:12:40.008+0000] {logging_mixin.py:190} INFO - [2024-10-02T23:12:40.008+0000] {dag.py:3229} INFO - Sync 1 DAGs
[2024-10-02T23:12:40.040+0000] {logging_mixin.py:190} INFO - [2024-10-02T23:12:40.040+0000] {dag.py:4156} INFO - Setting next_dagrun for example_weekday_branch_operator to 2024-10-01 00:00:00+00:00, run_after=2024-10-02 00:00:00+00:00
[2024-10-02T23:12:40.073+0000] {processor.py:208} INFO - Processing /home/airflow/.local/lib/python3.12/site-packages/airflow/example_dags/example_branch_day_of_week_operator.py took 0.114 seconds
[2024-10-02T23:13:10.472+0000] {processor.py:186} INFO - Started process (PID=292) to work on /home/airflow/.local/lib/python3.12/site-packages/airflow/example_dags/example_branch_day_of_week_operator.py
[2024-10-02T23:13:10.475+0000] {processor.py:914} INFO - Processing file /home/airflow/.local/lib/python3.12/site-packages/airflow/example_dags/example_branch_day_of_week_operator.py for tasks to queue
[2024-10-02T23:13:10.479+0000] {logging_mixin.py:190} INFO - [2024-10-02T23:13:10.478+0000] {dagbag.py:587} INFO - Filling up the DagBag from /home/airflow/.local/lib/python3.12/site-packages/airflow/example_dags/example_branch_day_of_week_operator.py
[2024-10-02T23:13:10.491+0000] {processor.py:925} INFO - DAG(s) 'example_weekday_branch_operator' retrieved from /home/airflow/.local/lib/python3.12/site-packages/airflow/example_dags/example_branch_day_of_week_operator.py
[2024-10-02T23:13:10.520+0000] {logging_mixin.py:190} INFO - [2024-10-02T23:13:10.520+0000] {dag.py:3229} INFO - Sync 1 DAGs
[2024-10-02T23:13:10.554+0000] {logging_mixin.py:190} INFO - [2024-10-02T23:13:10.554+0000] {dag.py:4156} INFO - Setting next_dagrun for example_weekday_branch_operator to 2024-10-01 00:00:00+00:00, run_after=2024-10-02 00:00:00+00:00
[2024-10-02T23:13:10.588+0000] {processor.py:208} INFO - Processing /home/airflow/.local/lib/python3.12/site-packages/airflow/example_dags/example_branch_day_of_week_operator.py took 0.128 seconds
