[2024-10-02T23:11:24.343+0000] {processor.py:186} INFO - Started process (PID=69) to work on /home/airflow/.local/lib/python3.12/site-packages/airflow/example_dags/example_datasets.py
[2024-10-02T23:11:24.345+0000] {processor.py:914} INFO - Processing file /home/airflow/.local/lib/python3.12/site-packages/airflow/example_dags/example_datasets.py for tasks to queue
[2024-10-02T23:11:24.362+0000] {logging_mixin.py:190} INFO - [2024-10-02T23:11:24.361+0000] {dagbag.py:587} INFO - Filling up the DagBag from /home/airflow/.local/lib/python3.12/site-packages/airflow/example_dags/example_datasets.py
[2024-10-02T23:11:24.778+0000] {processor.py:925} INFO - DAG(s) 'consume_1_or_both_2_and_3_with_dataset_expressions', 'dataset_consumes_1_never_scheduled', 'consume_1_or_2_with_dataset_expressions', 'dataset_consumes_1', 'dataset_consumes_unknown_never_scheduled', 'dataset_produces_1', 'conditional_dataset_and_time_based_timetable', 'consume_1_and_2_with_dataset_expressions', 'dataset_consumes_1_and_2', 'dataset_produces_2' retrieved from /home/airflow/.local/lib/python3.12/site-packages/airflow/example_dags/example_datasets.py
[2024-10-02T23:11:25.009+0000] {logging_mixin.py:190} INFO - [2024-10-02T23:11:25.008+0000] {override.py:1900} INFO - Created Permission View: can delete on DAG:consume_1_or_both_2_and_3_with_dataset_expressions
[2024-10-02T23:11:25.029+0000] {logging_mixin.py:190} INFO - [2024-10-02T23:11:25.029+0000] {override.py:1900} INFO - Created Permission View: can edit on DAG:consume_1_or_both_2_and_3_with_dataset_expressions
[2024-10-02T23:11:25.043+0000] {logging_mixin.py:190} INFO - [2024-10-02T23:11:25.042+0000] {override.py:1900} INFO - Created Permission View: can read on DAG:consume_1_or_both_2_and_3_with_dataset_expressions
[2024-10-02T23:11:25.058+0000] {logging_mixin.py:190} INFO - [2024-10-02T23:11:25.058+0000] {override.py:1900} INFO - Created Permission View: can create on DAG Run:consume_1_or_both_2_and_3_with_dataset_expressions
[2024-10-02T23:11:25.076+0000] {logging_mixin.py:190} INFO - [2024-10-02T23:11:25.076+0000] {override.py:1900} INFO - Created Permission View: menu access on DAG Run:consume_1_or_both_2_and_3_with_dataset_expressions
[2024-10-02T23:11:25.092+0000] {logging_mixin.py:190} INFO - [2024-10-02T23:11:25.091+0000] {override.py:1900} INFO - Created Permission View: can read on DAG Run:consume_1_or_both_2_and_3_with_dataset_expressions
[2024-10-02T23:11:25.105+0000] {logging_mixin.py:190} INFO - [2024-10-02T23:11:25.104+0000] {override.py:1900} INFO - Created Permission View: can delete on DAG Run:consume_1_or_both_2_and_3_with_dataset_expressions
[2024-10-02T23:11:25.137+0000] {logging_mixin.py:190} INFO - [2024-10-02T23:11:25.136+0000] {override.py:1900} INFO - Created Permission View: can delete on DAG:dataset_consumes_1_never_scheduled
[2024-10-02T23:11:25.151+0000] {logging_mixin.py:190} INFO - [2024-10-02T23:11:25.151+0000] {override.py:1900} INFO - Created Permission View: can edit on DAG:dataset_consumes_1_never_scheduled
[2024-10-02T23:11:25.163+0000] {logging_mixin.py:190} INFO - [2024-10-02T23:11:25.163+0000] {override.py:1900} INFO - Created Permission View: can read on DAG:dataset_consumes_1_never_scheduled
[2024-10-02T23:11:25.193+0000] {logging_mixin.py:190} INFO - [2024-10-02T23:11:25.193+0000] {override.py:1900} INFO - Created Permission View: can create on DAG Run:dataset_consumes_1_never_scheduled
[2024-10-02T23:11:25.212+0000] {logging_mixin.py:190} INFO - [2024-10-02T23:11:25.212+0000] {override.py:1900} INFO - Created Permission View: menu access on DAG Run:dataset_consumes_1_never_scheduled
[2024-10-02T23:11:25.237+0000] {logging_mixin.py:190} INFO - [2024-10-02T23:11:25.236+0000] {override.py:1900} INFO - Created Permission View: can read on DAG Run:dataset_consumes_1_never_scheduled
[2024-10-02T23:11:25.253+0000] {logging_mixin.py:190} INFO - [2024-10-02T23:11:25.252+0000] {override.py:1900} INFO - Created Permission View: can delete on DAG Run:dataset_consumes_1_never_scheduled
[2024-10-02T23:11:25.285+0000] {logging_mixin.py:190} INFO - [2024-10-02T23:11:25.284+0000] {override.py:1900} INFO - Created Permission View: can delete on DAG:consume_1_or_2_with_dataset_expressions
[2024-10-02T23:11:25.305+0000] {logging_mixin.py:190} INFO - [2024-10-02T23:11:25.304+0000] {override.py:1900} INFO - Created Permission View: can edit on DAG:consume_1_or_2_with_dataset_expressions
[2024-10-02T23:11:25.322+0000] {logging_mixin.py:190} INFO - [2024-10-02T23:11:25.322+0000] {override.py:1900} INFO - Created Permission View: can read on DAG:consume_1_or_2_with_dataset_expressions
[2024-10-02T23:11:25.342+0000] {logging_mixin.py:190} INFO - [2024-10-02T23:11:25.342+0000] {override.py:1900} INFO - Created Permission View: can create on DAG Run:consume_1_or_2_with_dataset_expressions
[2024-10-02T23:11:25.354+0000] {logging_mixin.py:190} INFO - [2024-10-02T23:11:25.354+0000] {override.py:1900} INFO - Created Permission View: menu access on DAG Run:consume_1_or_2_with_dataset_expressions
[2024-10-02T23:11:25.369+0000] {logging_mixin.py:190} INFO - [2024-10-02T23:11:25.369+0000] {override.py:1900} INFO - Created Permission View: can read on DAG Run:consume_1_or_2_with_dataset_expressions
[2024-10-02T23:11:25.383+0000] {logging_mixin.py:190} INFO - [2024-10-02T23:11:25.383+0000] {override.py:1900} INFO - Created Permission View: can delete on DAG Run:consume_1_or_2_with_dataset_expressions
[2024-10-02T23:11:25.414+0000] {logging_mixin.py:190} INFO - [2024-10-02T23:11:25.413+0000] {override.py:1900} INFO - Created Permission View: can delete on DAG:dataset_consumes_1
[2024-10-02T23:11:25.438+0000] {logging_mixin.py:190} INFO - [2024-10-02T23:11:25.438+0000] {override.py:1900} INFO - Created Permission View: can edit on DAG:dataset_consumes_1
[2024-10-02T23:11:25.452+0000] {logging_mixin.py:190} INFO - [2024-10-02T23:11:25.452+0000] {override.py:1900} INFO - Created Permission View: can read on DAG:dataset_consumes_1
[2024-10-02T23:11:25.470+0000] {logging_mixin.py:190} INFO - [2024-10-02T23:11:25.470+0000] {override.py:1900} INFO - Created Permission View: can create on DAG Run:dataset_consumes_1
[2024-10-02T23:11:25.485+0000] {logging_mixin.py:190} INFO - [2024-10-02T23:11:25.484+0000] {override.py:1900} INFO - Created Permission View: menu access on DAG Run:dataset_consumes_1
[2024-10-02T23:11:25.497+0000] {logging_mixin.py:190} INFO - [2024-10-02T23:11:25.496+0000] {override.py:1900} INFO - Created Permission View: can read on DAG Run:dataset_consumes_1
[2024-10-02T23:11:25.519+0000] {logging_mixin.py:190} INFO - [2024-10-02T23:11:25.518+0000] {override.py:1900} INFO - Created Permission View: can delete on DAG Run:dataset_consumes_1
[2024-10-02T23:11:25.549+0000] {logging_mixin.py:190} INFO - [2024-10-02T23:11:25.548+0000] {override.py:1900} INFO - Created Permission View: can delete on DAG:dataset_consumes_unknown_never_scheduled
[2024-10-02T23:11:25.564+0000] {logging_mixin.py:190} INFO - [2024-10-02T23:11:25.564+0000] {override.py:1900} INFO - Created Permission View: can edit on DAG:dataset_consumes_unknown_never_scheduled
[2024-10-02T23:11:25.577+0000] {logging_mixin.py:190} INFO - [2024-10-02T23:11:25.576+0000] {override.py:1900} INFO - Created Permission View: can read on DAG:dataset_consumes_unknown_never_scheduled
[2024-10-02T23:11:25.601+0000] {logging_mixin.py:190} INFO - [2024-10-02T23:11:25.601+0000] {override.py:1900} INFO - Created Permission View: can create on DAG Run:dataset_consumes_unknown_never_scheduled
[2024-10-02T23:11:25.617+0000] {logging_mixin.py:190} INFO - [2024-10-02T23:11:25.616+0000] {override.py:1900} INFO - Created Permission View: menu access on DAG Run:dataset_consumes_unknown_never_scheduled
[2024-10-02T23:11:25.634+0000] {logging_mixin.py:190} INFO - [2024-10-02T23:11:25.633+0000] {override.py:1900} INFO - Created Permission View: can read on DAG Run:dataset_consumes_unknown_never_scheduled
[2024-10-02T23:11:25.649+0000] {logging_mixin.py:190} INFO - [2024-10-02T23:11:25.648+0000] {override.py:1900} INFO - Created Permission View: can delete on DAG Run:dataset_consumes_unknown_never_scheduled
[2024-10-02T23:11:25.681+0000] {logging_mixin.py:190} INFO - [2024-10-02T23:11:25.677+0000] {override.py:1900} INFO - Created Permission View: can delete on DAG:dataset_produces_1
[2024-10-02T23:11:25.711+0000] {logging_mixin.py:190} INFO - [2024-10-02T23:11:25.710+0000] {override.py:1900} INFO - Created Permission View: can edit on DAG:dataset_produces_1
[2024-10-02T23:11:25.728+0000] {logging_mixin.py:190} INFO - [2024-10-02T23:11:25.727+0000] {override.py:1900} INFO - Created Permission View: can read on DAG:dataset_produces_1
[2024-10-02T23:11:25.761+0000] {logging_mixin.py:190} INFO - [2024-10-02T23:11:25.761+0000] {override.py:1900} INFO - Created Permission View: can create on DAG Run:dataset_produces_1
[2024-10-02T23:11:25.777+0000] {logging_mixin.py:190} INFO - [2024-10-02T23:11:25.777+0000] {override.py:1900} INFO - Created Permission View: menu access on DAG Run:dataset_produces_1
[2024-10-02T23:11:25.791+0000] {logging_mixin.py:190} INFO - [2024-10-02T23:11:25.790+0000] {override.py:1900} INFO - Created Permission View: can read on DAG Run:dataset_produces_1
[2024-10-02T23:11:25.806+0000] {logging_mixin.py:190} INFO - [2024-10-02T23:11:25.806+0000] {override.py:1900} INFO - Created Permission View: can delete on DAG Run:dataset_produces_1
[2024-10-02T23:11:25.849+0000] {logging_mixin.py:190} INFO - [2024-10-02T23:11:25.849+0000] {override.py:1900} INFO - Created Permission View: can delete on DAG:conditional_dataset_and_time_based_timetable
[2024-10-02T23:11:25.865+0000] {logging_mixin.py:190} INFO - [2024-10-02T23:11:25.864+0000] {override.py:1900} INFO - Created Permission View: can edit on DAG:conditional_dataset_and_time_based_timetable
[2024-10-02T23:11:25.881+0000] {logging_mixin.py:190} INFO - [2024-10-02T23:11:25.880+0000] {override.py:1900} INFO - Created Permission View: can read on DAG:conditional_dataset_and_time_based_timetable
[2024-10-02T23:11:25.902+0000] {logging_mixin.py:190} INFO - [2024-10-02T23:11:25.901+0000] {override.py:1900} INFO - Created Permission View: can create on DAG Run:conditional_dataset_and_time_based_timetable
[2024-10-02T23:11:25.921+0000] {logging_mixin.py:190} INFO - [2024-10-02T23:11:25.921+0000] {override.py:1900} INFO - Created Permission View: menu access on DAG Run:conditional_dataset_and_time_based_timetable
[2024-10-02T23:11:25.938+0000] {logging_mixin.py:190} INFO - [2024-10-02T23:11:25.937+0000] {override.py:1900} INFO - Created Permission View: can read on DAG Run:conditional_dataset_and_time_based_timetable
[2024-10-02T23:11:25.958+0000] {logging_mixin.py:190} INFO - [2024-10-02T23:11:25.957+0000] {override.py:1900} INFO - Created Permission View: can delete on DAG Run:conditional_dataset_and_time_based_timetable
[2024-10-02T23:11:25.990+0000] {logging_mixin.py:190} INFO - [2024-10-02T23:11:25.989+0000] {override.py:1900} INFO - Created Permission View: can delete on DAG:consume_1_and_2_with_dataset_expressions
[2024-10-02T23:11:26.009+0000] {logging_mixin.py:190} INFO - [2024-10-02T23:11:26.008+0000] {override.py:1900} INFO - Created Permission View: can edit on DAG:consume_1_and_2_with_dataset_expressions
[2024-10-02T23:11:26.032+0000] {logging_mixin.py:190} INFO - [2024-10-02T23:11:26.031+0000] {override.py:1900} INFO - Created Permission View: can read on DAG:consume_1_and_2_with_dataset_expressions
[2024-10-02T23:11:26.051+0000] {logging_mixin.py:190} INFO - [2024-10-02T23:11:26.051+0000] {override.py:1900} INFO - Created Permission View: can create on DAG Run:consume_1_and_2_with_dataset_expressions
[2024-10-02T23:11:26.070+0000] {logging_mixin.py:190} INFO - [2024-10-02T23:11:26.069+0000] {override.py:1900} INFO - Created Permission View: menu access on DAG Run:consume_1_and_2_with_dataset_expressions
[2024-10-02T23:11:26.085+0000] {logging_mixin.py:190} INFO - [2024-10-02T23:11:26.084+0000] {override.py:1900} INFO - Created Permission View: can read on DAG Run:consume_1_and_2_with_dataset_expressions
[2024-10-02T23:11:26.102+0000] {logging_mixin.py:190} INFO - [2024-10-02T23:11:26.102+0000] {override.py:1900} INFO - Created Permission View: can delete on DAG Run:consume_1_and_2_with_dataset_expressions
[2024-10-02T23:11:26.145+0000] {logging_mixin.py:190} INFO - [2024-10-02T23:11:26.145+0000] {override.py:1900} INFO - Created Permission View: can delete on DAG:dataset_consumes_1_and_2
[2024-10-02T23:11:26.158+0000] {logging_mixin.py:190} INFO - [2024-10-02T23:11:26.157+0000] {override.py:1900} INFO - Created Permission View: can edit on DAG:dataset_consumes_1_and_2
[2024-10-02T23:11:26.180+0000] {logging_mixin.py:190} INFO - [2024-10-02T23:11:26.180+0000] {override.py:1900} INFO - Created Permission View: can read on DAG:dataset_consumes_1_and_2
[2024-10-02T23:11:26.200+0000] {logging_mixin.py:190} INFO - [2024-10-02T23:11:26.200+0000] {override.py:1900} INFO - Created Permission View: can create on DAG Run:dataset_consumes_1_and_2
[2024-10-02T23:11:26.227+0000] {logging_mixin.py:190} INFO - [2024-10-02T23:11:26.227+0000] {override.py:1900} INFO - Created Permission View: menu access on DAG Run:dataset_consumes_1_and_2
[2024-10-02T23:11:26.245+0000] {logging_mixin.py:190} INFO - [2024-10-02T23:11:26.244+0000] {override.py:1900} INFO - Created Permission View: can read on DAG Run:dataset_consumes_1_and_2
[2024-10-02T23:11:26.261+0000] {logging_mixin.py:190} INFO - [2024-10-02T23:11:26.260+0000] {override.py:1900} INFO - Created Permission View: can delete on DAG Run:dataset_consumes_1_and_2
[2024-10-02T23:11:26.291+0000] {logging_mixin.py:190} INFO - [2024-10-02T23:11:26.290+0000] {override.py:1900} INFO - Created Permission View: can delete on DAG:dataset_produces_2
[2024-10-02T23:11:26.305+0000] {logging_mixin.py:190} INFO - [2024-10-02T23:11:26.305+0000] {override.py:1900} INFO - Created Permission View: can edit on DAG:dataset_produces_2
[2024-10-02T23:11:26.324+0000] {logging_mixin.py:190} INFO - [2024-10-02T23:11:26.324+0000] {override.py:1900} INFO - Created Permission View: can read on DAG:dataset_produces_2
[2024-10-02T23:11:26.347+0000] {logging_mixin.py:190} INFO - [2024-10-02T23:11:26.346+0000] {override.py:1900} INFO - Created Permission View: can create on DAG Run:dataset_produces_2
[2024-10-02T23:11:26.363+0000] {logging_mixin.py:190} INFO - [2024-10-02T23:11:26.363+0000] {override.py:1900} INFO - Created Permission View: menu access on DAG Run:dataset_produces_2
[2024-10-02T23:11:26.378+0000] {logging_mixin.py:190} INFO - [2024-10-02T23:11:26.377+0000] {override.py:1900} INFO - Created Permission View: can read on DAG Run:dataset_produces_2
[2024-10-02T23:11:26.398+0000] {logging_mixin.py:190} INFO - [2024-10-02T23:11:26.398+0000] {override.py:1900} INFO - Created Permission View: can delete on DAG Run:dataset_produces_2
[2024-10-02T23:11:26.399+0000] {logging_mixin.py:190} INFO - [2024-10-02T23:11:26.399+0000] {dag.py:3229} INFO - Sync 10 DAGs
[2024-10-02T23:11:26.420+0000] {logging_mixin.py:190} INFO - [2024-10-02T23:11:26.420+0000] {dag.py:3252} INFO - Creating ORM DAG for conditional_dataset_and_time_based_timetable
[2024-10-02T23:11:26.422+0000] {logging_mixin.py:190} INFO - [2024-10-02T23:11:26.422+0000] {dag.py:3252} INFO - Creating ORM DAG for consume_1_or_both_2_and_3_with_dataset_expressions
[2024-10-02T23:11:26.423+0000] {logging_mixin.py:190} INFO - [2024-10-02T23:11:26.423+0000] {dag.py:3252} INFO - Creating ORM DAG for dataset_produces_1
[2024-10-02T23:11:26.425+0000] {logging_mixin.py:190} INFO - [2024-10-02T23:11:26.425+0000] {dag.py:3252} INFO - Creating ORM DAG for dataset_consumes_1_never_scheduled
[2024-10-02T23:11:26.427+0000] {logging_mixin.py:190} INFO - [2024-10-02T23:11:26.426+0000] {dag.py:3252} INFO - Creating ORM DAG for dataset_consumes_unknown_never_scheduled
[2024-10-02T23:11:26.428+0000] {logging_mixin.py:190} INFO - [2024-10-02T23:11:26.428+0000] {dag.py:3252} INFO - Creating ORM DAG for dataset_consumes_1_and_2
[2024-10-02T23:11:26.430+0000] {logging_mixin.py:190} INFO - [2024-10-02T23:11:26.430+0000] {dag.py:3252} INFO - Creating ORM DAG for consume_1_or_2_with_dataset_expressions
[2024-10-02T23:11:26.431+0000] {logging_mixin.py:190} INFO - [2024-10-02T23:11:26.431+0000] {dag.py:3252} INFO - Creating ORM DAG for dataset_produces_2
[2024-10-02T23:11:26.433+0000] {logging_mixin.py:190} INFO - [2024-10-02T23:11:26.432+0000] {dag.py:3252} INFO - Creating ORM DAG for dataset_consumes_1
[2024-10-02T23:11:26.434+0000] {logging_mixin.py:190} INFO - [2024-10-02T23:11:26.433+0000] {dag.py:3252} INFO - Creating ORM DAG for consume_1_and_2_with_dataset_expressions
[2024-10-02T23:11:26.450+0000] {logging_mixin.py:190} INFO - [2024-10-02T23:11:26.449+0000] {dag.py:4156} INFO - Setting next_dagrun for conditional_dataset_and_time_based_timetable to 2024-10-02 01:00:00+00:00, run_after=2024-10-02 01:00:00+00:00
[2024-10-02T23:11:26.452+0000] {logging_mixin.py:190} INFO - [2024-10-02T23:11:26.451+0000] {dag.py:4156} INFO - Setting next_dagrun for consume_1_and_2_with_dataset_expressions to None, run_after=None
[2024-10-02T23:11:26.453+0000] {logging_mixin.py:190} INFO - [2024-10-02T23:11:26.452+0000] {dag.py:4156} INFO - Setting next_dagrun for consume_1_or_2_with_dataset_expressions to None, run_after=None
[2024-10-02T23:11:26.454+0000] {logging_mixin.py:190} INFO - [2024-10-02T23:11:26.454+0000] {dag.py:4156} INFO - Setting next_dagrun for consume_1_or_both_2_and_3_with_dataset_expressions to None, run_after=None
[2024-10-02T23:11:26.455+0000] {logging_mixin.py:190} INFO - [2024-10-02T23:11:26.455+0000] {dag.py:4156} INFO - Setting next_dagrun for dataset_consumes_1 to None, run_after=None
[2024-10-02T23:11:26.457+0000] {logging_mixin.py:190} INFO - [2024-10-02T23:11:26.456+0000] {dag.py:4156} INFO - Setting next_dagrun for dataset_consumes_1_and_2 to None, run_after=None
[2024-10-02T23:11:26.458+0000] {logging_mixin.py:190} INFO - [2024-10-02T23:11:26.458+0000] {dag.py:4156} INFO - Setting next_dagrun for dataset_consumes_1_never_scheduled to None, run_after=None
[2024-10-02T23:11:26.460+0000] {logging_mixin.py:190} INFO - [2024-10-02T23:11:26.459+0000] {dag.py:4156} INFO - Setting next_dagrun for dataset_consumes_unknown_never_scheduled to None, run_after=None
[2024-10-02T23:11:26.465+0000] {logging_mixin.py:190} INFO - [2024-10-02T23:11:26.465+0000] {dag.py:4156} INFO - Setting next_dagrun for dataset_produces_1 to 2024-10-01 00:00:00+00:00, run_after=2024-10-02 00:00:00+00:00
[2024-10-02T23:11:26.467+0000] {logging_mixin.py:190} INFO - [2024-10-02T23:11:26.467+0000] {dag.py:4156} INFO - Setting next_dagrun for dataset_produces_2 to None, run_after=None
[2024-10-02T23:11:26.555+0000] {processor.py:208} INFO - Processing /home/airflow/.local/lib/python3.12/site-packages/airflow/example_dags/example_datasets.py took 2.228 seconds
[2024-10-02T23:11:57.566+0000] {processor.py:186} INFO - Started process (PID=134) to work on /home/airflow/.local/lib/python3.12/site-packages/airflow/example_dags/example_datasets.py
[2024-10-02T23:11:57.567+0000] {processor.py:914} INFO - Processing file /home/airflow/.local/lib/python3.12/site-packages/airflow/example_dags/example_datasets.py for tasks to queue
[2024-10-02T23:11:57.570+0000] {logging_mixin.py:190} INFO - [2024-10-02T23:11:57.570+0000] {dagbag.py:587} INFO - Filling up the DagBag from /home/airflow/.local/lib/python3.12/site-packages/airflow/example_dags/example_datasets.py
[2024-10-02T23:11:57.783+0000] {processor.py:925} INFO - DAG(s) 'consume_1_and_2_with_dataset_expressions', 'dataset_produces_1', 'dataset_produces_2', 'consume_1_or_both_2_and_3_with_dataset_expressions', 'dataset_consumes_1_and_2', 'conditional_dataset_and_time_based_timetable', 'consume_1_or_2_with_dataset_expressions', 'dataset_consumes_unknown_never_scheduled', 'dataset_consumes_1_never_scheduled', 'dataset_consumes_1' retrieved from /home/airflow/.local/lib/python3.12/site-packages/airflow/example_dags/example_datasets.py
[2024-10-02T23:11:57.869+0000] {logging_mixin.py:190} INFO - [2024-10-02T23:11:57.869+0000] {dag.py:3229} INFO - Sync 10 DAGs
[2024-10-02T23:11:57.922+0000] {logging_mixin.py:190} INFO - [2024-10-02T23:11:57.922+0000] {dag.py:4156} INFO - Setting next_dagrun for conditional_dataset_and_time_based_timetable to 2024-10-02 01:00:00+00:00, run_after=2024-10-02 01:00:00+00:00
[2024-10-02T23:11:57.929+0000] {logging_mixin.py:190} INFO - [2024-10-02T23:11:57.928+0000] {dag.py:4156} INFO - Setting next_dagrun for consume_1_and_2_with_dataset_expressions to None, run_after=None
[2024-10-02T23:11:57.932+0000] {logging_mixin.py:190} INFO - [2024-10-02T23:11:57.932+0000] {dag.py:4156} INFO - Setting next_dagrun for consume_1_or_2_with_dataset_expressions to None, run_after=None
[2024-10-02T23:11:57.935+0000] {logging_mixin.py:190} INFO - [2024-10-02T23:11:57.934+0000] {dag.py:4156} INFO - Setting next_dagrun for consume_1_or_both_2_and_3_with_dataset_expressions to None, run_after=None
[2024-10-02T23:11:57.937+0000] {logging_mixin.py:190} INFO - [2024-10-02T23:11:57.937+0000] {dag.py:4156} INFO - Setting next_dagrun for dataset_consumes_1 to None, run_after=None
[2024-10-02T23:11:57.939+0000] {logging_mixin.py:190} INFO - [2024-10-02T23:11:57.939+0000] {dag.py:4156} INFO - Setting next_dagrun for dataset_consumes_1_and_2 to None, run_after=None
[2024-10-02T23:11:57.942+0000] {logging_mixin.py:190} INFO - [2024-10-02T23:11:57.941+0000] {dag.py:4156} INFO - Setting next_dagrun for dataset_consumes_1_never_scheduled to None, run_after=None
[2024-10-02T23:11:57.944+0000] {logging_mixin.py:190} INFO - [2024-10-02T23:11:57.943+0000] {dag.py:4156} INFO - Setting next_dagrun for dataset_consumes_unknown_never_scheduled to None, run_after=None
[2024-10-02T23:11:57.948+0000] {logging_mixin.py:190} INFO - [2024-10-02T23:11:57.948+0000] {dag.py:4156} INFO - Setting next_dagrun for dataset_produces_1 to 2024-10-01 00:00:00+00:00, run_after=2024-10-02 00:00:00+00:00
[2024-10-02T23:11:57.951+0000] {logging_mixin.py:190} INFO - [2024-10-02T23:11:57.950+0000] {dag.py:4156} INFO - Setting next_dagrun for dataset_produces_2 to None, run_after=None
[2024-10-02T23:11:58.023+0000] {processor.py:208} INFO - Processing /home/airflow/.local/lib/python3.12/site-packages/airflow/example_dags/example_datasets.py took 0.466 seconds
[2024-10-02T23:12:28.202+0000] {processor.py:186} INFO - Started process (PID=196) to work on /home/airflow/.local/lib/python3.12/site-packages/airflow/example_dags/example_datasets.py
[2024-10-02T23:12:28.203+0000] {processor.py:914} INFO - Processing file /home/airflow/.local/lib/python3.12/site-packages/airflow/example_dags/example_datasets.py for tasks to queue
[2024-10-02T23:12:28.207+0000] {logging_mixin.py:190} INFO - [2024-10-02T23:12:28.206+0000] {dagbag.py:587} INFO - Filling up the DagBag from /home/airflow/.local/lib/python3.12/site-packages/airflow/example_dags/example_datasets.py
[2024-10-02T23:12:28.393+0000] {processor.py:925} INFO - DAG(s) 'consume_1_and_2_with_dataset_expressions', 'consume_1_or_both_2_and_3_with_dataset_expressions', 'dataset_consumes_1', 'dataset_consumes_1_never_scheduled', 'conditional_dataset_and_time_based_timetable', 'dataset_consumes_1_and_2', 'dataset_produces_1', 'consume_1_or_2_with_dataset_expressions', 'dataset_produces_2', 'dataset_consumes_unknown_never_scheduled' retrieved from /home/airflow/.local/lib/python3.12/site-packages/airflow/example_dags/example_datasets.py
[2024-10-02T23:12:28.446+0000] {logging_mixin.py:190} INFO - [2024-10-02T23:12:28.445+0000] {dag.py:3229} INFO - Sync 10 DAGs
[2024-10-02T23:12:28.479+0000] {logging_mixin.py:190} INFO - [2024-10-02T23:12:28.479+0000] {dag.py:4156} INFO - Setting next_dagrun for conditional_dataset_and_time_based_timetable to 2024-10-02 01:00:00+00:00, run_after=2024-10-02 01:00:00+00:00
[2024-10-02T23:12:28.483+0000] {logging_mixin.py:190} INFO - [2024-10-02T23:12:28.483+0000] {dag.py:4156} INFO - Setting next_dagrun for consume_1_and_2_with_dataset_expressions to None, run_after=None
[2024-10-02T23:12:28.486+0000] {logging_mixin.py:190} INFO - [2024-10-02T23:12:28.485+0000] {dag.py:4156} INFO - Setting next_dagrun for consume_1_or_2_with_dataset_expressions to None, run_after=None
[2024-10-02T23:12:28.488+0000] {logging_mixin.py:190} INFO - [2024-10-02T23:12:28.488+0000] {dag.py:4156} INFO - Setting next_dagrun for consume_1_or_both_2_and_3_with_dataset_expressions to None, run_after=None
[2024-10-02T23:12:28.490+0000] {logging_mixin.py:190} INFO - [2024-10-02T23:12:28.490+0000] {dag.py:4156} INFO - Setting next_dagrun for dataset_consumes_1 to None, run_after=None
[2024-10-02T23:12:28.492+0000] {logging_mixin.py:190} INFO - [2024-10-02T23:12:28.492+0000] {dag.py:4156} INFO - Setting next_dagrun for dataset_consumes_1_and_2 to None, run_after=None
[2024-10-02T23:12:28.494+0000] {logging_mixin.py:190} INFO - [2024-10-02T23:12:28.494+0000] {dag.py:4156} INFO - Setting next_dagrun for dataset_consumes_1_never_scheduled to None, run_after=None
[2024-10-02T23:12:28.496+0000] {logging_mixin.py:190} INFO - [2024-10-02T23:12:28.496+0000] {dag.py:4156} INFO - Setting next_dagrun for dataset_consumes_unknown_never_scheduled to None, run_after=None
[2024-10-02T23:12:28.499+0000] {logging_mixin.py:190} INFO - [2024-10-02T23:12:28.499+0000] {dag.py:4156} INFO - Setting next_dagrun for dataset_produces_1 to 2024-10-01 00:00:00+00:00, run_after=2024-10-02 00:00:00+00:00
[2024-10-02T23:12:28.502+0000] {logging_mixin.py:190} INFO - [2024-10-02T23:12:28.501+0000] {dag.py:4156} INFO - Setting next_dagrun for dataset_produces_2 to None, run_after=None
[2024-10-02T23:12:28.556+0000] {processor.py:208} INFO - Processing /home/airflow/.local/lib/python3.12/site-packages/airflow/example_dags/example_datasets.py took 0.362 seconds
[2024-10-02T23:12:58.637+0000] {processor.py:186} INFO - Started process (PID=260) to work on /home/airflow/.local/lib/python3.12/site-packages/airflow/example_dags/example_datasets.py
[2024-10-02T23:12:58.638+0000] {processor.py:914} INFO - Processing file /home/airflow/.local/lib/python3.12/site-packages/airflow/example_dags/example_datasets.py for tasks to queue
[2024-10-02T23:12:58.642+0000] {logging_mixin.py:190} INFO - [2024-10-02T23:12:58.641+0000] {dagbag.py:587} INFO - Filling up the DagBag from /home/airflow/.local/lib/python3.12/site-packages/airflow/example_dags/example_datasets.py
[2024-10-02T23:12:58.823+0000] {processor.py:925} INFO - DAG(s) 'consume_1_or_both_2_and_3_with_dataset_expressions', 'dataset_produces_2', 'consume_1_or_2_with_dataset_expressions', 'conditional_dataset_and_time_based_timetable', 'dataset_consumes_1_never_scheduled', 'dataset_consumes_unknown_never_scheduled', 'consume_1_and_2_with_dataset_expressions', 'dataset_produces_1', 'dataset_consumes_1_and_2', 'dataset_consumes_1' retrieved from /home/airflow/.local/lib/python3.12/site-packages/airflow/example_dags/example_datasets.py
[2024-10-02T23:12:58.884+0000] {logging_mixin.py:190} INFO - [2024-10-02T23:12:58.883+0000] {dag.py:3229} INFO - Sync 10 DAGs
[2024-10-02T23:12:58.921+0000] {logging_mixin.py:190} INFO - [2024-10-02T23:12:58.920+0000] {dag.py:4156} INFO - Setting next_dagrun for conditional_dataset_and_time_based_timetable to 2024-10-02 01:00:00+00:00, run_after=2024-10-02 01:00:00+00:00
[2024-10-02T23:12:58.926+0000] {logging_mixin.py:190} INFO - [2024-10-02T23:12:58.926+0000] {dag.py:4156} INFO - Setting next_dagrun for consume_1_and_2_with_dataset_expressions to None, run_after=None
[2024-10-02T23:12:58.929+0000] {logging_mixin.py:190} INFO - [2024-10-02T23:12:58.928+0000] {dag.py:4156} INFO - Setting next_dagrun for consume_1_or_2_with_dataset_expressions to None, run_after=None
[2024-10-02T23:12:58.930+0000] {logging_mixin.py:190} INFO - [2024-10-02T23:12:58.930+0000] {dag.py:4156} INFO - Setting next_dagrun for consume_1_or_both_2_and_3_with_dataset_expressions to None, run_after=None
[2024-10-02T23:12:58.932+0000] {logging_mixin.py:190} INFO - [2024-10-02T23:12:58.932+0000] {dag.py:4156} INFO - Setting next_dagrun for dataset_consumes_1 to None, run_after=None
[2024-10-02T23:12:58.935+0000] {logging_mixin.py:190} INFO - [2024-10-02T23:12:58.935+0000] {dag.py:4156} INFO - Setting next_dagrun for dataset_consumes_1_and_2 to None, run_after=None
[2024-10-02T23:12:58.938+0000] {logging_mixin.py:190} INFO - [2024-10-02T23:12:58.937+0000] {dag.py:4156} INFO - Setting next_dagrun for dataset_consumes_1_never_scheduled to None, run_after=None
[2024-10-02T23:12:58.940+0000] {logging_mixin.py:190} INFO - [2024-10-02T23:12:58.940+0000] {dag.py:4156} INFO - Setting next_dagrun for dataset_consumes_unknown_never_scheduled to None, run_after=None
[2024-10-02T23:12:58.944+0000] {logging_mixin.py:190} INFO - [2024-10-02T23:12:58.944+0000] {dag.py:4156} INFO - Setting next_dagrun for dataset_produces_1 to 2024-10-01 00:00:00+00:00, run_after=2024-10-02 00:00:00+00:00
[2024-10-02T23:12:58.947+0000] {logging_mixin.py:190} INFO - [2024-10-02T23:12:58.946+0000] {dag.py:4156} INFO - Setting next_dagrun for dataset_produces_2 to None, run_after=None
[2024-10-02T23:12:59.000+0000] {processor.py:208} INFO - Processing /home/airflow/.local/lib/python3.12/site-packages/airflow/example_dags/example_datasets.py took 0.372 seconds
[2024-10-02T23:13:29.459+0000] {processor.py:186} INFO - Started process (PID=327) to work on /home/airflow/.local/lib/python3.12/site-packages/airflow/example_dags/example_datasets.py
[2024-10-02T23:13:29.460+0000] {processor.py:914} INFO - Processing file /home/airflow/.local/lib/python3.12/site-packages/airflow/example_dags/example_datasets.py for tasks to queue
[2024-10-02T23:13:29.464+0000] {logging_mixin.py:190} INFO - [2024-10-02T23:13:29.463+0000] {dagbag.py:587} INFO - Filling up the DagBag from /home/airflow/.local/lib/python3.12/site-packages/airflow/example_dags/example_datasets.py
[2024-10-02T23:13:29.782+0000] {processor.py:925} INFO - DAG(s) 'dataset_consumes_unknown_never_scheduled', 'dataset_consumes_1_and_2', 'consume_1_and_2_with_dataset_expressions', 'conditional_dataset_and_time_based_timetable', 'consume_1_or_2_with_dataset_expressions', 'consume_1_or_both_2_and_3_with_dataset_expressions', 'dataset_produces_1', 'dataset_consumes_1', 'dataset_consumes_1_never_scheduled', 'dataset_produces_2' retrieved from /home/airflow/.local/lib/python3.12/site-packages/airflow/example_dags/example_datasets.py
[2024-10-02T23:13:29.865+0000] {logging_mixin.py:190} INFO - [2024-10-02T23:13:29.865+0000] {dag.py:3229} INFO - Sync 10 DAGs
[2024-10-02T23:13:29.914+0000] {logging_mixin.py:190} INFO - [2024-10-02T23:13:29.913+0000] {dag.py:4156} INFO - Setting next_dagrun for conditional_dataset_and_time_based_timetable to 2024-10-02 01:00:00+00:00, run_after=2024-10-02 01:00:00+00:00
[2024-10-02T23:13:29.920+0000] {logging_mixin.py:190} INFO - [2024-10-02T23:13:29.919+0000] {dag.py:4156} INFO - Setting next_dagrun for consume_1_and_2_with_dataset_expressions to None, run_after=None
[2024-10-02T23:13:29.922+0000] {logging_mixin.py:190} INFO - [2024-10-02T23:13:29.922+0000] {dag.py:4156} INFO - Setting next_dagrun for consume_1_or_2_with_dataset_expressions to None, run_after=None
[2024-10-02T23:13:29.924+0000] {logging_mixin.py:190} INFO - [2024-10-02T23:13:29.924+0000] {dag.py:4156} INFO - Setting next_dagrun for consume_1_or_both_2_and_3_with_dataset_expressions to None, run_after=None
[2024-10-02T23:13:29.926+0000] {logging_mixin.py:190} INFO - [2024-10-02T23:13:29.926+0000] {dag.py:4156} INFO - Setting next_dagrun for dataset_consumes_1 to None, run_after=None
[2024-10-02T23:13:29.929+0000] {logging_mixin.py:190} INFO - [2024-10-02T23:13:29.929+0000] {dag.py:4156} INFO - Setting next_dagrun for dataset_consumes_1_and_2 to None, run_after=None
[2024-10-02T23:13:29.931+0000] {logging_mixin.py:190} INFO - [2024-10-02T23:13:29.931+0000] {dag.py:4156} INFO - Setting next_dagrun for dataset_consumes_1_never_scheduled to None, run_after=None
[2024-10-02T23:13:29.933+0000] {logging_mixin.py:190} INFO - [2024-10-02T23:13:29.933+0000] {dag.py:4156} INFO - Setting next_dagrun for dataset_consumes_unknown_never_scheduled to None, run_after=None
[2024-10-02T23:13:29.937+0000] {logging_mixin.py:190} INFO - [2024-10-02T23:13:29.937+0000] {dag.py:4156} INFO - Setting next_dagrun for dataset_produces_1 to 2024-10-01 00:00:00+00:00, run_after=2024-10-02 00:00:00+00:00
[2024-10-02T23:13:29.939+0000] {logging_mixin.py:190} INFO - [2024-10-02T23:13:29.939+0000] {dag.py:4156} INFO - Setting next_dagrun for dataset_produces_2 to None, run_after=None
[2024-10-02T23:13:29.989+0000] {processor.py:208} INFO - Processing /home/airflow/.local/lib/python3.12/site-packages/airflow/example_dags/example_datasets.py took 0.538 seconds
