[2024-10-02T23:11:30.074+0000] {processor.py:186} INFO - Started process (PID=89) to work on /home/airflow/.local/lib/python3.12/site-packages/airflow/example_dags/example_task_group_decorator.py
[2024-10-02T23:11:30.076+0000] {processor.py:914} INFO - Processing file /home/airflow/.local/lib/python3.12/site-packages/airflow/example_dags/example_task_group_decorator.py for tasks to queue
[2024-10-02T23:11:30.080+0000] {logging_mixin.py:190} INFO - [2024-10-02T23:11:30.079+0000] {dagbag.py:587} INFO - Filling up the DagBag from /home/airflow/.local/lib/python3.12/site-packages/airflow/example_dags/example_task_group_decorator.py
[2024-10-02T23:11:30.119+0000] {processor.py:925} INFO - DAG(s) 'example_task_group_decorator' retrieved from /home/airflow/.local/lib/python3.12/site-packages/airflow/example_dags/example_task_group_decorator.py
[2024-10-02T23:11:30.485+0000] {logging_mixin.py:190} INFO - [2024-10-02T23:11:30.484+0000] {override.py:1900} INFO - Created Permission View: can delete on DAG:example_task_group_decorator
[2024-10-02T23:11:30.519+0000] {logging_mixin.py:190} INFO - [2024-10-02T23:11:30.519+0000] {override.py:1900} INFO - Created Permission View: can edit on DAG:example_task_group_decorator
[2024-10-02T23:11:30.548+0000] {logging_mixin.py:190} INFO - [2024-10-02T23:11:30.547+0000] {override.py:1900} INFO - Created Permission View: can read on DAG:example_task_group_decorator
[2024-10-02T23:11:30.578+0000] {logging_mixin.py:190} INFO - [2024-10-02T23:11:30.577+0000] {override.py:1900} INFO - Created Permission View: can create on DAG Run:example_task_group_decorator
[2024-10-02T23:11:30.639+0000] {logging_mixin.py:190} INFO - [2024-10-02T23:11:30.639+0000] {override.py:1900} INFO - Created Permission View: menu access on DAG Run:example_task_group_decorator
[2024-10-02T23:11:30.683+0000] {logging_mixin.py:190} INFO - [2024-10-02T23:11:30.683+0000] {override.py:1900} INFO - Created Permission View: can read on DAG Run:example_task_group_decorator
[2024-10-02T23:11:30.721+0000] {logging_mixin.py:190} INFO - [2024-10-02T23:11:30.720+0000] {override.py:1900} INFO - Created Permission View: can delete on DAG Run:example_task_group_decorator
[2024-10-02T23:11:30.722+0000] {logging_mixin.py:190} INFO - [2024-10-02T23:11:30.721+0000] {dag.py:3229} INFO - Sync 1 DAGs
[2024-10-02T23:11:30.769+0000] {logging_mixin.py:190} INFO - [2024-10-02T23:11:30.769+0000] {dag.py:3252} INFO - Creating ORM DAG for example_task_group_decorator
[2024-10-02T23:11:30.785+0000] {logging_mixin.py:190} INFO - [2024-10-02T23:11:30.785+0000] {dag.py:4156} INFO - Setting next_dagrun for example_task_group_decorator to None, run_after=None
[2024-10-02T23:11:30.867+0000] {processor.py:208} INFO - Processing /home/airflow/.local/lib/python3.12/site-packages/airflow/example_dags/example_task_group_decorator.py took 0.803 seconds
[2024-10-02T23:12:01.597+0000] {processor.py:186} INFO - Started process (PID=151) to work on /home/airflow/.local/lib/python3.12/site-packages/airflow/example_dags/example_task_group_decorator.py
[2024-10-02T23:12:01.598+0000] {processor.py:914} INFO - Processing file /home/airflow/.local/lib/python3.12/site-packages/airflow/example_dags/example_task_group_decorator.py for tasks to queue
[2024-10-02T23:12:01.602+0000] {logging_mixin.py:190} INFO - [2024-10-02T23:12:01.601+0000] {dagbag.py:587} INFO - Filling up the DagBag from /home/airflow/.local/lib/python3.12/site-packages/airflow/example_dags/example_task_group_decorator.py
[2024-10-02T23:12:01.625+0000] {processor.py:925} INFO - DAG(s) 'example_task_group_decorator' retrieved from /home/airflow/.local/lib/python3.12/site-packages/airflow/example_dags/example_task_group_decorator.py
[2024-10-02T23:12:01.656+0000] {logging_mixin.py:190} INFO - [2024-10-02T23:12:01.656+0000] {dag.py:3229} INFO - Sync 1 DAGs
[2024-10-02T23:12:01.674+0000] {logging_mixin.py:190} INFO - [2024-10-02T23:12:01.674+0000] {dag.py:4156} INFO - Setting next_dagrun for example_task_group_decorator to None, run_after=None
[2024-10-02T23:12:01.707+0000] {processor.py:208} INFO - Processing /home/airflow/.local/lib/python3.12/site-packages/airflow/example_dags/example_task_group_decorator.py took 0.119 seconds
[2024-10-02T23:12:32.355+0000] {processor.py:186} INFO - Started process (PID=214) to work on /home/airflow/.local/lib/python3.12/site-packages/airflow/example_dags/example_task_group_decorator.py
[2024-10-02T23:12:32.357+0000] {processor.py:914} INFO - Processing file /home/airflow/.local/lib/python3.12/site-packages/airflow/example_dags/example_task_group_decorator.py for tasks to queue
[2024-10-02T23:12:32.361+0000] {logging_mixin.py:190} INFO - [2024-10-02T23:12:32.360+0000] {dagbag.py:587} INFO - Filling up the DagBag from /home/airflow/.local/lib/python3.12/site-packages/airflow/example_dags/example_task_group_decorator.py
[2024-10-02T23:12:32.383+0000] {processor.py:925} INFO - DAG(s) 'example_task_group_decorator' retrieved from /home/airflow/.local/lib/python3.12/site-packages/airflow/example_dags/example_task_group_decorator.py
[2024-10-02T23:12:32.421+0000] {logging_mixin.py:190} INFO - [2024-10-02T23:12:32.421+0000] {dag.py:3229} INFO - Sync 1 DAGs
[2024-10-02T23:12:32.443+0000] {logging_mixin.py:190} INFO - [2024-10-02T23:12:32.442+0000] {dag.py:4156} INFO - Setting next_dagrun for example_task_group_decorator to None, run_after=None
[2024-10-02T23:12:32.474+0000] {processor.py:208} INFO - Processing /home/airflow/.local/lib/python3.12/site-packages/airflow/example_dags/example_task_group_decorator.py took 0.127 seconds
[2024-10-02T23:13:02.917+0000] {processor.py:186} INFO - Started process (PID=276) to work on /home/airflow/.local/lib/python3.12/site-packages/airflow/example_dags/example_task_group_decorator.py
[2024-10-02T23:13:02.919+0000] {processor.py:914} INFO - Processing file /home/airflow/.local/lib/python3.12/site-packages/airflow/example_dags/example_task_group_decorator.py for tasks to queue
[2024-10-02T23:13:02.923+0000] {logging_mixin.py:190} INFO - [2024-10-02T23:13:02.922+0000] {dagbag.py:587} INFO - Filling up the DagBag from /home/airflow/.local/lib/python3.12/site-packages/airflow/example_dags/example_task_group_decorator.py
[2024-10-02T23:13:02.945+0000] {processor.py:925} INFO - DAG(s) 'example_task_group_decorator' retrieved from /home/airflow/.local/lib/python3.12/site-packages/airflow/example_dags/example_task_group_decorator.py
[2024-10-02T23:13:02.980+0000] {logging_mixin.py:190} INFO - [2024-10-02T23:13:02.980+0000] {dag.py:3229} INFO - Sync 1 DAGs
[2024-10-02T23:13:03.007+0000] {logging_mixin.py:190} INFO - [2024-10-02T23:13:03.007+0000] {dag.py:4156} INFO - Setting next_dagrun for example_task_group_decorator to None, run_after=None
[2024-10-02T23:13:03.056+0000] {processor.py:208} INFO - Processing /home/airflow/.local/lib/python3.12/site-packages/airflow/example_dags/example_task_group_decorator.py took 0.147 seconds
[2024-10-02T23:13:33.440+0000] {processor.py:186} INFO - Started process (PID=338) to work on /home/airflow/.local/lib/python3.12/site-packages/airflow/example_dags/example_task_group_decorator.py
[2024-10-02T23:13:33.442+0000] {processor.py:914} INFO - Processing file /home/airflow/.local/lib/python3.12/site-packages/airflow/example_dags/example_task_group_decorator.py for tasks to queue
[2024-10-02T23:13:33.446+0000] {logging_mixin.py:190} INFO - [2024-10-02T23:13:33.445+0000] {dagbag.py:587} INFO - Filling up the DagBag from /home/airflow/.local/lib/python3.12/site-packages/airflow/example_dags/example_task_group_decorator.py
[2024-10-02T23:13:33.484+0000] {processor.py:925} INFO - DAG(s) 'example_task_group_decorator' retrieved from /home/airflow/.local/lib/python3.12/site-packages/airflow/example_dags/example_task_group_decorator.py
[2024-10-02T23:13:33.529+0000] {logging_mixin.py:190} INFO - [2024-10-02T23:13:33.528+0000] {dag.py:3229} INFO - Sync 1 DAGs
[2024-10-02T23:13:33.572+0000] {logging_mixin.py:190} INFO - [2024-10-02T23:13:33.571+0000] {dag.py:4156} INFO - Setting next_dagrun for example_task_group_decorator to None, run_after=None
[2024-10-02T23:13:33.623+0000] {processor.py:208} INFO - Processing /home/airflow/.local/lib/python3.12/site-packages/airflow/example_dags/example_task_group_decorator.py took 0.193 seconds
