[2024-10-02T23:11:27.089+0000] {processor.py:186} INFO - Started process (PID=76) to work on /home/airflow/.local/lib/python3.12/site-packages/airflow/example_dags/example_short_circuit_decorator.py
[2024-10-02T23:11:27.091+0000] {processor.py:914} INFO - Processing file /home/airflow/.local/lib/python3.12/site-packages/airflow/example_dags/example_short_circuit_decorator.py for tasks to queue
[2024-10-02T23:11:27.095+0000] {logging_mixin.py:190} INFO - [2024-10-02T23:11:27.094+0000] {dagbag.py:587} INFO - Filling up the DagBag from /home/airflow/.local/lib/python3.12/site-packages/airflow/example_dags/example_short_circuit_decorator.py
[2024-10-02T23:11:27.132+0000] {processor.py:925} INFO - DAG(s) 'example_short_circuit_decorator' retrieved from /home/airflow/.local/lib/python3.12/site-packages/airflow/example_dags/example_short_circuit_decorator.py
[2024-10-02T23:11:27.375+0000] {logging_mixin.py:190} INFO - [2024-10-02T23:11:27.374+0000] {override.py:1900} INFO - Created Permission View: can delete on DAG:example_short_circuit_decorator
[2024-10-02T23:11:27.430+0000] {logging_mixin.py:190} INFO - [2024-10-02T23:11:27.430+0000] {override.py:1900} INFO - Created Permission View: can edit on DAG:example_short_circuit_decorator
[2024-10-02T23:11:27.453+0000] {logging_mixin.py:190} INFO - [2024-10-02T23:11:27.452+0000] {override.py:1900} INFO - Created Permission View: can read on DAG:example_short_circuit_decorator
[2024-10-02T23:11:27.515+0000] {logging_mixin.py:190} INFO - [2024-10-02T23:11:27.515+0000] {override.py:1900} INFO - Created Permission View: can create on DAG Run:example_short_circuit_decorator
[2024-10-02T23:11:27.539+0000] {logging_mixin.py:190} INFO - [2024-10-02T23:11:27.539+0000] {override.py:1900} INFO - Created Permission View: menu access on DAG Run:example_short_circuit_decorator
[2024-10-02T23:11:27.559+0000] {logging_mixin.py:190} INFO - [2024-10-02T23:11:27.558+0000] {override.py:1900} INFO - Created Permission View: can read on DAG Run:example_short_circuit_decorator
[2024-10-02T23:11:27.579+0000] {logging_mixin.py:190} INFO - [2024-10-02T23:11:27.578+0000] {override.py:1900} INFO - Created Permission View: can delete on DAG Run:example_short_circuit_decorator
[2024-10-02T23:11:27.580+0000] {logging_mixin.py:190} INFO - [2024-10-02T23:11:27.580+0000] {dag.py:3229} INFO - Sync 1 DAGs
[2024-10-02T23:11:27.606+0000] {logging_mixin.py:190} INFO - [2024-10-02T23:11:27.606+0000] {dag.py:3252} INFO - Creating ORM DAG for example_short_circuit_decorator
[2024-10-02T23:11:27.608+0000] {logging_mixin.py:190} INFO - [2024-10-02T23:11:27.608+0000] {dag.py:4156} INFO - Setting next_dagrun for example_short_circuit_decorator to None, run_after=None
[2024-10-02T23:11:27.643+0000] {processor.py:208} INFO - Processing /home/airflow/.local/lib/python3.12/site-packages/airflow/example_dags/example_short_circuit_decorator.py took 0.563 seconds
[2024-10-02T23:11:58.072+0000] {processor.py:186} INFO - Started process (PID=138) to work on /home/airflow/.local/lib/python3.12/site-packages/airflow/example_dags/example_short_circuit_decorator.py
[2024-10-02T23:11:58.074+0000] {processor.py:914} INFO - Processing file /home/airflow/.local/lib/python3.12/site-packages/airflow/example_dags/example_short_circuit_decorator.py for tasks to queue
[2024-10-02T23:11:58.077+0000] {logging_mixin.py:190} INFO - [2024-10-02T23:11:58.077+0000] {dagbag.py:587} INFO - Filling up the DagBag from /home/airflow/.local/lib/python3.12/site-packages/airflow/example_dags/example_short_circuit_decorator.py
[2024-10-02T23:11:58.093+0000] {processor.py:925} INFO - DAG(s) 'example_short_circuit_decorator' retrieved from /home/airflow/.local/lib/python3.12/site-packages/airflow/example_dags/example_short_circuit_decorator.py
[2024-10-02T23:11:58.127+0000] {logging_mixin.py:190} INFO - [2024-10-02T23:11:58.126+0000] {dag.py:3229} INFO - Sync 1 DAGs
[2024-10-02T23:11:58.146+0000] {logging_mixin.py:190} INFO - [2024-10-02T23:11:58.146+0000] {dag.py:4156} INFO - Setting next_dagrun for example_short_circuit_decorator to None, run_after=None
[2024-10-02T23:11:58.178+0000] {processor.py:208} INFO - Processing /home/airflow/.local/lib/python3.12/site-packages/airflow/example_dags/example_short_circuit_decorator.py took 0.114 seconds
[2024-10-02T23:12:28.781+0000] {processor.py:186} INFO - Started process (PID=200) to work on /home/airflow/.local/lib/python3.12/site-packages/airflow/example_dags/example_short_circuit_decorator.py
[2024-10-02T23:12:28.782+0000] {processor.py:914} INFO - Processing file /home/airflow/.local/lib/python3.12/site-packages/airflow/example_dags/example_short_circuit_decorator.py for tasks to queue
[2024-10-02T23:12:28.785+0000] {logging_mixin.py:190} INFO - [2024-10-02T23:12:28.784+0000] {dagbag.py:587} INFO - Filling up the DagBag from /home/airflow/.local/lib/python3.12/site-packages/airflow/example_dags/example_short_circuit_decorator.py
[2024-10-02T23:12:28.796+0000] {processor.py:925} INFO - DAG(s) 'example_short_circuit_decorator' retrieved from /home/airflow/.local/lib/python3.12/site-packages/airflow/example_dags/example_short_circuit_decorator.py
[2024-10-02T23:12:28.825+0000] {logging_mixin.py:190} INFO - [2024-10-02T23:12:28.825+0000] {dag.py:3229} INFO - Sync 1 DAGs
[2024-10-02T23:12:28.843+0000] {logging_mixin.py:190} INFO - [2024-10-02T23:12:28.843+0000] {dag.py:4156} INFO - Setting next_dagrun for example_short_circuit_decorator to None, run_after=None
[2024-10-02T23:12:28.881+0000] {processor.py:208} INFO - Processing /home/airflow/.local/lib/python3.12/site-packages/airflow/example_dags/example_short_circuit_decorator.py took 0.107 seconds
[2024-10-02T23:12:59.207+0000] {processor.py:186} INFO - Started process (PID=263) to work on /home/airflow/.local/lib/python3.12/site-packages/airflow/example_dags/example_short_circuit_decorator.py
[2024-10-02T23:12:59.209+0000] {processor.py:914} INFO - Processing file /home/airflow/.local/lib/python3.12/site-packages/airflow/example_dags/example_short_circuit_decorator.py for tasks to queue
[2024-10-02T23:12:59.212+0000] {logging_mixin.py:190} INFO - [2024-10-02T23:12:59.211+0000] {dagbag.py:587} INFO - Filling up the DagBag from /home/airflow/.local/lib/python3.12/site-packages/airflow/example_dags/example_short_circuit_decorator.py
[2024-10-02T23:12:59.223+0000] {processor.py:925} INFO - DAG(s) 'example_short_circuit_decorator' retrieved from /home/airflow/.local/lib/python3.12/site-packages/airflow/example_dags/example_short_circuit_decorator.py
[2024-10-02T23:12:59.251+0000] {logging_mixin.py:190} INFO - [2024-10-02T23:12:59.251+0000] {dag.py:3229} INFO - Sync 1 DAGs
[2024-10-02T23:12:59.279+0000] {logging_mixin.py:190} INFO - [2024-10-02T23:12:59.279+0000] {dag.py:4156} INFO - Setting next_dagrun for example_short_circuit_decorator to None, run_after=None
[2024-10-02T23:12:59.323+0000] {processor.py:208} INFO - Processing /home/airflow/.local/lib/python3.12/site-packages/airflow/example_dags/example_short_circuit_decorator.py took 0.122 seconds
[2024-10-02T23:13:30.027+0000] {processor.py:186} INFO - Started process (PID=331) to work on /home/airflow/.local/lib/python3.12/site-packages/airflow/example_dags/example_short_circuit_decorator.py
[2024-10-02T23:13:30.028+0000] {processor.py:914} INFO - Processing file /home/airflow/.local/lib/python3.12/site-packages/airflow/example_dags/example_short_circuit_decorator.py for tasks to queue
[2024-10-02T23:13:30.031+0000] {logging_mixin.py:190} INFO - [2024-10-02T23:13:30.031+0000] {dagbag.py:587} INFO - Filling up the DagBag from /home/airflow/.local/lib/python3.12/site-packages/airflow/example_dags/example_short_circuit_decorator.py
[2024-10-02T23:13:30.042+0000] {processor.py:925} INFO - DAG(s) 'example_short_circuit_decorator' retrieved from /home/airflow/.local/lib/python3.12/site-packages/airflow/example_dags/example_short_circuit_decorator.py
[2024-10-02T23:13:30.073+0000] {logging_mixin.py:190} INFO - [2024-10-02T23:13:30.072+0000] {dag.py:3229} INFO - Sync 1 DAGs
[2024-10-02T23:13:30.092+0000] {logging_mixin.py:190} INFO - [2024-10-02T23:13:30.092+0000] {dag.py:4156} INFO - Setting next_dagrun for example_short_circuit_decorator to None, run_after=None
[2024-10-02T23:13:30.121+0000] {processor.py:208} INFO - Processing /home/airflow/.local/lib/python3.12/site-packages/airflow/example_dags/example_short_circuit_decorator.py took 0.101 seconds
