[2024-10-02T23:11:29.186+0000] {processor.py:186} INFO - Started process (PID=87) to work on /home/airflow/.local/lib/python3.12/site-packages/airflow/example_dags/example_nested_branch_dag.py
[2024-10-02T23:11:29.188+0000] {processor.py:914} INFO - Processing file /home/airflow/.local/lib/python3.12/site-packages/airflow/example_dags/example_nested_branch_dag.py for tasks to queue
[2024-10-02T23:11:29.195+0000] {logging_mixin.py:190} INFO - [2024-10-02T23:11:29.194+0000] {dagbag.py:587} INFO - Filling up the DagBag from /home/airflow/.local/lib/python3.12/site-packages/airflow/example_dags/example_nested_branch_dag.py
[2024-10-02T23:11:29.252+0000] {processor.py:925} INFO - DAG(s) 'example_nested_branch_dag' retrieved from /home/airflow/.local/lib/python3.12/site-packages/airflow/example_dags/example_nested_branch_dag.py
[2024-10-02T23:11:29.576+0000] {logging_mixin.py:190} INFO - [2024-10-02T23:11:29.575+0000] {override.py:1900} INFO - Created Permission View: can delete on DAG:example_nested_branch_dag
[2024-10-02T23:11:29.627+0000] {logging_mixin.py:190} INFO - [2024-10-02T23:11:29.627+0000] {override.py:1900} INFO - Created Permission View: can edit on DAG:example_nested_branch_dag
[2024-10-02T23:11:29.658+0000] {logging_mixin.py:190} INFO - [2024-10-02T23:11:29.657+0000] {override.py:1900} INFO - Created Permission View: can read on DAG:example_nested_branch_dag
[2024-10-02T23:11:29.719+0000] {logging_mixin.py:190} INFO - [2024-10-02T23:11:29.719+0000] {override.py:1900} INFO - Created Permission View: can create on DAG Run:example_nested_branch_dag
[2024-10-02T23:11:29.759+0000] {logging_mixin.py:190} INFO - [2024-10-02T23:11:29.758+0000] {override.py:1900} INFO - Created Permission View: menu access on DAG Run:example_nested_branch_dag
[2024-10-02T23:11:29.809+0000] {logging_mixin.py:190} INFO - [2024-10-02T23:11:29.808+0000] {override.py:1900} INFO - Created Permission View: can read on DAG Run:example_nested_branch_dag
[2024-10-02T23:11:29.838+0000] {logging_mixin.py:190} INFO - [2024-10-02T23:11:29.837+0000] {override.py:1900} INFO - Created Permission View: can delete on DAG Run:example_nested_branch_dag
[2024-10-02T23:11:29.839+0000] {logging_mixin.py:190} INFO - [2024-10-02T23:11:29.839+0000] {dag.py:3229} INFO - Sync 1 DAGs
[2024-10-02T23:11:29.886+0000] {logging_mixin.py:190} INFO - [2024-10-02T23:11:29.885+0000] {dag.py:3252} INFO - Creating ORM DAG for example_nested_branch_dag
[2024-10-02T23:11:29.919+0000] {logging_mixin.py:190} INFO - [2024-10-02T23:11:29.919+0000] {dag.py:4156} INFO - Setting next_dagrun for example_nested_branch_dag to 2024-10-01 00:00:00+00:00, run_after=2024-10-02 00:00:00+00:00
[2024-10-02T23:11:29.954+0000] {processor.py:208} INFO - Processing /home/airflow/.local/lib/python3.12/site-packages/airflow/example_dags/example_nested_branch_dag.py took 0.783 seconds
[2024-10-02T23:12:00.530+0000] {processor.py:186} INFO - Started process (PID=149) to work on /home/airflow/.local/lib/python3.12/site-packages/airflow/example_dags/example_nested_branch_dag.py
[2024-10-02T23:12:00.531+0000] {processor.py:914} INFO - Processing file /home/airflow/.local/lib/python3.12/site-packages/airflow/example_dags/example_nested_branch_dag.py for tasks to queue
[2024-10-02T23:12:00.535+0000] {logging_mixin.py:190} INFO - [2024-10-02T23:12:00.534+0000] {dagbag.py:587} INFO - Filling up the DagBag from /home/airflow/.local/lib/python3.12/site-packages/airflow/example_dags/example_nested_branch_dag.py
[2024-10-02T23:12:00.553+0000] {processor.py:925} INFO - DAG(s) 'example_nested_branch_dag' retrieved from /home/airflow/.local/lib/python3.12/site-packages/airflow/example_dags/example_nested_branch_dag.py
[2024-10-02T23:12:00.582+0000] {logging_mixin.py:190} INFO - [2024-10-02T23:12:00.581+0000] {dag.py:3229} INFO - Sync 1 DAGs
[2024-10-02T23:12:00.615+0000] {logging_mixin.py:190} INFO - [2024-10-02T23:12:00.614+0000] {dag.py:4156} INFO - Setting next_dagrun for example_nested_branch_dag to 2024-10-01 00:00:00+00:00, run_after=2024-10-02 00:00:00+00:00
[2024-10-02T23:12:00.641+0000] {processor.py:208} INFO - Processing /home/airflow/.local/lib/python3.12/site-packages/airflow/example_dags/example_nested_branch_dag.py took 0.119 seconds
[2024-10-02T23:12:31.189+0000] {processor.py:186} INFO - Started process (PID=212) to work on /home/airflow/.local/lib/python3.12/site-packages/airflow/example_dags/example_nested_branch_dag.py
[2024-10-02T23:12:31.190+0000] {processor.py:914} INFO - Processing file /home/airflow/.local/lib/python3.12/site-packages/airflow/example_dags/example_nested_branch_dag.py for tasks to queue
[2024-10-02T23:12:31.194+0000] {logging_mixin.py:190} INFO - [2024-10-02T23:12:31.193+0000] {dagbag.py:587} INFO - Filling up the DagBag from /home/airflow/.local/lib/python3.12/site-packages/airflow/example_dags/example_nested_branch_dag.py
[2024-10-02T23:12:31.211+0000] {processor.py:925} INFO - DAG(s) 'example_nested_branch_dag' retrieved from /home/airflow/.local/lib/python3.12/site-packages/airflow/example_dags/example_nested_branch_dag.py
[2024-10-02T23:12:31.241+0000] {logging_mixin.py:190} INFO - [2024-10-02T23:12:31.241+0000] {dag.py:3229} INFO - Sync 1 DAGs
[2024-10-02T23:12:31.273+0000] {logging_mixin.py:190} INFO - [2024-10-02T23:12:31.273+0000] {dag.py:4156} INFO - Setting next_dagrun for example_nested_branch_dag to 2024-10-01 00:00:00+00:00, run_after=2024-10-02 00:00:00+00:00
[2024-10-02T23:12:31.299+0000] {processor.py:208} INFO - Processing /home/airflow/.local/lib/python3.12/site-packages/airflow/example_dags/example_nested_branch_dag.py took 0.123 seconds
[2024-10-02T23:13:01.691+0000] {processor.py:186} INFO - Started process (PID=274) to work on /home/airflow/.local/lib/python3.12/site-packages/airflow/example_dags/example_nested_branch_dag.py
[2024-10-02T23:13:01.692+0000] {processor.py:914} INFO - Processing file /home/airflow/.local/lib/python3.12/site-packages/airflow/example_dags/example_nested_branch_dag.py for tasks to queue
[2024-10-02T23:13:01.697+0000] {logging_mixin.py:190} INFO - [2024-10-02T23:13:01.696+0000] {dagbag.py:587} INFO - Filling up the DagBag from /home/airflow/.local/lib/python3.12/site-packages/airflow/example_dags/example_nested_branch_dag.py
[2024-10-02T23:13:01.715+0000] {processor.py:925} INFO - DAG(s) 'example_nested_branch_dag' retrieved from /home/airflow/.local/lib/python3.12/site-packages/airflow/example_dags/example_nested_branch_dag.py
[2024-10-02T23:13:01.752+0000] {logging_mixin.py:190} INFO - [2024-10-02T23:13:01.752+0000] {dag.py:3229} INFO - Sync 1 DAGs
[2024-10-02T23:13:01.799+0000] {logging_mixin.py:190} INFO - [2024-10-02T23:13:01.798+0000] {dag.py:4156} INFO - Setting next_dagrun for example_nested_branch_dag to 2024-10-01 00:00:00+00:00, run_after=2024-10-02 00:00:00+00:00
[2024-10-02T23:13:01.838+0000] {processor.py:208} INFO - Processing /home/airflow/.local/lib/python3.12/site-packages/airflow/example_dags/example_nested_branch_dag.py took 0.158 seconds
[2024-10-02T23:13:32.264+0000] {processor.py:186} INFO - Started process (PID=336) to work on /home/airflow/.local/lib/python3.12/site-packages/airflow/example_dags/example_nested_branch_dag.py
[2024-10-02T23:13:32.265+0000] {processor.py:914} INFO - Processing file /home/airflow/.local/lib/python3.12/site-packages/airflow/example_dags/example_nested_branch_dag.py for tasks to queue
[2024-10-02T23:13:32.269+0000] {logging_mixin.py:190} INFO - [2024-10-02T23:13:32.269+0000] {dagbag.py:587} INFO - Filling up the DagBag from /home/airflow/.local/lib/python3.12/site-packages/airflow/example_dags/example_nested_branch_dag.py
[2024-10-02T23:13:32.286+0000] {processor.py:925} INFO - DAG(s) 'example_nested_branch_dag' retrieved from /home/airflow/.local/lib/python3.12/site-packages/airflow/example_dags/example_nested_branch_dag.py
[2024-10-02T23:13:32.314+0000] {logging_mixin.py:190} INFO - [2024-10-02T23:13:32.314+0000] {dag.py:3229} INFO - Sync 1 DAGs
[2024-10-02T23:13:32.353+0000] {logging_mixin.py:190} INFO - [2024-10-02T23:13:32.353+0000] {dag.py:4156} INFO - Setting next_dagrun for example_nested_branch_dag to 2024-10-01 00:00:00+00:00, run_after=2024-10-02 00:00:00+00:00
[2024-10-02T23:13:32.387+0000] {processor.py:208} INFO - Processing /home/airflow/.local/lib/python3.12/site-packages/airflow/example_dags/example_nested_branch_dag.py took 0.133 seconds
