[2024-10-02T23:11:28.360+0000] {processor.py:186} INFO - Started process (PID=80) to work on /home/airflow/.local/lib/python3.12/site-packages/airflow/example_dags/example_setup_teardown_taskflow.py
[2024-10-02T23:11:28.367+0000] {processor.py:914} INFO - Processing file /home/airflow/.local/lib/python3.12/site-packages/airflow/example_dags/example_setup_teardown_taskflow.py for tasks to queue
[2024-10-02T23:11:28.381+0000] {logging_mixin.py:190} INFO - [2024-10-02T23:11:28.380+0000] {dagbag.py:587} INFO - Filling up the DagBag from /home/airflow/.local/lib/python3.12/site-packages/airflow/example_dags/example_setup_teardown_taskflow.py
[2024-10-02T23:11:28.434+0000] {processor.py:925} INFO - DAG(s) 'example_setup_teardown_taskflow' retrieved from /home/airflow/.local/lib/python3.12/site-packages/airflow/example_dags/example_setup_teardown_taskflow.py
[2024-10-02T23:11:28.746+0000] {logging_mixin.py:190} INFO - [2024-10-02T23:11:28.745+0000] {override.py:1900} INFO - Created Permission View: can delete on DAG:example_setup_teardown_taskflow
[2024-10-02T23:11:28.784+0000] {logging_mixin.py:190} INFO - [2024-10-02T23:11:28.784+0000] {override.py:1900} INFO - Created Permission View: can edit on DAG:example_setup_teardown_taskflow
[2024-10-02T23:11:28.805+0000] {logging_mixin.py:190} INFO - [2024-10-02T23:11:28.805+0000] {override.py:1900} INFO - Created Permission View: can read on DAG:example_setup_teardown_taskflow
[2024-10-02T23:11:28.824+0000] {logging_mixin.py:190} INFO - [2024-10-02T23:11:28.823+0000] {override.py:1900} INFO - Created Permission View: can create on DAG Run:example_setup_teardown_taskflow
[2024-10-02T23:11:28.843+0000] {logging_mixin.py:190} INFO - [2024-10-02T23:11:28.842+0000] {override.py:1900} INFO - Created Permission View: menu access on DAG Run:example_setup_teardown_taskflow
[2024-10-02T23:11:28.861+0000] {logging_mixin.py:190} INFO - [2024-10-02T23:11:28.861+0000] {override.py:1900} INFO - Created Permission View: can read on DAG Run:example_setup_teardown_taskflow
[2024-10-02T23:11:28.886+0000] {logging_mixin.py:190} INFO - [2024-10-02T23:11:28.886+0000] {override.py:1900} INFO - Created Permission View: can delete on DAG Run:example_setup_teardown_taskflow
[2024-10-02T23:11:28.888+0000] {logging_mixin.py:190} INFO - [2024-10-02T23:11:28.888+0000] {dag.py:3229} INFO - Sync 1 DAGs
[2024-10-02T23:11:28.950+0000] {logging_mixin.py:190} INFO - [2024-10-02T23:11:28.950+0000] {dag.py:3252} INFO - Creating ORM DAG for example_setup_teardown_taskflow
[2024-10-02T23:11:28.957+0000] {logging_mixin.py:190} INFO - [2024-10-02T23:11:28.957+0000] {dag.py:4156} INFO - Setting next_dagrun for example_setup_teardown_taskflow to None, run_after=None
[2024-10-02T23:11:29.130+0000] {processor.py:208} INFO - Processing /home/airflow/.local/lib/python3.12/site-packages/airflow/example_dags/example_setup_teardown_taskflow.py took 0.785 seconds
[2024-10-02T23:11:59.379+0000] {processor.py:186} INFO - Started process (PID=148) to work on /home/airflow/.local/lib/python3.12/site-packages/airflow/example_dags/example_setup_teardown_taskflow.py
[2024-10-02T23:11:59.381+0000] {processor.py:914} INFO - Processing file /home/airflow/.local/lib/python3.12/site-packages/airflow/example_dags/example_setup_teardown_taskflow.py for tasks to queue
[2024-10-02T23:11:59.384+0000] {logging_mixin.py:190} INFO - [2024-10-02T23:11:59.384+0000] {dagbag.py:587} INFO - Filling up the DagBag from /home/airflow/.local/lib/python3.12/site-packages/airflow/example_dags/example_setup_teardown_taskflow.py
[2024-10-02T23:11:59.398+0000] {processor.py:925} INFO - DAG(s) 'example_setup_teardown_taskflow' retrieved from /home/airflow/.local/lib/python3.12/site-packages/airflow/example_dags/example_setup_teardown_taskflow.py
[2024-10-02T23:11:59.436+0000] {logging_mixin.py:190} INFO - [2024-10-02T23:11:59.435+0000] {dag.py:3229} INFO - Sync 1 DAGs
[2024-10-02T23:11:59.459+0000] {logging_mixin.py:190} INFO - [2024-10-02T23:11:59.458+0000] {dag.py:4156} INFO - Setting next_dagrun for example_setup_teardown_taskflow to None, run_after=None
[2024-10-02T23:11:59.502+0000] {processor.py:208} INFO - Processing /home/airflow/.local/lib/python3.12/site-packages/airflow/example_dags/example_setup_teardown_taskflow.py took 0.132 seconds
[2024-10-02T23:12:29.966+0000] {processor.py:186} INFO - Started process (PID=211) to work on /home/airflow/.local/lib/python3.12/site-packages/airflow/example_dags/example_setup_teardown_taskflow.py
[2024-10-02T23:12:29.968+0000] {processor.py:914} INFO - Processing file /home/airflow/.local/lib/python3.12/site-packages/airflow/example_dags/example_setup_teardown_taskflow.py for tasks to queue
[2024-10-02T23:12:29.972+0000] {logging_mixin.py:190} INFO - [2024-10-02T23:12:29.972+0000] {dagbag.py:587} INFO - Filling up the DagBag from /home/airflow/.local/lib/python3.12/site-packages/airflow/example_dags/example_setup_teardown_taskflow.py
[2024-10-02T23:12:29.988+0000] {processor.py:925} INFO - DAG(s) 'example_setup_teardown_taskflow' retrieved from /home/airflow/.local/lib/python3.12/site-packages/airflow/example_dags/example_setup_teardown_taskflow.py
[2024-10-02T23:12:30.027+0000] {logging_mixin.py:190} INFO - [2024-10-02T23:12:30.027+0000] {dag.py:3229} INFO - Sync 1 DAGs
[2024-10-02T23:12:30.056+0000] {logging_mixin.py:190} INFO - [2024-10-02T23:12:30.055+0000] {dag.py:4156} INFO - Setting next_dagrun for example_setup_teardown_taskflow to None, run_after=None
[2024-10-02T23:12:30.094+0000] {processor.py:208} INFO - Processing /home/airflow/.local/lib/python3.12/site-packages/airflow/example_dags/example_setup_teardown_taskflow.py took 0.139 seconds
[2024-10-02T23:13:00.650+0000] {processor.py:186} INFO - Started process (PID=273) to work on /home/airflow/.local/lib/python3.12/site-packages/airflow/example_dags/example_setup_teardown_taskflow.py
[2024-10-02T23:13:00.652+0000] {processor.py:914} INFO - Processing file /home/airflow/.local/lib/python3.12/site-packages/airflow/example_dags/example_setup_teardown_taskflow.py for tasks to queue
[2024-10-02T23:13:00.656+0000] {logging_mixin.py:190} INFO - [2024-10-02T23:13:00.655+0000] {dagbag.py:587} INFO - Filling up the DagBag from /home/airflow/.local/lib/python3.12/site-packages/airflow/example_dags/example_setup_teardown_taskflow.py
[2024-10-02T23:13:00.671+0000] {processor.py:925} INFO - DAG(s) 'example_setup_teardown_taskflow' retrieved from /home/airflow/.local/lib/python3.12/site-packages/airflow/example_dags/example_setup_teardown_taskflow.py
[2024-10-02T23:13:00.701+0000] {logging_mixin.py:190} INFO - [2024-10-02T23:13:00.701+0000] {dag.py:3229} INFO - Sync 1 DAGs
[2024-10-02T23:13:00.721+0000] {logging_mixin.py:190} INFO - [2024-10-02T23:13:00.721+0000] {dag.py:4156} INFO - Setting next_dagrun for example_setup_teardown_taskflow to None, run_after=None
[2024-10-02T23:13:00.770+0000] {processor.py:208} INFO - Processing /home/airflow/.local/lib/python3.12/site-packages/airflow/example_dags/example_setup_teardown_taskflow.py took 0.131 seconds
[2024-10-02T23:13:31.197+0000] {processor.py:186} INFO - Started process (PID=335) to work on /home/airflow/.local/lib/python3.12/site-packages/airflow/example_dags/example_setup_teardown_taskflow.py
[2024-10-02T23:13:31.198+0000] {processor.py:914} INFO - Processing file /home/airflow/.local/lib/python3.12/site-packages/airflow/example_dags/example_setup_teardown_taskflow.py for tasks to queue
[2024-10-02T23:13:31.202+0000] {logging_mixin.py:190} INFO - [2024-10-02T23:13:31.202+0000] {dagbag.py:587} INFO - Filling up the DagBag from /home/airflow/.local/lib/python3.12/site-packages/airflow/example_dags/example_setup_teardown_taskflow.py
[2024-10-02T23:13:31.216+0000] {processor.py:925} INFO - DAG(s) 'example_setup_teardown_taskflow' retrieved from /home/airflow/.local/lib/python3.12/site-packages/airflow/example_dags/example_setup_teardown_taskflow.py
[2024-10-02T23:13:31.246+0000] {logging_mixin.py:190} INFO - [2024-10-02T23:13:31.246+0000] {dag.py:3229} INFO - Sync 1 DAGs
[2024-10-02T23:13:31.269+0000] {logging_mixin.py:190} INFO - [2024-10-02T23:13:31.269+0000] {dag.py:4156} INFO - Setting next_dagrun for example_setup_teardown_taskflow to None, run_after=None
[2024-10-02T23:13:31.302+0000] {processor.py:208} INFO - Processing /home/airflow/.local/lib/python3.12/site-packages/airflow/example_dags/example_setup_teardown_taskflow.py took 0.113 seconds
