[2024-10-02T23:11:19.880+0000] {processor.py:186} INFO - Started process (PID=63) to work on /home/airflow/.local/lib/python3.12/site-packages/airflow/example_dags/example_params_trigger_ui.py
[2024-10-02T23:11:19.882+0000] {processor.py:914} INFO - Processing file /home/airflow/.local/lib/python3.12/site-packages/airflow/example_dags/example_params_trigger_ui.py for tasks to queue
[2024-10-02T23:11:19.888+0000] {logging_mixin.py:190} INFO - [2024-10-02T23:11:19.887+0000] {dagbag.py:587} INFO - Filling up the DagBag from /home/airflow/.local/lib/python3.12/site-packages/airflow/example_dags/example_params_trigger_ui.py
[2024-10-02T23:11:19.937+0000] {processor.py:925} INFO - DAG(s) 'example_params_trigger_ui' retrieved from /home/airflow/.local/lib/python3.12/site-packages/airflow/example_dags/example_params_trigger_ui.py
[2024-10-02T23:11:20.750+0000] {logging_mixin.py:190} INFO - [2024-10-02T23:11:20.748+0000] {override.py:1900} INFO - Created Permission View: can delete on DAG:example_params_trigger_ui
[2024-10-02T23:11:20.797+0000] {logging_mixin.py:190} INFO - [2024-10-02T23:11:20.796+0000] {override.py:1900} INFO - Created Permission View: can edit on DAG:example_params_trigger_ui
[2024-10-02T23:11:20.823+0000] {logging_mixin.py:190} INFO - [2024-10-02T23:11:20.822+0000] {override.py:1900} INFO - Created Permission View: can read on DAG:example_params_trigger_ui
[2024-10-02T23:11:20.854+0000] {logging_mixin.py:190} INFO - [2024-10-02T23:11:20.853+0000] {override.py:1900} INFO - Created Permission View: can create on DAG Run:example_params_trigger_ui
[2024-10-02T23:11:20.889+0000] {logging_mixin.py:190} INFO - [2024-10-02T23:11:20.888+0000] {override.py:1900} INFO - Created Permission View: menu access on DAG Run:example_params_trigger_ui
[2024-10-02T23:11:20.909+0000] {logging_mixin.py:190} INFO - [2024-10-02T23:11:20.908+0000] {override.py:1900} INFO - Created Permission View: can read on DAG Run:example_params_trigger_ui
[2024-10-02T23:11:20.932+0000] {logging_mixin.py:190} INFO - [2024-10-02T23:11:20.931+0000] {override.py:1900} INFO - Created Permission View: can delete on DAG Run:example_params_trigger_ui
[2024-10-02T23:11:20.933+0000] {logging_mixin.py:190} INFO - [2024-10-02T23:11:20.932+0000] {dag.py:3229} INFO - Sync 1 DAGs
[2024-10-02T23:11:20.973+0000] {logging_mixin.py:190} INFO - [2024-10-02T23:11:20.973+0000] {dag.py:3252} INFO - Creating ORM DAG for example_params_trigger_ui
[2024-10-02T23:11:20.975+0000] {logging_mixin.py:190} INFO - [2024-10-02T23:11:20.974+0000] {dag.py:4156} INFO - Setting next_dagrun for example_params_trigger_ui to None, run_after=None
[2024-10-02T23:11:21.049+0000] {processor.py:208} INFO - Processing /home/airflow/.local/lib/python3.12/site-packages/airflow/example_dags/example_params_trigger_ui.py took 1.183 seconds
[2024-10-02T23:11:51.806+0000] {processor.py:186} INFO - Started process (PID=125) to work on /home/airflow/.local/lib/python3.12/site-packages/airflow/example_dags/example_params_trigger_ui.py
[2024-10-02T23:11:51.807+0000] {processor.py:914} INFO - Processing file /home/airflow/.local/lib/python3.12/site-packages/airflow/example_dags/example_params_trigger_ui.py for tasks to queue
[2024-10-02T23:11:51.811+0000] {logging_mixin.py:190} INFO - [2024-10-02T23:11:51.811+0000] {dagbag.py:587} INFO - Filling up the DagBag from /home/airflow/.local/lib/python3.12/site-packages/airflow/example_dags/example_params_trigger_ui.py
[2024-10-02T23:11:51.827+0000] {processor.py:925} INFO - DAG(s) 'example_params_trigger_ui' retrieved from /home/airflow/.local/lib/python3.12/site-packages/airflow/example_dags/example_params_trigger_ui.py
[2024-10-02T23:11:51.901+0000] {logging_mixin.py:190} INFO - [2024-10-02T23:11:51.900+0000] {dag.py:3229} INFO - Sync 1 DAGs
[2024-10-02T23:11:51.922+0000] {logging_mixin.py:190} INFO - [2024-10-02T23:11:51.921+0000] {dag.py:4156} INFO - Setting next_dagrun for example_params_trigger_ui to None, run_after=None
[2024-10-02T23:11:51.955+0000] {processor.py:208} INFO - Processing /home/airflow/.local/lib/python3.12/site-packages/airflow/example_dags/example_params_trigger_ui.py took 0.161 seconds
[2024-10-02T23:12:22.049+0000] {processor.py:186} INFO - Started process (PID=187) to work on /home/airflow/.local/lib/python3.12/site-packages/airflow/example_dags/example_params_trigger_ui.py
[2024-10-02T23:12:22.053+0000] {processor.py:914} INFO - Processing file /home/airflow/.local/lib/python3.12/site-packages/airflow/example_dags/example_params_trigger_ui.py for tasks to queue
[2024-10-02T23:12:22.058+0000] {logging_mixin.py:190} INFO - [2024-10-02T23:12:22.057+0000] {dagbag.py:587} INFO - Filling up the DagBag from /home/airflow/.local/lib/python3.12/site-packages/airflow/example_dags/example_params_trigger_ui.py
[2024-10-02T23:12:22.080+0000] {processor.py:925} INFO - DAG(s) 'example_params_trigger_ui' retrieved from /home/airflow/.local/lib/python3.12/site-packages/airflow/example_dags/example_params_trigger_ui.py
[2024-10-02T23:12:22.234+0000] {logging_mixin.py:190} INFO - [2024-10-02T23:12:22.234+0000] {dag.py:3229} INFO - Sync 1 DAGs
[2024-10-02T23:12:22.266+0000] {logging_mixin.py:190} INFO - [2024-10-02T23:12:22.265+0000] {dag.py:4156} INFO - Setting next_dagrun for example_params_trigger_ui to None, run_after=None
[2024-10-02T23:12:22.315+0000] {processor.py:208} INFO - Processing /home/airflow/.local/lib/python3.12/site-packages/airflow/example_dags/example_params_trigger_ui.py took 0.278 seconds
[2024-10-02T23:12:52.544+0000] {processor.py:186} INFO - Started process (PID=250) to work on /home/airflow/.local/lib/python3.12/site-packages/airflow/example_dags/example_params_trigger_ui.py
[2024-10-02T23:12:52.545+0000] {processor.py:914} INFO - Processing file /home/airflow/.local/lib/python3.12/site-packages/airflow/example_dags/example_params_trigger_ui.py for tasks to queue
[2024-10-02T23:12:52.549+0000] {logging_mixin.py:190} INFO - [2024-10-02T23:12:52.548+0000] {dagbag.py:587} INFO - Filling up the DagBag from /home/airflow/.local/lib/python3.12/site-packages/airflow/example_dags/example_params_trigger_ui.py
[2024-10-02T23:12:52.567+0000] {processor.py:925} INFO - DAG(s) 'example_params_trigger_ui' retrieved from /home/airflow/.local/lib/python3.12/site-packages/airflow/example_dags/example_params_trigger_ui.py
[2024-10-02T23:12:52.628+0000] {logging_mixin.py:190} INFO - [2024-10-02T23:12:52.627+0000] {dag.py:3229} INFO - Sync 1 DAGs
[2024-10-02T23:12:52.648+0000] {logging_mixin.py:190} INFO - [2024-10-02T23:12:52.648+0000] {dag.py:4156} INFO - Setting next_dagrun for example_params_trigger_ui to None, run_after=None
[2024-10-02T23:12:52.677+0000] {processor.py:208} INFO - Processing /home/airflow/.local/lib/python3.12/site-packages/airflow/example_dags/example_params_trigger_ui.py took 0.140 seconds
[2024-10-02T23:13:23.386+0000] {processor.py:186} INFO - Started process (PID=312) to work on /home/airflow/.local/lib/python3.12/site-packages/airflow/example_dags/example_params_trigger_ui.py
[2024-10-02T23:13:23.388+0000] {processor.py:914} INFO - Processing file /home/airflow/.local/lib/python3.12/site-packages/airflow/example_dags/example_params_trigger_ui.py for tasks to queue
[2024-10-02T23:13:23.391+0000] {logging_mixin.py:190} INFO - [2024-10-02T23:13:23.390+0000] {dagbag.py:587} INFO - Filling up the DagBag from /home/airflow/.local/lib/python3.12/site-packages/airflow/example_dags/example_params_trigger_ui.py
[2024-10-02T23:13:23.407+0000] {processor.py:925} INFO - DAG(s) 'example_params_trigger_ui' retrieved from /home/airflow/.local/lib/python3.12/site-packages/airflow/example_dags/example_params_trigger_ui.py
[2024-10-02T23:13:23.490+0000] {logging_mixin.py:190} INFO - [2024-10-02T23:13:23.489+0000] {dag.py:3229} INFO - Sync 1 DAGs
[2024-10-02T23:13:23.515+0000] {logging_mixin.py:190} INFO - [2024-10-02T23:13:23.515+0000] {dag.py:4156} INFO - Setting next_dagrun for example_params_trigger_ui to None, run_after=None
[2024-10-02T23:13:23.549+0000] {processor.py:208} INFO - Processing /home/airflow/.local/lib/python3.12/site-packages/airflow/example_dags/example_params_trigger_ui.py took 0.170 seconds
