[2024-10-02T23:11:35.485+0000] {processor.py:186} INFO - Started process (PID=100) to work on /home/airflow/.local/lib/python3.12/site-packages/airflow/example_dags/example_branch_operator_decorator.py
[2024-10-02T23:11:35.488+0000] {processor.py:914} INFO - Processing file /home/airflow/.local/lib/python3.12/site-packages/airflow/example_dags/example_branch_operator_decorator.py for tasks to queue
[2024-10-02T23:11:35.493+0000] {logging_mixin.py:190} INFO - [2024-10-02T23:11:35.492+0000] {dagbag.py:587} INFO - Filling up the DagBag from /home/airflow/.local/lib/python3.12/site-packages/airflow/example_dags/example_branch_operator_decorator.py
[2024-10-02T23:11:35.550+0000] {processor.py:925} INFO - DAG(s) 'example_branch_python_operator_decorator' retrieved from /home/airflow/.local/lib/python3.12/site-packages/airflow/example_dags/example_branch_operator_decorator.py
[2024-10-02T23:11:35.793+0000] {logging_mixin.py:190} INFO - [2024-10-02T23:11:35.792+0000] {override.py:1900} INFO - Created Permission View: can delete on DAG:example_branch_python_operator_decorator
[2024-10-02T23:11:35.820+0000] {logging_mixin.py:190} INFO - [2024-10-02T23:11:35.820+0000] {override.py:1900} INFO - Created Permission View: can edit on DAG:example_branch_python_operator_decorator
[2024-10-02T23:11:35.841+0000] {logging_mixin.py:190} INFO - [2024-10-02T23:11:35.840+0000] {override.py:1900} INFO - Created Permission View: can read on DAG:example_branch_python_operator_decorator
[2024-10-02T23:11:35.868+0000] {logging_mixin.py:190} INFO - [2024-10-02T23:11:35.867+0000] {override.py:1900} INFO - Created Permission View: can create on DAG Run:example_branch_python_operator_decorator
[2024-10-02T23:11:35.895+0000] {logging_mixin.py:190} INFO - [2024-10-02T23:11:35.895+0000] {override.py:1900} INFO - Created Permission View: menu access on DAG Run:example_branch_python_operator_decorator
[2024-10-02T23:11:35.910+0000] {logging_mixin.py:190} INFO - [2024-10-02T23:11:35.909+0000] {override.py:1900} INFO - Created Permission View: can read on DAG Run:example_branch_python_operator_decorator
[2024-10-02T23:11:35.925+0000] {logging_mixin.py:190} INFO - [2024-10-02T23:11:35.925+0000] {override.py:1900} INFO - Created Permission View: can delete on DAG Run:example_branch_python_operator_decorator
[2024-10-02T23:11:35.926+0000] {logging_mixin.py:190} INFO - [2024-10-02T23:11:35.926+0000] {dag.py:3229} INFO - Sync 1 DAGs
[2024-10-02T23:11:35.948+0000] {logging_mixin.py:190} INFO - [2024-10-02T23:11:35.948+0000] {dag.py:3252} INFO - Creating ORM DAG for example_branch_python_operator_decorator
[2024-10-02T23:11:35.965+0000] {logging_mixin.py:190} INFO - [2024-10-02T23:11:35.965+0000] {dag.py:4156} INFO - Setting next_dagrun for example_branch_python_operator_decorator to 2024-10-01 00:00:00+00:00, run_after=2024-10-02 00:00:00+00:00
[2024-10-02T23:11:35.996+0000] {processor.py:208} INFO - Processing /home/airflow/.local/lib/python3.12/site-packages/airflow/example_dags/example_branch_operator_decorator.py took 0.521 seconds
[2024-10-02T23:12:06.398+0000] {processor.py:186} INFO - Started process (PID=162) to work on /home/airflow/.local/lib/python3.12/site-packages/airflow/example_dags/example_branch_operator_decorator.py
[2024-10-02T23:12:06.400+0000] {processor.py:914} INFO - Processing file /home/airflow/.local/lib/python3.12/site-packages/airflow/example_dags/example_branch_operator_decorator.py for tasks to queue
[2024-10-02T23:12:06.404+0000] {logging_mixin.py:190} INFO - [2024-10-02T23:12:06.403+0000] {dagbag.py:587} INFO - Filling up the DagBag from /home/airflow/.local/lib/python3.12/site-packages/airflow/example_dags/example_branch_operator_decorator.py
[2024-10-02T23:12:06.450+0000] {processor.py:925} INFO - DAG(s) 'example_branch_python_operator_decorator' retrieved from /home/airflow/.local/lib/python3.12/site-packages/airflow/example_dags/example_branch_operator_decorator.py
[2024-10-02T23:12:06.511+0000] {logging_mixin.py:190} INFO - [2024-10-02T23:12:06.511+0000] {dag.py:3229} INFO - Sync 1 DAGs
[2024-10-02T23:12:06.594+0000] {logging_mixin.py:190} INFO - [2024-10-02T23:12:06.593+0000] {dag.py:4156} INFO - Setting next_dagrun for example_branch_python_operator_decorator to 2024-10-01 00:00:00+00:00, run_after=2024-10-02 00:00:00+00:00
[2024-10-02T23:12:06.852+0000] {processor.py:208} INFO - Processing /home/airflow/.local/lib/python3.12/site-packages/airflow/example_dags/example_branch_operator_decorator.py took 0.464 seconds
[2024-10-02T23:12:37.454+0000] {processor.py:186} INFO - Started process (PID=225) to work on /home/airflow/.local/lib/python3.12/site-packages/airflow/example_dags/example_branch_operator_decorator.py
[2024-10-02T23:12:37.455+0000] {processor.py:914} INFO - Processing file /home/airflow/.local/lib/python3.12/site-packages/airflow/example_dags/example_branch_operator_decorator.py for tasks to queue
[2024-10-02T23:12:37.458+0000] {logging_mixin.py:190} INFO - [2024-10-02T23:12:37.458+0000] {dagbag.py:587} INFO - Filling up the DagBag from /home/airflow/.local/lib/python3.12/site-packages/airflow/example_dags/example_branch_operator_decorator.py
[2024-10-02T23:12:37.491+0000] {processor.py:925} INFO - DAG(s) 'example_branch_python_operator_decorator' retrieved from /home/airflow/.local/lib/python3.12/site-packages/airflow/example_dags/example_branch_operator_decorator.py
[2024-10-02T23:12:37.530+0000] {logging_mixin.py:190} INFO - [2024-10-02T23:12:37.530+0000] {dag.py:3229} INFO - Sync 1 DAGs
[2024-10-02T23:12:37.564+0000] {logging_mixin.py:190} INFO - [2024-10-02T23:12:37.563+0000] {dag.py:4156} INFO - Setting next_dagrun for example_branch_python_operator_decorator to 2024-10-01 00:00:00+00:00, run_after=2024-10-02 00:00:00+00:00
[2024-10-02T23:12:37.593+0000] {processor.py:208} INFO - Processing /home/airflow/.local/lib/python3.12/site-packages/airflow/example_dags/example_branch_operator_decorator.py took 0.149 seconds
[2024-10-02T23:13:08.104+0000] {processor.py:186} INFO - Started process (PID=287) to work on /home/airflow/.local/lib/python3.12/site-packages/airflow/example_dags/example_branch_operator_decorator.py
[2024-10-02T23:13:08.106+0000] {processor.py:914} INFO - Processing file /home/airflow/.local/lib/python3.12/site-packages/airflow/example_dags/example_branch_operator_decorator.py for tasks to queue
[2024-10-02T23:13:08.109+0000] {logging_mixin.py:190} INFO - [2024-10-02T23:13:08.109+0000] {dagbag.py:587} INFO - Filling up the DagBag from /home/airflow/.local/lib/python3.12/site-packages/airflow/example_dags/example_branch_operator_decorator.py
[2024-10-02T23:13:08.139+0000] {processor.py:925} INFO - DAG(s) 'example_branch_python_operator_decorator' retrieved from /home/airflow/.local/lib/python3.12/site-packages/airflow/example_dags/example_branch_operator_decorator.py
[2024-10-02T23:13:08.180+0000] {logging_mixin.py:190} INFO - [2024-10-02T23:13:08.180+0000] {dag.py:3229} INFO - Sync 1 DAGs
[2024-10-02T23:13:08.214+0000] {logging_mixin.py:190} INFO - [2024-10-02T23:13:08.213+0000] {dag.py:4156} INFO - Setting next_dagrun for example_branch_python_operator_decorator to 2024-10-01 00:00:00+00:00, run_after=2024-10-02 00:00:00+00:00
[2024-10-02T23:13:08.241+0000] {processor.py:208} INFO - Processing /home/airflow/.local/lib/python3.12/site-packages/airflow/example_dags/example_branch_operator_decorator.py took 0.143 seconds
