[2024-10-02T23:11:34.907+0000] {processor.py:186} INFO - Started process (PID=98) to work on /home/airflow/.local/lib/python3.12/site-packages/airflow/example_dags/example_params_ui_tutorial.py
[2024-10-02T23:11:34.909+0000] {processor.py:914} INFO - Processing file /home/airflow/.local/lib/python3.12/site-packages/airflow/example_dags/example_params_ui_tutorial.py for tasks to queue
[2024-10-02T23:11:34.913+0000] {logging_mixin.py:190} INFO - [2024-10-02T23:11:34.912+0000] {dagbag.py:587} INFO - Filling up the DagBag from /home/airflow/.local/lib/python3.12/site-packages/airflow/example_dags/example_params_ui_tutorial.py
[2024-10-02T23:11:34.940+0000] {processor.py:925} INFO - DAG(s) 'example_params_ui_tutorial' retrieved from /home/airflow/.local/lib/python3.12/site-packages/airflow/example_dags/example_params_ui_tutorial.py
[2024-10-02T23:11:35.211+0000] {logging_mixin.py:190} INFO - [2024-10-02T23:11:35.210+0000] {override.py:1900} INFO - Created Permission View: can delete on DAG:example_params_ui_tutorial
[2024-10-02T23:11:35.231+0000] {logging_mixin.py:190} INFO - [2024-10-02T23:11:35.230+0000] {override.py:1900} INFO - Created Permission View: can edit on DAG:example_params_ui_tutorial
[2024-10-02T23:11:35.244+0000] {logging_mixin.py:190} INFO - [2024-10-02T23:11:35.244+0000] {override.py:1900} INFO - Created Permission View: can read on DAG:example_params_ui_tutorial
[2024-10-02T23:11:35.299+0000] {logging_mixin.py:190} INFO - [2024-10-02T23:11:35.298+0000] {override.py:1900} INFO - Created Permission View: can create on DAG Run:example_params_ui_tutorial
[2024-10-02T23:11:35.314+0000] {logging_mixin.py:190} INFO - [2024-10-02T23:11:35.313+0000] {override.py:1900} INFO - Created Permission View: menu access on DAG Run:example_params_ui_tutorial
[2024-10-02T23:11:35.329+0000] {logging_mixin.py:190} INFO - [2024-10-02T23:11:35.328+0000] {override.py:1900} INFO - Created Permission View: can read on DAG Run:example_params_ui_tutorial
[2024-10-02T23:11:35.344+0000] {logging_mixin.py:190} INFO - [2024-10-02T23:11:35.343+0000] {override.py:1900} INFO - Created Permission View: can delete on DAG Run:example_params_ui_tutorial
[2024-10-02T23:11:35.345+0000] {logging_mixin.py:190} INFO - [2024-10-02T23:11:35.344+0000] {dag.py:3229} INFO - Sync 1 DAGs
[2024-10-02T23:11:35.373+0000] {logging_mixin.py:190} INFO - [2024-10-02T23:11:35.373+0000] {dag.py:3252} INFO - Creating ORM DAG for example_params_ui_tutorial
[2024-10-02T23:11:35.375+0000] {logging_mixin.py:190} INFO - [2024-10-02T23:11:35.375+0000] {dag.py:4156} INFO - Setting next_dagrun for example_params_ui_tutorial to None, run_after=None
[2024-10-02T23:11:35.413+0000] {processor.py:208} INFO - Processing /home/airflow/.local/lib/python3.12/site-packages/airflow/example_dags/example_params_ui_tutorial.py took 0.517 seconds
[2024-10-02T23:12:05.700+0000] {processor.py:186} INFO - Started process (PID=160) to work on /home/airflow/.local/lib/python3.12/site-packages/airflow/example_dags/example_params_ui_tutorial.py
[2024-10-02T23:12:05.701+0000] {processor.py:914} INFO - Processing file /home/airflow/.local/lib/python3.12/site-packages/airflow/example_dags/example_params_ui_tutorial.py for tasks to queue
[2024-10-02T23:12:05.705+0000] {logging_mixin.py:190} INFO - [2024-10-02T23:12:05.704+0000] {dagbag.py:587} INFO - Filling up the DagBag from /home/airflow/.local/lib/python3.12/site-packages/airflow/example_dags/example_params_ui_tutorial.py
[2024-10-02T23:12:05.718+0000] {processor.py:925} INFO - DAG(s) 'example_params_ui_tutorial' retrieved from /home/airflow/.local/lib/python3.12/site-packages/airflow/example_dags/example_params_ui_tutorial.py
[2024-10-02T23:12:05.796+0000] {logging_mixin.py:190} INFO - [2024-10-02T23:12:05.796+0000] {dag.py:3229} INFO - Sync 1 DAGs
[2024-10-02T23:12:05.826+0000] {logging_mixin.py:190} INFO - [2024-10-02T23:12:05.826+0000] {dag.py:4156} INFO - Setting next_dagrun for example_params_ui_tutorial to None, run_after=None
[2024-10-02T23:12:05.927+0000] {processor.py:208} INFO - Processing /home/airflow/.local/lib/python3.12/site-packages/airflow/example_dags/example_params_ui_tutorial.py took 0.238 seconds
[2024-10-02T23:12:36.387+0000] {processor.py:186} INFO - Started process (PID=223) to work on /home/airflow/.local/lib/python3.12/site-packages/airflow/example_dags/example_params_ui_tutorial.py
[2024-10-02T23:12:36.389+0000] {processor.py:914} INFO - Processing file /home/airflow/.local/lib/python3.12/site-packages/airflow/example_dags/example_params_ui_tutorial.py for tasks to queue
[2024-10-02T23:12:36.393+0000] {logging_mixin.py:190} INFO - [2024-10-02T23:12:36.392+0000] {dagbag.py:587} INFO - Filling up the DagBag from /home/airflow/.local/lib/python3.12/site-packages/airflow/example_dags/example_params_ui_tutorial.py
[2024-10-02T23:12:36.410+0000] {processor.py:925} INFO - DAG(s) 'example_params_ui_tutorial' retrieved from /home/airflow/.local/lib/python3.12/site-packages/airflow/example_dags/example_params_ui_tutorial.py
[2024-10-02T23:12:36.487+0000] {logging_mixin.py:190} INFO - [2024-10-02T23:12:36.486+0000] {dag.py:3229} INFO - Sync 1 DAGs
[2024-10-02T23:12:36.508+0000] {logging_mixin.py:190} INFO - [2024-10-02T23:12:36.508+0000] {dag.py:4156} INFO - Setting next_dagrun for example_params_ui_tutorial to None, run_after=None
[2024-10-02T23:12:36.544+0000] {processor.py:208} INFO - Processing /home/airflow/.local/lib/python3.12/site-packages/airflow/example_dags/example_params_ui_tutorial.py took 0.167 seconds
[2024-10-02T23:13:06.869+0000] {processor.py:186} INFO - Started process (PID=285) to work on /home/airflow/.local/lib/python3.12/site-packages/airflow/example_dags/example_params_ui_tutorial.py
[2024-10-02T23:13:06.870+0000] {processor.py:914} INFO - Processing file /home/airflow/.local/lib/python3.12/site-packages/airflow/example_dags/example_params_ui_tutorial.py for tasks to queue
[2024-10-02T23:13:06.873+0000] {logging_mixin.py:190} INFO - [2024-10-02T23:13:06.873+0000] {dagbag.py:587} INFO - Filling up the DagBag from /home/airflow/.local/lib/python3.12/site-packages/airflow/example_dags/example_params_ui_tutorial.py
[2024-10-02T23:13:06.884+0000] {processor.py:925} INFO - DAG(s) 'example_params_ui_tutorial' retrieved from /home/airflow/.local/lib/python3.12/site-packages/airflow/example_dags/example_params_ui_tutorial.py
[2024-10-02T23:13:06.968+0000] {logging_mixin.py:190} INFO - [2024-10-02T23:13:06.968+0000] {dag.py:3229} INFO - Sync 1 DAGs
[2024-10-02T23:13:06.993+0000] {logging_mixin.py:190} INFO - [2024-10-02T23:13:06.993+0000] {dag.py:4156} INFO - Setting next_dagrun for example_params_ui_tutorial to None, run_after=None
[2024-10-02T23:13:07.023+0000] {processor.py:208} INFO - Processing /home/airflow/.local/lib/python3.12/site-packages/airflow/example_dags/example_params_ui_tutorial.py took 0.162 seconds
