[2024-10-02T23:11:31.884+0000] {processor.py:186} INFO - Started process (PID=92) to work on /home/airflow/.local/lib/python3.12/site-packages/airflow/example_dags/example_latest_only.py
[2024-10-02T23:11:31.891+0000] {processor.py:914} INFO - Processing file /home/airflow/.local/lib/python3.12/site-packages/airflow/example_dags/example_latest_only.py for tasks to queue
[2024-10-02T23:11:31.896+0000] {logging_mixin.py:190} INFO - [2024-10-02T23:11:31.896+0000] {dagbag.py:587} INFO - Filling up the DagBag from /home/airflow/.local/lib/python3.12/site-packages/airflow/example_dags/example_latest_only.py
[2024-10-02T23:11:31.912+0000] {processor.py:925} INFO - DAG(s) 'latest_only' retrieved from /home/airflow/.local/lib/python3.12/site-packages/airflow/example_dags/example_latest_only.py
[2024-10-02T23:11:32.341+0000] {logging_mixin.py:190} INFO - [2024-10-02T23:11:32.340+0000] {override.py:1900} INFO - Created Permission View: can delete on DAG:latest_only
[2024-10-02T23:11:32.398+0000] {logging_mixin.py:190} INFO - [2024-10-02T23:11:32.398+0000] {override.py:1900} INFO - Created Permission View: can edit on DAG:latest_only
[2024-10-02T23:11:32.418+0000] {logging_mixin.py:190} INFO - [2024-10-02T23:11:32.417+0000] {override.py:1900} INFO - Created Permission View: can read on DAG:latest_only
[2024-10-02T23:11:32.506+0000] {logging_mixin.py:190} INFO - [2024-10-02T23:11:32.506+0000] {override.py:1900} INFO - Created Permission View: can create on DAG Run:latest_only
[2024-10-02T23:11:32.576+0000] {logging_mixin.py:190} INFO - [2024-10-02T23:11:32.576+0000] {override.py:1900} INFO - Created Permission View: menu access on DAG Run:latest_only
[2024-10-02T23:11:32.628+0000] {logging_mixin.py:190} INFO - [2024-10-02T23:11:32.628+0000] {override.py:1900} INFO - Created Permission View: can read on DAG Run:latest_only
[2024-10-02T23:11:32.656+0000] {logging_mixin.py:190} INFO - [2024-10-02T23:11:32.656+0000] {override.py:1900} INFO - Created Permission View: can delete on DAG Run:latest_only
[2024-10-02T23:11:32.658+0000] {logging_mixin.py:190} INFO - [2024-10-02T23:11:32.657+0000] {dag.py:3229} INFO - Sync 1 DAGs
[2024-10-02T23:11:32.683+0000] {logging_mixin.py:190} INFO - [2024-10-02T23:11:32.682+0000] {dag.py:3252} INFO - Creating ORM DAG for latest_only
[2024-10-02T23:11:32.703+0000] {logging_mixin.py:190} INFO - [2024-10-02T23:11:32.702+0000] {dag.py:4156} INFO - Setting next_dagrun for latest_only to 2024-10-02 16:00:00+00:00, run_after=2024-10-02 20:00:00+00:00
[2024-10-02T23:11:32.749+0000] {processor.py:208} INFO - Processing /home/airflow/.local/lib/python3.12/site-packages/airflow/example_dags/example_latest_only.py took 0.876 seconds
[2024-10-02T23:12:03.025+0000] {processor.py:186} INFO - Started process (PID=154) to work on /home/airflow/.local/lib/python3.12/site-packages/airflow/example_dags/example_latest_only.py
[2024-10-02T23:12:03.027+0000] {processor.py:914} INFO - Processing file /home/airflow/.local/lib/python3.12/site-packages/airflow/example_dags/example_latest_only.py for tasks to queue
[2024-10-02T23:12:03.030+0000] {logging_mixin.py:190} INFO - [2024-10-02T23:12:03.030+0000] {dagbag.py:587} INFO - Filling up the DagBag from /home/airflow/.local/lib/python3.12/site-packages/airflow/example_dags/example_latest_only.py
[2024-10-02T23:12:03.039+0000] {processor.py:925} INFO - DAG(s) 'latest_only' retrieved from /home/airflow/.local/lib/python3.12/site-packages/airflow/example_dags/example_latest_only.py
[2024-10-02T23:12:03.064+0000] {logging_mixin.py:190} INFO - [2024-10-02T23:12:03.063+0000] {dag.py:3229} INFO - Sync 1 DAGs
[2024-10-02T23:12:03.099+0000] {logging_mixin.py:190} INFO - [2024-10-02T23:12:03.099+0000] {dag.py:4156} INFO - Setting next_dagrun for latest_only to 2024-10-02 16:00:00+00:00, run_after=2024-10-02 20:00:00+00:00
[2024-10-02T23:12:03.140+0000] {processor.py:208} INFO - Processing /home/airflow/.local/lib/python3.12/site-packages/airflow/example_dags/example_latest_only.py took 0.124 seconds
[2024-10-02T23:12:33.690+0000] {processor.py:186} INFO - Started process (PID=217) to work on /home/airflow/.local/lib/python3.12/site-packages/airflow/example_dags/example_latest_only.py
[2024-10-02T23:12:33.692+0000] {processor.py:914} INFO - Processing file /home/airflow/.local/lib/python3.12/site-packages/airflow/example_dags/example_latest_only.py for tasks to queue
[2024-10-02T23:12:33.697+0000] {logging_mixin.py:190} INFO - [2024-10-02T23:12:33.696+0000] {dagbag.py:587} INFO - Filling up the DagBag from /home/airflow/.local/lib/python3.12/site-packages/airflow/example_dags/example_latest_only.py
[2024-10-02T23:12:33.707+0000] {processor.py:925} INFO - DAG(s) 'latest_only' retrieved from /home/airflow/.local/lib/python3.12/site-packages/airflow/example_dags/example_latest_only.py
[2024-10-02T23:12:33.736+0000] {logging_mixin.py:190} INFO - [2024-10-02T23:12:33.735+0000] {dag.py:3229} INFO - Sync 1 DAGs
[2024-10-02T23:12:33.773+0000] {logging_mixin.py:190} INFO - [2024-10-02T23:12:33.773+0000] {dag.py:4156} INFO - Setting next_dagrun for latest_only to 2024-10-02 16:00:00+00:00, run_after=2024-10-02 20:00:00+00:00
[2024-10-02T23:12:33.816+0000] {processor.py:208} INFO - Processing /home/airflow/.local/lib/python3.12/site-packages/airflow/example_dags/example_latest_only.py took 0.135 seconds
[2024-10-02T23:13:04.231+0000] {processor.py:186} INFO - Started process (PID=279) to work on /home/airflow/.local/lib/python3.12/site-packages/airflow/example_dags/example_latest_only.py
[2024-10-02T23:13:04.233+0000] {processor.py:914} INFO - Processing file /home/airflow/.local/lib/python3.12/site-packages/airflow/example_dags/example_latest_only.py for tasks to queue
[2024-10-02T23:13:04.237+0000] {logging_mixin.py:190} INFO - [2024-10-02T23:13:04.236+0000] {dagbag.py:587} INFO - Filling up the DagBag from /home/airflow/.local/lib/python3.12/site-packages/airflow/example_dags/example_latest_only.py
[2024-10-02T23:13:04.246+0000] {processor.py:925} INFO - DAG(s) 'latest_only' retrieved from /home/airflow/.local/lib/python3.12/site-packages/airflow/example_dags/example_latest_only.py
[2024-10-02T23:13:04.275+0000] {logging_mixin.py:190} INFO - [2024-10-02T23:13:04.275+0000] {dag.py:3229} INFO - Sync 1 DAGs
[2024-10-02T23:13:04.315+0000] {logging_mixin.py:190} INFO - [2024-10-02T23:13:04.314+0000] {dag.py:4156} INFO - Setting next_dagrun for latest_only to 2024-10-02 16:00:00+00:00, run_after=2024-10-02 20:00:00+00:00
[2024-10-02T23:13:04.349+0000] {processor.py:208} INFO - Processing /home/airflow/.local/lib/python3.12/site-packages/airflow/example_dags/example_latest_only.py took 0.125 seconds
