[2024-10-02T23:11:25.721+0000] {processor.py:186} INFO - Started process (PID=72) to work on /home/airflow/.local/lib/python3.12/site-packages/airflow/example_dags/example_setup_teardown.py
[2024-10-02T23:11:25.722+0000] {processor.py:914} INFO - Processing file /home/airflow/.local/lib/python3.12/site-packages/airflow/example_dags/example_setup_teardown.py for tasks to queue
[2024-10-02T23:11:25.726+0000] {logging_mixin.py:190} INFO - [2024-10-02T23:11:25.725+0000] {dagbag.py:587} INFO - Filling up the DagBag from /home/airflow/.local/lib/python3.12/site-packages/airflow/example_dags/example_setup_teardown.py
[2024-10-02T23:11:25.751+0000] {processor.py:925} INFO - DAG(s) 'example_setup_teardown' retrieved from /home/airflow/.local/lib/python3.12/site-packages/airflow/example_dags/example_setup_teardown.py
[2024-10-02T23:11:25.975+0000] {logging_mixin.py:190} INFO - [2024-10-02T23:11:25.974+0000] {override.py:1900} INFO - Created Permission View: can delete on DAG:example_setup_teardown
[2024-10-02T23:11:26.006+0000] {logging_mixin.py:190} INFO - [2024-10-02T23:11:26.006+0000] {override.py:1900} INFO - Created Permission View: can edit on DAG:example_setup_teardown
[2024-10-02T23:11:26.023+0000] {logging_mixin.py:190} INFO - [2024-10-02T23:11:26.022+0000] {override.py:1900} INFO - Created Permission View: can read on DAG:example_setup_teardown
[2024-10-02T23:11:26.041+0000] {logging_mixin.py:190} INFO - [2024-10-02T23:11:26.041+0000] {override.py:1900} INFO - Created Permission View: can create on DAG Run:example_setup_teardown
[2024-10-02T23:11:26.056+0000] {logging_mixin.py:190} INFO - [2024-10-02T23:11:26.055+0000] {override.py:1900} INFO - Created Permission View: menu access on DAG Run:example_setup_teardown
[2024-10-02T23:11:26.072+0000] {logging_mixin.py:190} INFO - [2024-10-02T23:11:26.071+0000] {override.py:1900} INFO - Created Permission View: can read on DAG Run:example_setup_teardown
[2024-10-02T23:11:26.088+0000] {logging_mixin.py:190} INFO - [2024-10-02T23:11:26.088+0000] {override.py:1900} INFO - Created Permission View: can delete on DAG Run:example_setup_teardown
[2024-10-02T23:11:26.089+0000] {logging_mixin.py:190} INFO - [2024-10-02T23:11:26.089+0000] {dag.py:3229} INFO - Sync 1 DAGs
[2024-10-02T23:11:26.111+0000] {logging_mixin.py:190} INFO - [2024-10-02T23:11:26.110+0000] {dag.py:3252} INFO - Creating ORM DAG for example_setup_teardown
[2024-10-02T23:11:26.113+0000] {logging_mixin.py:190} INFO - [2024-10-02T23:11:26.112+0000] {dag.py:4156} INFO - Setting next_dagrun for example_setup_teardown to None, run_after=None
[2024-10-02T23:11:26.156+0000] {processor.py:208} INFO - Processing /home/airflow/.local/lib/python3.12/site-packages/airflow/example_dags/example_setup_teardown.py took 0.449 seconds
[2024-10-02T23:11:56.549+0000] {processor.py:186} INFO - Started process (PID=133) to work on /home/airflow/.local/lib/python3.12/site-packages/airflow/example_dags/example_setup_teardown.py
[2024-10-02T23:11:56.550+0000] {processor.py:914} INFO - Processing file /home/airflow/.local/lib/python3.12/site-packages/airflow/example_dags/example_setup_teardown.py for tasks to queue
[2024-10-02T23:11:56.554+0000] {logging_mixin.py:190} INFO - [2024-10-02T23:11:56.553+0000] {dagbag.py:587} INFO - Filling up the DagBag from /home/airflow/.local/lib/python3.12/site-packages/airflow/example_dags/example_setup_teardown.py
[2024-10-02T23:11:56.566+0000] {processor.py:925} INFO - DAG(s) 'example_setup_teardown' retrieved from /home/airflow/.local/lib/python3.12/site-packages/airflow/example_dags/example_setup_teardown.py
[2024-10-02T23:11:56.590+0000] {logging_mixin.py:190} INFO - [2024-10-02T23:11:56.590+0000] {dag.py:3229} INFO - Sync 1 DAGs
[2024-10-02T23:11:56.610+0000] {logging_mixin.py:190} INFO - [2024-10-02T23:11:56.609+0000] {dag.py:4156} INFO - Setting next_dagrun for example_setup_teardown to None, run_after=None
[2024-10-02T23:11:56.667+0000] {processor.py:208} INFO - Processing /home/airflow/.local/lib/python3.12/site-packages/airflow/example_dags/example_setup_teardown.py took 0.130 seconds
[2024-10-02T23:12:27.182+0000] {processor.py:186} INFO - Started process (PID=195) to work on /home/airflow/.local/lib/python3.12/site-packages/airflow/example_dags/example_setup_teardown.py
[2024-10-02T23:12:27.184+0000] {processor.py:914} INFO - Processing file /home/airflow/.local/lib/python3.12/site-packages/airflow/example_dags/example_setup_teardown.py for tasks to queue
[2024-10-02T23:12:27.187+0000] {logging_mixin.py:190} INFO - [2024-10-02T23:12:27.187+0000] {dagbag.py:587} INFO - Filling up the DagBag from /home/airflow/.local/lib/python3.12/site-packages/airflow/example_dags/example_setup_teardown.py
[2024-10-02T23:12:27.199+0000] {processor.py:925} INFO - DAG(s) 'example_setup_teardown' retrieved from /home/airflow/.local/lib/python3.12/site-packages/airflow/example_dags/example_setup_teardown.py
[2024-10-02T23:12:27.225+0000] {logging_mixin.py:190} INFO - [2024-10-02T23:12:27.225+0000] {dag.py:3229} INFO - Sync 1 DAGs
[2024-10-02T23:12:27.248+0000] {logging_mixin.py:190} INFO - [2024-10-02T23:12:27.248+0000] {dag.py:4156} INFO - Setting next_dagrun for example_setup_teardown to None, run_after=None
[2024-10-02T23:12:27.279+0000] {processor.py:208} INFO - Processing /home/airflow/.local/lib/python3.12/site-packages/airflow/example_dags/example_setup_teardown.py took 0.104 seconds
[2024-10-02T23:12:57.490+0000] {processor.py:186} INFO - Started process (PID=258) to work on /home/airflow/.local/lib/python3.12/site-packages/airflow/example_dags/example_setup_teardown.py
[2024-10-02T23:12:57.492+0000] {processor.py:914} INFO - Processing file /home/airflow/.local/lib/python3.12/site-packages/airflow/example_dags/example_setup_teardown.py for tasks to queue
[2024-10-02T23:12:57.496+0000] {logging_mixin.py:190} INFO - [2024-10-02T23:12:57.495+0000] {dagbag.py:587} INFO - Filling up the DagBag from /home/airflow/.local/lib/python3.12/site-packages/airflow/example_dags/example_setup_teardown.py
[2024-10-02T23:12:57.510+0000] {processor.py:925} INFO - DAG(s) 'example_setup_teardown' retrieved from /home/airflow/.local/lib/python3.12/site-packages/airflow/example_dags/example_setup_teardown.py
[2024-10-02T23:12:57.536+0000] {logging_mixin.py:190} INFO - [2024-10-02T23:12:57.536+0000] {dag.py:3229} INFO - Sync 1 DAGs
[2024-10-02T23:12:57.555+0000] {logging_mixin.py:190} INFO - [2024-10-02T23:12:57.555+0000] {dag.py:4156} INFO - Setting next_dagrun for example_setup_teardown to None, run_after=None
[2024-10-02T23:12:57.588+0000] {processor.py:208} INFO - Processing /home/airflow/.local/lib/python3.12/site-packages/airflow/example_dags/example_setup_teardown.py took 0.109 seconds
[2024-10-02T23:13:28.299+0000] {processor.py:186} INFO - Started process (PID=320) to work on /home/airflow/.local/lib/python3.12/site-packages/airflow/example_dags/example_setup_teardown.py
[2024-10-02T23:13:28.300+0000] {processor.py:914} INFO - Processing file /home/airflow/.local/lib/python3.12/site-packages/airflow/example_dags/example_setup_teardown.py for tasks to queue
[2024-10-02T23:13:28.305+0000] {logging_mixin.py:190} INFO - [2024-10-02T23:13:28.304+0000] {dagbag.py:587} INFO - Filling up the DagBag from /home/airflow/.local/lib/python3.12/site-packages/airflow/example_dags/example_setup_teardown.py
[2024-10-02T23:13:28.315+0000] {processor.py:925} INFO - DAG(s) 'example_setup_teardown' retrieved from /home/airflow/.local/lib/python3.12/site-packages/airflow/example_dags/example_setup_teardown.py
[2024-10-02T23:13:28.345+0000] {logging_mixin.py:190} INFO - [2024-10-02T23:13:28.345+0000] {dag.py:3229} INFO - Sync 1 DAGs
[2024-10-02T23:13:28.366+0000] {logging_mixin.py:190} INFO - [2024-10-02T23:13:28.365+0000] {dag.py:4156} INFO - Setting next_dagrun for example_setup_teardown to None, run_after=None
[2024-10-02T23:13:28.407+0000] {processor.py:208} INFO - Processing /home/airflow/.local/lib/python3.12/site-packages/airflow/example_dags/example_setup_teardown.py took 0.115 seconds
