[2024-10-02T23:11:21.208+0000] {processor.py:186} INFO - Started process (PID=65) to work on /home/airflow/.local/lib/python3.12/site-packages/airflow/example_dags/example_bash_decorator.py
[2024-10-02T23:11:21.212+0000] {processor.py:914} INFO - Processing file /home/airflow/.local/lib/python3.12/site-packages/airflow/example_dags/example_bash_decorator.py for tasks to queue
[2024-10-02T23:11:21.227+0000] {logging_mixin.py:190} INFO - [2024-10-02T23:11:21.226+0000] {dagbag.py:587} INFO - Filling up the DagBag from /home/airflow/.local/lib/python3.12/site-packages/airflow/example_dags/example_bash_decorator.py
[2024-10-02T23:11:21.315+0000] {processor.py:925} INFO - DAG(s) 'example_bash_decorator' retrieved from /home/airflow/.local/lib/python3.12/site-packages/airflow/example_dags/example_bash_decorator.py
[2024-10-02T23:11:21.735+0000] {logging_mixin.py:190} INFO - [2024-10-02T23:11:21.734+0000] {override.py:1900} INFO - Created Permission View: can delete on DAG:example_bash_decorator
[2024-10-02T23:11:21.790+0000] {logging_mixin.py:190} INFO - [2024-10-02T23:11:21.789+0000] {override.py:1900} INFO - Created Permission View: can edit on DAG:example_bash_decorator
[2024-10-02T23:11:21.819+0000] {logging_mixin.py:190} INFO - [2024-10-02T23:11:21.819+0000] {override.py:1900} INFO - Created Permission View: can read on DAG:example_bash_decorator
[2024-10-02T23:11:21.850+0000] {logging_mixin.py:190} INFO - [2024-10-02T23:11:21.849+0000] {override.py:1900} INFO - Created Permission View: can create on DAG Run:example_bash_decorator
[2024-10-02T23:11:21.863+0000] {logging_mixin.py:190} INFO - [2024-10-02T23:11:21.862+0000] {override.py:1900} INFO - Created Permission View: menu access on DAG Run:example_bash_decorator
[2024-10-02T23:11:21.882+0000] {logging_mixin.py:190} INFO - [2024-10-02T23:11:21.882+0000] {override.py:1900} INFO - Created Permission View: can read on DAG Run:example_bash_decorator
[2024-10-02T23:11:21.902+0000] {logging_mixin.py:190} INFO - [2024-10-02T23:11:21.902+0000] {override.py:1900} INFO - Created Permission View: can delete on DAG Run:example_bash_decorator
[2024-10-02T23:11:21.908+0000] {logging_mixin.py:190} INFO - [2024-10-02T23:11:21.908+0000] {dag.py:3229} INFO - Sync 1 DAGs
[2024-10-02T23:11:21.939+0000] {logging_mixin.py:190} INFO - [2024-10-02T23:11:21.939+0000] {dag.py:3252} INFO - Creating ORM DAG for example_bash_decorator
[2024-10-02T23:11:21.941+0000] {logging_mixin.py:190} INFO - [2024-10-02T23:11:21.940+0000] {dag.py:4156} INFO - Setting next_dagrun for example_bash_decorator to None, run_after=None
[2024-10-02T23:11:21.995+0000] {processor.py:208} INFO - Processing /home/airflow/.local/lib/python3.12/site-packages/airflow/example_dags/example_bash_decorator.py took 0.815 seconds
[2024-10-02T23:11:52.113+0000] {processor.py:186} INFO - Started process (PID=127) to work on /home/airflow/.local/lib/python3.12/site-packages/airflow/example_dags/example_bash_decorator.py
[2024-10-02T23:11:52.114+0000] {processor.py:914} INFO - Processing file /home/airflow/.local/lib/python3.12/site-packages/airflow/example_dags/example_bash_decorator.py for tasks to queue
[2024-10-02T23:11:52.117+0000] {logging_mixin.py:190} INFO - [2024-10-02T23:11:52.117+0000] {dagbag.py:587} INFO - Filling up the DagBag from /home/airflow/.local/lib/python3.12/site-packages/airflow/example_dags/example_bash_decorator.py
[2024-10-02T23:11:52.134+0000] {processor.py:925} INFO - DAG(s) 'example_bash_decorator' retrieved from /home/airflow/.local/lib/python3.12/site-packages/airflow/example_dags/example_bash_decorator.py
[2024-10-02T23:11:52.163+0000] {logging_mixin.py:190} INFO - [2024-10-02T23:11:52.162+0000] {dag.py:3229} INFO - Sync 1 DAGs
[2024-10-02T23:11:52.180+0000] {logging_mixin.py:190} INFO - [2024-10-02T23:11:52.180+0000] {dag.py:4156} INFO - Setting next_dagrun for example_bash_decorator to None, run_after=None
[2024-10-02T23:11:52.208+0000] {processor.py:208} INFO - Processing /home/airflow/.local/lib/python3.12/site-packages/airflow/example_dags/example_bash_decorator.py took 0.102 seconds
[2024-10-02T23:12:22.684+0000] {processor.py:186} INFO - Started process (PID=189) to work on /home/airflow/.local/lib/python3.12/site-packages/airflow/example_dags/example_bash_decorator.py
[2024-10-02T23:12:22.686+0000] {processor.py:914} INFO - Processing file /home/airflow/.local/lib/python3.12/site-packages/airflow/example_dags/example_bash_decorator.py for tasks to queue
[2024-10-02T23:12:22.690+0000] {logging_mixin.py:190} INFO - [2024-10-02T23:12:22.689+0000] {dagbag.py:587} INFO - Filling up the DagBag from /home/airflow/.local/lib/python3.12/site-packages/airflow/example_dags/example_bash_decorator.py
[2024-10-02T23:12:22.717+0000] {processor.py:925} INFO - DAG(s) 'example_bash_decorator' retrieved from /home/airflow/.local/lib/python3.12/site-packages/airflow/example_dags/example_bash_decorator.py
[2024-10-02T23:12:22.761+0000] {logging_mixin.py:190} INFO - [2024-10-02T23:12:22.760+0000] {dag.py:3229} INFO - Sync 1 DAGs
[2024-10-02T23:12:22.789+0000] {logging_mixin.py:190} INFO - [2024-10-02T23:12:22.789+0000] {dag.py:4156} INFO - Setting next_dagrun for example_bash_decorator to None, run_after=None
[2024-10-02T23:12:22.834+0000] {processor.py:208} INFO - Processing /home/airflow/.local/lib/python3.12/site-packages/airflow/example_dags/example_bash_decorator.py took 0.162 seconds
[2024-10-02T23:12:53.772+0000] {processor.py:186} INFO - Started process (PID=252) to work on /home/airflow/.local/lib/python3.12/site-packages/airflow/example_dags/example_bash_decorator.py
[2024-10-02T23:12:53.774+0000] {processor.py:914} INFO - Processing file /home/airflow/.local/lib/python3.12/site-packages/airflow/example_dags/example_bash_decorator.py for tasks to queue
[2024-10-02T23:12:53.778+0000] {logging_mixin.py:190} INFO - [2024-10-02T23:12:53.777+0000] {dagbag.py:587} INFO - Filling up the DagBag from /home/airflow/.local/lib/python3.12/site-packages/airflow/example_dags/example_bash_decorator.py
[2024-10-02T23:12:53.799+0000] {processor.py:925} INFO - DAG(s) 'example_bash_decorator' retrieved from /home/airflow/.local/lib/python3.12/site-packages/airflow/example_dags/example_bash_decorator.py
[2024-10-02T23:12:53.826+0000] {logging_mixin.py:190} INFO - [2024-10-02T23:12:53.826+0000] {dag.py:3229} INFO - Sync 1 DAGs
[2024-10-02T23:12:53.843+0000] {logging_mixin.py:190} INFO - [2024-10-02T23:12:53.843+0000] {dag.py:4156} INFO - Setting next_dagrun for example_bash_decorator to None, run_after=None
[2024-10-02T23:12:53.867+0000] {processor.py:208} INFO - Processing /home/airflow/.local/lib/python3.12/site-packages/airflow/example_dags/example_bash_decorator.py took 0.104 seconds
[2024-10-02T23:13:24.627+0000] {processor.py:186} INFO - Started process (PID=314) to work on /home/airflow/.local/lib/python3.12/site-packages/airflow/example_dags/example_bash_decorator.py
[2024-10-02T23:13:24.629+0000] {processor.py:914} INFO - Processing file /home/airflow/.local/lib/python3.12/site-packages/airflow/example_dags/example_bash_decorator.py for tasks to queue
[2024-10-02T23:13:24.632+0000] {logging_mixin.py:190} INFO - [2024-10-02T23:13:24.631+0000] {dagbag.py:587} INFO - Filling up the DagBag from /home/airflow/.local/lib/python3.12/site-packages/airflow/example_dags/example_bash_decorator.py
[2024-10-02T23:13:24.650+0000] {processor.py:925} INFO - DAG(s) 'example_bash_decorator' retrieved from /home/airflow/.local/lib/python3.12/site-packages/airflow/example_dags/example_bash_decorator.py
[2024-10-02T23:13:24.679+0000] {logging_mixin.py:190} INFO - [2024-10-02T23:13:24.678+0000] {dag.py:3229} INFO - Sync 1 DAGs
[2024-10-02T23:13:24.697+0000] {logging_mixin.py:190} INFO - [2024-10-02T23:13:24.697+0000] {dag.py:4156} INFO - Setting next_dagrun for example_bash_decorator to None, run_after=None
[2024-10-02T23:13:24.734+0000] {processor.py:208} INFO - Processing /home/airflow/.local/lib/python3.12/site-packages/airflow/example_dags/example_bash_decorator.py took 0.115 seconds
