[2024-10-02T23:11:25.257+0000] {processor.py:186} INFO - Started process (PID=71) to work on /home/airflow/.local/lib/python3.12/site-packages/airflow/example_dags/tutorial_objectstorage.py
[2024-10-02T23:11:25.259+0000] {processor.py:914} INFO - Processing file /home/airflow/.local/lib/python3.12/site-packages/airflow/example_dags/tutorial_objectstorage.py for tasks to queue
[2024-10-02T23:11:25.263+0000] {logging_mixin.py:190} INFO - [2024-10-02T23:11:25.262+0000] {dagbag.py:587} INFO - Filling up the DagBag from /home/airflow/.local/lib/python3.12/site-packages/airflow/example_dags/tutorial_objectstorage.py
[2024-10-02T23:11:25.285+0000] {processor.py:925} INFO - DAG(s) 'tutorial_objectstorage' retrieved from /home/airflow/.local/lib/python3.12/site-packages/airflow/example_dags/tutorial_objectstorage.py
[2024-10-02T23:11:25.493+0000] {logging_mixin.py:190} INFO - [2024-10-02T23:11:25.492+0000] {override.py:1900} INFO - Created Permission View: can delete on DAG:tutorial_objectstorage
[2024-10-02T23:11:25.527+0000] {logging_mixin.py:190} INFO - [2024-10-02T23:11:25.527+0000] {override.py:1900} INFO - Created Permission View: can edit on DAG:tutorial_objectstorage
[2024-10-02T23:11:25.540+0000] {logging_mixin.py:190} INFO - [2024-10-02T23:11:25.540+0000] {override.py:1900} INFO - Created Permission View: can read on DAG:tutorial_objectstorage
[2024-10-02T23:11:25.566+0000] {logging_mixin.py:190} INFO - [2024-10-02T23:11:25.566+0000] {override.py:1900} INFO - Created Permission View: can create on DAG Run:tutorial_objectstorage
[2024-10-02T23:11:25.579+0000] {logging_mixin.py:190} INFO - [2024-10-02T23:11:25.579+0000] {override.py:1900} INFO - Created Permission View: menu access on DAG Run:tutorial_objectstorage
[2024-10-02T23:11:25.592+0000] {logging_mixin.py:190} INFO - [2024-10-02T23:11:25.592+0000] {override.py:1900} INFO - Created Permission View: can read on DAG Run:tutorial_objectstorage
[2024-10-02T23:11:25.604+0000] {logging_mixin.py:190} INFO - [2024-10-02T23:11:25.603+0000] {override.py:1900} INFO - Created Permission View: can delete on DAG Run:tutorial_objectstorage
[2024-10-02T23:11:25.605+0000] {logging_mixin.py:190} INFO - [2024-10-02T23:11:25.604+0000] {dag.py:3229} INFO - Sync 1 DAGs
[2024-10-02T23:11:25.628+0000] {logging_mixin.py:190} INFO - [2024-10-02T23:11:25.627+0000] {dag.py:3252} INFO - Creating ORM DAG for tutorial_objectstorage
[2024-10-02T23:11:25.630+0000] {logging_mixin.py:190} INFO - [2024-10-02T23:11:25.629+0000] {dag.py:4156} INFO - Setting next_dagrun for tutorial_objectstorage to None, run_after=None
[2024-10-02T23:11:25.659+0000] {processor.py:208} INFO - Processing /home/airflow/.local/lib/python3.12/site-packages/airflow/example_dags/tutorial_objectstorage.py took 0.411 seconds
[2024-10-02T23:11:56.549+0000] {processor.py:186} INFO - Started process (PID=132) to work on /home/airflow/.local/lib/python3.12/site-packages/airflow/example_dags/tutorial_objectstorage.py
[2024-10-02T23:11:56.550+0000] {processor.py:914} INFO - Processing file /home/airflow/.local/lib/python3.12/site-packages/airflow/example_dags/tutorial_objectstorage.py for tasks to queue
[2024-10-02T23:11:56.554+0000] {logging_mixin.py:190} INFO - [2024-10-02T23:11:56.553+0000] {dagbag.py:587} INFO - Filling up the DagBag from /home/airflow/.local/lib/python3.12/site-packages/airflow/example_dags/tutorial_objectstorage.py
[2024-10-02T23:11:56.565+0000] {processor.py:925} INFO - DAG(s) 'tutorial_objectstorage' retrieved from /home/airflow/.local/lib/python3.12/site-packages/airflow/example_dags/tutorial_objectstorage.py
[2024-10-02T23:11:56.588+0000] {logging_mixin.py:190} INFO - [2024-10-02T23:11:56.588+0000] {dag.py:3229} INFO - Sync 1 DAGs
[2024-10-02T23:11:56.608+0000] {logging_mixin.py:190} INFO - [2024-10-02T23:11:56.607+0000] {dag.py:4156} INFO - Setting next_dagrun for tutorial_objectstorage to None, run_after=None
[2024-10-02T23:11:56.654+0000] {processor.py:208} INFO - Processing /home/airflow/.local/lib/python3.12/site-packages/airflow/example_dags/tutorial_objectstorage.py took 0.117 seconds
[2024-10-02T23:12:27.182+0000] {processor.py:186} INFO - Started process (PID=194) to work on /home/airflow/.local/lib/python3.12/site-packages/airflow/example_dags/tutorial_objectstorage.py
[2024-10-02T23:12:27.183+0000] {processor.py:914} INFO - Processing file /home/airflow/.local/lib/python3.12/site-packages/airflow/example_dags/tutorial_objectstorage.py for tasks to queue
[2024-10-02T23:12:27.187+0000] {logging_mixin.py:190} INFO - [2024-10-02T23:12:27.187+0000] {dagbag.py:587} INFO - Filling up the DagBag from /home/airflow/.local/lib/python3.12/site-packages/airflow/example_dags/tutorial_objectstorage.py
[2024-10-02T23:12:27.200+0000] {processor.py:925} INFO - DAG(s) 'tutorial_objectstorage' retrieved from /home/airflow/.local/lib/python3.12/site-packages/airflow/example_dags/tutorial_objectstorage.py
[2024-10-02T23:12:27.222+0000] {logging_mixin.py:190} INFO - [2024-10-02T23:12:27.222+0000] {dag.py:3229} INFO - Sync 1 DAGs
[2024-10-02T23:12:27.247+0000] {logging_mixin.py:190} INFO - [2024-10-02T23:12:27.246+0000] {dag.py:4156} INFO - Setting next_dagrun for tutorial_objectstorage to None, run_after=None
[2024-10-02T23:12:27.277+0000] {processor.py:208} INFO - Processing /home/airflow/.local/lib/python3.12/site-packages/airflow/example_dags/tutorial_objectstorage.py took 0.102 seconds
[2024-10-02T23:12:57.487+0000] {processor.py:186} INFO - Started process (PID=257) to work on /home/airflow/.local/lib/python3.12/site-packages/airflow/example_dags/tutorial_objectstorage.py
[2024-10-02T23:12:57.489+0000] {processor.py:914} INFO - Processing file /home/airflow/.local/lib/python3.12/site-packages/airflow/example_dags/tutorial_objectstorage.py for tasks to queue
[2024-10-02T23:12:57.493+0000] {logging_mixin.py:190} INFO - [2024-10-02T23:12:57.492+0000] {dagbag.py:587} INFO - Filling up the DagBag from /home/airflow/.local/lib/python3.12/site-packages/airflow/example_dags/tutorial_objectstorage.py
[2024-10-02T23:12:57.508+0000] {processor.py:925} INFO - DAG(s) 'tutorial_objectstorage' retrieved from /home/airflow/.local/lib/python3.12/site-packages/airflow/example_dags/tutorial_objectstorage.py
[2024-10-02T23:12:57.532+0000] {logging_mixin.py:190} INFO - [2024-10-02T23:12:57.532+0000] {dag.py:3229} INFO - Sync 1 DAGs
[2024-10-02T23:12:57.550+0000] {logging_mixin.py:190} INFO - [2024-10-02T23:12:57.550+0000] {dag.py:4156} INFO - Setting next_dagrun for tutorial_objectstorage to None, run_after=None
[2024-10-02T23:12:57.585+0000] {processor.py:208} INFO - Processing /home/airflow/.local/lib/python3.12/site-packages/airflow/example_dags/tutorial_objectstorage.py took 0.109 seconds
[2024-10-02T23:13:28.299+0000] {processor.py:186} INFO - Started process (PID=319) to work on /home/airflow/.local/lib/python3.12/site-packages/airflow/example_dags/tutorial_objectstorage.py
[2024-10-02T23:13:28.300+0000] {processor.py:914} INFO - Processing file /home/airflow/.local/lib/python3.12/site-packages/airflow/example_dags/tutorial_objectstorage.py for tasks to queue
[2024-10-02T23:13:28.305+0000] {logging_mixin.py:190} INFO - [2024-10-02T23:13:28.304+0000] {dagbag.py:587} INFO - Filling up the DagBag from /home/airflow/.local/lib/python3.12/site-packages/airflow/example_dags/tutorial_objectstorage.py
[2024-10-02T23:13:28.316+0000] {processor.py:925} INFO - DAG(s) 'tutorial_objectstorage' retrieved from /home/airflow/.local/lib/python3.12/site-packages/airflow/example_dags/tutorial_objectstorage.py
[2024-10-02T23:13:28.345+0000] {logging_mixin.py:190} INFO - [2024-10-02T23:13:28.345+0000] {dag.py:3229} INFO - Sync 1 DAGs
[2024-10-02T23:13:28.366+0000] {logging_mixin.py:190} INFO - [2024-10-02T23:13:28.366+0000] {dag.py:4156} INFO - Setting next_dagrun for tutorial_objectstorage to None, run_after=None
[2024-10-02T23:13:28.402+0000] {processor.py:208} INFO - Processing /home/airflow/.local/lib/python3.12/site-packages/airflow/example_dags/tutorial_objectstorage.py took 0.111 seconds
