[2024-11-17T23:03:42.720+0000] {local_task_job_runner.py:123} INFO - ::group::Pre task execution logs
[2024-11-17T23:03:42.745+0000] {taskinstance.py:2612} INFO - Dependencies all met for dep_context=non-requeueable deps ti=<TaskInstance: capstone.table_tansformation manual__2024-11-17T23:02:43.915987+00:00 [queued]>
[2024-11-17T23:03:42.758+0000] {taskinstance.py:2612} INFO - Dependencies all met for dep_context=requeueable deps ti=<TaskInstance: capstone.table_tansformation manual__2024-11-17T23:02:43.915987+00:00 [queued]>
[2024-11-17T23:03:42.758+0000] {taskinstance.py:2865} INFO - Starting attempt 1 of 3
[2024-11-17T23:03:42.785+0000] {taskinstance.py:2888} INFO - Executing <Task(PythonOperator): table_tansformation> on 2024-11-17 23:02:43.915987+00:00
[2024-11-17T23:03:42.794+0000] {warnings.py:112} WARNING - /home/***/.local/lib/python3.12/site-packages/***/task/task_runner/standard_task_runner.py:70: DeprecationWarning: This process (pid=1259) is multi-threaded, use of fork() may lead to deadlocks in the child.
  pid = os.fork()

[2024-11-17T23:03:42.796+0000] {standard_task_runner.py:72} INFO - Started process 1261 to run task
[2024-11-17T23:03:42.796+0000] {standard_task_runner.py:104} INFO - Running: ['***', 'tasks', 'run', 'capstone', 'table_tansformation', 'manual__2024-11-17T23:02:43.915987+00:00', '--job-id', '32', '--raw', '--subdir', 'DAGS_FOLDER/country.py', '--cfg-path', '/tmp/tmpto4agncn']
[2024-11-17T23:03:42.800+0000] {standard_task_runner.py:105} INFO - Job 32: Subtask table_tansformation
[2024-11-17T23:03:42.863+0000] {task_command.py:467} INFO - Running <TaskInstance: capstone.table_tansformation manual__2024-11-17T23:02:43.915987+00:00 [running]> on host ea8ac57aed30
[2024-11-17T23:03:43.004+0000] {taskinstance.py:3131} INFO - Exporting env vars: AIRFLOW_CTX_DAG_OWNER='adewunmi' AIRFLOW_CTX_DAG_ID='capstone' AIRFLOW_CTX_TASK_ID='table_tansformation' AIRFLOW_CTX_EXECUTION_DATE='2024-11-17T23:02:43.915987+00:00' AIRFLOW_CTX_TRY_NUMBER='1' AIRFLOW_CTX_DAG_RUN_ID='manual__2024-11-17T23:02:43.915987+00:00'
[2024-11-17T23:03:43.006+0000] {taskinstance.py:731} INFO - ::endgroup::
[2024-11-17T23:03:43.027+0000] {cap.py:381} INFO - Starting table transformation process.
[2024-11-17T23:03:43.028+0000] {cap.py:326} INFO - Starting the table joining process.
[2024-11-17T23:03:43.029+0000] {cap.py:135} INFO - Starting column selection process.
[2024-11-17T23:03:45.859+0000] {cap.py:116} INFO - Successfully read Parquet file from S3.
[2024-11-17T23:03:45.861+0000] {cap.py:145} INFO - Data loaded successfully from S3.
[2024-11-17T23:03:45.865+0000] {cap.py:157} INFO - Column selection completed successfully.
[2024-11-17T23:03:45.871+0000] {cap.py:174} INFO - Starting currency extraction process.
[2024-11-17T23:03:48.805+0000] {cap.py:116} INFO - Successfully read Parquet file from S3.
[2024-11-17T23:03:48.807+0000] {cap.py:184} INFO - Data loaded successfully from S3.
[2024-11-17T23:03:48.808+0000] {cap.py:192} INFO - Filtering currency symbol columns and joining with country names.
[2024-11-17T23:03:48.853+0000] {cap.py:196} INFO - Melting the data to extract currency codes and symbols.
[2024-11-17T23:03:48.884+0000] {cap.py:200} INFO - Removing rows with null currency symbols.
[2024-11-17T23:03:48.925+0000] {cap.py:204} INFO - Cleaning up currency codes.
[2024-11-17T23:03:48.927+0000] {cap.py:208} INFO - Grouping by country and aggregating currency symbols and codes.
[2024-11-17T23:03:48.971+0000] {cap.py:214} INFO - Currency extraction completed successfully.
[2024-11-17T23:03:48.978+0000] {cap.py:341} INFO - Currency code and symbol extracted successfully.
[2024-11-17T23:03:48.978+0000] {cap.py:230} INFO - Starting currency name extraction process.
[2024-11-17T23:03:51.605+0000] {cap.py:116} INFO - Successfully read Parquet file from S3.
[2024-11-17T23:03:51.607+0000] {cap.py:240} INFO - Data loaded successfully from S3.
[2024-11-17T23:03:51.607+0000] {cap.py:243} INFO - Filtering country names and currency name columns.
[2024-11-17T23:03:51.641+0000] {cap.py:247} INFO - Melting data to extract currency names.
[2024-11-17T23:03:51.670+0000] {cap.py:251} INFO - Removing rows with null currency names.
[2024-11-17T23:03:51.711+0000] {cap.py:258} INFO - Grouping by country and aggregating currency names.
[2024-11-17T23:03:51.748+0000] {cap.py:261} INFO - Currency name extraction completed successfully.
[2024-11-17T23:03:51.754+0000] {cap.py:348} INFO - Currency name extracted successfully.
[2024-11-17T23:03:51.755+0000] {cap.py:279} INFO - Starting language extraction process.
[2024-11-17T23:03:54.268+0000] {cap.py:116} INFO - Successfully read Parquet file from S3.
[2024-11-17T23:03:54.270+0000] {cap.py:289} INFO - Data loaded successfully from S3.
[2024-11-17T23:03:54.270+0000] {cap.py:292} INFO - Filtering country names and language columns.
[2024-11-17T23:03:54.567+0000] {cap.py:296} INFO - Melting data to extract languages.
[2024-11-17T23:03:54.601+0000] {cap.py:300} INFO - Removing rows with null language values.
[2024-11-17T23:03:54.643+0000] {cap.py:307} INFO - Grouping by country and aggregating languages.
[2024-11-17T23:03:54.678+0000] {cap.py:310} INFO - Language extraction completed successfully.
[2024-11-17T23:03:54.684+0000] {cap.py:355} INFO - Languages extracted successfully.
[2024-11-17T23:03:54.685+0000] {cap.py:358} INFO - Joining tables.
[2024-11-17T23:03:54.701+0000] {cap.py:363} INFO - Tables joined successfully.
[2024-11-17T23:03:54.702+0000] {cap.py:390} INFO - Data joined successfully for transformation.
[2024-11-17T23:03:54.719+0000] {cap.py:401} INFO - Column continents transformed successfully.
[2024-11-17T23:03:54.742+0000] {cap.py:401} INFO - Column idd.suffixes transformed successfully.
[2024-11-17T23:03:54.758+0000] {cap.py:401} INFO - Column capital transformed successfully.
[2024-11-17T23:03:54.760+0000] {cap.py:408} INFO - 'country_code' column created successfully.
[2024-11-17T23:03:54.762+0000] {cap.py:414} INFO - Unnecessary columns dropped successfully.
[2024-11-17T23:03:54.763+0000] {python.py:240} INFO - Done. Returned value was:      independent  ...     country_code
0           True  ...              +93
1           True  ...             +355
2           True  ...             +213
3          False  ...            +1684
4           True  ...             +376
..           ...  ...              ...
244        False  ...  +2125288 125289
245         True  ...             +967
246         True  ...             +260
247         True  ...             +263
248        False  ...           +35818

[249 rows x 17 columns]
[2024-11-17T23:03:54.864+0000] {taskinstance.py:340} INFO - ::group::Post task execution logs
[2024-11-17T23:03:54.865+0000] {taskinstance.py:352} INFO - Marking task as SUCCESS. dag_id=capstone, task_id=table_tansformation, run_id=manual__2024-11-17T23:02:43.915987+00:00, execution_date=20241117T230243, start_date=20241117T230342, end_date=20241117T230354
[2024-11-17T23:03:54.907+0000] {local_task_job_runner.py:266} INFO - Task exited with return code 0
[2024-11-17T23:03:54.932+0000] {taskinstance.py:3900} INFO - 1 downstream tasks scheduled from follow-on schedule check
[2024-11-17T23:03:54.937+0000] {local_task_job_runner.py:245} INFO - ::endgroup::
