[2024-10-07T17:48:54.375+0000] {local_task_job_runner.py:123} INFO - ::group::Pre task execution logs
[2024-10-07T17:48:54.419+0000] {taskinstance.py:2612} INFO - Dependencies all met for dep_context=non-requeueable deps ti=<TaskInstance: complete_snowflake.load_csv manual__2024-10-07T17:48:49.785756+00:00 [queued]>
[2024-10-07T17:48:54.436+0000] {taskinstance.py:2612} INFO - Dependencies all met for dep_context=requeueable deps ti=<TaskInstance: complete_snowflake.load_csv manual__2024-10-07T17:48:49.785756+00:00 [queued]>
[2024-10-07T17:48:54.436+0000] {taskinstance.py:2865} INFO - Starting attempt 1 of 1
[2024-10-07T17:48:54.462+0000] {taskinstance.py:2888} INFO - Executing <Task(PythonOperator): load_csv> on 2024-10-07 17:48:49.785756+00:00
[2024-10-07T17:48:54.476+0000] {standard_task_runner.py:104} INFO - Running: ['***', 'tasks', 'run', 'complete_snowflake', 'load_csv', 'manual__2024-10-07T17:48:49.785756+00:00', '--job-id', '35', '--raw', '--subdir', 'DAGS_FOLDER/school/tey.py', '--cfg-path', '/tmp/tmpxt6jchwh']
[2024-10-07T17:48:54.471+0000] {warnings.py:112} WARNING - /home/***/.local/lib/python3.12/site-packages/***/task/task_runner/standard_task_runner.py:70: DeprecationWarning: This process (pid=3123) is multi-threaded, use of fork() may lead to deadlocks in the child.
  pid = os.fork()

[2024-10-07T17:48:54.486+0000] {standard_task_runner.py:72} INFO - Started process 3125 to run task
[2024-10-07T17:48:54.486+0000] {standard_task_runner.py:105} INFO - Job 35: Subtask load_csv
[2024-10-07T17:48:54.584+0000] {task_command.py:467} INFO - Running <TaskInstance: complete_snowflake.load_csv manual__2024-10-07T17:48:49.785756+00:00 [running]> on host 67bc14123253
[2024-10-07T17:48:54.853+0000] {taskinstance.py:3131} INFO - Exporting env vars: AIRFLOW_CTX_DAG_OWNER='***' AIRFLOW_CTX_DAG_ID='complete_snowflake' AIRFLOW_CTX_TASK_ID='load_csv' AIRFLOW_CTX_EXECUTION_DATE='2024-10-07T17:48:49.785756+00:00' AIRFLOW_CTX_TRY_NUMBER='1' AIRFLOW_CTX_DAG_RUN_ID='manual__2024-10-07T17:48:49.785756+00:00'
[2024-10-07T17:48:54.858+0000] {logging_mixin.py:190} INFO - Task instance is in running state
[2024-10-07T17:48:54.859+0000] {logging_mixin.py:190} INFO -  Previous state of the Task instance: queued
[2024-10-07T17:48:54.860+0000] {logging_mixin.py:190} INFO - Current task name:load_csv state:running start_date:2024-10-07 17:48:54.420343+00:00
[2024-10-07T17:48:54.861+0000] {logging_mixin.py:190} INFO - Dag name:complete_snowflake and current dag run status:running
[2024-10-07T17:48:54.862+0000] {taskinstance.py:731} INFO - ::endgroup::
[2024-10-07T17:48:54.899+0000] {tey.py:25} INFO - Loaded arts_class.csv successfully.
[2024-10-07T17:48:54.912+0000] {tey.py:25} INFO - Loaded Business_class.csv successfully.
[2024-10-07T17:48:54.920+0000] {tey.py:25} INFO - Loaded Science_class.csv successfully.
[2024-10-07T17:48:54.936+0000] {tey.py:25} INFO - Loaded survey.csv successfully.
[2024-10-07T17:48:54.938+0000] {taskinstance.py:3310} ERROR - Task failed with exception
Traceback (most recent call last):
  File "/home/airflow/.local/lib/python3.12/site-packages/airflow/models/taskinstance.py", line 767, in _execute_task
    result = _execute_callable(context=context, **execute_callable_kwargs)
             ^^^^^^^^^^^^^^^^^^^^^^^^^^^^^^^^^^^^^^^^^^^^^^^^^^^^^^^^^^^^^
  File "/home/airflow/.local/lib/python3.12/site-packages/airflow/models/taskinstance.py", line 733, in _execute_callable
    return ExecutionCallableRunner(
           ^^^^^^^^^^^^^^^^^^^^^^^^
  File "/home/airflow/.local/lib/python3.12/site-packages/airflow/utils/operator_helpers.py", line 252, in run
    return self.func(*args, **kwargs)
           ^^^^^^^^^^^^^^^^^^^^^^^^^^
  File "/home/airflow/.local/lib/python3.12/site-packages/airflow/models/baseoperator.py", line 406, in wrapper
    return func(self, *args, **kwargs)
           ^^^^^^^^^^^^^^^^^^^^^^^^^^^
  File "/home/airflow/.local/lib/python3.12/site-packages/airflow/operators/python.py", line 238, in execute
    return_value = self.execute_callable()
                   ^^^^^^^^^^^^^^^^^^^^^^^
  File "/home/airflow/.local/lib/python3.12/site-packages/airflow/operators/python.py", line 256, in execute_callable
    return runner.run(*self.op_args, **self.op_kwargs)
           ^^^^^^^^^^^^^^^^^^^^^^^^^^^^^^^^^^^^^^^^^^^
  File "/home/airflow/.local/lib/python3.12/site-packages/airflow/utils/operator_helpers.py", line 252, in run
    return self.func(*args, **kwargs)
           ^^^^^^^^^^^^^^^^^^^^^^^^^^
  File "/opt/airflow/dags/school/tey.py", line 30, in load_csv
    kwargs['ti'].xcom_push(key='csv_data_dict', value=csv_data_dict)
    ^^^^^^^^^^^^^^^^^^^^^^
AttributeError: 'str' object has no attribute 'xcom_push'
[2024-10-07T17:48:54.967+0000] {logging_mixin.py:190} INFO - Task instance in failure state
[2024-10-07T17:48:54.968+0000] {logging_mixin.py:190} INFO - Task start:2024-10-07 17:48:54.420343+00:00 end:2024-10-07 17:48:54.964998+00:00 duration:0.544655
[2024-10-07T17:48:54.969+0000] {logging_mixin.py:190} INFO - Task:<Task(PythonOperator): load_csv> dag:<DAG: complete_snowflake> dagrun:<DagRun complete_snowflake @ 2024-10-07 17:48:49.785756+00:00: manual__2024-10-07T17:48:49.785756+00:00, state:running, queued_at: 2024-10-07 17:48:49.811430+00:00. externally triggered: True>
[2024-10-07T17:48:54.970+0000] {logging_mixin.py:190} INFO - Failure caused by 'str' object has no attribute 'xcom_push'
[2024-10-07T17:48:54.971+0000] {taskinstance.py:1225} INFO - Marking task as FAILED. dag_id=complete_snowflake, task_id=load_csv, run_id=manual__2024-10-07T17:48:49.785756+00:00, execution_date=20241007T174849, start_date=20241007T174854, end_date=20241007T174854
[2024-10-07T17:48:55.001+0000] {taskinstance.py:340} INFO - ::group::Post task execution logs
[2024-10-07T17:48:55.002+0000] {standard_task_runner.py:124} ERROR - Failed to execute job 35 for task load_csv ('str' object has no attribute 'xcom_push'; 3125)
Traceback (most recent call last):
  File "/home/airflow/.local/lib/python3.12/site-packages/airflow/task/task_runner/standard_task_runner.py", line 117, in _start_by_fork
    ret = args.func(args, dag=self.dag)
          ^^^^^^^^^^^^^^^^^^^^^^^^^^^^^
  File "/home/airflow/.local/lib/python3.12/site-packages/airflow/cli/cli_config.py", line 49, in command
    return func(*args, **kwargs)
           ^^^^^^^^^^^^^^^^^^^^^
  File "/home/airflow/.local/lib/python3.12/site-packages/airflow/utils/cli.py", line 115, in wrapper
    return f(*args, **kwargs)
           ^^^^^^^^^^^^^^^^^^
  File "/home/airflow/.local/lib/python3.12/site-packages/airflow/cli/commands/task_command.py", line 483, in task_run
    task_return_code = _run_task_by_selected_method(args, _dag, ti)
                       ^^^^^^^^^^^^^^^^^^^^^^^^^^^^^^^^^^^^^^^^^^^^
  File "/home/airflow/.local/lib/python3.12/site-packages/airflow/cli/commands/task_command.py", line 256, in _run_task_by_selected_method
    return _run_raw_task(args, ti)
           ^^^^^^^^^^^^^^^^^^^^^^^
  File "/home/airflow/.local/lib/python3.12/site-packages/airflow/cli/commands/task_command.py", line 341, in _run_raw_task
    return ti._run_raw_task(
           ^^^^^^^^^^^^^^^^^
  File "/home/airflow/.local/lib/python3.12/site-packages/airflow/utils/session.py", line 97, in wrapper
    return func(*args, session=session, **kwargs)
           ^^^^^^^^^^^^^^^^^^^^^^^^^^^^^^^^^^^^^^
  File "/home/airflow/.local/lib/python3.12/site-packages/airflow/models/taskinstance.py", line 3004, in _run_raw_task
    return _run_raw_task(
           ^^^^^^^^^^^^^^
  File "/home/airflow/.local/lib/python3.12/site-packages/airflow/models/taskinstance.py", line 273, in _run_raw_task
    TaskInstance._execute_task_with_callbacks(
  File "/home/airflow/.local/lib/python3.12/site-packages/airflow/models/taskinstance.py", line 3158, in _execute_task_with_callbacks
    result = self._execute_task(context, task_orig)
             ^^^^^^^^^^^^^^^^^^^^^^^^^^^^^^^^^^^^^^
  File "/home/airflow/.local/lib/python3.12/site-packages/airflow/models/taskinstance.py", line 3182, in _execute_task
    return _execute_task(self, context, task_orig)
           ^^^^^^^^^^^^^^^^^^^^^^^^^^^^^^^^^^^^^^^
  File "/home/airflow/.local/lib/python3.12/site-packages/airflow/models/taskinstance.py", line 767, in _execute_task
    result = _execute_callable(context=context, **execute_callable_kwargs)
             ^^^^^^^^^^^^^^^^^^^^^^^^^^^^^^^^^^^^^^^^^^^^^^^^^^^^^^^^^^^^^
  File "/home/airflow/.local/lib/python3.12/site-packages/airflow/models/taskinstance.py", line 733, in _execute_callable
    return ExecutionCallableRunner(
           ^^^^^^^^^^^^^^^^^^^^^^^^
  File "/home/airflow/.local/lib/python3.12/site-packages/airflow/utils/operator_helpers.py", line 252, in run
    return self.func(*args, **kwargs)
           ^^^^^^^^^^^^^^^^^^^^^^^^^^
  File "/home/airflow/.local/lib/python3.12/site-packages/airflow/models/baseoperator.py", line 406, in wrapper
    return func(self, *args, **kwargs)
           ^^^^^^^^^^^^^^^^^^^^^^^^^^^
  File "/home/airflow/.local/lib/python3.12/site-packages/airflow/operators/python.py", line 238, in execute
    return_value = self.execute_callable()
                   ^^^^^^^^^^^^^^^^^^^^^^^
  File "/home/airflow/.local/lib/python3.12/site-packages/airflow/operators/python.py", line 256, in execute_callable
    return runner.run(*self.op_args, **self.op_kwargs)
           ^^^^^^^^^^^^^^^^^^^^^^^^^^^^^^^^^^^^^^^^^^^
  File "/home/airflow/.local/lib/python3.12/site-packages/airflow/utils/operator_helpers.py", line 252, in run
    return self.func(*args, **kwargs)
           ^^^^^^^^^^^^^^^^^^^^^^^^^^
  File "/opt/airflow/dags/school/tey.py", line 30, in load_csv
    kwargs['ti'].xcom_push(key='csv_data_dict', value=csv_data_dict)
    ^^^^^^^^^^^^^^^^^^^^^^
AttributeError: 'str' object has no attribute 'xcom_push'
[2024-10-07T17:48:55.030+0000] {local_task_job_runner.py:266} INFO - Task exited with return code 1
[2024-10-07T17:48:55.075+0000] {taskinstance.py:3900} INFO - 0 downstream tasks scheduled from follow-on schedule check
[2024-10-07T17:48:55.088+0000] {local_task_job_runner.py:245} INFO - ::endgroup::
