[2024-11-02T13:43:00.192+0000] {local_task_job_runner.py:123} INFO - ::group::Pre task execution logs
[2024-11-02T13:43:00.220+0000] {taskinstance.py:2612} INFO - Dependencies all met for dep_context=non-requeueable deps ti=<TaskInstance: tem.bash_task3 manual__2024-11-02T13:42:53.599634+00:00 [queued]>
[2024-11-02T13:43:00.233+0000] {taskinstance.py:2612} INFO - Dependencies all met for dep_context=requeueable deps ti=<TaskInstance: tem.bash_task3 manual__2024-11-02T13:42:53.599634+00:00 [queued]>
[2024-11-02T13:43:00.234+0000] {taskinstance.py:2865} INFO - Starting attempt 1 of 3
[2024-11-02T13:43:00.263+0000] {taskinstance.py:2888} INFO - Executing <Task(BashOperator): bash_task3> on 2024-11-02 13:42:53.599634+00:00
[2024-11-02T13:43:00.271+0000] {warnings.py:112} WARNING - /home/***/.local/lib/python3.12/site-packages/***/task/task_runner/standard_task_runner.py:70: DeprecationWarning: This process (pid=673) is multi-threaded, use of fork() may lead to deadlocks in the child.
  pid = os.fork()

[2024-11-02T13:43:00.274+0000] {standard_task_runner.py:104} INFO - Running: ['***', 'tasks', 'run', 'tem', 'bash_task3', 'manual__2024-11-02T13:42:53.599634+00:00', '--job-id', '37', '--raw', '--subdir', 'DAGS_FOLDER/templatin/template.py', '--cfg-path', '/tmp/tmpxf8qsdks']
[2024-11-02T13:43:00.275+0000] {standard_task_runner.py:72} INFO - Started process 674 to run task
[2024-11-02T13:43:00.276+0000] {standard_task_runner.py:105} INFO - Job 37: Subtask bash_task3
[2024-11-02T13:43:00.342+0000] {task_command.py:467} INFO - Running <TaskInstance: tem.bash_task3 manual__2024-11-02T13:42:53.599634+00:00 [running]> on host fe3e688f2b29
[2024-11-02T13:43:00.482+0000] {taskinstance.py:3131} INFO - Exporting env vars: AIRFLOW_CTX_DAG_OWNER='ade' AIRFLOW_CTX_DAG_ID='tem' AIRFLOW_CTX_TASK_ID='bash_task3' AIRFLOW_CTX_EXECUTION_DATE='2024-11-02T13:42:53.599634+00:00' AIRFLOW_CTX_TRY_NUMBER='1' AIRFLOW_CTX_DAG_RUN_ID='manual__2024-11-02T13:42:53.599634+00:00'
[2024-11-02T13:43:00.483+0000] {taskinstance.py:731} INFO - ::endgroup::
[2024-11-02T13:43:00.506+0000] {subprocess.py:63} INFO - Tmp dir root location: /tmp
[2024-11-02T13:43:00.508+0000] {subprocess.py:75} INFO - Running command: ['/usr/bin/bash', '-c', 'echo "2"']
[2024-11-02T13:43:00.522+0000] {subprocess.py:86} INFO - Output:
[2024-11-02T13:43:00.524+0000] {subprocess.py:93} INFO - 2
[2024-11-02T13:43:00.525+0000] {subprocess.py:97} INFO - Command exited with return code 0
[2024-11-02T13:43:00.566+0000] {taskinstance.py:340} INFO - ::group::Post task execution logs
[2024-11-02T13:43:00.567+0000] {taskinstance.py:352} INFO - Marking task as SUCCESS. dag_id=tem, task_id=bash_task3, run_id=manual__2024-11-02T13:42:53.599634+00:00, execution_date=20241102T134253, start_date=20241102T134300, end_date=20241102T134300
[2024-11-02T13:43:00.612+0000] {local_task_job_runner.py:266} INFO - Task exited with return code 0
[2024-11-02T13:43:00.626+0000] {local_task_job_runner.py:245} INFO - ::endgroup::
