[2024-11-19T19:26:55.800+0000] {local_task_job_runner.py:123} INFO - ::group::Pre task execution logs
[2024-11-19T19:26:55.835+0000] {taskinstance.py:2612} INFO - Dependencies all met for dep_context=non-requeueable deps ti=<TaskInstance: capstone.get_request_api manual__2024-11-19T19:26:50.048854+00:00 [queued]>
[2024-11-19T19:26:55.870+0000] {taskinstance.py:2612} INFO - Dependencies all met for dep_context=requeueable deps ti=<TaskInstance: capstone.get_request_api manual__2024-11-19T19:26:50.048854+00:00 [queued]>
[2024-11-19T19:26:55.871+0000] {taskinstance.py:2865} INFO - Starting attempt 1 of 3
[2024-11-19T19:26:55.901+0000] {taskinstance.py:2888} INFO - Executing <Task(PythonOperator): get_request_api> on 2024-11-19 19:26:50.048854+00:00
[2024-11-19T19:26:55.915+0000] {warnings.py:112} WARNING - /home/***/.local/lib/python3.12/site-packages/***/task/task_runner/standard_task_runner.py:70: DeprecationWarning: This process (pid=2067) is multi-threaded, use of fork() may lead to deadlocks in the child.
  pid = os.fork()

[2024-11-19T19:26:55.917+0000] {standard_task_runner.py:72} INFO - Started process 2069 to run task
[2024-11-19T19:26:55.919+0000] {standard_task_runner.py:104} INFO - Running: ['***', 'tasks', 'run', 'capstone', 'get_request_api', 'manual__2024-11-19T19:26:50.048854+00:00', '--job-id', '57', '--raw', '--subdir', 'DAGS_FOLDER/capstone_***/country.py', '--cfg-path', '/tmp/tmpciem8j3n']
[2024-11-19T19:26:55.923+0000] {standard_task_runner.py:105} INFO - Job 57: Subtask get_request_api
[2024-11-19T19:26:56.006+0000] {task_command.py:467} INFO - Running <TaskInstance: capstone.get_request_api manual__2024-11-19T19:26:50.048854+00:00 [running]> on host ea8ac57aed30
[2024-11-19T19:26:56.252+0000] {taskinstance.py:3131} INFO - Exporting env vars: AIRFLOW_CTX_DAG_OWNER='adewunmi' AIRFLOW_CTX_DAG_ID='capstone' AIRFLOW_CTX_TASK_ID='get_request_api' AIRFLOW_CTX_EXECUTION_DATE='2024-11-19T19:26:50.048854+00:00' AIRFLOW_CTX_TRY_NUMBER='1' AIRFLOW_CTX_DAG_RUN_ID='manual__2024-11-19T19:26:50.048854+00:00'
[2024-11-19T19:26:56.254+0000] {taskinstance.py:731} INFO - ::endgroup::
[2024-11-19T19:26:56.284+0000] {cap.py:26} INFO - GET request initiating
[2024-11-19T19:27:06.172+0000] {cap.py:31} INFO - API request connection is okay
[2024-11-19T19:27:06.372+0000] {cap.py:37} INFO - Response data received successfully
[2024-11-19T19:27:06.375+0000] {python.py:240} INFO - Done. Returned value was:        tld cca2  ... currencies.NIO.name currencies.NIO.symbol
0    [.gs]   GS  ...                 NaN                   NaN
1    [.gd]   GD  ...                 NaN                   NaN
2    [.ch]   CH  ...                 NaN                   NaN
3    [.sl]   SL  ...                 NaN                   NaN
4    [.hu]   HU  ...                 NaN                   NaN
..     ...  ...  ...                 ...                   ...
245  [.be]   BE  ...                 NaN                   NaN
246  [.il]   IL  ...                 NaN                   NaN
247  [.nz]   NZ  ...                 NaN                   NaN
248  [.ni]   NI  ...  Nicaraguan córdoba                    C$
249  [.ai]   AI  ...                 NaN                   NaN

[250 rows x 896 columns]
[2024-11-19T19:27:07.238+0000] {taskinstance.py:340} INFO - ::group::Post task execution logs
[2024-11-19T19:27:07.239+0000] {taskinstance.py:352} INFO - Marking task as SUCCESS. dag_id=capstone, task_id=get_request_api, run_id=manual__2024-11-19T19:26:50.048854+00:00, execution_date=20241119T192650, start_date=20241119T192655, end_date=20241119T192707
[2024-11-19T19:27:07.297+0000] {local_task_job_runner.py:266} INFO - Task exited with return code 0
[2024-11-19T19:27:07.345+0000] {taskinstance.py:3900} INFO - 1 downstream tasks scheduled from follow-on schedule check
[2024-11-19T19:27:07.353+0000] {local_task_job_runner.py:245} INFO - ::endgroup::
