[2024-11-17T22:12:04.578+0000] {local_task_job_runner.py:123} INFO - ::group::Pre task execution logs
[2024-11-17T22:12:04.620+0000] {taskinstance.py:2612} INFO - Dependencies all met for dep_context=non-requeueable deps ti=<TaskInstance: capstone.tables_joining manual__2024-11-17T18:00:06.422829+00:00 [queued]>
[2024-11-17T22:12:04.638+0000] {taskinstance.py:2612} INFO - Dependencies all met for dep_context=requeueable deps ti=<TaskInstance: capstone.tables_joining manual__2024-11-17T18:00:06.422829+00:00 [queued]>
[2024-11-17T22:12:04.640+0000] {taskinstance.py:2865} INFO - Starting attempt 1 of 3
[2024-11-17T22:12:04.673+0000] {taskinstance.py:2888} INFO - Executing <Task(PythonOperator): tables_joining> on 2024-11-17 18:00:06.422829+00:00
[2024-11-17T22:12:04.687+0000] {warnings.py:112} WARNING - /home/***/.local/lib/python3.12/site-packages/***/task/task_runner/standard_task_runner.py:70: DeprecationWarning: This process (pid=531) is multi-threaded, use of fork() may lead to deadlocks in the child.
  pid = os.fork()

[2024-11-17T22:12:04.691+0000] {standard_task_runner.py:72} INFO - Started process 539 to run task
[2024-11-17T22:12:04.689+0000] {standard_task_runner.py:104} INFO - Running: ['***', 'tasks', 'run', 'capstone', 'tables_joining', 'manual__2024-11-17T18:00:06.422829+00:00', '--job-id', '18', '--raw', '--subdir', 'DAGS_FOLDER/country.py', '--cfg-path', '/tmp/tmpsughg026']
[2024-11-17T22:12:04.694+0000] {standard_task_runner.py:105} INFO - Job 18: Subtask tables_joining
[2024-11-17T22:12:04.783+0000] {task_command.py:467} INFO - Running <TaskInstance: capstone.tables_joining manual__2024-11-17T18:00:06.422829+00:00 [running]> on host ea8ac57aed30
[2024-11-17T22:12:04.928+0000] {taskinstance.py:3131} INFO - Exporting env vars: AIRFLOW_CTX_DAG_OWNER='adewunmi' AIRFLOW_CTX_DAG_ID='capstone' AIRFLOW_CTX_TASK_ID='tables_joining' AIRFLOW_CTX_EXECUTION_DATE='2024-11-17T18:00:06.422829+00:00' AIRFLOW_CTX_TRY_NUMBER='1' AIRFLOW_CTX_DAG_RUN_ID='manual__2024-11-17T18:00:06.422829+00:00'
[2024-11-17T22:12:04.930+0000] {taskinstance.py:731} INFO - ::endgroup::
[2024-11-17T22:12:04.953+0000] {cap.py:334} INFO - Starting the table joining process.
[2024-11-17T22:12:04.954+0000] {cap.py:135} INFO - Starting column selection process.
[2024-11-17T22:12:08.322+0000] {cap.py:116} INFO - Successfully read Parquet file from S3.
[2024-11-17T22:12:08.324+0000] {cap.py:145} INFO - Data loaded successfully from S3.
[2024-11-17T22:12:08.324+0000] {cap.py:160} INFO - All required columns found.
[2024-11-17T22:12:08.328+0000] {cap.py:165} INFO - Column selection completed successfully.
[2024-11-17T22:12:08.334+0000] {cap.py:342} INFO - Country columns selected successfully.
[2024-11-17T22:12:08.335+0000] {cap.py:182} INFO - Starting currency extraction process.
[2024-11-17T22:12:15.280+0000] {cap.py:116} INFO - Successfully read Parquet file from S3.
[2024-11-17T22:12:15.281+0000] {cap.py:192} INFO - Data loaded successfully from S3.
[2024-11-17T22:12:15.282+0000] {cap.py:200} INFO - Filtering currency symbol columns and joining with country names.
[2024-11-17T22:12:15.335+0000] {cap.py:204} INFO - Melting the data to extract currency codes and symbols.
[2024-11-17T22:12:15.367+0000] {cap.py:208} INFO - Removing rows with null currency symbols.
[2024-11-17T22:12:15.433+0000] {cap.py:212} INFO - Cleaning up currency codes.
[2024-11-17T22:12:15.437+0000] {cap.py:216} INFO - Grouping by country and aggregating currency symbols and codes.
[2024-11-17T22:12:15.505+0000] {cap.py:222} INFO - Currency extraction completed successfully.
[2024-11-17T22:12:15.524+0000] {cap.py:349} INFO - Currency code and symbol extracted successfully.
[2024-11-17T22:12:15.530+0000] {cap.py:238} INFO - Starting currency name extraction process.
[2024-11-17T22:12:18.241+0000] {cap.py:116} INFO - Successfully read Parquet file from S3.
[2024-11-17T22:12:18.244+0000] {cap.py:248} INFO - Data loaded successfully from S3.
[2024-11-17T22:12:18.245+0000] {cap.py:251} INFO - Filtering country names and currency name columns.
[2024-11-17T22:12:18.289+0000] {cap.py:255} INFO - Melting data to extract currency names.
[2024-11-17T22:12:18.322+0000] {cap.py:259} INFO - Removing rows with null currency names.
[2024-11-17T22:12:18.371+0000] {cap.py:266} INFO - Grouping by country and aggregating currency names.
[2024-11-17T22:12:18.402+0000] {cap.py:269} INFO - Currency name extraction completed successfully.
[2024-11-17T22:12:18.410+0000] {cap.py:356} INFO - Currency name extracted successfully.
[2024-11-17T22:12:18.411+0000] {cap.py:287} INFO - Starting language extraction process.
[2024-11-17T22:12:25.878+0000] {cap.py:116} INFO - Successfully read Parquet file from S3.
[2024-11-17T22:12:25.881+0000] {cap.py:297} INFO - Data loaded successfully from S3.
[2024-11-17T22:12:25.882+0000] {cap.py:300} INFO - Filtering country names and language columns.
[2024-11-17T22:12:26.189+0000] {cap.py:304} INFO - Melting data to extract languages.
[2024-11-17T22:12:26.215+0000] {cap.py:308} INFO - Removing rows with null language values.
[2024-11-17T22:12:26.254+0000] {cap.py:315} INFO - Grouping by country and aggregating languages.
[2024-11-17T22:12:26.279+0000] {cap.py:318} INFO - Language extraction completed successfully.
[2024-11-17T22:12:26.286+0000] {cap.py:363} INFO - Languages extracted successfully.
[2024-11-17T22:12:26.287+0000] {cap.py:366} INFO - Joining tables.
[2024-11-17T22:12:26.300+0000] {cap.py:371} INFO - Tables joined successfully.
[2024-11-17T22:12:26.301+0000] {python.py:240} INFO - Done. Returned value was:      independent  ...                                          languages
0           True  ...                                Dari,Pashto,Turkmen
1           True  ...                                           Albanian
2           True  ...                                             Arabic
3          False  ...                                     English,Samoan
4           True  ...                                            Catalan
..           ...  ...                                                ...
244        False  ...                           Spanish,Berber,Hassaniya
245         True  ...                                             Arabic
246         True  ...                                            English
247         True  ...  English,Sotho,Tswana,Tsonga,Venda,Xhosa,Chewa,...
248        False  ...                                            Swedish

[249 rows x 18 columns]
[2024-11-17T22:12:26.395+0000] {taskinstance.py:340} INFO - ::group::Post task execution logs
[2024-11-17T22:12:26.395+0000] {taskinstance.py:352} INFO - Marking task as SUCCESS. dag_id=capstone, task_id=tables_joining, run_id=manual__2024-11-17T18:00:06.422829+00:00, execution_date=20241117T180006, start_date=20241117T221204, end_date=20241117T221226
[2024-11-17T22:12:26.447+0000] {local_task_job_runner.py:266} INFO - Task exited with return code 0
[2024-11-17T22:12:26.482+0000] {taskinstance.py:3900} INFO - 1 downstream tasks scheduled from follow-on schedule check
[2024-11-17T22:12:26.488+0000] {local_task_job_runner.py:245} INFO - ::endgroup::
