[2024-10-08T07:52:07.265+0000] {local_task_job_runner.py:123} INFO - ::group::Pre task execution logs
[2024-10-08T07:52:07.302+0000] {taskinstance.py:2612} INFO - Dependencies all met for dep_context=non-requeueable deps ti=<TaskInstance: student_result.load_to_s3 manual__2024-10-08T07:51:54.515628+00:00 [queued]>
[2024-10-08T07:52:07.330+0000] {taskinstance.py:2612} INFO - Dependencies all met for dep_context=requeueable deps ti=<TaskInstance: student_result.load_to_s3 manual__2024-10-08T07:51:54.515628+00:00 [queued]>
[2024-10-08T07:52:07.331+0000] {taskinstance.py:2865} INFO - Starting attempt 1 of 1
[2024-10-08T07:52:07.374+0000] {taskinstance.py:2888} INFO - Executing <Task(PythonOperator): load_to_s3> on 2024-10-08 07:51:54.515628+00:00
[2024-10-08T07:52:07.389+0000] {warnings.py:112} WARNING - /home/***/.local/lib/python3.12/site-packages/***/task/task_runner/standard_task_runner.py:70: DeprecationWarning: This process (pid=1095) is multi-threaded, use of fork() may lead to deadlocks in the child.
  pid = os.fork()

[2024-10-08T07:52:07.392+0000] {standard_task_runner.py:72} INFO - Started process 1099 to run task
[2024-10-08T07:52:07.395+0000] {standard_task_runner.py:104} INFO - Running: ['***', 'tasks', 'run', 'student_result', 'load_to_s3', 'manual__2024-10-08T07:51:54.515628+00:00', '--job-id', '22', '--raw', '--subdir', 'DAGS_FOLDER/school/student.py', '--cfg-path', '/tmp/tmpauhed30c']
[2024-10-08T07:52:07.397+0000] {standard_task_runner.py:105} INFO - Job 22: Subtask load_to_s3
[2024-10-08T07:52:07.656+0000] {task_command.py:467} INFO - Running <TaskInstance: student_result.load_to_s3 manual__2024-10-08T07:51:54.515628+00:00 [running]> on host 76e395cea755
[2024-10-08T07:52:07.949+0000] {taskinstance.py:3131} INFO - Exporting env vars: AIRFLOW_CTX_DAG_OWNER='student' AIRFLOW_CTX_DAG_ID='student_result' AIRFLOW_CTX_TASK_ID='load_to_s3' AIRFLOW_CTX_EXECUTION_DATE='2024-10-08T07:51:54.515628+00:00' AIRFLOW_CTX_TRY_NUMBER='1' AIRFLOW_CTX_DAG_RUN_ID='manual__2024-10-08T07:51:54.515628+00:00'
[2024-10-08T07:52:07.952+0000] {logging_mixin.py:190} INFO - Task instance is in running state
[2024-10-08T07:52:07.952+0000] {logging_mixin.py:190} INFO -  Previous state of the Task instance: queued
[2024-10-08T07:52:07.953+0000] {logging_mixin.py:190} INFO - Current task name:load_to_s3 state:running start_date:2024-10-08 07:52:07.303133+00:00
[2024-10-08T07:52:07.954+0000] {logging_mixin.py:190} INFO - Dag name:student_result and current dag run status:running
[2024-10-08T07:52:07.955+0000] {taskinstance.py:731} INFO - ::endgroup::
[2024-10-08T07:52:08.041+0000] {base.py:84} INFO - Retrieving connection 'simple_store'
[2024-10-08T07:52:08.044+0000] {connection_wrapper.py:388} INFO - AWS Connection (conn_id='simple_store', conn_type='aws') credentials retrieved from login and password.
[2024-10-08T07:52:14.660+0000] {python.py:240} INFO - Done. Returned value was: None
[2024-10-08T07:52:14.693+0000] {taskinstance.py:340} INFO - ::group::Post task execution logs
[2024-10-08T07:52:14.695+0000] {taskinstance.py:352} INFO - Marking task as SUCCESS. dag_id=student_result, task_id=load_to_s3, run_id=manual__2024-10-08T07:51:54.515628+00:00, execution_date=20241008T075154, start_date=20241008T075207, end_date=20241008T075214
[2024-10-08T07:52:14.724+0000] {logging_mixin.py:190} INFO - Task instance in success state
[2024-10-08T07:52:14.725+0000] {logging_mixin.py:190} INFO -  Previous state of the Task instance: running
[2024-10-08T07:52:14.725+0000] {logging_mixin.py:190} INFO - Dag name:student_result queued_at:2024-10-08 07:51:54.615831+00:00
[2024-10-08T07:52:14.726+0000] {logging_mixin.py:190} INFO - Task hostname:76e395cea755 operator:PythonOperator
[2024-10-08T07:52:14.790+0000] {local_task_job_runner.py:266} INFO - Task exited with return code 0
[2024-10-08T07:52:14.813+0000] {warnings.py:112} WARNING - /home/***/.local/lib/python3.12/site-packages/***/models/baseoperator.py:1378: AirflowProviderDeprecationWarning: Call to deprecated class SnowflakeOperator. (This class is deprecated. Please use `***.providers.common.sql.operators.sql.SQLExecuteQueryOperator`. Also, you can provide `hook_params={'warehouse': <warehouse>, 'database': <database>, 'role': <role>, 'schema': <schema>, 'authenticator': <authenticator>,'session_parameters': <session_parameters>}`.)
  result = cls.__new__(cls)

[2024-10-08T07:52:14.850+0000] {taskinstance.py:3900} INFO - 3 downstream tasks scheduled from follow-on schedule check
[2024-10-08T07:52:14.875+0000] {local_task_job_runner.py:245} INFO - ::endgroup::
