[2024-10-19T15:35:46.652+0000] {processor.py:186} INFO - Started process (PID=441) to work on /opt/airflow/dags/tes.py
[2024-10-19T15:35:46.654+0000] {processor.py:914} INFO - Processing file /opt/airflow/dags/tes.py for tasks to queue
[2024-10-19T15:35:46.656+0000] {logging_mixin.py:190} INFO - [2024-10-19T15:35:46.655+0000] {dagbag.py:587} INFO - Filling up the DagBag from /opt/airflow/dags/tes.py
[2024-10-19T15:35:46.692+0000] {processor.py:925} INFO - DAG(s) 'wikimedia_pageviews_dag' retrieved from /opt/airflow/dags/tes.py
[2024-10-19T15:35:47.253+0000] {logging_mixin.py:190} INFO - [2024-10-19T15:35:47.251+0000] {override.py:1900} INFO - Created Permission View: can delete on DAG:wikimedia_pageviews_dag
[2024-10-19T15:35:47.301+0000] {logging_mixin.py:190} INFO - [2024-10-19T15:35:47.300+0000] {override.py:1900} INFO - Created Permission View: can edit on DAG:wikimedia_pageviews_dag
[2024-10-19T15:35:47.330+0000] {logging_mixin.py:190} INFO - [2024-10-19T15:35:47.329+0000] {override.py:1900} INFO - Created Permission View: can read on DAG:wikimedia_pageviews_dag
[2024-10-19T15:35:47.358+0000] {logging_mixin.py:190} INFO - [2024-10-19T15:35:47.358+0000] {override.py:1900} INFO - Created Permission View: can delete on DAG Run:wikimedia_pageviews_dag
[2024-10-19T15:35:47.383+0000] {logging_mixin.py:190} INFO - [2024-10-19T15:35:47.383+0000] {override.py:1900} INFO - Created Permission View: menu access on DAG Run:wikimedia_pageviews_dag
[2024-10-19T15:35:47.399+0000] {logging_mixin.py:190} INFO - [2024-10-19T15:35:47.397+0000] {override.py:1900} INFO - Created Permission View: can read on DAG Run:wikimedia_pageviews_dag
[2024-10-19T15:35:47.424+0000] {logging_mixin.py:190} INFO - [2024-10-19T15:35:47.424+0000] {override.py:1900} INFO - Created Permission View: can create on DAG Run:wikimedia_pageviews_dag
[2024-10-19T15:35:47.425+0000] {logging_mixin.py:190} INFO - [2024-10-19T15:35:47.425+0000] {dag.py:3229} INFO - Sync 1 DAGs
[2024-10-19T15:35:47.449+0000] {logging_mixin.py:190} INFO - [2024-10-19T15:35:47.448+0000] {dag.py:3252} INFO - Creating ORM DAG for wikimedia_pageviews_dag
[2024-10-19T15:35:47.484+0000] {logging_mixin.py:190} INFO - [2024-10-19T15:35:47.483+0000] {dag.py:4156} INFO - Setting next_dagrun for wikimedia_pageviews_dag to 2024-10-18 00:00:00+00:00, run_after=2024-10-19 00:00:00+00:00
[2024-10-19T15:35:47.556+0000] {processor.py:208} INFO - Processing /opt/airflow/dags/tes.py took 0.913 seconds
[2024-10-19T15:35:59.871+0000] {processor.py:186} INFO - Started process (PID=444) to work on /opt/airflow/dags/tes.py
[2024-10-19T15:35:59.872+0000] {processor.py:914} INFO - Processing file /opt/airflow/dags/tes.py for tasks to queue
[2024-10-19T15:35:59.874+0000] {logging_mixin.py:190} INFO - [2024-10-19T15:35:59.874+0000] {dagbag.py:587} INFO - Filling up the DagBag from /opt/airflow/dags/tes.py
[2024-10-19T15:35:59.892+0000] {logging_mixin.py:190} INFO - [2024-10-19T15:35:59.891+0000] {dagbag.py:386} ERROR - Failed to import: /opt/airflow/dags/tes.py
Traceback (most recent call last):
  File "/home/airflow/.local/lib/python3.12/site-packages/airflow/models/dagbag.py", line 382, in parse
    loader.exec_module(new_module)
  File "<frozen importlib._bootstrap_external>", line 991, in exec_module
  File "<frozen importlib._bootstrap_external>", line 1129, in get_code
  File "<frozen importlib._bootstrap_external>", line 1059, in source_to_code
  File "<frozen importlib._bootstrap>", line 488, in _call_with_frames_removed
  File "/opt/airflow/dags/tes.py", line 18
    da'wikimedia_pageviews_dag',
      ^^^^^^^^^^^^^^^^^^^^^^^^^
SyntaxError: invalid syntax
[2024-10-19T15:35:59.893+0000] {processor.py:927} WARNING - No viable dags retrieved from /opt/airflow/dags/tes.py
[2024-10-19T15:35:59.933+0000] {processor.py:208} INFO - Processing /opt/airflow/dags/tes.py took 0.072 seconds
[2024-10-19T15:36:10.172+0000] {processor.py:186} INFO - Started process (PID=446) to work on /opt/airflow/dags/tes.py
[2024-10-19T15:36:10.174+0000] {processor.py:914} INFO - Processing file /opt/airflow/dags/tes.py for tasks to queue
[2024-10-19T15:36:10.176+0000] {logging_mixin.py:190} INFO - [2024-10-19T15:36:10.175+0000] {dagbag.py:587} INFO - Filling up the DagBag from /opt/airflow/dags/tes.py
[2024-10-19T15:36:10.202+0000] {logging_mixin.py:190} INFO - [2024-10-19T15:36:10.199+0000] {dagbag.py:386} ERROR - Failed to import: /opt/airflow/dags/tes.py
Traceback (most recent call last):
  File "/home/airflow/.local/lib/python3.12/site-packages/airflow/models/dagbag.py", line 382, in parse
    loader.exec_module(new_module)
  File "<frozen importlib._bootstrap_external>", line 991, in exec_module
  File "<frozen importlib._bootstrap_external>", line 1129, in get_code
  File "<frozen importlib._bootstrap_external>", line 1059, in source_to_code
  File "<frozen importlib._bootstrap>", line 488, in _call_with_frames_removed
  File "/opt/airflow/dags/tes.py", line 18
    dag'wikimedia_pageviews_dag',
       ^^^^^^^^^^^^^^^^^^^^^^^^^
SyntaxError: invalid syntax
[2024-10-19T15:36:10.204+0000] {processor.py:927} WARNING - No viable dags retrieved from /opt/airflow/dags/tes.py
[2024-10-19T15:36:10.233+0000] {processor.py:208} INFO - Processing /opt/airflow/dags/tes.py took 0.069 seconds
[2024-10-19T15:36:15.319+0000] {processor.py:186} INFO - Started process (PID=447) to work on /opt/airflow/dags/tes.py
[2024-10-19T15:36:15.320+0000] {processor.py:914} INFO - Processing file /opt/airflow/dags/tes.py for tasks to queue
[2024-10-19T15:36:15.322+0000] {logging_mixin.py:190} INFO - [2024-10-19T15:36:15.322+0000] {dagbag.py:587} INFO - Filling up the DagBag from /opt/airflow/dags/tes.py
[2024-10-19T15:36:15.370+0000] {processor.py:925} INFO - DAG(s) 'wikimedia_pageviews_dag' retrieved from /opt/airflow/dags/tes.py
[2024-10-19T15:36:15.386+0000] {logging_mixin.py:190} INFO - [2024-10-19T15:36:15.386+0000] {dag.py:3229} INFO - Sync 1 DAGs
[2024-10-19T15:36:15.422+0000] {logging_mixin.py:190} INFO - [2024-10-19T15:36:15.422+0000] {dag.py:4156} INFO - Setting next_dagrun for wikimedia_pageviews_dag to 2024-10-18 00:00:00+00:00, run_after=2024-10-19 00:00:00+00:00
[2024-10-19T15:36:15.463+0000] {processor.py:208} INFO - Processing /opt/airflow/dags/tes.py took 0.154 seconds
[2024-10-19T15:36:17.479+0000] {processor.py:186} INFO - Started process (PID=454) to work on /opt/airflow/dags/tes.py
[2024-10-19T15:36:17.480+0000] {processor.py:914} INFO - Processing file /opt/airflow/dags/tes.py for tasks to queue
[2024-10-19T15:36:17.482+0000] {logging_mixin.py:190} INFO - [2024-10-19T15:36:17.482+0000] {dagbag.py:587} INFO - Filling up the DagBag from /opt/airflow/dags/tes.py
[2024-10-19T15:36:17.518+0000] {processor.py:925} INFO - DAG(s) 'wikimedia_pageviews_dag' retrieved from /opt/airflow/dags/tes.py
[2024-10-19T15:36:17.555+0000] {logging_mixin.py:190} INFO - [2024-10-19T15:36:17.555+0000] {dag.py:3229} INFO - Sync 1 DAGs
[2024-10-19T15:36:17.588+0000] {logging_mixin.py:190} INFO - [2024-10-19T15:36:17.588+0000] {dag.py:4156} INFO - Setting next_dagrun for wikimedia_pageviews_dag to 2024-10-18 00:00:00+00:00, run_after=2024-10-19 00:00:00+00:00
[2024-10-19T15:36:17.624+0000] {processor.py:208} INFO - Processing /opt/airflow/dags/tes.py took 0.154 seconds
[2024-10-19T15:36:24.819+0000] {processor.py:186} INFO - Started process (PID=455) to work on /opt/airflow/dags/tes.py
[2024-10-19T15:36:24.822+0000] {processor.py:914} INFO - Processing file /opt/airflow/dags/tes.py for tasks to queue
[2024-10-19T15:36:24.830+0000] {logging_mixin.py:190} INFO - [2024-10-19T15:36:24.829+0000] {dagbag.py:587} INFO - Filling up the DagBag from /opt/airflow/dags/tes.py
[2024-10-19T15:36:24.893+0000] {processor.py:925} INFO - DAG(s) 'wikimedia_pageviews_dag' retrieved from /opt/airflow/dags/tes.py
[2024-10-19T15:36:24.953+0000] {logging_mixin.py:190} INFO - [2024-10-19T15:36:24.952+0000] {dag.py:3229} INFO - Sync 1 DAGs
[2024-10-19T15:36:25.003+0000] {logging_mixin.py:190} INFO - [2024-10-19T15:36:25.002+0000] {dag.py:4156} INFO - Setting next_dagrun for wikimedia_pageviews_dag to 2024-10-18 00:00:00+00:00, run_after=2024-10-19 00:00:00+00:00
[2024-10-19T15:36:25.050+0000] {processor.py:208} INFO - Processing /opt/airflow/dags/tes.py took 0.247 seconds
[2024-10-19T15:36:55.479+0000] {processor.py:186} INFO - Started process (PID=465) to work on /opt/airflow/dags/tes.py
[2024-10-19T15:36:55.482+0000] {processor.py:914} INFO - Processing file /opt/airflow/dags/tes.py for tasks to queue
[2024-10-19T15:36:55.487+0000] {logging_mixin.py:190} INFO - [2024-10-19T15:36:55.486+0000] {dagbag.py:587} INFO - Filling up the DagBag from /opt/airflow/dags/tes.py
[2024-10-19T15:36:55.523+0000] {processor.py:925} INFO - DAG(s) 'wikimedia_pageviews_dag' retrieved from /opt/airflow/dags/tes.py
[2024-10-19T15:36:55.573+0000] {logging_mixin.py:190} INFO - [2024-10-19T15:36:55.573+0000] {dag.py:3229} INFO - Sync 1 DAGs
[2024-10-19T15:36:55.698+0000] {logging_mixin.py:190} INFO - [2024-10-19T15:36:55.698+0000] {dag.py:4156} INFO - Setting next_dagrun for wikimedia_pageviews_dag to 2024-10-18 00:00:00+00:00, run_after=2024-10-19 00:00:00+00:00
[2024-10-19T15:36:55.822+0000] {processor.py:208} INFO - Processing /opt/airflow/dags/tes.py took 0.356 seconds
[2024-10-19T15:37:11.889+0000] {processor.py:186} INFO - Started process (PID=469) to work on /opt/airflow/dags/tes.py
[2024-10-19T15:37:11.890+0000] {processor.py:914} INFO - Processing file /opt/airflow/dags/tes.py for tasks to queue
[2024-10-19T15:37:11.892+0000] {logging_mixin.py:190} INFO - [2024-10-19T15:37:11.891+0000] {dagbag.py:587} INFO - Filling up the DagBag from /opt/airflow/dags/tes.py
[2024-10-19T15:37:11.939+0000] {processor.py:925} INFO - DAG(s) 'wikimedia_pageviews_dag' retrieved from /opt/airflow/dags/tes.py
[2024-10-19T15:37:12.315+0000] {logging_mixin.py:190} INFO - [2024-10-19T15:37:12.315+0000] {dag.py:3229} INFO - Sync 1 DAGs
[2024-10-19T15:37:12.348+0000] {logging_mixin.py:190} INFO - [2024-10-19T15:37:12.348+0000] {dag.py:4156} INFO - Setting next_dagrun for wikimedia_pageviews_dag to 2024-10-18 00:00:00+00:00, run_after=2024-10-19 00:00:00+00:00
[2024-10-19T15:37:12.387+0000] {processor.py:208} INFO - Processing /opt/airflow/dags/tes.py took 0.509 seconds
[2024-10-19T15:37:28.763+0000] {processor.py:186} INFO - Started process (PID=477) to work on /opt/airflow/dags/tes.py
[2024-10-19T15:37:28.766+0000] {processor.py:914} INFO - Processing file /opt/airflow/dags/tes.py for tasks to queue
[2024-10-19T15:37:28.768+0000] {logging_mixin.py:190} INFO - [2024-10-19T15:37:28.767+0000] {dagbag.py:587} INFO - Filling up the DagBag from /opt/airflow/dags/tes.py
[2024-10-19T15:37:28.808+0000] {processor.py:925} INFO - DAG(s) 'wikimedia_pageviews_dag' retrieved from /opt/airflow/dags/tes.py
[2024-10-19T15:37:28.824+0000] {logging_mixin.py:190} INFO - [2024-10-19T15:37:28.824+0000] {dag.py:3229} INFO - Sync 1 DAGs
[2024-10-19T15:37:28.872+0000] {logging_mixin.py:190} INFO - [2024-10-19T15:37:28.872+0000] {dag.py:4156} INFO - Setting next_dagrun for wikimedia_pageviews_dag to 2024-10-18 00:00:00+00:00, run_after=2024-10-19 00:00:00+00:00
[2024-10-19T15:37:28.928+0000] {processor.py:208} INFO - Processing /opt/airflow/dags/tes.py took 0.173 seconds
[2024-10-19T15:37:59.581+0000] {processor.py:186} INFO - Started process (PID=490) to work on /opt/airflow/dags/tes.py
[2024-10-19T15:37:59.583+0000] {processor.py:914} INFO - Processing file /opt/airflow/dags/tes.py for tasks to queue
[2024-10-19T15:37:59.586+0000] {logging_mixin.py:190} INFO - [2024-10-19T15:37:59.585+0000] {dagbag.py:587} INFO - Filling up the DagBag from /opt/airflow/dags/tes.py
[2024-10-19T15:37:59.630+0000] {processor.py:925} INFO - DAG(s) 'wikimedia_pageviews_dag' retrieved from /opt/airflow/dags/tes.py
[2024-10-19T15:38:00.116+0000] {logging_mixin.py:190} INFO - [2024-10-19T15:38:00.116+0000] {dag.py:3229} INFO - Sync 1 DAGs
[2024-10-19T15:38:00.147+0000] {logging_mixin.py:190} INFO - [2024-10-19T15:38:00.146+0000] {dag.py:4156} INFO - Setting next_dagrun for wikimedia_pageviews_dag to 2024-10-19 00:00:00+00:00, run_after=2024-10-20 00:00:00+00:00
[2024-10-19T15:38:00.180+0000] {processor.py:208} INFO - Processing /opt/airflow/dags/tes.py took 0.610 seconds
[2024-10-19T15:38:30.359+0000] {processor.py:186} INFO - Started process (PID=501) to work on /opt/airflow/dags/tes.py
[2024-10-19T15:38:30.361+0000] {processor.py:914} INFO - Processing file /opt/airflow/dags/tes.py for tasks to queue
[2024-10-19T15:38:30.363+0000] {logging_mixin.py:190} INFO - [2024-10-19T15:38:30.363+0000] {dagbag.py:587} INFO - Filling up the DagBag from /opt/airflow/dags/tes.py
[2024-10-19T15:38:30.390+0000] {processor.py:925} INFO - DAG(s) 'wikimedia_pageviews_dag' retrieved from /opt/airflow/dags/tes.py
[2024-10-19T15:38:30.426+0000] {logging_mixin.py:190} INFO - [2024-10-19T15:38:30.425+0000] {dag.py:3229} INFO - Sync 1 DAGs
[2024-10-19T15:38:30.655+0000] {logging_mixin.py:190} INFO - [2024-10-19T15:38:30.655+0000] {dag.py:4156} INFO - Setting next_dagrun for wikimedia_pageviews_dag to 2024-10-19 00:00:00+00:00, run_after=2024-10-20 00:00:00+00:00
[2024-10-19T15:38:30.693+0000] {processor.py:208} INFO - Processing /opt/airflow/dags/tes.py took 0.341 seconds
[2024-10-19T15:39:01.137+0000] {processor.py:186} INFO - Started process (PID=511) to work on /opt/airflow/dags/tes.py
[2024-10-19T15:39:01.139+0000] {processor.py:914} INFO - Processing file /opt/airflow/dags/tes.py for tasks to queue
[2024-10-19T15:39:01.141+0000] {logging_mixin.py:190} INFO - [2024-10-19T15:39:01.140+0000] {dagbag.py:587} INFO - Filling up the DagBag from /opt/airflow/dags/tes.py
[2024-10-19T15:39:01.170+0000] {processor.py:925} INFO - DAG(s) 'wikimedia_pageviews_dag' retrieved from /opt/airflow/dags/tes.py
[2024-10-19T15:39:01.421+0000] {logging_mixin.py:190} INFO - [2024-10-19T15:39:01.421+0000] {dag.py:3229} INFO - Sync 1 DAGs
[2024-10-19T15:39:01.452+0000] {logging_mixin.py:190} INFO - [2024-10-19T15:39:01.452+0000] {dag.py:4156} INFO - Setting next_dagrun for wikimedia_pageviews_dag to 2024-10-19 00:00:00+00:00, run_after=2024-10-20 00:00:00+00:00
[2024-10-19T15:39:01.495+0000] {processor.py:208} INFO - Processing /opt/airflow/dags/tes.py took 0.366 seconds
[2024-10-19T15:39:31.749+0000] {processor.py:186} INFO - Started process (PID=521) to work on /opt/airflow/dags/tes.py
[2024-10-19T15:39:31.750+0000] {processor.py:914} INFO - Processing file /opt/airflow/dags/tes.py for tasks to queue
[2024-10-19T15:39:31.752+0000] {logging_mixin.py:190} INFO - [2024-10-19T15:39:31.752+0000] {dagbag.py:587} INFO - Filling up the DagBag from /opt/airflow/dags/tes.py
[2024-10-19T15:39:31.794+0000] {processor.py:925} INFO - DAG(s) 'wikimedia_pageviews_dag' retrieved from /opt/airflow/dags/tes.py
[2024-10-19T15:39:31.835+0000] {logging_mixin.py:190} INFO - [2024-10-19T15:39:31.835+0000] {dag.py:3229} INFO - Sync 1 DAGs
[2024-10-19T15:39:31.872+0000] {logging_mixin.py:190} INFO - [2024-10-19T15:39:31.872+0000] {dag.py:4156} INFO - Setting next_dagrun for wikimedia_pageviews_dag to 2024-10-19 00:00:00+00:00, run_after=2024-10-20 00:00:00+00:00
[2024-10-19T15:39:31.903+0000] {processor.py:208} INFO - Processing /opt/airflow/dags/tes.py took 0.165 seconds
[2024-10-19T15:40:02.273+0000] {processor.py:186} INFO - Started process (PID=531) to work on /opt/airflow/dags/tes.py
[2024-10-19T15:40:02.288+0000] {processor.py:914} INFO - Processing file /opt/airflow/dags/tes.py for tasks to queue
[2024-10-19T15:40:02.296+0000] {logging_mixin.py:190} INFO - [2024-10-19T15:40:02.295+0000] {dagbag.py:587} INFO - Filling up the DagBag from /opt/airflow/dags/tes.py
[2024-10-19T15:40:02.340+0000] {processor.py:925} INFO - DAG(s) 'wikimedia_pageviews_dag' retrieved from /opt/airflow/dags/tes.py
[2024-10-19T15:40:02.386+0000] {logging_mixin.py:190} INFO - [2024-10-19T15:40:02.385+0000] {dag.py:3229} INFO - Sync 1 DAGs
[2024-10-19T15:40:02.435+0000] {logging_mixin.py:190} INFO - [2024-10-19T15:40:02.434+0000] {dag.py:4156} INFO - Setting next_dagrun for wikimedia_pageviews_dag to 2024-10-19 00:00:00+00:00, run_after=2024-10-20 00:00:00+00:00
[2024-10-19T15:40:02.473+0000] {processor.py:208} INFO - Processing /opt/airflow/dags/tes.py took 0.212 seconds
[2024-10-19T15:40:32.787+0000] {processor.py:186} INFO - Started process (PID=541) to work on /opt/airflow/dags/tes.py
[2024-10-19T15:40:32.789+0000] {processor.py:914} INFO - Processing file /opt/airflow/dags/tes.py for tasks to queue
[2024-10-19T15:40:32.792+0000] {logging_mixin.py:190} INFO - [2024-10-19T15:40:32.791+0000] {dagbag.py:587} INFO - Filling up the DagBag from /opt/airflow/dags/tes.py
[2024-10-19T15:40:32.824+0000] {processor.py:925} INFO - DAG(s) 'wikimedia_pageviews_dag' retrieved from /opt/airflow/dags/tes.py
[2024-10-19T15:40:32.885+0000] {logging_mixin.py:190} INFO - [2024-10-19T15:40:32.884+0000] {dag.py:3229} INFO - Sync 1 DAGs
[2024-10-19T15:40:32.945+0000] {logging_mixin.py:190} INFO - [2024-10-19T15:40:32.945+0000] {dag.py:4156} INFO - Setting next_dagrun for wikimedia_pageviews_dag to 2024-10-19 00:00:00+00:00, run_after=2024-10-20 00:00:00+00:00
[2024-10-19T15:40:33.218+0000] {processor.py:208} INFO - Processing /opt/airflow/dags/tes.py took 0.455 seconds
[2024-10-19T15:41:03.478+0000] {processor.py:186} INFO - Started process (PID=551) to work on /opt/airflow/dags/tes.py
[2024-10-19T15:41:03.480+0000] {processor.py:914} INFO - Processing file /opt/airflow/dags/tes.py for tasks to queue
[2024-10-19T15:41:03.482+0000] {logging_mixin.py:190} INFO - [2024-10-19T15:41:03.481+0000] {dagbag.py:587} INFO - Filling up the DagBag from /opt/airflow/dags/tes.py
[2024-10-19T15:41:03.513+0000] {processor.py:925} INFO - DAG(s) 'wikimedia_pageviews_dag' retrieved from /opt/airflow/dags/tes.py
[2024-10-19T15:41:03.547+0000] {logging_mixin.py:190} INFO - [2024-10-19T15:41:03.547+0000] {dag.py:3229} INFO - Sync 1 DAGs
[2024-10-19T15:41:03.796+0000] {logging_mixin.py:190} INFO - [2024-10-19T15:41:03.796+0000] {dag.py:4156} INFO - Setting next_dagrun for wikimedia_pageviews_dag to 2024-10-19 00:00:00+00:00, run_after=2024-10-20 00:00:00+00:00
[2024-10-19T15:41:03.835+0000] {processor.py:208} INFO - Processing /opt/airflow/dags/tes.py took 0.368 seconds
[2024-10-19T15:41:34.103+0000] {processor.py:186} INFO - Started process (PID=562) to work on /opt/airflow/dags/tes.py
[2024-10-19T15:41:34.105+0000] {processor.py:914} INFO - Processing file /opt/airflow/dags/tes.py for tasks to queue
[2024-10-19T15:41:34.107+0000] {logging_mixin.py:190} INFO - [2024-10-19T15:41:34.107+0000] {dagbag.py:587} INFO - Filling up the DagBag from /opt/airflow/dags/tes.py
[2024-10-19T15:41:34.134+0000] {processor.py:925} INFO - DAG(s) 'wikimedia_pageviews_dag' retrieved from /opt/airflow/dags/tes.py
[2024-10-19T15:41:34.355+0000] {logging_mixin.py:190} INFO - [2024-10-19T15:41:34.355+0000] {dag.py:3229} INFO - Sync 1 DAGs
[2024-10-19T15:41:34.385+0000] {logging_mixin.py:190} INFO - [2024-10-19T15:41:34.385+0000] {dag.py:4156} INFO - Setting next_dagrun for wikimedia_pageviews_dag to 2024-10-19 00:00:00+00:00, run_after=2024-10-20 00:00:00+00:00
[2024-10-19T15:41:34.425+0000] {processor.py:208} INFO - Processing /opt/airflow/dags/tes.py took 0.333 seconds
[2024-10-19T15:42:04.614+0000] {processor.py:186} INFO - Started process (PID=571) to work on /opt/airflow/dags/tes.py
[2024-10-19T15:42:04.616+0000] {processor.py:914} INFO - Processing file /opt/airflow/dags/tes.py for tasks to queue
[2024-10-19T15:42:04.618+0000] {logging_mixin.py:190} INFO - [2024-10-19T15:42:04.617+0000] {dagbag.py:587} INFO - Filling up the DagBag from /opt/airflow/dags/tes.py
[2024-10-19T15:42:04.644+0000] {processor.py:925} INFO - DAG(s) 'wikimedia_pageviews_dag' retrieved from /opt/airflow/dags/tes.py
[2024-10-19T15:42:04.684+0000] {logging_mixin.py:190} INFO - [2024-10-19T15:42:04.684+0000] {dag.py:3229} INFO - Sync 1 DAGs
[2024-10-19T15:42:04.731+0000] {logging_mixin.py:190} INFO - [2024-10-19T15:42:04.730+0000] {dag.py:4156} INFO - Setting next_dagrun for wikimedia_pageviews_dag to 2024-10-19 00:00:00+00:00, run_after=2024-10-20 00:00:00+00:00
[2024-10-19T15:42:04.773+0000] {processor.py:208} INFO - Processing /opt/airflow/dags/tes.py took 0.167 seconds
[2024-10-19T15:42:19.869+0000] {processor.py:186} INFO - Started process (PID=581) to work on /opt/airflow/dags/tes.py
[2024-10-19T15:42:19.871+0000] {processor.py:914} INFO - Processing file /opt/airflow/dags/tes.py for tasks to queue
[2024-10-19T15:42:19.872+0000] {logging_mixin.py:190} INFO - [2024-10-19T15:42:19.872+0000] {dagbag.py:587} INFO - Filling up the DagBag from /opt/airflow/dags/tes.py
[2024-10-19T15:42:19.906+0000] {processor.py:925} INFO - DAG(s) 'wikimedia_pageviews_dag' retrieved from /opt/airflow/dags/tes.py
[2024-10-19T15:42:20.300+0000] {logging_mixin.py:190} INFO - [2024-10-19T15:42:20.299+0000] {dag.py:3229} INFO - Sync 1 DAGs
[2024-10-19T15:42:20.327+0000] {logging_mixin.py:190} INFO - [2024-10-19T15:42:20.327+0000] {dag.py:4156} INFO - Setting next_dagrun for wikimedia_pageviews_dag to 2024-10-19 00:00:00+00:00, run_after=2024-10-20 00:00:00+00:00
[2024-10-19T15:42:20.381+0000] {processor.py:208} INFO - Processing /opt/airflow/dags/tes.py took 0.521 seconds
[2024-10-19T15:42:24.011+0000] {processor.py:186} INFO - Started process (PID=582) to work on /opt/airflow/dags/tes.py
[2024-10-19T15:42:24.014+0000] {processor.py:914} INFO - Processing file /opt/airflow/dags/tes.py for tasks to queue
[2024-10-19T15:42:24.016+0000] {logging_mixin.py:190} INFO - [2024-10-19T15:42:24.016+0000] {dagbag.py:587} INFO - Filling up the DagBag from /opt/airflow/dags/tes.py
[2024-10-19T15:42:24.066+0000] {processor.py:925} INFO - DAG(s) 'wikimedia_pageviews_dag' retrieved from /opt/airflow/dags/tes.py
[2024-10-19T15:42:24.085+0000] {logging_mixin.py:190} INFO - [2024-10-19T15:42:24.085+0000] {dag.py:3229} INFO - Sync 1 DAGs
[2024-10-19T15:42:24.130+0000] {logging_mixin.py:190} INFO - [2024-10-19T15:42:24.130+0000] {dag.py:4156} INFO - Setting next_dagrun for wikimedia_pageviews_dag to 2024-10-19 00:00:00+00:00, run_after=2024-10-20 00:00:00+00:00
[2024-10-19T15:42:24.184+0000] {processor.py:208} INFO - Processing /opt/airflow/dags/tes.py took 0.183 seconds
[2024-10-19T15:42:54.839+0000] {processor.py:186} INFO - Started process (PID=593) to work on /opt/airflow/dags/tes.py
[2024-10-19T15:42:54.843+0000] {processor.py:914} INFO - Processing file /opt/airflow/dags/tes.py for tasks to queue
[2024-10-19T15:42:54.845+0000] {logging_mixin.py:190} INFO - [2024-10-19T15:42:54.845+0000] {dagbag.py:587} INFO - Filling up the DagBag from /opt/airflow/dags/tes.py
[2024-10-19T15:42:54.902+0000] {processor.py:925} INFO - DAG(s) 'wikimedia_pageviews_dag' retrieved from /opt/airflow/dags/tes.py
[2024-10-19T15:42:55.337+0000] {logging_mixin.py:190} INFO - [2024-10-19T15:42:55.336+0000] {dag.py:3229} INFO - Sync 1 DAGs
[2024-10-19T15:42:55.382+0000] {logging_mixin.py:190} INFO - [2024-10-19T15:42:55.382+0000] {dag.py:4156} INFO - Setting next_dagrun for wikimedia_pageviews_dag to 2024-10-19 00:00:00+00:00, run_after=2024-10-20 00:00:00+00:00
[2024-10-19T15:42:55.417+0000] {processor.py:208} INFO - Processing /opt/airflow/dags/tes.py took 0.592 seconds
[2024-10-19T15:43:13.915+0000] {processor.py:186} INFO - Started process (PID=594) to work on /opt/airflow/dags/tes.py
[2024-10-19T15:43:13.917+0000] {processor.py:914} INFO - Processing file /opt/airflow/dags/tes.py for tasks to queue
[2024-10-19T15:43:13.919+0000] {logging_mixin.py:190} INFO - [2024-10-19T15:43:13.918+0000] {dagbag.py:587} INFO - Filling up the DagBag from /opt/airflow/dags/tes.py
[2024-10-19T15:43:13.941+0000] {logging_mixin.py:190} INFO - [2024-10-19T15:43:13.940+0000] {dagbag.py:386} ERROR - Failed to import: /opt/airflow/dags/tes.py
Traceback (most recent call last):
  File "/home/airflow/.local/lib/python3.12/site-packages/airflow/models/dagbag.py", line 382, in parse
    loader.exec_module(new_module)
  File "<frozen importlib._bootstrap_external>", line 991, in exec_module
  File "<frozen importlib._bootstrap_external>", line 1129, in get_code
  File "<frozen importlib._bootstrap_external>", line 1059, in source_to_code
  File "<frozen importlib._bootstrap>", line 488, in _call_with_frames_removed
  File "/opt/airflow/dags/tes.py", line 46
    fetch_and_process_data
IndentationError: unexpected indent
[2024-10-19T15:43:13.943+0000] {processor.py:927} WARNING - No viable dags retrieved from /opt/airflow/dags/tes.py
[2024-10-19T15:43:13.978+0000] {processor.py:208} INFO - Processing /opt/airflow/dags/tes.py took 0.074 seconds
[2024-10-19T15:43:16.143+0000] {processor.py:186} INFO - Started process (PID=595) to work on /opt/airflow/dags/tes.py
[2024-10-19T15:43:16.145+0000] {processor.py:914} INFO - Processing file /opt/airflow/dags/tes.py for tasks to queue
[2024-10-19T15:43:16.150+0000] {logging_mixin.py:190} INFO - [2024-10-19T15:43:16.149+0000] {dagbag.py:587} INFO - Filling up the DagBag from /opt/airflow/dags/tes.py
[2024-10-19T15:43:16.204+0000] {processor.py:925} INFO - DAG(s) 'wikimedia_pageviews_dag' retrieved from /opt/airflow/dags/tes.py
[2024-10-19T15:43:16.225+0000] {logging_mixin.py:190} INFO - [2024-10-19T15:43:16.224+0000] {dag.py:3229} INFO - Sync 1 DAGs
[2024-10-19T15:43:16.284+0000] {logging_mixin.py:190} INFO - [2024-10-19T15:43:16.283+0000] {dag.py:4156} INFO - Setting next_dagrun for wikimedia_pageviews_dag to 2024-10-19 00:00:00+00:00, run_after=2024-10-20 00:00:00+00:00
[2024-10-19T15:43:16.347+0000] {processor.py:208} INFO - Processing /opt/airflow/dags/tes.py took 0.219 seconds
[2024-10-19T15:43:46.921+0000] {processor.py:186} INFO - Started process (PID=605) to work on /opt/airflow/dags/tes.py
[2024-10-19T15:43:46.924+0000] {processor.py:914} INFO - Processing file /opt/airflow/dags/tes.py for tasks to queue
[2024-10-19T15:43:46.927+0000] {logging_mixin.py:190} INFO - [2024-10-19T15:43:46.926+0000] {dagbag.py:587} INFO - Filling up the DagBag from /opt/airflow/dags/tes.py
[2024-10-19T15:43:46.987+0000] {processor.py:925} INFO - DAG(s) 'wikimedia_pageviews_dag' retrieved from /opt/airflow/dags/tes.py
[2024-10-19T15:43:47.056+0000] {logging_mixin.py:190} INFO - [2024-10-19T15:43:47.055+0000] {dag.py:3229} INFO - Sync 1 DAGs
[2024-10-19T15:43:47.349+0000] {logging_mixin.py:190} INFO - [2024-10-19T15:43:47.348+0000] {dag.py:4156} INFO - Setting next_dagrun for wikimedia_pageviews_dag to 2024-10-19 00:00:00+00:00, run_after=2024-10-20 00:00:00+00:00
[2024-10-19T15:43:47.384+0000] {processor.py:208} INFO - Processing /opt/airflow/dags/tes.py took 0.477 seconds
[2024-10-19T15:44:17.688+0000] {processor.py:186} INFO - Started process (PID=621) to work on /opt/airflow/dags/tes.py
[2024-10-19T15:44:17.690+0000] {processor.py:914} INFO - Processing file /opt/airflow/dags/tes.py for tasks to queue
[2024-10-19T15:44:17.695+0000] {logging_mixin.py:190} INFO - [2024-10-19T15:44:17.694+0000] {dagbag.py:587} INFO - Filling up the DagBag from /opt/airflow/dags/tes.py
[2024-10-19T15:44:17.738+0000] {processor.py:925} INFO - DAG(s) 'wikimedia_pageviews_dag' retrieved from /opt/airflow/dags/tes.py
[2024-10-19T15:44:17.798+0000] {logging_mixin.py:190} INFO - [2024-10-19T15:44:17.797+0000] {dag.py:3229} INFO - Sync 1 DAGs
[2024-10-19T15:44:18.109+0000] {logging_mixin.py:190} INFO - [2024-10-19T15:44:18.108+0000] {dag.py:4156} INFO - Setting next_dagrun for wikimedia_pageviews_dag to 2024-10-19 00:00:00+00:00, run_after=2024-10-20 00:00:00+00:00
[2024-10-19T15:44:18.146+0000] {processor.py:208} INFO - Processing /opt/airflow/dags/tes.py took 0.478 seconds
[2024-10-19T15:44:42.348+0000] {processor.py:186} INFO - Started process (PID=625) to work on /opt/airflow/dags/tes.py
[2024-10-19T15:44:42.350+0000] {processor.py:914} INFO - Processing file /opt/airflow/dags/tes.py for tasks to queue
[2024-10-19T15:44:42.352+0000] {logging_mixin.py:190} INFO - [2024-10-19T15:44:42.352+0000] {dagbag.py:587} INFO - Filling up the DagBag from /opt/airflow/dags/tes.py
[2024-10-19T15:44:42.393+0000] {processor.py:925} INFO - DAG(s) 'wikimedia_pageviews_dag' retrieved from /opt/airflow/dags/tes.py
[2024-10-19T15:44:42.833+0000] {logging_mixin.py:190} INFO - [2024-10-19T15:44:42.833+0000] {dag.py:3229} INFO - Sync 1 DAGs
[2024-10-19T15:44:42.865+0000] {logging_mixin.py:190} INFO - [2024-10-19T15:44:42.865+0000] {dag.py:4156} INFO - Setting next_dagrun for wikimedia_pageviews_dag to 2024-10-19 00:00:00+00:00, run_after=2024-10-20 00:00:00+00:00
[2024-10-19T15:44:42.903+0000] {processor.py:208} INFO - Processing /opt/airflow/dags/tes.py took 0.566 seconds
[2024-10-19T15:44:44.577+0000] {processor.py:186} INFO - Started process (PID=626) to work on /opt/airflow/dags/tes.py
[2024-10-19T15:44:44.579+0000] {processor.py:914} INFO - Processing file /opt/airflow/dags/tes.py for tasks to queue
[2024-10-19T15:44:44.582+0000] {logging_mixin.py:190} INFO - [2024-10-19T15:44:44.581+0000] {dagbag.py:587} INFO - Filling up the DagBag from /opt/airflow/dags/tes.py
[2024-10-19T15:44:44.640+0000] {processor.py:925} INFO - DAG(s) 'wikimedia_pageviews_dag' retrieved from /opt/airflow/dags/tes.py
[2024-10-19T15:44:44.659+0000] {logging_mixin.py:190} INFO - [2024-10-19T15:44:44.659+0000] {dag.py:3229} INFO - Sync 1 DAGs
[2024-10-19T15:44:44.957+0000] {logging_mixin.py:190} INFO - [2024-10-19T15:44:44.957+0000] {dag.py:4156} INFO - Setting next_dagrun for wikimedia_pageviews_dag to 2024-10-19 00:00:00+00:00, run_after=2024-10-20 00:00:00+00:00
[2024-10-19T15:44:45.006+0000] {processor.py:208} INFO - Processing /opt/airflow/dags/tes.py took 0.438 seconds
[2024-10-19T15:45:15.427+0000] {processor.py:186} INFO - Started process (PID=635) to work on /opt/airflow/dags/tes.py
[2024-10-19T15:45:15.429+0000] {processor.py:914} INFO - Processing file /opt/airflow/dags/tes.py for tasks to queue
[2024-10-19T15:45:15.432+0000] {logging_mixin.py:190} INFO - [2024-10-19T15:45:15.431+0000] {dagbag.py:587} INFO - Filling up the DagBag from /opt/airflow/dags/tes.py
[2024-10-19T15:45:15.490+0000] {processor.py:925} INFO - DAG(s) 'wikimedia_pageviews_dag' retrieved from /opt/airflow/dags/tes.py
[2024-10-19T15:45:16.060+0000] {logging_mixin.py:190} INFO - [2024-10-19T15:45:16.059+0000] {dag.py:3229} INFO - Sync 1 DAGs
[2024-10-19T15:45:16.110+0000] {logging_mixin.py:190} INFO - [2024-10-19T15:45:16.110+0000] {dag.py:4156} INFO - Setting next_dagrun for wikimedia_pageviews_dag to 2024-10-19 00:00:00+00:00, run_after=2024-10-20 00:00:00+00:00
[2024-10-19T15:45:16.159+0000] {processor.py:208} INFO - Processing /opt/airflow/dags/tes.py took 0.744 seconds
[2024-10-19T15:45:46.791+0000] {processor.py:186} INFO - Started process (PID=645) to work on /opt/airflow/dags/tes.py
[2024-10-19T15:45:46.794+0000] {processor.py:914} INFO - Processing file /opt/airflow/dags/tes.py for tasks to queue
[2024-10-19T15:45:46.796+0000] {logging_mixin.py:190} INFO - [2024-10-19T15:45:46.796+0000] {dagbag.py:587} INFO - Filling up the DagBag from /opt/airflow/dags/tes.py
[2024-10-19T15:45:46.833+0000] {processor.py:925} INFO - DAG(s) 'wikimedia_pageviews_dag' retrieved from /opt/airflow/dags/tes.py
[2024-10-19T15:45:46.882+0000] {logging_mixin.py:190} INFO - [2024-10-19T15:45:46.882+0000] {dag.py:3229} INFO - Sync 1 DAGs
[2024-10-19T15:45:46.926+0000] {logging_mixin.py:190} INFO - [2024-10-19T15:45:46.926+0000] {dag.py:4156} INFO - Setting next_dagrun for wikimedia_pageviews_dag to 2024-10-19 00:00:00+00:00, run_after=2024-10-20 00:00:00+00:00
[2024-10-19T15:45:46.960+0000] {processor.py:208} INFO - Processing /opt/airflow/dags/tes.py took 0.179 seconds
[2024-10-19T15:46:17.736+0000] {processor.py:186} INFO - Started process (PID=660) to work on /opt/airflow/dags/tes.py
[2024-10-19T15:46:17.739+0000] {processor.py:914} INFO - Processing file /opt/airflow/dags/tes.py for tasks to queue
[2024-10-19T15:46:17.743+0000] {logging_mixin.py:190} INFO - [2024-10-19T15:46:17.742+0000] {dagbag.py:587} INFO - Filling up the DagBag from /opt/airflow/dags/tes.py
[2024-10-19T15:46:17.792+0000] {processor.py:925} INFO - DAG(s) 'wikimedia_pageviews_dag' retrieved from /opt/airflow/dags/tes.py
[2024-10-19T15:46:17.833+0000] {logging_mixin.py:190} INFO - [2024-10-19T15:46:17.832+0000] {dag.py:3229} INFO - Sync 1 DAGs
[2024-10-19T15:46:17.872+0000] {logging_mixin.py:190} INFO - [2024-10-19T15:46:17.872+0000] {dag.py:4156} INFO - Setting next_dagrun for wikimedia_pageviews_dag to 2024-10-19 00:00:00+00:00, run_after=2024-10-20 00:00:00+00:00
[2024-10-19T15:46:18.161+0000] {processor.py:208} INFO - Processing /opt/airflow/dags/tes.py took 0.438 seconds
[2024-10-19T15:46:48.964+0000] {processor.py:186} INFO - Started process (PID=670) to work on /opt/airflow/dags/tes.py
[2024-10-19T15:46:48.966+0000] {processor.py:914} INFO - Processing file /opt/airflow/dags/tes.py for tasks to queue
[2024-10-19T15:46:48.968+0000] {logging_mixin.py:190} INFO - [2024-10-19T15:46:48.967+0000] {dagbag.py:587} INFO - Filling up the DagBag from /opt/airflow/dags/tes.py
[2024-10-19T15:46:48.994+0000] {processor.py:925} INFO - DAG(s) 'wikimedia_pageviews_dag' retrieved from /opt/airflow/dags/tes.py
[2024-10-19T15:46:49.031+0000] {logging_mixin.py:190} INFO - [2024-10-19T15:46:49.030+0000] {dag.py:3229} INFO - Sync 1 DAGs
[2024-10-19T15:46:49.289+0000] {logging_mixin.py:190} INFO - [2024-10-19T15:46:49.289+0000] {dag.py:4156} INFO - Setting next_dagrun for wikimedia_pageviews_dag to 2024-10-19 00:00:00+00:00, run_after=2024-10-20 00:00:00+00:00
[2024-10-19T15:46:49.326+0000] {processor.py:208} INFO - Processing /opt/airflow/dags/tes.py took 0.373 seconds
[2024-10-19T15:47:20.109+0000] {processor.py:186} INFO - Started process (PID=681) to work on /opt/airflow/dags/tes.py
[2024-10-19T15:47:20.110+0000] {processor.py:914} INFO - Processing file /opt/airflow/dags/tes.py for tasks to queue
[2024-10-19T15:47:20.114+0000] {logging_mixin.py:190} INFO - [2024-10-19T15:47:20.113+0000] {dagbag.py:587} INFO - Filling up the DagBag from /opt/airflow/dags/tes.py
[2024-10-19T15:47:20.137+0000] {processor.py:925} INFO - DAG(s) 'wikimedia_pageviews_dag' retrieved from /opt/airflow/dags/tes.py
[2024-10-19T15:47:20.353+0000] {logging_mixin.py:190} INFO - [2024-10-19T15:47:20.352+0000] {dag.py:3229} INFO - Sync 1 DAGs
[2024-10-19T15:47:20.382+0000] {logging_mixin.py:190} INFO - [2024-10-19T15:47:20.381+0000] {dag.py:4156} INFO - Setting next_dagrun for wikimedia_pageviews_dag to 2024-10-19 00:00:00+00:00, run_after=2024-10-20 00:00:00+00:00
[2024-10-19T15:47:20.412+0000] {processor.py:208} INFO - Processing /opt/airflow/dags/tes.py took 0.314 seconds
[2024-10-19T15:47:50.922+0000] {processor.py:186} INFO - Started process (PID=691) to work on /opt/airflow/dags/tes.py
[2024-10-19T15:47:50.923+0000] {processor.py:914} INFO - Processing file /opt/airflow/dags/tes.py for tasks to queue
[2024-10-19T15:47:50.926+0000] {logging_mixin.py:190} INFO - [2024-10-19T15:47:50.925+0000] {dagbag.py:587} INFO - Filling up the DagBag from /opt/airflow/dags/tes.py
[2024-10-19T15:47:50.954+0000] {processor.py:925} INFO - DAG(s) 'wikimedia_pageviews_dag' retrieved from /opt/airflow/dags/tes.py
[2024-10-19T15:47:50.986+0000] {logging_mixin.py:190} INFO - [2024-10-19T15:47:50.986+0000] {dag.py:3229} INFO - Sync 1 DAGs
[2024-10-19T15:47:51.018+0000] {logging_mixin.py:190} INFO - [2024-10-19T15:47:51.017+0000] {dag.py:4156} INFO - Setting next_dagrun for wikimedia_pageviews_dag to 2024-10-19 00:00:00+00:00, run_after=2024-10-20 00:00:00+00:00
[2024-10-19T15:47:51.045+0000] {processor.py:208} INFO - Processing /opt/airflow/dags/tes.py took 0.133 seconds
[2024-10-19T15:48:21.616+0000] {processor.py:186} INFO - Started process (PID=701) to work on /opt/airflow/dags/tes.py
[2024-10-19T15:48:21.617+0000] {processor.py:914} INFO - Processing file /opt/airflow/dags/tes.py for tasks to queue
[2024-10-19T15:48:21.619+0000] {logging_mixin.py:190} INFO - [2024-10-19T15:48:21.619+0000] {dagbag.py:587} INFO - Filling up the DagBag from /opt/airflow/dags/tes.py
[2024-10-19T15:48:21.651+0000] {processor.py:925} INFO - DAG(s) 'wikimedia_pageviews_dag' retrieved from /opt/airflow/dags/tes.py
[2024-10-19T15:48:21.687+0000] {logging_mixin.py:190} INFO - [2024-10-19T15:48:21.686+0000] {dag.py:3229} INFO - Sync 1 DAGs
[2024-10-19T15:48:21.723+0000] {logging_mixin.py:190} INFO - [2024-10-19T15:48:21.723+0000] {dag.py:4156} INFO - Setting next_dagrun for wikimedia_pageviews_dag to 2024-10-19 00:00:00+00:00, run_after=2024-10-20 00:00:00+00:00
[2024-10-19T15:48:21.766+0000] {processor.py:208} INFO - Processing /opt/airflow/dags/tes.py took 0.160 seconds
[2024-10-19T15:48:52.154+0000] {processor.py:186} INFO - Started process (PID=711) to work on /opt/airflow/dags/tes.py
[2024-10-19T15:48:52.155+0000] {processor.py:914} INFO - Processing file /opt/airflow/dags/tes.py for tasks to queue
[2024-10-19T15:48:52.158+0000] {logging_mixin.py:190} INFO - [2024-10-19T15:48:52.157+0000] {dagbag.py:587} INFO - Filling up the DagBag from /opt/airflow/dags/tes.py
[2024-10-19T15:48:52.190+0000] {processor.py:925} INFO - DAG(s) 'wikimedia_pageviews_dag' retrieved from /opt/airflow/dags/tes.py
[2024-10-19T15:48:52.239+0000] {logging_mixin.py:190} INFO - [2024-10-19T15:48:52.239+0000] {dag.py:3229} INFO - Sync 1 DAGs
[2024-10-19T15:48:52.284+0000] {logging_mixin.py:190} INFO - [2024-10-19T15:48:52.283+0000] {dag.py:4156} INFO - Setting next_dagrun for wikimedia_pageviews_dag to 2024-10-19 00:00:00+00:00, run_after=2024-10-20 00:00:00+00:00
[2024-10-19T15:48:52.358+0000] {processor.py:208} INFO - Processing /opt/airflow/dags/tes.py took 0.213 seconds
[2024-10-19T15:49:22.964+0000] {processor.py:186} INFO - Started process (PID=721) to work on /opt/airflow/dags/tes.py
[2024-10-19T15:49:22.967+0000] {processor.py:914} INFO - Processing file /opt/airflow/dags/tes.py for tasks to queue
[2024-10-19T15:49:22.979+0000] {logging_mixin.py:190} INFO - [2024-10-19T15:49:22.978+0000] {dagbag.py:587} INFO - Filling up the DagBag from /opt/airflow/dags/tes.py
[2024-10-19T15:49:23.007+0000] {processor.py:925} INFO - DAG(s) 'wikimedia_pageviews_dag' retrieved from /opt/airflow/dags/tes.py
[2024-10-19T15:49:23.040+0000] {logging_mixin.py:190} INFO - [2024-10-19T15:49:23.039+0000] {dag.py:3229} INFO - Sync 1 DAGs
[2024-10-19T15:49:23.294+0000] {logging_mixin.py:190} INFO - [2024-10-19T15:49:23.293+0000] {dag.py:4156} INFO - Setting next_dagrun for wikimedia_pageviews_dag to 2024-10-19 00:00:00+00:00, run_after=2024-10-20 00:00:00+00:00
[2024-10-19T15:49:23.326+0000] {processor.py:208} INFO - Processing /opt/airflow/dags/tes.py took 0.377 seconds
[2024-10-19T15:49:53.814+0000] {processor.py:186} INFO - Started process (PID=731) to work on /opt/airflow/dags/tes.py
[2024-10-19T15:49:53.815+0000] {processor.py:914} INFO - Processing file /opt/airflow/dags/tes.py for tasks to queue
[2024-10-19T15:49:53.818+0000] {logging_mixin.py:190} INFO - [2024-10-19T15:49:53.817+0000] {dagbag.py:587} INFO - Filling up the DagBag from /opt/airflow/dags/tes.py
[2024-10-19T15:49:53.847+0000] {processor.py:925} INFO - DAG(s) 'wikimedia_pageviews_dag' retrieved from /opt/airflow/dags/tes.py
[2024-10-19T15:49:53.896+0000] {logging_mixin.py:190} INFO - [2024-10-19T15:49:53.896+0000] {dag.py:3229} INFO - Sync 1 DAGs
[2024-10-19T15:49:54.131+0000] {logging_mixin.py:190} INFO - [2024-10-19T15:49:54.131+0000] {dag.py:4156} INFO - Setting next_dagrun for wikimedia_pageviews_dag to 2024-10-19 00:00:00+00:00, run_after=2024-10-20 00:00:00+00:00
[2024-10-19T15:49:54.172+0000] {processor.py:208} INFO - Processing /opt/airflow/dags/tes.py took 0.367 seconds
[2024-10-19T15:50:24.823+0000] {processor.py:186} INFO - Started process (PID=741) to work on /opt/airflow/dags/tes.py
[2024-10-19T15:50:24.825+0000] {processor.py:914} INFO - Processing file /opt/airflow/dags/tes.py for tasks to queue
[2024-10-19T15:50:24.828+0000] {logging_mixin.py:190} INFO - [2024-10-19T15:50:24.827+0000] {dagbag.py:587} INFO - Filling up the DagBag from /opt/airflow/dags/tes.py
[2024-10-19T15:50:24.866+0000] {processor.py:925} INFO - DAG(s) 'wikimedia_pageviews_dag' retrieved from /opt/airflow/dags/tes.py
[2024-10-19T15:50:25.138+0000] {logging_mixin.py:190} INFO - [2024-10-19T15:50:25.138+0000] {dag.py:3229} INFO - Sync 1 DAGs
[2024-10-19T15:50:25.180+0000] {logging_mixin.py:190} INFO - [2024-10-19T15:50:25.180+0000] {dag.py:4156} INFO - Setting next_dagrun for wikimedia_pageviews_dag to 2024-10-19 00:00:00+00:00, run_after=2024-10-20 00:00:00+00:00
[2024-10-19T15:50:25.218+0000] {processor.py:208} INFO - Processing /opt/airflow/dags/tes.py took 0.409 seconds
[2024-10-19T15:50:55.807+0000] {processor.py:186} INFO - Started process (PID=751) to work on /opt/airflow/dags/tes.py
[2024-10-19T15:50:55.809+0000] {processor.py:914} INFO - Processing file /opt/airflow/dags/tes.py for tasks to queue
[2024-10-19T15:50:55.812+0000] {logging_mixin.py:190} INFO - [2024-10-19T15:50:55.812+0000] {dagbag.py:587} INFO - Filling up the DagBag from /opt/airflow/dags/tes.py
[2024-10-19T15:50:55.852+0000] {processor.py:925} INFO - DAG(s) 'wikimedia_pageviews_dag' retrieved from /opt/airflow/dags/tes.py
[2024-10-19T15:50:55.904+0000] {logging_mixin.py:190} INFO - [2024-10-19T15:50:55.904+0000] {dag.py:3229} INFO - Sync 1 DAGs
[2024-10-19T15:50:55.957+0000] {logging_mixin.py:190} INFO - [2024-10-19T15:50:55.956+0000] {dag.py:4156} INFO - Setting next_dagrun for wikimedia_pageviews_dag to 2024-10-19 00:00:00+00:00, run_after=2024-10-20 00:00:00+00:00
[2024-10-19T15:50:56.000+0000] {processor.py:208} INFO - Processing /opt/airflow/dags/tes.py took 0.212 seconds
[2024-10-19T15:51:26.600+0000] {processor.py:186} INFO - Started process (PID=761) to work on /opt/airflow/dags/tes.py
[2024-10-19T15:51:26.604+0000] {processor.py:914} INFO - Processing file /opt/airflow/dags/tes.py for tasks to queue
[2024-10-19T15:51:26.608+0000] {logging_mixin.py:190} INFO - [2024-10-19T15:51:26.607+0000] {dagbag.py:587} INFO - Filling up the DagBag from /opt/airflow/dags/tes.py
[2024-10-19T15:51:26.646+0000] {processor.py:925} INFO - DAG(s) 'wikimedia_pageviews_dag' retrieved from /opt/airflow/dags/tes.py
[2024-10-19T15:51:26.695+0000] {logging_mixin.py:190} INFO - [2024-10-19T15:51:26.694+0000] {dag.py:3229} INFO - Sync 1 DAGs
[2024-10-19T15:51:26.755+0000] {logging_mixin.py:190} INFO - [2024-10-19T15:51:26.755+0000] {dag.py:4156} INFO - Setting next_dagrun for wikimedia_pageviews_dag to 2024-10-19 00:00:00+00:00, run_after=2024-10-20 00:00:00+00:00
[2024-10-19T15:51:26.805+0000] {processor.py:208} INFO - Processing /opt/airflow/dags/tes.py took 0.222 seconds
[2024-10-19T15:51:57.361+0000] {processor.py:186} INFO - Started process (PID=771) to work on /opt/airflow/dags/tes.py
[2024-10-19T15:51:57.364+0000] {processor.py:914} INFO - Processing file /opt/airflow/dags/tes.py for tasks to queue
[2024-10-19T15:51:57.368+0000] {logging_mixin.py:190} INFO - [2024-10-19T15:51:57.367+0000] {dagbag.py:587} INFO - Filling up the DagBag from /opt/airflow/dags/tes.py
[2024-10-19T15:51:57.415+0000] {processor.py:925} INFO - DAG(s) 'wikimedia_pageviews_dag' retrieved from /opt/airflow/dags/tes.py
[2024-10-19T15:51:57.470+0000] {logging_mixin.py:190} INFO - [2024-10-19T15:51:57.469+0000] {dag.py:3229} INFO - Sync 1 DAGs
[2024-10-19T15:51:57.535+0000] {logging_mixin.py:190} INFO - [2024-10-19T15:51:57.535+0000] {dag.py:4156} INFO - Setting next_dagrun for wikimedia_pageviews_dag to 2024-10-19 00:00:00+00:00, run_after=2024-10-20 00:00:00+00:00
[2024-10-19T15:51:57.900+0000] {processor.py:208} INFO - Processing /opt/airflow/dags/tes.py took 0.556 seconds
[2024-10-19T15:52:28.047+0000] {processor.py:186} INFO - Started process (PID=782) to work on /opt/airflow/dags/tes.py
[2024-10-19T15:52:28.048+0000] {processor.py:914} INFO - Processing file /opt/airflow/dags/tes.py for tasks to queue
[2024-10-19T15:52:28.050+0000] {logging_mixin.py:190} INFO - [2024-10-19T15:52:28.050+0000] {dagbag.py:587} INFO - Filling up the DagBag from /opt/airflow/dags/tes.py
[2024-10-19T15:52:28.076+0000] {processor.py:925} INFO - DAG(s) 'wikimedia_pageviews_dag' retrieved from /opt/airflow/dags/tes.py
[2024-10-19T15:52:28.114+0000] {logging_mixin.py:190} INFO - [2024-10-19T15:52:28.113+0000] {dag.py:3229} INFO - Sync 1 DAGs
[2024-10-19T15:52:28.336+0000] {logging_mixin.py:190} INFO - [2024-10-19T15:52:28.336+0000] {dag.py:4156} INFO - Setting next_dagrun for wikimedia_pageviews_dag to 2024-10-19 00:00:00+00:00, run_after=2024-10-20 00:00:00+00:00
[2024-10-19T15:52:28.367+0000] {processor.py:208} INFO - Processing /opt/airflow/dags/tes.py took 0.329 seconds
[2024-10-19T15:52:49.657+0000] {processor.py:186} INFO - Started process (PID=791) to work on /opt/airflow/dags/tes.py
[2024-10-19T15:52:49.659+0000] {processor.py:914} INFO - Processing file /opt/airflow/dags/tes.py for tasks to queue
[2024-10-19T15:52:49.662+0000] {logging_mixin.py:190} INFO - [2024-10-19T15:52:49.661+0000] {dagbag.py:587} INFO - Filling up the DagBag from /opt/airflow/dags/tes.py
[2024-10-19T15:52:49.712+0000] {processor.py:925} INFO - DAG(s) 'wikimedia_pageviews_dag' retrieved from /opt/airflow/dags/tes.py
[2024-10-19T15:52:50.330+0000] {logging_mixin.py:190} INFO - [2024-10-19T15:52:50.330+0000] {dag.py:3229} INFO - Sync 1 DAGs
[2024-10-19T15:52:50.369+0000] {logging_mixin.py:190} INFO - [2024-10-19T15:52:50.368+0000] {dag.py:4156} INFO - Setting next_dagrun for wikimedia_pageviews_dag to 2024-10-19 00:00:00+00:00, run_after=2024-10-20 00:00:00+00:00
[2024-10-19T15:52:50.412+0000] {processor.py:208} INFO - Processing /opt/airflow/dags/tes.py took 0.765 seconds
[2024-10-19T15:53:21.021+0000] {processor.py:186} INFO - Started process (PID=801) to work on /opt/airflow/dags/tes.py
[2024-10-19T15:53:21.023+0000] {processor.py:914} INFO - Processing file /opt/airflow/dags/tes.py for tasks to queue
[2024-10-19T15:53:21.025+0000] {logging_mixin.py:190} INFO - [2024-10-19T15:53:21.024+0000] {dagbag.py:587} INFO - Filling up the DagBag from /opt/airflow/dags/tes.py
[2024-10-19T15:53:21.059+0000] {processor.py:925} INFO - DAG(s) 'wikimedia_pageviews_dag' retrieved from /opt/airflow/dags/tes.py
[2024-10-19T15:53:21.305+0000] {logging_mixin.py:190} INFO - [2024-10-19T15:53:21.305+0000] {dag.py:3229} INFO - Sync 1 DAGs
[2024-10-19T15:53:21.341+0000] {logging_mixin.py:190} INFO - [2024-10-19T15:53:21.340+0000] {dag.py:4156} INFO - Setting next_dagrun for wikimedia_pageviews_dag to 2024-10-19 00:00:00+00:00, run_after=2024-10-20 00:00:00+00:00
[2024-10-19T15:53:21.380+0000] {processor.py:208} INFO - Processing /opt/airflow/dags/tes.py took 0.369 seconds
[2024-10-19T15:53:52.245+0000] {processor.py:186} INFO - Started process (PID=812) to work on /opt/airflow/dags/tes.py
[2024-10-19T15:53:52.255+0000] {processor.py:914} INFO - Processing file /opt/airflow/dags/tes.py for tasks to queue
[2024-10-19T15:53:52.274+0000] {logging_mixin.py:190} INFO - [2024-10-19T15:53:52.273+0000] {dagbag.py:587} INFO - Filling up the DagBag from /opt/airflow/dags/tes.py
[2024-10-19T15:53:52.352+0000] {processor.py:925} INFO - DAG(s) 'wikimedia_pageviews_dag' retrieved from /opt/airflow/dags/tes.py
[2024-10-19T15:53:52.412+0000] {logging_mixin.py:190} INFO - [2024-10-19T15:53:52.412+0000] {dag.py:3229} INFO - Sync 1 DAGs
[2024-10-19T15:53:52.462+0000] {logging_mixin.py:190} INFO - [2024-10-19T15:53:52.462+0000] {dag.py:4156} INFO - Setting next_dagrun for wikimedia_pageviews_dag to 2024-10-19 00:00:00+00:00, run_after=2024-10-20 00:00:00+00:00
[2024-10-19T15:53:52.507+0000] {processor.py:208} INFO - Processing /opt/airflow/dags/tes.py took 0.292 seconds
[2024-10-19T15:54:22.785+0000] {processor.py:186} INFO - Started process (PID=822) to work on /opt/airflow/dags/tes.py
[2024-10-19T15:54:22.787+0000] {processor.py:914} INFO - Processing file /opt/airflow/dags/tes.py for tasks to queue
[2024-10-19T15:54:22.789+0000] {logging_mixin.py:190} INFO - [2024-10-19T15:54:22.789+0000] {dagbag.py:587} INFO - Filling up the DagBag from /opt/airflow/dags/tes.py
[2024-10-19T15:54:22.823+0000] {processor.py:925} INFO - DAG(s) 'wikimedia_pageviews_dag' retrieved from /opt/airflow/dags/tes.py
[2024-10-19T15:54:22.869+0000] {logging_mixin.py:190} INFO - [2024-10-19T15:54:22.869+0000] {dag.py:3229} INFO - Sync 1 DAGs
[2024-10-19T15:54:22.906+0000] {logging_mixin.py:190} INFO - [2024-10-19T15:54:22.905+0000] {dag.py:4156} INFO - Setting next_dagrun for wikimedia_pageviews_dag to 2024-10-19 00:00:00+00:00, run_after=2024-10-20 00:00:00+00:00
[2024-10-19T15:54:22.958+0000] {processor.py:208} INFO - Processing /opt/airflow/dags/tes.py took 0.185 seconds
[2024-10-19T15:54:53.299+0000] {processor.py:186} INFO - Started process (PID=832) to work on /opt/airflow/dags/tes.py
[2024-10-19T15:54:53.301+0000] {processor.py:914} INFO - Processing file /opt/airflow/dags/tes.py for tasks to queue
[2024-10-19T15:54:53.302+0000] {logging_mixin.py:190} INFO - [2024-10-19T15:54:53.302+0000] {dagbag.py:587} INFO - Filling up the DagBag from /opt/airflow/dags/tes.py
[2024-10-19T15:54:53.334+0000] {processor.py:925} INFO - DAG(s) 'wikimedia_pageviews_dag' retrieved from /opt/airflow/dags/tes.py
[2024-10-19T15:54:53.391+0000] {logging_mixin.py:190} INFO - [2024-10-19T15:54:53.389+0000] {dag.py:3229} INFO - Sync 1 DAGs
[2024-10-19T15:54:53.433+0000] {logging_mixin.py:190} INFO - [2024-10-19T15:54:53.432+0000] {dag.py:4156} INFO - Setting next_dagrun for wikimedia_pageviews_dag to 2024-10-19 00:00:00+00:00, run_after=2024-10-20 00:00:00+00:00
[2024-10-19T15:54:53.468+0000] {processor.py:208} INFO - Processing /opt/airflow/dags/tes.py took 0.178 seconds
[2024-10-19T15:55:23.684+0000] {processor.py:186} INFO - Started process (PID=842) to work on /opt/airflow/dags/tes.py
[2024-10-19T15:55:23.686+0000] {processor.py:914} INFO - Processing file /opt/airflow/dags/tes.py for tasks to queue
[2024-10-19T15:55:23.688+0000] {logging_mixin.py:190} INFO - [2024-10-19T15:55:23.687+0000] {dagbag.py:587} INFO - Filling up the DagBag from /opt/airflow/dags/tes.py
[2024-10-19T15:55:23.723+0000] {processor.py:925} INFO - DAG(s) 'wikimedia_pageviews_dag' retrieved from /opt/airflow/dags/tes.py
[2024-10-19T15:55:23.764+0000] {logging_mixin.py:190} INFO - [2024-10-19T15:55:23.763+0000] {dag.py:3229} INFO - Sync 1 DAGs
[2024-10-19T15:55:23.800+0000] {logging_mixin.py:190} INFO - [2024-10-19T15:55:23.800+0000] {dag.py:4156} INFO - Setting next_dagrun for wikimedia_pageviews_dag to 2024-10-19 00:00:00+00:00, run_after=2024-10-20 00:00:00+00:00
[2024-10-19T15:55:23.835+0000] {processor.py:208} INFO - Processing /opt/airflow/dags/tes.py took 0.161 seconds
[2024-10-19T15:55:54.535+0000] {processor.py:186} INFO - Started process (PID=850) to work on /opt/airflow/dags/tes.py
[2024-10-19T15:55:54.537+0000] {processor.py:914} INFO - Processing file /opt/airflow/dags/tes.py for tasks to queue
[2024-10-19T15:55:54.542+0000] {logging_mixin.py:190} INFO - [2024-10-19T15:55:54.541+0000] {dagbag.py:587} INFO - Filling up the DagBag from /opt/airflow/dags/tes.py
[2024-10-19T15:55:54.584+0000] {processor.py:925} INFO - DAG(s) 'wikimedia_pageviews_dag' retrieved from /opt/airflow/dags/tes.py
[2024-10-19T15:55:54.721+0000] {logging_mixin.py:190} INFO - [2024-10-19T15:55:54.691+0000] {dag.py:3229} INFO - Sync 1 DAGs
[2024-10-19T15:55:54.815+0000] {logging_mixin.py:190} INFO - [2024-10-19T15:55:54.814+0000] {dag.py:4156} INFO - Setting next_dagrun for wikimedia_pageviews_dag to 2024-10-19 00:00:00+00:00, run_after=2024-10-20 00:00:00+00:00
[2024-10-19T15:55:54.899+0000] {processor.py:208} INFO - Processing /opt/airflow/dags/tes.py took 0.381 seconds
[2024-10-19T15:56:25.103+0000] {processor.py:186} INFO - Started process (PID=860) to work on /opt/airflow/dags/tes.py
[2024-10-19T15:56:25.104+0000] {processor.py:914} INFO - Processing file /opt/airflow/dags/tes.py for tasks to queue
[2024-10-19T15:56:25.112+0000] {logging_mixin.py:190} INFO - [2024-10-19T15:56:25.111+0000] {dagbag.py:587} INFO - Filling up the DagBag from /opt/airflow/dags/tes.py
[2024-10-19T15:56:25.144+0000] {processor.py:925} INFO - DAG(s) 'wikimedia_pageviews_dag' retrieved from /opt/airflow/dags/tes.py
[2024-10-19T15:56:25.190+0000] {logging_mixin.py:190} INFO - [2024-10-19T15:56:25.189+0000] {dag.py:3229} INFO - Sync 1 DAGs
[2024-10-19T15:56:25.231+0000] {logging_mixin.py:190} INFO - [2024-10-19T15:56:25.230+0000] {dag.py:4156} INFO - Setting next_dagrun for wikimedia_pageviews_dag to 2024-10-19 00:00:00+00:00, run_after=2024-10-20 00:00:00+00:00
[2024-10-19T15:56:25.269+0000] {processor.py:208} INFO - Processing /opt/airflow/dags/tes.py took 0.189 seconds
[2024-10-19T15:56:55.499+0000] {processor.py:186} INFO - Started process (PID=871) to work on /opt/airflow/dags/tes.py
[2024-10-19T15:56:55.500+0000] {processor.py:914} INFO - Processing file /opt/airflow/dags/tes.py for tasks to queue
[2024-10-19T15:56:55.502+0000] {logging_mixin.py:190} INFO - [2024-10-19T15:56:55.501+0000] {dagbag.py:587} INFO - Filling up the DagBag from /opt/airflow/dags/tes.py
[2024-10-19T15:56:55.529+0000] {processor.py:925} INFO - DAG(s) 'wikimedia_pageviews_dag' retrieved from /opt/airflow/dags/tes.py
[2024-10-19T15:56:55.567+0000] {logging_mixin.py:190} INFO - [2024-10-19T15:56:55.567+0000] {dag.py:3229} INFO - Sync 1 DAGs
[2024-10-19T15:56:55.609+0000] {logging_mixin.py:190} INFO - [2024-10-19T15:56:55.609+0000] {dag.py:4156} INFO - Setting next_dagrun for wikimedia_pageviews_dag to 2024-10-19 00:00:00+00:00, run_after=2024-10-20 00:00:00+00:00
[2024-10-19T15:56:55.646+0000] {processor.py:208} INFO - Processing /opt/airflow/dags/tes.py took 0.158 seconds
[2024-10-19T15:57:25.850+0000] {processor.py:186} INFO - Started process (PID=881) to work on /opt/airflow/dags/tes.py
[2024-10-19T15:57:25.851+0000] {processor.py:914} INFO - Processing file /opt/airflow/dags/tes.py for tasks to queue
[2024-10-19T15:57:25.854+0000] {logging_mixin.py:190} INFO - [2024-10-19T15:57:25.853+0000] {dagbag.py:587} INFO - Filling up the DagBag from /opt/airflow/dags/tes.py
[2024-10-19T15:57:25.880+0000] {processor.py:925} INFO - DAG(s) 'wikimedia_pageviews_dag' retrieved from /opt/airflow/dags/tes.py
[2024-10-19T15:57:25.920+0000] {logging_mixin.py:190} INFO - [2024-10-19T15:57:25.920+0000] {dag.py:3229} INFO - Sync 1 DAGs
[2024-10-19T15:57:25.958+0000] {logging_mixin.py:190} INFO - [2024-10-19T15:57:25.958+0000] {dag.py:4156} INFO - Setting next_dagrun for wikimedia_pageviews_dag to 2024-10-19 00:00:00+00:00, run_after=2024-10-20 00:00:00+00:00
[2024-10-19T15:57:25.996+0000] {processor.py:208} INFO - Processing /opt/airflow/dags/tes.py took 0.155 seconds
[2024-10-19T15:57:56.265+0000] {processor.py:186} INFO - Started process (PID=891) to work on /opt/airflow/dags/tes.py
[2024-10-19T15:57:56.266+0000] {processor.py:914} INFO - Processing file /opt/airflow/dags/tes.py for tasks to queue
[2024-10-19T15:57:56.269+0000] {logging_mixin.py:190} INFO - [2024-10-19T15:57:56.268+0000] {dagbag.py:587} INFO - Filling up the DagBag from /opt/airflow/dags/tes.py
[2024-10-19T15:57:56.301+0000] {processor.py:925} INFO - DAG(s) 'wikimedia_pageviews_dag' retrieved from /opt/airflow/dags/tes.py
[2024-10-19T15:57:56.337+0000] {logging_mixin.py:190} INFO - [2024-10-19T15:57:56.337+0000] {dag.py:3229} INFO - Sync 1 DAGs
[2024-10-19T15:57:56.374+0000] {logging_mixin.py:190} INFO - [2024-10-19T15:57:56.373+0000] {dag.py:4156} INFO - Setting next_dagrun for wikimedia_pageviews_dag to 2024-10-19 00:00:00+00:00, run_after=2024-10-20 00:00:00+00:00
[2024-10-19T15:57:56.408+0000] {processor.py:208} INFO - Processing /opt/airflow/dags/tes.py took 0.154 seconds
[2024-10-19T15:58:26.718+0000] {processor.py:186} INFO - Started process (PID=900) to work on /opt/airflow/dags/tes.py
[2024-10-19T15:58:26.719+0000] {processor.py:914} INFO - Processing file /opt/airflow/dags/tes.py for tasks to queue
[2024-10-19T15:58:26.721+0000] {logging_mixin.py:190} INFO - [2024-10-19T15:58:26.721+0000] {dagbag.py:587} INFO - Filling up the DagBag from /opt/airflow/dags/tes.py
[2024-10-19T15:58:26.750+0000] {processor.py:925} INFO - DAG(s) 'wikimedia_pageviews_dag' retrieved from /opt/airflow/dags/tes.py
[2024-10-19T15:58:26.790+0000] {logging_mixin.py:190} INFO - [2024-10-19T15:58:26.790+0000] {dag.py:3229} INFO - Sync 1 DAGs
[2024-10-19T15:58:26.832+0000] {logging_mixin.py:190} INFO - [2024-10-19T15:58:26.832+0000] {dag.py:4156} INFO - Setting next_dagrun for wikimedia_pageviews_dag to 2024-10-19 00:00:00+00:00, run_after=2024-10-20 00:00:00+00:00
[2024-10-19T15:58:26.937+0000] {processor.py:208} INFO - Processing /opt/airflow/dags/tes.py took 0.228 seconds
[2024-10-19T15:58:57.217+0000] {processor.py:186} INFO - Started process (PID=911) to work on /opt/airflow/dags/tes.py
[2024-10-19T15:58:57.222+0000] {processor.py:914} INFO - Processing file /opt/airflow/dags/tes.py for tasks to queue
[2024-10-19T15:58:57.225+0000] {logging_mixin.py:190} INFO - [2024-10-19T15:58:57.224+0000] {dagbag.py:587} INFO - Filling up the DagBag from /opt/airflow/dags/tes.py
[2024-10-19T15:58:57.255+0000] {processor.py:925} INFO - DAG(s) 'wikimedia_pageviews_dag' retrieved from /opt/airflow/dags/tes.py
[2024-10-19T15:58:57.296+0000] {logging_mixin.py:190} INFO - [2024-10-19T15:58:57.295+0000] {dag.py:3229} INFO - Sync 1 DAGs
[2024-10-19T15:58:57.332+0000] {logging_mixin.py:190} INFO - [2024-10-19T15:58:57.331+0000] {dag.py:4156} INFO - Setting next_dagrun for wikimedia_pageviews_dag to 2024-10-19 00:00:00+00:00, run_after=2024-10-20 00:00:00+00:00
[2024-10-19T15:58:57.393+0000] {processor.py:208} INFO - Processing /opt/airflow/dags/tes.py took 0.190 seconds
[2024-10-19T15:59:27.959+0000] {processor.py:186} INFO - Started process (PID=921) to work on /opt/airflow/dags/tes.py
[2024-10-19T15:59:27.960+0000] {processor.py:914} INFO - Processing file /opt/airflow/dags/tes.py for tasks to queue
[2024-10-19T15:59:27.965+0000] {logging_mixin.py:190} INFO - [2024-10-19T15:59:27.965+0000] {dagbag.py:587} INFO - Filling up the DagBag from /opt/airflow/dags/tes.py
[2024-10-19T15:59:27.992+0000] {processor.py:925} INFO - DAG(s) 'wikimedia_pageviews_dag' retrieved from /opt/airflow/dags/tes.py
[2024-10-19T15:59:28.027+0000] {logging_mixin.py:190} INFO - [2024-10-19T15:59:28.027+0000] {dag.py:3229} INFO - Sync 1 DAGs
[2024-10-19T15:59:28.065+0000] {logging_mixin.py:190} INFO - [2024-10-19T15:59:28.064+0000] {dag.py:4156} INFO - Setting next_dagrun for wikimedia_pageviews_dag to 2024-10-19 00:00:00+00:00, run_after=2024-10-20 00:00:00+00:00
[2024-10-19T15:59:28.105+0000] {processor.py:208} INFO - Processing /opt/airflow/dags/tes.py took 0.159 seconds
[2024-10-19T15:59:58.476+0000] {processor.py:186} INFO - Started process (PID=931) to work on /opt/airflow/dags/tes.py
[2024-10-19T15:59:58.477+0000] {processor.py:914} INFO - Processing file /opt/airflow/dags/tes.py for tasks to queue
[2024-10-19T15:59:58.480+0000] {logging_mixin.py:190} INFO - [2024-10-19T15:59:58.479+0000] {dagbag.py:587} INFO - Filling up the DagBag from /opt/airflow/dags/tes.py
[2024-10-19T15:59:58.521+0000] {processor.py:925} INFO - DAG(s) 'wikimedia_pageviews_dag' retrieved from /opt/airflow/dags/tes.py
[2024-10-19T15:59:58.588+0000] {logging_mixin.py:190} INFO - [2024-10-19T15:59:58.587+0000] {dag.py:3229} INFO - Sync 1 DAGs
[2024-10-19T15:59:58.660+0000] {logging_mixin.py:190} INFO - [2024-10-19T15:59:58.659+0000] {dag.py:4156} INFO - Setting next_dagrun for wikimedia_pageviews_dag to 2024-10-19 00:00:00+00:00, run_after=2024-10-20 00:00:00+00:00
[2024-10-19T15:59:58.701+0000] {processor.py:208} INFO - Processing /opt/airflow/dags/tes.py took 0.240 seconds
[2024-10-19T16:00:29.179+0000] {processor.py:186} INFO - Started process (PID=941) to work on /opt/airflow/dags/tes.py
[2024-10-19T16:00:29.180+0000] {processor.py:914} INFO - Processing file /opt/airflow/dags/tes.py for tasks to queue
[2024-10-19T16:00:29.182+0000] {logging_mixin.py:190} INFO - [2024-10-19T16:00:29.182+0000] {dagbag.py:587} INFO - Filling up the DagBag from /opt/airflow/dags/tes.py
[2024-10-19T16:00:29.208+0000] {processor.py:925} INFO - DAG(s) 'wikimedia_pageviews_dag' retrieved from /opt/airflow/dags/tes.py
[2024-10-19T16:00:29.243+0000] {logging_mixin.py:190} INFO - [2024-10-19T16:00:29.243+0000] {dag.py:3229} INFO - Sync 1 DAGs
[2024-10-19T16:00:29.296+0000] {logging_mixin.py:190} INFO - [2024-10-19T16:00:29.296+0000] {dag.py:4156} INFO - Setting next_dagrun for wikimedia_pageviews_dag to 2024-10-19 00:00:00+00:00, run_after=2024-10-20 00:00:00+00:00
[2024-10-19T16:00:29.334+0000] {processor.py:208} INFO - Processing /opt/airflow/dags/tes.py took 0.168 seconds
[2024-10-19T16:01:00.075+0000] {processor.py:186} INFO - Started process (PID=951) to work on /opt/airflow/dags/tes.py
[2024-10-19T16:01:00.077+0000] {processor.py:914} INFO - Processing file /opt/airflow/dags/tes.py for tasks to queue
[2024-10-19T16:01:00.080+0000] {logging_mixin.py:190} INFO - [2024-10-19T16:01:00.080+0000] {dagbag.py:587} INFO - Filling up the DagBag from /opt/airflow/dags/tes.py
[2024-10-19T16:01:00.121+0000] {processor.py:925} INFO - DAG(s) 'wikimedia_pageviews_dag' retrieved from /opt/airflow/dags/tes.py
[2024-10-19T16:01:00.167+0000] {logging_mixin.py:190} INFO - [2024-10-19T16:01:00.167+0000] {dag.py:3229} INFO - Sync 1 DAGs
[2024-10-19T16:01:00.206+0000] {logging_mixin.py:190} INFO - [2024-10-19T16:01:00.206+0000] {dag.py:4156} INFO - Setting next_dagrun for wikimedia_pageviews_dag to 2024-10-19 00:00:00+00:00, run_after=2024-10-20 00:00:00+00:00
[2024-10-19T16:01:00.249+0000] {processor.py:208} INFO - Processing /opt/airflow/dags/tes.py took 0.198 seconds
[2024-10-19T16:01:30.906+0000] {processor.py:186} INFO - Started process (PID=962) to work on /opt/airflow/dags/tes.py
[2024-10-19T16:01:30.908+0000] {processor.py:914} INFO - Processing file /opt/airflow/dags/tes.py for tasks to queue
[2024-10-19T16:01:30.910+0000] {logging_mixin.py:190} INFO - [2024-10-19T16:01:30.910+0000] {dagbag.py:587} INFO - Filling up the DagBag from /opt/airflow/dags/tes.py
[2024-10-19T16:01:30.941+0000] {processor.py:925} INFO - DAG(s) 'wikimedia_pageviews_dag' retrieved from /opt/airflow/dags/tes.py
[2024-10-19T16:01:30.977+0000] {logging_mixin.py:190} INFO - [2024-10-19T16:01:30.976+0000] {dag.py:3229} INFO - Sync 1 DAGs
[2024-10-19T16:01:31.011+0000] {logging_mixin.py:190} INFO - [2024-10-19T16:01:31.010+0000] {dag.py:4156} INFO - Setting next_dagrun for wikimedia_pageviews_dag to 2024-10-19 00:00:00+00:00, run_after=2024-10-20 00:00:00+00:00
[2024-10-19T16:01:31.053+0000] {processor.py:208} INFO - Processing /opt/airflow/dags/tes.py took 0.159 seconds
[2024-10-19T16:02:01.154+0000] {processor.py:186} INFO - Started process (PID=972) to work on /opt/airflow/dags/tes.py
[2024-10-19T16:02:01.156+0000] {processor.py:914} INFO - Processing file /opt/airflow/dags/tes.py for tasks to queue
[2024-10-19T16:02:01.158+0000] {logging_mixin.py:190} INFO - [2024-10-19T16:02:01.157+0000] {dagbag.py:587} INFO - Filling up the DagBag from /opt/airflow/dags/tes.py
[2024-10-19T16:02:01.189+0000] {processor.py:925} INFO - DAG(s) 'wikimedia_pageviews_dag' retrieved from /opt/airflow/dags/tes.py
[2024-10-19T16:02:01.223+0000] {logging_mixin.py:190} INFO - [2024-10-19T16:02:01.223+0000] {dag.py:3229} INFO - Sync 1 DAGs
[2024-10-19T16:02:01.257+0000] {logging_mixin.py:190} INFO - [2024-10-19T16:02:01.257+0000] {dag.py:4156} INFO - Setting next_dagrun for wikimedia_pageviews_dag to 2024-10-19 00:00:00+00:00, run_after=2024-10-20 00:00:00+00:00
[2024-10-19T16:02:01.287+0000] {processor.py:208} INFO - Processing /opt/airflow/dags/tes.py took 0.142 seconds
[2024-10-19T16:02:31.494+0000] {processor.py:186} INFO - Started process (PID=982) to work on /opt/airflow/dags/tes.py
[2024-10-19T16:02:31.498+0000] {processor.py:914} INFO - Processing file /opt/airflow/dags/tes.py for tasks to queue
[2024-10-19T16:02:31.503+0000] {logging_mixin.py:190} INFO - [2024-10-19T16:02:31.500+0000] {dagbag.py:587} INFO - Filling up the DagBag from /opt/airflow/dags/tes.py
[2024-10-19T16:02:31.547+0000] {processor.py:925} INFO - DAG(s) 'wikimedia_pageviews_dag' retrieved from /opt/airflow/dags/tes.py
[2024-10-19T16:02:31.599+0000] {logging_mixin.py:190} INFO - [2024-10-19T16:02:31.598+0000] {dag.py:3229} INFO - Sync 1 DAGs
[2024-10-19T16:02:31.652+0000] {logging_mixin.py:190} INFO - [2024-10-19T16:02:31.651+0000] {dag.py:4156} INFO - Setting next_dagrun for wikimedia_pageviews_dag to 2024-10-19 00:00:00+00:00, run_after=2024-10-20 00:00:00+00:00
[2024-10-19T16:02:31.695+0000] {processor.py:208} INFO - Processing /opt/airflow/dags/tes.py took 0.220 seconds
[2024-10-19T16:03:02.161+0000] {processor.py:186} INFO - Started process (PID=992) to work on /opt/airflow/dags/tes.py
[2024-10-19T16:03:02.162+0000] {processor.py:914} INFO - Processing file /opt/airflow/dags/tes.py for tasks to queue
[2024-10-19T16:03:02.166+0000] {logging_mixin.py:190} INFO - [2024-10-19T16:03:02.165+0000] {dagbag.py:587} INFO - Filling up the DagBag from /opt/airflow/dags/tes.py
[2024-10-19T16:03:02.189+0000] {processor.py:925} INFO - DAG(s) 'wikimedia_pageviews_dag' retrieved from /opt/airflow/dags/tes.py
[2024-10-19T16:03:02.223+0000] {logging_mixin.py:190} INFO - [2024-10-19T16:03:02.223+0000] {dag.py:3229} INFO - Sync 1 DAGs
[2024-10-19T16:03:02.254+0000] {logging_mixin.py:190} INFO - [2024-10-19T16:03:02.254+0000] {dag.py:4156} INFO - Setting next_dagrun for wikimedia_pageviews_dag to 2024-10-19 00:00:00+00:00, run_after=2024-10-20 00:00:00+00:00
[2024-10-19T16:03:02.289+0000] {processor.py:208} INFO - Processing /opt/airflow/dags/tes.py took 0.137 seconds
[2024-10-19T16:03:32.425+0000] {processor.py:186} INFO - Started process (PID=1001) to work on /opt/airflow/dags/tes.py
[2024-10-19T16:03:32.427+0000] {processor.py:914} INFO - Processing file /opt/airflow/dags/tes.py for tasks to queue
[2024-10-19T16:03:32.430+0000] {logging_mixin.py:190} INFO - [2024-10-19T16:03:32.430+0000] {dagbag.py:587} INFO - Filling up the DagBag from /opt/airflow/dags/tes.py
[2024-10-19T16:03:32.456+0000] {processor.py:925} INFO - DAG(s) 'wikimedia_pageviews_dag' retrieved from /opt/airflow/dags/tes.py
[2024-10-19T16:03:32.491+0000] {logging_mixin.py:190} INFO - [2024-10-19T16:03:32.491+0000] {dag.py:3229} INFO - Sync 1 DAGs
[2024-10-19T16:03:32.526+0000] {logging_mixin.py:190} INFO - [2024-10-19T16:03:32.526+0000] {dag.py:4156} INFO - Setting next_dagrun for wikimedia_pageviews_dag to 2024-10-19 00:00:00+00:00, run_after=2024-10-20 00:00:00+00:00
[2024-10-19T16:03:32.558+0000] {processor.py:208} INFO - Processing /opt/airflow/dags/tes.py took 0.146 seconds
[2024-10-19T16:04:02.696+0000] {processor.py:186} INFO - Started process (PID=1012) to work on /opt/airflow/dags/tes.py
[2024-10-19T16:04:02.698+0000] {processor.py:914} INFO - Processing file /opt/airflow/dags/tes.py for tasks to queue
[2024-10-19T16:04:02.700+0000] {logging_mixin.py:190} INFO - [2024-10-19T16:04:02.699+0000] {dagbag.py:587} INFO - Filling up the DagBag from /opt/airflow/dags/tes.py
[2024-10-19T16:04:02.729+0000] {processor.py:925} INFO - DAG(s) 'wikimedia_pageviews_dag' retrieved from /opt/airflow/dags/tes.py
[2024-10-19T16:04:02.766+0000] {logging_mixin.py:190} INFO - [2024-10-19T16:04:02.766+0000] {dag.py:3229} INFO - Sync 1 DAGs
[2024-10-19T16:04:02.804+0000] {logging_mixin.py:190} INFO - [2024-10-19T16:04:02.804+0000] {dag.py:4156} INFO - Setting next_dagrun for wikimedia_pageviews_dag to 2024-10-19 00:00:00+00:00, run_after=2024-10-20 00:00:00+00:00
[2024-10-19T16:04:02.844+0000] {processor.py:208} INFO - Processing /opt/airflow/dags/tes.py took 0.162 seconds
[2024-10-19T16:04:32.994+0000] {processor.py:186} INFO - Started process (PID=1022) to work on /opt/airflow/dags/tes.py
[2024-10-19T16:04:32.995+0000] {processor.py:914} INFO - Processing file /opt/airflow/dags/tes.py for tasks to queue
[2024-10-19T16:04:32.997+0000] {logging_mixin.py:190} INFO - [2024-10-19T16:04:32.997+0000] {dagbag.py:587} INFO - Filling up the DagBag from /opt/airflow/dags/tes.py
[2024-10-19T16:04:33.025+0000] {processor.py:925} INFO - DAG(s) 'wikimedia_pageviews_dag' retrieved from /opt/airflow/dags/tes.py
[2024-10-19T16:04:33.060+0000] {logging_mixin.py:190} INFO - [2024-10-19T16:04:33.059+0000] {dag.py:3229} INFO - Sync 1 DAGs
[2024-10-19T16:04:33.093+0000] {logging_mixin.py:190} INFO - [2024-10-19T16:04:33.093+0000] {dag.py:4156} INFO - Setting next_dagrun for wikimedia_pageviews_dag to 2024-10-19 00:00:00+00:00, run_after=2024-10-20 00:00:00+00:00
[2024-10-19T16:04:33.129+0000] {processor.py:208} INFO - Processing /opt/airflow/dags/tes.py took 0.147 seconds
[2024-10-19T16:04:43.347+0000] {processor.py:186} INFO - Started process (PID=1024) to work on /opt/airflow/dags/tes.py
[2024-10-19T16:04:43.349+0000] {processor.py:914} INFO - Processing file /opt/airflow/dags/tes.py for tasks to queue
[2024-10-19T16:04:43.351+0000] {logging_mixin.py:190} INFO - [2024-10-19T16:04:43.350+0000] {dagbag.py:587} INFO - Filling up the DagBag from /opt/airflow/dags/tes.py
[2024-10-19T16:04:43.421+0000] {processor.py:925} INFO - DAG(s) 'wikimedia_pageviews_dag' retrieved from /opt/airflow/dags/tes.py
[2024-10-19T16:04:43.742+0000] {logging_mixin.py:190} INFO - [2024-10-19T16:04:43.741+0000] {dag.py:3229} INFO - Sync 1 DAGs
[2024-10-19T16:04:43.806+0000] {logging_mixin.py:190} INFO - [2024-10-19T16:04:43.806+0000] {dag.py:4156} INFO - Setting next_dagrun for wikimedia_pageviews_dag to 2024-10-19 00:00:00+00:00, run_after=2024-10-20 00:00:00+00:00
[2024-10-19T16:04:43.859+0000] {processor.py:208} INFO - Processing /opt/airflow/dags/tes.py took 0.533 seconds
[2024-10-19T16:05:14.254+0000] {processor.py:186} INFO - Started process (PID=1035) to work on /opt/airflow/dags/tes.py
[2024-10-19T16:05:14.255+0000] {processor.py:914} INFO - Processing file /opt/airflow/dags/tes.py for tasks to queue
[2024-10-19T16:05:14.257+0000] {logging_mixin.py:190} INFO - [2024-10-19T16:05:14.257+0000] {dagbag.py:587} INFO - Filling up the DagBag from /opt/airflow/dags/tes.py
[2024-10-19T16:05:14.288+0000] {processor.py:925} INFO - DAG(s) 'wikimedia_pageviews_dag' retrieved from /opt/airflow/dags/tes.py
[2024-10-19T16:05:14.329+0000] {logging_mixin.py:190} INFO - [2024-10-19T16:05:14.329+0000] {dag.py:3229} INFO - Sync 1 DAGs
[2024-10-19T16:05:14.380+0000] {logging_mixin.py:190} INFO - [2024-10-19T16:05:14.380+0000] {dag.py:4156} INFO - Setting next_dagrun for wikimedia_pageviews_dag to 2024-10-19 00:00:00+00:00, run_after=2024-10-20 00:00:00+00:00
[2024-10-19T16:05:14.413+0000] {processor.py:208} INFO - Processing /opt/airflow/dags/tes.py took 0.168 seconds
[2024-10-19T16:05:44.799+0000] {processor.py:186} INFO - Started process (PID=1046) to work on /opt/airflow/dags/tes.py
[2024-10-19T16:05:44.801+0000] {processor.py:914} INFO - Processing file /opt/airflow/dags/tes.py for tasks to queue
[2024-10-19T16:05:44.803+0000] {logging_mixin.py:190} INFO - [2024-10-19T16:05:44.803+0000] {dagbag.py:587} INFO - Filling up the DagBag from /opt/airflow/dags/tes.py
[2024-10-19T16:05:44.841+0000] {processor.py:925} INFO - DAG(s) 'wikimedia_pageviews_dag' retrieved from /opt/airflow/dags/tes.py
[2024-10-19T16:05:44.877+0000] {logging_mixin.py:190} INFO - [2024-10-19T16:05:44.876+0000] {dag.py:3229} INFO - Sync 1 DAGs
[2024-10-19T16:05:44.910+0000] {logging_mixin.py:190} INFO - [2024-10-19T16:05:44.910+0000] {dag.py:4156} INFO - Setting next_dagrun for wikimedia_pageviews_dag to 2024-10-19 00:00:00+00:00, run_after=2024-10-20 00:00:00+00:00
[2024-10-19T16:05:44.953+0000] {processor.py:208} INFO - Processing /opt/airflow/dags/tes.py took 0.166 seconds
[2024-10-19T16:06:15.718+0000] {processor.py:186} INFO - Started process (PID=1056) to work on /opt/airflow/dags/tes.py
[2024-10-19T16:06:15.720+0000] {processor.py:914} INFO - Processing file /opt/airflow/dags/tes.py for tasks to queue
[2024-10-19T16:06:15.723+0000] {logging_mixin.py:190} INFO - [2024-10-19T16:06:15.722+0000] {dagbag.py:587} INFO - Filling up the DagBag from /opt/airflow/dags/tes.py
[2024-10-19T16:06:15.756+0000] {processor.py:925} INFO - DAG(s) 'wikimedia_pageviews_dag' retrieved from /opt/airflow/dags/tes.py
[2024-10-19T16:06:15.794+0000] {logging_mixin.py:190} INFO - [2024-10-19T16:06:15.794+0000] {dag.py:3229} INFO - Sync 1 DAGs
[2024-10-19T16:06:15.859+0000] {logging_mixin.py:190} INFO - [2024-10-19T16:06:15.858+0000] {dag.py:4156} INFO - Setting next_dagrun for wikimedia_pageviews_dag to 2024-10-19 00:00:00+00:00, run_after=2024-10-20 00:00:00+00:00
[2024-10-19T16:06:15.911+0000] {processor.py:208} INFO - Processing /opt/airflow/dags/tes.py took 0.203 seconds
[2024-10-19T16:06:46.081+0000] {processor.py:186} INFO - Started process (PID=1067) to work on /opt/airflow/dags/tes.py
[2024-10-19T16:06:46.083+0000] {processor.py:914} INFO - Processing file /opt/airflow/dags/tes.py for tasks to queue
[2024-10-19T16:06:46.088+0000] {logging_mixin.py:190} INFO - [2024-10-19T16:06:46.088+0000] {dagbag.py:587} INFO - Filling up the DagBag from /opt/airflow/dags/tes.py
[2024-10-19T16:06:46.121+0000] {processor.py:925} INFO - DAG(s) 'wikimedia_pageviews_dag' retrieved from /opt/airflow/dags/tes.py
[2024-10-19T16:06:46.190+0000] {logging_mixin.py:190} INFO - [2024-10-19T16:06:46.189+0000] {dag.py:3229} INFO - Sync 1 DAGs
[2024-10-19T16:06:46.258+0000] {logging_mixin.py:190} INFO - [2024-10-19T16:06:46.258+0000] {dag.py:4156} INFO - Setting next_dagrun for wikimedia_pageviews_dag to 2024-10-19 00:00:00+00:00, run_after=2024-10-20 00:00:00+00:00
[2024-10-19T16:06:46.303+0000] {processor.py:208} INFO - Processing /opt/airflow/dags/tes.py took 0.244 seconds
[2024-10-19T16:07:16.427+0000] {processor.py:186} INFO - Started process (PID=1077) to work on /opt/airflow/dags/tes.py
[2024-10-19T16:07:16.429+0000] {processor.py:914} INFO - Processing file /opt/airflow/dags/tes.py for tasks to queue
[2024-10-19T16:07:16.431+0000] {logging_mixin.py:190} INFO - [2024-10-19T16:07:16.430+0000] {dagbag.py:587} INFO - Filling up the DagBag from /opt/airflow/dags/tes.py
[2024-10-19T16:07:16.460+0000] {processor.py:925} INFO - DAG(s) 'wikimedia_pageviews_dag' retrieved from /opt/airflow/dags/tes.py
[2024-10-19T16:07:16.510+0000] {logging_mixin.py:190} INFO - [2024-10-19T16:07:16.509+0000] {dag.py:3229} INFO - Sync 1 DAGs
[2024-10-19T16:07:16.557+0000] {logging_mixin.py:190} INFO - [2024-10-19T16:07:16.556+0000] {dag.py:4156} INFO - Setting next_dagrun for wikimedia_pageviews_dag to 2024-10-19 00:00:00+00:00, run_after=2024-10-20 00:00:00+00:00
[2024-10-19T16:07:16.651+0000] {processor.py:208} INFO - Processing /opt/airflow/dags/tes.py took 0.235 seconds
[2024-10-19T16:07:46.897+0000] {processor.py:186} INFO - Started process (PID=1087) to work on /opt/airflow/dags/tes.py
[2024-10-19T16:07:46.898+0000] {processor.py:914} INFO - Processing file /opt/airflow/dags/tes.py for tasks to queue
[2024-10-19T16:07:46.900+0000] {logging_mixin.py:190} INFO - [2024-10-19T16:07:46.900+0000] {dagbag.py:587} INFO - Filling up the DagBag from /opt/airflow/dags/tes.py
[2024-10-19T16:07:46.930+0000] {processor.py:925} INFO - DAG(s) 'wikimedia_pageviews_dag' retrieved from /opt/airflow/dags/tes.py
[2024-10-19T16:07:46.966+0000] {logging_mixin.py:190} INFO - [2024-10-19T16:07:46.965+0000] {dag.py:3229} INFO - Sync 1 DAGs
[2024-10-19T16:07:47.001+0000] {logging_mixin.py:190} INFO - [2024-10-19T16:07:47.001+0000] {dag.py:4156} INFO - Setting next_dagrun for wikimedia_pageviews_dag to 2024-10-19 00:00:00+00:00, run_after=2024-10-20 00:00:00+00:00
[2024-10-19T16:07:47.041+0000] {processor.py:208} INFO - Processing /opt/airflow/dags/tes.py took 0.157 seconds
[2024-10-19T16:07:53.074+0000] {processor.py:186} INFO - Started process (PID=1094) to work on /opt/airflow/dags/tes.py
[2024-10-19T16:07:53.075+0000] {processor.py:914} INFO - Processing file /opt/airflow/dags/tes.py for tasks to queue
[2024-10-19T16:07:53.077+0000] {logging_mixin.py:190} INFO - [2024-10-19T16:07:53.077+0000] {dagbag.py:587} INFO - Filling up the DagBag from /opt/airflow/dags/tes.py
[2024-10-19T16:07:53.117+0000] {processor.py:925} INFO - DAG(s) 'wikimedia_pageviews_dag' retrieved from /opt/airflow/dags/tes.py
[2024-10-19T16:07:53.303+0000] {logging_mixin.py:190} INFO - [2024-10-19T16:07:53.302+0000] {dag.py:3229} INFO - Sync 1 DAGs
[2024-10-19T16:07:53.343+0000] {logging_mixin.py:190} INFO - [2024-10-19T16:07:53.343+0000] {dag.py:4156} INFO - Setting next_dagrun for wikimedia_pageviews_dag to 2024-10-19 00:00:00+00:00, run_after=2024-10-20 00:00:00+00:00
[2024-10-19T16:07:53.381+0000] {processor.py:208} INFO - Processing /opt/airflow/dags/tes.py took 0.316 seconds
[2024-10-19T16:07:56.282+0000] {processor.py:186} INFO - Started process (PID=1095) to work on /opt/airflow/dags/tes.py
[2024-10-19T16:07:56.283+0000] {processor.py:914} INFO - Processing file /opt/airflow/dags/tes.py for tasks to queue
[2024-10-19T16:07:56.286+0000] {logging_mixin.py:190} INFO - [2024-10-19T16:07:56.286+0000] {dagbag.py:587} INFO - Filling up the DagBag from /opt/airflow/dags/tes.py
[2024-10-19T16:07:56.335+0000] {processor.py:925} INFO - DAG(s) 'wikimedia_pageviews_dag' retrieved from /opt/airflow/dags/tes.py
[2024-10-19T16:07:56.351+0000] {logging_mixin.py:190} INFO - [2024-10-19T16:07:56.350+0000] {dag.py:3229} INFO - Sync 1 DAGs
[2024-10-19T16:07:56.411+0000] {logging_mixin.py:190} INFO - [2024-10-19T16:07:56.410+0000] {dag.py:4156} INFO - Setting next_dagrun for wikimedia_pageviews_dag to 2024-10-19 00:00:00+00:00, run_after=2024-10-20 00:00:00+00:00
[2024-10-19T16:07:56.461+0000] {processor.py:208} INFO - Processing /opt/airflow/dags/tes.py took 0.191 seconds
[2024-10-19T16:07:57.571+0000] {processor.py:186} INFO - Started process (PID=1098) to work on /opt/airflow/dags/tes.py
[2024-10-19T16:07:57.572+0000] {processor.py:914} INFO - Processing file /opt/airflow/dags/tes.py for tasks to queue
[2024-10-19T16:07:57.576+0000] {logging_mixin.py:190} INFO - [2024-10-19T16:07:57.575+0000] {dagbag.py:587} INFO - Filling up the DagBag from /opt/airflow/dags/tes.py
[2024-10-19T16:07:57.626+0000] {processor.py:925} INFO - DAG(s) 'wikimedia_pageviews_dag' retrieved from /opt/airflow/dags/tes.py
[2024-10-19T16:07:57.652+0000] {logging_mixin.py:190} INFO - [2024-10-19T16:07:57.651+0000] {dag.py:3229} INFO - Sync 1 DAGs
[2024-10-19T16:07:57.701+0000] {logging_mixin.py:190} INFO - [2024-10-19T16:07:57.700+0000] {dag.py:4156} INFO - Setting next_dagrun for wikimedia_pageviews_dag to 2024-10-19 00:00:00+00:00, run_after=2024-10-20 00:00:00+00:00
[2024-10-19T16:07:57.749+0000] {processor.py:208} INFO - Processing /opt/airflow/dags/tes.py took 0.187 seconds
[2024-10-19T16:08:00.669+0000] {processor.py:186} INFO - Started process (PID=1099) to work on /opt/airflow/dags/tes.py
[2024-10-19T16:08:00.671+0000] {processor.py:914} INFO - Processing file /opt/airflow/dags/tes.py for tasks to queue
[2024-10-19T16:08:00.673+0000] {logging_mixin.py:190} INFO - [2024-10-19T16:08:00.672+0000] {dagbag.py:587} INFO - Filling up the DagBag from /opt/airflow/dags/tes.py
[2024-10-19T16:08:00.709+0000] {processor.py:925} INFO - DAG(s) 'wikimedia_pageviews_dag' retrieved from /opt/airflow/dags/tes.py
[2024-10-19T16:08:00.725+0000] {logging_mixin.py:190} INFO - [2024-10-19T16:08:00.724+0000] {dag.py:3229} INFO - Sync 1 DAGs
[2024-10-19T16:08:00.769+0000] {logging_mixin.py:190} INFO - [2024-10-19T16:08:00.768+0000] {dag.py:4156} INFO - Setting next_dagrun for wikimedia_pageviews_dag to 2024-10-19 00:00:00+00:00, run_after=2024-10-20 00:00:00+00:00
[2024-10-19T16:08:00.812+0000] {processor.py:208} INFO - Processing /opt/airflow/dags/tes.py took 0.153 seconds
[2024-10-19T16:08:31.311+0000] {processor.py:186} INFO - Started process (PID=1109) to work on /opt/airflow/dags/tes.py
[2024-10-19T16:08:31.313+0000] {processor.py:914} INFO - Processing file /opt/airflow/dags/tes.py for tasks to queue
[2024-10-19T16:08:31.319+0000] {logging_mixin.py:190} INFO - [2024-10-19T16:08:31.315+0000] {dagbag.py:587} INFO - Filling up the DagBag from /opt/airflow/dags/tes.py
[2024-10-19T16:08:31.380+0000] {processor.py:925} INFO - DAG(s) 'wikimedia_pageviews_dag' retrieved from /opt/airflow/dags/tes.py
[2024-10-19T16:08:31.623+0000] {logging_mixin.py:190} INFO - [2024-10-19T16:08:31.622+0000] {dag.py:3229} INFO - Sync 1 DAGs
[2024-10-19T16:08:31.667+0000] {logging_mixin.py:190} INFO - [2024-10-19T16:08:31.667+0000] {dag.py:4156} INFO - Setting next_dagrun for wikimedia_pageviews_dag to 2024-10-19 00:00:00+00:00, run_after=2024-10-20 00:00:00+00:00
[2024-10-19T16:08:31.711+0000] {processor.py:208} INFO - Processing /opt/airflow/dags/tes.py took 0.414 seconds
[2024-10-19T16:09:02.622+0000] {processor.py:186} INFO - Started process (PID=1120) to work on /opt/airflow/dags/tes.py
[2024-10-19T16:09:02.623+0000] {processor.py:914} INFO - Processing file /opt/airflow/dags/tes.py for tasks to queue
[2024-10-19T16:09:02.625+0000] {logging_mixin.py:190} INFO - [2024-10-19T16:09:02.625+0000] {dagbag.py:587} INFO - Filling up the DagBag from /opt/airflow/dags/tes.py
[2024-10-19T16:09:02.655+0000] {processor.py:925} INFO - DAG(s) 'wikimedia_pageviews_dag' retrieved from /opt/airflow/dags/tes.py
[2024-10-19T16:09:02.694+0000] {logging_mixin.py:190} INFO - [2024-10-19T16:09:02.694+0000] {dag.py:3229} INFO - Sync 1 DAGs
[2024-10-19T16:09:02.740+0000] {logging_mixin.py:190} INFO - [2024-10-19T16:09:02.739+0000] {dag.py:4156} INFO - Setting next_dagrun for wikimedia_pageviews_dag to 2024-10-19 00:00:00+00:00, run_after=2024-10-20 00:00:00+00:00
[2024-10-19T16:09:02.772+0000] {processor.py:208} INFO - Processing /opt/airflow/dags/tes.py took 0.173 seconds
[2024-10-19T16:09:33.100+0000] {processor.py:186} INFO - Started process (PID=1131) to work on /opt/airflow/dags/tes.py
[2024-10-19T16:09:33.101+0000] {processor.py:914} INFO - Processing file /opt/airflow/dags/tes.py for tasks to queue
[2024-10-19T16:09:33.104+0000] {logging_mixin.py:190} INFO - [2024-10-19T16:09:33.103+0000] {dagbag.py:587} INFO - Filling up the DagBag from /opt/airflow/dags/tes.py
[2024-10-19T16:09:33.131+0000] {processor.py:925} INFO - DAG(s) 'wikimedia_pageviews_dag' retrieved from /opt/airflow/dags/tes.py
[2024-10-19T16:09:33.171+0000] {logging_mixin.py:190} INFO - [2024-10-19T16:09:33.171+0000] {dag.py:3229} INFO - Sync 1 DAGs
[2024-10-19T16:09:33.206+0000] {logging_mixin.py:190} INFO - [2024-10-19T16:09:33.205+0000] {dag.py:4156} INFO - Setting next_dagrun for wikimedia_pageviews_dag to 2024-10-19 00:00:00+00:00, run_after=2024-10-20 00:00:00+00:00
[2024-10-19T16:09:33.237+0000] {processor.py:208} INFO - Processing /opt/airflow/dags/tes.py took 0.147 seconds
[2024-10-19T16:10:03.472+0000] {processor.py:186} INFO - Started process (PID=1141) to work on /opt/airflow/dags/tes.py
[2024-10-19T16:10:03.473+0000] {processor.py:914} INFO - Processing file /opt/airflow/dags/tes.py for tasks to queue
[2024-10-19T16:10:03.476+0000] {logging_mixin.py:190} INFO - [2024-10-19T16:10:03.475+0000] {dagbag.py:587} INFO - Filling up the DagBag from /opt/airflow/dags/tes.py
[2024-10-19T16:10:03.507+0000] {processor.py:925} INFO - DAG(s) 'wikimedia_pageviews_dag' retrieved from /opt/airflow/dags/tes.py
[2024-10-19T16:10:03.555+0000] {logging_mixin.py:190} INFO - [2024-10-19T16:10:03.555+0000] {dag.py:3229} INFO - Sync 1 DAGs
[2024-10-19T16:10:03.591+0000] {logging_mixin.py:190} INFO - [2024-10-19T16:10:03.590+0000] {dag.py:4156} INFO - Setting next_dagrun for wikimedia_pageviews_dag to 2024-10-19 00:00:00+00:00, run_after=2024-10-20 00:00:00+00:00
[2024-10-19T16:10:03.634+0000] {processor.py:208} INFO - Processing /opt/airflow/dags/tes.py took 0.172 seconds
[2024-10-19T16:10:33.821+0000] {processor.py:186} INFO - Started process (PID=1151) to work on /opt/airflow/dags/tes.py
[2024-10-19T16:10:33.823+0000] {processor.py:914} INFO - Processing file /opt/airflow/dags/tes.py for tasks to queue
[2024-10-19T16:10:33.827+0000] {logging_mixin.py:190} INFO - [2024-10-19T16:10:33.826+0000] {dagbag.py:587} INFO - Filling up the DagBag from /opt/airflow/dags/tes.py
[2024-10-19T16:10:33.866+0000] {processor.py:925} INFO - DAG(s) 'wikimedia_pageviews_dag' retrieved from /opt/airflow/dags/tes.py
[2024-10-19T16:10:33.909+0000] {logging_mixin.py:190} INFO - [2024-10-19T16:10:33.909+0000] {dag.py:3229} INFO - Sync 1 DAGs
[2024-10-19T16:10:33.956+0000] {logging_mixin.py:190} INFO - [2024-10-19T16:10:33.955+0000] {dag.py:4156} INFO - Setting next_dagrun for wikimedia_pageviews_dag to 2024-10-19 00:00:00+00:00, run_after=2024-10-20 00:00:00+00:00
[2024-10-19T16:10:34.000+0000] {processor.py:208} INFO - Processing /opt/airflow/dags/tes.py took 0.192 seconds
[2024-10-19T16:11:04.876+0000] {processor.py:186} INFO - Started process (PID=1161) to work on /opt/airflow/dags/tes.py
[2024-10-19T16:11:04.878+0000] {processor.py:914} INFO - Processing file /opt/airflow/dags/tes.py for tasks to queue
[2024-10-19T16:11:04.881+0000] {logging_mixin.py:190} INFO - [2024-10-19T16:11:04.881+0000] {dagbag.py:587} INFO - Filling up the DagBag from /opt/airflow/dags/tes.py
[2024-10-19T16:11:04.913+0000] {processor.py:925} INFO - DAG(s) 'wikimedia_pageviews_dag' retrieved from /opt/airflow/dags/tes.py
[2024-10-19T16:11:04.955+0000] {logging_mixin.py:190} INFO - [2024-10-19T16:11:04.955+0000] {dag.py:3229} INFO - Sync 1 DAGs
[2024-10-19T16:11:05.008+0000] {logging_mixin.py:190} INFO - [2024-10-19T16:11:05.007+0000] {dag.py:4156} INFO - Setting next_dagrun for wikimedia_pageviews_dag to 2024-10-19 00:00:00+00:00, run_after=2024-10-20 00:00:00+00:00
[2024-10-19T16:11:05.067+0000] {processor.py:208} INFO - Processing /opt/airflow/dags/tes.py took 0.199 seconds
[2024-10-19T16:11:35.452+0000] {processor.py:186} INFO - Started process (PID=1169) to work on /opt/airflow/dags/tes.py
[2024-10-19T16:11:35.454+0000] {processor.py:914} INFO - Processing file /opt/airflow/dags/tes.py for tasks to queue
[2024-10-19T16:11:35.464+0000] {logging_mixin.py:190} INFO - [2024-10-19T16:11:35.463+0000] {dagbag.py:587} INFO - Filling up the DagBag from /opt/airflow/dags/tes.py
[2024-10-19T16:11:35.511+0000] {processor.py:925} INFO - DAG(s) 'wikimedia_pageviews_dag' retrieved from /opt/airflow/dags/tes.py
[2024-10-19T16:11:35.556+0000] {logging_mixin.py:190} INFO - [2024-10-19T16:11:35.555+0000] {dag.py:3229} INFO - Sync 1 DAGs
[2024-10-19T16:11:35.634+0000] {logging_mixin.py:190} INFO - [2024-10-19T16:11:35.634+0000] {dag.py:4156} INFO - Setting next_dagrun for wikimedia_pageviews_dag to 2024-10-19 00:00:00+00:00, run_after=2024-10-20 00:00:00+00:00
[2024-10-19T16:11:35.692+0000] {processor.py:208} INFO - Processing /opt/airflow/dags/tes.py took 0.263 seconds
[2024-10-19T16:12:06.268+0000] {processor.py:186} INFO - Started process (PID=1179) to work on /opt/airflow/dags/tes.py
[2024-10-19T16:12:06.269+0000] {processor.py:914} INFO - Processing file /opt/airflow/dags/tes.py for tasks to queue
[2024-10-19T16:12:06.271+0000] {logging_mixin.py:190} INFO - [2024-10-19T16:12:06.271+0000] {dagbag.py:587} INFO - Filling up the DagBag from /opt/airflow/dags/tes.py
[2024-10-19T16:12:06.300+0000] {processor.py:925} INFO - DAG(s) 'wikimedia_pageviews_dag' retrieved from /opt/airflow/dags/tes.py
[2024-10-19T16:12:06.335+0000] {logging_mixin.py:190} INFO - [2024-10-19T16:12:06.334+0000] {dag.py:3229} INFO - Sync 1 DAGs
[2024-10-19T16:12:06.372+0000] {logging_mixin.py:190} INFO - [2024-10-19T16:12:06.372+0000] {dag.py:4156} INFO - Setting next_dagrun for wikimedia_pageviews_dag to 2024-10-19 00:00:00+00:00, run_after=2024-10-20 00:00:00+00:00
[2024-10-19T16:12:06.405+0000] {processor.py:208} INFO - Processing /opt/airflow/dags/tes.py took 0.148 seconds
[2024-10-19T16:12:37.023+0000] {processor.py:186} INFO - Started process (PID=1189) to work on /opt/airflow/dags/tes.py
[2024-10-19T16:12:37.024+0000] {processor.py:914} INFO - Processing file /opt/airflow/dags/tes.py for tasks to queue
[2024-10-19T16:12:37.026+0000] {logging_mixin.py:190} INFO - [2024-10-19T16:12:37.025+0000] {dagbag.py:587} INFO - Filling up the DagBag from /opt/airflow/dags/tes.py
[2024-10-19T16:12:37.056+0000] {processor.py:925} INFO - DAG(s) 'wikimedia_pageviews_dag' retrieved from /opt/airflow/dags/tes.py
[2024-10-19T16:12:37.122+0000] {logging_mixin.py:190} INFO - [2024-10-19T16:12:37.121+0000] {dag.py:3229} INFO - Sync 1 DAGs
[2024-10-19T16:12:37.174+0000] {logging_mixin.py:190} INFO - [2024-10-19T16:12:37.173+0000] {dag.py:4156} INFO - Setting next_dagrun for wikimedia_pageviews_dag to 2024-10-19 00:00:00+00:00, run_after=2024-10-20 00:00:00+00:00
[2024-10-19T16:12:37.209+0000] {processor.py:208} INFO - Processing /opt/airflow/dags/tes.py took 0.195 seconds
[2024-10-19T16:13:07.558+0000] {processor.py:186} INFO - Started process (PID=1198) to work on /opt/airflow/dags/tes.py
[2024-10-19T16:13:07.559+0000] {processor.py:914} INFO - Processing file /opt/airflow/dags/tes.py for tasks to queue
[2024-10-19T16:13:07.561+0000] {logging_mixin.py:190} INFO - [2024-10-19T16:13:07.561+0000] {dagbag.py:587} INFO - Filling up the DagBag from /opt/airflow/dags/tes.py
[2024-10-19T16:13:07.587+0000] {processor.py:925} INFO - DAG(s) 'wikimedia_pageviews_dag' retrieved from /opt/airflow/dags/tes.py
[2024-10-19T16:13:07.642+0000] {logging_mixin.py:190} INFO - [2024-10-19T16:13:07.641+0000] {dag.py:3229} INFO - Sync 1 DAGs
[2024-10-19T16:13:07.690+0000] {logging_mixin.py:190} INFO - [2024-10-19T16:13:07.690+0000] {dag.py:4156} INFO - Setting next_dagrun for wikimedia_pageviews_dag to 2024-10-19 00:00:00+00:00, run_after=2024-10-20 00:00:00+00:00
[2024-10-19T16:13:07.745+0000] {processor.py:208} INFO - Processing /opt/airflow/dags/tes.py took 0.200 seconds
[2024-10-19T16:13:37.911+0000] {processor.py:186} INFO - Started process (PID=1207) to work on /opt/airflow/dags/tes.py
[2024-10-19T16:13:37.912+0000] {processor.py:914} INFO - Processing file /opt/airflow/dags/tes.py for tasks to queue
[2024-10-19T16:13:37.915+0000] {logging_mixin.py:190} INFO - [2024-10-19T16:13:37.914+0000] {dagbag.py:587} INFO - Filling up the DagBag from /opt/airflow/dags/tes.py
[2024-10-19T16:13:37.947+0000] {processor.py:925} INFO - DAG(s) 'wikimedia_pageviews_dag' retrieved from /opt/airflow/dags/tes.py
[2024-10-19T16:13:37.988+0000] {logging_mixin.py:190} INFO - [2024-10-19T16:13:37.988+0000] {dag.py:3229} INFO - Sync 1 DAGs
[2024-10-19T16:13:38.030+0000] {logging_mixin.py:190} INFO - [2024-10-19T16:13:38.030+0000] {dag.py:4156} INFO - Setting next_dagrun for wikimedia_pageviews_dag to 2024-10-19 00:00:00+00:00, run_after=2024-10-20 00:00:00+00:00
[2024-10-19T16:13:38.070+0000] {processor.py:208} INFO - Processing /opt/airflow/dags/tes.py took 0.169 seconds
[2024-10-19T16:14:08.746+0000] {processor.py:186} INFO - Started process (PID=1217) to work on /opt/airflow/dags/tes.py
[2024-10-19T16:14:08.749+0000] {processor.py:914} INFO - Processing file /opt/airflow/dags/tes.py for tasks to queue
[2024-10-19T16:14:08.763+0000] {logging_mixin.py:190} INFO - [2024-10-19T16:14:08.762+0000] {dagbag.py:587} INFO - Filling up the DagBag from /opt/airflow/dags/tes.py
[2024-10-19T16:14:08.872+0000] {processor.py:925} INFO - DAG(s) 'wikimedia_pageviews_dag' retrieved from /opt/airflow/dags/tes.py
[2024-10-19T16:14:09.055+0000] {logging_mixin.py:190} INFO - [2024-10-19T16:14:09.055+0000] {dag.py:3229} INFO - Sync 1 DAGs
[2024-10-19T16:14:09.225+0000] {logging_mixin.py:190} INFO - [2024-10-19T16:14:09.225+0000] {dag.py:4156} INFO - Setting next_dagrun for wikimedia_pageviews_dag to 2024-10-19 00:00:00+00:00, run_after=2024-10-20 00:00:00+00:00
[2024-10-19T16:14:09.315+0000] {processor.py:208} INFO - Processing /opt/airflow/dags/tes.py took 0.598 seconds
[2024-10-19T16:14:40.001+0000] {processor.py:186} INFO - Started process (PID=1227) to work on /opt/airflow/dags/tes.py
[2024-10-19T16:14:40.002+0000] {processor.py:914} INFO - Processing file /opt/airflow/dags/tes.py for tasks to queue
[2024-10-19T16:14:40.004+0000] {logging_mixin.py:190} INFO - [2024-10-19T16:14:40.004+0000] {dagbag.py:587} INFO - Filling up the DagBag from /opt/airflow/dags/tes.py
[2024-10-19T16:14:40.029+0000] {processor.py:925} INFO - DAG(s) 'wikimedia_pageviews_dag' retrieved from /opt/airflow/dags/tes.py
[2024-10-19T16:14:40.067+0000] {logging_mixin.py:190} INFO - [2024-10-19T16:14:40.067+0000] {dag.py:3229} INFO - Sync 1 DAGs
[2024-10-19T16:14:40.102+0000] {logging_mixin.py:190} INFO - [2024-10-19T16:14:40.101+0000] {dag.py:4156} INFO - Setting next_dagrun for wikimedia_pageviews_dag to 2024-10-19 00:00:00+00:00, run_after=2024-10-20 00:00:00+00:00
[2024-10-19T16:14:40.132+0000] {processor.py:208} INFO - Processing /opt/airflow/dags/tes.py took 0.144 seconds
[2024-10-19T16:15:10.448+0000] {processor.py:186} INFO - Started process (PID=1237) to work on /opt/airflow/dags/tes.py
[2024-10-19T16:15:10.450+0000] {processor.py:914} INFO - Processing file /opt/airflow/dags/tes.py for tasks to queue
[2024-10-19T16:15:10.452+0000] {logging_mixin.py:190} INFO - [2024-10-19T16:15:10.451+0000] {dagbag.py:587} INFO - Filling up the DagBag from /opt/airflow/dags/tes.py
[2024-10-19T16:15:10.487+0000] {processor.py:925} INFO - DAG(s) 'wikimedia_pageviews_dag' retrieved from /opt/airflow/dags/tes.py
[2024-10-19T16:15:10.531+0000] {logging_mixin.py:190} INFO - [2024-10-19T16:15:10.531+0000] {dag.py:3229} INFO - Sync 1 DAGs
[2024-10-19T16:15:10.570+0000] {logging_mixin.py:190} INFO - [2024-10-19T16:15:10.569+0000] {dag.py:4156} INFO - Setting next_dagrun for wikimedia_pageviews_dag to 2024-10-19 00:00:00+00:00, run_after=2024-10-20 00:00:00+00:00
[2024-10-19T16:15:10.614+0000] {processor.py:208} INFO - Processing /opt/airflow/dags/tes.py took 0.176 seconds
[2024-10-19T16:15:40.887+0000] {processor.py:186} INFO - Started process (PID=1247) to work on /opt/airflow/dags/tes.py
[2024-10-19T16:15:40.888+0000] {processor.py:914} INFO - Processing file /opt/airflow/dags/tes.py for tasks to queue
[2024-10-19T16:15:40.890+0000] {logging_mixin.py:190} INFO - [2024-10-19T16:15:40.890+0000] {dagbag.py:587} INFO - Filling up the DagBag from /opt/airflow/dags/tes.py
[2024-10-19T16:15:40.917+0000] {processor.py:925} INFO - DAG(s) 'wikimedia_pageviews_dag' retrieved from /opt/airflow/dags/tes.py
[2024-10-19T16:15:40.957+0000] {logging_mixin.py:190} INFO - [2024-10-19T16:15:40.957+0000] {dag.py:3229} INFO - Sync 1 DAGs
[2024-10-19T16:15:41.009+0000] {logging_mixin.py:190} INFO - [2024-10-19T16:15:41.009+0000] {dag.py:4156} INFO - Setting next_dagrun for wikimedia_pageviews_dag to 2024-10-19 00:00:00+00:00, run_after=2024-10-20 00:00:00+00:00
[2024-10-19T16:15:41.043+0000] {processor.py:208} INFO - Processing /opt/airflow/dags/tes.py took 0.166 seconds
[2024-10-19T16:16:11.229+0000] {processor.py:186} INFO - Started process (PID=1258) to work on /opt/airflow/dags/tes.py
[2024-10-19T16:16:11.231+0000] {processor.py:914} INFO - Processing file /opt/airflow/dags/tes.py for tasks to queue
[2024-10-19T16:16:11.233+0000] {logging_mixin.py:190} INFO - [2024-10-19T16:16:11.233+0000] {dagbag.py:587} INFO - Filling up the DagBag from /opt/airflow/dags/tes.py
[2024-10-19T16:16:11.270+0000] {processor.py:925} INFO - DAG(s) 'wikimedia_pageviews_dag' retrieved from /opt/airflow/dags/tes.py
[2024-10-19T16:16:11.315+0000] {logging_mixin.py:190} INFO - [2024-10-19T16:16:11.315+0000] {dag.py:3229} INFO - Sync 1 DAGs
[2024-10-19T16:16:11.355+0000] {logging_mixin.py:190} INFO - [2024-10-19T16:16:11.354+0000] {dag.py:4156} INFO - Setting next_dagrun for wikimedia_pageviews_dag to 2024-10-19 00:00:00+00:00, run_after=2024-10-20 00:00:00+00:00
[2024-10-19T16:16:11.388+0000] {processor.py:208} INFO - Processing /opt/airflow/dags/tes.py took 0.171 seconds
