[2024-11-16T10:33:16.812+0000] {processor.py:186} INFO - Started process (PID=636) to work on /opt/airflow/dags/rou/random_api/random_api.py
[2024-11-16T10:33:16.813+0000] {processor.py:914} INFO - Processing file /opt/airflow/dags/rou/random_api/random_api.py for tasks to queue
[2024-11-16T10:33:16.815+0000] {logging_mixin.py:190} INFO - [2024-11-16T10:33:16.815+0000] {dagbag.py:587} INFO - Filling up the DagBag from /opt/airflow/dags/rou/random_api/random_api.py
[2024-11-16T10:33:17.362+0000] {processor.py:925} INFO - DAG(s) 'rand_request' retrieved from /opt/airflow/dags/rou/random_api/random_api.py
[2024-11-16T10:33:17.547+0000] {logging_mixin.py:190} INFO - [2024-11-16T10:33:17.546+0000] {override.py:1900} INFO - Created Permission View: can edit on DAG:rand_request
[2024-11-16T10:33:17.566+0000] {logging_mixin.py:190} INFO - [2024-11-16T10:33:17.565+0000] {override.py:1900} INFO - Created Permission View: can delete on DAG:rand_request
[2024-11-16T10:33:17.586+0000] {logging_mixin.py:190} INFO - [2024-11-16T10:33:17.585+0000] {override.py:1900} INFO - Created Permission View: can read on DAG:rand_request
[2024-11-16T10:33:17.618+0000] {logging_mixin.py:190} INFO - [2024-11-16T10:33:17.618+0000] {override.py:1900} INFO - Created Permission View: can create on DAG Run:rand_request
[2024-11-16T10:33:17.639+0000] {logging_mixin.py:190} INFO - [2024-11-16T10:33:17.638+0000] {override.py:1900} INFO - Created Permission View: menu access on DAG Run:rand_request
[2024-11-16T10:33:17.664+0000] {logging_mixin.py:190} INFO - [2024-11-16T10:33:17.663+0000] {override.py:1900} INFO - Created Permission View: can delete on DAG Run:rand_request
[2024-11-16T10:33:17.683+0000] {logging_mixin.py:190} INFO - [2024-11-16T10:33:17.683+0000] {override.py:1900} INFO - Created Permission View: can read on DAG Run:rand_request
[2024-11-16T10:33:17.685+0000] {logging_mixin.py:190} INFO - [2024-11-16T10:33:17.684+0000] {dag.py:3229} INFO - Sync 1 DAGs
[2024-11-16T10:33:17.708+0000] {logging_mixin.py:190} INFO - [2024-11-16T10:33:17.707+0000] {dag.py:3252} INFO - Creating ORM DAG for rand_request
[2024-11-16T10:33:17.730+0000] {logging_mixin.py:190} INFO - [2024-11-16T10:33:17.729+0000] {dag.py:4156} INFO - Setting next_dagrun for rand_request to 2024-11-16 09:05:00+00:00, run_after=2024-11-16 10:05:00+00:00
[2024-11-16T10:33:17.743+0000] {processor.py:211} ERROR - Got an exception! Propagating...
Traceback (most recent call last):
  File "/home/airflow/.local/lib/python3.12/site-packages/airflow/dag_processing/processor.py", line 207, in _run_file_processor
    _handle_dag_file_processing()
  File "/home/airflow/.local/lib/python3.12/site-packages/airflow/dag_processing/processor.py", line 188, in _handle_dag_file_processing
    result: tuple[int, int, int] = dag_file_processor.process_file(
                                   ^^^^^^^^^^^^^^^^^^^^^^^^^^^^^^^^
  File "/home/airflow/.local/lib/python3.12/site-packages/airflow/utils/session.py", line 97, in wrapper
    return func(*args, session=session, **kwargs)
           ^^^^^^^^^^^^^^^^^^^^^^^^^^^^^^^^^^^^^^
  File "/home/airflow/.local/lib/python3.12/site-packages/airflow/dag_processing/processor.py", line 942, in process_file
    serialize_errors = DagFileProcessor.save_dag_to_db(
                       ^^^^^^^^^^^^^^^^^^^^^^^^^^^^^^^^
  File "/home/airflow/.local/lib/python3.12/site-packages/airflow/api_internal/internal_api_call.py", line 139, in wrapper
    return func(*args, **kwargs)
           ^^^^^^^^^^^^^^^^^^^^^
  File "/home/airflow/.local/lib/python3.12/site-packages/airflow/utils/session.py", line 97, in wrapper
    return func(*args, session=session, **kwargs)
           ^^^^^^^^^^^^^^^^^^^^^^^^^^^^^^^^^^^^^^
  File "/home/airflow/.local/lib/python3.12/site-packages/airflow/dag_processing/processor.py", line 982, in save_dag_to_db
    import_errors = DagBag._sync_to_db(dags=dags, processor_subdir=dag_directory, session=session)
                    ^^^^^^^^^^^^^^^^^^^^^^^^^^^^^^^^^^^^^^^^^^^^^^^^^^^^^^^^^^^^^^^^^^^^^^^^^^^^^^
  File "/home/airflow/.local/lib/python3.12/site-packages/airflow/utils/session.py", line 94, in wrapper
    return func(*args, **kwargs)
           ^^^^^^^^^^^^^^^^^^^^^
  File "/home/airflow/.local/lib/python3.12/site-packages/airflow/models/dagbag.py", line 707, in _sync_to_db
    for attempt in run_with_db_retries(logger=log):
                   ^^^^^^^^^^^^^^^^^^^^^^^^^^^^^^^
  File "/home/airflow/.local/lib/python3.12/site-packages/tenacity/__init__.py", line 443, in __iter__
    do = self.iter(retry_state=retry_state)
         ^^^^^^^^^^^^^^^^^^^^^^^^^^^^^^^^^^
  File "/home/airflow/.local/lib/python3.12/site-packages/tenacity/__init__.py", line 376, in iter
    result = action(retry_state)
             ^^^^^^^^^^^^^^^^^^^
  File "/home/airflow/.local/lib/python3.12/site-packages/tenacity/__init__.py", line 398, in <lambda>
    self._add_action_func(lambda rs: rs.outcome.result())
                                     ^^^^^^^^^^^^^^^^^^^
  File "/usr/local/lib/python3.12/concurrent/futures/_base.py", line 449, in result
    return self.__get_result()
           ^^^^^^^^^^^^^^^^^^^
  File "/usr/local/lib/python3.12/concurrent/futures/_base.py", line 401, in __get_result
    raise self._exception
  File "/home/airflow/.local/lib/python3.12/site-packages/airflow/models/dagbag.py", line 723, in _sync_to_db
    DAG.bulk_write_to_db(dags.values(), processor_subdir=processor_subdir, session=session)
  File "/home/airflow/.local/lib/python3.12/site-packages/airflow/utils/session.py", line 94, in wrapper
    return func(*args, **kwargs)
           ^^^^^^^^^^^^^^^^^^^^^
  File "/home/airflow/.local/lib/python3.12/site-packages/airflow/models/dag.py", line 3331, in bulk_write_to_db
    DagCode.bulk_sync_to_db(filelocs, session=session)
  File "/home/airflow/.local/lib/python3.12/site-packages/airflow/utils/session.py", line 94, in wrapper
    return func(*args, **kwargs)
           ^^^^^^^^^^^^^^^^^^^^^
  File "/home/airflow/.local/lib/python3.12/site-packages/airflow/models/dagcode.py", line 117, in bulk_sync_to_db
    orm_dag_code = DagCode(fileloc, cls._get_code_from_file(fileloc))
                                    ^^^^^^^^^^^^^^^^^^^^^^^^^^^^^^^^
  File "/home/airflow/.local/lib/python3.12/site-packages/airflow/models/dagcode.py", line 199, in _get_code_from_file
    with open_maybe_zipped(fileloc, "r") as f:
         ^^^^^^^^^^^^^^^^^^^^^^^^^^^^^^^
  File "/home/airflow/.local/lib/python3.12/site-packages/airflow/utils/file.py", line 195, in open_maybe_zipped
    return open(fileloc, mode=mode)
           ^^^^^^^^^^^^^^^^^^^^^^^^
FileNotFoundError: [Errno 2] No such file or directory: '/opt/airflow/dags/rou/random_api/random_api.py'
