[2024-10-07T20:03:00.514+0000] {local_task_job_runner.py:123} INFO - ::group::Pre task execution logs
[2024-10-07T20:03:00.548+0000] {taskinstance.py:2612} INFO - Dependencies all met for dep_context=non-requeueable deps ti=<TaskInstance: compl_cssnowflake.load_to_s3 manual__2024-10-07T19:54:55.778140+00:00 [queued]>
[2024-10-07T20:03:00.566+0000] {taskinstance.py:2612} INFO - Dependencies all met for dep_context=requeueable deps ti=<TaskInstance: compl_cssnowflake.load_to_s3 manual__2024-10-07T19:54:55.778140+00:00 [queued]>
[2024-10-07T20:03:00.567+0000] {taskinstance.py:2865} INFO - Starting attempt 3 of 3
[2024-10-07T20:03:00.597+0000] {taskinstance.py:2888} INFO - Executing <Task(PythonOperator): load_to_s3> on 2024-10-07 19:54:55.778140+00:00
[2024-10-07T20:03:00.613+0000] {warnings.py:112} WARNING - /home/***/.local/lib/python3.12/site-packages/***/task/task_runner/standard_task_runner.py:70: DeprecationWarning: This process (pid=4899) is multi-threaded, use of fork() may lead to deadlocks in the child.
  pid = os.fork()

[2024-10-07T20:03:00.614+0000] {standard_task_runner.py:104} INFO - Running: ['***', 'tasks', 'run', 'compl_cssnowflake', 'load_to_s3', 'manual__2024-10-07T19:54:55.778140+00:00', '--job-id', '68', '--raw', '--subdir', 'DAGS_FOLDER/school/ty.py', '--cfg-path', '/tmp/tmp5ywexhsz']
[2024-10-07T20:03:00.616+0000] {standard_task_runner.py:72} INFO - Started process 4901 to run task
[2024-10-07T20:03:00.616+0000] {standard_task_runner.py:105} INFO - Job 68: Subtask load_to_s3
[2024-10-07T20:03:00.710+0000] {task_command.py:467} INFO - Running <TaskInstance: compl_cssnowflake.load_to_s3 manual__2024-10-07T19:54:55.778140+00:00 [running]> on host 67bc14123253
[2024-10-07T20:03:00.912+0000] {taskinstance.py:3131} INFO - Exporting env vars: AIRFLOW_CTX_DAG_OWNER='seylow' AIRFLOW_CTX_DAG_ID='compl_cssnowflake' AIRFLOW_CTX_TASK_ID='load_to_s3' AIRFLOW_CTX_EXECUTION_DATE='2024-10-07T19:54:55.778140+00:00' AIRFLOW_CTX_TRY_NUMBER='3' AIRFLOW_CTX_DAG_RUN_ID='manual__2024-10-07T19:54:55.778140+00:00'
[2024-10-07T20:03:00.916+0000] {logging_mixin.py:190} INFO - Task instance is in running state
[2024-10-07T20:03:00.917+0000] {logging_mixin.py:190} INFO -  Previous state of the Task instance: queued
[2024-10-07T20:03:00.918+0000] {logging_mixin.py:190} INFO - Current task name:load_to_s3 state:running start_date:2024-10-07 20:03:00.549445+00:00
[2024-10-07T20:03:00.919+0000] {logging_mixin.py:190} INFO - Dag name:compl_cssnowflake and current dag run status:running
[2024-10-07T20:03:00.920+0000] {taskinstance.py:731} INFO - ::endgroup::
[2024-10-07T20:03:00.991+0000] {base.py:84} INFO - Retrieving connection 'simple_store'
[2024-10-07T20:03:00.993+0000] {connection_wrapper.py:388} INFO - AWS Connection (conn_id='simple_store', conn_type='aws') credentials retrieved from login and password.
[2024-10-07T20:03:05.011+0000] {ty.py:66} INFO - Uploaded arts_class.csv to S3 successfully.
[2024-10-07T20:03:05.617+0000] {ty.py:66} INFO - Uploaded business_class.csv to S3 successfully.
[2024-10-07T20:03:06.254+0000] {ty.py:66} INFO - Uploaded science_class.csv to S3 successfully.
[2024-10-07T20:03:07.141+0000] {ty.py:66} INFO - Uploaded survey.csv to S3 successfully.
[2024-10-07T20:03:07.143+0000] {python.py:240} INFO - Done. Returned value was: None
[2024-10-07T20:03:07.160+0000] {taskinstance.py:340} INFO - ::group::Post task execution logs
[2024-10-07T20:03:07.161+0000] {taskinstance.py:352} INFO - Marking task as SUCCESS. dag_id=compl_cssnowflake, task_id=load_to_s3, run_id=manual__2024-10-07T19:54:55.778140+00:00, execution_date=20241007T195455, start_date=20241007T200300, end_date=20241007T200307
[2024-10-07T20:03:07.181+0000] {logging_mixin.py:190} INFO - Task instance in success state
[2024-10-07T20:03:07.183+0000] {logging_mixin.py:190} INFO -  Previous state of the Task instance: running
[2024-10-07T20:03:07.184+0000] {logging_mixin.py:190} INFO - Dag name:compl_cssnowflake queued_at:2024-10-07 20:02:49.203214+00:00
[2024-10-07T20:03:07.185+0000] {logging_mixin.py:190} INFO - Task hostname:67bc14123253 operator:PythonOperator
[2024-10-07T20:03:07.218+0000] {local_task_job_runner.py:266} INFO - Task exited with return code 0
[2024-10-07T20:03:07.235+0000] {warnings.py:112} WARNING - /home/***/.local/lib/python3.12/site-packages/***/models/baseoperator.py:1378: AirflowProviderDeprecationWarning: Call to deprecated class SnowflakeOperator. (This class is deprecated. Please use `***.providers.common.sql.operators.sql.SQLExecuteQueryOperator`. Also, you can provide `hook_params={'warehouse': <warehouse>, 'database': <database>, 'role': <role>, 'schema': <schema>, 'authenticator': <authenticator>,'session_parameters': <session_parameters>}`.)
  result = cls.__new__(cls)

[2024-10-07T20:03:07.262+0000] {taskinstance.py:3900} INFO - 3 downstream tasks scheduled from follow-on schedule check
[2024-10-07T20:03:07.268+0000] {local_task_job_runner.py:245} INFO - ::endgroup::
