[2024-10-13T23:50:18.533+0000] {local_task_job_runner.py:123} INFO - ::group::Pre task execution logs
[2024-10-13T23:50:18.570+0000] {taskinstance.py:2612} INFO - Dependencies all met for dep_context=non-requeueable deps ti=<TaskInstance: adewunmi.execute_python_command manual__2024-10-13T23:50:13+00:00 [queued]>
[2024-10-13T23:50:18.585+0000] {taskinstance.py:2612} INFO - Dependencies all met for dep_context=requeueable deps ti=<TaskInstance: adewunmi.execute_python_command manual__2024-10-13T23:50:13+00:00 [queued]>
[2024-10-13T23:50:18.586+0000] {taskinstance.py:2865} INFO - Starting attempt 1 of 2
[2024-10-13T23:50:18.622+0000] {taskinstance.py:2888} INFO - Executing <Task(PythonOperator): execute_python_command> on 2024-10-13 23:50:13+00:00
[2024-10-13T23:50:18.631+0000] {warnings.py:112} WARNING - /home/***/.local/lib/python3.12/site-packages/***/task/task_runner/standard_task_runner.py:70: DeprecationWarning: This process (pid=149) is multi-threaded, use of fork() may lead to deadlocks in the child.
  pid = os.fork()

[2024-10-13T23:50:18.634+0000] {standard_task_runner.py:72} INFO - Started process 150 to run task
[2024-10-13T23:50:18.634+0000] {standard_task_runner.py:104} INFO - Running: ['***', 'tasks', 'run', 'adewunmi', 'execute_python_command', 'manual__2024-10-13T23:50:13+00:00', '--job-id', '22', '--raw', '--subdir', 'DAGS_FOLDER/email.py', '--cfg-path', '/tmp/tmp4r10ljpb']
[2024-10-13T23:50:18.635+0000] {standard_task_runner.py:105} INFO - Job 22: Subtask execute_python_command
[2024-10-13T23:50:18.717+0000] {task_command.py:467} INFO - Running <TaskInstance: adewunmi.execute_python_command manual__2024-10-13T23:50:13+00:00 [running]> on host 1b4cad12ae67
[2024-10-13T23:50:18.860+0000] {taskinstance.py:3131} INFO - Exporting env vars: AIRFLOW_CTX_DAG_OWNER='adewunmi' AIRFLOW_CTX_DAG_ID='adewunmi' AIRFLOW_CTX_TASK_ID='execute_python_command' AIRFLOW_CTX_EXECUTION_DATE='2024-10-13T23:50:13+00:00' AIRFLOW_CTX_TRY_NUMBER='1' AIRFLOW_CTX_DAG_RUN_ID='manual__2024-10-13T23:50:13+00:00'
[2024-10-13T23:50:18.862+0000] {taskinstance.py:731} INFO - ::endgroup::
[2024-10-13T23:50:18.880+0000] {logging_mixin.py:190} INFO - How are you?!
[2024-10-13T23:50:18.881+0000] {python.py:240} INFO - Done. Returned value was: None
[2024-10-13T23:50:18.895+0000] {taskinstance.py:340} INFO - ::group::Post task execution logs
[2024-10-13T23:50:18.895+0000] {taskinstance.py:352} INFO - Marking task as SUCCESS. dag_id=adewunmi, task_id=execute_python_command, run_id=manual__2024-10-13T23:50:13+00:00, execution_date=20241013T235013, start_date=20241013T235018, end_date=20241013T235018
[2024-10-13T23:50:18.896+0000] {taskinstance.py:1563} INFO - Executing callback at index 0: task_success_alert
[2024-10-13T23:50:18.898+0000] {logging_mixin.py:190} INFO - {'conf': <***.configuration.AirflowConfigParser object at 0x7f63670a4bf0>, 'dag': <DAG: adewunmi>, 'dag_run': <DagRun adewunmi @ 2024-10-13 23:50:13+00:00: manual__2024-10-13T23:50:13+00:00, state:running, queued_at: 2024-10-13 23:50:16.573835+00:00. externally triggered: True>, 'data_interval_end': DateTime(2024, 10, 13, 23, 50, 13, tzinfo=Timezone('UTC')), 'data_interval_start': DateTime(2024, 10, 13, 23, 50, 13, tzinfo=Timezone('UTC')), 'outlet_events': <***.utils.context.OutletEventAccessors object at 0x7f6355183e30>, 'ds': '2024-10-13', 'ds_nodash': '20241013', 'execution_date': DateTime(2024, 10, 13, 23, 50, 13, tzinfo=Timezone('UTC')), 'expanded_ti_count': None, 'inlets': [], 'inlet_events': InletEventsAccessors(_inlets=[], _datasets={}, _dataset_aliases={}, _session=<sqlalchemy.orm.session.Session object at 0x7f63670e98e0>), 'logical_date': DateTime(2024, 10, 13, 23, 50, 13, tzinfo=Timezone('UTC')), 'macros': <module '***.macros' from '/home/***/.local/lib/python3.12/site-packages/***/macros/__init__.py'>, 'map_index_template': None, 'next_ds': '2024-10-13', 'next_ds_nodash': '20241013', 'next_execution_date': DateTime(2024, 10, 13, 23, 50, 13, tzinfo=Timezone('UTC')), 'outlets': [], 'params': {'environment': 'local dev', 'dag_owner': 'adewunmi'}, 'prev_data_interval_start_success': DateTime(2024, 10, 13, 23, 48, 28, tzinfo=Timezone('UTC')), 'prev_data_interval_end_success': DateTime(2024, 10, 13, 23, 48, 28, tzinfo=Timezone('UTC')), 'prev_ds': '2024-10-13', 'prev_ds_nodash': '20241013', 'prev_execution_date': DateTime(2024, 10, 13, 23, 50, 13, tzinfo=Timezone('UTC')), 'prev_execution_date_success': DateTime(2024, 10, 13, 23, 48, 28, tzinfo=Timezone('UTC')), 'prev_start_date_success': DateTime(2024, 10, 13, 23, 48, 33, 489777, tzinfo=Timezone('UTC')), 'prev_end_date_success': DateTime(2024, 10, 13, 23, 48, 45, 108169, tzinfo=Timezone('UTC')), 'run_id': 'manual__2024-10-13T23:50:13+00:00', 'task': <Task(PythonOperator): execute_python_command>, 'task_instance': <TaskInstance: adewunmi.execute_python_command manual__2024-10-13T23:50:13+00:00 [success]>, 'task_instance_key_str': 'adewunmi__execute_python_command__20241013', 'test_mode': False, 'ti': <TaskInstance: adewunmi.execute_python_command manual__2024-10-13T23:50:13+00:00 [success]>, 'tomorrow_ds': '2024-10-14', 'tomorrow_ds_nodash': '20241014', 'triggering_dataset_events': <Proxy at 0x7f63551c6b00 with factory <function _get_template_context.<locals>.get_triggering_events at 0x7f635536b740>>, 'ts': '2024-10-13T23:50:13+00:00', 'ts_nodash': '20241013T235013', 'ts_nodash_with_tz': '20241013T235013+0000', 'var': {'json': None, 'value': None}, 'conn': None, 'yesterday_ds': '2024-10-12', 'yesterday_ds_nodash': '20241012', 'templates_dict': None}
[2024-10-13T23:50:22.564+0000] {logging_mixin.py:190} INFO - Email Sent Successfully
[2024-10-13T23:50:22.754+0000] {local_task_job_runner.py:266} INFO - Task exited with return code 0
[2024-10-13T23:50:22.786+0000] {taskinstance.py:3900} INFO - 1 downstream tasks scheduled from follow-on schedule check
[2024-10-13T23:50:22.797+0000] {local_task_job_runner.py:245} INFO - ::endgroup::
