[2024-11-10T13:17:30.335+0000] {local_task_job_runner.py:123} INFO - ::group::Pre task execution logs
[2024-11-10T13:17:30.380+0000] {taskinstance.py:2612} INFO - Dependencies all met for dep_context=non-requeueable deps ti=<TaskInstance: tem.bash_task3 scheduled__2024-11-09T00:00:00+00:00 [queued]>
[2024-11-10T13:17:30.396+0000] {taskinstance.py:2612} INFO - Dependencies all met for dep_context=requeueable deps ti=<TaskInstance: tem.bash_task3 scheduled__2024-11-09T00:00:00+00:00 [queued]>
[2024-11-10T13:17:30.397+0000] {taskinstance.py:2865} INFO - Starting attempt 1 of 3
[2024-11-10T13:17:30.425+0000] {taskinstance.py:2888} INFO - Executing <Task(BashOperator): bash_task3> on 2024-11-09 00:00:00+00:00
[2024-11-10T13:17:30.435+0000] {warnings.py:112} WARNING - /home/***/.local/lib/python3.12/site-packages/***/task/task_runner/standard_task_runner.py:70: DeprecationWarning: This process (pid=1112) is multi-threaded, use of fork() may lead to deadlocks in the child.
  pid = os.fork()

[2024-11-10T13:17:30.439+0000] {standard_task_runner.py:72} INFO - Started process 1113 to run task
[2024-11-10T13:17:30.438+0000] {standard_task_runner.py:104} INFO - Running: ['***', 'tasks', 'run', 'tem', 'bash_task3', 'scheduled__2024-11-09T00:00:00+00:00', '--job-id', '80', '--raw', '--subdir', 'DAGS_FOLDER/templatin/template.py', '--cfg-path', '/tmp/tmpsgnz0tdf']
[2024-11-10T13:17:30.440+0000] {standard_task_runner.py:105} INFO - Job 80: Subtask bash_task3
[2024-11-10T13:17:30.523+0000] {task_command.py:467} INFO - Running <TaskInstance: tem.bash_task3 scheduled__2024-11-09T00:00:00+00:00 [running]> on host fe3e688f2b29
[2024-11-10T13:17:30.689+0000] {taskinstance.py:3131} INFO - Exporting env vars: AIRFLOW_CTX_DAG_OWNER='ade' AIRFLOW_CTX_DAG_ID='tem' AIRFLOW_CTX_TASK_ID='bash_task3' AIRFLOW_CTX_EXECUTION_DATE='2024-11-09T00:00:00+00:00' AIRFLOW_CTX_TRY_NUMBER='1' AIRFLOW_CTX_DAG_RUN_ID='scheduled__2024-11-09T00:00:00+00:00'
[2024-11-10T13:17:30.691+0000] {taskinstance.py:731} INFO - ::endgroup::
[2024-11-10T13:17:30.711+0000] {subprocess.py:63} INFO - Tmp dir root location: /tmp
[2024-11-10T13:17:30.713+0000] {subprocess.py:75} INFO - Running command: ['/usr/bin/bash', '-c', 'echo "9"']
[2024-11-10T13:17:30.728+0000] {subprocess.py:86} INFO - Output:
[2024-11-10T13:17:30.731+0000] {subprocess.py:93} INFO - 9
[2024-11-10T13:17:30.732+0000] {subprocess.py:97} INFO - Command exited with return code 0
[2024-11-10T13:17:30.769+0000] {taskinstance.py:340} INFO - ::group::Post task execution logs
[2024-11-10T13:17:30.770+0000] {taskinstance.py:352} INFO - Marking task as SUCCESS. dag_id=tem, task_id=bash_task3, run_id=scheduled__2024-11-09T00:00:00+00:00, execution_date=20241109T000000, start_date=20241110T131730, end_date=20241110T131730
[2024-11-10T13:17:30.816+0000] {local_task_job_runner.py:266} INFO - Task exited with return code 0
[2024-11-10T13:17:30.856+0000] {taskinstance.py:3900} INFO - 1 downstream tasks scheduled from follow-on schedule check
[2024-11-10T13:17:30.862+0000] {local_task_job_runner.py:245} INFO - ::endgroup::
