[2024-11-02T13:26:41.401+0000] {local_task_job_runner.py:123} INFO - ::group::Pre task execution logs
[2024-11-02T13:26:41.445+0000] {taskinstance.py:2612} INFO - Dependencies all met for dep_context=non-requeueable deps ti=<TaskInstance: tem.bash_task manual__2024-11-02T13:26:39.379232+00:00 [queued]>
[2024-11-02T13:26:41.468+0000] {taskinstance.py:2612} INFO - Dependencies all met for dep_context=requeueable deps ti=<TaskInstance: tem.bash_task manual__2024-11-02T13:26:39.379232+00:00 [queued]>
[2024-11-02T13:26:41.469+0000] {taskinstance.py:2865} INFO - Starting attempt 1 of 3
[2024-11-02T13:26:41.499+0000] {taskinstance.py:2888} INFO - Executing <Task(BashOperator): bash_task> on 2024-11-02 13:26:39.379232+00:00
[2024-11-02T13:26:41.508+0000] {warnings.py:112} WARNING - /home/***/.local/lib/python3.12/site-packages/***/task/task_runner/standard_task_runner.py:70: DeprecationWarning: This process (pid=374) is multi-threaded, use of fork() may lead to deadlocks in the child.
  pid = os.fork()

[2024-11-02T13:26:41.512+0000] {standard_task_runner.py:72} INFO - Started process 375 to run task
[2024-11-02T13:26:41.511+0000] {standard_task_runner.py:104} INFO - Running: ['***', 'tasks', 'run', 'tem', 'bash_task', 'manual__2024-11-02T13:26:39.379232+00:00', '--job-id', '10', '--raw', '--subdir', 'DAGS_FOLDER/templatin/template.py', '--cfg-path', '/tmp/tmp66ao_o4l']
[2024-11-02T13:26:41.514+0000] {standard_task_runner.py:105} INFO - Job 10: Subtask bash_task
[2024-11-02T13:26:41.642+0000] {task_command.py:467} INFO - Running <TaskInstance: tem.bash_task manual__2024-11-02T13:26:39.379232+00:00 [running]> on host fe3e688f2b29
[2024-11-02T13:26:41.790+0000] {taskinstance.py:3131} INFO - Exporting env vars: AIRFLOW_CTX_DAG_OWNER='ade' AIRFLOW_CTX_DAG_ID='tem' AIRFLOW_CTX_TASK_ID='bash_task' AIRFLOW_CTX_EXECUTION_DATE='2024-11-02T13:26:39.379232+00:00' AIRFLOW_CTX_TRY_NUMBER='1' AIRFLOW_CTX_DAG_RUN_ID='manual__2024-11-02T13:26:39.379232+00:00'
[2024-11-02T13:26:41.792+0000] {taskinstance.py:731} INFO - ::endgroup::
[2024-11-02T13:26:41.822+0000] {subprocess.py:63} INFO - Tmp dir root location: /tmp
[2024-11-02T13:26:41.824+0000] {subprocess.py:75} INFO - Running command: ['/usr/bin/bash', '-c', 'echo "2024"']
[2024-11-02T13:26:41.838+0000] {subprocess.py:86} INFO - Output:
[2024-11-02T13:26:41.839+0000] {subprocess.py:93} INFO - 2024
[2024-11-02T13:26:41.840+0000] {subprocess.py:97} INFO - Command exited with return code 0
[2024-11-02T13:26:41.896+0000] {taskinstance.py:340} INFO - ::group::Post task execution logs
[2024-11-02T13:26:41.897+0000] {taskinstance.py:352} INFO - Marking task as SUCCESS. dag_id=tem, task_id=bash_task, run_id=manual__2024-11-02T13:26:39.379232+00:00, execution_date=20241102T132639, start_date=20241102T132641, end_date=20241102T132641
[2024-11-02T13:26:41.933+0000] {local_task_job_runner.py:266} INFO - Task exited with return code 0
[2024-11-02T13:26:41.973+0000] {taskinstance.py:3900} INFO - 1 downstream tasks scheduled from follow-on schedule check
[2024-11-02T13:26:41.984+0000] {local_task_job_runner.py:245} INFO - ::endgroup::
