[2024-11-17T23:15:16.994+0000] {local_task_job_runner.py:123} INFO - ::group::Pre task execution logs
[2024-11-17T23:15:17.014+0000] {taskinstance.py:2612} INFO - Dependencies all met for dep_context=non-requeueable deps ti=<TaskInstance: capstone.object_datalake manual__2024-11-17T23:15:06.122665+00:00 [queued]>
[2024-11-17T23:15:17.026+0000] {taskinstance.py:2612} INFO - Dependencies all met for dep_context=requeueable deps ti=<TaskInstance: capstone.object_datalake manual__2024-11-17T23:15:06.122665+00:00 [queued]>
[2024-11-17T23:15:17.027+0000] {taskinstance.py:2865} INFO - Starting attempt 1 of 3
[2024-11-17T23:15:17.050+0000] {taskinstance.py:2888} INFO - Executing <Task(PythonOperator): object_datalake> on 2024-11-17 23:15:06.122665+00:00
[2024-11-17T23:15:17.061+0000] {warnings.py:112} WARNING - /home/***/.local/lib/python3.12/site-packages/***/task/task_runner/standard_task_runner.py:70: DeprecationWarning: This process (pid=1422) is multi-threaded, use of fork() may lead to deadlocks in the child.
  pid = os.fork()

[2024-11-17T23:15:17.063+0000] {standard_task_runner.py:72} INFO - Started process 1424 to run task
[2024-11-17T23:15:17.064+0000] {standard_task_runner.py:104} INFO - Running: ['***', 'tasks', 'run', 'capstone', 'object_datalake', 'manual__2024-11-17T23:15:06.122665+00:00', '--job-id', '35', '--raw', '--subdir', 'DAGS_FOLDER/capstone_***/country.py', '--cfg-path', '/tmp/tmp3k8a74_v']
[2024-11-17T23:15:17.068+0000] {standard_task_runner.py:105} INFO - Job 35: Subtask object_datalake
[2024-11-17T23:15:17.133+0000] {task_command.py:467} INFO - Running <TaskInstance: capstone.object_datalake manual__2024-11-17T23:15:06.122665+00:00 [running]> on host ea8ac57aed30
[2024-11-17T23:15:17.253+0000] {taskinstance.py:3131} INFO - Exporting env vars: AIRFLOW_CTX_DAG_OWNER='adewunmi' AIRFLOW_CTX_DAG_ID='capstone' AIRFLOW_CTX_TASK_ID='object_datalake' AIRFLOW_CTX_EXECUTION_DATE='2024-11-17T23:15:06.122665+00:00' AIRFLOW_CTX_TRY_NUMBER='1' AIRFLOW_CTX_DAG_RUN_ID='manual__2024-11-17T23:15:06.122665+00:00'
[2024-11-17T23:15:17.255+0000] {taskinstance.py:731} INFO - ::endgroup::
[2024-11-17T23:15:17.275+0000] {cap.py:24} INFO - GET request initiating
[2024-11-17T23:15:18.723+0000] {cap.py:29} INFO - API request connection is okay
[2024-11-17T23:15:18.867+0000] {cap.py:35} INFO - Response data received successfully
[2024-11-17T23:15:24.959+0000] {cap.py:89} INFO - Data successfully written to S3 in Parquet format.
[2024-11-17T23:15:24.966+0000] {python.py:240} INFO - Done. Returned value was: None
[2024-11-17T23:15:24.980+0000] {taskinstance.py:340} INFO - ::group::Post task execution logs
[2024-11-17T23:15:24.981+0000] {taskinstance.py:352} INFO - Marking task as SUCCESS. dag_id=capstone, task_id=object_datalake, run_id=manual__2024-11-17T23:15:06.122665+00:00, execution_date=20241117T231506, start_date=20241117T231517, end_date=20241117T231524
[2024-11-17T23:15:25.036+0000] {local_task_job_runner.py:266} INFO - Task exited with return code 0
[2024-11-17T23:15:25.086+0000] {taskinstance.py:3900} INFO - 1 downstream tasks scheduled from follow-on schedule check
[2024-11-17T23:15:25.099+0000] {local_task_job_runner.py:245} INFO - ::endgroup::
