[2024-10-07T13:49:46.737+0000] {local_task_job_runner.py:123} INFO - ::group::Pre task execution logs
[2024-10-07T13:49:46.758+0000] {taskinstance.py:2612} INFO - Dependencies all met for dep_context=non-requeueable deps ti=<TaskInstance: multiple_csv_to_s3.load_csv manual__2024-10-07T13:48:09.403712+00:00 [queued]>
[2024-10-07T13:49:46.770+0000] {taskinstance.py:2612} INFO - Dependencies all met for dep_context=requeueable deps ti=<TaskInstance: multiple_csv_to_s3.load_csv manual__2024-10-07T13:48:09.403712+00:00 [queued]>
[2024-10-07T13:49:46.771+0000] {taskinstance.py:2865} INFO - Starting attempt 2 of 2
[2024-10-07T13:49:46.795+0000] {taskinstance.py:2888} INFO - Executing <Task(PythonOperator): load_csv> on 2024-10-07 13:48:09.403712+00:00
[2024-10-07T13:49:46.805+0000] {warnings.py:112} WARNING - /home/***/.local/lib/python3.12/site-packages/***/task/task_runner/standard_task_runner.py:70: DeprecationWarning: This process (pid=140) is multi-threaded, use of fork() may lead to deadlocks in the child.
  pid = os.fork()

[2024-10-07T13:49:46.807+0000] {standard_task_runner.py:72} INFO - Started process 142 to run task
[2024-10-07T13:49:46.808+0000] {standard_task_runner.py:104} INFO - Running: ['***', 'tasks', 'run', 'multiple_csv_to_s3', 'load_csv', 'manual__2024-10-07T13:48:09.403712+00:00', '--job-id', '17', '--raw', '--subdir', 'DAGS_FOLDER/school/student.py', '--cfg-path', '/tmp/tmpn38t_cdx']
[2024-10-07T13:49:46.809+0000] {standard_task_runner.py:105} INFO - Job 17: Subtask load_csv
[2024-10-07T13:49:46.879+0000] {task_command.py:467} INFO - Running <TaskInstance: multiple_csv_to_s3.load_csv manual__2024-10-07T13:48:09.403712+00:00 [running]> on host 67bc14123253
[2024-10-07T13:49:46.997+0000] {taskinstance.py:3131} INFO - Exporting env vars: AIRFLOW_CTX_DAG_OWNER='***' AIRFLOW_CTX_DAG_ID='multiple_csv_to_s3' AIRFLOW_CTX_TASK_ID='load_csv' AIRFLOW_CTX_EXECUTION_DATE='2024-10-07T13:48:09.403712+00:00' AIRFLOW_CTX_TRY_NUMBER='2' AIRFLOW_CTX_DAG_RUN_ID='manual__2024-10-07T13:48:09.403712+00:00'
[2024-10-07T13:49:47.000+0000] {logging_mixin.py:190} INFO - Task instance is in running state
[2024-10-07T13:49:47.001+0000] {logging_mixin.py:190} INFO -  Previous state of the Task instance: queued
[2024-10-07T13:49:47.001+0000] {logging_mixin.py:190} INFO - Current task name:load_csv state:running start_date:2024-10-07 13:49:46.759282+00:00
[2024-10-07T13:49:47.002+0000] {logging_mixin.py:190} INFO - Dag name:multiple_csv_to_s3 and current dag run status:running
[2024-10-07T13:49:47.002+0000] {taskinstance.py:731} INFO - ::endgroup::
[2024-10-07T13:49:47.113+0000] {python.py:240} INFO - Done. Returned value was: None
[2024-10-07T13:49:47.131+0000] {taskinstance.py:340} INFO - ::group::Post task execution logs
[2024-10-07T13:49:47.134+0000] {taskinstance.py:352} INFO - Marking task as SUCCESS. dag_id=multiple_csv_to_s3, task_id=load_csv, run_id=manual__2024-10-07T13:48:09.403712+00:00, execution_date=20241007T134809, start_date=20241007T134946, end_date=20241007T134947
[2024-10-07T13:49:47.152+0000] {logging_mixin.py:190} INFO - Task instance in success state
[2024-10-07T13:49:47.153+0000] {logging_mixin.py:190} INFO -  Previous state of the Task instance: running
[2024-10-07T13:49:47.154+0000] {logging_mixin.py:190} INFO - Dag name:multiple_csv_to_s3 queued_at:2024-10-07 13:49:44.385098+00:00
[2024-10-07T13:49:47.155+0000] {logging_mixin.py:190} INFO - Task hostname:67bc14123253 operator:PythonOperator
[2024-10-07T13:49:47.184+0000] {local_task_job_runner.py:266} INFO - Task exited with return code 0
[2024-10-07T13:49:47.213+0000] {taskinstance.py:3900} INFO - 1 downstream tasks scheduled from follow-on schedule check
[2024-10-07T13:49:47.225+0000] {local_task_job_runner.py:245} INFO - ::endgroup::
