[2024-11-17T23:35:15.834+0000] {local_task_job_runner.py:123} INFO - ::group::Pre task execution logs
[2024-11-17T23:35:15.861+0000] {taskinstance.py:2612} INFO - Dependencies all met for dep_context=non-requeueable deps ti=<TaskInstance: capstone.down_cs manual__2024-11-17T23:15:06.122665+00:00 [queued]>
[2024-11-17T23:35:15.874+0000] {taskinstance.py:2612} INFO - Dependencies all met for dep_context=requeueable deps ti=<TaskInstance: capstone.down_cs manual__2024-11-17T23:15:06.122665+00:00 [queued]>
[2024-11-17T23:35:15.874+0000] {taskinstance.py:2865} INFO - Starting attempt 5 of 7
[2024-11-17T23:35:15.902+0000] {taskinstance.py:2888} INFO - Executing <Task(PythonOperator): down_cs> on 2024-11-17 23:15:06.122665+00:00
[2024-11-17T23:35:15.912+0000] {warnings.py:112} WARNING - /home/***/.local/lib/python3.12/site-packages/***/task/task_runner/standard_task_runner.py:70: DeprecationWarning: This process (pid=1762) is multi-threaded, use of fork() may lead to deadlocks in the child.
  pid = os.fork()

[2024-11-17T23:35:15.915+0000] {standard_task_runner.py:72} INFO - Started process 1764 to run task
[2024-11-17T23:35:15.914+0000] {standard_task_runner.py:104} INFO - Running: ['***', 'tasks', 'run', 'capstone', 'down_cs', 'manual__2024-11-17T23:15:06.122665+00:00', '--job-id', '49', '--raw', '--subdir', 'DAGS_FOLDER/capstone_***/country.py', '--cfg-path', '/tmp/tmp0wh0kb_q']
[2024-11-17T23:35:15.918+0000] {standard_task_runner.py:105} INFO - Job 49: Subtask down_cs
[2024-11-17T23:35:16.003+0000] {task_command.py:467} INFO - Running <TaskInstance: capstone.down_cs manual__2024-11-17T23:15:06.122665+00:00 [running]> on host ea8ac57aed30
[2024-11-17T23:35:16.201+0000] {taskinstance.py:3131} INFO - Exporting env vars: AIRFLOW_CTX_DAG_OWNER='adewunmi' AIRFLOW_CTX_DAG_ID='capstone' AIRFLOW_CTX_TASK_ID='down_cs' AIRFLOW_CTX_EXECUTION_DATE='2024-11-17T23:15:06.122665+00:00' AIRFLOW_CTX_TRY_NUMBER='5' AIRFLOW_CTX_DAG_RUN_ID='manual__2024-11-17T23:15:06.122665+00:00'
[2024-11-17T23:35:16.203+0000] {taskinstance.py:731} INFO - ::endgroup::
[2024-11-17T23:35:16.223+0000] {cap.py:381} INFO - Starting table transformation process.
[2024-11-17T23:35:16.223+0000] {cap.py:326} INFO - Starting the table joining process.
[2024-11-17T23:35:16.224+0000] {cap.py:135} INFO - Starting column selection process.
[2024-11-17T23:35:19.088+0000] {cap.py:116} INFO - Successfully read Parquet file from S3.
[2024-11-17T23:35:19.091+0000] {cap.py:145} INFO - Data loaded successfully from S3.
[2024-11-17T23:35:19.095+0000] {cap.py:157} INFO - Column selection completed successfully.
[2024-11-17T23:35:19.100+0000] {cap.py:174} INFO - Starting currency extraction process.
[2024-11-17T23:35:26.187+0000] {cap.py:116} INFO - Successfully read Parquet file from S3.
[2024-11-17T23:35:26.189+0000] {cap.py:184} INFO - Data loaded successfully from S3.
[2024-11-17T23:35:26.190+0000] {cap.py:192} INFO - Filtering currency symbol columns and joining with country names.
[2024-11-17T23:35:26.237+0000] {cap.py:196} INFO - Melting the data to extract currency codes and symbols.
[2024-11-17T23:35:26.269+0000] {cap.py:200} INFO - Removing rows with null currency symbols.
[2024-11-17T23:35:26.336+0000] {cap.py:204} INFO - Cleaning up currency codes.
[2024-11-17T23:35:26.339+0000] {cap.py:208} INFO - Grouping by country and aggregating currency symbols and codes.
[2024-11-17T23:35:26.415+0000] {cap.py:214} INFO - Currency extraction completed successfully.
[2024-11-17T23:35:26.424+0000] {cap.py:341} INFO - Currency code and symbol extracted successfully.
[2024-11-17T23:35:26.426+0000] {cap.py:230} INFO - Starting currency name extraction process.
[2024-11-17T23:35:33.383+0000] {cap.py:116} INFO - Successfully read Parquet file from S3.
[2024-11-17T23:35:33.385+0000] {cap.py:240} INFO - Data loaded successfully from S3.
[2024-11-17T23:35:33.386+0000] {cap.py:243} INFO - Filtering country names and currency name columns.
[2024-11-17T23:35:33.447+0000] {cap.py:247} INFO - Melting data to extract currency names.
[2024-11-17T23:35:33.482+0000] {cap.py:251} INFO - Removing rows with null currency names.
[2024-11-17T23:35:33.538+0000] {cap.py:258} INFO - Grouping by country and aggregating currency names.
[2024-11-17T23:35:33.580+0000] {cap.py:261} INFO - Currency name extraction completed successfully.
[2024-11-17T23:35:33.590+0000] {cap.py:348} INFO - Currency name extracted successfully.
[2024-11-17T23:35:33.591+0000] {cap.py:279} INFO - Starting language extraction process.
[2024-11-17T23:35:36.346+0000] {cap.py:116} INFO - Successfully read Parquet file from S3.
[2024-11-17T23:35:36.348+0000] {cap.py:289} INFO - Data loaded successfully from S3.
[2024-11-17T23:35:36.348+0000] {cap.py:292} INFO - Filtering country names and language columns.
[2024-11-17T23:35:36.878+0000] {cap.py:296} INFO - Melting data to extract languages.
[2024-11-17T23:35:36.941+0000] {cap.py:300} INFO - Removing rows with null language values.
[2024-11-17T23:35:36.990+0000] {cap.py:307} INFO - Grouping by country and aggregating languages.
[2024-11-17T23:35:37.026+0000] {cap.py:310} INFO - Language extraction completed successfully.
[2024-11-17T23:35:37.032+0000] {cap.py:355} INFO - Languages extracted successfully.
[2024-11-17T23:35:37.033+0000] {cap.py:358} INFO - Joining tables.
[2024-11-17T23:35:37.057+0000] {cap.py:363} INFO - Tables joined successfully.
[2024-11-17T23:35:37.058+0000] {cap.py:390} INFO - Data joined successfully for transformation.
[2024-11-17T23:35:37.075+0000] {cap.py:401} INFO - Column continents transformed successfully.
[2024-11-17T23:35:37.093+0000] {cap.py:401} INFO - Column idd.suffixes transformed successfully.
[2024-11-17T23:35:37.117+0000] {cap.py:401} INFO - Column capital transformed successfully.
[2024-11-17T23:35:37.122+0000] {cap.py:408} INFO - 'country_code' column created successfully.
[2024-11-17T23:35:37.127+0000] {cap.py:414} INFO - Unnecessary columns dropped successfully.
[2024-11-17T23:35:38.238+0000] {python.py:240} INFO - Done. Returned value was: None
[2024-11-17T23:35:38.255+0000] {taskinstance.py:340} INFO - ::group::Post task execution logs
[2024-11-17T23:35:38.256+0000] {taskinstance.py:352} INFO - Marking task as SUCCESS. dag_id=capstone, task_id=down_cs, run_id=manual__2024-11-17T23:15:06.122665+00:00, execution_date=20241117T231506, start_date=20241117T233515, end_date=20241117T233538
[2024-11-17T23:35:38.322+0000] {local_task_job_runner.py:266} INFO - Task exited with return code 0
[2024-11-17T23:35:38.345+0000] {taskinstance.py:3900} INFO - 0 downstream tasks scheduled from follow-on schedule check
[2024-11-17T23:35:38.352+0000] {local_task_job_runner.py:245} INFO - ::endgroup::
