[2024-10-17T20:45:54.523+0000] {local_task_job_runner.py:123} INFO - ::group::Pre task execution logs
[2024-10-17T20:45:54.551+0000] {taskinstance.py:2612} INFO - Dependencies all met for dep_context=non-requeueable deps ti=<TaskInstance: postgres_to_s3.load_to_postgres scheduled__2024-10-16T00:00:00+00:00 [queued]>
[2024-10-17T20:45:54.573+0000] {taskinstance.py:2612} INFO - Dependencies all met for dep_context=requeueable deps ti=<TaskInstance: postgres_to_s3.load_to_postgres scheduled__2024-10-16T00:00:00+00:00 [queued]>
[2024-10-17T20:45:54.574+0000] {taskinstance.py:2865} INFO - Starting attempt 10 of 10
[2024-10-17T20:45:54.623+0000] {taskinstance.py:2888} INFO - Executing <Task(PythonOperator): load_to_postgres> on 2024-10-16 00:00:00+00:00
[2024-10-17T20:45:54.639+0000] {warnings.py:112} WARNING - /home/***/.local/lib/python3.12/site-packages/***/task/task_runner/standard_task_runner.py:70: DeprecationWarning: This process (pid=947) is multi-threaded, use of fork() may lead to deadlocks in the child.
  pid = os.fork()

[2024-10-17T20:45:54.642+0000] {standard_task_runner.py:72} INFO - Started process 956 to run task
[2024-10-17T20:45:54.650+0000] {standard_task_runner.py:104} INFO - Running: ['***', 'tasks', 'run', 'postgres_to_s3', 'load_to_postgres', 'scheduled__2024-10-16T00:00:00+00:00', '--job-id', '52', '--raw', '--subdir', 'DAGS_FOLDER/prod.py', '--cfg-path', '/tmp/tmpejgt65hc']
[2024-10-17T20:45:54.668+0000] {standard_task_runner.py:105} INFO - Job 52: Subtask load_to_postgres
[2024-10-17T20:45:54.804+0000] {task_command.py:467} INFO - Running <TaskInstance: postgres_to_s3.load_to_postgres scheduled__2024-10-16T00:00:00+00:00 [running]> on host 1b4cad12ae67
[2024-10-17T20:45:54.968+0000] {taskinstance.py:3131} INFO - Exporting env vars: AIRFLOW_CTX_DAG_OWNER='protectorate' AIRFLOW_CTX_DAG_ID='postgres_to_s3' AIRFLOW_CTX_TASK_ID='load_to_postgres' AIRFLOW_CTX_EXECUTION_DATE='2024-10-16T00:00:00+00:00' AIRFLOW_CTX_TRY_NUMBER='10' AIRFLOW_CTX_DAG_RUN_ID='scheduled__2024-10-16T00:00:00+00:00'
[2024-10-17T20:45:54.970+0000] {taskinstance.py:731} INFO - ::endgroup::
[2024-10-17T20:45:55.001+0000] {base.py:84} INFO - Retrieving connection 'post_s3'
[2024-10-17T20:45:55.024+0000] {python.py:240} INFO - Done. Returned value was: None
[2024-10-17T20:45:55.040+0000] {taskinstance.py:340} INFO - ::group::Post task execution logs
[2024-10-17T20:45:55.040+0000] {taskinstance.py:352} INFO - Marking task as SUCCESS. dag_id=postgres_to_s3, task_id=load_to_postgres, run_id=scheduled__2024-10-16T00:00:00+00:00, execution_date=20241016T000000, start_date=20241017T204554, end_date=20241017T204555
[2024-10-17T20:45:55.075+0000] {local_task_job_runner.py:266} INFO - Task exited with return code 0
[2024-10-17T20:45:55.111+0000] {taskinstance.py:3900} INFO - 1 downstream tasks scheduled from follow-on schedule check
[2024-10-17T20:45:55.115+0000] {local_task_job_runner.py:245} INFO - ::endgroup::
