[2024-10-08T06:37:28.040+0000] {local_task_job_runner.py:123} INFO - ::group::Pre task execution logs
[2024-10-08T06:37:28.070+0000] {taskinstance.py:2612} INFO - Dependencies all met for dep_context=non-requeueable deps ti=<TaskInstance: compl_cssnowflake.load_to_s3 scheduled__2024-10-07T00:00:00+00:00 [queued]>
[2024-10-08T06:37:28.086+0000] {taskinstance.py:2612} INFO - Dependencies all met for dep_context=requeueable deps ti=<TaskInstance: compl_cssnowflake.load_to_s3 scheduled__2024-10-07T00:00:00+00:00 [queued]>
[2024-10-08T06:37:28.087+0000] {taskinstance.py:2865} INFO - Starting attempt 1 of 1
[2024-10-08T06:37:28.121+0000] {taskinstance.py:2888} INFO - Executing <Task(PythonOperator): load_to_s3> on 2024-10-07 00:00:00+00:00
[2024-10-08T06:37:28.134+0000] {warnings.py:112} WARNING - /home/***/.local/lib/python3.12/site-packages/***/task/task_runner/standard_task_runner.py:70: DeprecationWarning: This process (pid=94) is multi-threaded, use of fork() may lead to deadlocks in the child.
  pid = os.fork()

[2024-10-08T06:37:28.137+0000] {standard_task_runner.py:72} INFO - Started process 98 to run task
[2024-10-08T06:37:28.137+0000] {standard_task_runner.py:104} INFO - Running: ['***', 'tasks', 'run', 'compl_cssnowflake', 'load_to_s3', 'scheduled__2024-10-07T00:00:00+00:00', '--job-id', '5', '--raw', '--subdir', 'DAGS_FOLDER/school/ty.py', '--cfg-path', '/tmp/tmp45y_e45i']
[2024-10-08T06:37:28.139+0000] {standard_task_runner.py:105} INFO - Job 5: Subtask load_to_s3
[2024-10-08T06:37:28.234+0000] {task_command.py:467} INFO - Running <TaskInstance: compl_cssnowflake.load_to_s3 scheduled__2024-10-07T00:00:00+00:00 [running]> on host 76e395cea755
[2024-10-08T06:37:28.371+0000] {taskinstance.py:3131} INFO - Exporting env vars: AIRFLOW_CTX_DAG_OWNER='seylow' AIRFLOW_CTX_DAG_ID='compl_cssnowflake' AIRFLOW_CTX_TASK_ID='load_to_s3' AIRFLOW_CTX_EXECUTION_DATE='2024-10-07T00:00:00+00:00' AIRFLOW_CTX_TRY_NUMBER='1' AIRFLOW_CTX_DAG_RUN_ID='scheduled__2024-10-07T00:00:00+00:00'
[2024-10-08T06:37:28.374+0000] {logging_mixin.py:190} INFO - Task instance is in running state
[2024-10-08T06:37:28.375+0000] {logging_mixin.py:190} INFO -  Previous state of the Task instance: queued
[2024-10-08T06:37:28.377+0000] {logging_mixin.py:190} INFO - Current task name:load_to_s3 state:running start_date:2024-10-08 06:37:28.071394+00:00
[2024-10-08T06:37:28.381+0000] {logging_mixin.py:190} INFO - Dag name:compl_cssnowflake and current dag run status:running
[2024-10-08T06:37:28.382+0000] {taskinstance.py:731} INFO - ::endgroup::
[2024-10-08T06:37:28.440+0000] {base_aws.py:606} WARNING - Unable to find AWS Connection ID 'simple_store', switching to empty.
[2024-10-08T06:37:28.441+0000] {base_aws.py:180} INFO - No connection ID provided. Fallback on boto3 credential strategy (region_name=None). See: https://boto3.amazonaws.com/v1/documentation/api/latest/guide/configuration.html
[2024-10-08T06:37:33.594+0000] {ty.py:68} ERROR - Error uploading arts_class.csv to S3: Unable to locate credentials
[2024-10-08T06:37:33.611+0000] {ty.py:68} ERROR - Error uploading business_class.csv to S3: Unable to locate credentials
[2024-10-08T06:37:33.650+0000] {ty.py:68} ERROR - Error uploading science_class.csv to S3: Unable to locate credentials
[2024-10-08T06:37:33.695+0000] {ty.py:68} ERROR - Error uploading survey.csv to S3: Unable to locate credentials
[2024-10-08T06:37:33.696+0000] {python.py:240} INFO - Done. Returned value was: None
[2024-10-08T06:37:33.732+0000] {taskinstance.py:340} INFO - ::group::Post task execution logs
[2024-10-08T06:37:33.737+0000] {taskinstance.py:352} INFO - Marking task as SUCCESS. dag_id=compl_cssnowflake, task_id=load_to_s3, run_id=scheduled__2024-10-07T00:00:00+00:00, execution_date=20241007T000000, start_date=20241008T063728, end_date=20241008T063733
[2024-10-08T06:37:33.805+0000] {logging_mixin.py:190} INFO - Task instance in success state
[2024-10-08T06:37:33.812+0000] {logging_mixin.py:190} INFO -  Previous state of the Task instance: running
[2024-10-08T06:37:33.819+0000] {logging_mixin.py:190} INFO - Dag name:compl_cssnowflake queued_at:2024-10-08 06:37:09.727532+00:00
[2024-10-08T06:37:33.828+0000] {logging_mixin.py:190} INFO - Task hostname:76e395cea755 operator:PythonOperator
[2024-10-08T06:37:33.870+0000] {local_task_job_runner.py:266} INFO - Task exited with return code 0
[2024-10-08T06:37:33.894+0000] {local_task_job_runner.py:245} INFO - ::endgroup::
