[2024-10-04T19:16:59.218+0000] {processor.py:186} INFO - Started process (PID=94) to work on /home/airflow/.local/lib/python3.12/site-packages/airflow/example_dags/example_dag_decorator.py
[2024-10-04T19:16:59.223+0000] {processor.py:914} INFO - Processing file /home/airflow/.local/lib/python3.12/site-packages/airflow/example_dags/example_dag_decorator.py for tasks to queue
[2024-10-04T19:16:59.238+0000] {logging_mixin.py:190} INFO - [2024-10-04T19:16:59.234+0000] {dagbag.py:587} INFO - Filling up the DagBag from /home/airflow/.local/lib/python3.12/site-packages/airflow/example_dags/example_dag_decorator.py
[2024-10-04T19:16:59.271+0000] {processor.py:925} INFO - DAG(s) 'example_dag_decorator' retrieved from /home/airflow/.local/lib/python3.12/site-packages/airflow/example_dags/example_dag_decorator.py
[2024-10-04T19:16:59.771+0000] {logging_mixin.py:190} INFO - [2024-10-04T19:16:59.770+0000] {override.py:1900} INFO - Created Permission View: can edit on DAG:example_dag_decorator
[2024-10-04T19:16:59.795+0000] {logging_mixin.py:190} INFO - [2024-10-04T19:16:59.794+0000] {override.py:1900} INFO - Created Permission View: can read on DAG:example_dag_decorator
[2024-10-04T19:16:59.814+0000] {logging_mixin.py:190} INFO - [2024-10-04T19:16:59.814+0000] {override.py:1900} INFO - Created Permission View: can delete on DAG:example_dag_decorator
[2024-10-04T19:16:59.832+0000] {logging_mixin.py:190} INFO - [2024-10-04T19:16:59.831+0000] {override.py:1900} INFO - Created Permission View: can read on DAG Run:example_dag_decorator
[2024-10-04T19:16:59.849+0000] {logging_mixin.py:190} INFO - [2024-10-04T19:16:59.847+0000] {override.py:1900} INFO - Created Permission View: can delete on DAG Run:example_dag_decorator
[2024-10-04T19:16:59.877+0000] {logging_mixin.py:190} INFO - [2024-10-04T19:16:59.877+0000] {override.py:1900} INFO - Created Permission View: can create on DAG Run:example_dag_decorator
[2024-10-04T19:16:59.895+0000] {logging_mixin.py:190} INFO - [2024-10-04T19:16:59.895+0000] {override.py:1900} INFO - Created Permission View: menu access on DAG Run:example_dag_decorator
[2024-10-04T19:16:59.897+0000] {logging_mixin.py:190} INFO - [2024-10-04T19:16:59.896+0000] {dag.py:3229} INFO - Sync 1 DAGs
[2024-10-04T19:16:59.926+0000] {logging_mixin.py:190} INFO - [2024-10-04T19:16:59.926+0000] {dag.py:3252} INFO - Creating ORM DAG for example_dag_decorator
[2024-10-04T19:16:59.928+0000] {logging_mixin.py:190} INFO - [2024-10-04T19:16:59.928+0000] {dag.py:4156} INFO - Setting next_dagrun for example_dag_decorator to None, run_after=None
[2024-10-04T19:16:59.968+0000] {processor.py:208} INFO - Processing /home/airflow/.local/lib/python3.12/site-packages/airflow/example_dags/example_dag_decorator.py took 0.779 seconds
[2024-10-04T19:17:46.084+0000] {processor.py:186} INFO - Started process (PID=89) to work on /home/airflow/.local/lib/python3.12/site-packages/airflow/example_dags/example_dag_decorator.py
[2024-10-04T19:17:46.086+0000] {processor.py:914} INFO - Processing file /home/airflow/.local/lib/python3.12/site-packages/airflow/example_dags/example_dag_decorator.py for tasks to queue
[2024-10-04T19:17:46.091+0000] {logging_mixin.py:190} INFO - [2024-10-04T19:17:46.091+0000] {dagbag.py:587} INFO - Filling up the DagBag from /home/airflow/.local/lib/python3.12/site-packages/airflow/example_dags/example_dag_decorator.py
[2024-10-04T19:17:46.110+0000] {processor.py:925} INFO - DAG(s) 'example_dag_decorator' retrieved from /home/airflow/.local/lib/python3.12/site-packages/airflow/example_dags/example_dag_decorator.py
[2024-10-04T19:17:46.330+0000] {logging_mixin.py:190} INFO - [2024-10-04T19:17:46.329+0000] {dag.py:3229} INFO - Sync 1 DAGs
[2024-10-04T19:17:46.355+0000] {logging_mixin.py:190} INFO - [2024-10-04T19:17:46.355+0000] {dag.py:4156} INFO - Setting next_dagrun for example_dag_decorator to None, run_after=None
[2024-10-04T19:17:46.408+0000] {processor.py:208} INFO - Processing /home/airflow/.local/lib/python3.12/site-packages/airflow/example_dags/example_dag_decorator.py took 0.337 seconds
[2024-10-04T19:18:16.778+0000] {processor.py:186} INFO - Started process (PID=150) to work on /home/airflow/.local/lib/python3.12/site-packages/airflow/example_dags/example_dag_decorator.py
[2024-10-04T19:18:16.780+0000] {processor.py:914} INFO - Processing file /home/airflow/.local/lib/python3.12/site-packages/airflow/example_dags/example_dag_decorator.py for tasks to queue
[2024-10-04T19:18:16.784+0000] {logging_mixin.py:190} INFO - [2024-10-04T19:18:16.783+0000] {dagbag.py:587} INFO - Filling up the DagBag from /home/airflow/.local/lib/python3.12/site-packages/airflow/example_dags/example_dag_decorator.py
[2024-10-04T19:18:16.805+0000] {processor.py:925} INFO - DAG(s) 'example_dag_decorator' retrieved from /home/airflow/.local/lib/python3.12/site-packages/airflow/example_dags/example_dag_decorator.py
[2024-10-04T19:18:17.062+0000] {logging_mixin.py:190} INFO - [2024-10-04T19:18:17.061+0000] {dag.py:3229} INFO - Sync 1 DAGs
[2024-10-04T19:18:17.085+0000] {logging_mixin.py:190} INFO - [2024-10-04T19:18:17.084+0000] {dag.py:4156} INFO - Setting next_dagrun for example_dag_decorator to None, run_after=None
[2024-10-04T19:18:17.133+0000] {processor.py:208} INFO - Processing /home/airflow/.local/lib/python3.12/site-packages/airflow/example_dags/example_dag_decorator.py took 0.367 seconds
[2024-10-04T23:37:19.961+0000] {processor.py:186} INFO - Started process (PID=85) to work on /home/airflow/.local/lib/python3.12/site-packages/airflow/example_dags/example_dag_decorator.py
[2024-10-04T23:37:19.964+0000] {processor.py:914} INFO - Processing file /home/airflow/.local/lib/python3.12/site-packages/airflow/example_dags/example_dag_decorator.py for tasks to queue
[2024-10-04T23:37:19.971+0000] {logging_mixin.py:190} INFO - [2024-10-04T23:37:19.970+0000] {dagbag.py:587} INFO - Filling up the DagBag from /home/airflow/.local/lib/python3.12/site-packages/airflow/example_dags/example_dag_decorator.py
[2024-10-04T23:37:19.998+0000] {processor.py:925} INFO - DAG(s) 'example_dag_decorator' retrieved from /home/airflow/.local/lib/python3.12/site-packages/airflow/example_dags/example_dag_decorator.py
[2024-10-04T23:37:20.306+0000] {logging_mixin.py:190} INFO - [2024-10-04T23:37:20.306+0000] {dag.py:3229} INFO - Sync 1 DAGs
[2024-10-04T23:37:20.338+0000] {logging_mixin.py:190} INFO - [2024-10-04T23:37:20.338+0000] {dag.py:4156} INFO - Setting next_dagrun for example_dag_decorator to None, run_after=None
[2024-10-04T23:37:20.394+0000] {processor.py:208} INFO - Processing /home/airflow/.local/lib/python3.12/site-packages/airflow/example_dags/example_dag_decorator.py took 0.445 seconds
[2024-10-04T23:37:51.274+0000] {processor.py:186} INFO - Started process (PID=147) to work on /home/airflow/.local/lib/python3.12/site-packages/airflow/example_dags/example_dag_decorator.py
[2024-10-04T23:37:51.276+0000] {processor.py:914} INFO - Processing file /home/airflow/.local/lib/python3.12/site-packages/airflow/example_dags/example_dag_decorator.py for tasks to queue
[2024-10-04T23:37:51.280+0000] {logging_mixin.py:190} INFO - [2024-10-04T23:37:51.280+0000] {dagbag.py:587} INFO - Filling up the DagBag from /home/airflow/.local/lib/python3.12/site-packages/airflow/example_dags/example_dag_decorator.py
[2024-10-04T23:37:51.302+0000] {processor.py:925} INFO - DAG(s) 'example_dag_decorator' retrieved from /home/airflow/.local/lib/python3.12/site-packages/airflow/example_dags/example_dag_decorator.py
[2024-10-04T23:37:51.558+0000] {logging_mixin.py:190} INFO - [2024-10-04T23:37:51.557+0000] {dag.py:3229} INFO - Sync 1 DAGs
[2024-10-04T23:37:51.589+0000] {logging_mixin.py:190} INFO - [2024-10-04T23:37:51.589+0000] {dag.py:4156} INFO - Setting next_dagrun for example_dag_decorator to None, run_after=None
[2024-10-04T23:37:51.699+0000] {processor.py:208} INFO - Processing /home/airflow/.local/lib/python3.12/site-packages/airflow/example_dags/example_dag_decorator.py took 0.435 seconds
[2024-10-04T23:38:22.425+0000] {processor.py:186} INFO - Started process (PID=209) to work on /home/airflow/.local/lib/python3.12/site-packages/airflow/example_dags/example_dag_decorator.py
[2024-10-04T23:38:22.432+0000] {processor.py:914} INFO - Processing file /home/airflow/.local/lib/python3.12/site-packages/airflow/example_dags/example_dag_decorator.py for tasks to queue
[2024-10-04T23:38:22.437+0000] {logging_mixin.py:190} INFO - [2024-10-04T23:38:22.436+0000] {dagbag.py:587} INFO - Filling up the DagBag from /home/airflow/.local/lib/python3.12/site-packages/airflow/example_dags/example_dag_decorator.py
[2024-10-04T23:38:22.489+0000] {processor.py:925} INFO - DAG(s) 'example_dag_decorator' retrieved from /home/airflow/.local/lib/python3.12/site-packages/airflow/example_dags/example_dag_decorator.py
[2024-10-04T23:38:22.824+0000] {logging_mixin.py:190} INFO - [2024-10-04T23:38:22.824+0000] {dag.py:3229} INFO - Sync 1 DAGs
[2024-10-04T23:38:22.869+0000] {logging_mixin.py:190} INFO - [2024-10-04T23:38:22.866+0000] {dag.py:4156} INFO - Setting next_dagrun for example_dag_decorator to None, run_after=None
[2024-10-04T23:38:22.929+0000] {processor.py:208} INFO - Processing /home/airflow/.local/lib/python3.12/site-packages/airflow/example_dags/example_dag_decorator.py took 0.531 seconds
[2024-10-04T23:38:53.414+0000] {processor.py:186} INFO - Started process (PID=271) to work on /home/airflow/.local/lib/python3.12/site-packages/airflow/example_dags/example_dag_decorator.py
[2024-10-04T23:38:53.416+0000] {processor.py:914} INFO - Processing file /home/airflow/.local/lib/python3.12/site-packages/airflow/example_dags/example_dag_decorator.py for tasks to queue
[2024-10-04T23:38:53.421+0000] {logging_mixin.py:190} INFO - [2024-10-04T23:38:53.420+0000] {dagbag.py:587} INFO - Filling up the DagBag from /home/airflow/.local/lib/python3.12/site-packages/airflow/example_dags/example_dag_decorator.py
[2024-10-04T23:38:53.445+0000] {processor.py:925} INFO - DAG(s) 'example_dag_decorator' retrieved from /home/airflow/.local/lib/python3.12/site-packages/airflow/example_dags/example_dag_decorator.py
[2024-10-04T23:38:53.482+0000] {logging_mixin.py:190} INFO - [2024-10-04T23:38:53.482+0000] {dag.py:3229} INFO - Sync 1 DAGs
[2024-10-04T23:38:53.503+0000] {logging_mixin.py:190} INFO - [2024-10-04T23:38:53.503+0000] {dag.py:4156} INFO - Setting next_dagrun for example_dag_decorator to None, run_after=None
[2024-10-04T23:38:53.540+0000] {processor.py:208} INFO - Processing /home/airflow/.local/lib/python3.12/site-packages/airflow/example_dags/example_dag_decorator.py took 0.138 seconds
[2024-10-04T23:39:24.188+0000] {processor.py:186} INFO - Started process (PID=333) to work on /home/airflow/.local/lib/python3.12/site-packages/airflow/example_dags/example_dag_decorator.py
[2024-10-04T23:39:24.190+0000] {processor.py:914} INFO - Processing file /home/airflow/.local/lib/python3.12/site-packages/airflow/example_dags/example_dag_decorator.py for tasks to queue
[2024-10-04T23:39:24.193+0000] {logging_mixin.py:190} INFO - [2024-10-04T23:39:24.193+0000] {dagbag.py:587} INFO - Filling up the DagBag from /home/airflow/.local/lib/python3.12/site-packages/airflow/example_dags/example_dag_decorator.py
[2024-10-04T23:39:24.211+0000] {processor.py:925} INFO - DAG(s) 'example_dag_decorator' retrieved from /home/airflow/.local/lib/python3.12/site-packages/airflow/example_dags/example_dag_decorator.py
[2024-10-04T23:39:24.400+0000] {logging_mixin.py:190} INFO - [2024-10-04T23:39:24.400+0000] {dag.py:3229} INFO - Sync 1 DAGs
[2024-10-04T23:39:24.432+0000] {logging_mixin.py:190} INFO - [2024-10-04T23:39:24.431+0000] {dag.py:4156} INFO - Setting next_dagrun for example_dag_decorator to None, run_after=None
[2024-10-04T23:39:24.475+0000] {processor.py:208} INFO - Processing /home/airflow/.local/lib/python3.12/site-packages/airflow/example_dags/example_dag_decorator.py took 0.298 seconds
[2024-10-04T23:39:54.813+0000] {processor.py:186} INFO - Started process (PID=395) to work on /home/airflow/.local/lib/python3.12/site-packages/airflow/example_dags/example_dag_decorator.py
[2024-10-04T23:39:54.816+0000] {processor.py:914} INFO - Processing file /home/airflow/.local/lib/python3.12/site-packages/airflow/example_dags/example_dag_decorator.py for tasks to queue
[2024-10-04T23:39:54.820+0000] {logging_mixin.py:190} INFO - [2024-10-04T23:39:54.819+0000] {dagbag.py:587} INFO - Filling up the DagBag from /home/airflow/.local/lib/python3.12/site-packages/airflow/example_dags/example_dag_decorator.py
[2024-10-04T23:39:54.839+0000] {processor.py:925} INFO - DAG(s) 'example_dag_decorator' retrieved from /home/airflow/.local/lib/python3.12/site-packages/airflow/example_dags/example_dag_decorator.py
[2024-10-04T23:39:55.044+0000] {logging_mixin.py:190} INFO - [2024-10-04T23:39:55.044+0000] {dag.py:3229} INFO - Sync 1 DAGs
[2024-10-04T23:39:55.068+0000] {logging_mixin.py:190} INFO - [2024-10-04T23:39:55.067+0000] {dag.py:4156} INFO - Setting next_dagrun for example_dag_decorator to None, run_after=None
[2024-10-04T23:39:55.109+0000] {processor.py:208} INFO - Processing /home/airflow/.local/lib/python3.12/site-packages/airflow/example_dags/example_dag_decorator.py took 0.303 seconds
[2024-10-04T23:40:25.968+0000] {processor.py:186} INFO - Started process (PID=457) to work on /home/airflow/.local/lib/python3.12/site-packages/airflow/example_dags/example_dag_decorator.py
[2024-10-04T23:40:25.969+0000] {processor.py:914} INFO - Processing file /home/airflow/.local/lib/python3.12/site-packages/airflow/example_dags/example_dag_decorator.py for tasks to queue
[2024-10-04T23:40:25.973+0000] {logging_mixin.py:190} INFO - [2024-10-04T23:40:25.973+0000] {dagbag.py:587} INFO - Filling up the DagBag from /home/airflow/.local/lib/python3.12/site-packages/airflow/example_dags/example_dag_decorator.py
[2024-10-04T23:40:25.993+0000] {processor.py:925} INFO - DAG(s) 'example_dag_decorator' retrieved from /home/airflow/.local/lib/python3.12/site-packages/airflow/example_dags/example_dag_decorator.py
[2024-10-04T23:40:26.147+0000] {logging_mixin.py:190} INFO - [2024-10-04T23:40:26.147+0000] {dag.py:3229} INFO - Sync 1 DAGs
[2024-10-04T23:40:26.164+0000] {logging_mixin.py:190} INFO - [2024-10-04T23:40:26.164+0000] {dag.py:4156} INFO - Setting next_dagrun for example_dag_decorator to None, run_after=None
[2024-10-04T23:40:26.205+0000] {processor.py:208} INFO - Processing /home/airflow/.local/lib/python3.12/site-packages/airflow/example_dags/example_dag_decorator.py took 0.246 seconds
[2024-10-04T23:40:56.340+0000] {processor.py:186} INFO - Started process (PID=518) to work on /home/airflow/.local/lib/python3.12/site-packages/airflow/example_dags/example_dag_decorator.py
[2024-10-04T23:40:56.342+0000] {processor.py:914} INFO - Processing file /home/airflow/.local/lib/python3.12/site-packages/airflow/example_dags/example_dag_decorator.py for tasks to queue
[2024-10-04T23:40:56.345+0000] {logging_mixin.py:190} INFO - [2024-10-04T23:40:56.345+0000] {dagbag.py:587} INFO - Filling up the DagBag from /home/airflow/.local/lib/python3.12/site-packages/airflow/example_dags/example_dag_decorator.py
[2024-10-04T23:40:56.359+0000] {processor.py:925} INFO - DAG(s) 'example_dag_decorator' retrieved from /home/airflow/.local/lib/python3.12/site-packages/airflow/example_dags/example_dag_decorator.py
[2024-10-04T23:40:56.502+0000] {logging_mixin.py:190} INFO - [2024-10-04T23:40:56.501+0000] {dag.py:3229} INFO - Sync 1 DAGs
[2024-10-04T23:40:56.517+0000] {logging_mixin.py:190} INFO - [2024-10-04T23:40:56.517+0000] {dag.py:4156} INFO - Setting next_dagrun for example_dag_decorator to None, run_after=None
[2024-10-04T23:40:56.547+0000] {processor.py:208} INFO - Processing /home/airflow/.local/lib/python3.12/site-packages/airflow/example_dags/example_dag_decorator.py took 0.224 seconds
[2024-10-04T23:41:26.829+0000] {processor.py:186} INFO - Started process (PID=581) to work on /home/airflow/.local/lib/python3.12/site-packages/airflow/example_dags/example_dag_decorator.py
[2024-10-04T23:41:26.830+0000] {processor.py:914} INFO - Processing file /home/airflow/.local/lib/python3.12/site-packages/airflow/example_dags/example_dag_decorator.py for tasks to queue
[2024-10-04T23:41:26.834+0000] {logging_mixin.py:190} INFO - [2024-10-04T23:41:26.833+0000] {dagbag.py:587} INFO - Filling up the DagBag from /home/airflow/.local/lib/python3.12/site-packages/airflow/example_dags/example_dag_decorator.py
[2024-10-04T23:41:26.851+0000] {processor.py:925} INFO - DAG(s) 'example_dag_decorator' retrieved from /home/airflow/.local/lib/python3.12/site-packages/airflow/example_dags/example_dag_decorator.py
[2024-10-04T23:41:27.036+0000] {logging_mixin.py:190} INFO - [2024-10-04T23:41:27.035+0000] {dag.py:3229} INFO - Sync 1 DAGs
[2024-10-04T23:41:27.060+0000] {logging_mixin.py:190} INFO - [2024-10-04T23:41:27.060+0000] {dag.py:4156} INFO - Setting next_dagrun for example_dag_decorator to None, run_after=None
[2024-10-04T23:41:27.098+0000] {processor.py:208} INFO - Processing /home/airflow/.local/lib/python3.12/site-packages/airflow/example_dags/example_dag_decorator.py took 0.280 seconds
[2024-10-04T23:41:57.164+0000] {processor.py:186} INFO - Started process (PID=643) to work on /home/airflow/.local/lib/python3.12/site-packages/airflow/example_dags/example_dag_decorator.py
[2024-10-04T23:41:57.166+0000] {processor.py:914} INFO - Processing file /home/airflow/.local/lib/python3.12/site-packages/airflow/example_dags/example_dag_decorator.py for tasks to queue
[2024-10-04T23:41:57.170+0000] {logging_mixin.py:190} INFO - [2024-10-04T23:41:57.169+0000] {dagbag.py:587} INFO - Filling up the DagBag from /home/airflow/.local/lib/python3.12/site-packages/airflow/example_dags/example_dag_decorator.py
[2024-10-04T23:41:57.184+0000] {processor.py:925} INFO - DAG(s) 'example_dag_decorator' retrieved from /home/airflow/.local/lib/python3.12/site-packages/airflow/example_dags/example_dag_decorator.py
[2024-10-04T23:41:57.342+0000] {logging_mixin.py:190} INFO - [2024-10-04T23:41:57.341+0000] {dag.py:3229} INFO - Sync 1 DAGs
[2024-10-04T23:41:57.364+0000] {logging_mixin.py:190} INFO - [2024-10-04T23:41:57.364+0000] {dag.py:4156} INFO - Setting next_dagrun for example_dag_decorator to None, run_after=None
[2024-10-04T23:41:57.394+0000] {processor.py:208} INFO - Processing /home/airflow/.local/lib/python3.12/site-packages/airflow/example_dags/example_dag_decorator.py took 0.240 seconds
[2024-10-04T23:42:27.759+0000] {processor.py:186} INFO - Started process (PID=705) to work on /home/airflow/.local/lib/python3.12/site-packages/airflow/example_dags/example_dag_decorator.py
[2024-10-04T23:42:27.761+0000] {processor.py:914} INFO - Processing file /home/airflow/.local/lib/python3.12/site-packages/airflow/example_dags/example_dag_decorator.py for tasks to queue
[2024-10-04T23:42:27.766+0000] {logging_mixin.py:190} INFO - [2024-10-04T23:42:27.765+0000] {dagbag.py:587} INFO - Filling up the DagBag from /home/airflow/.local/lib/python3.12/site-packages/airflow/example_dags/example_dag_decorator.py
[2024-10-04T23:42:27.787+0000] {processor.py:925} INFO - DAG(s) 'example_dag_decorator' retrieved from /home/airflow/.local/lib/python3.12/site-packages/airflow/example_dags/example_dag_decorator.py
[2024-10-04T23:42:28.070+0000] {logging_mixin.py:190} INFO - [2024-10-04T23:42:28.070+0000] {dag.py:3229} INFO - Sync 1 DAGs
[2024-10-04T23:42:28.121+0000] {logging_mixin.py:190} INFO - [2024-10-04T23:42:28.120+0000] {dag.py:4156} INFO - Setting next_dagrun for example_dag_decorator to None, run_after=None
[2024-10-04T23:42:28.171+0000] {processor.py:208} INFO - Processing /home/airflow/.local/lib/python3.12/site-packages/airflow/example_dags/example_dag_decorator.py took 0.425 seconds
[2024-10-04T23:42:58.849+0000] {processor.py:186} INFO - Started process (PID=768) to work on /home/airflow/.local/lib/python3.12/site-packages/airflow/example_dags/example_dag_decorator.py
[2024-10-04T23:42:58.850+0000] {processor.py:914} INFO - Processing file /home/airflow/.local/lib/python3.12/site-packages/airflow/example_dags/example_dag_decorator.py for tasks to queue
[2024-10-04T23:42:58.854+0000] {logging_mixin.py:190} INFO - [2024-10-04T23:42:58.853+0000] {dagbag.py:587} INFO - Filling up the DagBag from /home/airflow/.local/lib/python3.12/site-packages/airflow/example_dags/example_dag_decorator.py
[2024-10-04T23:42:58.870+0000] {processor.py:925} INFO - DAG(s) 'example_dag_decorator' retrieved from /home/airflow/.local/lib/python3.12/site-packages/airflow/example_dags/example_dag_decorator.py
[2024-10-04T23:42:59.037+0000] {logging_mixin.py:190} INFO - [2024-10-04T23:42:59.036+0000] {dag.py:3229} INFO - Sync 1 DAGs
[2024-10-04T23:42:59.058+0000] {logging_mixin.py:190} INFO - [2024-10-04T23:42:59.057+0000] {dag.py:4156} INFO - Setting next_dagrun for example_dag_decorator to None, run_after=None
[2024-10-04T23:42:59.089+0000] {processor.py:208} INFO - Processing /home/airflow/.local/lib/python3.12/site-packages/airflow/example_dags/example_dag_decorator.py took 0.252 seconds
[2024-10-04T23:43:29.604+0000] {processor.py:186} INFO - Started process (PID=830) to work on /home/airflow/.local/lib/python3.12/site-packages/airflow/example_dags/example_dag_decorator.py
[2024-10-04T23:43:29.607+0000] {processor.py:914} INFO - Processing file /home/airflow/.local/lib/python3.12/site-packages/airflow/example_dags/example_dag_decorator.py for tasks to queue
[2024-10-04T23:43:29.611+0000] {logging_mixin.py:190} INFO - [2024-10-04T23:43:29.611+0000] {dagbag.py:587} INFO - Filling up the DagBag from /home/airflow/.local/lib/python3.12/site-packages/airflow/example_dags/example_dag_decorator.py
[2024-10-04T23:43:29.630+0000] {processor.py:925} INFO - DAG(s) 'example_dag_decorator' retrieved from /home/airflow/.local/lib/python3.12/site-packages/airflow/example_dags/example_dag_decorator.py
[2024-10-04T23:43:29.882+0000] {logging_mixin.py:190} INFO - [2024-10-04T23:43:29.882+0000] {dag.py:3229} INFO - Sync 1 DAGs
[2024-10-04T23:43:29.911+0000] {logging_mixin.py:190} INFO - [2024-10-04T23:43:29.910+0000] {dag.py:4156} INFO - Setting next_dagrun for example_dag_decorator to None, run_after=None
[2024-10-04T23:43:29.943+0000] {processor.py:208} INFO - Processing /home/airflow/.local/lib/python3.12/site-packages/airflow/example_dags/example_dag_decorator.py took 0.351 seconds
[2024-10-04T23:44:00.588+0000] {processor.py:186} INFO - Started process (PID=891) to work on /home/airflow/.local/lib/python3.12/site-packages/airflow/example_dags/example_dag_decorator.py
[2024-10-04T23:44:00.590+0000] {processor.py:914} INFO - Processing file /home/airflow/.local/lib/python3.12/site-packages/airflow/example_dags/example_dag_decorator.py for tasks to queue
[2024-10-04T23:44:00.594+0000] {logging_mixin.py:190} INFO - [2024-10-04T23:44:00.594+0000] {dagbag.py:587} INFO - Filling up the DagBag from /home/airflow/.local/lib/python3.12/site-packages/airflow/example_dags/example_dag_decorator.py
[2024-10-04T23:44:00.615+0000] {processor.py:925} INFO - DAG(s) 'example_dag_decorator' retrieved from /home/airflow/.local/lib/python3.12/site-packages/airflow/example_dags/example_dag_decorator.py
[2024-10-04T23:44:00.811+0000] {logging_mixin.py:190} INFO - [2024-10-04T23:44:00.811+0000] {dag.py:3229} INFO - Sync 1 DAGs
[2024-10-04T23:44:00.835+0000] {logging_mixin.py:190} INFO - [2024-10-04T23:44:00.835+0000] {dag.py:4156} INFO - Setting next_dagrun for example_dag_decorator to None, run_after=None
[2024-10-04T23:44:00.881+0000] {processor.py:208} INFO - Processing /home/airflow/.local/lib/python3.12/site-packages/airflow/example_dags/example_dag_decorator.py took 0.304 seconds
[2024-10-04T23:44:30.985+0000] {processor.py:186} INFO - Started process (PID=952) to work on /home/airflow/.local/lib/python3.12/site-packages/airflow/example_dags/example_dag_decorator.py
[2024-10-04T23:44:30.986+0000] {processor.py:914} INFO - Processing file /home/airflow/.local/lib/python3.12/site-packages/airflow/example_dags/example_dag_decorator.py for tasks to queue
[2024-10-04T23:44:30.989+0000] {logging_mixin.py:190} INFO - [2024-10-04T23:44:30.989+0000] {dagbag.py:587} INFO - Filling up the DagBag from /home/airflow/.local/lib/python3.12/site-packages/airflow/example_dags/example_dag_decorator.py
[2024-10-04T23:44:31.006+0000] {processor.py:925} INFO - DAG(s) 'example_dag_decorator' retrieved from /home/airflow/.local/lib/python3.12/site-packages/airflow/example_dags/example_dag_decorator.py
[2024-10-04T23:44:31.177+0000] {logging_mixin.py:190} INFO - [2024-10-04T23:44:31.176+0000] {dag.py:3229} INFO - Sync 1 DAGs
[2024-10-04T23:44:31.200+0000] {logging_mixin.py:190} INFO - [2024-10-04T23:44:31.199+0000] {dag.py:4156} INFO - Setting next_dagrun for example_dag_decorator to None, run_after=None
[2024-10-04T23:44:31.232+0000] {processor.py:208} INFO - Processing /home/airflow/.local/lib/python3.12/site-packages/airflow/example_dags/example_dag_decorator.py took 0.255 seconds
[2024-10-04T23:45:01.461+0000] {processor.py:186} INFO - Started process (PID=1014) to work on /home/airflow/.local/lib/python3.12/site-packages/airflow/example_dags/example_dag_decorator.py
[2024-10-04T23:45:01.463+0000] {processor.py:914} INFO - Processing file /home/airflow/.local/lib/python3.12/site-packages/airflow/example_dags/example_dag_decorator.py for tasks to queue
[2024-10-04T23:45:01.467+0000] {logging_mixin.py:190} INFO - [2024-10-04T23:45:01.466+0000] {dagbag.py:587} INFO - Filling up the DagBag from /home/airflow/.local/lib/python3.12/site-packages/airflow/example_dags/example_dag_decorator.py
[2024-10-04T23:45:01.481+0000] {processor.py:925} INFO - DAG(s) 'example_dag_decorator' retrieved from /home/airflow/.local/lib/python3.12/site-packages/airflow/example_dags/example_dag_decorator.py
[2024-10-04T23:45:01.627+0000] {logging_mixin.py:190} INFO - [2024-10-04T23:45:01.627+0000] {dag.py:3229} INFO - Sync 1 DAGs
[2024-10-04T23:45:01.647+0000] {logging_mixin.py:190} INFO - [2024-10-04T23:45:01.646+0000] {dag.py:4156} INFO - Setting next_dagrun for example_dag_decorator to None, run_after=None
[2024-10-04T23:45:01.676+0000] {processor.py:208} INFO - Processing /home/airflow/.local/lib/python3.12/site-packages/airflow/example_dags/example_dag_decorator.py took 0.223 seconds
[2024-10-04T23:45:32.294+0000] {processor.py:186} INFO - Started process (PID=1076) to work on /home/airflow/.local/lib/python3.12/site-packages/airflow/example_dags/example_dag_decorator.py
[2024-10-04T23:45:32.296+0000] {processor.py:914} INFO - Processing file /home/airflow/.local/lib/python3.12/site-packages/airflow/example_dags/example_dag_decorator.py for tasks to queue
[2024-10-04T23:45:32.300+0000] {logging_mixin.py:190} INFO - [2024-10-04T23:45:32.300+0000] {dagbag.py:587} INFO - Filling up the DagBag from /home/airflow/.local/lib/python3.12/site-packages/airflow/example_dags/example_dag_decorator.py
[2024-10-04T23:45:32.361+0000] {processor.py:925} INFO - DAG(s) 'example_dag_decorator' retrieved from /home/airflow/.local/lib/python3.12/site-packages/airflow/example_dags/example_dag_decorator.py
[2024-10-04T23:45:32.753+0000] {logging_mixin.py:190} INFO - [2024-10-04T23:45:32.752+0000] {dag.py:3229} INFO - Sync 1 DAGs
[2024-10-04T23:45:32.777+0000] {logging_mixin.py:190} INFO - [2024-10-04T23:45:32.777+0000] {dag.py:4156} INFO - Setting next_dagrun for example_dag_decorator to None, run_after=None
[2024-10-04T23:45:32.820+0000] {processor.py:208} INFO - Processing /home/airflow/.local/lib/python3.12/site-packages/airflow/example_dags/example_dag_decorator.py took 0.541 seconds
[2024-10-04T23:46:04.926+0000] {processor.py:186} INFO - Started process (PID=1139) to work on /home/airflow/.local/lib/python3.12/site-packages/airflow/example_dags/example_dag_decorator.py
[2024-10-04T23:46:04.930+0000] {processor.py:914} INFO - Processing file /home/airflow/.local/lib/python3.12/site-packages/airflow/example_dags/example_dag_decorator.py for tasks to queue
[2024-10-04T23:46:04.934+0000] {logging_mixin.py:190} INFO - [2024-10-04T23:46:04.934+0000] {dagbag.py:587} INFO - Filling up the DagBag from /home/airflow/.local/lib/python3.12/site-packages/airflow/example_dags/example_dag_decorator.py
[2024-10-04T23:46:04.957+0000] {processor.py:925} INFO - DAG(s) 'example_dag_decorator' retrieved from /home/airflow/.local/lib/python3.12/site-packages/airflow/example_dags/example_dag_decorator.py
[2024-10-04T23:46:05.177+0000] {logging_mixin.py:190} INFO - [2024-10-04T23:46:05.176+0000] {dag.py:3229} INFO - Sync 1 DAGs
[2024-10-04T23:46:05.198+0000] {logging_mixin.py:190} INFO - [2024-10-04T23:46:05.198+0000] {dag.py:4156} INFO - Setting next_dagrun for example_dag_decorator to None, run_after=None
[2024-10-04T23:46:05.247+0000] {processor.py:208} INFO - Processing /home/airflow/.local/lib/python3.12/site-packages/airflow/example_dags/example_dag_decorator.py took 0.335 seconds
[2024-10-04T23:46:35.733+0000] {processor.py:186} INFO - Started process (PID=1200) to work on /home/airflow/.local/lib/python3.12/site-packages/airflow/example_dags/example_dag_decorator.py
[2024-10-04T23:46:35.735+0000] {processor.py:914} INFO - Processing file /home/airflow/.local/lib/python3.12/site-packages/airflow/example_dags/example_dag_decorator.py for tasks to queue
[2024-10-04T23:46:35.739+0000] {logging_mixin.py:190} INFO - [2024-10-04T23:46:35.738+0000] {dagbag.py:587} INFO - Filling up the DagBag from /home/airflow/.local/lib/python3.12/site-packages/airflow/example_dags/example_dag_decorator.py
[2024-10-04T23:46:35.755+0000] {processor.py:925} INFO - DAG(s) 'example_dag_decorator' retrieved from /home/airflow/.local/lib/python3.12/site-packages/airflow/example_dags/example_dag_decorator.py
[2024-10-04T23:46:35.788+0000] {logging_mixin.py:190} INFO - [2024-10-04T23:46:35.788+0000] {dag.py:3229} INFO - Sync 1 DAGs
[2024-10-04T23:46:35.810+0000] {logging_mixin.py:190} INFO - [2024-10-04T23:46:35.810+0000] {dag.py:4156} INFO - Setting next_dagrun for example_dag_decorator to None, run_after=None
[2024-10-04T23:46:35.847+0000] {processor.py:208} INFO - Processing /home/airflow/.local/lib/python3.12/site-packages/airflow/example_dags/example_dag_decorator.py took 0.123 seconds
[2024-10-04T23:47:06.680+0000] {processor.py:186} INFO - Started process (PID=1261) to work on /home/airflow/.local/lib/python3.12/site-packages/airflow/example_dags/example_dag_decorator.py
[2024-10-04T23:47:06.681+0000] {processor.py:914} INFO - Processing file /home/airflow/.local/lib/python3.12/site-packages/airflow/example_dags/example_dag_decorator.py for tasks to queue
[2024-10-04T23:47:06.685+0000] {logging_mixin.py:190} INFO - [2024-10-04T23:47:06.684+0000] {dagbag.py:587} INFO - Filling up the DagBag from /home/airflow/.local/lib/python3.12/site-packages/airflow/example_dags/example_dag_decorator.py
[2024-10-04T23:47:06.701+0000] {processor.py:925} INFO - DAG(s) 'example_dag_decorator' retrieved from /home/airflow/.local/lib/python3.12/site-packages/airflow/example_dags/example_dag_decorator.py
[2024-10-04T23:47:06.882+0000] {logging_mixin.py:190} INFO - [2024-10-04T23:47:06.882+0000] {dag.py:3229} INFO - Sync 1 DAGs
[2024-10-04T23:47:06.905+0000] {logging_mixin.py:190} INFO - [2024-10-04T23:47:06.904+0000] {dag.py:4156} INFO - Setting next_dagrun for example_dag_decorator to None, run_after=None
[2024-10-04T23:47:06.943+0000] {processor.py:208} INFO - Processing /home/airflow/.local/lib/python3.12/site-packages/airflow/example_dags/example_dag_decorator.py took 0.272 seconds
[2024-10-04T23:47:37.263+0000] {processor.py:186} INFO - Started process (PID=1322) to work on /home/airflow/.local/lib/python3.12/site-packages/airflow/example_dags/example_dag_decorator.py
[2024-10-04T23:47:37.264+0000] {processor.py:914} INFO - Processing file /home/airflow/.local/lib/python3.12/site-packages/airflow/example_dags/example_dag_decorator.py for tasks to queue
[2024-10-04T23:47:37.268+0000] {logging_mixin.py:190} INFO - [2024-10-04T23:47:37.267+0000] {dagbag.py:587} INFO - Filling up the DagBag from /home/airflow/.local/lib/python3.12/site-packages/airflow/example_dags/example_dag_decorator.py
[2024-10-04T23:47:37.288+0000] {processor.py:925} INFO - DAG(s) 'example_dag_decorator' retrieved from /home/airflow/.local/lib/python3.12/site-packages/airflow/example_dags/example_dag_decorator.py
[2024-10-04T23:47:37.471+0000] {logging_mixin.py:190} INFO - [2024-10-04T23:47:37.471+0000] {dag.py:3229} INFO - Sync 1 DAGs
[2024-10-04T23:47:37.488+0000] {logging_mixin.py:190} INFO - [2024-10-04T23:47:37.488+0000] {dag.py:4156} INFO - Setting next_dagrun for example_dag_decorator to None, run_after=None
[2024-10-04T23:47:37.522+0000] {processor.py:208} INFO - Processing /home/airflow/.local/lib/python3.12/site-packages/airflow/example_dags/example_dag_decorator.py took 0.268 seconds
[2024-10-04T23:48:07.658+0000] {processor.py:186} INFO - Started process (PID=1384) to work on /home/airflow/.local/lib/python3.12/site-packages/airflow/example_dags/example_dag_decorator.py
[2024-10-04T23:48:07.660+0000] {processor.py:914} INFO - Processing file /home/airflow/.local/lib/python3.12/site-packages/airflow/example_dags/example_dag_decorator.py for tasks to queue
[2024-10-04T23:48:07.663+0000] {logging_mixin.py:190} INFO - [2024-10-04T23:48:07.662+0000] {dagbag.py:587} INFO - Filling up the DagBag from /home/airflow/.local/lib/python3.12/site-packages/airflow/example_dags/example_dag_decorator.py
[2024-10-04T23:48:07.677+0000] {processor.py:925} INFO - DAG(s) 'example_dag_decorator' retrieved from /home/airflow/.local/lib/python3.12/site-packages/airflow/example_dags/example_dag_decorator.py
[2024-10-04T23:48:07.851+0000] {logging_mixin.py:190} INFO - [2024-10-04T23:48:07.851+0000] {dag.py:3229} INFO - Sync 1 DAGs
[2024-10-04T23:48:07.869+0000] {logging_mixin.py:190} INFO - [2024-10-04T23:48:07.869+0000] {dag.py:4156} INFO - Setting next_dagrun for example_dag_decorator to None, run_after=None
[2024-10-04T23:48:07.906+0000] {processor.py:208} INFO - Processing /home/airflow/.local/lib/python3.12/site-packages/airflow/example_dags/example_dag_decorator.py took 0.255 seconds
[2024-10-04T23:48:38.071+0000] {processor.py:186} INFO - Started process (PID=1445) to work on /home/airflow/.local/lib/python3.12/site-packages/airflow/example_dags/example_dag_decorator.py
[2024-10-04T23:48:38.072+0000] {processor.py:914} INFO - Processing file /home/airflow/.local/lib/python3.12/site-packages/airflow/example_dags/example_dag_decorator.py for tasks to queue
[2024-10-04T23:48:38.076+0000] {logging_mixin.py:190} INFO - [2024-10-04T23:48:38.075+0000] {dagbag.py:587} INFO - Filling up the DagBag from /home/airflow/.local/lib/python3.12/site-packages/airflow/example_dags/example_dag_decorator.py
[2024-10-04T23:48:38.090+0000] {processor.py:925} INFO - DAG(s) 'example_dag_decorator' retrieved from /home/airflow/.local/lib/python3.12/site-packages/airflow/example_dags/example_dag_decorator.py
[2024-10-04T23:48:38.234+0000] {logging_mixin.py:190} INFO - [2024-10-04T23:48:38.233+0000] {dag.py:3229} INFO - Sync 1 DAGs
[2024-10-04T23:48:38.249+0000] {logging_mixin.py:190} INFO - [2024-10-04T23:48:38.249+0000] {dag.py:4156} INFO - Setting next_dagrun for example_dag_decorator to None, run_after=None
[2024-10-04T23:48:38.285+0000] {processor.py:208} INFO - Processing /home/airflow/.local/lib/python3.12/site-packages/airflow/example_dags/example_dag_decorator.py took 0.221 seconds
[2024-10-04T23:49:08.498+0000] {processor.py:186} INFO - Started process (PID=1508) to work on /home/airflow/.local/lib/python3.12/site-packages/airflow/example_dags/example_dag_decorator.py
[2024-10-04T23:49:08.499+0000] {processor.py:914} INFO - Processing file /home/airflow/.local/lib/python3.12/site-packages/airflow/example_dags/example_dag_decorator.py for tasks to queue
[2024-10-04T23:49:08.503+0000] {logging_mixin.py:190} INFO - [2024-10-04T23:49:08.502+0000] {dagbag.py:587} INFO - Filling up the DagBag from /home/airflow/.local/lib/python3.12/site-packages/airflow/example_dags/example_dag_decorator.py
[2024-10-04T23:49:08.533+0000] {processor.py:925} INFO - DAG(s) 'example_dag_decorator' retrieved from /home/airflow/.local/lib/python3.12/site-packages/airflow/example_dags/example_dag_decorator.py
[2024-10-04T23:49:08.795+0000] {logging_mixin.py:190} INFO - [2024-10-04T23:49:08.795+0000] {dag.py:3229} INFO - Sync 1 DAGs
[2024-10-04T23:49:08.813+0000] {logging_mixin.py:190} INFO - [2024-10-04T23:49:08.813+0000] {dag.py:4156} INFO - Setting next_dagrun for example_dag_decorator to None, run_after=None
[2024-10-04T23:49:08.850+0000] {processor.py:208} INFO - Processing /home/airflow/.local/lib/python3.12/site-packages/airflow/example_dags/example_dag_decorator.py took 0.369 seconds
[2024-10-04T23:49:38.927+0000] {processor.py:186} INFO - Started process (PID=1571) to work on /home/airflow/.local/lib/python3.12/site-packages/airflow/example_dags/example_dag_decorator.py
[2024-10-04T23:49:38.929+0000] {processor.py:914} INFO - Processing file /home/airflow/.local/lib/python3.12/site-packages/airflow/example_dags/example_dag_decorator.py for tasks to queue
[2024-10-04T23:49:38.933+0000] {logging_mixin.py:190} INFO - [2024-10-04T23:49:38.932+0000] {dagbag.py:587} INFO - Filling up the DagBag from /home/airflow/.local/lib/python3.12/site-packages/airflow/example_dags/example_dag_decorator.py
[2024-10-04T23:49:38.953+0000] {processor.py:925} INFO - DAG(s) 'example_dag_decorator' retrieved from /home/airflow/.local/lib/python3.12/site-packages/airflow/example_dags/example_dag_decorator.py
[2024-10-04T23:49:39.134+0000] {logging_mixin.py:190} INFO - [2024-10-04T23:49:39.134+0000] {dag.py:3229} INFO - Sync 1 DAGs
[2024-10-04T23:49:39.158+0000] {logging_mixin.py:190} INFO - [2024-10-04T23:49:39.157+0000] {dag.py:4156} INFO - Setting next_dagrun for example_dag_decorator to None, run_after=None
[2024-10-04T23:49:39.188+0000] {processor.py:208} INFO - Processing /home/airflow/.local/lib/python3.12/site-packages/airflow/example_dags/example_dag_decorator.py took 0.269 seconds
[2024-10-04T23:50:09.362+0000] {processor.py:186} INFO - Started process (PID=1633) to work on /home/airflow/.local/lib/python3.12/site-packages/airflow/example_dags/example_dag_decorator.py
[2024-10-04T23:50:09.364+0000] {processor.py:914} INFO - Processing file /home/airflow/.local/lib/python3.12/site-packages/airflow/example_dags/example_dag_decorator.py for tasks to queue
[2024-10-04T23:50:09.366+0000] {logging_mixin.py:190} INFO - [2024-10-04T23:50:09.366+0000] {dagbag.py:587} INFO - Filling up the DagBag from /home/airflow/.local/lib/python3.12/site-packages/airflow/example_dags/example_dag_decorator.py
[2024-10-04T23:50:09.381+0000] {processor.py:925} INFO - DAG(s) 'example_dag_decorator' retrieved from /home/airflow/.local/lib/python3.12/site-packages/airflow/example_dags/example_dag_decorator.py
[2024-10-04T23:50:09.554+0000] {logging_mixin.py:190} INFO - [2024-10-04T23:50:09.554+0000] {dag.py:3229} INFO - Sync 1 DAGs
[2024-10-04T23:50:09.576+0000] {logging_mixin.py:190} INFO - [2024-10-04T23:50:09.576+0000] {dag.py:4156} INFO - Setting next_dagrun for example_dag_decorator to None, run_after=None
[2024-10-04T23:50:09.609+0000] {processor.py:208} INFO - Processing /home/airflow/.local/lib/python3.12/site-packages/airflow/example_dags/example_dag_decorator.py took 0.254 seconds
[2024-10-04T23:50:40.130+0000] {processor.py:186} INFO - Started process (PID=1695) to work on /home/airflow/.local/lib/python3.12/site-packages/airflow/example_dags/example_dag_decorator.py
[2024-10-04T23:50:40.131+0000] {processor.py:914} INFO - Processing file /home/airflow/.local/lib/python3.12/site-packages/airflow/example_dags/example_dag_decorator.py for tasks to queue
[2024-10-04T23:50:40.135+0000] {logging_mixin.py:190} INFO - [2024-10-04T23:50:40.134+0000] {dagbag.py:587} INFO - Filling up the DagBag from /home/airflow/.local/lib/python3.12/site-packages/airflow/example_dags/example_dag_decorator.py
[2024-10-04T23:50:40.152+0000] {processor.py:925} INFO - DAG(s) 'example_dag_decorator' retrieved from /home/airflow/.local/lib/python3.12/site-packages/airflow/example_dags/example_dag_decorator.py
[2024-10-04T23:50:40.345+0000] {logging_mixin.py:190} INFO - [2024-10-04T23:50:40.344+0000] {dag.py:3229} INFO - Sync 1 DAGs
[2024-10-04T23:50:40.366+0000] {logging_mixin.py:190} INFO - [2024-10-04T23:50:40.366+0000] {dag.py:4156} INFO - Setting next_dagrun for example_dag_decorator to None, run_after=None
[2024-10-04T23:50:40.403+0000] {processor.py:208} INFO - Processing /home/airflow/.local/lib/python3.12/site-packages/airflow/example_dags/example_dag_decorator.py took 0.281 seconds
[2024-10-04T23:51:15.096+0000] {processor.py:186} INFO - Started process (PID=1763) to work on /home/airflow/.local/lib/python3.12/site-packages/airflow/example_dags/example_dag_decorator.py
[2024-10-04T23:51:15.103+0000] {processor.py:914} INFO - Processing file /home/airflow/.local/lib/python3.12/site-packages/airflow/example_dags/example_dag_decorator.py for tasks to queue
[2024-10-04T23:51:15.119+0000] {logging_mixin.py:190} INFO - [2024-10-04T23:51:15.119+0000] {dagbag.py:587} INFO - Filling up the DagBag from /home/airflow/.local/lib/python3.12/site-packages/airflow/example_dags/example_dag_decorator.py
[2024-10-04T23:51:15.176+0000] {processor.py:925} INFO - DAG(s) 'example_dag_decorator' retrieved from /home/airflow/.local/lib/python3.12/site-packages/airflow/example_dags/example_dag_decorator.py
[2024-10-04T23:51:15.291+0000] {logging_mixin.py:190} INFO - [2024-10-04T23:51:15.291+0000] {dag.py:3229} INFO - Sync 1 DAGs
[2024-10-04T23:51:15.358+0000] {logging_mixin.py:190} INFO - [2024-10-04T23:51:15.357+0000] {dag.py:4156} INFO - Setting next_dagrun for example_dag_decorator to None, run_after=None
[2024-10-04T23:51:15.455+0000] {processor.py:208} INFO - Processing /home/airflow/.local/lib/python3.12/site-packages/airflow/example_dags/example_dag_decorator.py took 0.380 seconds
[2024-10-04T23:51:46.445+0000] {processor.py:186} INFO - Started process (PID=1825) to work on /home/airflow/.local/lib/python3.12/site-packages/airflow/example_dags/example_dag_decorator.py
[2024-10-04T23:51:46.449+0000] {processor.py:914} INFO - Processing file /home/airflow/.local/lib/python3.12/site-packages/airflow/example_dags/example_dag_decorator.py for tasks to queue
[2024-10-04T23:51:46.467+0000] {logging_mixin.py:190} INFO - [2024-10-04T23:51:46.466+0000] {dagbag.py:587} INFO - Filling up the DagBag from /home/airflow/.local/lib/python3.12/site-packages/airflow/example_dags/example_dag_decorator.py
[2024-10-04T23:51:46.555+0000] {processor.py:925} INFO - DAG(s) 'example_dag_decorator' retrieved from /home/airflow/.local/lib/python3.12/site-packages/airflow/example_dags/example_dag_decorator.py
[2024-10-04T23:51:47.162+0000] {logging_mixin.py:190} INFO - [2024-10-04T23:51:47.162+0000] {dag.py:3229} INFO - Sync 1 DAGs
[2024-10-04T23:51:47.226+0000] {logging_mixin.py:190} INFO - [2024-10-04T23:51:47.226+0000] {dag.py:4156} INFO - Setting next_dagrun for example_dag_decorator to None, run_after=None
[2024-10-04T23:51:47.339+0000] {processor.py:208} INFO - Processing /home/airflow/.local/lib/python3.12/site-packages/airflow/example_dags/example_dag_decorator.py took 0.915 seconds
[2024-10-04T23:52:18.064+0000] {processor.py:186} INFO - Started process (PID=1887) to work on /home/airflow/.local/lib/python3.12/site-packages/airflow/example_dags/example_dag_decorator.py
[2024-10-04T23:52:18.067+0000] {processor.py:914} INFO - Processing file /home/airflow/.local/lib/python3.12/site-packages/airflow/example_dags/example_dag_decorator.py for tasks to queue
[2024-10-04T23:52:18.084+0000] {logging_mixin.py:190} INFO - [2024-10-04T23:52:18.083+0000] {dagbag.py:587} INFO - Filling up the DagBag from /home/airflow/.local/lib/python3.12/site-packages/airflow/example_dags/example_dag_decorator.py
[2024-10-04T23:52:18.145+0000] {processor.py:925} INFO - DAG(s) 'example_dag_decorator' retrieved from /home/airflow/.local/lib/python3.12/site-packages/airflow/example_dags/example_dag_decorator.py
[2024-10-04T23:52:18.895+0000] {logging_mixin.py:190} INFO - [2024-10-04T23:52:18.895+0000] {dag.py:3229} INFO - Sync 1 DAGs
[2024-10-04T23:52:18.974+0000] {logging_mixin.py:190} INFO - [2024-10-04T23:52:18.974+0000] {dag.py:4156} INFO - Setting next_dagrun for example_dag_decorator to None, run_after=None
[2024-10-04T23:52:19.084+0000] {processor.py:208} INFO - Processing /home/airflow/.local/lib/python3.12/site-packages/airflow/example_dags/example_dag_decorator.py took 1.044 seconds
[2024-10-04T23:52:49.187+0000] {processor.py:186} INFO - Started process (PID=1951) to work on /home/airflow/.local/lib/python3.12/site-packages/airflow/example_dags/example_dag_decorator.py
[2024-10-04T23:52:49.189+0000] {processor.py:914} INFO - Processing file /home/airflow/.local/lib/python3.12/site-packages/airflow/example_dags/example_dag_decorator.py for tasks to queue
[2024-10-04T23:52:49.193+0000] {logging_mixin.py:190} INFO - [2024-10-04T23:52:49.193+0000] {dagbag.py:587} INFO - Filling up the DagBag from /home/airflow/.local/lib/python3.12/site-packages/airflow/example_dags/example_dag_decorator.py
[2024-10-04T23:52:49.213+0000] {processor.py:925} INFO - DAG(s) 'example_dag_decorator' retrieved from /home/airflow/.local/lib/python3.12/site-packages/airflow/example_dags/example_dag_decorator.py
[2024-10-04T23:52:49.470+0000] {logging_mixin.py:190} INFO - [2024-10-04T23:52:49.469+0000] {dag.py:3229} INFO - Sync 1 DAGs
[2024-10-04T23:52:49.500+0000] {logging_mixin.py:190} INFO - [2024-10-04T23:52:49.499+0000] {dag.py:4156} INFO - Setting next_dagrun for example_dag_decorator to None, run_after=None
[2024-10-04T23:52:49.548+0000] {processor.py:208} INFO - Processing /home/airflow/.local/lib/python3.12/site-packages/airflow/example_dags/example_dag_decorator.py took 0.371 seconds
[2024-10-04T23:53:19.639+0000] {processor.py:186} INFO - Started process (PID=2013) to work on /home/airflow/.local/lib/python3.12/site-packages/airflow/example_dags/example_dag_decorator.py
[2024-10-04T23:53:19.640+0000] {processor.py:914} INFO - Processing file /home/airflow/.local/lib/python3.12/site-packages/airflow/example_dags/example_dag_decorator.py for tasks to queue
[2024-10-04T23:53:19.644+0000] {logging_mixin.py:190} INFO - [2024-10-04T23:53:19.643+0000] {dagbag.py:587} INFO - Filling up the DagBag from /home/airflow/.local/lib/python3.12/site-packages/airflow/example_dags/example_dag_decorator.py
[2024-10-04T23:53:19.659+0000] {processor.py:925} INFO - DAG(s) 'example_dag_decorator' retrieved from /home/airflow/.local/lib/python3.12/site-packages/airflow/example_dags/example_dag_decorator.py
[2024-10-04T23:53:19.693+0000] {logging_mixin.py:190} INFO - [2024-10-04T23:53:19.693+0000] {dag.py:3229} INFO - Sync 1 DAGs
[2024-10-04T23:53:19.718+0000] {logging_mixin.py:190} INFO - [2024-10-04T23:53:19.717+0000] {dag.py:4156} INFO - Setting next_dagrun for example_dag_decorator to None, run_after=None
[2024-10-04T23:53:19.754+0000] {processor.py:208} INFO - Processing /home/airflow/.local/lib/python3.12/site-packages/airflow/example_dags/example_dag_decorator.py took 0.126 seconds
[2024-10-04T23:53:49.814+0000] {processor.py:186} INFO - Started process (PID=2075) to work on /home/airflow/.local/lib/python3.12/site-packages/airflow/example_dags/example_dag_decorator.py
[2024-10-04T23:53:49.815+0000] {processor.py:914} INFO - Processing file /home/airflow/.local/lib/python3.12/site-packages/airflow/example_dags/example_dag_decorator.py for tasks to queue
[2024-10-04T23:53:49.818+0000] {logging_mixin.py:190} INFO - [2024-10-04T23:53:49.817+0000] {dagbag.py:587} INFO - Filling up the DagBag from /home/airflow/.local/lib/python3.12/site-packages/airflow/example_dags/example_dag_decorator.py
[2024-10-04T23:53:49.834+0000] {processor.py:925} INFO - DAG(s) 'example_dag_decorator' retrieved from /home/airflow/.local/lib/python3.12/site-packages/airflow/example_dags/example_dag_decorator.py
[2024-10-04T23:53:50.008+0000] {logging_mixin.py:190} INFO - [2024-10-04T23:53:50.008+0000] {dag.py:3229} INFO - Sync 1 DAGs
[2024-10-04T23:53:50.032+0000] {logging_mixin.py:190} INFO - [2024-10-04T23:53:50.032+0000] {dag.py:4156} INFO - Setting next_dagrun for example_dag_decorator to None, run_after=None
[2024-10-04T23:53:50.080+0000] {processor.py:208} INFO - Processing /home/airflow/.local/lib/python3.12/site-packages/airflow/example_dags/example_dag_decorator.py took 0.274 seconds
[2024-10-04T23:54:20.484+0000] {processor.py:186} INFO - Started process (PID=2136) to work on /home/airflow/.local/lib/python3.12/site-packages/airflow/example_dags/example_dag_decorator.py
[2024-10-04T23:54:20.486+0000] {processor.py:914} INFO - Processing file /home/airflow/.local/lib/python3.12/site-packages/airflow/example_dags/example_dag_decorator.py for tasks to queue
[2024-10-04T23:54:20.490+0000] {logging_mixin.py:190} INFO - [2024-10-04T23:54:20.489+0000] {dagbag.py:587} INFO - Filling up the DagBag from /home/airflow/.local/lib/python3.12/site-packages/airflow/example_dags/example_dag_decorator.py
[2024-10-04T23:54:20.511+0000] {processor.py:925} INFO - DAG(s) 'example_dag_decorator' retrieved from /home/airflow/.local/lib/python3.12/site-packages/airflow/example_dags/example_dag_decorator.py
[2024-10-04T23:54:20.696+0000] {logging_mixin.py:190} INFO - [2024-10-04T23:54:20.695+0000] {dag.py:3229} INFO - Sync 1 DAGs
[2024-10-04T23:54:20.720+0000] {logging_mixin.py:190} INFO - [2024-10-04T23:54:20.720+0000] {dag.py:4156} INFO - Setting next_dagrun for example_dag_decorator to None, run_after=None
[2024-10-04T23:54:20.756+0000] {processor.py:208} INFO - Processing /home/airflow/.local/lib/python3.12/site-packages/airflow/example_dags/example_dag_decorator.py took 0.282 seconds
[2024-10-04T23:54:51.442+0000] {processor.py:186} INFO - Started process (PID=2198) to work on /home/airflow/.local/lib/python3.12/site-packages/airflow/example_dags/example_dag_decorator.py
[2024-10-04T23:54:51.443+0000] {processor.py:914} INFO - Processing file /home/airflow/.local/lib/python3.12/site-packages/airflow/example_dags/example_dag_decorator.py for tasks to queue
[2024-10-04T23:54:51.446+0000] {logging_mixin.py:190} INFO - [2024-10-04T23:54:51.446+0000] {dagbag.py:587} INFO - Filling up the DagBag from /home/airflow/.local/lib/python3.12/site-packages/airflow/example_dags/example_dag_decorator.py
[2024-10-04T23:54:51.462+0000] {processor.py:925} INFO - DAG(s) 'example_dag_decorator' retrieved from /home/airflow/.local/lib/python3.12/site-packages/airflow/example_dags/example_dag_decorator.py
[2024-10-04T23:54:51.668+0000] {logging_mixin.py:190} INFO - [2024-10-04T23:54:51.668+0000] {dag.py:3229} INFO - Sync 1 DAGs
[2024-10-04T23:54:51.693+0000] {logging_mixin.py:190} INFO - [2024-10-04T23:54:51.693+0000] {dag.py:4156} INFO - Setting next_dagrun for example_dag_decorator to None, run_after=None
[2024-10-04T23:54:51.729+0000] {processor.py:208} INFO - Processing /home/airflow/.local/lib/python3.12/site-packages/airflow/example_dags/example_dag_decorator.py took 0.297 seconds
[2024-10-04T23:55:22.427+0000] {processor.py:186} INFO - Started process (PID=2260) to work on /home/airflow/.local/lib/python3.12/site-packages/airflow/example_dags/example_dag_decorator.py
[2024-10-04T23:55:22.428+0000] {processor.py:914} INFO - Processing file /home/airflow/.local/lib/python3.12/site-packages/airflow/example_dags/example_dag_decorator.py for tasks to queue
[2024-10-04T23:55:22.432+0000] {logging_mixin.py:190} INFO - [2024-10-04T23:55:22.432+0000] {dagbag.py:587} INFO - Filling up the DagBag from /home/airflow/.local/lib/python3.12/site-packages/airflow/example_dags/example_dag_decorator.py
[2024-10-04T23:55:22.472+0000] {processor.py:925} INFO - DAG(s) 'example_dag_decorator' retrieved from /home/airflow/.local/lib/python3.12/site-packages/airflow/example_dags/example_dag_decorator.py
[2024-10-04T23:55:22.959+0000] {logging_mixin.py:190} INFO - [2024-10-04T23:55:22.958+0000] {dag.py:3229} INFO - Sync 1 DAGs
[2024-10-04T23:55:23.020+0000] {logging_mixin.py:190} INFO - [2024-10-04T23:55:23.019+0000] {dag.py:4156} INFO - Setting next_dagrun for example_dag_decorator to None, run_after=None
[2024-10-04T23:55:23.110+0000] {processor.py:208} INFO - Processing /home/airflow/.local/lib/python3.12/site-packages/airflow/example_dags/example_dag_decorator.py took 0.694 seconds
[2024-10-04T23:55:55.117+0000] {processor.py:186} INFO - Started process (PID=2322) to work on /home/airflow/.local/lib/python3.12/site-packages/airflow/example_dags/example_dag_decorator.py
[2024-10-04T23:55:55.118+0000] {processor.py:914} INFO - Processing file /home/airflow/.local/lib/python3.12/site-packages/airflow/example_dags/example_dag_decorator.py for tasks to queue
[2024-10-04T23:55:55.121+0000] {logging_mixin.py:190} INFO - [2024-10-04T23:55:55.120+0000] {dagbag.py:587} INFO - Filling up the DagBag from /home/airflow/.local/lib/python3.12/site-packages/airflow/example_dags/example_dag_decorator.py
[2024-10-04T23:55:55.138+0000] {processor.py:925} INFO - DAG(s) 'example_dag_decorator' retrieved from /home/airflow/.local/lib/python3.12/site-packages/airflow/example_dags/example_dag_decorator.py
[2024-10-04T23:55:55.321+0000] {logging_mixin.py:190} INFO - [2024-10-04T23:55:55.321+0000] {dag.py:3229} INFO - Sync 1 DAGs
[2024-10-04T23:55:55.346+0000] {logging_mixin.py:190} INFO - [2024-10-04T23:55:55.345+0000] {dag.py:4156} INFO - Setting next_dagrun for example_dag_decorator to None, run_after=None
[2024-10-04T23:55:55.381+0000] {processor.py:208} INFO - Processing /home/airflow/.local/lib/python3.12/site-packages/airflow/example_dags/example_dag_decorator.py took 0.273 seconds
[2024-10-04T23:56:25.570+0000] {processor.py:186} INFO - Started process (PID=2385) to work on /home/airflow/.local/lib/python3.12/site-packages/airflow/example_dags/example_dag_decorator.py
[2024-10-04T23:56:25.572+0000] {processor.py:914} INFO - Processing file /home/airflow/.local/lib/python3.12/site-packages/airflow/example_dags/example_dag_decorator.py for tasks to queue
[2024-10-04T23:56:25.576+0000] {logging_mixin.py:190} INFO - [2024-10-04T23:56:25.575+0000] {dagbag.py:587} INFO - Filling up the DagBag from /home/airflow/.local/lib/python3.12/site-packages/airflow/example_dags/example_dag_decorator.py
[2024-10-04T23:56:25.595+0000] {processor.py:925} INFO - DAG(s) 'example_dag_decorator' retrieved from /home/airflow/.local/lib/python3.12/site-packages/airflow/example_dags/example_dag_decorator.py
[2024-10-04T23:56:25.767+0000] {logging_mixin.py:190} INFO - [2024-10-04T23:56:25.767+0000] {dag.py:3229} INFO - Sync 1 DAGs
[2024-10-04T23:56:25.783+0000] {logging_mixin.py:190} INFO - [2024-10-04T23:56:25.783+0000] {dag.py:4156} INFO - Setting next_dagrun for example_dag_decorator to None, run_after=None
[2024-10-04T23:56:25.819+0000] {processor.py:208} INFO - Processing /home/airflow/.local/lib/python3.12/site-packages/airflow/example_dags/example_dag_decorator.py took 0.259 seconds
[2024-10-04T23:56:55.947+0000] {processor.py:186} INFO - Started process (PID=2447) to work on /home/airflow/.local/lib/python3.12/site-packages/airflow/example_dags/example_dag_decorator.py
[2024-10-04T23:56:55.948+0000] {processor.py:914} INFO - Processing file /home/airflow/.local/lib/python3.12/site-packages/airflow/example_dags/example_dag_decorator.py for tasks to queue
[2024-10-04T23:56:55.952+0000] {logging_mixin.py:190} INFO - [2024-10-04T23:56:55.951+0000] {dagbag.py:587} INFO - Filling up the DagBag from /home/airflow/.local/lib/python3.12/site-packages/airflow/example_dags/example_dag_decorator.py
[2024-10-04T23:56:55.969+0000] {processor.py:925} INFO - DAG(s) 'example_dag_decorator' retrieved from /home/airflow/.local/lib/python3.12/site-packages/airflow/example_dags/example_dag_decorator.py
[2024-10-04T23:56:56.139+0000] {logging_mixin.py:190} INFO - [2024-10-04T23:56:56.138+0000] {dag.py:3229} INFO - Sync 1 DAGs
[2024-10-04T23:56:56.157+0000] {logging_mixin.py:190} INFO - [2024-10-04T23:56:56.156+0000] {dag.py:4156} INFO - Setting next_dagrun for example_dag_decorator to None, run_after=None
[2024-10-04T23:56:56.192+0000] {processor.py:208} INFO - Processing /home/airflow/.local/lib/python3.12/site-packages/airflow/example_dags/example_dag_decorator.py took 0.257 seconds
[2024-10-04T23:57:26.768+0000] {processor.py:186} INFO - Started process (PID=2509) to work on /home/airflow/.local/lib/python3.12/site-packages/airflow/example_dags/example_dag_decorator.py
[2024-10-04T23:57:26.770+0000] {processor.py:914} INFO - Processing file /home/airflow/.local/lib/python3.12/site-packages/airflow/example_dags/example_dag_decorator.py for tasks to queue
[2024-10-04T23:57:26.777+0000] {logging_mixin.py:190} INFO - [2024-10-04T23:57:26.776+0000] {dagbag.py:587} INFO - Filling up the DagBag from /home/airflow/.local/lib/python3.12/site-packages/airflow/example_dags/example_dag_decorator.py
[2024-10-04T23:57:26.805+0000] {processor.py:925} INFO - DAG(s) 'example_dag_decorator' retrieved from /home/airflow/.local/lib/python3.12/site-packages/airflow/example_dags/example_dag_decorator.py
[2024-10-04T23:57:26.845+0000] {logging_mixin.py:190} INFO - [2024-10-04T23:57:26.845+0000] {dag.py:3229} INFO - Sync 1 DAGs
[2024-10-04T23:57:26.874+0000] {logging_mixin.py:190} INFO - [2024-10-04T23:57:26.873+0000] {dag.py:4156} INFO - Setting next_dagrun for example_dag_decorator to None, run_after=None
[2024-10-04T23:57:26.951+0000] {processor.py:208} INFO - Processing /home/airflow/.local/lib/python3.12/site-packages/airflow/example_dags/example_dag_decorator.py took 0.195 seconds
[2024-10-04T23:57:57.722+0000] {processor.py:186} INFO - Started process (PID=2571) to work on /home/airflow/.local/lib/python3.12/site-packages/airflow/example_dags/example_dag_decorator.py
[2024-10-04T23:57:57.724+0000] {processor.py:914} INFO - Processing file /home/airflow/.local/lib/python3.12/site-packages/airflow/example_dags/example_dag_decorator.py for tasks to queue
[2024-10-04T23:57:57.728+0000] {logging_mixin.py:190} INFO - [2024-10-04T23:57:57.727+0000] {dagbag.py:587} INFO - Filling up the DagBag from /home/airflow/.local/lib/python3.12/site-packages/airflow/example_dags/example_dag_decorator.py
[2024-10-04T23:57:57.745+0000] {processor.py:925} INFO - DAG(s) 'example_dag_decorator' retrieved from /home/airflow/.local/lib/python3.12/site-packages/airflow/example_dags/example_dag_decorator.py
[2024-10-04T23:57:57.954+0000] {logging_mixin.py:190} INFO - [2024-10-04T23:57:57.954+0000] {dag.py:3229} INFO - Sync 1 DAGs
[2024-10-04T23:57:58.213+0000] {logging_mixin.py:190} INFO - [2024-10-04T23:57:58.213+0000] {dag.py:4156} INFO - Setting next_dagrun for example_dag_decorator to None, run_after=None
[2024-10-04T23:57:58.250+0000] {processor.py:208} INFO - Processing /home/airflow/.local/lib/python3.12/site-packages/airflow/example_dags/example_dag_decorator.py took 0.538 seconds
[2024-10-04T23:58:28.345+0000] {processor.py:186} INFO - Started process (PID=2635) to work on /home/airflow/.local/lib/python3.12/site-packages/airflow/example_dags/example_dag_decorator.py
[2024-10-04T23:58:28.347+0000] {processor.py:914} INFO - Processing file /home/airflow/.local/lib/python3.12/site-packages/airflow/example_dags/example_dag_decorator.py for tasks to queue
[2024-10-04T23:58:28.350+0000] {logging_mixin.py:190} INFO - [2024-10-04T23:58:28.350+0000] {dagbag.py:587} INFO - Filling up the DagBag from /home/airflow/.local/lib/python3.12/site-packages/airflow/example_dags/example_dag_decorator.py
[2024-10-04T23:58:28.371+0000] {processor.py:925} INFO - DAG(s) 'example_dag_decorator' retrieved from /home/airflow/.local/lib/python3.12/site-packages/airflow/example_dags/example_dag_decorator.py
[2024-10-04T23:58:28.560+0000] {logging_mixin.py:190} INFO - [2024-10-04T23:58:28.560+0000] {dag.py:3229} INFO - Sync 1 DAGs
[2024-10-04T23:58:28.825+0000] {logging_mixin.py:190} INFO - [2024-10-04T23:58:28.824+0000] {dag.py:4156} INFO - Setting next_dagrun for example_dag_decorator to None, run_after=None
[2024-10-04T23:58:28.863+0000] {processor.py:208} INFO - Processing /home/airflow/.local/lib/python3.12/site-packages/airflow/example_dags/example_dag_decorator.py took 0.529 seconds
[2024-10-04T23:58:59.073+0000] {processor.py:186} INFO - Started process (PID=2697) to work on /home/airflow/.local/lib/python3.12/site-packages/airflow/example_dags/example_dag_decorator.py
[2024-10-04T23:58:59.075+0000] {processor.py:914} INFO - Processing file /home/airflow/.local/lib/python3.12/site-packages/airflow/example_dags/example_dag_decorator.py for tasks to queue
[2024-10-04T23:58:59.078+0000] {logging_mixin.py:190} INFO - [2024-10-04T23:58:59.077+0000] {dagbag.py:587} INFO - Filling up the DagBag from /home/airflow/.local/lib/python3.12/site-packages/airflow/example_dags/example_dag_decorator.py
[2024-10-04T23:58:59.100+0000] {processor.py:925} INFO - DAG(s) 'example_dag_decorator' retrieved from /home/airflow/.local/lib/python3.12/site-packages/airflow/example_dags/example_dag_decorator.py
[2024-10-04T23:58:59.278+0000] {logging_mixin.py:190} INFO - [2024-10-04T23:58:59.277+0000] {dag.py:3229} INFO - Sync 1 DAGs
[2024-10-04T23:58:59.301+0000] {logging_mixin.py:190} INFO - [2024-10-04T23:58:59.300+0000] {dag.py:4156} INFO - Setting next_dagrun for example_dag_decorator to None, run_after=None
[2024-10-04T23:58:59.629+0000] {processor.py:208} INFO - Processing /home/airflow/.local/lib/python3.12/site-packages/airflow/example_dags/example_dag_decorator.py took 0.564 seconds
[2024-10-04T23:59:29.778+0000] {processor.py:186} INFO - Started process (PID=2759) to work on /home/airflow/.local/lib/python3.12/site-packages/airflow/example_dags/example_dag_decorator.py
[2024-10-04T23:59:29.781+0000] {processor.py:914} INFO - Processing file /home/airflow/.local/lib/python3.12/site-packages/airflow/example_dags/example_dag_decorator.py for tasks to queue
[2024-10-04T23:59:29.786+0000] {logging_mixin.py:190} INFO - [2024-10-04T23:59:29.785+0000] {dagbag.py:587} INFO - Filling up the DagBag from /home/airflow/.local/lib/python3.12/site-packages/airflow/example_dags/example_dag_decorator.py
[2024-10-04T23:59:29.809+0000] {processor.py:925} INFO - DAG(s) 'example_dag_decorator' retrieved from /home/airflow/.local/lib/python3.12/site-packages/airflow/example_dags/example_dag_decorator.py
[2024-10-04T23:59:29.855+0000] {logging_mixin.py:190} INFO - [2024-10-04T23:59:29.854+0000] {dag.py:3229} INFO - Sync 1 DAGs
[2024-10-04T23:59:29.883+0000] {logging_mixin.py:190} INFO - [2024-10-04T23:59:29.882+0000] {dag.py:4156} INFO - Setting next_dagrun for example_dag_decorator to None, run_after=None
[2024-10-04T23:59:29.923+0000] {processor.py:208} INFO - Processing /home/airflow/.local/lib/python3.12/site-packages/airflow/example_dags/example_dag_decorator.py took 0.155 seconds
