[2024-10-04T19:17:52.970+0000] {processor.py:186} INFO - Started process (PID=116) to work on /home/airflow/.local/lib/python3.12/site-packages/airflow/example_dags/example_branch_labels.py
[2024-10-04T19:17:52.972+0000] {processor.py:914} INFO - Processing file /home/airflow/.local/lib/python3.12/site-packages/airflow/example_dags/example_branch_labels.py for tasks to queue
[2024-10-04T19:17:52.975+0000] {logging_mixin.py:190} INFO - [2024-10-04T19:17:52.975+0000] {dagbag.py:587} INFO - Filling up the DagBag from /home/airflow/.local/lib/python3.12/site-packages/airflow/example_dags/example_branch_labels.py
[2024-10-04T19:17:52.992+0000] {processor.py:925} INFO - DAG(s) 'example_branch_labels' retrieved from /home/airflow/.local/lib/python3.12/site-packages/airflow/example_dags/example_branch_labels.py
[2024-10-04T19:17:53.174+0000] {logging_mixin.py:190} INFO - [2024-10-04T19:17:53.174+0000] {override.py:1900} INFO - Created Permission View: can delete on DAG:example_branch_labels
[2024-10-04T19:17:53.210+0000] {logging_mixin.py:190} INFO - [2024-10-04T19:17:53.210+0000] {override.py:1900} INFO - Created Permission View: can edit on DAG:example_branch_labels
[2024-10-04T19:17:53.245+0000] {logging_mixin.py:190} INFO - [2024-10-04T19:17:53.244+0000] {override.py:1900} INFO - Created Permission View: can read on DAG:example_branch_labels
[2024-10-04T19:17:53.296+0000] {logging_mixin.py:190} INFO - [2024-10-04T19:17:53.296+0000] {override.py:1900} INFO - Created Permission View: menu access on DAG Run:example_branch_labels
[2024-10-04T19:17:53.337+0000] {logging_mixin.py:190} INFO - [2024-10-04T19:17:53.336+0000] {override.py:1900} INFO - Created Permission View: can delete on DAG Run:example_branch_labels
[2024-10-04T19:17:53.401+0000] {logging_mixin.py:190} INFO - [2024-10-04T19:17:53.400+0000] {override.py:1900} INFO - Created Permission View: can create on DAG Run:example_branch_labels
[2024-10-04T19:17:53.433+0000] {logging_mixin.py:190} INFO - [2024-10-04T19:17:53.432+0000] {override.py:1900} INFO - Created Permission View: can read on DAG Run:example_branch_labels
[2024-10-04T19:17:53.449+0000] {logging_mixin.py:190} INFO - [2024-10-04T19:17:53.448+0000] {dag.py:3229} INFO - Sync 1 DAGs
[2024-10-04T19:17:53.509+0000] {logging_mixin.py:190} INFO - [2024-10-04T19:17:53.509+0000] {dag.py:3252} INFO - Creating ORM DAG for example_branch_labels
[2024-10-04T19:17:53.559+0000] {logging_mixin.py:190} INFO - [2024-10-04T19:17:53.558+0000] {dag.py:4156} INFO - Setting next_dagrun for example_branch_labels to 2024-10-03 00:00:00+00:00, run_after=2024-10-04 00:00:00+00:00
[2024-10-04T19:17:53.628+0000] {processor.py:208} INFO - Processing /home/airflow/.local/lib/python3.12/site-packages/airflow/example_dags/example_branch_labels.py took 0.670 seconds
[2024-10-04T19:18:24.397+0000] {processor.py:186} INFO - Started process (PID=177) to work on /home/airflow/.local/lib/python3.12/site-packages/airflow/example_dags/example_branch_labels.py
[2024-10-04T19:18:24.409+0000] {processor.py:914} INFO - Processing file /home/airflow/.local/lib/python3.12/site-packages/airflow/example_dags/example_branch_labels.py for tasks to queue
[2024-10-04T19:18:24.428+0000] {logging_mixin.py:190} INFO - [2024-10-04T19:18:24.428+0000] {dagbag.py:587} INFO - Filling up the DagBag from /home/airflow/.local/lib/python3.12/site-packages/airflow/example_dags/example_branch_labels.py
[2024-10-04T19:18:24.490+0000] {processor.py:925} INFO - DAG(s) 'example_branch_labels' retrieved from /home/airflow/.local/lib/python3.12/site-packages/airflow/example_dags/example_branch_labels.py
[2024-10-04T19:18:24.637+0000] {logging_mixin.py:190} INFO - [2024-10-04T19:18:24.636+0000] {dag.py:3229} INFO - Sync 1 DAGs
[2024-10-04T19:18:24.781+0000] {logging_mixin.py:190} INFO - [2024-10-04T19:18:24.780+0000] {dag.py:4156} INFO - Setting next_dagrun for example_branch_labels to 2024-10-03 00:00:00+00:00, run_after=2024-10-04 00:00:00+00:00
[2024-10-04T19:18:24.848+0000] {processor.py:208} INFO - Processing /home/airflow/.local/lib/python3.12/site-packages/airflow/example_dags/example_branch_labels.py took 0.473 seconds
[2024-10-04T23:37:24.822+0000] {processor.py:186} INFO - Started process (PID=112) to work on /home/airflow/.local/lib/python3.12/site-packages/airflow/example_dags/example_branch_labels.py
[2024-10-04T23:37:24.823+0000] {processor.py:914} INFO - Processing file /home/airflow/.local/lib/python3.12/site-packages/airflow/example_dags/example_branch_labels.py for tasks to queue
[2024-10-04T23:37:24.827+0000] {logging_mixin.py:190} INFO - [2024-10-04T23:37:24.827+0000] {dagbag.py:587} INFO - Filling up the DagBag from /home/airflow/.local/lib/python3.12/site-packages/airflow/example_dags/example_branch_labels.py
[2024-10-04T23:37:24.843+0000] {processor.py:925} INFO - DAG(s) 'example_branch_labels' retrieved from /home/airflow/.local/lib/python3.12/site-packages/airflow/example_dags/example_branch_labels.py
[2024-10-04T23:37:24.875+0000] {logging_mixin.py:190} INFO - [2024-10-04T23:37:24.875+0000] {dag.py:3229} INFO - Sync 1 DAGs
[2024-10-04T23:37:24.918+0000] {logging_mixin.py:190} INFO - [2024-10-04T23:37:24.917+0000] {dag.py:4156} INFO - Setting next_dagrun for example_branch_labels to 2024-10-03 00:00:00+00:00, run_after=2024-10-04 00:00:00+00:00
[2024-10-04T23:37:24.967+0000] {processor.py:208} INFO - Processing /home/airflow/.local/lib/python3.12/site-packages/airflow/example_dags/example_branch_labels.py took 0.155 seconds
[2024-10-04T23:37:55.401+0000] {processor.py:186} INFO - Started process (PID=174) to work on /home/airflow/.local/lib/python3.12/site-packages/airflow/example_dags/example_branch_labels.py
[2024-10-04T23:37:55.402+0000] {processor.py:914} INFO - Processing file /home/airflow/.local/lib/python3.12/site-packages/airflow/example_dags/example_branch_labels.py for tasks to queue
[2024-10-04T23:37:55.407+0000] {logging_mixin.py:190} INFO - [2024-10-04T23:37:55.406+0000] {dagbag.py:587} INFO - Filling up the DagBag from /home/airflow/.local/lib/python3.12/site-packages/airflow/example_dags/example_branch_labels.py
[2024-10-04T23:37:55.421+0000] {processor.py:925} INFO - DAG(s) 'example_branch_labels' retrieved from /home/airflow/.local/lib/python3.12/site-packages/airflow/example_dags/example_branch_labels.py
[2024-10-04T23:37:55.448+0000] {logging_mixin.py:190} INFO - [2024-10-04T23:37:55.448+0000] {dag.py:3229} INFO - Sync 1 DAGs
[2024-10-04T23:37:55.488+0000] {logging_mixin.py:190} INFO - [2024-10-04T23:37:55.488+0000] {dag.py:4156} INFO - Setting next_dagrun for example_branch_labels to 2024-10-03 00:00:00+00:00, run_after=2024-10-04 00:00:00+00:00
[2024-10-04T23:37:55.521+0000] {processor.py:208} INFO - Processing /home/airflow/.local/lib/python3.12/site-packages/airflow/example_dags/example_branch_labels.py took 0.130 seconds
[2024-10-04T23:38:26.105+0000] {processor.py:186} INFO - Started process (PID=236) to work on /home/airflow/.local/lib/python3.12/site-packages/airflow/example_dags/example_branch_labels.py
[2024-10-04T23:38:26.107+0000] {processor.py:914} INFO - Processing file /home/airflow/.local/lib/python3.12/site-packages/airflow/example_dags/example_branch_labels.py for tasks to queue
[2024-10-04T23:38:26.113+0000] {logging_mixin.py:190} INFO - [2024-10-04T23:38:26.112+0000] {dagbag.py:587} INFO - Filling up the DagBag from /home/airflow/.local/lib/python3.12/site-packages/airflow/example_dags/example_branch_labels.py
[2024-10-04T23:38:26.132+0000] {processor.py:925} INFO - DAG(s) 'example_branch_labels' retrieved from /home/airflow/.local/lib/python3.12/site-packages/airflow/example_dags/example_branch_labels.py
[2024-10-04T23:38:26.170+0000] {logging_mixin.py:190} INFO - [2024-10-04T23:38:26.169+0000] {dag.py:3229} INFO - Sync 1 DAGs
[2024-10-04T23:38:26.218+0000] {logging_mixin.py:190} INFO - [2024-10-04T23:38:26.218+0000] {dag.py:4156} INFO - Setting next_dagrun for example_branch_labels to 2024-10-03 00:00:00+00:00, run_after=2024-10-04 00:00:00+00:00
[2024-10-04T23:38:26.252+0000] {processor.py:208} INFO - Processing /home/airflow/.local/lib/python3.12/site-packages/airflow/example_dags/example_branch_labels.py took 0.157 seconds
[2024-10-04T23:38:56.411+0000] {processor.py:186} INFO - Started process (PID=298) to work on /home/airflow/.local/lib/python3.12/site-packages/airflow/example_dags/example_branch_labels.py
[2024-10-04T23:38:56.413+0000] {processor.py:914} INFO - Processing file /home/airflow/.local/lib/python3.12/site-packages/airflow/example_dags/example_branch_labels.py for tasks to queue
[2024-10-04T23:38:56.417+0000] {logging_mixin.py:190} INFO - [2024-10-04T23:38:56.416+0000] {dagbag.py:587} INFO - Filling up the DagBag from /home/airflow/.local/lib/python3.12/site-packages/airflow/example_dags/example_branch_labels.py
[2024-10-04T23:38:56.429+0000] {processor.py:925} INFO - DAG(s) 'example_branch_labels' retrieved from /home/airflow/.local/lib/python3.12/site-packages/airflow/example_dags/example_branch_labels.py
[2024-10-04T23:38:56.458+0000] {logging_mixin.py:190} INFO - [2024-10-04T23:38:56.458+0000] {dag.py:3229} INFO - Sync 1 DAGs
[2024-10-04T23:38:56.494+0000] {logging_mixin.py:190} INFO - [2024-10-04T23:38:56.494+0000] {dag.py:4156} INFO - Setting next_dagrun for example_branch_labels to 2024-10-03 00:00:00+00:00, run_after=2024-10-04 00:00:00+00:00
[2024-10-04T23:38:56.529+0000] {processor.py:208} INFO - Processing /home/airflow/.local/lib/python3.12/site-packages/airflow/example_dags/example_branch_labels.py took 0.127 seconds
[2024-10-04T23:39:27.549+0000] {processor.py:186} INFO - Started process (PID=360) to work on /home/airflow/.local/lib/python3.12/site-packages/airflow/example_dags/example_branch_labels.py
[2024-10-04T23:39:27.552+0000] {processor.py:914} INFO - Processing file /home/airflow/.local/lib/python3.12/site-packages/airflow/example_dags/example_branch_labels.py for tasks to queue
[2024-10-04T23:39:27.556+0000] {logging_mixin.py:190} INFO - [2024-10-04T23:39:27.555+0000] {dagbag.py:587} INFO - Filling up the DagBag from /home/airflow/.local/lib/python3.12/site-packages/airflow/example_dags/example_branch_labels.py
[2024-10-04T23:39:27.569+0000] {processor.py:925} INFO - DAG(s) 'example_branch_labels' retrieved from /home/airflow/.local/lib/python3.12/site-packages/airflow/example_dags/example_branch_labels.py
[2024-10-04T23:39:27.604+0000] {logging_mixin.py:190} INFO - [2024-10-04T23:39:27.603+0000] {dag.py:3229} INFO - Sync 1 DAGs
[2024-10-04T23:39:27.648+0000] {logging_mixin.py:190} INFO - [2024-10-04T23:39:27.648+0000] {dag.py:4156} INFO - Setting next_dagrun for example_branch_labels to 2024-10-03 00:00:00+00:00, run_after=2024-10-04 00:00:00+00:00
[2024-10-04T23:39:27.684+0000] {processor.py:208} INFO - Processing /home/airflow/.local/lib/python3.12/site-packages/airflow/example_dags/example_branch_labels.py took 0.147 seconds
[2024-10-04T23:39:59.213+0000] {processor.py:186} INFO - Started process (PID=422) to work on /home/airflow/.local/lib/python3.12/site-packages/airflow/example_dags/example_branch_labels.py
[2024-10-04T23:39:59.215+0000] {processor.py:914} INFO - Processing file /home/airflow/.local/lib/python3.12/site-packages/airflow/example_dags/example_branch_labels.py for tasks to queue
[2024-10-04T23:39:59.220+0000] {logging_mixin.py:190} INFO - [2024-10-04T23:39:59.220+0000] {dagbag.py:587} INFO - Filling up the DagBag from /home/airflow/.local/lib/python3.12/site-packages/airflow/example_dags/example_branch_labels.py
[2024-10-04T23:39:59.237+0000] {processor.py:925} INFO - DAG(s) 'example_branch_labels' retrieved from /home/airflow/.local/lib/python3.12/site-packages/airflow/example_dags/example_branch_labels.py
[2024-10-04T23:39:59.314+0000] {logging_mixin.py:190} INFO - [2024-10-04T23:39:59.302+0000] {dag.py:3229} INFO - Sync 1 DAGs
[2024-10-04T23:39:59.454+0000] {logging_mixin.py:190} INFO - [2024-10-04T23:39:59.454+0000] {dag.py:4156} INFO - Setting next_dagrun for example_branch_labels to 2024-10-03 00:00:00+00:00, run_after=2024-10-04 00:00:00+00:00
[2024-10-04T23:39:59.536+0000] {processor.py:208} INFO - Processing /home/airflow/.local/lib/python3.12/site-packages/airflow/example_dags/example_branch_labels.py took 0.335 seconds
[2024-10-04T23:40:30.781+0000] {processor.py:186} INFO - Started process (PID=484) to work on /home/airflow/.local/lib/python3.12/site-packages/airflow/example_dags/example_branch_labels.py
[2024-10-04T23:40:30.783+0000] {processor.py:914} INFO - Processing file /home/airflow/.local/lib/python3.12/site-packages/airflow/example_dags/example_branch_labels.py for tasks to queue
[2024-10-04T23:40:30.786+0000] {logging_mixin.py:190} INFO - [2024-10-04T23:40:30.786+0000] {dagbag.py:587} INFO - Filling up the DagBag from /home/airflow/.local/lib/python3.12/site-packages/airflow/example_dags/example_branch_labels.py
[2024-10-04T23:40:30.800+0000] {processor.py:925} INFO - DAG(s) 'example_branch_labels' retrieved from /home/airflow/.local/lib/python3.12/site-packages/airflow/example_dags/example_branch_labels.py
[2024-10-04T23:40:30.835+0000] {logging_mixin.py:190} INFO - [2024-10-04T23:40:30.835+0000] {dag.py:3229} INFO - Sync 1 DAGs
[2024-10-04T23:40:30.875+0000] {logging_mixin.py:190} INFO - [2024-10-04T23:40:30.875+0000] {dag.py:4156} INFO - Setting next_dagrun for example_branch_labels to 2024-10-03 00:00:00+00:00, run_after=2024-10-04 00:00:00+00:00
[2024-10-04T23:40:30.908+0000] {processor.py:208} INFO - Processing /home/airflow/.local/lib/python3.12/site-packages/airflow/example_dags/example_branch_labels.py took 0.134 seconds
[2024-10-04T23:41:01.489+0000] {processor.py:186} INFO - Started process (PID=546) to work on /home/airflow/.local/lib/python3.12/site-packages/airflow/example_dags/example_branch_labels.py
[2024-10-04T23:41:01.491+0000] {processor.py:914} INFO - Processing file /home/airflow/.local/lib/python3.12/site-packages/airflow/example_dags/example_branch_labels.py for tasks to queue
[2024-10-04T23:41:01.497+0000] {logging_mixin.py:190} INFO - [2024-10-04T23:41:01.496+0000] {dagbag.py:587} INFO - Filling up the DagBag from /home/airflow/.local/lib/python3.12/site-packages/airflow/example_dags/example_branch_labels.py
[2024-10-04T23:41:01.516+0000] {processor.py:925} INFO - DAG(s) 'example_branch_labels' retrieved from /home/airflow/.local/lib/python3.12/site-packages/airflow/example_dags/example_branch_labels.py
[2024-10-04T23:41:01.549+0000] {logging_mixin.py:190} INFO - [2024-10-04T23:41:01.548+0000] {dag.py:3229} INFO - Sync 1 DAGs
[2024-10-04T23:41:01.594+0000] {logging_mixin.py:190} INFO - [2024-10-04T23:41:01.594+0000] {dag.py:4156} INFO - Setting next_dagrun for example_branch_labels to 2024-10-03 00:00:00+00:00, run_after=2024-10-04 00:00:00+00:00
[2024-10-04T23:41:01.632+0000] {processor.py:208} INFO - Processing /home/airflow/.local/lib/python3.12/site-packages/airflow/example_dags/example_branch_labels.py took 0.152 seconds
[2024-10-04T23:41:31.916+0000] {processor.py:186} INFO - Started process (PID=610) to work on /home/airflow/.local/lib/python3.12/site-packages/airflow/example_dags/example_branch_labels.py
[2024-10-04T23:41:31.917+0000] {processor.py:914} INFO - Processing file /home/airflow/.local/lib/python3.12/site-packages/airflow/example_dags/example_branch_labels.py for tasks to queue
[2024-10-04T23:41:31.923+0000] {logging_mixin.py:190} INFO - [2024-10-04T23:41:31.922+0000] {dagbag.py:587} INFO - Filling up the DagBag from /home/airflow/.local/lib/python3.12/site-packages/airflow/example_dags/example_branch_labels.py
[2024-10-04T23:41:31.938+0000] {processor.py:925} INFO - DAG(s) 'example_branch_labels' retrieved from /home/airflow/.local/lib/python3.12/site-packages/airflow/example_dags/example_branch_labels.py
[2024-10-04T23:41:31.970+0000] {logging_mixin.py:190} INFO - [2024-10-04T23:41:31.969+0000] {dag.py:3229} INFO - Sync 1 DAGs
[2024-10-04T23:41:32.012+0000] {logging_mixin.py:190} INFO - [2024-10-04T23:41:32.011+0000] {dag.py:4156} INFO - Setting next_dagrun for example_branch_labels to 2024-10-03 00:00:00+00:00, run_after=2024-10-04 00:00:00+00:00
[2024-10-04T23:41:32.046+0000] {processor.py:208} INFO - Processing /home/airflow/.local/lib/python3.12/site-packages/airflow/example_dags/example_branch_labels.py took 0.140 seconds
[2024-10-04T23:42:02.309+0000] {processor.py:186} INFO - Started process (PID=671) to work on /home/airflow/.local/lib/python3.12/site-packages/airflow/example_dags/example_branch_labels.py
[2024-10-04T23:42:02.311+0000] {processor.py:914} INFO - Processing file /home/airflow/.local/lib/python3.12/site-packages/airflow/example_dags/example_branch_labels.py for tasks to queue
[2024-10-04T23:42:02.315+0000] {logging_mixin.py:190} INFO - [2024-10-04T23:42:02.315+0000] {dagbag.py:587} INFO - Filling up the DagBag from /home/airflow/.local/lib/python3.12/site-packages/airflow/example_dags/example_branch_labels.py
[2024-10-04T23:42:02.332+0000] {processor.py:925} INFO - DAG(s) 'example_branch_labels' retrieved from /home/airflow/.local/lib/python3.12/site-packages/airflow/example_dags/example_branch_labels.py
[2024-10-04T23:42:02.360+0000] {logging_mixin.py:190} INFO - [2024-10-04T23:42:02.360+0000] {dag.py:3229} INFO - Sync 1 DAGs
[2024-10-04T23:42:02.400+0000] {logging_mixin.py:190} INFO - [2024-10-04T23:42:02.400+0000] {dag.py:4156} INFO - Setting next_dagrun for example_branch_labels to 2024-10-03 00:00:00+00:00, run_after=2024-10-04 00:00:00+00:00
[2024-10-04T23:42:02.432+0000] {processor.py:208} INFO - Processing /home/airflow/.local/lib/python3.12/site-packages/airflow/example_dags/example_branch_labels.py took 0.133 seconds
[2024-10-04T23:42:33.022+0000] {processor.py:186} INFO - Started process (PID=734) to work on /home/airflow/.local/lib/python3.12/site-packages/airflow/example_dags/example_branch_labels.py
[2024-10-04T23:42:33.024+0000] {processor.py:914} INFO - Processing file /home/airflow/.local/lib/python3.12/site-packages/airflow/example_dags/example_branch_labels.py for tasks to queue
[2024-10-04T23:42:33.027+0000] {logging_mixin.py:190} INFO - [2024-10-04T23:42:33.026+0000] {dagbag.py:587} INFO - Filling up the DagBag from /home/airflow/.local/lib/python3.12/site-packages/airflow/example_dags/example_branch_labels.py
[2024-10-04T23:42:33.039+0000] {processor.py:925} INFO - DAG(s) 'example_branch_labels' retrieved from /home/airflow/.local/lib/python3.12/site-packages/airflow/example_dags/example_branch_labels.py
[2024-10-04T23:42:33.065+0000] {logging_mixin.py:190} INFO - [2024-10-04T23:42:33.064+0000] {dag.py:3229} INFO - Sync 1 DAGs
[2024-10-04T23:42:33.096+0000] {logging_mixin.py:190} INFO - [2024-10-04T23:42:33.096+0000] {dag.py:4156} INFO - Setting next_dagrun for example_branch_labels to 2024-10-03 00:00:00+00:00, run_after=2024-10-04 00:00:00+00:00
[2024-10-04T23:42:33.125+0000] {processor.py:208} INFO - Processing /home/airflow/.local/lib/python3.12/site-packages/airflow/example_dags/example_branch_labels.py took 0.110 seconds
[2024-10-04T23:43:03.865+0000] {processor.py:186} INFO - Started process (PID=795) to work on /home/airflow/.local/lib/python3.12/site-packages/airflow/example_dags/example_branch_labels.py
[2024-10-04T23:43:03.867+0000] {processor.py:914} INFO - Processing file /home/airflow/.local/lib/python3.12/site-packages/airflow/example_dags/example_branch_labels.py for tasks to queue
[2024-10-04T23:43:03.871+0000] {logging_mixin.py:190} INFO - [2024-10-04T23:43:03.871+0000] {dagbag.py:587} INFO - Filling up the DagBag from /home/airflow/.local/lib/python3.12/site-packages/airflow/example_dags/example_branch_labels.py
[2024-10-04T23:43:03.889+0000] {processor.py:925} INFO - DAG(s) 'example_branch_labels' retrieved from /home/airflow/.local/lib/python3.12/site-packages/airflow/example_dags/example_branch_labels.py
[2024-10-04T23:43:03.924+0000] {logging_mixin.py:190} INFO - [2024-10-04T23:43:03.923+0000] {dag.py:3229} INFO - Sync 1 DAGs
[2024-10-04T23:43:03.972+0000] {logging_mixin.py:190} INFO - [2024-10-04T23:43:03.971+0000] {dag.py:4156} INFO - Setting next_dagrun for example_branch_labels to 2024-10-03 00:00:00+00:00, run_after=2024-10-04 00:00:00+00:00
[2024-10-04T23:43:04.014+0000] {processor.py:208} INFO - Processing /home/airflow/.local/lib/python3.12/site-packages/airflow/example_dags/example_branch_labels.py took 0.159 seconds
[2024-10-04T23:43:34.213+0000] {processor.py:186} INFO - Started process (PID=857) to work on /home/airflow/.local/lib/python3.12/site-packages/airflow/example_dags/example_branch_labels.py
[2024-10-04T23:43:34.214+0000] {processor.py:914} INFO - Processing file /home/airflow/.local/lib/python3.12/site-packages/airflow/example_dags/example_branch_labels.py for tasks to queue
[2024-10-04T23:43:34.219+0000] {logging_mixin.py:190} INFO - [2024-10-04T23:43:34.218+0000] {dagbag.py:587} INFO - Filling up the DagBag from /home/airflow/.local/lib/python3.12/site-packages/airflow/example_dags/example_branch_labels.py
[2024-10-04T23:43:34.238+0000] {processor.py:925} INFO - DAG(s) 'example_branch_labels' retrieved from /home/airflow/.local/lib/python3.12/site-packages/airflow/example_dags/example_branch_labels.py
[2024-10-04T23:43:34.270+0000] {logging_mixin.py:190} INFO - [2024-10-04T23:43:34.270+0000] {dag.py:3229} INFO - Sync 1 DAGs
[2024-10-04T23:43:34.307+0000] {logging_mixin.py:190} INFO - [2024-10-04T23:43:34.307+0000] {dag.py:4156} INFO - Setting next_dagrun for example_branch_labels to 2024-10-03 00:00:00+00:00, run_after=2024-10-04 00:00:00+00:00
[2024-10-04T23:43:34.333+0000] {processor.py:208} INFO - Processing /home/airflow/.local/lib/python3.12/site-packages/airflow/example_dags/example_branch_labels.py took 0.129 seconds
[2024-10-04T23:44:05.454+0000] {processor.py:186} INFO - Started process (PID=918) to work on /home/airflow/.local/lib/python3.12/site-packages/airflow/example_dags/example_branch_labels.py
[2024-10-04T23:44:05.455+0000] {processor.py:914} INFO - Processing file /home/airflow/.local/lib/python3.12/site-packages/airflow/example_dags/example_branch_labels.py for tasks to queue
[2024-10-04T23:44:05.459+0000] {logging_mixin.py:190} INFO - [2024-10-04T23:44:05.458+0000] {dagbag.py:587} INFO - Filling up the DagBag from /home/airflow/.local/lib/python3.12/site-packages/airflow/example_dags/example_branch_labels.py
[2024-10-04T23:44:05.474+0000] {processor.py:925} INFO - DAG(s) 'example_branch_labels' retrieved from /home/airflow/.local/lib/python3.12/site-packages/airflow/example_dags/example_branch_labels.py
[2024-10-04T23:44:05.504+0000] {logging_mixin.py:190} INFO - [2024-10-04T23:44:05.504+0000] {dag.py:3229} INFO - Sync 1 DAGs
[2024-10-04T23:44:05.547+0000] {logging_mixin.py:190} INFO - [2024-10-04T23:44:05.546+0000] {dag.py:4156} INFO - Setting next_dagrun for example_branch_labels to 2024-10-03 00:00:00+00:00, run_after=2024-10-04 00:00:00+00:00
[2024-10-04T23:44:05.585+0000] {processor.py:208} INFO - Processing /home/airflow/.local/lib/python3.12/site-packages/airflow/example_dags/example_branch_labels.py took 0.141 seconds
[2024-10-04T23:44:36.751+0000] {processor.py:186} INFO - Started process (PID=980) to work on /home/airflow/.local/lib/python3.12/site-packages/airflow/example_dags/example_branch_labels.py
[2024-10-04T23:44:36.753+0000] {processor.py:914} INFO - Processing file /home/airflow/.local/lib/python3.12/site-packages/airflow/example_dags/example_branch_labels.py for tasks to queue
[2024-10-04T23:44:36.759+0000] {logging_mixin.py:190} INFO - [2024-10-04T23:44:36.759+0000] {dagbag.py:587} INFO - Filling up the DagBag from /home/airflow/.local/lib/python3.12/site-packages/airflow/example_dags/example_branch_labels.py
[2024-10-04T23:44:36.778+0000] {processor.py:925} INFO - DAG(s) 'example_branch_labels' retrieved from /home/airflow/.local/lib/python3.12/site-packages/airflow/example_dags/example_branch_labels.py
[2024-10-04T23:44:36.816+0000] {logging_mixin.py:190} INFO - [2024-10-04T23:44:36.816+0000] {dag.py:3229} INFO - Sync 1 DAGs
[2024-10-04T23:44:36.870+0000] {logging_mixin.py:190} INFO - [2024-10-04T23:44:36.869+0000] {dag.py:4156} INFO - Setting next_dagrun for example_branch_labels to 2024-10-03 00:00:00+00:00, run_after=2024-10-04 00:00:00+00:00
[2024-10-04T23:44:36.906+0000] {processor.py:208} INFO - Processing /home/airflow/.local/lib/python3.12/site-packages/airflow/example_dags/example_branch_labels.py took 0.166 seconds
[2024-10-04T23:45:07.309+0000] {processor.py:186} INFO - Started process (PID=1043) to work on /home/airflow/.local/lib/python3.12/site-packages/airflow/example_dags/example_branch_labels.py
[2024-10-04T23:45:07.310+0000] {processor.py:914} INFO - Processing file /home/airflow/.local/lib/python3.12/site-packages/airflow/example_dags/example_branch_labels.py for tasks to queue
[2024-10-04T23:45:07.314+0000] {logging_mixin.py:190} INFO - [2024-10-04T23:45:07.313+0000] {dagbag.py:587} INFO - Filling up the DagBag from /home/airflow/.local/lib/python3.12/site-packages/airflow/example_dags/example_branch_labels.py
[2024-10-04T23:45:07.327+0000] {processor.py:925} INFO - DAG(s) 'example_branch_labels' retrieved from /home/airflow/.local/lib/python3.12/site-packages/airflow/example_dags/example_branch_labels.py
[2024-10-04T23:45:07.354+0000] {logging_mixin.py:190} INFO - [2024-10-04T23:45:07.354+0000] {dag.py:3229} INFO - Sync 1 DAGs
[2024-10-04T23:45:07.386+0000] {logging_mixin.py:190} INFO - [2024-10-04T23:45:07.385+0000] {dag.py:4156} INFO - Setting next_dagrun for example_branch_labels to 2024-10-03 00:00:00+00:00, run_after=2024-10-04 00:00:00+00:00
[2024-10-04T23:45:07.415+0000] {processor.py:208} INFO - Processing /home/airflow/.local/lib/python3.12/site-packages/airflow/example_dags/example_branch_labels.py took 0.116 seconds
[2024-10-04T23:45:38.171+0000] {processor.py:186} INFO - Started process (PID=1104) to work on /home/airflow/.local/lib/python3.12/site-packages/airflow/example_dags/example_branch_labels.py
[2024-10-04T23:45:38.172+0000] {processor.py:914} INFO - Processing file /home/airflow/.local/lib/python3.12/site-packages/airflow/example_dags/example_branch_labels.py for tasks to queue
[2024-10-04T23:45:38.177+0000] {logging_mixin.py:190} INFO - [2024-10-04T23:45:38.177+0000] {dagbag.py:587} INFO - Filling up the DagBag from /home/airflow/.local/lib/python3.12/site-packages/airflow/example_dags/example_branch_labels.py
[2024-10-04T23:45:38.190+0000] {processor.py:925} INFO - DAG(s) 'example_branch_labels' retrieved from /home/airflow/.local/lib/python3.12/site-packages/airflow/example_dags/example_branch_labels.py
[2024-10-04T23:45:38.219+0000] {logging_mixin.py:190} INFO - [2024-10-04T23:45:38.219+0000] {dag.py:3229} INFO - Sync 1 DAGs
[2024-10-04T23:45:38.260+0000] {logging_mixin.py:190} INFO - [2024-10-04T23:45:38.259+0000] {dag.py:4156} INFO - Setting next_dagrun for example_branch_labels to 2024-10-03 00:00:00+00:00, run_after=2024-10-04 00:00:00+00:00
[2024-10-04T23:45:38.294+0000] {processor.py:208} INFO - Processing /home/airflow/.local/lib/python3.12/site-packages/airflow/example_dags/example_branch_labels.py took 0.131 seconds
[2024-10-04T23:46:09.645+0000] {processor.py:186} INFO - Started process (PID=1166) to work on /home/airflow/.local/lib/python3.12/site-packages/airflow/example_dags/example_branch_labels.py
[2024-10-04T23:46:09.647+0000] {processor.py:914} INFO - Processing file /home/airflow/.local/lib/python3.12/site-packages/airflow/example_dags/example_branch_labels.py for tasks to queue
[2024-10-04T23:46:09.653+0000] {logging_mixin.py:190} INFO - [2024-10-04T23:46:09.652+0000] {dagbag.py:587} INFO - Filling up the DagBag from /home/airflow/.local/lib/python3.12/site-packages/airflow/example_dags/example_branch_labels.py
[2024-10-04T23:46:09.672+0000] {processor.py:925} INFO - DAG(s) 'example_branch_labels' retrieved from /home/airflow/.local/lib/python3.12/site-packages/airflow/example_dags/example_branch_labels.py
[2024-10-04T23:46:09.721+0000] {logging_mixin.py:190} INFO - [2024-10-04T23:46:09.720+0000] {dag.py:3229} INFO - Sync 1 DAGs
[2024-10-04T23:46:09.778+0000] {logging_mixin.py:190} INFO - [2024-10-04T23:46:09.777+0000] {dag.py:4156} INFO - Setting next_dagrun for example_branch_labels to 2024-10-03 00:00:00+00:00, run_after=2024-10-04 00:00:00+00:00
[2024-10-04T23:46:09.827+0000] {processor.py:208} INFO - Processing /home/airflow/.local/lib/python3.12/site-packages/airflow/example_dags/example_branch_labels.py took 0.195 seconds
[2024-10-04T23:46:40.686+0000] {processor.py:186} INFO - Started process (PID=1233) to work on /home/airflow/.local/lib/python3.12/site-packages/airflow/example_dags/example_branch_labels.py
[2024-10-04T23:46:40.687+0000] {processor.py:914} INFO - Processing file /home/airflow/.local/lib/python3.12/site-packages/airflow/example_dags/example_branch_labels.py for tasks to queue
[2024-10-04T23:46:40.692+0000] {logging_mixin.py:190} INFO - [2024-10-04T23:46:40.692+0000] {dagbag.py:587} INFO - Filling up the DagBag from /home/airflow/.local/lib/python3.12/site-packages/airflow/example_dags/example_branch_labels.py
[2024-10-04T23:46:40.706+0000] {processor.py:925} INFO - DAG(s) 'example_branch_labels' retrieved from /home/airflow/.local/lib/python3.12/site-packages/airflow/example_dags/example_branch_labels.py
[2024-10-04T23:46:40.734+0000] {logging_mixin.py:190} INFO - [2024-10-04T23:46:40.734+0000] {dag.py:3229} INFO - Sync 1 DAGs
[2024-10-04T23:46:40.781+0000] {logging_mixin.py:190} INFO - [2024-10-04T23:46:40.781+0000] {dag.py:4156} INFO - Setting next_dagrun for example_branch_labels to 2024-10-03 00:00:00+00:00, run_after=2024-10-04 00:00:00+00:00
[2024-10-04T23:46:40.815+0000] {processor.py:208} INFO - Processing /home/airflow/.local/lib/python3.12/site-packages/airflow/example_dags/example_branch_labels.py took 0.136 seconds
[2024-10-04T23:47:11.412+0000] {processor.py:186} INFO - Started process (PID=1294) to work on /home/airflow/.local/lib/python3.12/site-packages/airflow/example_dags/example_branch_labels.py
[2024-10-04T23:47:11.414+0000] {processor.py:914} INFO - Processing file /home/airflow/.local/lib/python3.12/site-packages/airflow/example_dags/example_branch_labels.py for tasks to queue
[2024-10-04T23:47:11.418+0000] {logging_mixin.py:190} INFO - [2024-10-04T23:47:11.417+0000] {dagbag.py:587} INFO - Filling up the DagBag from /home/airflow/.local/lib/python3.12/site-packages/airflow/example_dags/example_branch_labels.py
[2024-10-04T23:47:11.433+0000] {processor.py:925} INFO - DAG(s) 'example_branch_labels' retrieved from /home/airflow/.local/lib/python3.12/site-packages/airflow/example_dags/example_branch_labels.py
[2024-10-04T23:47:11.475+0000] {logging_mixin.py:190} INFO - [2024-10-04T23:47:11.474+0000] {dag.py:3229} INFO - Sync 1 DAGs
[2024-10-04T23:47:11.521+0000] {logging_mixin.py:190} INFO - [2024-10-04T23:47:11.521+0000] {dag.py:4156} INFO - Setting next_dagrun for example_branch_labels to 2024-10-03 00:00:00+00:00, run_after=2024-10-04 00:00:00+00:00
[2024-10-04T23:47:11.575+0000] {processor.py:208} INFO - Processing /home/airflow/.local/lib/python3.12/site-packages/airflow/example_dags/example_branch_labels.py took 0.171 seconds
[2024-10-04T23:47:41.761+0000] {processor.py:186} INFO - Started process (PID=1356) to work on /home/airflow/.local/lib/python3.12/site-packages/airflow/example_dags/example_branch_labels.py
[2024-10-04T23:47:41.763+0000] {processor.py:914} INFO - Processing file /home/airflow/.local/lib/python3.12/site-packages/airflow/example_dags/example_branch_labels.py for tasks to queue
[2024-10-04T23:47:41.767+0000] {logging_mixin.py:190} INFO - [2024-10-04T23:47:41.766+0000] {dagbag.py:587} INFO - Filling up the DagBag from /home/airflow/.local/lib/python3.12/site-packages/airflow/example_dags/example_branch_labels.py
[2024-10-04T23:47:41.784+0000] {processor.py:925} INFO - DAG(s) 'example_branch_labels' retrieved from /home/airflow/.local/lib/python3.12/site-packages/airflow/example_dags/example_branch_labels.py
[2024-10-04T23:47:41.812+0000] {logging_mixin.py:190} INFO - [2024-10-04T23:47:41.812+0000] {dag.py:3229} INFO - Sync 1 DAGs
[2024-10-04T23:47:41.853+0000] {logging_mixin.py:190} INFO - [2024-10-04T23:47:41.852+0000] {dag.py:4156} INFO - Setting next_dagrun for example_branch_labels to 2024-10-03 00:00:00+00:00, run_after=2024-10-04 00:00:00+00:00
[2024-10-04T23:47:41.889+0000] {processor.py:208} INFO - Processing /home/airflow/.local/lib/python3.12/site-packages/airflow/example_dags/example_branch_labels.py took 0.135 seconds
[2024-10-04T23:48:11.982+0000] {processor.py:186} INFO - Started process (PID=1418) to work on /home/airflow/.local/lib/python3.12/site-packages/airflow/example_dags/example_branch_labels.py
[2024-10-04T23:48:11.983+0000] {processor.py:914} INFO - Processing file /home/airflow/.local/lib/python3.12/site-packages/airflow/example_dags/example_branch_labels.py for tasks to queue
[2024-10-04T23:48:11.987+0000] {logging_mixin.py:190} INFO - [2024-10-04T23:48:11.987+0000] {dagbag.py:587} INFO - Filling up the DagBag from /home/airflow/.local/lib/python3.12/site-packages/airflow/example_dags/example_branch_labels.py
[2024-10-04T23:48:12.002+0000] {processor.py:925} INFO - DAG(s) 'example_branch_labels' retrieved from /home/airflow/.local/lib/python3.12/site-packages/airflow/example_dags/example_branch_labels.py
[2024-10-04T23:48:12.034+0000] {logging_mixin.py:190} INFO - [2024-10-04T23:48:12.034+0000] {dag.py:3229} INFO - Sync 1 DAGs
[2024-10-04T23:48:12.068+0000] {logging_mixin.py:190} INFO - [2024-10-04T23:48:12.068+0000] {dag.py:4156} INFO - Setting next_dagrun for example_branch_labels to 2024-10-03 00:00:00+00:00, run_after=2024-10-04 00:00:00+00:00
[2024-10-04T23:48:12.107+0000] {processor.py:208} INFO - Processing /home/airflow/.local/lib/python3.12/site-packages/airflow/example_dags/example_branch_labels.py took 0.134 seconds
[2024-10-04T23:48:42.208+0000] {processor.py:186} INFO - Started process (PID=1480) to work on /home/airflow/.local/lib/python3.12/site-packages/airflow/example_dags/example_branch_labels.py
[2024-10-04T23:48:42.210+0000] {processor.py:914} INFO - Processing file /home/airflow/.local/lib/python3.12/site-packages/airflow/example_dags/example_branch_labels.py for tasks to queue
[2024-10-04T23:48:42.214+0000] {logging_mixin.py:190} INFO - [2024-10-04T23:48:42.213+0000] {dagbag.py:587} INFO - Filling up the DagBag from /home/airflow/.local/lib/python3.12/site-packages/airflow/example_dags/example_branch_labels.py
[2024-10-04T23:48:42.229+0000] {processor.py:925} INFO - DAG(s) 'example_branch_labels' retrieved from /home/airflow/.local/lib/python3.12/site-packages/airflow/example_dags/example_branch_labels.py
[2024-10-04T23:48:42.256+0000] {logging_mixin.py:190} INFO - [2024-10-04T23:48:42.256+0000] {dag.py:3229} INFO - Sync 1 DAGs
[2024-10-04T23:48:42.291+0000] {logging_mixin.py:190} INFO - [2024-10-04T23:48:42.290+0000] {dag.py:4156} INFO - Setting next_dagrun for example_branch_labels to 2024-10-03 00:00:00+00:00, run_after=2024-10-04 00:00:00+00:00
[2024-10-04T23:48:42.318+0000] {processor.py:208} INFO - Processing /home/airflow/.local/lib/python3.12/site-packages/airflow/example_dags/example_branch_labels.py took 0.121 seconds
[2024-10-04T23:49:12.787+0000] {processor.py:186} INFO - Started process (PID=1543) to work on /home/airflow/.local/lib/python3.12/site-packages/airflow/example_dags/example_branch_labels.py
[2024-10-04T23:49:12.788+0000] {processor.py:914} INFO - Processing file /home/airflow/.local/lib/python3.12/site-packages/airflow/example_dags/example_branch_labels.py for tasks to queue
[2024-10-04T23:49:12.792+0000] {logging_mixin.py:190} INFO - [2024-10-04T23:49:12.791+0000] {dagbag.py:587} INFO - Filling up the DagBag from /home/airflow/.local/lib/python3.12/site-packages/airflow/example_dags/example_branch_labels.py
[2024-10-04T23:49:12.808+0000] {processor.py:925} INFO - DAG(s) 'example_branch_labels' retrieved from /home/airflow/.local/lib/python3.12/site-packages/airflow/example_dags/example_branch_labels.py
[2024-10-04T23:49:12.835+0000] {logging_mixin.py:190} INFO - [2024-10-04T23:49:12.834+0000] {dag.py:3229} INFO - Sync 1 DAGs
[2024-10-04T23:49:12.874+0000] {logging_mixin.py:190} INFO - [2024-10-04T23:49:12.874+0000] {dag.py:4156} INFO - Setting next_dagrun for example_branch_labels to 2024-10-03 00:00:00+00:00, run_after=2024-10-04 00:00:00+00:00
[2024-10-04T23:49:12.911+0000] {processor.py:208} INFO - Processing /home/airflow/.local/lib/python3.12/site-packages/airflow/example_dags/example_branch_labels.py took 0.132 seconds
[2024-10-04T23:49:43.271+0000] {processor.py:186} INFO - Started process (PID=1605) to work on /home/airflow/.local/lib/python3.12/site-packages/airflow/example_dags/example_branch_labels.py
[2024-10-04T23:49:43.273+0000] {processor.py:914} INFO - Processing file /home/airflow/.local/lib/python3.12/site-packages/airflow/example_dags/example_branch_labels.py for tasks to queue
[2024-10-04T23:49:43.278+0000] {logging_mixin.py:190} INFO - [2024-10-04T23:49:43.277+0000] {dagbag.py:587} INFO - Filling up the DagBag from /home/airflow/.local/lib/python3.12/site-packages/airflow/example_dags/example_branch_labels.py
[2024-10-04T23:49:43.297+0000] {processor.py:925} INFO - DAG(s) 'example_branch_labels' retrieved from /home/airflow/.local/lib/python3.12/site-packages/airflow/example_dags/example_branch_labels.py
[2024-10-04T23:49:43.335+0000] {logging_mixin.py:190} INFO - [2024-10-04T23:49:43.335+0000] {dag.py:3229} INFO - Sync 1 DAGs
[2024-10-04T23:49:43.382+0000] {logging_mixin.py:190} INFO - [2024-10-04T23:49:43.382+0000] {dag.py:4156} INFO - Setting next_dagrun for example_branch_labels to 2024-10-03 00:00:00+00:00, run_after=2024-10-04 00:00:00+00:00
[2024-10-04T23:49:43.427+0000] {processor.py:208} INFO - Processing /home/airflow/.local/lib/python3.12/site-packages/airflow/example_dags/example_branch_labels.py took 0.166 seconds
[2024-10-04T23:50:13.761+0000] {processor.py:186} INFO - Started process (PID=1667) to work on /home/airflow/.local/lib/python3.12/site-packages/airflow/example_dags/example_branch_labels.py
[2024-10-04T23:50:13.762+0000] {processor.py:914} INFO - Processing file /home/airflow/.local/lib/python3.12/site-packages/airflow/example_dags/example_branch_labels.py for tasks to queue
[2024-10-04T23:50:13.768+0000] {logging_mixin.py:190} INFO - [2024-10-04T23:50:13.767+0000] {dagbag.py:587} INFO - Filling up the DagBag from /home/airflow/.local/lib/python3.12/site-packages/airflow/example_dags/example_branch_labels.py
[2024-10-04T23:50:13.784+0000] {processor.py:925} INFO - DAG(s) 'example_branch_labels' retrieved from /home/airflow/.local/lib/python3.12/site-packages/airflow/example_dags/example_branch_labels.py
[2024-10-04T23:50:13.819+0000] {logging_mixin.py:190} INFO - [2024-10-04T23:50:13.819+0000] {dag.py:3229} INFO - Sync 1 DAGs
[2024-10-04T23:50:13.863+0000] {logging_mixin.py:190} INFO - [2024-10-04T23:50:13.862+0000] {dag.py:4156} INFO - Setting next_dagrun for example_branch_labels to 2024-10-03 00:00:00+00:00, run_after=2024-10-04 00:00:00+00:00
[2024-10-04T23:50:13.907+0000] {processor.py:208} INFO - Processing /home/airflow/.local/lib/python3.12/site-packages/airflow/example_dags/example_branch_labels.py took 0.153 seconds
[2024-10-04T23:50:44.509+0000] {processor.py:186} INFO - Started process (PID=1729) to work on /home/airflow/.local/lib/python3.12/site-packages/airflow/example_dags/example_branch_labels.py
[2024-10-04T23:50:44.510+0000] {processor.py:914} INFO - Processing file /home/airflow/.local/lib/python3.12/site-packages/airflow/example_dags/example_branch_labels.py for tasks to queue
[2024-10-04T23:50:44.516+0000] {logging_mixin.py:190} INFO - [2024-10-04T23:50:44.515+0000] {dagbag.py:587} INFO - Filling up the DagBag from /home/airflow/.local/lib/python3.12/site-packages/airflow/example_dags/example_branch_labels.py
[2024-10-04T23:50:44.534+0000] {processor.py:925} INFO - DAG(s) 'example_branch_labels' retrieved from /home/airflow/.local/lib/python3.12/site-packages/airflow/example_dags/example_branch_labels.py
[2024-10-04T23:50:44.569+0000] {logging_mixin.py:190} INFO - [2024-10-04T23:50:44.568+0000] {dag.py:3229} INFO - Sync 1 DAGs
[2024-10-04T23:50:44.610+0000] {logging_mixin.py:190} INFO - [2024-10-04T23:50:44.609+0000] {dag.py:4156} INFO - Setting next_dagrun for example_branch_labels to 2024-10-03 00:00:00+00:00, run_after=2024-10-04 00:00:00+00:00
[2024-10-04T23:50:44.651+0000] {processor.py:208} INFO - Processing /home/airflow/.local/lib/python3.12/site-packages/airflow/example_dags/example_branch_labels.py took 0.151 seconds
[2024-10-04T23:51:27.641+0000] {processor.py:186} INFO - Started process (PID=1792) to work on /home/airflow/.local/lib/python3.12/site-packages/airflow/example_dags/example_branch_labels.py
[2024-10-04T23:51:27.642+0000] {processor.py:914} INFO - Processing file /home/airflow/.local/lib/python3.12/site-packages/airflow/example_dags/example_branch_labels.py for tasks to queue
[2024-10-04T23:51:27.660+0000] {logging_mixin.py:190} INFO - [2024-10-04T23:51:27.659+0000] {dagbag.py:587} INFO - Filling up the DagBag from /home/airflow/.local/lib/python3.12/site-packages/airflow/example_dags/example_branch_labels.py
[2024-10-04T23:51:27.724+0000] {processor.py:925} INFO - DAG(s) 'example_branch_labels' retrieved from /home/airflow/.local/lib/python3.12/site-packages/airflow/example_dags/example_branch_labels.py
[2024-10-04T23:51:27.904+0000] {logging_mixin.py:190} INFO - [2024-10-04T23:51:27.893+0000] {dag.py:3229} INFO - Sync 1 DAGs
[2024-10-04T23:51:28.070+0000] {logging_mixin.py:190} INFO - [2024-10-04T23:51:28.069+0000] {dag.py:4156} INFO - Setting next_dagrun for example_branch_labels to 2024-10-03 00:00:00+00:00, run_after=2024-10-04 00:00:00+00:00
[2024-10-04T23:51:28.197+0000] {processor.py:208} INFO - Processing /home/airflow/.local/lib/python3.12/site-packages/airflow/example_dags/example_branch_labels.py took 0.600 seconds
[2024-10-04T23:51:58.877+0000] {processor.py:186} INFO - Started process (PID=1854) to work on /home/airflow/.local/lib/python3.12/site-packages/airflow/example_dags/example_branch_labels.py
[2024-10-04T23:51:58.879+0000] {processor.py:914} INFO - Processing file /home/airflow/.local/lib/python3.12/site-packages/airflow/example_dags/example_branch_labels.py for tasks to queue
[2024-10-04T23:51:58.902+0000] {logging_mixin.py:190} INFO - [2024-10-04T23:51:58.901+0000] {dagbag.py:587} INFO - Filling up the DagBag from /home/airflow/.local/lib/python3.12/site-packages/airflow/example_dags/example_branch_labels.py
[2024-10-04T23:51:58.975+0000] {processor.py:925} INFO - DAG(s) 'example_branch_labels' retrieved from /home/airflow/.local/lib/python3.12/site-packages/airflow/example_dags/example_branch_labels.py
[2024-10-04T23:51:59.070+0000] {logging_mixin.py:190} INFO - [2024-10-04T23:51:59.069+0000] {dag.py:3229} INFO - Sync 1 DAGs
[2024-10-04T23:51:59.247+0000] {logging_mixin.py:190} INFO - [2024-10-04T23:51:59.246+0000] {dag.py:4156} INFO - Setting next_dagrun for example_branch_labels to 2024-10-03 00:00:00+00:00, run_after=2024-10-04 00:00:00+00:00
[2024-10-04T23:51:59.352+0000] {processor.py:208} INFO - Processing /home/airflow/.local/lib/python3.12/site-packages/airflow/example_dags/example_branch_labels.py took 0.497 seconds
[2024-10-04T23:52:30.335+0000] {processor.py:186} INFO - Started process (PID=1917) to work on /home/airflow/.local/lib/python3.12/site-packages/airflow/example_dags/example_branch_labels.py
[2024-10-04T23:52:30.336+0000] {processor.py:914} INFO - Processing file /home/airflow/.local/lib/python3.12/site-packages/airflow/example_dags/example_branch_labels.py for tasks to queue
[2024-10-04T23:52:30.341+0000] {logging_mixin.py:190} INFO - [2024-10-04T23:52:30.340+0000] {dagbag.py:587} INFO - Filling up the DagBag from /home/airflow/.local/lib/python3.12/site-packages/airflow/example_dags/example_branch_labels.py
[2024-10-04T23:52:30.360+0000] {processor.py:925} INFO - DAG(s) 'example_branch_labels' retrieved from /home/airflow/.local/lib/python3.12/site-packages/airflow/example_dags/example_branch_labels.py
[2024-10-04T23:52:30.421+0000] {logging_mixin.py:190} INFO - [2024-10-04T23:52:30.421+0000] {dag.py:3229} INFO - Sync 1 DAGs
[2024-10-04T23:52:30.502+0000] {logging_mixin.py:190} INFO - [2024-10-04T23:52:30.501+0000] {dag.py:4156} INFO - Setting next_dagrun for example_branch_labels to 2024-10-03 00:00:00+00:00, run_after=2024-10-04 00:00:00+00:00
[2024-10-04T23:52:30.554+0000] {processor.py:208} INFO - Processing /home/airflow/.local/lib/python3.12/site-packages/airflow/example_dags/example_branch_labels.py took 0.232 seconds
[2024-10-04T23:53:01.024+0000] {processor.py:186} INFO - Started process (PID=1980) to work on /home/airflow/.local/lib/python3.12/site-packages/airflow/example_dags/example_branch_labels.py
[2024-10-04T23:53:01.025+0000] {processor.py:914} INFO - Processing file /home/airflow/.local/lib/python3.12/site-packages/airflow/example_dags/example_branch_labels.py for tasks to queue
[2024-10-04T23:53:01.030+0000] {logging_mixin.py:190} INFO - [2024-10-04T23:53:01.029+0000] {dagbag.py:587} INFO - Filling up the DagBag from /home/airflow/.local/lib/python3.12/site-packages/airflow/example_dags/example_branch_labels.py
[2024-10-04T23:53:01.046+0000] {processor.py:925} INFO - DAG(s) 'example_branch_labels' retrieved from /home/airflow/.local/lib/python3.12/site-packages/airflow/example_dags/example_branch_labels.py
[2024-10-04T23:53:01.083+0000] {logging_mixin.py:190} INFO - [2024-10-04T23:53:01.083+0000] {dag.py:3229} INFO - Sync 1 DAGs
[2024-10-04T23:53:01.129+0000] {logging_mixin.py:190} INFO - [2024-10-04T23:53:01.129+0000] {dag.py:4156} INFO - Setting next_dagrun for example_branch_labels to 2024-10-03 00:00:00+00:00, run_after=2024-10-04 00:00:00+00:00
[2024-10-04T23:53:01.177+0000] {processor.py:208} INFO - Processing /home/airflow/.local/lib/python3.12/site-packages/airflow/example_dags/example_branch_labels.py took 0.165 seconds
[2024-10-04T23:53:31.734+0000] {processor.py:186} INFO - Started process (PID=2042) to work on /home/airflow/.local/lib/python3.12/site-packages/airflow/example_dags/example_branch_labels.py
[2024-10-04T23:53:31.736+0000] {processor.py:914} INFO - Processing file /home/airflow/.local/lib/python3.12/site-packages/airflow/example_dags/example_branch_labels.py for tasks to queue
[2024-10-04T23:53:31.740+0000] {logging_mixin.py:190} INFO - [2024-10-04T23:53:31.740+0000] {dagbag.py:587} INFO - Filling up the DagBag from /home/airflow/.local/lib/python3.12/site-packages/airflow/example_dags/example_branch_labels.py
[2024-10-04T23:53:31.755+0000] {processor.py:925} INFO - DAG(s) 'example_branch_labels' retrieved from /home/airflow/.local/lib/python3.12/site-packages/airflow/example_dags/example_branch_labels.py
[2024-10-04T23:53:31.797+0000] {logging_mixin.py:190} INFO - [2024-10-04T23:53:31.797+0000] {dag.py:3229} INFO - Sync 1 DAGs
[2024-10-04T23:53:31.839+0000] {logging_mixin.py:190} INFO - [2024-10-04T23:53:31.839+0000] {dag.py:4156} INFO - Setting next_dagrun for example_branch_labels to 2024-10-03 00:00:00+00:00, run_after=2024-10-04 00:00:00+00:00
[2024-10-04T23:53:31.897+0000] {processor.py:208} INFO - Processing /home/airflow/.local/lib/python3.12/site-packages/airflow/example_dags/example_branch_labels.py took 0.173 seconds
[2024-10-04T23:54:02.026+0000] {processor.py:186} INFO - Started process (PID=2104) to work on /home/airflow/.local/lib/python3.12/site-packages/airflow/example_dags/example_branch_labels.py
[2024-10-04T23:54:02.028+0000] {processor.py:914} INFO - Processing file /home/airflow/.local/lib/python3.12/site-packages/airflow/example_dags/example_branch_labels.py for tasks to queue
[2024-10-04T23:54:02.032+0000] {logging_mixin.py:190} INFO - [2024-10-04T23:54:02.031+0000] {dagbag.py:587} INFO - Filling up the DagBag from /home/airflow/.local/lib/python3.12/site-packages/airflow/example_dags/example_branch_labels.py
[2024-10-04T23:54:02.050+0000] {processor.py:925} INFO - DAG(s) 'example_branch_labels' retrieved from /home/airflow/.local/lib/python3.12/site-packages/airflow/example_dags/example_branch_labels.py
[2024-10-04T23:54:02.087+0000] {logging_mixin.py:190} INFO - [2024-10-04T23:54:02.086+0000] {dag.py:3229} INFO - Sync 1 DAGs
[2024-10-04T23:54:02.132+0000] {logging_mixin.py:190} INFO - [2024-10-04T23:54:02.131+0000] {dag.py:4156} INFO - Setting next_dagrun for example_branch_labels to 2024-10-03 00:00:00+00:00, run_after=2024-10-04 00:00:00+00:00
[2024-10-04T23:54:02.181+0000] {processor.py:208} INFO - Processing /home/airflow/.local/lib/python3.12/site-packages/airflow/example_dags/example_branch_labels.py took 0.167 seconds
[2024-10-04T23:54:32.242+0000] {processor.py:186} INFO - Started process (PID=2167) to work on /home/airflow/.local/lib/python3.12/site-packages/airflow/example_dags/example_branch_labels.py
[2024-10-04T23:54:32.244+0000] {processor.py:914} INFO - Processing file /home/airflow/.local/lib/python3.12/site-packages/airflow/example_dags/example_branch_labels.py for tasks to queue
[2024-10-04T23:54:32.248+0000] {logging_mixin.py:190} INFO - [2024-10-04T23:54:32.248+0000] {dagbag.py:587} INFO - Filling up the DagBag from /home/airflow/.local/lib/python3.12/site-packages/airflow/example_dags/example_branch_labels.py
[2024-10-04T23:54:32.268+0000] {processor.py:925} INFO - DAG(s) 'example_branch_labels' retrieved from /home/airflow/.local/lib/python3.12/site-packages/airflow/example_dags/example_branch_labels.py
[2024-10-04T23:54:32.307+0000] {logging_mixin.py:190} INFO - [2024-10-04T23:54:32.306+0000] {dag.py:3229} INFO - Sync 1 DAGs
[2024-10-04T23:54:32.360+0000] {logging_mixin.py:190} INFO - [2024-10-04T23:54:32.359+0000] {dag.py:4156} INFO - Setting next_dagrun for example_branch_labels to 2024-10-03 00:00:00+00:00, run_after=2024-10-04 00:00:00+00:00
[2024-10-04T23:54:32.426+0000] {processor.py:208} INFO - Processing /home/airflow/.local/lib/python3.12/site-packages/airflow/example_dags/example_branch_labels.py took 0.194 seconds
[2024-10-04T23:55:02.730+0000] {processor.py:186} INFO - Started process (PID=2226) to work on /home/airflow/.local/lib/python3.12/site-packages/airflow/example_dags/example_branch_labels.py
[2024-10-04T23:55:02.731+0000] {processor.py:914} INFO - Processing file /home/airflow/.local/lib/python3.12/site-packages/airflow/example_dags/example_branch_labels.py for tasks to queue
[2024-10-04T23:55:02.736+0000] {logging_mixin.py:190} INFO - [2024-10-04T23:55:02.735+0000] {dagbag.py:587} INFO - Filling up the DagBag from /home/airflow/.local/lib/python3.12/site-packages/airflow/example_dags/example_branch_labels.py
[2024-10-04T23:55:02.751+0000] {processor.py:925} INFO - DAG(s) 'example_branch_labels' retrieved from /home/airflow/.local/lib/python3.12/site-packages/airflow/example_dags/example_branch_labels.py
[2024-10-04T23:55:02.782+0000] {logging_mixin.py:190} INFO - [2024-10-04T23:55:02.781+0000] {dag.py:3229} INFO - Sync 1 DAGs
[2024-10-04T23:55:02.826+0000] {logging_mixin.py:190} INFO - [2024-10-04T23:55:02.825+0000] {dag.py:4156} INFO - Setting next_dagrun for example_branch_labels to 2024-10-03 00:00:00+00:00, run_after=2024-10-04 00:00:00+00:00
[2024-10-04T23:55:02.862+0000] {processor.py:208} INFO - Processing /home/airflow/.local/lib/python3.12/site-packages/airflow/example_dags/example_branch_labels.py took 0.143 seconds
[2024-10-04T23:55:33.041+0000] {processor.py:186} INFO - Started process (PID=2288) to work on /home/airflow/.local/lib/python3.12/site-packages/airflow/example_dags/example_branch_labels.py
[2024-10-04T23:55:33.043+0000] {processor.py:914} INFO - Processing file /home/airflow/.local/lib/python3.12/site-packages/airflow/example_dags/example_branch_labels.py for tasks to queue
[2024-10-04T23:55:33.047+0000] {logging_mixin.py:190} INFO - [2024-10-04T23:55:33.047+0000] {dagbag.py:587} INFO - Filling up the DagBag from /home/airflow/.local/lib/python3.12/site-packages/airflow/example_dags/example_branch_labels.py
[2024-10-04T23:55:33.062+0000] {processor.py:925} INFO - DAG(s) 'example_branch_labels' retrieved from /home/airflow/.local/lib/python3.12/site-packages/airflow/example_dags/example_branch_labels.py
[2024-10-04T23:55:33.093+0000] {logging_mixin.py:190} INFO - [2024-10-04T23:55:33.092+0000] {dag.py:3229} INFO - Sync 1 DAGs
[2024-10-04T23:55:33.132+0000] {logging_mixin.py:190} INFO - [2024-10-04T23:55:33.131+0000] {dag.py:4156} INFO - Setting next_dagrun for example_branch_labels to 2024-10-03 00:00:00+00:00, run_after=2024-10-04 00:00:00+00:00
[2024-10-04T23:55:33.172+0000] {processor.py:208} INFO - Processing /home/airflow/.local/lib/python3.12/site-packages/airflow/example_dags/example_branch_labels.py took 0.141 seconds
[2024-10-04T23:56:03.313+0000] {processor.py:186} INFO - Started process (PID=2350) to work on /home/airflow/.local/lib/python3.12/site-packages/airflow/example_dags/example_branch_labels.py
[2024-10-04T23:56:03.315+0000] {processor.py:914} INFO - Processing file /home/airflow/.local/lib/python3.12/site-packages/airflow/example_dags/example_branch_labels.py for tasks to queue
[2024-10-04T23:56:03.323+0000] {logging_mixin.py:190} INFO - [2024-10-04T23:56:03.321+0000] {dagbag.py:587} INFO - Filling up the DagBag from /home/airflow/.local/lib/python3.12/site-packages/airflow/example_dags/example_branch_labels.py
[2024-10-04T23:56:03.345+0000] {processor.py:925} INFO - DAG(s) 'example_branch_labels' retrieved from /home/airflow/.local/lib/python3.12/site-packages/airflow/example_dags/example_branch_labels.py
[2024-10-04T23:56:03.385+0000] {logging_mixin.py:190} INFO - [2024-10-04T23:56:03.384+0000] {dag.py:3229} INFO - Sync 1 DAGs
[2024-10-04T23:56:03.434+0000] {logging_mixin.py:190} INFO - [2024-10-04T23:56:03.433+0000] {dag.py:4156} INFO - Setting next_dagrun for example_branch_labels to 2024-10-03 00:00:00+00:00, run_after=2024-10-04 00:00:00+00:00
[2024-10-04T23:56:03.471+0000] {processor.py:208} INFO - Processing /home/airflow/.local/lib/python3.12/site-packages/airflow/example_dags/example_branch_labels.py took 0.172 seconds
[2024-10-04T23:56:33.698+0000] {processor.py:186} INFO - Started process (PID=2412) to work on /home/airflow/.local/lib/python3.12/site-packages/airflow/example_dags/example_branch_labels.py
[2024-10-04T23:56:33.700+0000] {processor.py:914} INFO - Processing file /home/airflow/.local/lib/python3.12/site-packages/airflow/example_dags/example_branch_labels.py for tasks to queue
[2024-10-04T23:56:33.704+0000] {logging_mixin.py:190} INFO - [2024-10-04T23:56:33.703+0000] {dagbag.py:587} INFO - Filling up the DagBag from /home/airflow/.local/lib/python3.12/site-packages/airflow/example_dags/example_branch_labels.py
[2024-10-04T23:56:33.717+0000] {processor.py:925} INFO - DAG(s) 'example_branch_labels' retrieved from /home/airflow/.local/lib/python3.12/site-packages/airflow/example_dags/example_branch_labels.py
[2024-10-04T23:56:33.752+0000] {logging_mixin.py:190} INFO - [2024-10-04T23:56:33.751+0000] {dag.py:3229} INFO - Sync 1 DAGs
[2024-10-04T23:56:33.790+0000] {logging_mixin.py:190} INFO - [2024-10-04T23:56:33.790+0000] {dag.py:4156} INFO - Setting next_dagrun for example_branch_labels to 2024-10-03 00:00:00+00:00, run_after=2024-10-04 00:00:00+00:00
[2024-10-04T23:56:33.825+0000] {processor.py:208} INFO - Processing /home/airflow/.local/lib/python3.12/site-packages/airflow/example_dags/example_branch_labels.py took 0.135 seconds
[2024-10-04T23:57:03.902+0000] {processor.py:186} INFO - Started process (PID=2475) to work on /home/airflow/.local/lib/python3.12/site-packages/airflow/example_dags/example_branch_labels.py
[2024-10-04T23:57:03.903+0000] {processor.py:914} INFO - Processing file /home/airflow/.local/lib/python3.12/site-packages/airflow/example_dags/example_branch_labels.py for tasks to queue
[2024-10-04T23:57:03.907+0000] {logging_mixin.py:190} INFO - [2024-10-04T23:57:03.907+0000] {dagbag.py:587} INFO - Filling up the DagBag from /home/airflow/.local/lib/python3.12/site-packages/airflow/example_dags/example_branch_labels.py
[2024-10-04T23:57:03.924+0000] {processor.py:925} INFO - DAG(s) 'example_branch_labels' retrieved from /home/airflow/.local/lib/python3.12/site-packages/airflow/example_dags/example_branch_labels.py
[2024-10-04T23:57:03.955+0000] {logging_mixin.py:190} INFO - [2024-10-04T23:57:03.955+0000] {dag.py:3229} INFO - Sync 1 DAGs
[2024-10-04T23:57:03.988+0000] {logging_mixin.py:190} INFO - [2024-10-04T23:57:03.988+0000] {dag.py:4156} INFO - Setting next_dagrun for example_branch_labels to 2024-10-03 00:00:00+00:00, run_after=2024-10-04 00:00:00+00:00
[2024-10-04T23:57:04.025+0000] {processor.py:208} INFO - Processing /home/airflow/.local/lib/python3.12/site-packages/airflow/example_dags/example_branch_labels.py took 0.133 seconds
[2024-10-04T23:57:34.687+0000] {processor.py:186} INFO - Started process (PID=2536) to work on /home/airflow/.local/lib/python3.12/site-packages/airflow/example_dags/example_branch_labels.py
[2024-10-04T23:57:34.689+0000] {processor.py:914} INFO - Processing file /home/airflow/.local/lib/python3.12/site-packages/airflow/example_dags/example_branch_labels.py for tasks to queue
[2024-10-04T23:57:34.694+0000] {logging_mixin.py:190} INFO - [2024-10-04T23:57:34.693+0000] {dagbag.py:587} INFO - Filling up the DagBag from /home/airflow/.local/lib/python3.12/site-packages/airflow/example_dags/example_branch_labels.py
[2024-10-04T23:57:34.707+0000] {processor.py:925} INFO - DAG(s) 'example_branch_labels' retrieved from /home/airflow/.local/lib/python3.12/site-packages/airflow/example_dags/example_branch_labels.py
[2024-10-04T23:57:34.732+0000] {logging_mixin.py:190} INFO - [2024-10-04T23:57:34.732+0000] {dag.py:3229} INFO - Sync 1 DAGs
[2024-10-04T23:57:34.771+0000] {logging_mixin.py:190} INFO - [2024-10-04T23:57:34.771+0000] {dag.py:4156} INFO - Setting next_dagrun for example_branch_labels to 2024-10-03 00:00:00+00:00, run_after=2024-10-04 00:00:00+00:00
[2024-10-04T23:57:34.800+0000] {processor.py:208} INFO - Processing /home/airflow/.local/lib/python3.12/site-packages/airflow/example_dags/example_branch_labels.py took 0.123 seconds
[2024-10-04T23:58:05.681+0000] {processor.py:186} INFO - Started process (PID=2598) to work on /home/airflow/.local/lib/python3.12/site-packages/airflow/example_dags/example_branch_labels.py
[2024-10-04T23:58:05.683+0000] {processor.py:914} INFO - Processing file /home/airflow/.local/lib/python3.12/site-packages/airflow/example_dags/example_branch_labels.py for tasks to queue
[2024-10-04T23:58:05.687+0000] {logging_mixin.py:190} INFO - [2024-10-04T23:58:05.686+0000] {dagbag.py:587} INFO - Filling up the DagBag from /home/airflow/.local/lib/python3.12/site-packages/airflow/example_dags/example_branch_labels.py
[2024-10-04T23:58:05.699+0000] {processor.py:925} INFO - DAG(s) 'example_branch_labels' retrieved from /home/airflow/.local/lib/python3.12/site-packages/airflow/example_dags/example_branch_labels.py
[2024-10-04T23:58:05.727+0000] {logging_mixin.py:190} INFO - [2024-10-04T23:58:05.726+0000] {dag.py:3229} INFO - Sync 1 DAGs
[2024-10-04T23:58:05.759+0000] {logging_mixin.py:190} INFO - [2024-10-04T23:58:05.759+0000] {dag.py:4156} INFO - Setting next_dagrun for example_branch_labels to 2024-10-03 00:00:00+00:00, run_after=2024-10-04 00:00:00+00:00
[2024-10-04T23:58:05.786+0000] {processor.py:208} INFO - Processing /home/airflow/.local/lib/python3.12/site-packages/airflow/example_dags/example_branch_labels.py took 0.115 seconds
[2024-10-04T23:58:36.639+0000] {processor.py:186} INFO - Started process (PID=2661) to work on /home/airflow/.local/lib/python3.12/site-packages/airflow/example_dags/example_branch_labels.py
[2024-10-04T23:58:36.640+0000] {processor.py:914} INFO - Processing file /home/airflow/.local/lib/python3.12/site-packages/airflow/example_dags/example_branch_labels.py for tasks to queue
[2024-10-04T23:58:36.644+0000] {logging_mixin.py:190} INFO - [2024-10-04T23:58:36.643+0000] {dagbag.py:587} INFO - Filling up the DagBag from /home/airflow/.local/lib/python3.12/site-packages/airflow/example_dags/example_branch_labels.py
[2024-10-04T23:58:36.660+0000] {processor.py:925} INFO - DAG(s) 'example_branch_labels' retrieved from /home/airflow/.local/lib/python3.12/site-packages/airflow/example_dags/example_branch_labels.py
[2024-10-04T23:58:36.688+0000] {logging_mixin.py:190} INFO - [2024-10-04T23:58:36.688+0000] {dag.py:3229} INFO - Sync 1 DAGs
[2024-10-04T23:58:36.721+0000] {logging_mixin.py:190} INFO - [2024-10-04T23:58:36.720+0000] {dag.py:4156} INFO - Setting next_dagrun for example_branch_labels to 2024-10-03 00:00:00+00:00, run_after=2024-10-04 00:00:00+00:00
[2024-10-04T23:58:36.751+0000] {processor.py:208} INFO - Processing /home/airflow/.local/lib/python3.12/site-packages/airflow/example_dags/example_branch_labels.py took 0.128 seconds
[2024-10-04T23:59:07.254+0000] {processor.py:186} INFO - Started process (PID=2723) to work on /home/airflow/.local/lib/python3.12/site-packages/airflow/example_dags/example_branch_labels.py
[2024-10-04T23:59:07.256+0000] {processor.py:914} INFO - Processing file /home/airflow/.local/lib/python3.12/site-packages/airflow/example_dags/example_branch_labels.py for tasks to queue
[2024-10-04T23:59:07.259+0000] {logging_mixin.py:190} INFO - [2024-10-04T23:59:07.259+0000] {dagbag.py:587} INFO - Filling up the DagBag from /home/airflow/.local/lib/python3.12/site-packages/airflow/example_dags/example_branch_labels.py
[2024-10-04T23:59:07.273+0000] {processor.py:925} INFO - DAG(s) 'example_branch_labels' retrieved from /home/airflow/.local/lib/python3.12/site-packages/airflow/example_dags/example_branch_labels.py
[2024-10-04T23:59:07.305+0000] {logging_mixin.py:190} INFO - [2024-10-04T23:59:07.305+0000] {dag.py:3229} INFO - Sync 1 DAGs
[2024-10-04T23:59:07.344+0000] {logging_mixin.py:190} INFO - [2024-10-04T23:59:07.343+0000] {dag.py:4156} INFO - Setting next_dagrun for example_branch_labels to 2024-10-03 00:00:00+00:00, run_after=2024-10-04 00:00:00+00:00
[2024-10-04T23:59:07.372+0000] {processor.py:208} INFO - Processing /home/airflow/.local/lib/python3.12/site-packages/airflow/example_dags/example_branch_labels.py took 0.125 seconds
[2024-10-04T23:59:37.821+0000] {processor.py:186} INFO - Started process (PID=2785) to work on /home/airflow/.local/lib/python3.12/site-packages/airflow/example_dags/example_branch_labels.py
[2024-10-04T23:59:37.823+0000] {processor.py:914} INFO - Processing file /home/airflow/.local/lib/python3.12/site-packages/airflow/example_dags/example_branch_labels.py for tasks to queue
[2024-10-04T23:59:37.827+0000] {logging_mixin.py:190} INFO - [2024-10-04T23:59:37.827+0000] {dagbag.py:587} INFO - Filling up the DagBag from /home/airflow/.local/lib/python3.12/site-packages/airflow/example_dags/example_branch_labels.py
[2024-10-04T23:59:37.846+0000] {processor.py:925} INFO - DAG(s) 'example_branch_labels' retrieved from /home/airflow/.local/lib/python3.12/site-packages/airflow/example_dags/example_branch_labels.py
[2024-10-04T23:59:37.890+0000] {logging_mixin.py:190} INFO - [2024-10-04T23:59:37.889+0000] {dag.py:3229} INFO - Sync 1 DAGs
[2024-10-04T23:59:37.937+0000] {logging_mixin.py:190} INFO - [2024-10-04T23:59:37.936+0000] {dag.py:4156} INFO - Setting next_dagrun for example_branch_labels to 2024-10-03 00:00:00+00:00, run_after=2024-10-04 00:00:00+00:00
[2024-10-04T23:59:37.986+0000] {processor.py:208} INFO - Processing /home/airflow/.local/lib/python3.12/site-packages/airflow/example_dags/example_branch_labels.py took 0.176 seconds
