[2024-10-04T19:17:51.429+0000] {processor.py:186} INFO - Started process (PID=110) to work on /home/airflow/.local/lib/python3.12/site-packages/airflow/example_dags/example_xcomargs.py
[2024-10-04T19:17:51.430+0000] {processor.py:914} INFO - Processing file /home/airflow/.local/lib/python3.12/site-packages/airflow/example_dags/example_xcomargs.py for tasks to queue
[2024-10-04T19:17:51.434+0000] {logging_mixin.py:190} INFO - [2024-10-04T19:17:51.433+0000] {dagbag.py:587} INFO - Filling up the DagBag from /home/airflow/.local/lib/python3.12/site-packages/airflow/example_dags/example_xcomargs.py
[2024-10-04T19:17:51.454+0000] {processor.py:925} INFO - DAG(s) 'example_xcom_args_with_operators', 'example_xcom_args' retrieved from /home/airflow/.local/lib/python3.12/site-packages/airflow/example_dags/example_xcomargs.py
[2024-10-04T19:17:51.644+0000] {logging_mixin.py:190} INFO - [2024-10-04T19:17:51.643+0000] {override.py:1900} INFO - Created Permission View: can delete on DAG:example_xcom_args_with_operators
[2024-10-04T19:17:51.669+0000] {logging_mixin.py:190} INFO - [2024-10-04T19:17:51.668+0000] {override.py:1900} INFO - Created Permission View: can edit on DAG:example_xcom_args_with_operators
[2024-10-04T19:17:51.683+0000] {logging_mixin.py:190} INFO - [2024-10-04T19:17:51.683+0000] {override.py:1900} INFO - Created Permission View: can read on DAG:example_xcom_args_with_operators
[2024-10-04T19:17:51.704+0000] {logging_mixin.py:190} INFO - [2024-10-04T19:17:51.704+0000] {override.py:1900} INFO - Created Permission View: menu access on DAG Run:example_xcom_args_with_operators
[2024-10-04T19:17:51.719+0000] {logging_mixin.py:190} INFO - [2024-10-04T19:17:51.718+0000] {override.py:1900} INFO - Created Permission View: can delete on DAG Run:example_xcom_args_with_operators
[2024-10-04T19:17:51.738+0000] {logging_mixin.py:190} INFO - [2024-10-04T19:17:51.738+0000] {override.py:1900} INFO - Created Permission View: can create on DAG Run:example_xcom_args_with_operators
[2024-10-04T19:17:51.752+0000] {logging_mixin.py:190} INFO - [2024-10-04T19:17:51.751+0000] {override.py:1900} INFO - Created Permission View: can read on DAG Run:example_xcom_args_with_operators
[2024-10-04T19:17:51.795+0000] {logging_mixin.py:190} INFO - [2024-10-04T19:17:51.794+0000] {override.py:1900} INFO - Created Permission View: can delete on DAG:example_xcom_args
[2024-10-04T19:17:51.817+0000] {logging_mixin.py:190} INFO - [2024-10-04T19:17:51.816+0000] {override.py:1900} INFO - Created Permission View: can edit on DAG:example_xcom_args
[2024-10-04T19:17:51.841+0000] {logging_mixin.py:190} INFO - [2024-10-04T19:17:51.841+0000] {override.py:1900} INFO - Created Permission View: can read on DAG:example_xcom_args
[2024-10-04T19:17:51.858+0000] {logging_mixin.py:190} INFO - [2024-10-04T19:17:51.858+0000] {override.py:1900} INFO - Created Permission View: menu access on DAG Run:example_xcom_args
[2024-10-04T19:17:51.878+0000] {logging_mixin.py:190} INFO - [2024-10-04T19:17:51.878+0000] {override.py:1900} INFO - Created Permission View: can delete on DAG Run:example_xcom_args
[2024-10-04T19:17:51.894+0000] {logging_mixin.py:190} INFO - [2024-10-04T19:17:51.893+0000] {override.py:1900} INFO - Created Permission View: can create on DAG Run:example_xcom_args
[2024-10-04T19:17:51.909+0000] {logging_mixin.py:190} INFO - [2024-10-04T19:17:51.908+0000] {override.py:1900} INFO - Created Permission View: can read on DAG Run:example_xcom_args
[2024-10-04T19:17:51.910+0000] {logging_mixin.py:190} INFO - [2024-10-04T19:17:51.909+0000] {dag.py:3229} INFO - Sync 2 DAGs
[2024-10-04T19:17:51.934+0000] {logging_mixin.py:190} INFO - [2024-10-04T19:17:51.934+0000] {dag.py:3252} INFO - Creating ORM DAG for example_xcom_args
[2024-10-04T19:17:51.936+0000] {logging_mixin.py:190} INFO - [2024-10-04T19:17:51.935+0000] {dag.py:3252} INFO - Creating ORM DAG for example_xcom_args_with_operators
[2024-10-04T19:17:51.937+0000] {logging_mixin.py:190} INFO - [2024-10-04T19:17:51.937+0000] {dag.py:4156} INFO - Setting next_dagrun for example_xcom_args to None, run_after=None
[2024-10-04T19:17:51.939+0000] {logging_mixin.py:190} INFO - [2024-10-04T19:17:51.939+0000] {dag.py:4156} INFO - Setting next_dagrun for example_xcom_args_with_operators to None, run_after=None
[2024-10-04T19:17:51.974+0000] {processor.py:208} INFO - Processing /home/airflow/.local/lib/python3.12/site-packages/airflow/example_dags/example_xcomargs.py took 0.554 seconds
[2024-10-04T19:18:22.775+0000] {processor.py:186} INFO - Started process (PID=171) to work on /home/airflow/.local/lib/python3.12/site-packages/airflow/example_dags/example_xcomargs.py
[2024-10-04T19:18:22.790+0000] {processor.py:914} INFO - Processing file /home/airflow/.local/lib/python3.12/site-packages/airflow/example_dags/example_xcomargs.py for tasks to queue
[2024-10-04T19:18:22.802+0000] {logging_mixin.py:190} INFO - [2024-10-04T19:18:22.801+0000] {dagbag.py:587} INFO - Filling up the DagBag from /home/airflow/.local/lib/python3.12/site-packages/airflow/example_dags/example_xcomargs.py
[2024-10-04T19:18:22.845+0000] {processor.py:925} INFO - DAG(s) 'example_xcom_args', 'example_xcom_args_with_operators' retrieved from /home/airflow/.local/lib/python3.12/site-packages/airflow/example_dags/example_xcomargs.py
[2024-10-04T19:18:22.961+0000] {logging_mixin.py:190} INFO - [2024-10-04T19:18:22.961+0000] {dag.py:3229} INFO - Sync 2 DAGs
[2024-10-04T19:18:23.052+0000] {logging_mixin.py:190} INFO - [2024-10-04T19:18:23.051+0000] {dag.py:4156} INFO - Setting next_dagrun for example_xcom_args to None, run_after=None
[2024-10-04T19:18:23.075+0000] {logging_mixin.py:190} INFO - [2024-10-04T19:18:23.074+0000] {dag.py:4156} INFO - Setting next_dagrun for example_xcom_args_with_operators to None, run_after=None
[2024-10-04T19:18:23.167+0000] {processor.py:208} INFO - Processing /home/airflow/.local/lib/python3.12/site-packages/airflow/example_dags/example_xcomargs.py took 0.423 seconds
[2024-10-04T23:37:24.234+0000] {processor.py:186} INFO - Started process (PID=106) to work on /home/airflow/.local/lib/python3.12/site-packages/airflow/example_dags/example_xcomargs.py
[2024-10-04T23:37:24.236+0000] {processor.py:914} INFO - Processing file /home/airflow/.local/lib/python3.12/site-packages/airflow/example_dags/example_xcomargs.py for tasks to queue
[2024-10-04T23:37:24.239+0000] {logging_mixin.py:190} INFO - [2024-10-04T23:37:24.238+0000] {dagbag.py:587} INFO - Filling up the DagBag from /home/airflow/.local/lib/python3.12/site-packages/airflow/example_dags/example_xcomargs.py
[2024-10-04T23:37:24.253+0000] {processor.py:925} INFO - DAG(s) 'example_xcom_args_with_operators', 'example_xcom_args' retrieved from /home/airflow/.local/lib/python3.12/site-packages/airflow/example_dags/example_xcomargs.py
[2024-10-04T23:37:24.290+0000] {logging_mixin.py:190} INFO - [2024-10-04T23:37:24.289+0000] {dag.py:3229} INFO - Sync 2 DAGs
[2024-10-04T23:37:24.312+0000] {logging_mixin.py:190} INFO - [2024-10-04T23:37:24.312+0000] {dag.py:4156} INFO - Setting next_dagrun for example_xcom_args to None, run_after=None
[2024-10-04T23:37:24.318+0000] {logging_mixin.py:190} INFO - [2024-10-04T23:37:24.318+0000] {dag.py:4156} INFO - Setting next_dagrun for example_xcom_args_with_operators to None, run_after=None
[2024-10-04T23:37:24.345+0000] {processor.py:208} INFO - Processing /home/airflow/.local/lib/python3.12/site-packages/airflow/example_dags/example_xcomargs.py took 0.117 seconds
[2024-10-04T23:37:54.792+0000] {processor.py:186} INFO - Started process (PID=168) to work on /home/airflow/.local/lib/python3.12/site-packages/airflow/example_dags/example_xcomargs.py
[2024-10-04T23:37:54.794+0000] {processor.py:914} INFO - Processing file /home/airflow/.local/lib/python3.12/site-packages/airflow/example_dags/example_xcomargs.py for tasks to queue
[2024-10-04T23:37:54.797+0000] {logging_mixin.py:190} INFO - [2024-10-04T23:37:54.797+0000] {dagbag.py:587} INFO - Filling up the DagBag from /home/airflow/.local/lib/python3.12/site-packages/airflow/example_dags/example_xcomargs.py
[2024-10-04T23:37:54.810+0000] {processor.py:925} INFO - DAG(s) 'example_xcom_args_with_operators', 'example_xcom_args' retrieved from /home/airflow/.local/lib/python3.12/site-packages/airflow/example_dags/example_xcomargs.py
[2024-10-04T23:37:54.842+0000] {logging_mixin.py:190} INFO - [2024-10-04T23:37:54.842+0000] {dag.py:3229} INFO - Sync 2 DAGs
[2024-10-04T23:37:54.866+0000] {logging_mixin.py:190} INFO - [2024-10-04T23:37:54.866+0000] {dag.py:4156} INFO - Setting next_dagrun for example_xcom_args to None, run_after=None
[2024-10-04T23:37:54.873+0000] {logging_mixin.py:190} INFO - [2024-10-04T23:37:54.873+0000] {dag.py:4156} INFO - Setting next_dagrun for example_xcom_args_with_operators to None, run_after=None
[2024-10-04T23:37:54.909+0000] {processor.py:208} INFO - Processing /home/airflow/.local/lib/python3.12/site-packages/airflow/example_dags/example_xcomargs.py took 0.127 seconds
[2024-10-04T23:38:25.325+0000] {processor.py:186} INFO - Started process (PID=230) to work on /home/airflow/.local/lib/python3.12/site-packages/airflow/example_dags/example_xcomargs.py
[2024-10-04T23:38:25.327+0000] {processor.py:914} INFO - Processing file /home/airflow/.local/lib/python3.12/site-packages/airflow/example_dags/example_xcomargs.py for tasks to queue
[2024-10-04T23:38:25.330+0000] {logging_mixin.py:190} INFO - [2024-10-04T23:38:25.329+0000] {dagbag.py:587} INFO - Filling up the DagBag from /home/airflow/.local/lib/python3.12/site-packages/airflow/example_dags/example_xcomargs.py
[2024-10-04T23:38:25.345+0000] {processor.py:925} INFO - DAG(s) 'example_xcom_args', 'example_xcom_args_with_operators' retrieved from /home/airflow/.local/lib/python3.12/site-packages/airflow/example_dags/example_xcomargs.py
[2024-10-04T23:38:25.389+0000] {logging_mixin.py:190} INFO - [2024-10-04T23:38:25.389+0000] {dag.py:3229} INFO - Sync 2 DAGs
[2024-10-04T23:38:25.426+0000] {logging_mixin.py:190} INFO - [2024-10-04T23:38:25.425+0000] {dag.py:4156} INFO - Setting next_dagrun for example_xcom_args to None, run_after=None
[2024-10-04T23:38:25.441+0000] {logging_mixin.py:190} INFO - [2024-10-04T23:38:25.440+0000] {dag.py:4156} INFO - Setting next_dagrun for example_xcom_args_with_operators to None, run_after=None
[2024-10-04T23:38:25.482+0000] {processor.py:208} INFO - Processing /home/airflow/.local/lib/python3.12/site-packages/airflow/example_dags/example_xcomargs.py took 0.168 seconds
[2024-10-04T23:38:55.619+0000] {processor.py:186} INFO - Started process (PID=291) to work on /home/airflow/.local/lib/python3.12/site-packages/airflow/example_dags/example_xcomargs.py
[2024-10-04T23:38:55.621+0000] {processor.py:914} INFO - Processing file /home/airflow/.local/lib/python3.12/site-packages/airflow/example_dags/example_xcomargs.py for tasks to queue
[2024-10-04T23:38:55.624+0000] {logging_mixin.py:190} INFO - [2024-10-04T23:38:55.623+0000] {dagbag.py:587} INFO - Filling up the DagBag from /home/airflow/.local/lib/python3.12/site-packages/airflow/example_dags/example_xcomargs.py
[2024-10-04T23:38:55.640+0000] {processor.py:925} INFO - DAG(s) 'example_xcom_args', 'example_xcom_args_with_operators' retrieved from /home/airflow/.local/lib/python3.12/site-packages/airflow/example_dags/example_xcomargs.py
[2024-10-04T23:38:55.679+0000] {logging_mixin.py:190} INFO - [2024-10-04T23:38:55.678+0000] {dag.py:3229} INFO - Sync 2 DAGs
[2024-10-04T23:38:55.705+0000] {logging_mixin.py:190} INFO - [2024-10-04T23:38:55.704+0000] {dag.py:4156} INFO - Setting next_dagrun for example_xcom_args to None, run_after=None
[2024-10-04T23:38:55.712+0000] {logging_mixin.py:190} INFO - [2024-10-04T23:38:55.711+0000] {dag.py:4156} INFO - Setting next_dagrun for example_xcom_args_with_operators to None, run_after=None
[2024-10-04T23:38:55.755+0000] {processor.py:208} INFO - Processing /home/airflow/.local/lib/python3.12/site-packages/airflow/example_dags/example_xcomargs.py took 0.148 seconds
[2024-10-04T23:39:26.778+0000] {processor.py:186} INFO - Started process (PID=353) to work on /home/airflow/.local/lib/python3.12/site-packages/airflow/example_dags/example_xcomargs.py
[2024-10-04T23:39:26.779+0000] {processor.py:914} INFO - Processing file /home/airflow/.local/lib/python3.12/site-packages/airflow/example_dags/example_xcomargs.py for tasks to queue
[2024-10-04T23:39:26.782+0000] {logging_mixin.py:190} INFO - [2024-10-04T23:39:26.782+0000] {dagbag.py:587} INFO - Filling up the DagBag from /home/airflow/.local/lib/python3.12/site-packages/airflow/example_dags/example_xcomargs.py
[2024-10-04T23:39:26.795+0000] {processor.py:925} INFO - DAG(s) 'example_xcom_args', 'example_xcom_args_with_operators' retrieved from /home/airflow/.local/lib/python3.12/site-packages/airflow/example_dags/example_xcomargs.py
[2024-10-04T23:39:26.826+0000] {logging_mixin.py:190} INFO - [2024-10-04T23:39:26.825+0000] {dag.py:3229} INFO - Sync 2 DAGs
[2024-10-04T23:39:26.846+0000] {logging_mixin.py:190} INFO - [2024-10-04T23:39:26.845+0000] {dag.py:4156} INFO - Setting next_dagrun for example_xcom_args to None, run_after=None
[2024-10-04T23:39:26.851+0000] {logging_mixin.py:190} INFO - [2024-10-04T23:39:26.851+0000] {dag.py:4156} INFO - Setting next_dagrun for example_xcom_args_with_operators to None, run_after=None
[2024-10-04T23:39:26.878+0000] {processor.py:208} INFO - Processing /home/airflow/.local/lib/python3.12/site-packages/airflow/example_dags/example_xcomargs.py took 0.107 seconds
[2024-10-04T23:39:58.213+0000] {processor.py:186} INFO - Started process (PID=415) to work on /home/airflow/.local/lib/python3.12/site-packages/airflow/example_dags/example_xcomargs.py
[2024-10-04T23:39:58.215+0000] {processor.py:914} INFO - Processing file /home/airflow/.local/lib/python3.12/site-packages/airflow/example_dags/example_xcomargs.py for tasks to queue
[2024-10-04T23:39:58.221+0000] {logging_mixin.py:190} INFO - [2024-10-04T23:39:58.220+0000] {dagbag.py:587} INFO - Filling up the DagBag from /home/airflow/.local/lib/python3.12/site-packages/airflow/example_dags/example_xcomargs.py
[2024-10-04T23:39:58.239+0000] {processor.py:925} INFO - DAG(s) 'example_xcom_args', 'example_xcom_args_with_operators' retrieved from /home/airflow/.local/lib/python3.12/site-packages/airflow/example_dags/example_xcomargs.py
[2024-10-04T23:39:58.283+0000] {logging_mixin.py:190} INFO - [2024-10-04T23:39:58.283+0000] {dag.py:3229} INFO - Sync 2 DAGs
[2024-10-04T23:39:58.308+0000] {logging_mixin.py:190} INFO - [2024-10-04T23:39:58.308+0000] {dag.py:4156} INFO - Setting next_dagrun for example_xcom_args to None, run_after=None
[2024-10-04T23:39:58.316+0000] {logging_mixin.py:190} INFO - [2024-10-04T23:39:58.316+0000] {dag.py:4156} INFO - Setting next_dagrun for example_xcom_args_with_operators to None, run_after=None
[2024-10-04T23:39:58.348+0000] {processor.py:208} INFO - Processing /home/airflow/.local/lib/python3.12/site-packages/airflow/example_dags/example_xcomargs.py took 0.147 seconds
[2024-10-04T23:40:30.088+0000] {processor.py:186} INFO - Started process (PID=477) to work on /home/airflow/.local/lib/python3.12/site-packages/airflow/example_dags/example_xcomargs.py
[2024-10-04T23:40:30.090+0000] {processor.py:914} INFO - Processing file /home/airflow/.local/lib/python3.12/site-packages/airflow/example_dags/example_xcomargs.py for tasks to queue
[2024-10-04T23:40:30.094+0000] {logging_mixin.py:190} INFO - [2024-10-04T23:40:30.093+0000] {dagbag.py:587} INFO - Filling up the DagBag from /home/airflow/.local/lib/python3.12/site-packages/airflow/example_dags/example_xcomargs.py
[2024-10-04T23:40:30.112+0000] {processor.py:925} INFO - DAG(s) 'example_xcom_args_with_operators', 'example_xcom_args' retrieved from /home/airflow/.local/lib/python3.12/site-packages/airflow/example_dags/example_xcomargs.py
[2024-10-04T23:40:30.154+0000] {logging_mixin.py:190} INFO - [2024-10-04T23:40:30.153+0000] {dag.py:3229} INFO - Sync 2 DAGs
[2024-10-04T23:40:30.183+0000] {logging_mixin.py:190} INFO - [2024-10-04T23:40:30.183+0000] {dag.py:4156} INFO - Setting next_dagrun for example_xcom_args to None, run_after=None
[2024-10-04T23:40:30.190+0000] {logging_mixin.py:190} INFO - [2024-10-04T23:40:30.190+0000] {dag.py:4156} INFO - Setting next_dagrun for example_xcom_args_with_operators to None, run_after=None
[2024-10-04T23:40:30.227+0000] {processor.py:208} INFO - Processing /home/airflow/.local/lib/python3.12/site-packages/airflow/example_dags/example_xcomargs.py took 0.150 seconds
[2024-10-04T23:41:00.709+0000] {processor.py:186} INFO - Started process (PID=539) to work on /home/airflow/.local/lib/python3.12/site-packages/airflow/example_dags/example_xcomargs.py
[2024-10-04T23:41:00.711+0000] {processor.py:914} INFO - Processing file /home/airflow/.local/lib/python3.12/site-packages/airflow/example_dags/example_xcomargs.py for tasks to queue
[2024-10-04T23:41:00.714+0000] {logging_mixin.py:190} INFO - [2024-10-04T23:41:00.714+0000] {dagbag.py:587} INFO - Filling up the DagBag from /home/airflow/.local/lib/python3.12/site-packages/airflow/example_dags/example_xcomargs.py
[2024-10-04T23:41:00.728+0000] {processor.py:925} INFO - DAG(s) 'example_xcom_args', 'example_xcom_args_with_operators' retrieved from /home/airflow/.local/lib/python3.12/site-packages/airflow/example_dags/example_xcomargs.py
[2024-10-04T23:41:00.765+0000] {logging_mixin.py:190} INFO - [2024-10-04T23:41:00.764+0000] {dag.py:3229} INFO - Sync 2 DAGs
[2024-10-04T23:41:00.792+0000] {logging_mixin.py:190} INFO - [2024-10-04T23:41:00.792+0000] {dag.py:4156} INFO - Setting next_dagrun for example_xcom_args to None, run_after=None
[2024-10-04T23:41:00.799+0000] {logging_mixin.py:190} INFO - [2024-10-04T23:41:00.799+0000] {dag.py:4156} INFO - Setting next_dagrun for example_xcom_args_with_operators to None, run_after=None
[2024-10-04T23:41:00.837+0000] {processor.py:208} INFO - Processing /home/airflow/.local/lib/python3.12/site-packages/airflow/example_dags/example_xcomargs.py took 0.135 seconds
[2024-10-04T23:41:31.165+0000] {processor.py:186} INFO - Started process (PID=602) to work on /home/airflow/.local/lib/python3.12/site-packages/airflow/example_dags/example_xcomargs.py
[2024-10-04T23:41:31.166+0000] {processor.py:914} INFO - Processing file /home/airflow/.local/lib/python3.12/site-packages/airflow/example_dags/example_xcomargs.py for tasks to queue
[2024-10-04T23:41:31.170+0000] {logging_mixin.py:190} INFO - [2024-10-04T23:41:31.170+0000] {dagbag.py:587} INFO - Filling up the DagBag from /home/airflow/.local/lib/python3.12/site-packages/airflow/example_dags/example_xcomargs.py
[2024-10-04T23:41:31.183+0000] {processor.py:925} INFO - DAG(s) 'example_xcom_args_with_operators', 'example_xcom_args' retrieved from /home/airflow/.local/lib/python3.12/site-packages/airflow/example_dags/example_xcomargs.py
[2024-10-04T23:41:31.220+0000] {logging_mixin.py:190} INFO - [2024-10-04T23:41:31.220+0000] {dag.py:3229} INFO - Sync 2 DAGs
[2024-10-04T23:41:31.244+0000] {logging_mixin.py:190} INFO - [2024-10-04T23:41:31.243+0000] {dag.py:4156} INFO - Setting next_dagrun for example_xcom_args to None, run_after=None
[2024-10-04T23:41:31.249+0000] {logging_mixin.py:190} INFO - [2024-10-04T23:41:31.249+0000] {dag.py:4156} INFO - Setting next_dagrun for example_xcom_args_with_operators to None, run_after=None
[2024-10-04T23:41:31.280+0000] {processor.py:208} INFO - Processing /home/airflow/.local/lib/python3.12/site-packages/airflow/example_dags/example_xcomargs.py took 0.121 seconds
[2024-10-04T23:42:01.429+0000] {processor.py:186} INFO - Started process (PID=663) to work on /home/airflow/.local/lib/python3.12/site-packages/airflow/example_dags/example_xcomargs.py
[2024-10-04T23:42:01.430+0000] {processor.py:914} INFO - Processing file /home/airflow/.local/lib/python3.12/site-packages/airflow/example_dags/example_xcomargs.py for tasks to queue
[2024-10-04T23:42:01.433+0000] {logging_mixin.py:190} INFO - [2024-10-04T23:42:01.433+0000] {dagbag.py:587} INFO - Filling up the DagBag from /home/airflow/.local/lib/python3.12/site-packages/airflow/example_dags/example_xcomargs.py
[2024-10-04T23:42:01.447+0000] {processor.py:925} INFO - DAG(s) 'example_xcom_args', 'example_xcom_args_with_operators' retrieved from /home/airflow/.local/lib/python3.12/site-packages/airflow/example_dags/example_xcomargs.py
[2024-10-04T23:42:01.479+0000] {logging_mixin.py:190} INFO - [2024-10-04T23:42:01.479+0000] {dag.py:3229} INFO - Sync 2 DAGs
[2024-10-04T23:42:01.507+0000] {logging_mixin.py:190} INFO - [2024-10-04T23:42:01.507+0000] {dag.py:4156} INFO - Setting next_dagrun for example_xcom_args to None, run_after=None
[2024-10-04T23:42:01.513+0000] {logging_mixin.py:190} INFO - [2024-10-04T23:42:01.513+0000] {dag.py:4156} INFO - Setting next_dagrun for example_xcom_args_with_operators to None, run_after=None
[2024-10-04T23:42:01.547+0000] {processor.py:208} INFO - Processing /home/airflow/.local/lib/python3.12/site-packages/airflow/example_dags/example_xcomargs.py took 0.126 seconds
[2024-10-04T23:42:32.193+0000] {processor.py:186} INFO - Started process (PID=725) to work on /home/airflow/.local/lib/python3.12/site-packages/airflow/example_dags/example_xcomargs.py
[2024-10-04T23:42:32.194+0000] {processor.py:914} INFO - Processing file /home/airflow/.local/lib/python3.12/site-packages/airflow/example_dags/example_xcomargs.py for tasks to queue
[2024-10-04T23:42:32.197+0000] {logging_mixin.py:190} INFO - [2024-10-04T23:42:32.197+0000] {dagbag.py:587} INFO - Filling up the DagBag from /home/airflow/.local/lib/python3.12/site-packages/airflow/example_dags/example_xcomargs.py
[2024-10-04T23:42:32.214+0000] {processor.py:925} INFO - DAG(s) 'example_xcom_args', 'example_xcom_args_with_operators' retrieved from /home/airflow/.local/lib/python3.12/site-packages/airflow/example_dags/example_xcomargs.py
[2024-10-04T23:42:32.249+0000] {logging_mixin.py:190} INFO - [2024-10-04T23:42:32.249+0000] {dag.py:3229} INFO - Sync 2 DAGs
[2024-10-04T23:42:32.281+0000] {logging_mixin.py:190} INFO - [2024-10-04T23:42:32.281+0000] {dag.py:4156} INFO - Setting next_dagrun for example_xcom_args to None, run_after=None
[2024-10-04T23:42:32.288+0000] {logging_mixin.py:190} INFO - [2024-10-04T23:42:32.288+0000] {dag.py:4156} INFO - Setting next_dagrun for example_xcom_args_with_operators to None, run_after=None
[2024-10-04T23:42:32.323+0000] {processor.py:208} INFO - Processing /home/airflow/.local/lib/python3.12/site-packages/airflow/example_dags/example_xcomargs.py took 0.140 seconds
[2024-10-04T23:43:02.761+0000] {processor.py:186} INFO - Started process (PID=788) to work on /home/airflow/.local/lib/python3.12/site-packages/airflow/example_dags/example_xcomargs.py
[2024-10-04T23:43:02.763+0000] {processor.py:914} INFO - Processing file /home/airflow/.local/lib/python3.12/site-packages/airflow/example_dags/example_xcomargs.py for tasks to queue
[2024-10-04T23:43:02.768+0000] {logging_mixin.py:190} INFO - [2024-10-04T23:43:02.767+0000] {dagbag.py:587} INFO - Filling up the DagBag from /home/airflow/.local/lib/python3.12/site-packages/airflow/example_dags/example_xcomargs.py
[2024-10-04T23:43:02.787+0000] {processor.py:925} INFO - DAG(s) 'example_xcom_args', 'example_xcom_args_with_operators' retrieved from /home/airflow/.local/lib/python3.12/site-packages/airflow/example_dags/example_xcomargs.py
[2024-10-04T23:43:02.828+0000] {logging_mixin.py:190} INFO - [2024-10-04T23:43:02.827+0000] {dag.py:3229} INFO - Sync 2 DAGs
[2024-10-04T23:43:02.855+0000] {logging_mixin.py:190} INFO - [2024-10-04T23:43:02.855+0000] {dag.py:4156} INFO - Setting next_dagrun for example_xcom_args to None, run_after=None
[2024-10-04T23:43:02.862+0000] {logging_mixin.py:190} INFO - [2024-10-04T23:43:02.861+0000] {dag.py:4156} INFO - Setting next_dagrun for example_xcom_args_with_operators to None, run_after=None
[2024-10-04T23:43:02.898+0000] {processor.py:208} INFO - Processing /home/airflow/.local/lib/python3.12/site-packages/airflow/example_dags/example_xcomargs.py took 0.147 seconds
[2024-10-04T23:43:33.299+0000] {processor.py:186} INFO - Started process (PID=850) to work on /home/airflow/.local/lib/python3.12/site-packages/airflow/example_dags/example_xcomargs.py
[2024-10-04T23:43:33.301+0000] {processor.py:914} INFO - Processing file /home/airflow/.local/lib/python3.12/site-packages/airflow/example_dags/example_xcomargs.py for tasks to queue
[2024-10-04T23:43:33.305+0000] {logging_mixin.py:190} INFO - [2024-10-04T23:43:33.304+0000] {dagbag.py:587} INFO - Filling up the DagBag from /home/airflow/.local/lib/python3.12/site-packages/airflow/example_dags/example_xcomargs.py
[2024-10-04T23:43:33.324+0000] {processor.py:925} INFO - DAG(s) 'example_xcom_args', 'example_xcom_args_with_operators' retrieved from /home/airflow/.local/lib/python3.12/site-packages/airflow/example_dags/example_xcomargs.py
[2024-10-04T23:43:33.360+0000] {logging_mixin.py:190} INFO - [2024-10-04T23:43:33.359+0000] {dag.py:3229} INFO - Sync 2 DAGs
[2024-10-04T23:43:33.394+0000] {logging_mixin.py:190} INFO - [2024-10-04T23:43:33.393+0000] {dag.py:4156} INFO - Setting next_dagrun for example_xcom_args to None, run_after=None
[2024-10-04T23:43:33.401+0000] {logging_mixin.py:190} INFO - [2024-10-04T23:43:33.400+0000] {dag.py:4156} INFO - Setting next_dagrun for example_xcom_args_with_operators to None, run_after=None
[2024-10-04T23:43:33.441+0000] {processor.py:208} INFO - Processing /home/airflow/.local/lib/python3.12/site-packages/airflow/example_dags/example_xcomargs.py took 0.151 seconds
[2024-10-04T23:44:04.879+0000] {processor.py:186} INFO - Started process (PID=912) to work on /home/airflow/.local/lib/python3.12/site-packages/airflow/example_dags/example_xcomargs.py
[2024-10-04T23:44:04.881+0000] {processor.py:914} INFO - Processing file /home/airflow/.local/lib/python3.12/site-packages/airflow/example_dags/example_xcomargs.py for tasks to queue
[2024-10-04T23:44:04.885+0000] {logging_mixin.py:190} INFO - [2024-10-04T23:44:04.884+0000] {dagbag.py:587} INFO - Filling up the DagBag from /home/airflow/.local/lib/python3.12/site-packages/airflow/example_dags/example_xcomargs.py
[2024-10-04T23:44:04.903+0000] {processor.py:925} INFO - DAG(s) 'example_xcom_args_with_operators', 'example_xcom_args' retrieved from /home/airflow/.local/lib/python3.12/site-packages/airflow/example_dags/example_xcomargs.py
[2024-10-04T23:44:04.941+0000] {logging_mixin.py:190} INFO - [2024-10-04T23:44:04.941+0000] {dag.py:3229} INFO - Sync 2 DAGs
[2024-10-04T23:44:04.967+0000] {logging_mixin.py:190} INFO - [2024-10-04T23:44:04.967+0000] {dag.py:4156} INFO - Setting next_dagrun for example_xcom_args to None, run_after=None
[2024-10-04T23:44:04.977+0000] {logging_mixin.py:190} INFO - [2024-10-04T23:44:04.977+0000] {dag.py:4156} INFO - Setting next_dagrun for example_xcom_args_with_operators to None, run_after=None
[2024-10-04T23:44:05.010+0000] {processor.py:208} INFO - Processing /home/airflow/.local/lib/python3.12/site-packages/airflow/example_dags/example_xcomargs.py took 0.139 seconds
[2024-10-04T23:44:36.010+0000] {processor.py:186} INFO - Started process (PID=974) to work on /home/airflow/.local/lib/python3.12/site-packages/airflow/example_dags/example_xcomargs.py
[2024-10-04T23:44:36.014+0000] {processor.py:914} INFO - Processing file /home/airflow/.local/lib/python3.12/site-packages/airflow/example_dags/example_xcomargs.py for tasks to queue
[2024-10-04T23:44:36.025+0000] {logging_mixin.py:190} INFO - [2024-10-04T23:44:36.024+0000] {dagbag.py:587} INFO - Filling up the DagBag from /home/airflow/.local/lib/python3.12/site-packages/airflow/example_dags/example_xcomargs.py
[2024-10-04T23:44:36.059+0000] {processor.py:925} INFO - DAG(s) 'example_xcom_args', 'example_xcom_args_with_operators' retrieved from /home/airflow/.local/lib/python3.12/site-packages/airflow/example_dags/example_xcomargs.py
[2024-10-04T23:44:36.105+0000] {logging_mixin.py:190} INFO - [2024-10-04T23:44:36.105+0000] {dag.py:3229} INFO - Sync 2 DAGs
[2024-10-04T23:44:36.137+0000] {logging_mixin.py:190} INFO - [2024-10-04T23:44:36.137+0000] {dag.py:4156} INFO - Setting next_dagrun for example_xcom_args to None, run_after=None
[2024-10-04T23:44:36.145+0000] {logging_mixin.py:190} INFO - [2024-10-04T23:44:36.144+0000] {dag.py:4156} INFO - Setting next_dagrun for example_xcom_args_with_operators to None, run_after=None
[2024-10-04T23:44:36.185+0000] {processor.py:208} INFO - Processing /home/airflow/.local/lib/python3.12/site-packages/airflow/example_dags/example_xcomargs.py took 0.188 seconds
[2024-10-04T23:45:06.577+0000] {processor.py:186} INFO - Started process (PID=1036) to work on /home/airflow/.local/lib/python3.12/site-packages/airflow/example_dags/example_xcomargs.py
[2024-10-04T23:45:06.578+0000] {processor.py:914} INFO - Processing file /home/airflow/.local/lib/python3.12/site-packages/airflow/example_dags/example_xcomargs.py for tasks to queue
[2024-10-04T23:45:06.582+0000] {logging_mixin.py:190} INFO - [2024-10-04T23:45:06.581+0000] {dagbag.py:587} INFO - Filling up the DagBag from /home/airflow/.local/lib/python3.12/site-packages/airflow/example_dags/example_xcomargs.py
[2024-10-04T23:45:06.595+0000] {processor.py:925} INFO - DAG(s) 'example_xcom_args_with_operators', 'example_xcom_args' retrieved from /home/airflow/.local/lib/python3.12/site-packages/airflow/example_dags/example_xcomargs.py
[2024-10-04T23:45:06.627+0000] {logging_mixin.py:190} INFO - [2024-10-04T23:45:06.626+0000] {dag.py:3229} INFO - Sync 2 DAGs
[2024-10-04T23:45:06.649+0000] {logging_mixin.py:190} INFO - [2024-10-04T23:45:06.649+0000] {dag.py:4156} INFO - Setting next_dagrun for example_xcom_args to None, run_after=None
[2024-10-04T23:45:06.656+0000] {logging_mixin.py:190} INFO - [2024-10-04T23:45:06.655+0000] {dag.py:4156} INFO - Setting next_dagrun for example_xcom_args_with_operators to None, run_after=None
[2024-10-04T23:45:06.683+0000] {processor.py:208} INFO - Processing /home/airflow/.local/lib/python3.12/site-packages/airflow/example_dags/example_xcomargs.py took 0.114 seconds
[2024-10-04T23:45:37.377+0000] {processor.py:186} INFO - Started process (PID=1097) to work on /home/airflow/.local/lib/python3.12/site-packages/airflow/example_dags/example_xcomargs.py
[2024-10-04T23:45:37.379+0000] {processor.py:914} INFO - Processing file /home/airflow/.local/lib/python3.12/site-packages/airflow/example_dags/example_xcomargs.py for tasks to queue
[2024-10-04T23:45:37.384+0000] {logging_mixin.py:190} INFO - [2024-10-04T23:45:37.383+0000] {dagbag.py:587} INFO - Filling up the DagBag from /home/airflow/.local/lib/python3.12/site-packages/airflow/example_dags/example_xcomargs.py
[2024-10-04T23:45:37.406+0000] {processor.py:925} INFO - DAG(s) 'example_xcom_args_with_operators', 'example_xcom_args' retrieved from /home/airflow/.local/lib/python3.12/site-packages/airflow/example_dags/example_xcomargs.py
[2024-10-04T23:45:37.443+0000] {logging_mixin.py:190} INFO - [2024-10-04T23:45:37.442+0000] {dag.py:3229} INFO - Sync 2 DAGs
[2024-10-04T23:45:37.464+0000] {logging_mixin.py:190} INFO - [2024-10-04T23:45:37.463+0000] {dag.py:4156} INFO - Setting next_dagrun for example_xcom_args to None, run_after=None
[2024-10-04T23:45:37.470+0000] {logging_mixin.py:190} INFO - [2024-10-04T23:45:37.469+0000] {dag.py:4156} INFO - Setting next_dagrun for example_xcom_args_with_operators to None, run_after=None
[2024-10-04T23:45:37.502+0000] {processor.py:208} INFO - Processing /home/airflow/.local/lib/python3.12/site-packages/airflow/example_dags/example_xcomargs.py took 0.136 seconds
[2024-10-04T23:46:07.692+0000] {processor.py:186} INFO - Started process (PID=1159) to work on /home/airflow/.local/lib/python3.12/site-packages/airflow/example_dags/example_xcomargs.py
[2024-10-04T23:46:07.694+0000] {processor.py:914} INFO - Processing file /home/airflow/.local/lib/python3.12/site-packages/airflow/example_dags/example_xcomargs.py for tasks to queue
[2024-10-04T23:46:07.697+0000] {logging_mixin.py:190} INFO - [2024-10-04T23:46:07.697+0000] {dagbag.py:587} INFO - Filling up the DagBag from /home/airflow/.local/lib/python3.12/site-packages/airflow/example_dags/example_xcomargs.py
[2024-10-04T23:46:07.717+0000] {processor.py:925} INFO - DAG(s) 'example_xcom_args', 'example_xcom_args_with_operators' retrieved from /home/airflow/.local/lib/python3.12/site-packages/airflow/example_dags/example_xcomargs.py
[2024-10-04T23:46:07.764+0000] {logging_mixin.py:190} INFO - [2024-10-04T23:46:07.764+0000] {dag.py:3229} INFO - Sync 2 DAGs
[2024-10-04T23:46:07.791+0000] {logging_mixin.py:190} INFO - [2024-10-04T23:46:07.791+0000] {dag.py:4156} INFO - Setting next_dagrun for example_xcom_args to None, run_after=None
[2024-10-04T23:46:07.797+0000] {logging_mixin.py:190} INFO - [2024-10-04T23:46:07.797+0000] {dag.py:4156} INFO - Setting next_dagrun for example_xcom_args_with_operators to None, run_after=None
[2024-10-04T23:46:07.832+0000] {processor.py:208} INFO - Processing /home/airflow/.local/lib/python3.12/site-packages/airflow/example_dags/example_xcomargs.py took 0.150 seconds
[2024-10-04T23:46:38.852+0000] {processor.py:186} INFO - Started process (PID=1221) to work on /home/airflow/.local/lib/python3.12/site-packages/airflow/example_dags/example_xcomargs.py
[2024-10-04T23:46:38.853+0000] {processor.py:914} INFO - Processing file /home/airflow/.local/lib/python3.12/site-packages/airflow/example_dags/example_xcomargs.py for tasks to queue
[2024-10-04T23:46:38.857+0000] {logging_mixin.py:190} INFO - [2024-10-04T23:46:38.856+0000] {dagbag.py:587} INFO - Filling up the DagBag from /home/airflow/.local/lib/python3.12/site-packages/airflow/example_dags/example_xcomargs.py
[2024-10-04T23:46:38.877+0000] {processor.py:925} INFO - DAG(s) 'example_xcom_args', 'example_xcom_args_with_operators' retrieved from /home/airflow/.local/lib/python3.12/site-packages/airflow/example_dags/example_xcomargs.py
[2024-10-04T23:46:38.918+0000] {logging_mixin.py:190} INFO - [2024-10-04T23:46:38.918+0000] {dag.py:3229} INFO - Sync 2 DAGs
[2024-10-04T23:46:38.947+0000] {logging_mixin.py:190} INFO - [2024-10-04T23:46:38.947+0000] {dag.py:4156} INFO - Setting next_dagrun for example_xcom_args to None, run_after=None
[2024-10-04T23:46:38.954+0000] {logging_mixin.py:190} INFO - [2024-10-04T23:46:38.953+0000] {dag.py:4156} INFO - Setting next_dagrun for example_xcom_args_with_operators to None, run_after=None
[2024-10-04T23:46:38.994+0000] {processor.py:208} INFO - Processing /home/airflow/.local/lib/python3.12/site-packages/airflow/example_dags/example_xcomargs.py took 0.154 seconds
[2024-10-04T23:47:09.677+0000] {processor.py:186} INFO - Started process (PID=1282) to work on /home/airflow/.local/lib/python3.12/site-packages/airflow/example_dags/example_xcomargs.py
[2024-10-04T23:47:09.679+0000] {processor.py:914} INFO - Processing file /home/airflow/.local/lib/python3.12/site-packages/airflow/example_dags/example_xcomargs.py for tasks to queue
[2024-10-04T23:47:09.682+0000] {logging_mixin.py:190} INFO - [2024-10-04T23:47:09.681+0000] {dagbag.py:587} INFO - Filling up the DagBag from /home/airflow/.local/lib/python3.12/site-packages/airflow/example_dags/example_xcomargs.py
[2024-10-04T23:47:09.694+0000] {processor.py:925} INFO - DAG(s) 'example_xcom_args_with_operators', 'example_xcom_args' retrieved from /home/airflow/.local/lib/python3.12/site-packages/airflow/example_dags/example_xcomargs.py
[2024-10-04T23:47:09.728+0000] {logging_mixin.py:190} INFO - [2024-10-04T23:47:09.727+0000] {dag.py:3229} INFO - Sync 2 DAGs
[2024-10-04T23:47:09.750+0000] {logging_mixin.py:190} INFO - [2024-10-04T23:47:09.750+0000] {dag.py:4156} INFO - Setting next_dagrun for example_xcom_args to None, run_after=None
[2024-10-04T23:47:09.756+0000] {logging_mixin.py:190} INFO - [2024-10-04T23:47:09.756+0000] {dag.py:4156} INFO - Setting next_dagrun for example_xcom_args_with_operators to None, run_after=None
[2024-10-04T23:47:09.785+0000] {processor.py:208} INFO - Processing /home/airflow/.local/lib/python3.12/site-packages/airflow/example_dags/example_xcomargs.py took 0.115 seconds
[2024-10-04T23:47:39.925+0000] {processor.py:186} INFO - Started process (PID=1343) to work on /home/airflow/.local/lib/python3.12/site-packages/airflow/example_dags/example_xcomargs.py
[2024-10-04T23:47:39.927+0000] {processor.py:914} INFO - Processing file /home/airflow/.local/lib/python3.12/site-packages/airflow/example_dags/example_xcomargs.py for tasks to queue
[2024-10-04T23:47:39.929+0000] {logging_mixin.py:190} INFO - [2024-10-04T23:47:39.929+0000] {dagbag.py:587} INFO - Filling up the DagBag from /home/airflow/.local/lib/python3.12/site-packages/airflow/example_dags/example_xcomargs.py
[2024-10-04T23:47:39.942+0000] {processor.py:925} INFO - DAG(s) 'example_xcom_args_with_operators', 'example_xcom_args' retrieved from /home/airflow/.local/lib/python3.12/site-packages/airflow/example_dags/example_xcomargs.py
[2024-10-04T23:47:39.973+0000] {logging_mixin.py:190} INFO - [2024-10-04T23:47:39.973+0000] {dag.py:3229} INFO - Sync 2 DAGs
[2024-10-04T23:47:39.994+0000] {logging_mixin.py:190} INFO - [2024-10-04T23:47:39.993+0000] {dag.py:4156} INFO - Setting next_dagrun for example_xcom_args to None, run_after=None
[2024-10-04T23:47:39.999+0000] {logging_mixin.py:190} INFO - [2024-10-04T23:47:39.999+0000] {dag.py:4156} INFO - Setting next_dagrun for example_xcom_args_with_operators to None, run_after=None
[2024-10-04T23:47:40.028+0000] {processor.py:208} INFO - Processing /home/airflow/.local/lib/python3.12/site-packages/airflow/example_dags/example_xcomargs.py took 0.110 seconds
[2024-10-04T23:48:11.215+0000] {processor.py:186} INFO - Started process (PID=1411) to work on /home/airflow/.local/lib/python3.12/site-packages/airflow/example_dags/example_xcomargs.py
[2024-10-04T23:48:11.216+0000] {processor.py:914} INFO - Processing file /home/airflow/.local/lib/python3.12/site-packages/airflow/example_dags/example_xcomargs.py for tasks to queue
[2024-10-04T23:48:11.220+0000] {logging_mixin.py:190} INFO - [2024-10-04T23:48:11.220+0000] {dagbag.py:587} INFO - Filling up the DagBag from /home/airflow/.local/lib/python3.12/site-packages/airflow/example_dags/example_xcomargs.py
[2024-10-04T23:48:11.238+0000] {processor.py:925} INFO - DAG(s) 'example_xcom_args_with_operators', 'example_xcom_args' retrieved from /home/airflow/.local/lib/python3.12/site-packages/airflow/example_dags/example_xcomargs.py
[2024-10-04T23:48:11.271+0000] {logging_mixin.py:190} INFO - [2024-10-04T23:48:11.271+0000] {dag.py:3229} INFO - Sync 2 DAGs
[2024-10-04T23:48:11.295+0000] {logging_mixin.py:190} INFO - [2024-10-04T23:48:11.294+0000] {dag.py:4156} INFO - Setting next_dagrun for example_xcom_args to None, run_after=None
[2024-10-04T23:48:11.300+0000] {logging_mixin.py:190} INFO - [2024-10-04T23:48:11.300+0000] {dag.py:4156} INFO - Setting next_dagrun for example_xcom_args_with_operators to None, run_after=None
[2024-10-04T23:48:11.336+0000] {processor.py:208} INFO - Processing /home/airflow/.local/lib/python3.12/site-packages/airflow/example_dags/example_xcomargs.py took 0.129 seconds
[2024-10-04T23:48:41.691+0000] {processor.py:186} INFO - Started process (PID=1474) to work on /home/airflow/.local/lib/python3.12/site-packages/airflow/example_dags/example_xcomargs.py
[2024-10-04T23:48:41.693+0000] {processor.py:914} INFO - Processing file /home/airflow/.local/lib/python3.12/site-packages/airflow/example_dags/example_xcomargs.py for tasks to queue
[2024-10-04T23:48:41.697+0000] {logging_mixin.py:190} INFO - [2024-10-04T23:48:41.697+0000] {dagbag.py:587} INFO - Filling up the DagBag from /home/airflow/.local/lib/python3.12/site-packages/airflow/example_dags/example_xcomargs.py
[2024-10-04T23:48:41.715+0000] {processor.py:925} INFO - DAG(s) 'example_xcom_args_with_operators', 'example_xcom_args' retrieved from /home/airflow/.local/lib/python3.12/site-packages/airflow/example_dags/example_xcomargs.py
[2024-10-04T23:48:41.748+0000] {logging_mixin.py:190} INFO - [2024-10-04T23:48:41.748+0000] {dag.py:3229} INFO - Sync 2 DAGs
[2024-10-04T23:48:41.776+0000] {logging_mixin.py:190} INFO - [2024-10-04T23:48:41.776+0000] {dag.py:4156} INFO - Setting next_dagrun for example_xcom_args to None, run_after=None
[2024-10-04T23:48:41.782+0000] {logging_mixin.py:190} INFO - [2024-10-04T23:48:41.781+0000] {dag.py:4156} INFO - Setting next_dagrun for example_xcom_args_with_operators to None, run_after=None
[2024-10-04T23:48:41.809+0000] {processor.py:208} INFO - Processing /home/airflow/.local/lib/python3.12/site-packages/airflow/example_dags/example_xcomargs.py took 0.127 seconds
[2024-10-04T23:49:12.275+0000] {processor.py:186} INFO - Started process (PID=1537) to work on /home/airflow/.local/lib/python3.12/site-packages/airflow/example_dags/example_xcomargs.py
[2024-10-04T23:49:12.276+0000] {processor.py:914} INFO - Processing file /home/airflow/.local/lib/python3.12/site-packages/airflow/example_dags/example_xcomargs.py for tasks to queue
[2024-10-04T23:49:12.278+0000] {logging_mixin.py:190} INFO - [2024-10-04T23:49:12.278+0000] {dagbag.py:587} INFO - Filling up the DagBag from /home/airflow/.local/lib/python3.12/site-packages/airflow/example_dags/example_xcomargs.py
[2024-10-04T23:49:12.291+0000] {processor.py:925} INFO - DAG(s) 'example_xcom_args_with_operators', 'example_xcom_args' retrieved from /home/airflow/.local/lib/python3.12/site-packages/airflow/example_dags/example_xcomargs.py
[2024-10-04T23:49:12.319+0000] {logging_mixin.py:190} INFO - [2024-10-04T23:49:12.319+0000] {dag.py:3229} INFO - Sync 2 DAGs
[2024-10-04T23:49:12.338+0000] {logging_mixin.py:190} INFO - [2024-10-04T23:49:12.338+0000] {dag.py:4156} INFO - Setting next_dagrun for example_xcom_args to None, run_after=None
[2024-10-04T23:49:12.343+0000] {logging_mixin.py:190} INFO - [2024-10-04T23:49:12.343+0000] {dag.py:4156} INFO - Setting next_dagrun for example_xcom_args_with_operators to None, run_after=None
[2024-10-04T23:49:12.370+0000] {processor.py:208} INFO - Processing /home/airflow/.local/lib/python3.12/site-packages/airflow/example_dags/example_xcomargs.py took 0.103 seconds
[2024-10-04T23:49:42.661+0000] {processor.py:186} INFO - Started process (PID=1599) to work on /home/airflow/.local/lib/python3.12/site-packages/airflow/example_dags/example_xcomargs.py
[2024-10-04T23:49:42.662+0000] {processor.py:914} INFO - Processing file /home/airflow/.local/lib/python3.12/site-packages/airflow/example_dags/example_xcomargs.py for tasks to queue
[2024-10-04T23:49:42.668+0000] {logging_mixin.py:190} INFO - [2024-10-04T23:49:42.667+0000] {dagbag.py:587} INFO - Filling up the DagBag from /home/airflow/.local/lib/python3.12/site-packages/airflow/example_dags/example_xcomargs.py
[2024-10-04T23:49:42.691+0000] {processor.py:925} INFO - DAG(s) 'example_xcom_args_with_operators', 'example_xcom_args' retrieved from /home/airflow/.local/lib/python3.12/site-packages/airflow/example_dags/example_xcomargs.py
[2024-10-04T23:49:42.736+0000] {logging_mixin.py:190} INFO - [2024-10-04T23:49:42.735+0000] {dag.py:3229} INFO - Sync 2 DAGs
[2024-10-04T23:49:42.766+0000] {logging_mixin.py:190} INFO - [2024-10-04T23:49:42.765+0000] {dag.py:4156} INFO - Setting next_dagrun for example_xcom_args to None, run_after=None
[2024-10-04T23:49:42.774+0000] {logging_mixin.py:190} INFO - [2024-10-04T23:49:42.773+0000] {dag.py:4156} INFO - Setting next_dagrun for example_xcom_args_with_operators to None, run_after=None
[2024-10-04T23:49:42.807+0000] {processor.py:208} INFO - Processing /home/airflow/.local/lib/python3.12/site-packages/airflow/example_dags/example_xcomargs.py took 0.158 seconds
[2024-10-04T23:50:13.243+0000] {processor.py:186} INFO - Started process (PID=1661) to work on /home/airflow/.local/lib/python3.12/site-packages/airflow/example_dags/example_xcomargs.py
[2024-10-04T23:50:13.244+0000] {processor.py:914} INFO - Processing file /home/airflow/.local/lib/python3.12/site-packages/airflow/example_dags/example_xcomargs.py for tasks to queue
[2024-10-04T23:50:13.247+0000] {logging_mixin.py:190} INFO - [2024-10-04T23:50:13.247+0000] {dagbag.py:587} INFO - Filling up the DagBag from /home/airflow/.local/lib/python3.12/site-packages/airflow/example_dags/example_xcomargs.py
[2024-10-04T23:50:13.260+0000] {processor.py:925} INFO - DAG(s) 'example_xcom_args_with_operators', 'example_xcom_args' retrieved from /home/airflow/.local/lib/python3.12/site-packages/airflow/example_dags/example_xcomargs.py
[2024-10-04T23:50:13.296+0000] {logging_mixin.py:190} INFO - [2024-10-04T23:50:13.296+0000] {dag.py:3229} INFO - Sync 2 DAGs
[2024-10-04T23:50:13.322+0000] {logging_mixin.py:190} INFO - [2024-10-04T23:50:13.321+0000] {dag.py:4156} INFO - Setting next_dagrun for example_xcom_args to None, run_after=None
[2024-10-04T23:50:13.329+0000] {logging_mixin.py:190} INFO - [2024-10-04T23:50:13.329+0000] {dag.py:4156} INFO - Setting next_dagrun for example_xcom_args_with_operators to None, run_after=None
[2024-10-04T23:50:13.359+0000] {processor.py:208} INFO - Processing /home/airflow/.local/lib/python3.12/site-packages/airflow/example_dags/example_xcomargs.py took 0.123 seconds
[2024-10-04T23:50:43.907+0000] {processor.py:186} INFO - Started process (PID=1723) to work on /home/airflow/.local/lib/python3.12/site-packages/airflow/example_dags/example_xcomargs.py
[2024-10-04T23:50:43.908+0000] {processor.py:914} INFO - Processing file /home/airflow/.local/lib/python3.12/site-packages/airflow/example_dags/example_xcomargs.py for tasks to queue
[2024-10-04T23:50:43.911+0000] {logging_mixin.py:190} INFO - [2024-10-04T23:50:43.911+0000] {dagbag.py:587} INFO - Filling up the DagBag from /home/airflow/.local/lib/python3.12/site-packages/airflow/example_dags/example_xcomargs.py
[2024-10-04T23:50:43.924+0000] {processor.py:925} INFO - DAG(s) 'example_xcom_args_with_operators', 'example_xcom_args' retrieved from /home/airflow/.local/lib/python3.12/site-packages/airflow/example_dags/example_xcomargs.py
[2024-10-04T23:50:43.954+0000] {logging_mixin.py:190} INFO - [2024-10-04T23:50:43.953+0000] {dag.py:3229} INFO - Sync 2 DAGs
[2024-10-04T23:50:43.972+0000] {logging_mixin.py:190} INFO - [2024-10-04T23:50:43.971+0000] {dag.py:4156} INFO - Setting next_dagrun for example_xcom_args to None, run_after=None
[2024-10-04T23:50:43.977+0000] {logging_mixin.py:190} INFO - [2024-10-04T23:50:43.976+0000] {dag.py:4156} INFO - Setting next_dagrun for example_xcom_args_with_operators to None, run_after=None
[2024-10-04T23:50:44.003+0000] {processor.py:208} INFO - Processing /home/airflow/.local/lib/python3.12/site-packages/airflow/example_dags/example_xcomargs.py took 0.104 seconds
[2024-10-04T23:51:24.431+0000] {processor.py:186} INFO - Started process (PID=1786) to work on /home/airflow/.local/lib/python3.12/site-packages/airflow/example_dags/example_xcomargs.py
[2024-10-04T23:51:24.433+0000] {processor.py:914} INFO - Processing file /home/airflow/.local/lib/python3.12/site-packages/airflow/example_dags/example_xcomargs.py for tasks to queue
[2024-10-04T23:51:24.449+0000] {logging_mixin.py:190} INFO - [2024-10-04T23:51:24.448+0000] {dagbag.py:587} INFO - Filling up the DagBag from /home/airflow/.local/lib/python3.12/site-packages/airflow/example_dags/example_xcomargs.py
[2024-10-04T23:51:24.513+0000] {processor.py:925} INFO - DAG(s) 'example_xcom_args', 'example_xcom_args_with_operators' retrieved from /home/airflow/.local/lib/python3.12/site-packages/airflow/example_dags/example_xcomargs.py
[2024-10-04T23:51:24.675+0000] {logging_mixin.py:190} INFO - [2024-10-04T23:51:24.675+0000] {dag.py:3229} INFO - Sync 2 DAGs
[2024-10-04T23:51:24.785+0000] {logging_mixin.py:190} INFO - [2024-10-04T23:51:24.785+0000] {dag.py:4156} INFO - Setting next_dagrun for example_xcom_args to None, run_after=None
[2024-10-04T23:51:24.816+0000] {logging_mixin.py:190} INFO - [2024-10-04T23:51:24.815+0000] {dag.py:4156} INFO - Setting next_dagrun for example_xcom_args_with_operators to None, run_after=None
[2024-10-04T23:51:24.928+0000] {processor.py:208} INFO - Processing /home/airflow/.local/lib/python3.12/site-packages/airflow/example_dags/example_xcomargs.py took 0.541 seconds
[2024-10-04T23:51:55.608+0000] {processor.py:186} INFO - Started process (PID=1847) to work on /home/airflow/.local/lib/python3.12/site-packages/airflow/example_dags/example_xcomargs.py
[2024-10-04T23:51:55.610+0000] {processor.py:914} INFO - Processing file /home/airflow/.local/lib/python3.12/site-packages/airflow/example_dags/example_xcomargs.py for tasks to queue
[2024-10-04T23:51:55.624+0000] {logging_mixin.py:190} INFO - [2024-10-04T23:51:55.623+0000] {dagbag.py:587} INFO - Filling up the DagBag from /home/airflow/.local/lib/python3.12/site-packages/airflow/example_dags/example_xcomargs.py
[2024-10-04T23:51:55.693+0000] {processor.py:925} INFO - DAG(s) 'example_xcom_args_with_operators', 'example_xcom_args' retrieved from /home/airflow/.local/lib/python3.12/site-packages/airflow/example_dags/example_xcomargs.py
[2024-10-04T23:51:55.800+0000] {logging_mixin.py:190} INFO - [2024-10-04T23:51:55.800+0000] {dag.py:3229} INFO - Sync 2 DAGs
[2024-10-04T23:51:55.859+0000] {logging_mixin.py:190} INFO - [2024-10-04T23:51:55.859+0000] {dag.py:4156} INFO - Setting next_dagrun for example_xcom_args to None, run_after=None
[2024-10-04T23:51:55.888+0000] {logging_mixin.py:190} INFO - [2024-10-04T23:51:55.888+0000] {dag.py:4156} INFO - Setting next_dagrun for example_xcom_args_with_operators to None, run_after=None
[2024-10-04T23:51:55.966+0000] {processor.py:208} INFO - Processing /home/airflow/.local/lib/python3.12/site-packages/airflow/example_dags/example_xcomargs.py took 0.395 seconds
[2024-10-04T23:52:26.113+0000] {processor.py:186} INFO - Started process (PID=1909) to work on /home/airflow/.local/lib/python3.12/site-packages/airflow/example_dags/example_xcomargs.py
[2024-10-04T23:52:26.115+0000] {processor.py:914} INFO - Processing file /home/airflow/.local/lib/python3.12/site-packages/airflow/example_dags/example_xcomargs.py for tasks to queue
[2024-10-04T23:52:26.120+0000] {logging_mixin.py:190} INFO - [2024-10-04T23:52:26.120+0000] {dagbag.py:587} INFO - Filling up the DagBag from /home/airflow/.local/lib/python3.12/site-packages/airflow/example_dags/example_xcomargs.py
[2024-10-04T23:52:26.135+0000] {processor.py:925} INFO - DAG(s) 'example_xcom_args_with_operators', 'example_xcom_args' retrieved from /home/airflow/.local/lib/python3.12/site-packages/airflow/example_dags/example_xcomargs.py
[2024-10-04T23:52:26.184+0000] {logging_mixin.py:190} INFO - [2024-10-04T23:52:26.183+0000] {dag.py:3229} INFO - Sync 2 DAGs
[2024-10-04T23:52:26.212+0000] {logging_mixin.py:190} INFO - [2024-10-04T23:52:26.212+0000] {dag.py:4156} INFO - Setting next_dagrun for example_xcom_args to None, run_after=None
[2024-10-04T23:52:26.219+0000] {logging_mixin.py:190} INFO - [2024-10-04T23:52:26.219+0000] {dag.py:4156} INFO - Setting next_dagrun for example_xcom_args_with_operators to None, run_after=None
[2024-10-04T23:52:26.255+0000] {processor.py:208} INFO - Processing /home/airflow/.local/lib/python3.12/site-packages/airflow/example_dags/example_xcomargs.py took 0.154 seconds
[2024-10-04T23:52:56.790+0000] {processor.py:186} INFO - Started process (PID=1972) to work on /home/airflow/.local/lib/python3.12/site-packages/airflow/example_dags/example_xcomargs.py
[2024-10-04T23:52:56.792+0000] {processor.py:914} INFO - Processing file /home/airflow/.local/lib/python3.12/site-packages/airflow/example_dags/example_xcomargs.py for tasks to queue
[2024-10-04T23:52:56.796+0000] {logging_mixin.py:190} INFO - [2024-10-04T23:52:56.795+0000] {dagbag.py:587} INFO - Filling up the DagBag from /home/airflow/.local/lib/python3.12/site-packages/airflow/example_dags/example_xcomargs.py
[2024-10-04T23:52:56.823+0000] {processor.py:925} INFO - DAG(s) 'example_xcom_args', 'example_xcom_args_with_operators' retrieved from /home/airflow/.local/lib/python3.12/site-packages/airflow/example_dags/example_xcomargs.py
[2024-10-04T23:52:56.888+0000] {logging_mixin.py:190} INFO - [2024-10-04T23:52:56.888+0000] {dag.py:3229} INFO - Sync 2 DAGs
[2024-10-04T23:52:56.919+0000] {logging_mixin.py:190} INFO - [2024-10-04T23:52:56.919+0000] {dag.py:4156} INFO - Setting next_dagrun for example_xcom_args to None, run_after=None
[2024-10-04T23:52:56.926+0000] {logging_mixin.py:190} INFO - [2024-10-04T23:52:56.926+0000] {dag.py:4156} INFO - Setting next_dagrun for example_xcom_args_with_operators to None, run_after=None
[2024-10-04T23:52:56.983+0000] {processor.py:208} INFO - Processing /home/airflow/.local/lib/python3.12/site-packages/airflow/example_dags/example_xcomargs.py took 0.203 seconds
[2024-10-04T23:53:27.375+0000] {processor.py:186} INFO - Started process (PID=2034) to work on /home/airflow/.local/lib/python3.12/site-packages/airflow/example_dags/example_xcomargs.py
[2024-10-04T23:53:27.377+0000] {processor.py:914} INFO - Processing file /home/airflow/.local/lib/python3.12/site-packages/airflow/example_dags/example_xcomargs.py for tasks to queue
[2024-10-04T23:53:27.381+0000] {logging_mixin.py:190} INFO - [2024-10-04T23:53:27.380+0000] {dagbag.py:587} INFO - Filling up the DagBag from /home/airflow/.local/lib/python3.12/site-packages/airflow/example_dags/example_xcomargs.py
[2024-10-04T23:53:27.399+0000] {processor.py:925} INFO - DAG(s) 'example_xcom_args', 'example_xcom_args_with_operators' retrieved from /home/airflow/.local/lib/python3.12/site-packages/airflow/example_dags/example_xcomargs.py
[2024-10-04T23:53:27.447+0000] {logging_mixin.py:190} INFO - [2024-10-04T23:53:27.447+0000] {dag.py:3229} INFO - Sync 2 DAGs
[2024-10-04T23:53:27.481+0000] {logging_mixin.py:190} INFO - [2024-10-04T23:53:27.480+0000] {dag.py:4156} INFO - Setting next_dagrun for example_xcom_args to None, run_after=None
[2024-10-04T23:53:27.487+0000] {logging_mixin.py:190} INFO - [2024-10-04T23:53:27.486+0000] {dag.py:4156} INFO - Setting next_dagrun for example_xcom_args_with_operators to None, run_after=None
[2024-10-04T23:53:27.520+0000] {processor.py:208} INFO - Processing /home/airflow/.local/lib/python3.12/site-packages/airflow/example_dags/example_xcomargs.py took 0.156 seconds
[2024-10-04T23:53:57.903+0000] {processor.py:186} INFO - Started process (PID=2096) to work on /home/airflow/.local/lib/python3.12/site-packages/airflow/example_dags/example_xcomargs.py
[2024-10-04T23:53:57.905+0000] {processor.py:914} INFO - Processing file /home/airflow/.local/lib/python3.12/site-packages/airflow/example_dags/example_xcomargs.py for tasks to queue
[2024-10-04T23:53:57.912+0000] {logging_mixin.py:190} INFO - [2024-10-04T23:53:57.910+0000] {dagbag.py:587} INFO - Filling up the DagBag from /home/airflow/.local/lib/python3.12/site-packages/airflow/example_dags/example_xcomargs.py
[2024-10-04T23:53:57.932+0000] {processor.py:925} INFO - DAG(s) 'example_xcom_args_with_operators', 'example_xcom_args' retrieved from /home/airflow/.local/lib/python3.12/site-packages/airflow/example_dags/example_xcomargs.py
[2024-10-04T23:53:57.970+0000] {logging_mixin.py:190} INFO - [2024-10-04T23:53:57.970+0000] {dag.py:3229} INFO - Sync 2 DAGs
[2024-10-04T23:53:58.003+0000] {logging_mixin.py:190} INFO - [2024-10-04T23:53:58.002+0000] {dag.py:4156} INFO - Setting next_dagrun for example_xcom_args to None, run_after=None
[2024-10-04T23:53:58.010+0000] {logging_mixin.py:190} INFO - [2024-10-04T23:53:58.010+0000] {dag.py:4156} INFO - Setting next_dagrun for example_xcom_args_with_operators to None, run_after=None
[2024-10-04T23:53:58.038+0000] {processor.py:208} INFO - Processing /home/airflow/.local/lib/python3.12/site-packages/airflow/example_dags/example_xcomargs.py took 0.145 seconds
[2024-10-04T23:54:28.418+0000] {processor.py:186} INFO - Started process (PID=2158) to work on /home/airflow/.local/lib/python3.12/site-packages/airflow/example_dags/example_xcomargs.py
[2024-10-04T23:54:28.420+0000] {processor.py:914} INFO - Processing file /home/airflow/.local/lib/python3.12/site-packages/airflow/example_dags/example_xcomargs.py for tasks to queue
[2024-10-04T23:54:28.423+0000] {logging_mixin.py:190} INFO - [2024-10-04T23:54:28.423+0000] {dagbag.py:587} INFO - Filling up the DagBag from /home/airflow/.local/lib/python3.12/site-packages/airflow/example_dags/example_xcomargs.py
[2024-10-04T23:54:28.441+0000] {processor.py:925} INFO - DAG(s) 'example_xcom_args', 'example_xcom_args_with_operators' retrieved from /home/airflow/.local/lib/python3.12/site-packages/airflow/example_dags/example_xcomargs.py
[2024-10-04T23:54:28.481+0000] {logging_mixin.py:190} INFO - [2024-10-04T23:54:28.480+0000] {dag.py:3229} INFO - Sync 2 DAGs
[2024-10-04T23:54:28.503+0000] {logging_mixin.py:190} INFO - [2024-10-04T23:54:28.502+0000] {dag.py:4156} INFO - Setting next_dagrun for example_xcom_args to None, run_after=None
[2024-10-04T23:54:28.509+0000] {logging_mixin.py:190} INFO - [2024-10-04T23:54:28.508+0000] {dag.py:4156} INFO - Setting next_dagrun for example_xcom_args_with_operators to None, run_after=None
[2024-10-04T23:54:28.533+0000] {processor.py:208} INFO - Processing /home/airflow/.local/lib/python3.12/site-packages/airflow/example_dags/example_xcomargs.py took 0.127 seconds
[2024-10-04T23:54:59.265+0000] {processor.py:186} INFO - Started process (PID=2220) to work on /home/airflow/.local/lib/python3.12/site-packages/airflow/example_dags/example_xcomargs.py
[2024-10-04T23:54:59.266+0000] {processor.py:914} INFO - Processing file /home/airflow/.local/lib/python3.12/site-packages/airflow/example_dags/example_xcomargs.py for tasks to queue
[2024-10-04T23:54:59.270+0000] {logging_mixin.py:190} INFO - [2024-10-04T23:54:59.270+0000] {dagbag.py:587} INFO - Filling up the DagBag from /home/airflow/.local/lib/python3.12/site-packages/airflow/example_dags/example_xcomargs.py
[2024-10-04T23:54:59.288+0000] {processor.py:925} INFO - DAG(s) 'example_xcom_args_with_operators', 'example_xcom_args' retrieved from /home/airflow/.local/lib/python3.12/site-packages/airflow/example_dags/example_xcomargs.py
[2024-10-04T23:54:59.327+0000] {logging_mixin.py:190} INFO - [2024-10-04T23:54:59.326+0000] {dag.py:3229} INFO - Sync 2 DAGs
[2024-10-04T23:54:59.355+0000] {logging_mixin.py:190} INFO - [2024-10-04T23:54:59.354+0000] {dag.py:4156} INFO - Setting next_dagrun for example_xcom_args to None, run_after=None
[2024-10-04T23:54:59.363+0000] {logging_mixin.py:190} INFO - [2024-10-04T23:54:59.363+0000] {dag.py:4156} INFO - Setting next_dagrun for example_xcom_args_with_operators to None, run_after=None
[2024-10-04T23:54:59.403+0000] {processor.py:208} INFO - Processing /home/airflow/.local/lib/python3.12/site-packages/airflow/example_dags/example_xcomargs.py took 0.149 seconds
[2024-10-04T23:55:30.364+0000] {processor.py:186} INFO - Started process (PID=2282) to work on /home/airflow/.local/lib/python3.12/site-packages/airflow/example_dags/example_xcomargs.py
[2024-10-04T23:55:30.365+0000] {processor.py:914} INFO - Processing file /home/airflow/.local/lib/python3.12/site-packages/airflow/example_dags/example_xcomargs.py for tasks to queue
[2024-10-04T23:55:30.369+0000] {logging_mixin.py:190} INFO - [2024-10-04T23:55:30.368+0000] {dagbag.py:587} INFO - Filling up the DagBag from /home/airflow/.local/lib/python3.12/site-packages/airflow/example_dags/example_xcomargs.py
[2024-10-04T23:55:30.387+0000] {processor.py:925} INFO - DAG(s) 'example_xcom_args_with_operators', 'example_xcom_args' retrieved from /home/airflow/.local/lib/python3.12/site-packages/airflow/example_dags/example_xcomargs.py
[2024-10-04T23:55:30.434+0000] {logging_mixin.py:190} INFO - [2024-10-04T23:55:30.433+0000] {dag.py:3229} INFO - Sync 2 DAGs
[2024-10-04T23:55:30.458+0000] {logging_mixin.py:190} INFO - [2024-10-04T23:55:30.458+0000] {dag.py:4156} INFO - Setting next_dagrun for example_xcom_args to None, run_after=None
[2024-10-04T23:55:30.465+0000] {logging_mixin.py:190} INFO - [2024-10-04T23:55:30.465+0000] {dag.py:4156} INFO - Setting next_dagrun for example_xcom_args_with_operators to None, run_after=None
[2024-10-04T23:55:30.514+0000] {processor.py:208} INFO - Processing /home/airflow/.local/lib/python3.12/site-packages/airflow/example_dags/example_xcomargs.py took 0.159 seconds
[2024-10-04T23:56:00.780+0000] {processor.py:186} INFO - Started process (PID=2344) to work on /home/airflow/.local/lib/python3.12/site-packages/airflow/example_dags/example_xcomargs.py
[2024-10-04T23:56:00.781+0000] {processor.py:914} INFO - Processing file /home/airflow/.local/lib/python3.12/site-packages/airflow/example_dags/example_xcomargs.py for tasks to queue
[2024-10-04T23:56:00.787+0000] {logging_mixin.py:190} INFO - [2024-10-04T23:56:00.787+0000] {dagbag.py:587} INFO - Filling up the DagBag from /home/airflow/.local/lib/python3.12/site-packages/airflow/example_dags/example_xcomargs.py
[2024-10-04T23:56:00.806+0000] {processor.py:925} INFO - DAG(s) 'example_xcom_args', 'example_xcom_args_with_operators' retrieved from /home/airflow/.local/lib/python3.12/site-packages/airflow/example_dags/example_xcomargs.py
[2024-10-04T23:56:00.853+0000] {logging_mixin.py:190} INFO - [2024-10-04T23:56:00.853+0000] {dag.py:3229} INFO - Sync 2 DAGs
[2024-10-04T23:56:00.880+0000] {logging_mixin.py:190} INFO - [2024-10-04T23:56:00.880+0000] {dag.py:4156} INFO - Setting next_dagrun for example_xcom_args to None, run_after=None
[2024-10-04T23:56:00.890+0000] {logging_mixin.py:190} INFO - [2024-10-04T23:56:00.890+0000] {dag.py:4156} INFO - Setting next_dagrun for example_xcom_args_with_operators to None, run_after=None
[2024-10-04T23:56:00.928+0000] {processor.py:208} INFO - Processing /home/airflow/.local/lib/python3.12/site-packages/airflow/example_dags/example_xcomargs.py took 0.161 seconds
[2024-10-04T23:56:31.006+0000] {processor.py:186} INFO - Started process (PID=2406) to work on /home/airflow/.local/lib/python3.12/site-packages/airflow/example_dags/example_xcomargs.py
[2024-10-04T23:56:31.008+0000] {processor.py:914} INFO - Processing file /home/airflow/.local/lib/python3.12/site-packages/airflow/example_dags/example_xcomargs.py for tasks to queue
[2024-10-04T23:56:31.012+0000] {logging_mixin.py:190} INFO - [2024-10-04T23:56:31.012+0000] {dagbag.py:587} INFO - Filling up the DagBag from /home/airflow/.local/lib/python3.12/site-packages/airflow/example_dags/example_xcomargs.py
[2024-10-04T23:56:31.030+0000] {processor.py:925} INFO - DAG(s) 'example_xcom_args', 'example_xcom_args_with_operators' retrieved from /home/airflow/.local/lib/python3.12/site-packages/airflow/example_dags/example_xcomargs.py
[2024-10-04T23:56:31.062+0000] {logging_mixin.py:190} INFO - [2024-10-04T23:56:31.061+0000] {dag.py:3229} INFO - Sync 2 DAGs
[2024-10-04T23:56:31.088+0000] {logging_mixin.py:190} INFO - [2024-10-04T23:56:31.087+0000] {dag.py:4156} INFO - Setting next_dagrun for example_xcom_args to None, run_after=None
[2024-10-04T23:56:31.096+0000] {logging_mixin.py:190} INFO - [2024-10-04T23:56:31.095+0000] {dag.py:4156} INFO - Setting next_dagrun for example_xcom_args_with_operators to None, run_after=None
[2024-10-04T23:56:31.123+0000] {processor.py:208} INFO - Processing /home/airflow/.local/lib/python3.12/site-packages/airflow/example_dags/example_xcomargs.py took 0.124 seconds
[2024-10-04T23:57:02.317+0000] {processor.py:186} INFO - Started process (PID=2468) to work on /home/airflow/.local/lib/python3.12/site-packages/airflow/example_dags/example_xcomargs.py
[2024-10-04T23:57:02.319+0000] {processor.py:914} INFO - Processing file /home/airflow/.local/lib/python3.12/site-packages/airflow/example_dags/example_xcomargs.py for tasks to queue
[2024-10-04T23:57:02.322+0000] {logging_mixin.py:190} INFO - [2024-10-04T23:57:02.322+0000] {dagbag.py:587} INFO - Filling up the DagBag from /home/airflow/.local/lib/python3.12/site-packages/airflow/example_dags/example_xcomargs.py
[2024-10-04T23:57:02.335+0000] {processor.py:925} INFO - DAG(s) 'example_xcom_args_with_operators', 'example_xcom_args' retrieved from /home/airflow/.local/lib/python3.12/site-packages/airflow/example_dags/example_xcomargs.py
[2024-10-04T23:57:02.369+0000] {logging_mixin.py:190} INFO - [2024-10-04T23:57:02.369+0000] {dag.py:3229} INFO - Sync 2 DAGs
[2024-10-04T23:57:02.394+0000] {logging_mixin.py:190} INFO - [2024-10-04T23:57:02.394+0000] {dag.py:4156} INFO - Setting next_dagrun for example_xcom_args to None, run_after=None
[2024-10-04T23:57:02.402+0000] {logging_mixin.py:190} INFO - [2024-10-04T23:57:02.402+0000] {dag.py:4156} INFO - Setting next_dagrun for example_xcom_args_with_operators to None, run_after=None
[2024-10-04T23:57:02.434+0000] {processor.py:208} INFO - Processing /home/airflow/.local/lib/python3.12/site-packages/airflow/example_dags/example_xcomargs.py took 0.126 seconds
[2024-10-04T23:57:33.284+0000] {processor.py:186} INFO - Started process (PID=2530) to work on /home/airflow/.local/lib/python3.12/site-packages/airflow/example_dags/example_xcomargs.py
[2024-10-04T23:57:33.285+0000] {processor.py:914} INFO - Processing file /home/airflow/.local/lib/python3.12/site-packages/airflow/example_dags/example_xcomargs.py for tasks to queue
[2024-10-04T23:57:33.288+0000] {logging_mixin.py:190} INFO - [2024-10-04T23:57:33.288+0000] {dagbag.py:587} INFO - Filling up the DagBag from /home/airflow/.local/lib/python3.12/site-packages/airflow/example_dags/example_xcomargs.py
[2024-10-04T23:57:33.301+0000] {processor.py:925} INFO - DAG(s) 'example_xcom_args', 'example_xcom_args_with_operators' retrieved from /home/airflow/.local/lib/python3.12/site-packages/airflow/example_dags/example_xcomargs.py
[2024-10-04T23:57:33.334+0000] {logging_mixin.py:190} INFO - [2024-10-04T23:57:33.333+0000] {dag.py:3229} INFO - Sync 2 DAGs
[2024-10-04T23:57:33.355+0000] {logging_mixin.py:190} INFO - [2024-10-04T23:57:33.354+0000] {dag.py:4156} INFO - Setting next_dagrun for example_xcom_args to None, run_after=None
[2024-10-04T23:57:33.361+0000] {logging_mixin.py:190} INFO - [2024-10-04T23:57:33.360+0000] {dag.py:4156} INFO - Setting next_dagrun for example_xcom_args_with_operators to None, run_after=None
[2024-10-04T23:57:33.391+0000] {processor.py:208} INFO - Processing /home/airflow/.local/lib/python3.12/site-packages/airflow/example_dags/example_xcomargs.py took 0.115 seconds
[2024-10-04T23:58:04.207+0000] {processor.py:186} INFO - Started process (PID=2592) to work on /home/airflow/.local/lib/python3.12/site-packages/airflow/example_dags/example_xcomargs.py
[2024-10-04T23:58:04.208+0000] {processor.py:914} INFO - Processing file /home/airflow/.local/lib/python3.12/site-packages/airflow/example_dags/example_xcomargs.py for tasks to queue
[2024-10-04T23:58:04.214+0000] {logging_mixin.py:190} INFO - [2024-10-04T23:58:04.213+0000] {dagbag.py:587} INFO - Filling up the DagBag from /home/airflow/.local/lib/python3.12/site-packages/airflow/example_dags/example_xcomargs.py
[2024-10-04T23:58:04.236+0000] {processor.py:925} INFO - DAG(s) 'example_xcom_args', 'example_xcom_args_with_operators' retrieved from /home/airflow/.local/lib/python3.12/site-packages/airflow/example_dags/example_xcomargs.py
[2024-10-04T23:58:04.271+0000] {logging_mixin.py:190} INFO - [2024-10-04T23:58:04.271+0000] {dag.py:3229} INFO - Sync 2 DAGs
[2024-10-04T23:58:04.292+0000] {logging_mixin.py:190} INFO - [2024-10-04T23:58:04.291+0000] {dag.py:4156} INFO - Setting next_dagrun for example_xcom_args to None, run_after=None
[2024-10-04T23:58:04.297+0000] {logging_mixin.py:190} INFO - [2024-10-04T23:58:04.297+0000] {dag.py:4156} INFO - Setting next_dagrun for example_xcom_args_with_operators to None, run_after=None
[2024-10-04T23:58:04.332+0000] {processor.py:208} INFO - Processing /home/airflow/.local/lib/python3.12/site-packages/airflow/example_dags/example_xcomargs.py took 0.137 seconds
[2024-10-04T23:58:35.076+0000] {processor.py:186} INFO - Started process (PID=2655) to work on /home/airflow/.local/lib/python3.12/site-packages/airflow/example_dags/example_xcomargs.py
[2024-10-04T23:58:35.078+0000] {processor.py:914} INFO - Processing file /home/airflow/.local/lib/python3.12/site-packages/airflow/example_dags/example_xcomargs.py for tasks to queue
[2024-10-04T23:58:35.081+0000] {logging_mixin.py:190} INFO - [2024-10-04T23:58:35.080+0000] {dagbag.py:587} INFO - Filling up the DagBag from /home/airflow/.local/lib/python3.12/site-packages/airflow/example_dags/example_xcomargs.py
[2024-10-04T23:58:35.095+0000] {processor.py:925} INFO - DAG(s) 'example_xcom_args_with_operators', 'example_xcom_args' retrieved from /home/airflow/.local/lib/python3.12/site-packages/airflow/example_dags/example_xcomargs.py
[2024-10-04T23:58:35.132+0000] {logging_mixin.py:190} INFO - [2024-10-04T23:58:35.132+0000] {dag.py:3229} INFO - Sync 2 DAGs
[2024-10-04T23:58:35.158+0000] {logging_mixin.py:190} INFO - [2024-10-04T23:58:35.157+0000] {dag.py:4156} INFO - Setting next_dagrun for example_xcom_args to None, run_after=None
[2024-10-04T23:58:35.164+0000] {logging_mixin.py:190} INFO - [2024-10-04T23:58:35.164+0000] {dag.py:4156} INFO - Setting next_dagrun for example_xcom_args_with_operators to None, run_after=None
[2024-10-04T23:58:35.196+0000] {processor.py:208} INFO - Processing /home/airflow/.local/lib/python3.12/site-packages/airflow/example_dags/example_xcomargs.py took 0.127 seconds
[2024-10-04T23:59:05.755+0000] {processor.py:186} INFO - Started process (PID=2717) to work on /home/airflow/.local/lib/python3.12/site-packages/airflow/example_dags/example_xcomargs.py
[2024-10-04T23:59:05.756+0000] {processor.py:914} INFO - Processing file /home/airflow/.local/lib/python3.12/site-packages/airflow/example_dags/example_xcomargs.py for tasks to queue
[2024-10-04T23:59:05.760+0000] {logging_mixin.py:190} INFO - [2024-10-04T23:59:05.759+0000] {dagbag.py:587} INFO - Filling up the DagBag from /home/airflow/.local/lib/python3.12/site-packages/airflow/example_dags/example_xcomargs.py
[2024-10-04T23:59:05.776+0000] {processor.py:925} INFO - DAG(s) 'example_xcom_args_with_operators', 'example_xcom_args' retrieved from /home/airflow/.local/lib/python3.12/site-packages/airflow/example_dags/example_xcomargs.py
[2024-10-04T23:59:05.817+0000] {logging_mixin.py:190} INFO - [2024-10-04T23:59:05.816+0000] {dag.py:3229} INFO - Sync 2 DAGs
[2024-10-04T23:59:05.849+0000] {logging_mixin.py:190} INFO - [2024-10-04T23:59:05.849+0000] {dag.py:4156} INFO - Setting next_dagrun for example_xcom_args to None, run_after=None
[2024-10-04T23:59:05.857+0000] {logging_mixin.py:190} INFO - [2024-10-04T23:59:05.857+0000] {dag.py:4156} INFO - Setting next_dagrun for example_xcom_args_with_operators to None, run_after=None
[2024-10-04T23:59:05.885+0000] {processor.py:208} INFO - Processing /home/airflow/.local/lib/python3.12/site-packages/airflow/example_dags/example_xcomargs.py took 0.142 seconds
[2024-10-04T23:59:37.132+0000] {processor.py:186} INFO - Started process (PID=2779) to work on /home/airflow/.local/lib/python3.12/site-packages/airflow/example_dags/example_xcomargs.py
[2024-10-04T23:59:37.134+0000] {processor.py:914} INFO - Processing file /home/airflow/.local/lib/python3.12/site-packages/airflow/example_dags/example_xcomargs.py for tasks to queue
[2024-10-04T23:59:37.138+0000] {logging_mixin.py:190} INFO - [2024-10-04T23:59:37.138+0000] {dagbag.py:587} INFO - Filling up the DagBag from /home/airflow/.local/lib/python3.12/site-packages/airflow/example_dags/example_xcomargs.py
[2024-10-04T23:59:37.156+0000] {processor.py:925} INFO - DAG(s) 'example_xcom_args', 'example_xcom_args_with_operators' retrieved from /home/airflow/.local/lib/python3.12/site-packages/airflow/example_dags/example_xcomargs.py
[2024-10-04T23:59:37.198+0000] {logging_mixin.py:190} INFO - [2024-10-04T23:59:37.197+0000] {dag.py:3229} INFO - Sync 2 DAGs
[2024-10-04T23:59:37.227+0000] {logging_mixin.py:190} INFO - [2024-10-04T23:59:37.226+0000] {dag.py:4156} INFO - Setting next_dagrun for example_xcom_args to None, run_after=None
[2024-10-04T23:59:37.233+0000] {logging_mixin.py:190} INFO - [2024-10-04T23:59:37.233+0000] {dag.py:4156} INFO - Setting next_dagrun for example_xcom_args_with_operators to None, run_after=None
[2024-10-04T23:59:37.265+0000] {processor.py:208} INFO - Processing /home/airflow/.local/lib/python3.12/site-packages/airflow/example_dags/example_xcomargs.py took 0.143 seconds
