[2024-10-04T19:17:01.351+0000] {processor.py:186} INFO - Started process (PID=97) to work on /home/airflow/.local/lib/python3.12/site-packages/airflow/example_dags/example_bash_operator.py
[2024-10-04T19:17:01.352+0000] {processor.py:914} INFO - Processing file /home/airflow/.local/lib/python3.12/site-packages/airflow/example_dags/example_bash_operator.py for tasks to queue
[2024-10-04T19:17:01.358+0000] {logging_mixin.py:190} INFO - [2024-10-04T19:17:01.356+0000] {dagbag.py:587} INFO - Filling up the DagBag from /home/airflow/.local/lib/python3.12/site-packages/airflow/example_dags/example_bash_operator.py
[2024-10-04T19:17:01.384+0000] {processor.py:925} INFO - DAG(s) 'example_bash_operator' retrieved from /home/airflow/.local/lib/python3.12/site-packages/airflow/example_dags/example_bash_operator.py
[2024-10-04T19:17:01.622+0000] {logging_mixin.py:190} INFO - [2024-10-04T19:17:01.620+0000] {override.py:1900} INFO - Created Permission View: can edit on DAG:example_bash_operator
[2024-10-04T19:17:01.660+0000] {logging_mixin.py:190} INFO - [2024-10-04T19:17:01.660+0000] {override.py:1900} INFO - Created Permission View: can read on DAG:example_bash_operator
[2024-10-04T19:17:01.682+0000] {logging_mixin.py:190} INFO - [2024-10-04T19:17:01.681+0000] {override.py:1900} INFO - Created Permission View: can delete on DAG:example_bash_operator
[2024-10-04T19:17:01.703+0000] {logging_mixin.py:190} INFO - [2024-10-04T19:17:01.703+0000] {override.py:1900} INFO - Created Permission View: can read on DAG Run:example_bash_operator
[2024-10-04T19:17:01.719+0000] {logging_mixin.py:190} INFO - [2024-10-04T19:17:01.718+0000] {override.py:1900} INFO - Created Permission View: can delete on DAG Run:example_bash_operator
[2024-10-04T19:17:01.734+0000] {logging_mixin.py:190} INFO - [2024-10-04T19:17:01.733+0000] {override.py:1900} INFO - Created Permission View: can create on DAG Run:example_bash_operator
[2024-10-04T19:17:01.759+0000] {logging_mixin.py:190} INFO - [2024-10-04T19:17:01.758+0000] {override.py:1900} INFO - Created Permission View: menu access on DAG Run:example_bash_operator
[2024-10-04T19:17:01.760+0000] {logging_mixin.py:190} INFO - [2024-10-04T19:17:01.760+0000] {dag.py:3229} INFO - Sync 1 DAGs
[2024-10-04T19:17:01.796+0000] {logging_mixin.py:190} INFO - [2024-10-04T19:17:01.795+0000] {dag.py:3252} INFO - Creating ORM DAG for example_bash_operator
[2024-10-04T19:17:01.822+0000] {logging_mixin.py:190} INFO - [2024-10-04T19:17:01.822+0000] {dag.py:4156} INFO - Setting next_dagrun for example_bash_operator to 2024-10-03 00:00:00+00:00, run_after=2024-10-04 00:00:00+00:00
[2024-10-04T19:17:01.866+0000] {processor.py:208} INFO - Processing /home/airflow/.local/lib/python3.12/site-packages/airflow/example_dags/example_bash_operator.py took 0.528 seconds
[2024-10-04T19:17:46.644+0000] {processor.py:186} INFO - Started process (PID=92) to work on /home/airflow/.local/lib/python3.12/site-packages/airflow/example_dags/example_bash_operator.py
[2024-10-04T19:17:46.646+0000] {processor.py:914} INFO - Processing file /home/airflow/.local/lib/python3.12/site-packages/airflow/example_dags/example_bash_operator.py for tasks to queue
[2024-10-04T19:17:46.650+0000] {logging_mixin.py:190} INFO - [2024-10-04T19:17:46.649+0000] {dagbag.py:587} INFO - Filling up the DagBag from /home/airflow/.local/lib/python3.12/site-packages/airflow/example_dags/example_bash_operator.py
[2024-10-04T19:17:46.677+0000] {processor.py:925} INFO - DAG(s) 'example_bash_operator' retrieved from /home/airflow/.local/lib/python3.12/site-packages/airflow/example_dags/example_bash_operator.py
[2024-10-04T19:17:46.739+0000] {logging_mixin.py:190} INFO - [2024-10-04T19:17:46.739+0000] {dag.py:3229} INFO - Sync 1 DAGs
[2024-10-04T19:17:46.787+0000] {logging_mixin.py:190} INFO - [2024-10-04T19:17:46.786+0000] {dag.py:4156} INFO - Setting next_dagrun for example_bash_operator to 2024-10-03 00:00:00+00:00, run_after=2024-10-04 00:00:00+00:00
[2024-10-04T19:17:46.828+0000] {processor.py:208} INFO - Processing /home/airflow/.local/lib/python3.12/site-packages/airflow/example_dags/example_bash_operator.py took 0.193 seconds
[2024-10-04T19:18:17.483+0000] {processor.py:186} INFO - Started process (PID=153) to work on /home/airflow/.local/lib/python3.12/site-packages/airflow/example_dags/example_bash_operator.py
[2024-10-04T19:18:17.484+0000] {processor.py:914} INFO - Processing file /home/airflow/.local/lib/python3.12/site-packages/airflow/example_dags/example_bash_operator.py for tasks to queue
[2024-10-04T19:18:17.489+0000] {logging_mixin.py:190} INFO - [2024-10-04T19:18:17.488+0000] {dagbag.py:587} INFO - Filling up the DagBag from /home/airflow/.local/lib/python3.12/site-packages/airflow/example_dags/example_bash_operator.py
[2024-10-04T19:18:17.514+0000] {processor.py:925} INFO - DAG(s) 'example_bash_operator' retrieved from /home/airflow/.local/lib/python3.12/site-packages/airflow/example_dags/example_bash_operator.py
[2024-10-04T19:18:17.570+0000] {logging_mixin.py:190} INFO - [2024-10-04T19:18:17.569+0000] {dag.py:3229} INFO - Sync 1 DAGs
[2024-10-04T19:18:17.617+0000] {logging_mixin.py:190} INFO - [2024-10-04T19:18:17.617+0000] {dag.py:4156} INFO - Setting next_dagrun for example_bash_operator to 2024-10-03 00:00:00+00:00, run_after=2024-10-04 00:00:00+00:00
[2024-10-04T19:18:17.665+0000] {processor.py:208} INFO - Processing /home/airflow/.local/lib/python3.12/site-packages/airflow/example_dags/example_bash_operator.py took 0.194 seconds
[2024-10-04T23:37:20.764+0000] {processor.py:186} INFO - Started process (PID=88) to work on /home/airflow/.local/lib/python3.12/site-packages/airflow/example_dags/example_bash_operator.py
[2024-10-04T23:37:20.766+0000] {processor.py:914} INFO - Processing file /home/airflow/.local/lib/python3.12/site-packages/airflow/example_dags/example_bash_operator.py for tasks to queue
[2024-10-04T23:37:20.772+0000] {logging_mixin.py:190} INFO - [2024-10-04T23:37:20.771+0000] {dagbag.py:587} INFO - Filling up the DagBag from /home/airflow/.local/lib/python3.12/site-packages/airflow/example_dags/example_bash_operator.py
[2024-10-04T23:37:20.799+0000] {processor.py:925} INFO - DAG(s) 'example_bash_operator' retrieved from /home/airflow/.local/lib/python3.12/site-packages/airflow/example_dags/example_bash_operator.py
[2024-10-04T23:37:20.889+0000] {logging_mixin.py:190} INFO - [2024-10-04T23:37:20.889+0000] {dag.py:3229} INFO - Sync 1 DAGs
[2024-10-04T23:37:20.938+0000] {logging_mixin.py:190} INFO - [2024-10-04T23:37:20.938+0000] {dag.py:4156} INFO - Setting next_dagrun for example_bash_operator to 2024-10-03 00:00:00+00:00, run_after=2024-10-04 00:00:00+00:00
[2024-10-04T23:37:20.990+0000] {processor.py:208} INFO - Processing /home/airflow/.local/lib/python3.12/site-packages/airflow/example_dags/example_bash_operator.py took 0.244 seconds
[2024-10-04T23:37:52.035+0000] {processor.py:186} INFO - Started process (PID=150) to work on /home/airflow/.local/lib/python3.12/site-packages/airflow/example_dags/example_bash_operator.py
[2024-10-04T23:37:52.037+0000] {processor.py:914} INFO - Processing file /home/airflow/.local/lib/python3.12/site-packages/airflow/example_dags/example_bash_operator.py for tasks to queue
[2024-10-04T23:37:52.043+0000] {logging_mixin.py:190} INFO - [2024-10-04T23:37:52.042+0000] {dagbag.py:587} INFO - Filling up the DagBag from /home/airflow/.local/lib/python3.12/site-packages/airflow/example_dags/example_bash_operator.py
[2024-10-04T23:37:52.072+0000] {processor.py:925} INFO - DAG(s) 'example_bash_operator' retrieved from /home/airflow/.local/lib/python3.12/site-packages/airflow/example_dags/example_bash_operator.py
[2024-10-04T23:37:52.119+0000] {logging_mixin.py:190} INFO - [2024-10-04T23:37:52.119+0000] {dag.py:3229} INFO - Sync 1 DAGs
[2024-10-04T23:37:52.156+0000] {logging_mixin.py:190} INFO - [2024-10-04T23:37:52.156+0000] {dag.py:4156} INFO - Setting next_dagrun for example_bash_operator to 2024-10-03 00:00:00+00:00, run_after=2024-10-04 00:00:00+00:00
[2024-10-04T23:37:52.204+0000] {processor.py:208} INFO - Processing /home/airflow/.local/lib/python3.12/site-packages/airflow/example_dags/example_bash_operator.py took 0.184 seconds
[2024-10-04T23:38:23.188+0000] {processor.py:186} INFO - Started process (PID=212) to work on /home/airflow/.local/lib/python3.12/site-packages/airflow/example_dags/example_bash_operator.py
[2024-10-04T23:38:23.190+0000] {processor.py:914} INFO - Processing file /home/airflow/.local/lib/python3.12/site-packages/airflow/example_dags/example_bash_operator.py for tasks to queue
[2024-10-04T23:38:23.194+0000] {logging_mixin.py:190} INFO - [2024-10-04T23:38:23.193+0000] {dagbag.py:587} INFO - Filling up the DagBag from /home/airflow/.local/lib/python3.12/site-packages/airflow/example_dags/example_bash_operator.py
[2024-10-04T23:38:23.219+0000] {processor.py:925} INFO - DAG(s) 'example_bash_operator' retrieved from /home/airflow/.local/lib/python3.12/site-packages/airflow/example_dags/example_bash_operator.py
[2024-10-04T23:38:23.274+0000] {logging_mixin.py:190} INFO - [2024-10-04T23:38:23.274+0000] {dag.py:3229} INFO - Sync 1 DAGs
[2024-10-04T23:38:23.320+0000] {logging_mixin.py:190} INFO - [2024-10-04T23:38:23.319+0000] {dag.py:4156} INFO - Setting next_dagrun for example_bash_operator to 2024-10-03 00:00:00+00:00, run_after=2024-10-04 00:00:00+00:00
[2024-10-04T23:38:23.363+0000] {processor.py:208} INFO - Processing /home/airflow/.local/lib/python3.12/site-packages/airflow/example_dags/example_bash_operator.py took 0.186 seconds
[2024-10-04T23:38:53.822+0000] {processor.py:186} INFO - Started process (PID=274) to work on /home/airflow/.local/lib/python3.12/site-packages/airflow/example_dags/example_bash_operator.py
[2024-10-04T23:38:53.824+0000] {processor.py:914} INFO - Processing file /home/airflow/.local/lib/python3.12/site-packages/airflow/example_dags/example_bash_operator.py for tasks to queue
[2024-10-04T23:38:53.828+0000] {logging_mixin.py:190} INFO - [2024-10-04T23:38:53.827+0000] {dagbag.py:587} INFO - Filling up the DagBag from /home/airflow/.local/lib/python3.12/site-packages/airflow/example_dags/example_bash_operator.py
[2024-10-04T23:38:53.852+0000] {processor.py:925} INFO - DAG(s) 'example_bash_operator' retrieved from /home/airflow/.local/lib/python3.12/site-packages/airflow/example_dags/example_bash_operator.py
[2024-10-04T23:38:53.892+0000] {logging_mixin.py:190} INFO - [2024-10-04T23:38:53.892+0000] {dag.py:3229} INFO - Sync 1 DAGs
[2024-10-04T23:38:53.935+0000] {logging_mixin.py:190} INFO - [2024-10-04T23:38:53.934+0000] {dag.py:4156} INFO - Setting next_dagrun for example_bash_operator to 2024-10-03 00:00:00+00:00, run_after=2024-10-04 00:00:00+00:00
[2024-10-04T23:38:53.973+0000] {processor.py:208} INFO - Processing /home/airflow/.local/lib/python3.12/site-packages/airflow/example_dags/example_bash_operator.py took 0.161 seconds
[2024-10-04T23:39:24.734+0000] {processor.py:186} INFO - Started process (PID=336) to work on /home/airflow/.local/lib/python3.12/site-packages/airflow/example_dags/example_bash_operator.py
[2024-10-04T23:39:24.736+0000] {processor.py:914} INFO - Processing file /home/airflow/.local/lib/python3.12/site-packages/airflow/example_dags/example_bash_operator.py for tasks to queue
[2024-10-04T23:39:24.743+0000] {logging_mixin.py:190} INFO - [2024-10-04T23:39:24.742+0000] {dagbag.py:587} INFO - Filling up the DagBag from /home/airflow/.local/lib/python3.12/site-packages/airflow/example_dags/example_bash_operator.py
[2024-10-04T23:39:24.764+0000] {processor.py:925} INFO - DAG(s) 'example_bash_operator' retrieved from /home/airflow/.local/lib/python3.12/site-packages/airflow/example_dags/example_bash_operator.py
[2024-10-04T23:39:24.822+0000] {logging_mixin.py:190} INFO - [2024-10-04T23:39:24.821+0000] {dag.py:3229} INFO - Sync 1 DAGs
[2024-10-04T23:39:24.870+0000] {logging_mixin.py:190} INFO - [2024-10-04T23:39:24.870+0000] {dag.py:4156} INFO - Setting next_dagrun for example_bash_operator to 2024-10-03 00:00:00+00:00, run_after=2024-10-04 00:00:00+00:00
[2024-10-04T23:39:24.910+0000] {processor.py:208} INFO - Processing /home/airflow/.local/lib/python3.12/site-packages/airflow/example_dags/example_bash_operator.py took 0.188 seconds
[2024-10-04T23:39:55.344+0000] {processor.py:186} INFO - Started process (PID=398) to work on /home/airflow/.local/lib/python3.12/site-packages/airflow/example_dags/example_bash_operator.py
[2024-10-04T23:39:55.345+0000] {processor.py:914} INFO - Processing file /home/airflow/.local/lib/python3.12/site-packages/airflow/example_dags/example_bash_operator.py for tasks to queue
[2024-10-04T23:39:55.350+0000] {logging_mixin.py:190} INFO - [2024-10-04T23:39:55.349+0000] {dagbag.py:587} INFO - Filling up the DagBag from /home/airflow/.local/lib/python3.12/site-packages/airflow/example_dags/example_bash_operator.py
[2024-10-04T23:39:55.373+0000] {processor.py:925} INFO - DAG(s) 'example_bash_operator' retrieved from /home/airflow/.local/lib/python3.12/site-packages/airflow/example_dags/example_bash_operator.py
[2024-10-04T23:39:55.453+0000] {logging_mixin.py:190} INFO - [2024-10-04T23:39:55.452+0000] {dag.py:3229} INFO - Sync 1 DAGs
[2024-10-04T23:39:55.520+0000] {logging_mixin.py:190} INFO - [2024-10-04T23:39:55.520+0000] {dag.py:4156} INFO - Setting next_dagrun for example_bash_operator to 2024-10-03 00:00:00+00:00, run_after=2024-10-04 00:00:00+00:00
[2024-10-04T23:39:55.577+0000] {processor.py:208} INFO - Processing /home/airflow/.local/lib/python3.12/site-packages/airflow/example_dags/example_bash_operator.py took 0.243 seconds
[2024-10-04T23:40:26.448+0000] {processor.py:186} INFO - Started process (PID=460) to work on /home/airflow/.local/lib/python3.12/site-packages/airflow/example_dags/example_bash_operator.py
[2024-10-04T23:40:26.449+0000] {processor.py:914} INFO - Processing file /home/airflow/.local/lib/python3.12/site-packages/airflow/example_dags/example_bash_operator.py for tasks to queue
[2024-10-04T23:40:26.453+0000] {logging_mixin.py:190} INFO - [2024-10-04T23:40:26.452+0000] {dagbag.py:587} INFO - Filling up the DagBag from /home/airflow/.local/lib/python3.12/site-packages/airflow/example_dags/example_bash_operator.py
[2024-10-04T23:40:26.473+0000] {processor.py:925} INFO - DAG(s) 'example_bash_operator' retrieved from /home/airflow/.local/lib/python3.12/site-packages/airflow/example_dags/example_bash_operator.py
[2024-10-04T23:40:26.519+0000] {logging_mixin.py:190} INFO - [2024-10-04T23:40:26.519+0000] {dag.py:3229} INFO - Sync 1 DAGs
[2024-10-04T23:40:26.563+0000] {logging_mixin.py:190} INFO - [2024-10-04T23:40:26.563+0000] {dag.py:4156} INFO - Setting next_dagrun for example_bash_operator to 2024-10-03 00:00:00+00:00, run_after=2024-10-04 00:00:00+00:00
[2024-10-04T23:40:26.592+0000] {processor.py:208} INFO - Processing /home/airflow/.local/lib/python3.12/site-packages/airflow/example_dags/example_bash_operator.py took 0.152 seconds
[2024-10-04T23:40:56.961+0000] {processor.py:186} INFO - Started process (PID=522) to work on /home/airflow/.local/lib/python3.12/site-packages/airflow/example_dags/example_bash_operator.py
[2024-10-04T23:40:56.962+0000] {processor.py:914} INFO - Processing file /home/airflow/.local/lib/python3.12/site-packages/airflow/example_dags/example_bash_operator.py for tasks to queue
[2024-10-04T23:40:56.966+0000] {logging_mixin.py:190} INFO - [2024-10-04T23:40:56.965+0000] {dagbag.py:587} INFO - Filling up the DagBag from /home/airflow/.local/lib/python3.12/site-packages/airflow/example_dags/example_bash_operator.py
[2024-10-04T23:40:56.988+0000] {processor.py:925} INFO - DAG(s) 'example_bash_operator' retrieved from /home/airflow/.local/lib/python3.12/site-packages/airflow/example_dags/example_bash_operator.py
[2024-10-04T23:40:57.036+0000] {logging_mixin.py:190} INFO - [2024-10-04T23:40:57.036+0000] {dag.py:3229} INFO - Sync 1 DAGs
[2024-10-04T23:40:57.072+0000] {logging_mixin.py:190} INFO - [2024-10-04T23:40:57.072+0000] {dag.py:4156} INFO - Setting next_dagrun for example_bash_operator to 2024-10-03 00:00:00+00:00, run_after=2024-10-04 00:00:00+00:00
[2024-10-04T23:40:57.105+0000] {processor.py:208} INFO - Processing /home/airflow/.local/lib/python3.12/site-packages/airflow/example_dags/example_bash_operator.py took 0.152 seconds
[2024-10-04T23:41:27.206+0000] {processor.py:186} INFO - Started process (PID=585) to work on /home/airflow/.local/lib/python3.12/site-packages/airflow/example_dags/example_bash_operator.py
[2024-10-04T23:41:27.207+0000] {processor.py:914} INFO - Processing file /home/airflow/.local/lib/python3.12/site-packages/airflow/example_dags/example_bash_operator.py for tasks to queue
[2024-10-04T23:41:27.212+0000] {logging_mixin.py:190} INFO - [2024-10-04T23:41:27.211+0000] {dagbag.py:587} INFO - Filling up the DagBag from /home/airflow/.local/lib/python3.12/site-packages/airflow/example_dags/example_bash_operator.py
[2024-10-04T23:41:27.229+0000] {processor.py:925} INFO - DAG(s) 'example_bash_operator' retrieved from /home/airflow/.local/lib/python3.12/site-packages/airflow/example_dags/example_bash_operator.py
[2024-10-04T23:41:27.272+0000] {logging_mixin.py:190} INFO - [2024-10-04T23:41:27.272+0000] {dag.py:3229} INFO - Sync 1 DAGs
[2024-10-04T23:41:27.308+0000] {logging_mixin.py:190} INFO - [2024-10-04T23:41:27.307+0000] {dag.py:4156} INFO - Setting next_dagrun for example_bash_operator to 2024-10-03 00:00:00+00:00, run_after=2024-10-04 00:00:00+00:00
[2024-10-04T23:41:27.341+0000] {processor.py:208} INFO - Processing /home/airflow/.local/lib/python3.12/site-packages/airflow/example_dags/example_bash_operator.py took 0.143 seconds
[2024-10-04T23:41:57.451+0000] {processor.py:186} INFO - Started process (PID=645) to work on /home/airflow/.local/lib/python3.12/site-packages/airflow/example_dags/example_bash_operator.py
[2024-10-04T23:41:57.453+0000] {processor.py:914} INFO - Processing file /home/airflow/.local/lib/python3.12/site-packages/airflow/example_dags/example_bash_operator.py for tasks to queue
[2024-10-04T23:41:57.456+0000] {logging_mixin.py:190} INFO - [2024-10-04T23:41:57.456+0000] {dagbag.py:587} INFO - Filling up the DagBag from /home/airflow/.local/lib/python3.12/site-packages/airflow/example_dags/example_bash_operator.py
[2024-10-04T23:41:57.473+0000] {processor.py:925} INFO - DAG(s) 'example_bash_operator' retrieved from /home/airflow/.local/lib/python3.12/site-packages/airflow/example_dags/example_bash_operator.py
[2024-10-04T23:41:57.508+0000] {logging_mixin.py:190} INFO - [2024-10-04T23:41:57.507+0000] {dag.py:3229} INFO - Sync 1 DAGs
[2024-10-04T23:41:57.544+0000] {logging_mixin.py:190} INFO - [2024-10-04T23:41:57.543+0000] {dag.py:4156} INFO - Setting next_dagrun for example_bash_operator to 2024-10-03 00:00:00+00:00, run_after=2024-10-04 00:00:00+00:00
[2024-10-04T23:41:57.590+0000] {processor.py:208} INFO - Processing /home/airflow/.local/lib/python3.12/site-packages/airflow/example_dags/example_bash_operator.py took 0.146 seconds
[2024-10-04T23:42:28.266+0000] {processor.py:186} INFO - Started process (PID=707) to work on /home/airflow/.local/lib/python3.12/site-packages/airflow/example_dags/example_bash_operator.py
[2024-10-04T23:42:28.267+0000] {processor.py:914} INFO - Processing file /home/airflow/.local/lib/python3.12/site-packages/airflow/example_dags/example_bash_operator.py for tasks to queue
[2024-10-04T23:42:28.276+0000] {logging_mixin.py:190} INFO - [2024-10-04T23:42:28.275+0000] {dagbag.py:587} INFO - Filling up the DagBag from /home/airflow/.local/lib/python3.12/site-packages/airflow/example_dags/example_bash_operator.py
[2024-10-04T23:42:28.307+0000] {processor.py:925} INFO - DAG(s) 'example_bash_operator' retrieved from /home/airflow/.local/lib/python3.12/site-packages/airflow/example_dags/example_bash_operator.py
[2024-10-04T23:42:28.364+0000] {logging_mixin.py:190} INFO - [2024-10-04T23:42:28.364+0000] {dag.py:3229} INFO - Sync 1 DAGs
[2024-10-04T23:42:28.437+0000] {logging_mixin.py:190} INFO - [2024-10-04T23:42:28.436+0000] {dag.py:4156} INFO - Setting next_dagrun for example_bash_operator to 2024-10-03 00:00:00+00:00, run_after=2024-10-04 00:00:00+00:00
[2024-10-04T23:42:28.475+0000] {processor.py:208} INFO - Processing /home/airflow/.local/lib/python3.12/site-packages/airflow/example_dags/example_bash_operator.py took 0.229 seconds
[2024-10-04T23:42:59.315+0000] {processor.py:186} INFO - Started process (PID=770) to work on /home/airflow/.local/lib/python3.12/site-packages/airflow/example_dags/example_bash_operator.py
[2024-10-04T23:42:59.318+0000] {processor.py:914} INFO - Processing file /home/airflow/.local/lib/python3.12/site-packages/airflow/example_dags/example_bash_operator.py for tasks to queue
[2024-10-04T23:42:59.322+0000] {logging_mixin.py:190} INFO - [2024-10-04T23:42:59.322+0000] {dagbag.py:587} INFO - Filling up the DagBag from /home/airflow/.local/lib/python3.12/site-packages/airflow/example_dags/example_bash_operator.py
[2024-10-04T23:42:59.347+0000] {processor.py:925} INFO - DAG(s) 'example_bash_operator' retrieved from /home/airflow/.local/lib/python3.12/site-packages/airflow/example_dags/example_bash_operator.py
[2024-10-04T23:42:59.390+0000] {logging_mixin.py:190} INFO - [2024-10-04T23:42:59.390+0000] {dag.py:3229} INFO - Sync 1 DAGs
[2024-10-04T23:42:59.442+0000] {logging_mixin.py:190} INFO - [2024-10-04T23:42:59.441+0000] {dag.py:4156} INFO - Setting next_dagrun for example_bash_operator to 2024-10-03 00:00:00+00:00, run_after=2024-10-04 00:00:00+00:00
[2024-10-04T23:42:59.475+0000] {processor.py:208} INFO - Processing /home/airflow/.local/lib/python3.12/site-packages/airflow/example_dags/example_bash_operator.py took 0.168 seconds
[2024-10-04T23:43:30.254+0000] {processor.py:186} INFO - Started process (PID=832) to work on /home/airflow/.local/lib/python3.12/site-packages/airflow/example_dags/example_bash_operator.py
[2024-10-04T23:43:30.256+0000] {processor.py:914} INFO - Processing file /home/airflow/.local/lib/python3.12/site-packages/airflow/example_dags/example_bash_operator.py for tasks to queue
[2024-10-04T23:43:30.263+0000] {logging_mixin.py:190} INFO - [2024-10-04T23:43:30.263+0000] {dagbag.py:587} INFO - Filling up the DagBag from /home/airflow/.local/lib/python3.12/site-packages/airflow/example_dags/example_bash_operator.py
[2024-10-04T23:43:30.290+0000] {processor.py:925} INFO - DAG(s) 'example_bash_operator' retrieved from /home/airflow/.local/lib/python3.12/site-packages/airflow/example_dags/example_bash_operator.py
[2024-10-04T23:43:30.331+0000] {logging_mixin.py:190} INFO - [2024-10-04T23:43:30.331+0000] {dag.py:3229} INFO - Sync 1 DAGs
[2024-10-04T23:43:30.377+0000] {logging_mixin.py:190} INFO - [2024-10-04T23:43:30.377+0000] {dag.py:4156} INFO - Setting next_dagrun for example_bash_operator to 2024-10-03 00:00:00+00:00, run_after=2024-10-04 00:00:00+00:00
[2024-10-04T23:43:30.416+0000] {processor.py:208} INFO - Processing /home/airflow/.local/lib/python3.12/site-packages/airflow/example_dags/example_bash_operator.py took 0.175 seconds
[2024-10-04T23:44:01.373+0000] {processor.py:186} INFO - Started process (PID=893) to work on /home/airflow/.local/lib/python3.12/site-packages/airflow/example_dags/example_bash_operator.py
[2024-10-04T23:44:01.400+0000] {processor.py:914} INFO - Processing file /home/airflow/.local/lib/python3.12/site-packages/airflow/example_dags/example_bash_operator.py for tasks to queue
[2024-10-04T23:44:01.425+0000] {logging_mixin.py:190} INFO - [2024-10-04T23:44:01.424+0000] {dagbag.py:587} INFO - Filling up the DagBag from /home/airflow/.local/lib/python3.12/site-packages/airflow/example_dags/example_bash_operator.py
[2024-10-04T23:44:01.506+0000] {processor.py:925} INFO - DAG(s) 'example_bash_operator' retrieved from /home/airflow/.local/lib/python3.12/site-packages/airflow/example_dags/example_bash_operator.py
[2024-10-04T23:44:01.716+0000] {logging_mixin.py:190} INFO - [2024-10-04T23:44:01.716+0000] {dag.py:3229} INFO - Sync 1 DAGs
[2024-10-04T23:44:01.928+0000] {logging_mixin.py:190} INFO - [2024-10-04T23:44:01.928+0000] {dag.py:4156} INFO - Setting next_dagrun for example_bash_operator to 2024-10-03 00:00:00+00:00, run_after=2024-10-04 00:00:00+00:00
[2024-10-04T23:44:02.090+0000] {processor.py:208} INFO - Processing /home/airflow/.local/lib/python3.12/site-packages/airflow/example_dags/example_bash_operator.py took 0.748 seconds
[2024-10-04T23:44:32.229+0000] {processor.py:186} INFO - Started process (PID=955) to work on /home/airflow/.local/lib/python3.12/site-packages/airflow/example_dags/example_bash_operator.py
[2024-10-04T23:44:32.231+0000] {processor.py:914} INFO - Processing file /home/airflow/.local/lib/python3.12/site-packages/airflow/example_dags/example_bash_operator.py for tasks to queue
[2024-10-04T23:44:32.235+0000] {logging_mixin.py:190} INFO - [2024-10-04T23:44:32.235+0000] {dagbag.py:587} INFO - Filling up the DagBag from /home/airflow/.local/lib/python3.12/site-packages/airflow/example_dags/example_bash_operator.py
[2024-10-04T23:44:32.257+0000] {processor.py:925} INFO - DAG(s) 'example_bash_operator' retrieved from /home/airflow/.local/lib/python3.12/site-packages/airflow/example_dags/example_bash_operator.py
[2024-10-04T23:44:32.306+0000] {logging_mixin.py:190} INFO - [2024-10-04T23:44:32.306+0000] {dag.py:3229} INFO - Sync 1 DAGs
[2024-10-04T23:44:32.356+0000] {logging_mixin.py:190} INFO - [2024-10-04T23:44:32.356+0000] {dag.py:4156} INFO - Setting next_dagrun for example_bash_operator to 2024-10-03 00:00:00+00:00, run_after=2024-10-04 00:00:00+00:00
[2024-10-04T23:44:32.395+0000] {processor.py:208} INFO - Processing /home/airflow/.local/lib/python3.12/site-packages/airflow/example_dags/example_bash_operator.py took 0.175 seconds
[2024-10-04T23:45:02.527+0000] {processor.py:186} INFO - Started process (PID=1016) to work on /home/airflow/.local/lib/python3.12/site-packages/airflow/example_dags/example_bash_operator.py
[2024-10-04T23:45:02.528+0000] {processor.py:914} INFO - Processing file /home/airflow/.local/lib/python3.12/site-packages/airflow/example_dags/example_bash_operator.py for tasks to queue
[2024-10-04T23:45:02.533+0000] {logging_mixin.py:190} INFO - [2024-10-04T23:45:02.532+0000] {dagbag.py:587} INFO - Filling up the DagBag from /home/airflow/.local/lib/python3.12/site-packages/airflow/example_dags/example_bash_operator.py
[2024-10-04T23:45:02.553+0000] {processor.py:925} INFO - DAG(s) 'example_bash_operator' retrieved from /home/airflow/.local/lib/python3.12/site-packages/airflow/example_dags/example_bash_operator.py
[2024-10-04T23:45:02.588+0000] {logging_mixin.py:190} INFO - [2024-10-04T23:45:02.588+0000] {dag.py:3229} INFO - Sync 1 DAGs
[2024-10-04T23:45:02.622+0000] {logging_mixin.py:190} INFO - [2024-10-04T23:45:02.622+0000] {dag.py:4156} INFO - Setting next_dagrun for example_bash_operator to 2024-10-03 00:00:00+00:00, run_after=2024-10-04 00:00:00+00:00
[2024-10-04T23:45:02.665+0000] {processor.py:208} INFO - Processing /home/airflow/.local/lib/python3.12/site-packages/airflow/example_dags/example_bash_operator.py took 0.148 seconds
[2024-10-04T23:45:32.892+0000] {processor.py:186} INFO - Started process (PID=1078) to work on /home/airflow/.local/lib/python3.12/site-packages/airflow/example_dags/example_bash_operator.py
[2024-10-04T23:45:32.894+0000] {processor.py:914} INFO - Processing file /home/airflow/.local/lib/python3.12/site-packages/airflow/example_dags/example_bash_operator.py for tasks to queue
[2024-10-04T23:45:32.901+0000] {logging_mixin.py:190} INFO - [2024-10-04T23:45:32.900+0000] {dagbag.py:587} INFO - Filling up the DagBag from /home/airflow/.local/lib/python3.12/site-packages/airflow/example_dags/example_bash_operator.py
[2024-10-04T23:45:32.940+0000] {processor.py:925} INFO - DAG(s) 'example_bash_operator' retrieved from /home/airflow/.local/lib/python3.12/site-packages/airflow/example_dags/example_bash_operator.py
[2024-10-04T23:45:33.004+0000] {logging_mixin.py:190} INFO - [2024-10-04T23:45:33.004+0000] {dag.py:3229} INFO - Sync 1 DAGs
[2024-10-04T23:45:33.049+0000] {logging_mixin.py:190} INFO - [2024-10-04T23:45:33.048+0000] {dag.py:4156} INFO - Setting next_dagrun for example_bash_operator to 2024-10-03 00:00:00+00:00, run_after=2024-10-04 00:00:00+00:00
[2024-10-04T23:45:33.110+0000] {processor.py:208} INFO - Processing /home/airflow/.local/lib/python3.12/site-packages/airflow/example_dags/example_bash_operator.py took 0.229 seconds
[2024-10-04T23:46:05.451+0000] {processor.py:186} INFO - Started process (PID=1141) to work on /home/airflow/.local/lib/python3.12/site-packages/airflow/example_dags/example_bash_operator.py
[2024-10-04T23:46:05.453+0000] {processor.py:914} INFO - Processing file /home/airflow/.local/lib/python3.12/site-packages/airflow/example_dags/example_bash_operator.py for tasks to queue
[2024-10-04T23:46:05.459+0000] {logging_mixin.py:190} INFO - [2024-10-04T23:46:05.459+0000] {dagbag.py:587} INFO - Filling up the DagBag from /home/airflow/.local/lib/python3.12/site-packages/airflow/example_dags/example_bash_operator.py
[2024-10-04T23:46:05.481+0000] {processor.py:925} INFO - DAG(s) 'example_bash_operator' retrieved from /home/airflow/.local/lib/python3.12/site-packages/airflow/example_dags/example_bash_operator.py
[2024-10-04T23:46:05.543+0000] {logging_mixin.py:190} INFO - [2024-10-04T23:46:05.542+0000] {dag.py:3229} INFO - Sync 1 DAGs
[2024-10-04T23:46:05.603+0000] {logging_mixin.py:190} INFO - [2024-10-04T23:46:05.603+0000] {dag.py:4156} INFO - Setting next_dagrun for example_bash_operator to 2024-10-03 00:00:00+00:00, run_after=2024-10-04 00:00:00+00:00
[2024-10-04T23:46:05.668+0000] {processor.py:208} INFO - Processing /home/airflow/.local/lib/python3.12/site-packages/airflow/example_dags/example_bash_operator.py took 0.226 seconds
[2024-10-04T23:46:36.216+0000] {processor.py:186} INFO - Started process (PID=1203) to work on /home/airflow/.local/lib/python3.12/site-packages/airflow/example_dags/example_bash_operator.py
[2024-10-04T23:46:36.218+0000] {processor.py:914} INFO - Processing file /home/airflow/.local/lib/python3.12/site-packages/airflow/example_dags/example_bash_operator.py for tasks to queue
[2024-10-04T23:46:36.221+0000] {logging_mixin.py:190} INFO - [2024-10-04T23:46:36.221+0000] {dagbag.py:587} INFO - Filling up the DagBag from /home/airflow/.local/lib/python3.12/site-packages/airflow/example_dags/example_bash_operator.py
[2024-10-04T23:46:36.247+0000] {processor.py:925} INFO - DAG(s) 'example_bash_operator' retrieved from /home/airflow/.local/lib/python3.12/site-packages/airflow/example_dags/example_bash_operator.py
[2024-10-04T23:46:36.308+0000] {logging_mixin.py:190} INFO - [2024-10-04T23:46:36.308+0000] {dag.py:3229} INFO - Sync 1 DAGs
[2024-10-04T23:46:36.357+0000] {logging_mixin.py:190} INFO - [2024-10-04T23:46:36.357+0000] {dag.py:4156} INFO - Setting next_dagrun for example_bash_operator to 2024-10-03 00:00:00+00:00, run_after=2024-10-04 00:00:00+00:00
[2024-10-04T23:46:36.395+0000] {processor.py:208} INFO - Processing /home/airflow/.local/lib/python3.12/site-packages/airflow/example_dags/example_bash_operator.py took 0.190 seconds
[2024-10-04T23:47:06.996+0000] {processor.py:186} INFO - Started process (PID=1264) to work on /home/airflow/.local/lib/python3.12/site-packages/airflow/example_dags/example_bash_operator.py
[2024-10-04T23:47:06.997+0000] {processor.py:914} INFO - Processing file /home/airflow/.local/lib/python3.12/site-packages/airflow/example_dags/example_bash_operator.py for tasks to queue
[2024-10-04T23:47:07.002+0000] {logging_mixin.py:190} INFO - [2024-10-04T23:47:07.001+0000] {dagbag.py:587} INFO - Filling up the DagBag from /home/airflow/.local/lib/python3.12/site-packages/airflow/example_dags/example_bash_operator.py
[2024-10-04T23:47:07.033+0000] {processor.py:925} INFO - DAG(s) 'example_bash_operator' retrieved from /home/airflow/.local/lib/python3.12/site-packages/airflow/example_dags/example_bash_operator.py
[2024-10-04T23:47:07.094+0000] {logging_mixin.py:190} INFO - [2024-10-04T23:47:07.094+0000] {dag.py:3229} INFO - Sync 1 DAGs
[2024-10-04T23:47:07.171+0000] {logging_mixin.py:190} INFO - [2024-10-04T23:47:07.171+0000] {dag.py:4156} INFO - Setting next_dagrun for example_bash_operator to 2024-10-03 00:00:00+00:00, run_after=2024-10-04 00:00:00+00:00
[2024-10-04T23:47:07.231+0000] {processor.py:208} INFO - Processing /home/airflow/.local/lib/python3.12/site-packages/airflow/example_dags/example_bash_operator.py took 0.245 seconds
[2024-10-04T23:47:37.739+0000] {processor.py:186} INFO - Started process (PID=1325) to work on /home/airflow/.local/lib/python3.12/site-packages/airflow/example_dags/example_bash_operator.py
[2024-10-04T23:47:37.740+0000] {processor.py:914} INFO - Processing file /home/airflow/.local/lib/python3.12/site-packages/airflow/example_dags/example_bash_operator.py for tasks to queue
[2024-10-04T23:47:37.743+0000] {logging_mixin.py:190} INFO - [2024-10-04T23:47:37.743+0000] {dagbag.py:587} INFO - Filling up the DagBag from /home/airflow/.local/lib/python3.12/site-packages/airflow/example_dags/example_bash_operator.py
[2024-10-04T23:47:37.761+0000] {processor.py:925} INFO - DAG(s) 'example_bash_operator' retrieved from /home/airflow/.local/lib/python3.12/site-packages/airflow/example_dags/example_bash_operator.py
[2024-10-04T23:47:37.800+0000] {logging_mixin.py:190} INFO - [2024-10-04T23:47:37.800+0000] {dag.py:3229} INFO - Sync 1 DAGs
[2024-10-04T23:47:37.833+0000] {logging_mixin.py:190} INFO - [2024-10-04T23:47:37.833+0000] {dag.py:4156} INFO - Setting next_dagrun for example_bash_operator to 2024-10-03 00:00:00+00:00, run_after=2024-10-04 00:00:00+00:00
[2024-10-04T23:47:37.866+0000] {processor.py:208} INFO - Processing /home/airflow/.local/lib/python3.12/site-packages/airflow/example_dags/example_bash_operator.py took 0.136 seconds
[2024-10-04T23:48:08.295+0000] {processor.py:186} INFO - Started process (PID=1387) to work on /home/airflow/.local/lib/python3.12/site-packages/airflow/example_dags/example_bash_operator.py
[2024-10-04T23:48:08.296+0000] {processor.py:914} INFO - Processing file /home/airflow/.local/lib/python3.12/site-packages/airflow/example_dags/example_bash_operator.py for tasks to queue
[2024-10-04T23:48:08.300+0000] {logging_mixin.py:190} INFO - [2024-10-04T23:48:08.299+0000] {dagbag.py:587} INFO - Filling up the DagBag from /home/airflow/.local/lib/python3.12/site-packages/airflow/example_dags/example_bash_operator.py
[2024-10-04T23:48:08.318+0000] {processor.py:925} INFO - DAG(s) 'example_bash_operator' retrieved from /home/airflow/.local/lib/python3.12/site-packages/airflow/example_dags/example_bash_operator.py
[2024-10-04T23:48:08.368+0000] {logging_mixin.py:190} INFO - [2024-10-04T23:48:08.368+0000] {dag.py:3229} INFO - Sync 1 DAGs
[2024-10-04T23:48:08.405+0000] {logging_mixin.py:190} INFO - [2024-10-04T23:48:08.405+0000] {dag.py:4156} INFO - Setting next_dagrun for example_bash_operator to 2024-10-03 00:00:00+00:00, run_after=2024-10-04 00:00:00+00:00
[2024-10-04T23:48:08.439+0000] {processor.py:208} INFO - Processing /home/airflow/.local/lib/python3.12/site-packages/airflow/example_dags/example_bash_operator.py took 0.152 seconds
[2024-10-04T23:48:38.675+0000] {processor.py:186} INFO - Started process (PID=1449) to work on /home/airflow/.local/lib/python3.12/site-packages/airflow/example_dags/example_bash_operator.py
[2024-10-04T23:48:38.676+0000] {processor.py:914} INFO - Processing file /home/airflow/.local/lib/python3.12/site-packages/airflow/example_dags/example_bash_operator.py for tasks to queue
[2024-10-04T23:48:38.680+0000] {logging_mixin.py:190} INFO - [2024-10-04T23:48:38.679+0000] {dagbag.py:587} INFO - Filling up the DagBag from /home/airflow/.local/lib/python3.12/site-packages/airflow/example_dags/example_bash_operator.py
[2024-10-04T23:48:38.699+0000] {processor.py:925} INFO - DAG(s) 'example_bash_operator' retrieved from /home/airflow/.local/lib/python3.12/site-packages/airflow/example_dags/example_bash_operator.py
[2024-10-04T23:48:38.737+0000] {logging_mixin.py:190} INFO - [2024-10-04T23:48:38.736+0000] {dag.py:3229} INFO - Sync 1 DAGs
[2024-10-04T23:48:38.778+0000] {logging_mixin.py:190} INFO - [2024-10-04T23:48:38.777+0000] {dag.py:4156} INFO - Setting next_dagrun for example_bash_operator to 2024-10-03 00:00:00+00:00, run_after=2024-10-04 00:00:00+00:00
[2024-10-04T23:48:38.808+0000] {processor.py:208} INFO - Processing /home/airflow/.local/lib/python3.12/site-packages/airflow/example_dags/example_bash_operator.py took 0.141 seconds
[2024-10-04T23:49:09.058+0000] {processor.py:186} INFO - Started process (PID=1512) to work on /home/airflow/.local/lib/python3.12/site-packages/airflow/example_dags/example_bash_operator.py
[2024-10-04T23:49:09.059+0000] {processor.py:914} INFO - Processing file /home/airflow/.local/lib/python3.12/site-packages/airflow/example_dags/example_bash_operator.py for tasks to queue
[2024-10-04T23:49:09.064+0000] {logging_mixin.py:190} INFO - [2024-10-04T23:49:09.063+0000] {dagbag.py:587} INFO - Filling up the DagBag from /home/airflow/.local/lib/python3.12/site-packages/airflow/example_dags/example_bash_operator.py
[2024-10-04T23:49:09.083+0000] {processor.py:925} INFO - DAG(s) 'example_bash_operator' retrieved from /home/airflow/.local/lib/python3.12/site-packages/airflow/example_dags/example_bash_operator.py
[2024-10-04T23:49:09.131+0000] {logging_mixin.py:190} INFO - [2024-10-04T23:49:09.130+0000] {dag.py:3229} INFO - Sync 1 DAGs
[2024-10-04T23:49:09.162+0000] {logging_mixin.py:190} INFO - [2024-10-04T23:49:09.162+0000] {dag.py:4156} INFO - Setting next_dagrun for example_bash_operator to 2024-10-03 00:00:00+00:00, run_after=2024-10-04 00:00:00+00:00
[2024-10-04T23:49:09.198+0000] {processor.py:208} INFO - Processing /home/airflow/.local/lib/python3.12/site-packages/airflow/example_dags/example_bash_operator.py took 0.148 seconds
[2024-10-04T23:49:39.284+0000] {processor.py:186} INFO - Started process (PID=1574) to work on /home/airflow/.local/lib/python3.12/site-packages/airflow/example_dags/example_bash_operator.py
[2024-10-04T23:49:39.285+0000] {processor.py:914} INFO - Processing file /home/airflow/.local/lib/python3.12/site-packages/airflow/example_dags/example_bash_operator.py for tasks to queue
[2024-10-04T23:49:39.289+0000] {logging_mixin.py:190} INFO - [2024-10-04T23:49:39.288+0000] {dagbag.py:587} INFO - Filling up the DagBag from /home/airflow/.local/lib/python3.12/site-packages/airflow/example_dags/example_bash_operator.py
[2024-10-04T23:49:39.305+0000] {processor.py:925} INFO - DAG(s) 'example_bash_operator' retrieved from /home/airflow/.local/lib/python3.12/site-packages/airflow/example_dags/example_bash_operator.py
[2024-10-04T23:49:39.341+0000] {logging_mixin.py:190} INFO - [2024-10-04T23:49:39.341+0000] {dag.py:3229} INFO - Sync 1 DAGs
[2024-10-04T23:49:39.371+0000] {logging_mixin.py:190} INFO - [2024-10-04T23:49:39.370+0000] {dag.py:4156} INFO - Setting next_dagrun for example_bash_operator to 2024-10-03 00:00:00+00:00, run_after=2024-10-04 00:00:00+00:00
[2024-10-04T23:49:39.408+0000] {processor.py:208} INFO - Processing /home/airflow/.local/lib/python3.12/site-packages/airflow/example_dags/example_bash_operator.py took 0.131 seconds
[2024-10-04T23:50:09.658+0000] {processor.py:186} INFO - Started process (PID=1636) to work on /home/airflow/.local/lib/python3.12/site-packages/airflow/example_dags/example_bash_operator.py
[2024-10-04T23:50:09.659+0000] {processor.py:914} INFO - Processing file /home/airflow/.local/lib/python3.12/site-packages/airflow/example_dags/example_bash_operator.py for tasks to queue
[2024-10-04T23:50:09.663+0000] {logging_mixin.py:190} INFO - [2024-10-04T23:50:09.662+0000] {dagbag.py:587} INFO - Filling up the DagBag from /home/airflow/.local/lib/python3.12/site-packages/airflow/example_dags/example_bash_operator.py
[2024-10-04T23:50:09.680+0000] {processor.py:925} INFO - DAG(s) 'example_bash_operator' retrieved from /home/airflow/.local/lib/python3.12/site-packages/airflow/example_dags/example_bash_operator.py
[2024-10-04T23:50:09.721+0000] {logging_mixin.py:190} INFO - [2024-10-04T23:50:09.720+0000] {dag.py:3229} INFO - Sync 1 DAGs
[2024-10-04T23:50:09.765+0000] {logging_mixin.py:190} INFO - [2024-10-04T23:50:09.765+0000] {dag.py:4156} INFO - Setting next_dagrun for example_bash_operator to 2024-10-03 00:00:00+00:00, run_after=2024-10-04 00:00:00+00:00
[2024-10-04T23:50:09.797+0000] {processor.py:208} INFO - Processing /home/airflow/.local/lib/python3.12/site-packages/airflow/example_dags/example_bash_operator.py took 0.148 seconds
[2024-10-04T23:50:40.446+0000] {processor.py:186} INFO - Started process (PID=1698) to work on /home/airflow/.local/lib/python3.12/site-packages/airflow/example_dags/example_bash_operator.py
[2024-10-04T23:50:40.448+0000] {processor.py:914} INFO - Processing file /home/airflow/.local/lib/python3.12/site-packages/airflow/example_dags/example_bash_operator.py for tasks to queue
[2024-10-04T23:50:40.452+0000] {logging_mixin.py:190} INFO - [2024-10-04T23:50:40.452+0000] {dagbag.py:587} INFO - Filling up the DagBag from /home/airflow/.local/lib/python3.12/site-packages/airflow/example_dags/example_bash_operator.py
[2024-10-04T23:50:40.471+0000] {processor.py:925} INFO - DAG(s) 'example_bash_operator' retrieved from /home/airflow/.local/lib/python3.12/site-packages/airflow/example_dags/example_bash_operator.py
[2024-10-04T23:50:40.504+0000] {logging_mixin.py:190} INFO - [2024-10-04T23:50:40.503+0000] {dag.py:3229} INFO - Sync 1 DAGs
[2024-10-04T23:50:40.535+0000] {logging_mixin.py:190} INFO - [2024-10-04T23:50:40.534+0000] {dag.py:4156} INFO - Setting next_dagrun for example_bash_operator to 2024-10-03 00:00:00+00:00, run_after=2024-10-04 00:00:00+00:00
[2024-10-04T23:50:40.563+0000] {processor.py:208} INFO - Processing /home/airflow/.local/lib/python3.12/site-packages/airflow/example_dags/example_bash_operator.py took 0.125 seconds
[2024-10-04T23:51:16.184+0000] {processor.py:186} INFO - Started process (PID=1766) to work on /home/airflow/.local/lib/python3.12/site-packages/airflow/example_dags/example_bash_operator.py
[2024-10-04T23:51:16.186+0000] {processor.py:914} INFO - Processing file /home/airflow/.local/lib/python3.12/site-packages/airflow/example_dags/example_bash_operator.py for tasks to queue
[2024-10-04T23:51:16.201+0000] {logging_mixin.py:190} INFO - [2024-10-04T23:51:16.200+0000] {dagbag.py:587} INFO - Filling up the DagBag from /home/airflow/.local/lib/python3.12/site-packages/airflow/example_dags/example_bash_operator.py
[2024-10-04T23:51:16.283+0000] {processor.py:925} INFO - DAG(s) 'example_bash_operator' retrieved from /home/airflow/.local/lib/python3.12/site-packages/airflow/example_dags/example_bash_operator.py
[2024-10-04T23:51:16.476+0000] {logging_mixin.py:190} INFO - [2024-10-04T23:51:16.476+0000] {dag.py:3229} INFO - Sync 1 DAGs
[2024-10-04T23:51:16.584+0000] {logging_mixin.py:190} INFO - [2024-10-04T23:51:16.584+0000] {dag.py:4156} INFO - Setting next_dagrun for example_bash_operator to 2024-10-03 00:00:00+00:00, run_after=2024-10-04 00:00:00+00:00
[2024-10-04T23:51:16.696+0000] {processor.py:208} INFO - Processing /home/airflow/.local/lib/python3.12/site-packages/airflow/example_dags/example_bash_operator.py took 0.543 seconds
[2024-10-04T23:51:47.642+0000] {processor.py:186} INFO - Started process (PID=1828) to work on /home/airflow/.local/lib/python3.12/site-packages/airflow/example_dags/example_bash_operator.py
[2024-10-04T23:51:47.660+0000] {processor.py:914} INFO - Processing file /home/airflow/.local/lib/python3.12/site-packages/airflow/example_dags/example_bash_operator.py for tasks to queue
[2024-10-04T23:51:47.671+0000] {logging_mixin.py:190} INFO - [2024-10-04T23:51:47.667+0000] {dagbag.py:587} INFO - Filling up the DagBag from /home/airflow/.local/lib/python3.12/site-packages/airflow/example_dags/example_bash_operator.py
[2024-10-04T23:51:47.737+0000] {processor.py:925} INFO - DAG(s) 'example_bash_operator' retrieved from /home/airflow/.local/lib/python3.12/site-packages/airflow/example_dags/example_bash_operator.py
[2024-10-04T23:51:47.900+0000] {logging_mixin.py:190} INFO - [2024-10-04T23:51:47.900+0000] {dag.py:3229} INFO - Sync 1 DAGs
[2024-10-04T23:51:48.029+0000] {logging_mixin.py:190} INFO - [2024-10-04T23:51:48.029+0000] {dag.py:4156} INFO - Setting next_dagrun for example_bash_operator to 2024-10-03 00:00:00+00:00, run_after=2024-10-04 00:00:00+00:00
[2024-10-04T23:51:48.114+0000] {processor.py:208} INFO - Processing /home/airflow/.local/lib/python3.12/site-packages/airflow/example_dags/example_bash_operator.py took 0.506 seconds
[2024-10-04T23:52:19.232+0000] {processor.py:186} INFO - Started process (PID=1890) to work on /home/airflow/.local/lib/python3.12/site-packages/airflow/example_dags/example_bash_operator.py
[2024-10-04T23:52:19.245+0000] {processor.py:914} INFO - Processing file /home/airflow/.local/lib/python3.12/site-packages/airflow/example_dags/example_bash_operator.py for tasks to queue
[2024-10-04T23:52:19.261+0000] {logging_mixin.py:190} INFO - [2024-10-04T23:52:19.249+0000] {dagbag.py:587} INFO - Filling up the DagBag from /home/airflow/.local/lib/python3.12/site-packages/airflow/example_dags/example_bash_operator.py
[2024-10-04T23:52:19.328+0000] {processor.py:925} INFO - DAG(s) 'example_bash_operator' retrieved from /home/airflow/.local/lib/python3.12/site-packages/airflow/example_dags/example_bash_operator.py
[2024-10-04T23:52:19.483+0000] {logging_mixin.py:190} INFO - [2024-10-04T23:52:19.473+0000] {dag.py:3229} INFO - Sync 1 DAGs
[2024-10-04T23:52:19.628+0000] {logging_mixin.py:190} INFO - [2024-10-04T23:52:19.628+0000] {dag.py:4156} INFO - Setting next_dagrun for example_bash_operator to 2024-10-03 00:00:00+00:00, run_after=2024-10-04 00:00:00+00:00
[2024-10-04T23:52:19.782+0000] {processor.py:208} INFO - Processing /home/airflow/.local/lib/python3.12/site-packages/airflow/example_dags/example_bash_operator.py took 0.579 seconds
[2024-10-04T23:52:50.634+0000] {processor.py:186} INFO - Started process (PID=1953) to work on /home/airflow/.local/lib/python3.12/site-packages/airflow/example_dags/example_bash_operator.py
[2024-10-04T23:52:50.636+0000] {processor.py:914} INFO - Processing file /home/airflow/.local/lib/python3.12/site-packages/airflow/example_dags/example_bash_operator.py for tasks to queue
[2024-10-04T23:52:50.640+0000] {logging_mixin.py:190} INFO - [2024-10-04T23:52:50.639+0000] {dagbag.py:587} INFO - Filling up the DagBag from /home/airflow/.local/lib/python3.12/site-packages/airflow/example_dags/example_bash_operator.py
[2024-10-04T23:52:50.663+0000] {processor.py:925} INFO - DAG(s) 'example_bash_operator' retrieved from /home/airflow/.local/lib/python3.12/site-packages/airflow/example_dags/example_bash_operator.py
[2024-10-04T23:52:50.727+0000] {logging_mixin.py:190} INFO - [2024-10-04T23:52:50.725+0000] {dag.py:3229} INFO - Sync 1 DAGs
[2024-10-04T23:52:50.780+0000] {logging_mixin.py:190} INFO - [2024-10-04T23:52:50.779+0000] {dag.py:4156} INFO - Setting next_dagrun for example_bash_operator to 2024-10-03 00:00:00+00:00, run_after=2024-10-04 00:00:00+00:00
[2024-10-04T23:52:50.849+0000] {processor.py:208} INFO - Processing /home/airflow/.local/lib/python3.12/site-packages/airflow/example_dags/example_bash_operator.py took 0.226 seconds
[2024-10-04T23:53:21.856+0000] {processor.py:186} INFO - Started process (PID=2015) to work on /home/airflow/.local/lib/python3.12/site-packages/airflow/example_dags/example_bash_operator.py
[2024-10-04T23:53:21.858+0000] {processor.py:914} INFO - Processing file /home/airflow/.local/lib/python3.12/site-packages/airflow/example_dags/example_bash_operator.py for tasks to queue
[2024-10-04T23:53:21.873+0000] {logging_mixin.py:190} INFO - [2024-10-04T23:53:21.872+0000] {dagbag.py:587} INFO - Filling up the DagBag from /home/airflow/.local/lib/python3.12/site-packages/airflow/example_dags/example_bash_operator.py
[2024-10-04T23:53:21.910+0000] {processor.py:925} INFO - DAG(s) 'example_bash_operator' retrieved from /home/airflow/.local/lib/python3.12/site-packages/airflow/example_dags/example_bash_operator.py
[2024-10-04T23:53:21.973+0000] {logging_mixin.py:190} INFO - [2024-10-04T23:53:21.972+0000] {dag.py:3229} INFO - Sync 1 DAGs
[2024-10-04T23:53:22.027+0000] {logging_mixin.py:190} INFO - [2024-10-04T23:53:22.027+0000] {dag.py:4156} INFO - Setting next_dagrun for example_bash_operator to 2024-10-03 00:00:00+00:00, run_after=2024-10-04 00:00:00+00:00
[2024-10-04T23:53:22.075+0000] {processor.py:208} INFO - Processing /home/airflow/.local/lib/python3.12/site-packages/airflow/example_dags/example_bash_operator.py took 0.232 seconds
[2024-10-04T23:53:52.158+0000] {processor.py:186} INFO - Started process (PID=2077) to work on /home/airflow/.local/lib/python3.12/site-packages/airflow/example_dags/example_bash_operator.py
[2024-10-04T23:53:52.159+0000] {processor.py:914} INFO - Processing file /home/airflow/.local/lib/python3.12/site-packages/airflow/example_dags/example_bash_operator.py for tasks to queue
[2024-10-04T23:53:52.163+0000] {logging_mixin.py:190} INFO - [2024-10-04T23:53:52.163+0000] {dagbag.py:587} INFO - Filling up the DagBag from /home/airflow/.local/lib/python3.12/site-packages/airflow/example_dags/example_bash_operator.py
[2024-10-04T23:53:52.182+0000] {processor.py:925} INFO - DAG(s) 'example_bash_operator' retrieved from /home/airflow/.local/lib/python3.12/site-packages/airflow/example_dags/example_bash_operator.py
[2024-10-04T23:53:52.220+0000] {logging_mixin.py:190} INFO - [2024-10-04T23:53:52.219+0000] {dag.py:3229} INFO - Sync 1 DAGs
[2024-10-04T23:53:52.256+0000] {logging_mixin.py:190} INFO - [2024-10-04T23:53:52.256+0000] {dag.py:4156} INFO - Setting next_dagrun for example_bash_operator to 2024-10-03 00:00:00+00:00, run_after=2024-10-04 00:00:00+00:00
[2024-10-04T23:53:52.286+0000] {processor.py:208} INFO - Processing /home/airflow/.local/lib/python3.12/site-packages/airflow/example_dags/example_bash_operator.py took 0.136 seconds
[2024-10-04T23:54:22.850+0000] {processor.py:186} INFO - Started process (PID=2139) to work on /home/airflow/.local/lib/python3.12/site-packages/airflow/example_dags/example_bash_operator.py
[2024-10-04T23:54:22.851+0000] {processor.py:914} INFO - Processing file /home/airflow/.local/lib/python3.12/site-packages/airflow/example_dags/example_bash_operator.py for tasks to queue
[2024-10-04T23:54:22.856+0000] {logging_mixin.py:190} INFO - [2024-10-04T23:54:22.855+0000] {dagbag.py:587} INFO - Filling up the DagBag from /home/airflow/.local/lib/python3.12/site-packages/airflow/example_dags/example_bash_operator.py
[2024-10-04T23:54:22.875+0000] {processor.py:925} INFO - DAG(s) 'example_bash_operator' retrieved from /home/airflow/.local/lib/python3.12/site-packages/airflow/example_dags/example_bash_operator.py
[2024-10-04T23:54:22.924+0000] {logging_mixin.py:190} INFO - [2024-10-04T23:54:22.924+0000] {dag.py:3229} INFO - Sync 1 DAGs
[2024-10-04T23:54:22.967+0000] {logging_mixin.py:190} INFO - [2024-10-04T23:54:22.967+0000] {dag.py:4156} INFO - Setting next_dagrun for example_bash_operator to 2024-10-03 00:00:00+00:00, run_after=2024-10-04 00:00:00+00:00
[2024-10-04T23:54:23.003+0000] {processor.py:208} INFO - Processing /home/airflow/.local/lib/python3.12/site-packages/airflow/example_dags/example_bash_operator.py took 0.163 seconds
[2024-10-04T23:54:53.223+0000] {processor.py:186} INFO - Started process (PID=2201) to work on /home/airflow/.local/lib/python3.12/site-packages/airflow/example_dags/example_bash_operator.py
[2024-10-04T23:54:53.225+0000] {processor.py:914} INFO - Processing file /home/airflow/.local/lib/python3.12/site-packages/airflow/example_dags/example_bash_operator.py for tasks to queue
[2024-10-04T23:54:53.229+0000] {logging_mixin.py:190} INFO - [2024-10-04T23:54:53.229+0000] {dagbag.py:587} INFO - Filling up the DagBag from /home/airflow/.local/lib/python3.12/site-packages/airflow/example_dags/example_bash_operator.py
[2024-10-04T23:54:53.254+0000] {processor.py:925} INFO - DAG(s) 'example_bash_operator' retrieved from /home/airflow/.local/lib/python3.12/site-packages/airflow/example_dags/example_bash_operator.py
[2024-10-04T23:54:53.313+0000] {logging_mixin.py:190} INFO - [2024-10-04T23:54:53.312+0000] {dag.py:3229} INFO - Sync 1 DAGs
[2024-10-04T23:54:53.366+0000] {logging_mixin.py:190} INFO - [2024-10-04T23:54:53.366+0000] {dag.py:4156} INFO - Setting next_dagrun for example_bash_operator to 2024-10-03 00:00:00+00:00, run_after=2024-10-04 00:00:00+00:00
[2024-10-04T23:54:53.405+0000] {processor.py:208} INFO - Processing /home/airflow/.local/lib/python3.12/site-packages/airflow/example_dags/example_bash_operator.py took 0.195 seconds
[2024-10-04T23:55:24.180+0000] {processor.py:186} INFO - Started process (PID=2263) to work on /home/airflow/.local/lib/python3.12/site-packages/airflow/example_dags/example_bash_operator.py
[2024-10-04T23:55:24.182+0000] {processor.py:914} INFO - Processing file /home/airflow/.local/lib/python3.12/site-packages/airflow/example_dags/example_bash_operator.py for tasks to queue
[2024-10-04T23:55:24.186+0000] {logging_mixin.py:190} INFO - [2024-10-04T23:55:24.185+0000] {dagbag.py:587} INFO - Filling up the DagBag from /home/airflow/.local/lib/python3.12/site-packages/airflow/example_dags/example_bash_operator.py
[2024-10-04T23:55:24.205+0000] {processor.py:925} INFO - DAG(s) 'example_bash_operator' retrieved from /home/airflow/.local/lib/python3.12/site-packages/airflow/example_dags/example_bash_operator.py
[2024-10-04T23:55:24.250+0000] {logging_mixin.py:190} INFO - [2024-10-04T23:55:24.250+0000] {dag.py:3229} INFO - Sync 1 DAGs
[2024-10-04T23:55:24.283+0000] {logging_mixin.py:190} INFO - [2024-10-04T23:55:24.283+0000] {dag.py:4156} INFO - Setting next_dagrun for example_bash_operator to 2024-10-03 00:00:00+00:00, run_after=2024-10-04 00:00:00+00:00
[2024-10-04T23:55:24.319+0000] {processor.py:208} INFO - Processing /home/airflow/.local/lib/python3.12/site-packages/airflow/example_dags/example_bash_operator.py took 0.148 seconds
[2024-10-04T23:55:55.426+0000] {processor.py:186} INFO - Started process (PID=2325) to work on /home/airflow/.local/lib/python3.12/site-packages/airflow/example_dags/example_bash_operator.py
[2024-10-04T23:55:55.427+0000] {processor.py:914} INFO - Processing file /home/airflow/.local/lib/python3.12/site-packages/airflow/example_dags/example_bash_operator.py for tasks to queue
[2024-10-04T23:55:55.432+0000] {logging_mixin.py:190} INFO - [2024-10-04T23:55:55.431+0000] {dagbag.py:587} INFO - Filling up the DagBag from /home/airflow/.local/lib/python3.12/site-packages/airflow/example_dags/example_bash_operator.py
[2024-10-04T23:55:55.449+0000] {processor.py:925} INFO - DAG(s) 'example_bash_operator' retrieved from /home/airflow/.local/lib/python3.12/site-packages/airflow/example_dags/example_bash_operator.py
[2024-10-04T23:55:55.485+0000] {logging_mixin.py:190} INFO - [2024-10-04T23:55:55.485+0000] {dag.py:3229} INFO - Sync 1 DAGs
[2024-10-04T23:55:55.531+0000] {logging_mixin.py:190} INFO - [2024-10-04T23:55:55.530+0000] {dag.py:4156} INFO - Setting next_dagrun for example_bash_operator to 2024-10-03 00:00:00+00:00, run_after=2024-10-04 00:00:00+00:00
[2024-10-04T23:55:55.562+0000] {processor.py:208} INFO - Processing /home/airflow/.local/lib/python3.12/site-packages/airflow/example_dags/example_bash_operator.py took 0.144 seconds
[2024-10-04T23:56:25.742+0000] {processor.py:186} INFO - Started process (PID=2387) to work on /home/airflow/.local/lib/python3.12/site-packages/airflow/example_dags/example_bash_operator.py
[2024-10-04T23:56:25.744+0000] {processor.py:914} INFO - Processing file /home/airflow/.local/lib/python3.12/site-packages/airflow/example_dags/example_bash_operator.py for tasks to queue
[2024-10-04T23:56:25.747+0000] {logging_mixin.py:190} INFO - [2024-10-04T23:56:25.747+0000] {dagbag.py:587} INFO - Filling up the DagBag from /home/airflow/.local/lib/python3.12/site-packages/airflow/example_dags/example_bash_operator.py
[2024-10-04T23:56:25.765+0000] {processor.py:925} INFO - DAG(s) 'example_bash_operator' retrieved from /home/airflow/.local/lib/python3.12/site-packages/airflow/example_dags/example_bash_operator.py
[2024-10-04T23:56:25.801+0000] {logging_mixin.py:190} INFO - [2024-10-04T23:56:25.800+0000] {dag.py:3229} INFO - Sync 1 DAGs
[2024-10-04T23:56:25.837+0000] {logging_mixin.py:190} INFO - [2024-10-04T23:56:25.836+0000] {dag.py:4156} INFO - Setting next_dagrun for example_bash_operator to 2024-10-03 00:00:00+00:00, run_after=2024-10-04 00:00:00+00:00
[2024-10-04T23:56:25.875+0000] {processor.py:208} INFO - Processing /home/airflow/.local/lib/python3.12/site-packages/airflow/example_dags/example_bash_operator.py took 0.140 seconds
[2024-10-04T23:56:56.212+0000] {processor.py:186} INFO - Started process (PID=2449) to work on /home/airflow/.local/lib/python3.12/site-packages/airflow/example_dags/example_bash_operator.py
[2024-10-04T23:56:56.214+0000] {processor.py:914} INFO - Processing file /home/airflow/.local/lib/python3.12/site-packages/airflow/example_dags/example_bash_operator.py for tasks to queue
[2024-10-04T23:56:56.218+0000] {logging_mixin.py:190} INFO - [2024-10-04T23:56:56.217+0000] {dagbag.py:587} INFO - Filling up the DagBag from /home/airflow/.local/lib/python3.12/site-packages/airflow/example_dags/example_bash_operator.py
[2024-10-04T23:56:56.236+0000] {processor.py:925} INFO - DAG(s) 'example_bash_operator' retrieved from /home/airflow/.local/lib/python3.12/site-packages/airflow/example_dags/example_bash_operator.py
[2024-10-04T23:56:56.280+0000] {logging_mixin.py:190} INFO - [2024-10-04T23:56:56.280+0000] {dag.py:3229} INFO - Sync 1 DAGs
[2024-10-04T23:56:56.322+0000] {logging_mixin.py:190} INFO - [2024-10-04T23:56:56.322+0000] {dag.py:4156} INFO - Setting next_dagrun for example_bash_operator to 2024-10-03 00:00:00+00:00, run_after=2024-10-04 00:00:00+00:00
[2024-10-04T23:56:56.354+0000] {processor.py:208} INFO - Processing /home/airflow/.local/lib/python3.12/site-packages/airflow/example_dags/example_bash_operator.py took 0.150 seconds
[2024-10-04T23:57:27.003+0000] {processor.py:186} INFO - Started process (PID=2511) to work on /home/airflow/.local/lib/python3.12/site-packages/airflow/example_dags/example_bash_operator.py
[2024-10-04T23:57:27.004+0000] {processor.py:914} INFO - Processing file /home/airflow/.local/lib/python3.12/site-packages/airflow/example_dags/example_bash_operator.py for tasks to queue
[2024-10-04T23:57:27.009+0000] {logging_mixin.py:190} INFO - [2024-10-04T23:57:27.008+0000] {dagbag.py:587} INFO - Filling up the DagBag from /home/airflow/.local/lib/python3.12/site-packages/airflow/example_dags/example_bash_operator.py
[2024-10-04T23:57:27.028+0000] {processor.py:925} INFO - DAG(s) 'example_bash_operator' retrieved from /home/airflow/.local/lib/python3.12/site-packages/airflow/example_dags/example_bash_operator.py
[2024-10-04T23:57:27.078+0000] {logging_mixin.py:190} INFO - [2024-10-04T23:57:27.078+0000] {dag.py:3229} INFO - Sync 1 DAGs
[2024-10-04T23:57:27.114+0000] {logging_mixin.py:190} INFO - [2024-10-04T23:57:27.114+0000] {dag.py:4156} INFO - Setting next_dagrun for example_bash_operator to 2024-10-03 00:00:00+00:00, run_after=2024-10-04 00:00:00+00:00
[2024-10-04T23:57:27.155+0000] {processor.py:208} INFO - Processing /home/airflow/.local/lib/python3.12/site-packages/airflow/example_dags/example_bash_operator.py took 0.163 seconds
[2024-10-04T23:57:58.026+0000] {processor.py:186} INFO - Started process (PID=2573) to work on /home/airflow/.local/lib/python3.12/site-packages/airflow/example_dags/example_bash_operator.py
[2024-10-04T23:57:58.027+0000] {processor.py:914} INFO - Processing file /home/airflow/.local/lib/python3.12/site-packages/airflow/example_dags/example_bash_operator.py for tasks to queue
[2024-10-04T23:57:58.032+0000] {logging_mixin.py:190} INFO - [2024-10-04T23:57:58.031+0000] {dagbag.py:587} INFO - Filling up the DagBag from /home/airflow/.local/lib/python3.12/site-packages/airflow/example_dags/example_bash_operator.py
[2024-10-04T23:57:58.050+0000] {processor.py:925} INFO - DAG(s) 'example_bash_operator' retrieved from /home/airflow/.local/lib/python3.12/site-packages/airflow/example_dags/example_bash_operator.py
[2024-10-04T23:57:58.099+0000] {logging_mixin.py:190} INFO - [2024-10-04T23:57:58.099+0000] {dag.py:3229} INFO - Sync 1 DAGs
[2024-10-04T23:57:58.135+0000] {logging_mixin.py:190} INFO - [2024-10-04T23:57:58.134+0000] {dag.py:4156} INFO - Setting next_dagrun for example_bash_operator to 2024-10-03 00:00:00+00:00, run_after=2024-10-04 00:00:00+00:00
[2024-10-04T23:57:58.171+0000] {processor.py:208} INFO - Processing /home/airflow/.local/lib/python3.12/site-packages/airflow/example_dags/example_bash_operator.py took 0.156 seconds
[2024-10-04T23:58:28.455+0000] {processor.py:186} INFO - Started process (PID=2636) to work on /home/airflow/.local/lib/python3.12/site-packages/airflow/example_dags/example_bash_operator.py
[2024-10-04T23:58:28.457+0000] {processor.py:914} INFO - Processing file /home/airflow/.local/lib/python3.12/site-packages/airflow/example_dags/example_bash_operator.py for tasks to queue
[2024-10-04T23:58:28.460+0000] {logging_mixin.py:190} INFO - [2024-10-04T23:58:28.460+0000] {dagbag.py:587} INFO - Filling up the DagBag from /home/airflow/.local/lib/python3.12/site-packages/airflow/example_dags/example_bash_operator.py
[2024-10-04T23:58:28.485+0000] {processor.py:925} INFO - DAG(s) 'example_bash_operator' retrieved from /home/airflow/.local/lib/python3.12/site-packages/airflow/example_dags/example_bash_operator.py
[2024-10-04T23:58:28.537+0000] {logging_mixin.py:190} INFO - [2024-10-04T23:58:28.537+0000] {dag.py:3229} INFO - Sync 1 DAGs
[2024-10-04T23:58:28.579+0000] {logging_mixin.py:190} INFO - [2024-10-04T23:58:28.579+0000] {dag.py:4156} INFO - Setting next_dagrun for example_bash_operator to 2024-10-03 00:00:00+00:00, run_after=2024-10-04 00:00:00+00:00
[2024-10-04T23:58:28.630+0000] {processor.py:208} INFO - Processing /home/airflow/.local/lib/python3.12/site-packages/airflow/example_dags/example_bash_operator.py took 0.186 seconds
[2024-10-04T23:58:59.075+0000] {processor.py:186} INFO - Started process (PID=2698) to work on /home/airflow/.local/lib/python3.12/site-packages/airflow/example_dags/example_bash_operator.py
[2024-10-04T23:58:59.077+0000] {processor.py:914} INFO - Processing file /home/airflow/.local/lib/python3.12/site-packages/airflow/example_dags/example_bash_operator.py for tasks to queue
[2024-10-04T23:58:59.080+0000] {logging_mixin.py:190} INFO - [2024-10-04T23:58:59.079+0000] {dagbag.py:587} INFO - Filling up the DagBag from /home/airflow/.local/lib/python3.12/site-packages/airflow/example_dags/example_bash_operator.py
[2024-10-04T23:58:59.105+0000] {processor.py:925} INFO - DAG(s) 'example_bash_operator' retrieved from /home/airflow/.local/lib/python3.12/site-packages/airflow/example_dags/example_bash_operator.py
[2024-10-04T23:58:59.145+0000] {logging_mixin.py:190} INFO - [2024-10-04T23:58:59.145+0000] {dag.py:3229} INFO - Sync 1 DAGs
[2024-10-04T23:58:59.177+0000] {logging_mixin.py:190} INFO - [2024-10-04T23:58:59.177+0000] {dag.py:4156} INFO - Setting next_dagrun for example_bash_operator to 2024-10-03 00:00:00+00:00, run_after=2024-10-04 00:00:00+00:00
[2024-10-04T23:58:59.212+0000] {processor.py:208} INFO - Processing /home/airflow/.local/lib/python3.12/site-packages/airflow/example_dags/example_bash_operator.py took 0.144 seconds
[2024-10-04T23:59:29.780+0000] {processor.py:186} INFO - Started process (PID=2760) to work on /home/airflow/.local/lib/python3.12/site-packages/airflow/example_dags/example_bash_operator.py
[2024-10-04T23:59:29.782+0000] {processor.py:914} INFO - Processing file /home/airflow/.local/lib/python3.12/site-packages/airflow/example_dags/example_bash_operator.py for tasks to queue
[2024-10-04T23:59:29.786+0000] {logging_mixin.py:190} INFO - [2024-10-04T23:59:29.786+0000] {dagbag.py:587} INFO - Filling up the DagBag from /home/airflow/.local/lib/python3.12/site-packages/airflow/example_dags/example_bash_operator.py
[2024-10-04T23:59:29.812+0000] {processor.py:925} INFO - DAG(s) 'example_bash_operator' retrieved from /home/airflow/.local/lib/python3.12/site-packages/airflow/example_dags/example_bash_operator.py
[2024-10-04T23:59:29.855+0000] {logging_mixin.py:190} INFO - [2024-10-04T23:59:29.855+0000] {dag.py:3229} INFO - Sync 1 DAGs
[2024-10-04T23:59:29.899+0000] {logging_mixin.py:190} INFO - [2024-10-04T23:59:29.899+0000] {dag.py:4156} INFO - Setting next_dagrun for example_bash_operator to 2024-10-03 00:00:00+00:00, run_after=2024-10-04 00:00:00+00:00
[2024-10-04T23:59:29.940+0000] {processor.py:208} INFO - Processing /home/airflow/.local/lib/python3.12/site-packages/airflow/example_dags/example_bash_operator.py took 0.171 seconds
