[2024-10-04T19:17:01.925+0000] {processor.py:186} INFO - Started process (PID=99) to work on /home/airflow/.local/lib/python3.12/site-packages/airflow/example_dags/example_branch_operator.py
[2024-10-04T19:17:01.930+0000] {processor.py:914} INFO - Processing file /home/airflow/.local/lib/python3.12/site-packages/airflow/example_dags/example_branch_operator.py for tasks to queue
[2024-10-04T19:17:01.935+0000] {logging_mixin.py:190} INFO - [2024-10-04T19:17:01.935+0000] {dagbag.py:587} INFO - Filling up the DagBag from /home/airflow/.local/lib/python3.12/site-packages/airflow/example_dags/example_branch_operator.py
[2024-10-04T19:17:01.992+0000] {processor.py:925} INFO - DAG(s) 'example_branch_operator' retrieved from /home/airflow/.local/lib/python3.12/site-packages/airflow/example_dags/example_branch_operator.py
[2024-10-04T19:17:02.443+0000] {logging_mixin.py:190} INFO - [2024-10-04T19:17:02.441+0000] {override.py:1900} INFO - Created Permission View: can edit on DAG:example_branch_operator
[2024-10-04T19:17:02.471+0000] {logging_mixin.py:190} INFO - [2024-10-04T19:17:02.470+0000] {override.py:1900} INFO - Created Permission View: can read on DAG:example_branch_operator
[2024-10-04T19:17:02.508+0000] {logging_mixin.py:190} INFO - [2024-10-04T19:17:02.508+0000] {override.py:1900} INFO - Created Permission View: can delete on DAG:example_branch_operator
[2024-10-04T19:17:02.536+0000] {logging_mixin.py:190} INFO - [2024-10-04T19:17:02.535+0000] {override.py:1900} INFO - Created Permission View: can read on DAG Run:example_branch_operator
[2024-10-04T19:17:02.564+0000] {logging_mixin.py:190} INFO - [2024-10-04T19:17:02.563+0000] {override.py:1900} INFO - Created Permission View: can delete on DAG Run:example_branch_operator
[2024-10-04T19:17:02.599+0000] {logging_mixin.py:190} INFO - [2024-10-04T19:17:02.599+0000] {override.py:1900} INFO - Created Permission View: can create on DAG Run:example_branch_operator
[2024-10-04T19:17:02.620+0000] {logging_mixin.py:190} INFO - [2024-10-04T19:17:02.619+0000] {override.py:1900} INFO - Created Permission View: menu access on DAG Run:example_branch_operator
[2024-10-04T19:17:02.621+0000] {logging_mixin.py:190} INFO - [2024-10-04T19:17:02.621+0000] {dag.py:3229} INFO - Sync 1 DAGs
[2024-10-04T19:17:02.691+0000] {logging_mixin.py:190} INFO - [2024-10-04T19:17:02.691+0000] {dag.py:3252} INFO - Creating ORM DAG for example_branch_operator
[2024-10-04T19:17:02.740+0000] {logging_mixin.py:190} INFO - [2024-10-04T19:17:02.739+0000] {dag.py:4156} INFO - Setting next_dagrun for example_branch_operator to 2024-10-03 00:00:00+00:00, run_after=2024-10-04 00:00:00+00:00
[2024-10-04T19:17:02.815+0000] {processor.py:208} INFO - Processing /home/airflow/.local/lib/python3.12/site-packages/airflow/example_dags/example_branch_operator.py took 0.900 seconds
[2024-10-04T19:17:46.885+0000] {processor.py:186} INFO - Started process (PID=94) to work on /home/airflow/.local/lib/python3.12/site-packages/airflow/example_dags/example_branch_operator.py
[2024-10-04T19:17:46.886+0000] {processor.py:914} INFO - Processing file /home/airflow/.local/lib/python3.12/site-packages/airflow/example_dags/example_branch_operator.py for tasks to queue
[2024-10-04T19:17:46.890+0000] {logging_mixin.py:190} INFO - [2024-10-04T19:17:46.890+0000] {dagbag.py:587} INFO - Filling up the DagBag from /home/airflow/.local/lib/python3.12/site-packages/airflow/example_dags/example_branch_operator.py
[2024-10-04T19:17:46.937+0000] {processor.py:925} INFO - DAG(s) 'example_branch_operator' retrieved from /home/airflow/.local/lib/python3.12/site-packages/airflow/example_dags/example_branch_operator.py
[2024-10-04T19:17:47.174+0000] {logging_mixin.py:190} INFO - [2024-10-04T19:17:47.173+0000] {dag.py:3229} INFO - Sync 1 DAGs
[2024-10-04T19:17:47.211+0000] {logging_mixin.py:190} INFO - [2024-10-04T19:17:47.210+0000] {dag.py:4156} INFO - Setting next_dagrun for example_branch_operator to 2024-10-03 00:00:00+00:00, run_after=2024-10-04 00:00:00+00:00
[2024-10-04T19:17:47.255+0000] {processor.py:208} INFO - Processing /home/airflow/.local/lib/python3.12/site-packages/airflow/example_dags/example_branch_operator.py took 0.381 seconds
[2024-10-04T19:18:17.729+0000] {processor.py:186} INFO - Started process (PID=155) to work on /home/airflow/.local/lib/python3.12/site-packages/airflow/example_dags/example_branch_operator.py
[2024-10-04T19:18:17.730+0000] {processor.py:914} INFO - Processing file /home/airflow/.local/lib/python3.12/site-packages/airflow/example_dags/example_branch_operator.py for tasks to queue
[2024-10-04T19:18:17.734+0000] {logging_mixin.py:190} INFO - [2024-10-04T19:18:17.733+0000] {dagbag.py:587} INFO - Filling up the DagBag from /home/airflow/.local/lib/python3.12/site-packages/airflow/example_dags/example_branch_operator.py
[2024-10-04T19:18:17.781+0000] {processor.py:925} INFO - DAG(s) 'example_branch_operator' retrieved from /home/airflow/.local/lib/python3.12/site-packages/airflow/example_dags/example_branch_operator.py
[2024-10-04T19:18:17.849+0000] {logging_mixin.py:190} INFO - [2024-10-04T19:18:17.849+0000] {dag.py:3229} INFO - Sync 1 DAGs
[2024-10-04T19:18:17.928+0000] {logging_mixin.py:190} INFO - [2024-10-04T19:18:17.928+0000] {dag.py:4156} INFO - Setting next_dagrun for example_branch_operator to 2024-10-03 00:00:00+00:00, run_after=2024-10-04 00:00:00+00:00
[2024-10-04T19:18:17.984+0000] {processor.py:208} INFO - Processing /home/airflow/.local/lib/python3.12/site-packages/airflow/example_dags/example_branch_operator.py took 0.265 seconds
[2024-10-04T23:37:21.069+0000] {processor.py:186} INFO - Started process (PID=90) to work on /home/airflow/.local/lib/python3.12/site-packages/airflow/example_dags/example_branch_operator.py
[2024-10-04T23:37:21.072+0000] {processor.py:914} INFO - Processing file /home/airflow/.local/lib/python3.12/site-packages/airflow/example_dags/example_branch_operator.py for tasks to queue
[2024-10-04T23:37:21.078+0000] {logging_mixin.py:190} INFO - [2024-10-04T23:37:21.077+0000] {dagbag.py:587} INFO - Filling up the DagBag from /home/airflow/.local/lib/python3.12/site-packages/airflow/example_dags/example_branch_operator.py
[2024-10-04T23:37:21.126+0000] {processor.py:925} INFO - DAG(s) 'example_branch_operator' retrieved from /home/airflow/.local/lib/python3.12/site-packages/airflow/example_dags/example_branch_operator.py
[2024-10-04T23:37:21.446+0000] {logging_mixin.py:190} INFO - [2024-10-04T23:37:21.446+0000] {dag.py:3229} INFO - Sync 1 DAGs
[2024-10-04T23:37:21.497+0000] {logging_mixin.py:190} INFO - [2024-10-04T23:37:21.496+0000] {dag.py:4156} INFO - Setting next_dagrun for example_branch_operator to 2024-10-03 00:00:00+00:00, run_after=2024-10-04 00:00:00+00:00
[2024-10-04T23:37:21.544+0000] {processor.py:208} INFO - Processing /home/airflow/.local/lib/python3.12/site-packages/airflow/example_dags/example_branch_operator.py took 0.486 seconds
[2024-10-04T23:37:52.262+0000] {processor.py:186} INFO - Started process (PID=152) to work on /home/airflow/.local/lib/python3.12/site-packages/airflow/example_dags/example_branch_operator.py
[2024-10-04T23:37:52.264+0000] {processor.py:914} INFO - Processing file /home/airflow/.local/lib/python3.12/site-packages/airflow/example_dags/example_branch_operator.py for tasks to queue
[2024-10-04T23:37:52.272+0000] {logging_mixin.py:190} INFO - [2024-10-04T23:37:52.269+0000] {dagbag.py:587} INFO - Filling up the DagBag from /home/airflow/.local/lib/python3.12/site-packages/airflow/example_dags/example_branch_operator.py
[2024-10-04T23:37:52.315+0000] {processor.py:925} INFO - DAG(s) 'example_branch_operator' retrieved from /home/airflow/.local/lib/python3.12/site-packages/airflow/example_dags/example_branch_operator.py
[2024-10-04T23:37:52.382+0000] {logging_mixin.py:190} INFO - [2024-10-04T23:37:52.381+0000] {dag.py:3229} INFO - Sync 1 DAGs
[2024-10-04T23:37:52.429+0000] {logging_mixin.py:190} INFO - [2024-10-04T23:37:52.428+0000] {dag.py:4156} INFO - Setting next_dagrun for example_branch_operator to 2024-10-03 00:00:00+00:00, run_after=2024-10-04 00:00:00+00:00
[2024-10-04T23:37:52.475+0000] {processor.py:208} INFO - Processing /home/airflow/.local/lib/python3.12/site-packages/airflow/example_dags/example_branch_operator.py took 0.224 seconds
[2024-10-04T23:38:23.423+0000] {processor.py:186} INFO - Started process (PID=214) to work on /home/airflow/.local/lib/python3.12/site-packages/airflow/example_dags/example_branch_operator.py
[2024-10-04T23:38:23.424+0000] {processor.py:914} INFO - Processing file /home/airflow/.local/lib/python3.12/site-packages/airflow/example_dags/example_branch_operator.py for tasks to queue
[2024-10-04T23:38:23.428+0000] {logging_mixin.py:190} INFO - [2024-10-04T23:38:23.427+0000] {dagbag.py:587} INFO - Filling up the DagBag from /home/airflow/.local/lib/python3.12/site-packages/airflow/example_dags/example_branch_operator.py
[2024-10-04T23:38:23.462+0000] {processor.py:925} INFO - DAG(s) 'example_branch_operator' retrieved from /home/airflow/.local/lib/python3.12/site-packages/airflow/example_dags/example_branch_operator.py
[2024-10-04T23:38:23.542+0000] {logging_mixin.py:190} INFO - [2024-10-04T23:38:23.541+0000] {dag.py:3229} INFO - Sync 1 DAGs
[2024-10-04T23:38:23.584+0000] {logging_mixin.py:190} INFO - [2024-10-04T23:38:23.584+0000] {dag.py:4156} INFO - Setting next_dagrun for example_branch_operator to 2024-10-03 00:00:00+00:00, run_after=2024-10-04 00:00:00+00:00
[2024-10-04T23:38:23.621+0000] {processor.py:208} INFO - Processing /home/airflow/.local/lib/python3.12/site-packages/airflow/example_dags/example_branch_operator.py took 0.208 seconds
[2024-10-04T23:38:54.018+0000] {processor.py:186} INFO - Started process (PID=276) to work on /home/airflow/.local/lib/python3.12/site-packages/airflow/example_dags/example_branch_operator.py
[2024-10-04T23:38:54.020+0000] {processor.py:914} INFO - Processing file /home/airflow/.local/lib/python3.12/site-packages/airflow/example_dags/example_branch_operator.py for tasks to queue
[2024-10-04T23:38:54.024+0000] {logging_mixin.py:190} INFO - [2024-10-04T23:38:54.024+0000] {dagbag.py:587} INFO - Filling up the DagBag from /home/airflow/.local/lib/python3.12/site-packages/airflow/example_dags/example_branch_operator.py
[2024-10-04T23:38:54.057+0000] {processor.py:925} INFO - DAG(s) 'example_branch_operator' retrieved from /home/airflow/.local/lib/python3.12/site-packages/airflow/example_dags/example_branch_operator.py
[2024-10-04T23:38:54.104+0000] {logging_mixin.py:190} INFO - [2024-10-04T23:38:54.104+0000] {dag.py:3229} INFO - Sync 1 DAGs
[2024-10-04T23:38:54.142+0000] {logging_mixin.py:190} INFO - [2024-10-04T23:38:54.142+0000] {dag.py:4156} INFO - Setting next_dagrun for example_branch_operator to 2024-10-03 00:00:00+00:00, run_after=2024-10-04 00:00:00+00:00
[2024-10-04T23:38:54.177+0000] {processor.py:208} INFO - Processing /home/airflow/.local/lib/python3.12/site-packages/airflow/example_dags/example_branch_operator.py took 0.167 seconds
[2024-10-04T23:39:24.974+0000] {processor.py:186} INFO - Started process (PID=338) to work on /home/airflow/.local/lib/python3.12/site-packages/airflow/example_dags/example_branch_operator.py
[2024-10-04T23:39:24.976+0000] {processor.py:914} INFO - Processing file /home/airflow/.local/lib/python3.12/site-packages/airflow/example_dags/example_branch_operator.py for tasks to queue
[2024-10-04T23:39:24.981+0000] {logging_mixin.py:190} INFO - [2024-10-04T23:39:24.980+0000] {dagbag.py:587} INFO - Filling up the DagBag from /home/airflow/.local/lib/python3.12/site-packages/airflow/example_dags/example_branch_operator.py
[2024-10-04T23:39:25.023+0000] {processor.py:925} INFO - DAG(s) 'example_branch_operator' retrieved from /home/airflow/.local/lib/python3.12/site-packages/airflow/example_dags/example_branch_operator.py
[2024-10-04T23:39:25.084+0000] {logging_mixin.py:190} INFO - [2024-10-04T23:39:25.084+0000] {dag.py:3229} INFO - Sync 1 DAGs
[2024-10-04T23:39:25.141+0000] {logging_mixin.py:190} INFO - [2024-10-04T23:39:25.140+0000] {dag.py:4156} INFO - Setting next_dagrun for example_branch_operator to 2024-10-03 00:00:00+00:00, run_after=2024-10-04 00:00:00+00:00
[2024-10-04T23:39:25.181+0000] {processor.py:208} INFO - Processing /home/airflow/.local/lib/python3.12/site-packages/airflow/example_dags/example_branch_operator.py took 0.217 seconds
[2024-10-04T23:39:55.708+0000] {processor.py:186} INFO - Started process (PID=400) to work on /home/airflow/.local/lib/python3.12/site-packages/airflow/example_dags/example_branch_operator.py
[2024-10-04T23:39:55.721+0000] {processor.py:914} INFO - Processing file /home/airflow/.local/lib/python3.12/site-packages/airflow/example_dags/example_branch_operator.py for tasks to queue
[2024-10-04T23:39:55.739+0000] {logging_mixin.py:190} INFO - [2024-10-04T23:39:55.738+0000] {dagbag.py:587} INFO - Filling up the DagBag from /home/airflow/.local/lib/python3.12/site-packages/airflow/example_dags/example_branch_operator.py
[2024-10-04T23:39:55.791+0000] {processor.py:925} INFO - DAG(s) 'example_branch_operator' retrieved from /home/airflow/.local/lib/python3.12/site-packages/airflow/example_dags/example_branch_operator.py
[2024-10-04T23:39:55.958+0000] {logging_mixin.py:190} INFO - [2024-10-04T23:39:55.957+0000] {dag.py:3229} INFO - Sync 1 DAGs
[2024-10-04T23:39:56.079+0000] {logging_mixin.py:190} INFO - [2024-10-04T23:39:56.079+0000] {dag.py:4156} INFO - Setting next_dagrun for example_branch_operator to 2024-10-03 00:00:00+00:00, run_after=2024-10-04 00:00:00+00:00
[2024-10-04T23:39:56.153+0000] {processor.py:208} INFO - Processing /home/airflow/.local/lib/python3.12/site-packages/airflow/example_dags/example_branch_operator.py took 0.474 seconds
[2024-10-04T23:40:26.637+0000] {processor.py:186} INFO - Started process (PID=462) to work on /home/airflow/.local/lib/python3.12/site-packages/airflow/example_dags/example_branch_operator.py
[2024-10-04T23:40:26.639+0000] {processor.py:914} INFO - Processing file /home/airflow/.local/lib/python3.12/site-packages/airflow/example_dags/example_branch_operator.py for tasks to queue
[2024-10-04T23:40:26.643+0000] {logging_mixin.py:190} INFO - [2024-10-04T23:40:26.642+0000] {dagbag.py:587} INFO - Filling up the DagBag from /home/airflow/.local/lib/python3.12/site-packages/airflow/example_dags/example_branch_operator.py
[2024-10-04T23:40:26.667+0000] {processor.py:925} INFO - DAG(s) 'example_branch_operator' retrieved from /home/airflow/.local/lib/python3.12/site-packages/airflow/example_dags/example_branch_operator.py
[2024-10-04T23:40:26.710+0000] {logging_mixin.py:190} INFO - [2024-10-04T23:40:26.709+0000] {dag.py:3229} INFO - Sync 1 DAGs
[2024-10-04T23:40:26.747+0000] {logging_mixin.py:190} INFO - [2024-10-04T23:40:26.747+0000] {dag.py:4156} INFO - Setting next_dagrun for example_branch_operator to 2024-10-03 00:00:00+00:00, run_after=2024-10-04 00:00:00+00:00
[2024-10-04T23:40:26.814+0000] {processor.py:208} INFO - Processing /home/airflow/.local/lib/python3.12/site-packages/airflow/example_dags/example_branch_operator.py took 0.184 seconds
[2024-10-04T23:40:57.164+0000] {processor.py:186} INFO - Started process (PID=524) to work on /home/airflow/.local/lib/python3.12/site-packages/airflow/example_dags/example_branch_operator.py
[2024-10-04T23:40:57.166+0000] {processor.py:914} INFO - Processing file /home/airflow/.local/lib/python3.12/site-packages/airflow/example_dags/example_branch_operator.py for tasks to queue
[2024-10-04T23:40:57.170+0000] {logging_mixin.py:190} INFO - [2024-10-04T23:40:57.169+0000] {dagbag.py:587} INFO - Filling up the DagBag from /home/airflow/.local/lib/python3.12/site-packages/airflow/example_dags/example_branch_operator.py
[2024-10-04T23:40:57.215+0000] {processor.py:925} INFO - DAG(s) 'example_branch_operator' retrieved from /home/airflow/.local/lib/python3.12/site-packages/airflow/example_dags/example_branch_operator.py
[2024-10-04T23:40:57.294+0000] {logging_mixin.py:190} INFO - [2024-10-04T23:40:57.293+0000] {dag.py:3229} INFO - Sync 1 DAGs
[2024-10-04T23:40:57.345+0000] {logging_mixin.py:190} INFO - [2024-10-04T23:40:57.345+0000] {dag.py:4156} INFO - Setting next_dagrun for example_branch_operator to 2024-10-03 00:00:00+00:00, run_after=2024-10-04 00:00:00+00:00
[2024-10-04T23:40:57.419+0000] {processor.py:208} INFO - Processing /home/airflow/.local/lib/python3.12/site-packages/airflow/example_dags/example_branch_operator.py took 0.267 seconds
[2024-10-04T23:41:27.599+0000] {processor.py:186} INFO - Started process (PID=587) to work on /home/airflow/.local/lib/python3.12/site-packages/airflow/example_dags/example_branch_operator.py
[2024-10-04T23:41:27.600+0000] {processor.py:914} INFO - Processing file /home/airflow/.local/lib/python3.12/site-packages/airflow/example_dags/example_branch_operator.py for tasks to queue
[2024-10-04T23:41:27.603+0000] {logging_mixin.py:190} INFO - [2024-10-04T23:41:27.603+0000] {dagbag.py:587} INFO - Filling up the DagBag from /home/airflow/.local/lib/python3.12/site-packages/airflow/example_dags/example_branch_operator.py
[2024-10-04T23:41:27.628+0000] {processor.py:925} INFO - DAG(s) 'example_branch_operator' retrieved from /home/airflow/.local/lib/python3.12/site-packages/airflow/example_dags/example_branch_operator.py
[2024-10-04T23:41:27.668+0000] {logging_mixin.py:190} INFO - [2024-10-04T23:41:27.668+0000] {dag.py:3229} INFO - Sync 1 DAGs
[2024-10-04T23:41:27.699+0000] {logging_mixin.py:190} INFO - [2024-10-04T23:41:27.699+0000] {dag.py:4156} INFO - Setting next_dagrun for example_branch_operator to 2024-10-03 00:00:00+00:00, run_after=2024-10-04 00:00:00+00:00
[2024-10-04T23:41:27.730+0000] {processor.py:208} INFO - Processing /home/airflow/.local/lib/python3.12/site-packages/airflow/example_dags/example_branch_operator.py took 0.141 seconds
[2024-10-04T23:41:58.171+0000] {processor.py:186} INFO - Started process (PID=648) to work on /home/airflow/.local/lib/python3.12/site-packages/airflow/example_dags/example_branch_operator.py
[2024-10-04T23:41:58.172+0000] {processor.py:914} INFO - Processing file /home/airflow/.local/lib/python3.12/site-packages/airflow/example_dags/example_branch_operator.py for tasks to queue
[2024-10-04T23:41:58.175+0000] {logging_mixin.py:190} INFO - [2024-10-04T23:41:58.175+0000] {dagbag.py:587} INFO - Filling up the DagBag from /home/airflow/.local/lib/python3.12/site-packages/airflow/example_dags/example_branch_operator.py
[2024-10-04T23:41:58.207+0000] {processor.py:925} INFO - DAG(s) 'example_branch_operator' retrieved from /home/airflow/.local/lib/python3.12/site-packages/airflow/example_dags/example_branch_operator.py
[2024-10-04T23:41:58.251+0000] {logging_mixin.py:190} INFO - [2024-10-04T23:41:58.250+0000] {dag.py:3229} INFO - Sync 1 DAGs
[2024-10-04T23:41:58.292+0000] {logging_mixin.py:190} INFO - [2024-10-04T23:41:58.291+0000] {dag.py:4156} INFO - Setting next_dagrun for example_branch_operator to 2024-10-03 00:00:00+00:00, run_after=2024-10-04 00:00:00+00:00
[2024-10-04T23:41:58.326+0000] {processor.py:208} INFO - Processing /home/airflow/.local/lib/python3.12/site-packages/airflow/example_dags/example_branch_operator.py took 0.165 seconds
[2024-10-04T23:42:28.755+0000] {processor.py:186} INFO - Started process (PID=710) to work on /home/airflow/.local/lib/python3.12/site-packages/airflow/example_dags/example_branch_operator.py
[2024-10-04T23:42:28.757+0000] {processor.py:914} INFO - Processing file /home/airflow/.local/lib/python3.12/site-packages/airflow/example_dags/example_branch_operator.py for tasks to queue
[2024-10-04T23:42:28.762+0000] {logging_mixin.py:190} INFO - [2024-10-04T23:42:28.760+0000] {dagbag.py:587} INFO - Filling up the DagBag from /home/airflow/.local/lib/python3.12/site-packages/airflow/example_dags/example_branch_operator.py
[2024-10-04T23:42:28.799+0000] {processor.py:925} INFO - DAG(s) 'example_branch_operator' retrieved from /home/airflow/.local/lib/python3.12/site-packages/airflow/example_dags/example_branch_operator.py
[2024-10-04T23:42:28.853+0000] {logging_mixin.py:190} INFO - [2024-10-04T23:42:28.852+0000] {dag.py:3229} INFO - Sync 1 DAGs
[2024-10-04T23:42:28.898+0000] {logging_mixin.py:190} INFO - [2024-10-04T23:42:28.897+0000] {dag.py:4156} INFO - Setting next_dagrun for example_branch_operator to 2024-10-03 00:00:00+00:00, run_after=2024-10-04 00:00:00+00:00
[2024-10-04T23:42:28.941+0000] {processor.py:208} INFO - Processing /home/airflow/.local/lib/python3.12/site-packages/airflow/example_dags/example_branch_operator.py took 0.199 seconds
[2024-10-04T23:42:59.547+0000] {processor.py:186} INFO - Started process (PID=773) to work on /home/airflow/.local/lib/python3.12/site-packages/airflow/example_dags/example_branch_operator.py
[2024-10-04T23:42:59.548+0000] {processor.py:914} INFO - Processing file /home/airflow/.local/lib/python3.12/site-packages/airflow/example_dags/example_branch_operator.py for tasks to queue
[2024-10-04T23:42:59.552+0000] {logging_mixin.py:190} INFO - [2024-10-04T23:42:59.551+0000] {dagbag.py:587} INFO - Filling up the DagBag from /home/airflow/.local/lib/python3.12/site-packages/airflow/example_dags/example_branch_operator.py
[2024-10-04T23:42:59.585+0000] {processor.py:925} INFO - DAG(s) 'example_branch_operator' retrieved from /home/airflow/.local/lib/python3.12/site-packages/airflow/example_dags/example_branch_operator.py
[2024-10-04T23:42:59.656+0000] {logging_mixin.py:190} INFO - [2024-10-04T23:42:59.656+0000] {dag.py:3229} INFO - Sync 1 DAGs
[2024-10-04T23:42:59.756+0000] {logging_mixin.py:190} INFO - [2024-10-04T23:42:59.755+0000] {dag.py:4156} INFO - Setting next_dagrun for example_branch_operator to 2024-10-03 00:00:00+00:00, run_after=2024-10-04 00:00:00+00:00
[2024-10-04T23:42:59.804+0000] {processor.py:208} INFO - Processing /home/airflow/.local/lib/python3.12/site-packages/airflow/example_dags/example_branch_operator.py took 0.265 seconds
[2024-10-04T23:43:30.626+0000] {processor.py:186} INFO - Started process (PID=835) to work on /home/airflow/.local/lib/python3.12/site-packages/airflow/example_dags/example_branch_operator.py
[2024-10-04T23:43:30.627+0000] {processor.py:914} INFO - Processing file /home/airflow/.local/lib/python3.12/site-packages/airflow/example_dags/example_branch_operator.py for tasks to queue
[2024-10-04T23:43:30.630+0000] {logging_mixin.py:190} INFO - [2024-10-04T23:43:30.630+0000] {dagbag.py:587} INFO - Filling up the DagBag from /home/airflow/.local/lib/python3.12/site-packages/airflow/example_dags/example_branch_operator.py
[2024-10-04T23:43:30.662+0000] {processor.py:925} INFO - DAG(s) 'example_branch_operator' retrieved from /home/airflow/.local/lib/python3.12/site-packages/airflow/example_dags/example_branch_operator.py
[2024-10-04T23:43:30.713+0000] {logging_mixin.py:190} INFO - [2024-10-04T23:43:30.712+0000] {dag.py:3229} INFO - Sync 1 DAGs
[2024-10-04T23:43:30.748+0000] {logging_mixin.py:190} INFO - [2024-10-04T23:43:30.747+0000] {dag.py:4156} INFO - Setting next_dagrun for example_branch_operator to 2024-10-03 00:00:00+00:00, run_after=2024-10-04 00:00:00+00:00
[2024-10-04T23:43:30.787+0000] {processor.py:208} INFO - Processing /home/airflow/.local/lib/python3.12/site-packages/airflow/example_dags/example_branch_operator.py took 0.169 seconds
[2024-10-04T23:44:02.707+0000] {processor.py:186} INFO - Started process (PID=896) to work on /home/airflow/.local/lib/python3.12/site-packages/airflow/example_dags/example_branch_operator.py
[2024-10-04T23:44:02.708+0000] {processor.py:914} INFO - Processing file /home/airflow/.local/lib/python3.12/site-packages/airflow/example_dags/example_branch_operator.py for tasks to queue
[2024-10-04T23:44:02.713+0000] {logging_mixin.py:190} INFO - [2024-10-04T23:44:02.712+0000] {dagbag.py:587} INFO - Filling up the DagBag from /home/airflow/.local/lib/python3.12/site-packages/airflow/example_dags/example_branch_operator.py
[2024-10-04T23:44:02.745+0000] {processor.py:925} INFO - DAG(s) 'example_branch_operator' retrieved from /home/airflow/.local/lib/python3.12/site-packages/airflow/example_dags/example_branch_operator.py
[2024-10-04T23:44:02.802+0000] {logging_mixin.py:190} INFO - [2024-10-04T23:44:02.801+0000] {dag.py:3229} INFO - Sync 1 DAGs
[2024-10-04T23:44:02.857+0000] {logging_mixin.py:190} INFO - [2024-10-04T23:44:02.856+0000] {dag.py:4156} INFO - Setting next_dagrun for example_branch_operator to 2024-10-03 00:00:00+00:00, run_after=2024-10-04 00:00:00+00:00
[2024-10-04T23:44:02.897+0000] {processor.py:208} INFO - Processing /home/airflow/.local/lib/python3.12/site-packages/airflow/example_dags/example_branch_operator.py took 0.199 seconds
[2024-10-04T23:44:33.707+0000] {processor.py:186} INFO - Started process (PID=958) to work on /home/airflow/.local/lib/python3.12/site-packages/airflow/example_dags/example_branch_operator.py
[2024-10-04T23:44:33.709+0000] {processor.py:914} INFO - Processing file /home/airflow/.local/lib/python3.12/site-packages/airflow/example_dags/example_branch_operator.py for tasks to queue
[2024-10-04T23:44:33.713+0000] {logging_mixin.py:190} INFO - [2024-10-04T23:44:33.712+0000] {dagbag.py:587} INFO - Filling up the DagBag from /home/airflow/.local/lib/python3.12/site-packages/airflow/example_dags/example_branch_operator.py
[2024-10-04T23:44:33.747+0000] {processor.py:925} INFO - DAG(s) 'example_branch_operator' retrieved from /home/airflow/.local/lib/python3.12/site-packages/airflow/example_dags/example_branch_operator.py
[2024-10-04T23:44:33.797+0000] {logging_mixin.py:190} INFO - [2024-10-04T23:44:33.797+0000] {dag.py:3229} INFO - Sync 1 DAGs
[2024-10-04T23:44:33.843+0000] {logging_mixin.py:190} INFO - [2024-10-04T23:44:33.842+0000] {dag.py:4156} INFO - Setting next_dagrun for example_branch_operator to 2024-10-03 00:00:00+00:00, run_after=2024-10-04 00:00:00+00:00
[2024-10-04T23:44:33.880+0000] {processor.py:208} INFO - Processing /home/airflow/.local/lib/python3.12/site-packages/airflow/example_dags/example_branch_operator.py took 0.183 seconds
[2024-10-04T23:45:03.987+0000] {processor.py:186} INFO - Started process (PID=1020) to work on /home/airflow/.local/lib/python3.12/site-packages/airflow/example_dags/example_branch_operator.py
[2024-10-04T23:45:03.988+0000] {processor.py:914} INFO - Processing file /home/airflow/.local/lib/python3.12/site-packages/airflow/example_dags/example_branch_operator.py for tasks to queue
[2024-10-04T23:45:03.992+0000] {logging_mixin.py:190} INFO - [2024-10-04T23:45:03.992+0000] {dagbag.py:587} INFO - Filling up the DagBag from /home/airflow/.local/lib/python3.12/site-packages/airflow/example_dags/example_branch_operator.py
[2024-10-04T23:45:04.022+0000] {processor.py:925} INFO - DAG(s) 'example_branch_operator' retrieved from /home/airflow/.local/lib/python3.12/site-packages/airflow/example_dags/example_branch_operator.py
[2024-10-04T23:45:04.068+0000] {logging_mixin.py:190} INFO - [2024-10-04T23:45:04.068+0000] {dag.py:3229} INFO - Sync 1 DAGs
[2024-10-04T23:45:04.104+0000] {logging_mixin.py:190} INFO - [2024-10-04T23:45:04.104+0000] {dag.py:4156} INFO - Setting next_dagrun for example_branch_operator to 2024-10-03 00:00:00+00:00, run_after=2024-10-04 00:00:00+00:00
[2024-10-04T23:45:04.143+0000] {processor.py:208} INFO - Processing /home/airflow/.local/lib/python3.12/site-packages/airflow/example_dags/example_branch_operator.py took 0.164 seconds
[2024-10-04T23:45:34.412+0000] {processor.py:186} INFO - Started process (PID=1081) to work on /home/airflow/.local/lib/python3.12/site-packages/airflow/example_dags/example_branch_operator.py
[2024-10-04T23:45:34.413+0000] {processor.py:914} INFO - Processing file /home/airflow/.local/lib/python3.12/site-packages/airflow/example_dags/example_branch_operator.py for tasks to queue
[2024-10-04T23:45:34.417+0000] {logging_mixin.py:190} INFO - [2024-10-04T23:45:34.416+0000] {dagbag.py:587} INFO - Filling up the DagBag from /home/airflow/.local/lib/python3.12/site-packages/airflow/example_dags/example_branch_operator.py
[2024-10-04T23:45:34.442+0000] {processor.py:925} INFO - DAG(s) 'example_branch_operator' retrieved from /home/airflow/.local/lib/python3.12/site-packages/airflow/example_dags/example_branch_operator.py
[2024-10-04T23:45:34.485+0000] {logging_mixin.py:190} INFO - [2024-10-04T23:45:34.485+0000] {dag.py:3229} INFO - Sync 1 DAGs
[2024-10-04T23:45:34.521+0000] {logging_mixin.py:190} INFO - [2024-10-04T23:45:34.521+0000] {dag.py:4156} INFO - Setting next_dagrun for example_branch_operator to 2024-10-03 00:00:00+00:00, run_after=2024-10-04 00:00:00+00:00
[2024-10-04T23:45:34.556+0000] {processor.py:208} INFO - Processing /home/airflow/.local/lib/python3.12/site-packages/airflow/example_dags/example_branch_operator.py took 0.153 seconds
[2024-10-04T23:46:05.756+0000] {processor.py:186} INFO - Started process (PID=1143) to work on /home/airflow/.local/lib/python3.12/site-packages/airflow/example_dags/example_branch_operator.py
[2024-10-04T23:46:05.757+0000] {processor.py:914} INFO - Processing file /home/airflow/.local/lib/python3.12/site-packages/airflow/example_dags/example_branch_operator.py for tasks to queue
[2024-10-04T23:46:05.762+0000] {logging_mixin.py:190} INFO - [2024-10-04T23:46:05.761+0000] {dagbag.py:587} INFO - Filling up the DagBag from /home/airflow/.local/lib/python3.12/site-packages/airflow/example_dags/example_branch_operator.py
[2024-10-04T23:46:05.801+0000] {processor.py:925} INFO - DAG(s) 'example_branch_operator' retrieved from /home/airflow/.local/lib/python3.12/site-packages/airflow/example_dags/example_branch_operator.py
[2024-10-04T23:46:05.861+0000] {logging_mixin.py:190} INFO - [2024-10-04T23:46:05.861+0000] {dag.py:3229} INFO - Sync 1 DAGs
[2024-10-04T23:46:05.909+0000] {logging_mixin.py:190} INFO - [2024-10-04T23:46:05.908+0000] {dag.py:4156} INFO - Setting next_dagrun for example_branch_operator to 2024-10-03 00:00:00+00:00, run_after=2024-10-04 00:00:00+00:00
[2024-10-04T23:46:05.948+0000] {processor.py:208} INFO - Processing /home/airflow/.local/lib/python3.12/site-packages/airflow/example_dags/example_branch_operator.py took 0.207 seconds
[2024-10-04T23:46:36.516+0000] {processor.py:186} INFO - Started process (PID=1205) to work on /home/airflow/.local/lib/python3.12/site-packages/airflow/example_dags/example_branch_operator.py
[2024-10-04T23:46:36.517+0000] {processor.py:914} INFO - Processing file /home/airflow/.local/lib/python3.12/site-packages/airflow/example_dags/example_branch_operator.py for tasks to queue
[2024-10-04T23:46:36.521+0000] {logging_mixin.py:190} INFO - [2024-10-04T23:46:36.521+0000] {dagbag.py:587} INFO - Filling up the DagBag from /home/airflow/.local/lib/python3.12/site-packages/airflow/example_dags/example_branch_operator.py
[2024-10-04T23:46:36.559+0000] {processor.py:925} INFO - DAG(s) 'example_branch_operator' retrieved from /home/airflow/.local/lib/python3.12/site-packages/airflow/example_dags/example_branch_operator.py
[2024-10-04T23:46:36.618+0000] {logging_mixin.py:190} INFO - [2024-10-04T23:46:36.617+0000] {dag.py:3229} INFO - Sync 1 DAGs
[2024-10-04T23:46:36.686+0000] {logging_mixin.py:190} INFO - [2024-10-04T23:46:36.686+0000] {dag.py:4156} INFO - Setting next_dagrun for example_branch_operator to 2024-10-03 00:00:00+00:00, run_after=2024-10-04 00:00:00+00:00
[2024-10-04T23:46:36.734+0000] {processor.py:208} INFO - Processing /home/airflow/.local/lib/python3.12/site-packages/airflow/example_dags/example_branch_operator.py took 0.228 seconds
[2024-10-04T23:47:07.290+0000] {processor.py:186} INFO - Started process (PID=1266) to work on /home/airflow/.local/lib/python3.12/site-packages/airflow/example_dags/example_branch_operator.py
[2024-10-04T23:47:07.291+0000] {processor.py:914} INFO - Processing file /home/airflow/.local/lib/python3.12/site-packages/airflow/example_dags/example_branch_operator.py for tasks to queue
[2024-10-04T23:47:07.296+0000] {logging_mixin.py:190} INFO - [2024-10-04T23:47:07.295+0000] {dagbag.py:587} INFO - Filling up the DagBag from /home/airflow/.local/lib/python3.12/site-packages/airflow/example_dags/example_branch_operator.py
[2024-10-04T23:47:07.357+0000] {processor.py:925} INFO - DAG(s) 'example_branch_operator' retrieved from /home/airflow/.local/lib/python3.12/site-packages/airflow/example_dags/example_branch_operator.py
[2024-10-04T23:47:07.640+0000] {logging_mixin.py:190} INFO - [2024-10-04T23:47:07.639+0000] {dag.py:3229} INFO - Sync 1 DAGs
[2024-10-04T23:47:07.735+0000] {logging_mixin.py:190} INFO - [2024-10-04T23:47:07.734+0000] {dag.py:4156} INFO - Setting next_dagrun for example_branch_operator to 2024-10-03 00:00:00+00:00, run_after=2024-10-04 00:00:00+00:00
[2024-10-04T23:47:07.787+0000] {processor.py:208} INFO - Processing /home/airflow/.local/lib/python3.12/site-packages/airflow/example_dags/example_branch_operator.py took 0.511 seconds
[2024-10-04T23:47:37.940+0000] {processor.py:186} INFO - Started process (PID=1327) to work on /home/airflow/.local/lib/python3.12/site-packages/airflow/example_dags/example_branch_operator.py
[2024-10-04T23:47:37.941+0000] {processor.py:914} INFO - Processing file /home/airflow/.local/lib/python3.12/site-packages/airflow/example_dags/example_branch_operator.py for tasks to queue
[2024-10-04T23:47:37.944+0000] {logging_mixin.py:190} INFO - [2024-10-04T23:47:37.944+0000] {dagbag.py:587} INFO - Filling up the DagBag from /home/airflow/.local/lib/python3.12/site-packages/airflow/example_dags/example_branch_operator.py
[2024-10-04T23:47:37.966+0000] {processor.py:925} INFO - DAG(s) 'example_branch_operator' retrieved from /home/airflow/.local/lib/python3.12/site-packages/airflow/example_dags/example_branch_operator.py
[2024-10-04T23:47:38.003+0000] {logging_mixin.py:190} INFO - [2024-10-04T23:47:38.003+0000] {dag.py:3229} INFO - Sync 1 DAGs
[2024-10-04T23:47:38.034+0000] {logging_mixin.py:190} INFO - [2024-10-04T23:47:38.034+0000] {dag.py:4156} INFO - Setting next_dagrun for example_branch_operator to 2024-10-03 00:00:00+00:00, run_after=2024-10-04 00:00:00+00:00
[2024-10-04T23:47:38.063+0000] {processor.py:208} INFO - Processing /home/airflow/.local/lib/python3.12/site-packages/airflow/example_dags/example_branch_operator.py took 0.131 seconds
[2024-10-04T23:48:08.491+0000] {processor.py:186} INFO - Started process (PID=1389) to work on /home/airflow/.local/lib/python3.12/site-packages/airflow/example_dags/example_branch_operator.py
[2024-10-04T23:48:08.492+0000] {processor.py:914} INFO - Processing file /home/airflow/.local/lib/python3.12/site-packages/airflow/example_dags/example_branch_operator.py for tasks to queue
[2024-10-04T23:48:08.495+0000] {logging_mixin.py:190} INFO - [2024-10-04T23:48:08.495+0000] {dagbag.py:587} INFO - Filling up the DagBag from /home/airflow/.local/lib/python3.12/site-packages/airflow/example_dags/example_branch_operator.py
[2024-10-04T23:48:08.519+0000] {processor.py:925} INFO - DAG(s) 'example_branch_operator' retrieved from /home/airflow/.local/lib/python3.12/site-packages/airflow/example_dags/example_branch_operator.py
[2024-10-04T23:48:08.556+0000] {logging_mixin.py:190} INFO - [2024-10-04T23:48:08.556+0000] {dag.py:3229} INFO - Sync 1 DAGs
[2024-10-04T23:48:08.590+0000] {logging_mixin.py:190} INFO - [2024-10-04T23:48:08.590+0000] {dag.py:4156} INFO - Setting next_dagrun for example_branch_operator to 2024-10-03 00:00:00+00:00, run_after=2024-10-04 00:00:00+00:00
[2024-10-04T23:48:08.617+0000] {processor.py:208} INFO - Processing /home/airflow/.local/lib/python3.12/site-packages/airflow/example_dags/example_branch_operator.py took 0.133 seconds
[2024-10-04T23:48:38.863+0000] {processor.py:186} INFO - Started process (PID=1451) to work on /home/airflow/.local/lib/python3.12/site-packages/airflow/example_dags/example_branch_operator.py
[2024-10-04T23:48:38.865+0000] {processor.py:914} INFO - Processing file /home/airflow/.local/lib/python3.12/site-packages/airflow/example_dags/example_branch_operator.py for tasks to queue
[2024-10-04T23:48:38.869+0000] {logging_mixin.py:190} INFO - [2024-10-04T23:48:38.868+0000] {dagbag.py:587} INFO - Filling up the DagBag from /home/airflow/.local/lib/python3.12/site-packages/airflow/example_dags/example_branch_operator.py
[2024-10-04T23:48:38.894+0000] {processor.py:925} INFO - DAG(s) 'example_branch_operator' retrieved from /home/airflow/.local/lib/python3.12/site-packages/airflow/example_dags/example_branch_operator.py
[2024-10-04T23:48:38.933+0000] {logging_mixin.py:190} INFO - [2024-10-04T23:48:38.933+0000] {dag.py:3229} INFO - Sync 1 DAGs
[2024-10-04T23:48:38.968+0000] {logging_mixin.py:190} INFO - [2024-10-04T23:48:38.968+0000] {dag.py:4156} INFO - Setting next_dagrun for example_branch_operator to 2024-10-03 00:00:00+00:00, run_after=2024-10-04 00:00:00+00:00
[2024-10-04T23:48:39.001+0000] {processor.py:208} INFO - Processing /home/airflow/.local/lib/python3.12/site-packages/airflow/example_dags/example_branch_operator.py took 0.145 seconds
[2024-10-04T23:49:09.470+0000] {processor.py:186} INFO - Started process (PID=1514) to work on /home/airflow/.local/lib/python3.12/site-packages/airflow/example_dags/example_branch_operator.py
[2024-10-04T23:49:09.471+0000] {processor.py:914} INFO - Processing file /home/airflow/.local/lib/python3.12/site-packages/airflow/example_dags/example_branch_operator.py for tasks to queue
[2024-10-04T23:49:09.474+0000] {logging_mixin.py:190} INFO - [2024-10-04T23:49:09.474+0000] {dagbag.py:587} INFO - Filling up the DagBag from /home/airflow/.local/lib/python3.12/site-packages/airflow/example_dags/example_branch_operator.py
[2024-10-04T23:49:09.501+0000] {processor.py:925} INFO - DAG(s) 'example_branch_operator' retrieved from /home/airflow/.local/lib/python3.12/site-packages/airflow/example_dags/example_branch_operator.py
[2024-10-04T23:49:09.555+0000] {logging_mixin.py:190} INFO - [2024-10-04T23:49:09.555+0000] {dag.py:3229} INFO - Sync 1 DAGs
[2024-10-04T23:49:09.590+0000] {logging_mixin.py:190} INFO - [2024-10-04T23:49:09.590+0000] {dag.py:4156} INFO - Setting next_dagrun for example_branch_operator to 2024-10-03 00:00:00+00:00, run_after=2024-10-04 00:00:00+00:00
[2024-10-04T23:49:09.617+0000] {processor.py:208} INFO - Processing /home/airflow/.local/lib/python3.12/site-packages/airflow/example_dags/example_branch_operator.py took 0.154 seconds
[2024-10-04T23:49:40.503+0000] {processor.py:186} INFO - Started process (PID=1577) to work on /home/airflow/.local/lib/python3.12/site-packages/airflow/example_dags/example_branch_operator.py
[2024-10-04T23:49:40.505+0000] {processor.py:914} INFO - Processing file /home/airflow/.local/lib/python3.12/site-packages/airflow/example_dags/example_branch_operator.py for tasks to queue
[2024-10-04T23:49:40.509+0000] {logging_mixin.py:190} INFO - [2024-10-04T23:49:40.509+0000] {dagbag.py:587} INFO - Filling up the DagBag from /home/airflow/.local/lib/python3.12/site-packages/airflow/example_dags/example_branch_operator.py
[2024-10-04T23:49:40.544+0000] {processor.py:925} INFO - DAG(s) 'example_branch_operator' retrieved from /home/airflow/.local/lib/python3.12/site-packages/airflow/example_dags/example_branch_operator.py
[2024-10-04T23:49:40.593+0000] {logging_mixin.py:190} INFO - [2024-10-04T23:49:40.593+0000] {dag.py:3229} INFO - Sync 1 DAGs
[2024-10-04T23:49:40.632+0000] {logging_mixin.py:190} INFO - [2024-10-04T23:49:40.632+0000] {dag.py:4156} INFO - Setting next_dagrun for example_branch_operator to 2024-10-03 00:00:00+00:00, run_after=2024-10-04 00:00:00+00:00
[2024-10-04T23:49:40.671+0000] {processor.py:208} INFO - Processing /home/airflow/.local/lib/python3.12/site-packages/airflow/example_dags/example_branch_operator.py took 0.178 seconds
[2024-10-04T23:50:10.869+0000] {processor.py:186} INFO - Started process (PID=1638) to work on /home/airflow/.local/lib/python3.12/site-packages/airflow/example_dags/example_branch_operator.py
[2024-10-04T23:50:10.870+0000] {processor.py:914} INFO - Processing file /home/airflow/.local/lib/python3.12/site-packages/airflow/example_dags/example_branch_operator.py for tasks to queue
[2024-10-04T23:50:10.873+0000] {logging_mixin.py:190} INFO - [2024-10-04T23:50:10.872+0000] {dagbag.py:587} INFO - Filling up the DagBag from /home/airflow/.local/lib/python3.12/site-packages/airflow/example_dags/example_branch_operator.py
[2024-10-04T23:50:10.895+0000] {processor.py:925} INFO - DAG(s) 'example_branch_operator' retrieved from /home/airflow/.local/lib/python3.12/site-packages/airflow/example_dags/example_branch_operator.py
[2024-10-04T23:50:10.934+0000] {logging_mixin.py:190} INFO - [2024-10-04T23:50:10.933+0000] {dag.py:3229} INFO - Sync 1 DAGs
[2024-10-04T23:50:10.966+0000] {logging_mixin.py:190} INFO - [2024-10-04T23:50:10.966+0000] {dag.py:4156} INFO - Setting next_dagrun for example_branch_operator to 2024-10-03 00:00:00+00:00, run_after=2024-10-04 00:00:00+00:00
[2024-10-04T23:50:11.006+0000] {processor.py:208} INFO - Processing /home/airflow/.local/lib/python3.12/site-packages/airflow/example_dags/example_branch_operator.py took 0.145 seconds
[2024-10-04T23:50:41.715+0000] {processor.py:186} INFO - Started process (PID=1707) to work on /home/airflow/.local/lib/python3.12/site-packages/airflow/example_dags/example_branch_operator.py
[2024-10-04T23:50:41.716+0000] {processor.py:914} INFO - Processing file /home/airflow/.local/lib/python3.12/site-packages/airflow/example_dags/example_branch_operator.py for tasks to queue
[2024-10-04T23:50:41.719+0000] {logging_mixin.py:190} INFO - [2024-10-04T23:50:41.719+0000] {dagbag.py:587} INFO - Filling up the DagBag from /home/airflow/.local/lib/python3.12/site-packages/airflow/example_dags/example_branch_operator.py
[2024-10-04T23:50:41.743+0000] {processor.py:925} INFO - DAG(s) 'example_branch_operator' retrieved from /home/airflow/.local/lib/python3.12/site-packages/airflow/example_dags/example_branch_operator.py
[2024-10-04T23:50:41.793+0000] {logging_mixin.py:190} INFO - [2024-10-04T23:50:41.793+0000] {dag.py:3229} INFO - Sync 1 DAGs
[2024-10-04T23:50:41.830+0000] {logging_mixin.py:190} INFO - [2024-10-04T23:50:41.829+0000] {dag.py:4156} INFO - Setting next_dagrun for example_branch_operator to 2024-10-03 00:00:00+00:00, run_after=2024-10-04 00:00:00+00:00
[2024-10-04T23:50:41.858+0000] {processor.py:208} INFO - Processing /home/airflow/.local/lib/python3.12/site-packages/airflow/example_dags/example_branch_operator.py took 0.151 seconds
[2024-10-04T23:51:18.800+0000] {processor.py:186} INFO - Started process (PID=1770) to work on /home/airflow/.local/lib/python3.12/site-packages/airflow/example_dags/example_branch_operator.py
[2024-10-04T23:51:18.817+0000] {processor.py:914} INFO - Processing file /home/airflow/.local/lib/python3.12/site-packages/airflow/example_dags/example_branch_operator.py for tasks to queue
[2024-10-04T23:51:18.828+0000] {logging_mixin.py:190} INFO - [2024-10-04T23:51:18.821+0000] {dagbag.py:587} INFO - Filling up the DagBag from /home/airflow/.local/lib/python3.12/site-packages/airflow/example_dags/example_branch_operator.py
[2024-10-04T23:51:18.929+0000] {processor.py:925} INFO - DAG(s) 'example_branch_operator' retrieved from /home/airflow/.local/lib/python3.12/site-packages/airflow/example_dags/example_branch_operator.py
[2024-10-04T23:51:19.121+0000] {logging_mixin.py:190} INFO - [2024-10-04T23:51:19.109+0000] {dag.py:3229} INFO - Sync 1 DAGs
[2024-10-04T23:51:19.253+0000] {logging_mixin.py:190} INFO - [2024-10-04T23:51:19.253+0000] {dag.py:4156} INFO - Setting next_dagrun for example_branch_operator to 2024-10-03 00:00:00+00:00, run_after=2024-10-04 00:00:00+00:00
[2024-10-04T23:51:19.382+0000] {processor.py:208} INFO - Processing /home/airflow/.local/lib/python3.12/site-packages/airflow/example_dags/example_branch_operator.py took 0.616 seconds
[2024-10-04T23:51:50.952+0000] {processor.py:186} INFO - Started process (PID=1832) to work on /home/airflow/.local/lib/python3.12/site-packages/airflow/example_dags/example_branch_operator.py
[2024-10-04T23:51:50.956+0000] {processor.py:914} INFO - Processing file /home/airflow/.local/lib/python3.12/site-packages/airflow/example_dags/example_branch_operator.py for tasks to queue
[2024-10-04T23:51:50.973+0000] {logging_mixin.py:190} INFO - [2024-10-04T23:51:50.972+0000] {dagbag.py:587} INFO - Filling up the DagBag from /home/airflow/.local/lib/python3.12/site-packages/airflow/example_dags/example_branch_operator.py
[2024-10-04T23:51:51.085+0000] {processor.py:925} INFO - DAG(s) 'example_branch_operator' retrieved from /home/airflow/.local/lib/python3.12/site-packages/airflow/example_dags/example_branch_operator.py
[2024-10-04T23:51:51.259+0000] {logging_mixin.py:190} INFO - [2024-10-04T23:51:51.259+0000] {dag.py:3229} INFO - Sync 1 DAGs
[2024-10-04T23:51:51.432+0000] {logging_mixin.py:190} INFO - [2024-10-04T23:51:51.421+0000] {dag.py:4156} INFO - Setting next_dagrun for example_branch_operator to 2024-10-03 00:00:00+00:00, run_after=2024-10-04 00:00:00+00:00
[2024-10-04T23:51:51.543+0000] {processor.py:208} INFO - Processing /home/airflow/.local/lib/python3.12/site-packages/airflow/example_dags/example_branch_operator.py took 0.616 seconds
[2024-10-04T23:52:21.952+0000] {processor.py:186} INFO - Started process (PID=1894) to work on /home/airflow/.local/lib/python3.12/site-packages/airflow/example_dags/example_branch_operator.py
[2024-10-04T23:52:21.954+0000] {processor.py:914} INFO - Processing file /home/airflow/.local/lib/python3.12/site-packages/airflow/example_dags/example_branch_operator.py for tasks to queue
[2024-10-04T23:52:21.958+0000] {logging_mixin.py:190} INFO - [2024-10-04T23:52:21.957+0000] {dagbag.py:587} INFO - Filling up the DagBag from /home/airflow/.local/lib/python3.12/site-packages/airflow/example_dags/example_branch_operator.py
[2024-10-04T23:52:22.007+0000] {processor.py:925} INFO - DAG(s) 'example_branch_operator' retrieved from /home/airflow/.local/lib/python3.12/site-packages/airflow/example_dags/example_branch_operator.py
[2024-10-04T23:52:22.106+0000] {logging_mixin.py:190} INFO - [2024-10-04T23:52:22.106+0000] {dag.py:3229} INFO - Sync 1 DAGs
[2024-10-04T23:52:22.208+0000] {logging_mixin.py:190} INFO - [2024-10-04T23:52:22.207+0000] {dag.py:4156} INFO - Setting next_dagrun for example_branch_operator to 2024-10-03 00:00:00+00:00, run_after=2024-10-04 00:00:00+00:00
[2024-10-04T23:52:22.275+0000] {processor.py:208} INFO - Processing /home/airflow/.local/lib/python3.12/site-packages/airflow/example_dags/example_branch_operator.py took 0.352 seconds
[2024-10-04T23:52:52.398+0000] {processor.py:186} INFO - Started process (PID=1957) to work on /home/airflow/.local/lib/python3.12/site-packages/airflow/example_dags/example_branch_operator.py
[2024-10-04T23:52:52.399+0000] {processor.py:914} INFO - Processing file /home/airflow/.local/lib/python3.12/site-packages/airflow/example_dags/example_branch_operator.py for tasks to queue
[2024-10-04T23:52:52.404+0000] {logging_mixin.py:190} INFO - [2024-10-04T23:52:52.404+0000] {dagbag.py:587} INFO - Filling up the DagBag from /home/airflow/.local/lib/python3.12/site-packages/airflow/example_dags/example_branch_operator.py
[2024-10-04T23:52:52.439+0000] {processor.py:925} INFO - DAG(s) 'example_branch_operator' retrieved from /home/airflow/.local/lib/python3.12/site-packages/airflow/example_dags/example_branch_operator.py
[2024-10-04T23:52:52.502+0000] {logging_mixin.py:190} INFO - [2024-10-04T23:52:52.502+0000] {dag.py:3229} INFO - Sync 1 DAGs
[2024-10-04T23:52:52.555+0000] {logging_mixin.py:190} INFO - [2024-10-04T23:52:52.555+0000] {dag.py:4156} INFO - Setting next_dagrun for example_branch_operator to 2024-10-03 00:00:00+00:00, run_after=2024-10-04 00:00:00+00:00
[2024-10-04T23:52:52.606+0000] {processor.py:208} INFO - Processing /home/airflow/.local/lib/python3.12/site-packages/airflow/example_dags/example_branch_operator.py took 0.220 seconds
[2024-10-04T23:53:23.154+0000] {processor.py:186} INFO - Started process (PID=2018) to work on /home/airflow/.local/lib/python3.12/site-packages/airflow/example_dags/example_branch_operator.py
[2024-10-04T23:53:23.157+0000] {processor.py:914} INFO - Processing file /home/airflow/.local/lib/python3.12/site-packages/airflow/example_dags/example_branch_operator.py for tasks to queue
[2024-10-04T23:53:23.162+0000] {logging_mixin.py:190} INFO - [2024-10-04T23:53:23.161+0000] {dagbag.py:587} INFO - Filling up the DagBag from /home/airflow/.local/lib/python3.12/site-packages/airflow/example_dags/example_branch_operator.py
[2024-10-04T23:53:23.205+0000] {processor.py:925} INFO - DAG(s) 'example_branch_operator' retrieved from /home/airflow/.local/lib/python3.12/site-packages/airflow/example_dags/example_branch_operator.py
[2024-10-04T23:53:23.262+0000] {logging_mixin.py:190} INFO - [2024-10-04T23:53:23.262+0000] {dag.py:3229} INFO - Sync 1 DAGs
[2024-10-04T23:53:23.309+0000] {logging_mixin.py:190} INFO - [2024-10-04T23:53:23.309+0000] {dag.py:4156} INFO - Setting next_dagrun for example_branch_operator to 2024-10-03 00:00:00+00:00, run_after=2024-10-04 00:00:00+00:00
[2024-10-04T23:53:23.353+0000] {processor.py:208} INFO - Processing /home/airflow/.local/lib/python3.12/site-packages/airflow/example_dags/example_branch_operator.py took 0.210 seconds
[2024-10-04T23:53:53.543+0000] {processor.py:186} INFO - Started process (PID=2079) to work on /home/airflow/.local/lib/python3.12/site-packages/airflow/example_dags/example_branch_operator.py
[2024-10-04T23:53:53.544+0000] {processor.py:914} INFO - Processing file /home/airflow/.local/lib/python3.12/site-packages/airflow/example_dags/example_branch_operator.py for tasks to queue
[2024-10-04T23:53:53.547+0000] {logging_mixin.py:190} INFO - [2024-10-04T23:53:53.547+0000] {dagbag.py:587} INFO - Filling up the DagBag from /home/airflow/.local/lib/python3.12/site-packages/airflow/example_dags/example_branch_operator.py
[2024-10-04T23:53:53.571+0000] {processor.py:925} INFO - DAG(s) 'example_branch_operator' retrieved from /home/airflow/.local/lib/python3.12/site-packages/airflow/example_dags/example_branch_operator.py
[2024-10-04T23:53:53.615+0000] {logging_mixin.py:190} INFO - [2024-10-04T23:53:53.614+0000] {dag.py:3229} INFO - Sync 1 DAGs
[2024-10-04T23:53:53.652+0000] {logging_mixin.py:190} INFO - [2024-10-04T23:53:53.652+0000] {dag.py:4156} INFO - Setting next_dagrun for example_branch_operator to 2024-10-03 00:00:00+00:00, run_after=2024-10-04 00:00:00+00:00
[2024-10-04T23:53:53.684+0000] {processor.py:208} INFO - Processing /home/airflow/.local/lib/python3.12/site-packages/airflow/example_dags/example_branch_operator.py took 0.149 seconds
[2024-10-04T23:54:24.025+0000] {processor.py:186} INFO - Started process (PID=2141) to work on /home/airflow/.local/lib/python3.12/site-packages/airflow/example_dags/example_branch_operator.py
[2024-10-04T23:54:24.027+0000] {processor.py:914} INFO - Processing file /home/airflow/.local/lib/python3.12/site-packages/airflow/example_dags/example_branch_operator.py for tasks to queue
[2024-10-04T23:54:24.032+0000] {logging_mixin.py:190} INFO - [2024-10-04T23:54:24.031+0000] {dagbag.py:587} INFO - Filling up the DagBag from /home/airflow/.local/lib/python3.12/site-packages/airflow/example_dags/example_branch_operator.py
[2024-10-04T23:54:24.064+0000] {processor.py:925} INFO - DAG(s) 'example_branch_operator' retrieved from /home/airflow/.local/lib/python3.12/site-packages/airflow/example_dags/example_branch_operator.py
[2024-10-04T23:54:24.110+0000] {logging_mixin.py:190} INFO - [2024-10-04T23:54:24.110+0000] {dag.py:3229} INFO - Sync 1 DAGs
[2024-10-04T23:54:24.149+0000] {logging_mixin.py:190} INFO - [2024-10-04T23:54:24.149+0000] {dag.py:4156} INFO - Setting next_dagrun for example_branch_operator to 2024-10-03 00:00:00+00:00, run_after=2024-10-04 00:00:00+00:00
[2024-10-04T23:54:24.187+0000] {processor.py:208} INFO - Processing /home/airflow/.local/lib/python3.12/site-packages/airflow/example_dags/example_branch_operator.py took 0.169 seconds
[2024-10-04T23:54:54.488+0000] {processor.py:186} INFO - Started process (PID=2203) to work on /home/airflow/.local/lib/python3.12/site-packages/airflow/example_dags/example_branch_operator.py
[2024-10-04T23:54:54.490+0000] {processor.py:914} INFO - Processing file /home/airflow/.local/lib/python3.12/site-packages/airflow/example_dags/example_branch_operator.py for tasks to queue
[2024-10-04T23:54:54.494+0000] {logging_mixin.py:190} INFO - [2024-10-04T23:54:54.494+0000] {dagbag.py:587} INFO - Filling up the DagBag from /home/airflow/.local/lib/python3.12/site-packages/airflow/example_dags/example_branch_operator.py
[2024-10-04T23:54:54.530+0000] {processor.py:925} INFO - DAG(s) 'example_branch_operator' retrieved from /home/airflow/.local/lib/python3.12/site-packages/airflow/example_dags/example_branch_operator.py
[2024-10-04T23:54:54.590+0000] {logging_mixin.py:190} INFO - [2024-10-04T23:54:54.590+0000] {dag.py:3229} INFO - Sync 1 DAGs
[2024-10-04T23:54:54.649+0000] {logging_mixin.py:190} INFO - [2024-10-04T23:54:54.648+0000] {dag.py:4156} INFO - Setting next_dagrun for example_branch_operator to 2024-10-03 00:00:00+00:00, run_after=2024-10-04 00:00:00+00:00
[2024-10-04T23:54:54.688+0000] {processor.py:208} INFO - Processing /home/airflow/.local/lib/python3.12/site-packages/airflow/example_dags/example_branch_operator.py took 0.214 seconds
[2024-10-04T23:55:25.384+0000] {processor.py:186} INFO - Started process (PID=2265) to work on /home/airflow/.local/lib/python3.12/site-packages/airflow/example_dags/example_branch_operator.py
[2024-10-04T23:55:25.385+0000] {processor.py:914} INFO - Processing file /home/airflow/.local/lib/python3.12/site-packages/airflow/example_dags/example_branch_operator.py for tasks to queue
[2024-10-04T23:55:25.389+0000] {logging_mixin.py:190} INFO - [2024-10-04T23:55:25.388+0000] {dagbag.py:587} INFO - Filling up the DagBag from /home/airflow/.local/lib/python3.12/site-packages/airflow/example_dags/example_branch_operator.py
[2024-10-04T23:55:25.415+0000] {processor.py:925} INFO - DAG(s) 'example_branch_operator' retrieved from /home/airflow/.local/lib/python3.12/site-packages/airflow/example_dags/example_branch_operator.py
[2024-10-04T23:55:25.464+0000] {logging_mixin.py:190} INFO - [2024-10-04T23:55:25.464+0000] {dag.py:3229} INFO - Sync 1 DAGs
[2024-10-04T23:55:25.507+0000] {logging_mixin.py:190} INFO - [2024-10-04T23:55:25.506+0000] {dag.py:4156} INFO - Setting next_dagrun for example_branch_operator to 2024-10-03 00:00:00+00:00, run_after=2024-10-04 00:00:00+00:00
[2024-10-04T23:55:25.537+0000] {processor.py:208} INFO - Processing /home/airflow/.local/lib/python3.12/site-packages/airflow/example_dags/example_branch_operator.py took 0.165 seconds
[2024-10-04T23:55:55.610+0000] {processor.py:186} INFO - Started process (PID=2327) to work on /home/airflow/.local/lib/python3.12/site-packages/airflow/example_dags/example_branch_operator.py
[2024-10-04T23:55:55.611+0000] {processor.py:914} INFO - Processing file /home/airflow/.local/lib/python3.12/site-packages/airflow/example_dags/example_branch_operator.py for tasks to queue
[2024-10-04T23:55:55.615+0000] {logging_mixin.py:190} INFO - [2024-10-04T23:55:55.614+0000] {dagbag.py:587} INFO - Filling up the DagBag from /home/airflow/.local/lib/python3.12/site-packages/airflow/example_dags/example_branch_operator.py
[2024-10-04T23:55:55.642+0000] {processor.py:925} INFO - DAG(s) 'example_branch_operator' retrieved from /home/airflow/.local/lib/python3.12/site-packages/airflow/example_dags/example_branch_operator.py
[2024-10-04T23:55:55.681+0000] {logging_mixin.py:190} INFO - [2024-10-04T23:55:55.681+0000] {dag.py:3229} INFO - Sync 1 DAGs
[2024-10-04T23:55:55.724+0000] {logging_mixin.py:190} INFO - [2024-10-04T23:55:55.723+0000] {dag.py:4156} INFO - Setting next_dagrun for example_branch_operator to 2024-10-03 00:00:00+00:00, run_after=2024-10-04 00:00:00+00:00
[2024-10-04T23:55:55.754+0000] {processor.py:208} INFO - Processing /home/airflow/.local/lib/python3.12/site-packages/airflow/example_dags/example_branch_operator.py took 0.152 seconds
[2024-10-04T23:56:25.925+0000] {processor.py:186} INFO - Started process (PID=2389) to work on /home/airflow/.local/lib/python3.12/site-packages/airflow/example_dags/example_branch_operator.py
[2024-10-04T23:56:25.926+0000] {processor.py:914} INFO - Processing file /home/airflow/.local/lib/python3.12/site-packages/airflow/example_dags/example_branch_operator.py for tasks to queue
[2024-10-04T23:56:25.929+0000] {logging_mixin.py:190} INFO - [2024-10-04T23:56:25.929+0000] {dagbag.py:587} INFO - Filling up the DagBag from /home/airflow/.local/lib/python3.12/site-packages/airflow/example_dags/example_branch_operator.py
[2024-10-04T23:56:25.958+0000] {processor.py:925} INFO - DAG(s) 'example_branch_operator' retrieved from /home/airflow/.local/lib/python3.12/site-packages/airflow/example_dags/example_branch_operator.py
[2024-10-04T23:56:26.005+0000] {logging_mixin.py:190} INFO - [2024-10-04T23:56:26.005+0000] {dag.py:3229} INFO - Sync 1 DAGs
[2024-10-04T23:56:26.046+0000] {logging_mixin.py:190} INFO - [2024-10-04T23:56:26.046+0000] {dag.py:4156} INFO - Setting next_dagrun for example_branch_operator to 2024-10-03 00:00:00+00:00, run_after=2024-10-04 00:00:00+00:00
[2024-10-04T23:56:26.082+0000] {processor.py:208} INFO - Processing /home/airflow/.local/lib/python3.12/site-packages/airflow/example_dags/example_branch_operator.py took 0.165 seconds
[2024-10-04T23:56:56.398+0000] {processor.py:186} INFO - Started process (PID=2451) to work on /home/airflow/.local/lib/python3.12/site-packages/airflow/example_dags/example_branch_operator.py
[2024-10-04T23:56:56.400+0000] {processor.py:914} INFO - Processing file /home/airflow/.local/lib/python3.12/site-packages/airflow/example_dags/example_branch_operator.py for tasks to queue
[2024-10-04T23:56:56.403+0000] {logging_mixin.py:190} INFO - [2024-10-04T23:56:56.402+0000] {dagbag.py:587} INFO - Filling up the DagBag from /home/airflow/.local/lib/python3.12/site-packages/airflow/example_dags/example_branch_operator.py
[2024-10-04T23:56:56.438+0000] {processor.py:925} INFO - DAG(s) 'example_branch_operator' retrieved from /home/airflow/.local/lib/python3.12/site-packages/airflow/example_dags/example_branch_operator.py
[2024-10-04T23:56:56.478+0000] {logging_mixin.py:190} INFO - [2024-10-04T23:56:56.477+0000] {dag.py:3229} INFO - Sync 1 DAGs
[2024-10-04T23:56:56.519+0000] {logging_mixin.py:190} INFO - [2024-10-04T23:56:56.518+0000] {dag.py:4156} INFO - Setting next_dagrun for example_branch_operator to 2024-10-03 00:00:00+00:00, run_after=2024-10-04 00:00:00+00:00
[2024-10-04T23:56:56.553+0000] {processor.py:208} INFO - Processing /home/airflow/.local/lib/python3.12/site-packages/airflow/example_dags/example_branch_operator.py took 0.163 seconds
[2024-10-04T23:57:27.202+0000] {processor.py:186} INFO - Started process (PID=2513) to work on /home/airflow/.local/lib/python3.12/site-packages/airflow/example_dags/example_branch_operator.py
[2024-10-04T23:57:27.203+0000] {processor.py:914} INFO - Processing file /home/airflow/.local/lib/python3.12/site-packages/airflow/example_dags/example_branch_operator.py for tasks to queue
[2024-10-04T23:57:27.207+0000] {logging_mixin.py:190} INFO - [2024-10-04T23:57:27.206+0000] {dagbag.py:587} INFO - Filling up the DagBag from /home/airflow/.local/lib/python3.12/site-packages/airflow/example_dags/example_branch_operator.py
[2024-10-04T23:57:27.244+0000] {processor.py:925} INFO - DAG(s) 'example_branch_operator' retrieved from /home/airflow/.local/lib/python3.12/site-packages/airflow/example_dags/example_branch_operator.py
[2024-10-04T23:57:27.291+0000] {logging_mixin.py:190} INFO - [2024-10-04T23:57:27.291+0000] {dag.py:3229} INFO - Sync 1 DAGs
[2024-10-04T23:57:27.325+0000] {logging_mixin.py:190} INFO - [2024-10-04T23:57:27.325+0000] {dag.py:4156} INFO - Setting next_dagrun for example_branch_operator to 2024-10-03 00:00:00+00:00, run_after=2024-10-04 00:00:00+00:00
[2024-10-04T23:57:27.372+0000] {processor.py:208} INFO - Processing /home/airflow/.local/lib/python3.12/site-packages/airflow/example_dags/example_branch_operator.py took 0.181 seconds
[2024-10-04T23:57:58.302+0000] {processor.py:186} INFO - Started process (PID=2575) to work on /home/airflow/.local/lib/python3.12/site-packages/airflow/example_dags/example_branch_operator.py
[2024-10-04T23:57:58.304+0000] {processor.py:914} INFO - Processing file /home/airflow/.local/lib/python3.12/site-packages/airflow/example_dags/example_branch_operator.py for tasks to queue
[2024-10-04T23:57:58.307+0000] {logging_mixin.py:190} INFO - [2024-10-04T23:57:58.306+0000] {dagbag.py:587} INFO - Filling up the DagBag from /home/airflow/.local/lib/python3.12/site-packages/airflow/example_dags/example_branch_operator.py
[2024-10-04T23:57:58.332+0000] {processor.py:925} INFO - DAG(s) 'example_branch_operator' retrieved from /home/airflow/.local/lib/python3.12/site-packages/airflow/example_dags/example_branch_operator.py
[2024-10-04T23:57:58.377+0000] {logging_mixin.py:190} INFO - [2024-10-04T23:57:58.377+0000] {dag.py:3229} INFO - Sync 1 DAGs
[2024-10-04T23:57:58.415+0000] {logging_mixin.py:190} INFO - [2024-10-04T23:57:58.414+0000] {dag.py:4156} INFO - Setting next_dagrun for example_branch_operator to 2024-10-03 00:00:00+00:00, run_after=2024-10-04 00:00:00+00:00
[2024-10-04T23:57:58.448+0000] {processor.py:208} INFO - Processing /home/airflow/.local/lib/python3.12/site-packages/airflow/example_dags/example_branch_operator.py took 0.154 seconds
[2024-10-04T23:58:28.900+0000] {processor.py:186} INFO - Started process (PID=2638) to work on /home/airflow/.local/lib/python3.12/site-packages/airflow/example_dags/example_branch_operator.py
[2024-10-04T23:58:28.901+0000] {processor.py:914} INFO - Processing file /home/airflow/.local/lib/python3.12/site-packages/airflow/example_dags/example_branch_operator.py for tasks to queue
[2024-10-04T23:58:28.906+0000] {logging_mixin.py:190} INFO - [2024-10-04T23:58:28.905+0000] {dagbag.py:587} INFO - Filling up the DagBag from /home/airflow/.local/lib/python3.12/site-packages/airflow/example_dags/example_branch_operator.py
[2024-10-04T23:58:28.940+0000] {processor.py:925} INFO - DAG(s) 'example_branch_operator' retrieved from /home/airflow/.local/lib/python3.12/site-packages/airflow/example_dags/example_branch_operator.py
[2024-10-04T23:58:28.992+0000] {logging_mixin.py:190} INFO - [2024-10-04T23:58:28.992+0000] {dag.py:3229} INFO - Sync 1 DAGs
[2024-10-04T23:58:29.035+0000] {logging_mixin.py:190} INFO - [2024-10-04T23:58:29.035+0000] {dag.py:4156} INFO - Setting next_dagrun for example_branch_operator to 2024-10-03 00:00:00+00:00, run_after=2024-10-04 00:00:00+00:00
[2024-10-04T23:58:29.069+0000] {processor.py:208} INFO - Processing /home/airflow/.local/lib/python3.12/site-packages/airflow/example_dags/example_branch_operator.py took 0.188 seconds
[2024-10-04T23:58:59.492+0000] {processor.py:186} INFO - Started process (PID=2700) to work on /home/airflow/.local/lib/python3.12/site-packages/airflow/example_dags/example_branch_operator.py
[2024-10-04T23:58:59.494+0000] {processor.py:914} INFO - Processing file /home/airflow/.local/lib/python3.12/site-packages/airflow/example_dags/example_branch_operator.py for tasks to queue
[2024-10-04T23:58:59.501+0000] {logging_mixin.py:190} INFO - [2024-10-04T23:58:59.500+0000] {dagbag.py:587} INFO - Filling up the DagBag from /home/airflow/.local/lib/python3.12/site-packages/airflow/example_dags/example_branch_operator.py
[2024-10-04T23:58:59.542+0000] {processor.py:925} INFO - DAG(s) 'example_branch_operator' retrieved from /home/airflow/.local/lib/python3.12/site-packages/airflow/example_dags/example_branch_operator.py
[2024-10-04T23:58:59.595+0000] {logging_mixin.py:190} INFO - [2024-10-04T23:58:59.595+0000] {dag.py:3229} INFO - Sync 1 DAGs
[2024-10-04T23:58:59.640+0000] {logging_mixin.py:190} INFO - [2024-10-04T23:58:59.639+0000] {dag.py:4156} INFO - Setting next_dagrun for example_branch_operator to 2024-10-03 00:00:00+00:00, run_after=2024-10-04 00:00:00+00:00
[2024-10-04T23:58:59.687+0000] {processor.py:208} INFO - Processing /home/airflow/.local/lib/python3.12/site-packages/airflow/example_dags/example_branch_operator.py took 0.206 seconds
[2024-10-04T23:59:29.996+0000] {processor.py:186} INFO - Started process (PID=2762) to work on /home/airflow/.local/lib/python3.12/site-packages/airflow/example_dags/example_branch_operator.py
[2024-10-04T23:59:29.998+0000] {processor.py:914} INFO - Processing file /home/airflow/.local/lib/python3.12/site-packages/airflow/example_dags/example_branch_operator.py for tasks to queue
[2024-10-04T23:59:30.002+0000] {logging_mixin.py:190} INFO - [2024-10-04T23:59:30.002+0000] {dagbag.py:587} INFO - Filling up the DagBag from /home/airflow/.local/lib/python3.12/site-packages/airflow/example_dags/example_branch_operator.py
[2024-10-04T23:59:30.029+0000] {processor.py:925} INFO - DAG(s) 'example_branch_operator' retrieved from /home/airflow/.local/lib/python3.12/site-packages/airflow/example_dags/example_branch_operator.py
[2024-10-04T23:59:30.081+0000] {logging_mixin.py:190} INFO - [2024-10-04T23:59:30.080+0000] {dag.py:3229} INFO - Sync 1 DAGs
[2024-10-04T23:59:30.126+0000] {logging_mixin.py:190} INFO - [2024-10-04T23:59:30.126+0000] {dag.py:4156} INFO - Setting next_dagrun for example_branch_operator to 2024-10-03 00:00:00+00:00, run_after=2024-10-04 00:00:00+00:00
[2024-10-04T23:59:30.160+0000] {processor.py:208} INFO - Processing /home/airflow/.local/lib/python3.12/site-packages/airflow/example_dags/example_branch_operator.py took 0.171 seconds
