[2024-10-04T19:16:50.140+0000] {processor.py:186} INFO - Started process (PID=81) to work on /home/airflow/.local/lib/python3.12/site-packages/airflow/example_dags/example_setup_teardown.py
[2024-10-04T19:16:50.143+0000] {processor.py:914} INFO - Processing file /home/airflow/.local/lib/python3.12/site-packages/airflow/example_dags/example_setup_teardown.py for tasks to queue
[2024-10-04T19:16:50.151+0000] {logging_mixin.py:190} INFO - [2024-10-04T19:16:50.150+0000] {dagbag.py:587} INFO - Filling up the DagBag from /home/airflow/.local/lib/python3.12/site-packages/airflow/example_dags/example_setup_teardown.py
[2024-10-04T19:16:50.193+0000] {processor.py:925} INFO - DAG(s) 'example_setup_teardown' retrieved from /home/airflow/.local/lib/python3.12/site-packages/airflow/example_dags/example_setup_teardown.py
[2024-10-04T19:16:50.598+0000] {logging_mixin.py:190} INFO - [2024-10-04T19:16:50.594+0000] {override.py:1900} INFO - Created Permission View: can edit on DAG:example_setup_teardown
[2024-10-04T19:16:50.648+0000] {logging_mixin.py:190} INFO - [2024-10-04T19:16:50.647+0000] {override.py:1900} INFO - Created Permission View: can read on DAG:example_setup_teardown
[2024-10-04T19:16:50.683+0000] {logging_mixin.py:190} INFO - [2024-10-04T19:16:50.683+0000] {override.py:1900} INFO - Created Permission View: can delete on DAG:example_setup_teardown
[2024-10-04T19:16:50.742+0000] {logging_mixin.py:190} INFO - [2024-10-04T19:16:50.741+0000] {override.py:1900} INFO - Created Permission View: can read on DAG Run:example_setup_teardown
[2024-10-04T19:16:50.771+0000] {logging_mixin.py:190} INFO - [2024-10-04T19:16:50.770+0000] {override.py:1900} INFO - Created Permission View: can delete on DAG Run:example_setup_teardown
[2024-10-04T19:16:50.819+0000] {logging_mixin.py:190} INFO - [2024-10-04T19:16:50.818+0000] {override.py:1900} INFO - Created Permission View: can create on DAG Run:example_setup_teardown
[2024-10-04T19:16:50.879+0000] {logging_mixin.py:190} INFO - [2024-10-04T19:16:50.878+0000] {override.py:1900} INFO - Created Permission View: menu access on DAG Run:example_setup_teardown
[2024-10-04T19:16:50.881+0000] {logging_mixin.py:190} INFO - [2024-10-04T19:16:50.880+0000] {dag.py:3229} INFO - Sync 1 DAGs
[2024-10-04T19:16:50.942+0000] {logging_mixin.py:190} INFO - [2024-10-04T19:16:50.942+0000] {dag.py:3252} INFO - Creating ORM DAG for example_setup_teardown
[2024-10-04T19:16:50.948+0000] {logging_mixin.py:190} INFO - [2024-10-04T19:16:50.948+0000] {dag.py:4156} INFO - Setting next_dagrun for example_setup_teardown to None, run_after=None
[2024-10-04T19:16:51.080+0000] {processor.py:208} INFO - Processing /home/airflow/.local/lib/python3.12/site-packages/airflow/example_dags/example_setup_teardown.py took 0.952 seconds
[2024-10-04T19:17:44.007+0000] {processor.py:186} INFO - Started process (PID=76) to work on /home/airflow/.local/lib/python3.12/site-packages/airflow/example_dags/example_setup_teardown.py
[2024-10-04T19:17:44.009+0000] {processor.py:914} INFO - Processing file /home/airflow/.local/lib/python3.12/site-packages/airflow/example_dags/example_setup_teardown.py for tasks to queue
[2024-10-04T19:17:44.021+0000] {logging_mixin.py:190} INFO - [2024-10-04T19:17:44.013+0000] {dagbag.py:587} INFO - Filling up the DagBag from /home/airflow/.local/lib/python3.12/site-packages/airflow/example_dags/example_setup_teardown.py
[2024-10-04T19:17:44.044+0000] {processor.py:925} INFO - DAG(s) 'example_setup_teardown' retrieved from /home/airflow/.local/lib/python3.12/site-packages/airflow/example_dags/example_setup_teardown.py
[2024-10-04T19:17:44.113+0000] {logging_mixin.py:190} INFO - [2024-10-04T19:17:44.113+0000] {dag.py:3229} INFO - Sync 1 DAGs
[2024-10-04T19:17:44.151+0000] {logging_mixin.py:190} INFO - [2024-10-04T19:17:44.150+0000] {dag.py:4156} INFO - Setting next_dagrun for example_setup_teardown to None, run_after=None
[2024-10-04T19:17:44.194+0000] {processor.py:208} INFO - Processing /home/airflow/.local/lib/python3.12/site-packages/airflow/example_dags/example_setup_teardown.py took 0.195 seconds
[2024-10-04T19:18:14.918+0000] {processor.py:186} INFO - Started process (PID=137) to work on /home/airflow/.local/lib/python3.12/site-packages/airflow/example_dags/example_setup_teardown.py
[2024-10-04T19:18:14.920+0000] {processor.py:914} INFO - Processing file /home/airflow/.local/lib/python3.12/site-packages/airflow/example_dags/example_setup_teardown.py for tasks to queue
[2024-10-04T19:18:14.924+0000] {logging_mixin.py:190} INFO - [2024-10-04T19:18:14.923+0000] {dagbag.py:587} INFO - Filling up the DagBag from /home/airflow/.local/lib/python3.12/site-packages/airflow/example_dags/example_setup_teardown.py
[2024-10-04T19:18:14.941+0000] {processor.py:925} INFO - DAG(s) 'example_setup_teardown' retrieved from /home/airflow/.local/lib/python3.12/site-packages/airflow/example_dags/example_setup_teardown.py
[2024-10-04T19:18:14.983+0000] {logging_mixin.py:190} INFO - [2024-10-04T19:18:14.982+0000] {dag.py:3229} INFO - Sync 1 DAGs
[2024-10-04T19:18:15.009+0000] {logging_mixin.py:190} INFO - [2024-10-04T19:18:15.008+0000] {dag.py:4156} INFO - Setting next_dagrun for example_setup_teardown to None, run_after=None
[2024-10-04T19:18:15.053+0000] {processor.py:208} INFO - Processing /home/airflow/.local/lib/python3.12/site-packages/airflow/example_dags/example_setup_teardown.py took 0.152 seconds
[2024-10-04T19:18:46.364+0000] {processor.py:186} INFO - Started process (PID=199) to work on /home/airflow/.local/lib/python3.12/site-packages/airflow/example_dags/example_setup_teardown.py
[2024-10-04T19:18:46.380+0000] {processor.py:914} INFO - Processing file /home/airflow/.local/lib/python3.12/site-packages/airflow/example_dags/example_setup_teardown.py for tasks to queue
[2024-10-04T19:18:46.393+0000] {logging_mixin.py:190} INFO - [2024-10-04T19:18:46.389+0000] {dagbag.py:587} INFO - Filling up the DagBag from /home/airflow/.local/lib/python3.12/site-packages/airflow/example_dags/example_setup_teardown.py
[2024-10-04T19:18:46.432+0000] {processor.py:925} INFO - DAG(s) 'example_setup_teardown' retrieved from /home/airflow/.local/lib/python3.12/site-packages/airflow/example_dags/example_setup_teardown.py
[2024-10-04T19:18:46.599+0000] {logging_mixin.py:190} INFO - [2024-10-04T19:18:46.598+0000] {dag.py:3229} INFO - Sync 1 DAGs
[2024-10-04T19:18:46.711+0000] {logging_mixin.py:190} INFO - [2024-10-04T19:18:46.710+0000] {dag.py:4156} INFO - Setting next_dagrun for example_setup_teardown to None, run_after=None
[2024-10-04T19:18:48.790+0000] {logging_mixin.py:190} INFO - [2024-10-04T19:18:48.786+0000] {process_utils.py:266} INFO - Waiting up to 5 seconds for processes to exit...
[2024-10-04T23:37:18.075+0000] {processor.py:186} INFO - Started process (PID=72) to work on /home/airflow/.local/lib/python3.12/site-packages/airflow/example_dags/example_setup_teardown.py
[2024-10-04T23:37:18.085+0000] {processor.py:914} INFO - Processing file /home/airflow/.local/lib/python3.12/site-packages/airflow/example_dags/example_setup_teardown.py for tasks to queue
[2024-10-04T23:37:18.094+0000] {logging_mixin.py:190} INFO - [2024-10-04T23:37:18.093+0000] {dagbag.py:587} INFO - Filling up the DagBag from /home/airflow/.local/lib/python3.12/site-packages/airflow/example_dags/example_setup_teardown.py
[2024-10-04T23:37:18.153+0000] {processor.py:925} INFO - DAG(s) 'example_setup_teardown' retrieved from /home/airflow/.local/lib/python3.12/site-packages/airflow/example_dags/example_setup_teardown.py
[2024-10-04T23:37:18.276+0000] {logging_mixin.py:190} INFO - [2024-10-04T23:37:18.276+0000] {dag.py:3229} INFO - Sync 1 DAGs
[2024-10-04T23:37:18.360+0000] {logging_mixin.py:190} INFO - [2024-10-04T23:37:18.359+0000] {dag.py:4156} INFO - Setting next_dagrun for example_setup_teardown to None, run_after=None
[2024-10-04T23:37:18.441+0000] {processor.py:208} INFO - Processing /home/airflow/.local/lib/python3.12/site-packages/airflow/example_dags/example_setup_teardown.py took 0.381 seconds
[2024-10-04T23:37:49.082+0000] {processor.py:186} INFO - Started process (PID=134) to work on /home/airflow/.local/lib/python3.12/site-packages/airflow/example_dags/example_setup_teardown.py
[2024-10-04T23:37:49.083+0000] {processor.py:914} INFO - Processing file /home/airflow/.local/lib/python3.12/site-packages/airflow/example_dags/example_setup_teardown.py for tasks to queue
[2024-10-04T23:37:49.087+0000] {logging_mixin.py:190} INFO - [2024-10-04T23:37:49.086+0000] {dagbag.py:587} INFO - Filling up the DagBag from /home/airflow/.local/lib/python3.12/site-packages/airflow/example_dags/example_setup_teardown.py
[2024-10-04T23:37:49.102+0000] {processor.py:925} INFO - DAG(s) 'example_setup_teardown' retrieved from /home/airflow/.local/lib/python3.12/site-packages/airflow/example_dags/example_setup_teardown.py
[2024-10-04T23:37:49.149+0000] {logging_mixin.py:190} INFO - [2024-10-04T23:37:49.148+0000] {dag.py:3229} INFO - Sync 1 DAGs
[2024-10-04T23:37:49.172+0000] {logging_mixin.py:190} INFO - [2024-10-04T23:37:49.172+0000] {dag.py:4156} INFO - Setting next_dagrun for example_setup_teardown to None, run_after=None
[2024-10-04T23:37:49.220+0000] {processor.py:208} INFO - Processing /home/airflow/.local/lib/python3.12/site-packages/airflow/example_dags/example_setup_teardown.py took 0.148 seconds
[2024-10-04T23:38:19.496+0000] {processor.py:186} INFO - Started process (PID=195) to work on /home/airflow/.local/lib/python3.12/site-packages/airflow/example_dags/example_setup_teardown.py
[2024-10-04T23:38:19.497+0000] {processor.py:914} INFO - Processing file /home/airflow/.local/lib/python3.12/site-packages/airflow/example_dags/example_setup_teardown.py for tasks to queue
[2024-10-04T23:38:19.500+0000] {logging_mixin.py:190} INFO - [2024-10-04T23:38:19.500+0000] {dagbag.py:587} INFO - Filling up the DagBag from /home/airflow/.local/lib/python3.12/site-packages/airflow/example_dags/example_setup_teardown.py
[2024-10-04T23:38:19.511+0000] {processor.py:925} INFO - DAG(s) 'example_setup_teardown' retrieved from /home/airflow/.local/lib/python3.12/site-packages/airflow/example_dags/example_setup_teardown.py
[2024-10-04T23:38:19.538+0000] {logging_mixin.py:190} INFO - [2024-10-04T23:38:19.538+0000] {dag.py:3229} INFO - Sync 1 DAGs
[2024-10-04T23:38:19.559+0000] {logging_mixin.py:190} INFO - [2024-10-04T23:38:19.559+0000] {dag.py:4156} INFO - Setting next_dagrun for example_setup_teardown to None, run_after=None
[2024-10-04T23:38:19.596+0000] {processor.py:208} INFO - Processing /home/airflow/.local/lib/python3.12/site-packages/airflow/example_dags/example_setup_teardown.py took 0.109 seconds
[2024-10-04T23:38:50.074+0000] {processor.py:186} INFO - Started process (PID=257) to work on /home/airflow/.local/lib/python3.12/site-packages/airflow/example_dags/example_setup_teardown.py
[2024-10-04T23:38:50.076+0000] {processor.py:914} INFO - Processing file /home/airflow/.local/lib/python3.12/site-packages/airflow/example_dags/example_setup_teardown.py for tasks to queue
[2024-10-04T23:38:50.080+0000] {logging_mixin.py:190} INFO - [2024-10-04T23:38:50.079+0000] {dagbag.py:587} INFO - Filling up the DagBag from /home/airflow/.local/lib/python3.12/site-packages/airflow/example_dags/example_setup_teardown.py
[2024-10-04T23:38:50.094+0000] {processor.py:925} INFO - DAG(s) 'example_setup_teardown' retrieved from /home/airflow/.local/lib/python3.12/site-packages/airflow/example_dags/example_setup_teardown.py
[2024-10-04T23:38:50.121+0000] {logging_mixin.py:190} INFO - [2024-10-04T23:38:50.121+0000] {dag.py:3229} INFO - Sync 1 DAGs
[2024-10-04T23:38:50.144+0000] {logging_mixin.py:190} INFO - [2024-10-04T23:38:50.144+0000] {dag.py:4156} INFO - Setting next_dagrun for example_setup_teardown to None, run_after=None
[2024-10-04T23:38:50.180+0000] {processor.py:208} INFO - Processing /home/airflow/.local/lib/python3.12/site-packages/airflow/example_dags/example_setup_teardown.py took 0.114 seconds
[2024-10-04T23:39:21.146+0000] {processor.py:186} INFO - Started process (PID=319) to work on /home/airflow/.local/lib/python3.12/site-packages/airflow/example_dags/example_setup_teardown.py
[2024-10-04T23:39:21.148+0000] {processor.py:914} INFO - Processing file /home/airflow/.local/lib/python3.12/site-packages/airflow/example_dags/example_setup_teardown.py for tasks to queue
[2024-10-04T23:39:21.153+0000] {logging_mixin.py:190} INFO - [2024-10-04T23:39:21.152+0000] {dagbag.py:587} INFO - Filling up the DagBag from /home/airflow/.local/lib/python3.12/site-packages/airflow/example_dags/example_setup_teardown.py
[2024-10-04T23:39:21.172+0000] {processor.py:925} INFO - DAG(s) 'example_setup_teardown' retrieved from /home/airflow/.local/lib/python3.12/site-packages/airflow/example_dags/example_setup_teardown.py
[2024-10-04T23:39:21.200+0000] {logging_mixin.py:190} INFO - [2024-10-04T23:39:21.200+0000] {dag.py:3229} INFO - Sync 1 DAGs
[2024-10-04T23:39:21.228+0000] {logging_mixin.py:190} INFO - [2024-10-04T23:39:21.228+0000] {dag.py:4156} INFO - Setting next_dagrun for example_setup_teardown to None, run_after=None
[2024-10-04T23:39:21.276+0000] {processor.py:208} INFO - Processing /home/airflow/.local/lib/python3.12/site-packages/airflow/example_dags/example_setup_teardown.py took 0.141 seconds
[2024-10-04T23:39:52.181+0000] {processor.py:186} INFO - Started process (PID=381) to work on /home/airflow/.local/lib/python3.12/site-packages/airflow/example_dags/example_setup_teardown.py
[2024-10-04T23:39:52.183+0000] {processor.py:914} INFO - Processing file /home/airflow/.local/lib/python3.12/site-packages/airflow/example_dags/example_setup_teardown.py for tasks to queue
[2024-10-04T23:39:52.187+0000] {logging_mixin.py:190} INFO - [2024-10-04T23:39:52.186+0000] {dagbag.py:587} INFO - Filling up the DagBag from /home/airflow/.local/lib/python3.12/site-packages/airflow/example_dags/example_setup_teardown.py
[2024-10-04T23:39:52.197+0000] {processor.py:925} INFO - DAG(s) 'example_setup_teardown' retrieved from /home/airflow/.local/lib/python3.12/site-packages/airflow/example_dags/example_setup_teardown.py
[2024-10-04T23:39:52.224+0000] {logging_mixin.py:190} INFO - [2024-10-04T23:39:52.224+0000] {dag.py:3229} INFO - Sync 1 DAGs
[2024-10-04T23:39:52.246+0000] {logging_mixin.py:190} INFO - [2024-10-04T23:39:52.245+0000] {dag.py:4156} INFO - Setting next_dagrun for example_setup_teardown to None, run_after=None
[2024-10-04T23:39:52.277+0000] {processor.py:208} INFO - Processing /home/airflow/.local/lib/python3.12/site-packages/airflow/example_dags/example_setup_teardown.py took 0.102 seconds
[2024-10-04T23:40:22.991+0000] {processor.py:186} INFO - Started process (PID=443) to work on /home/airflow/.local/lib/python3.12/site-packages/airflow/example_dags/example_setup_teardown.py
[2024-10-04T23:40:22.992+0000] {processor.py:914} INFO - Processing file /home/airflow/.local/lib/python3.12/site-packages/airflow/example_dags/example_setup_teardown.py for tasks to queue
[2024-10-04T23:40:22.996+0000] {logging_mixin.py:190} INFO - [2024-10-04T23:40:22.996+0000] {dagbag.py:587} INFO - Filling up the DagBag from /home/airflow/.local/lib/python3.12/site-packages/airflow/example_dags/example_setup_teardown.py
[2024-10-04T23:40:23.017+0000] {processor.py:925} INFO - DAG(s) 'example_setup_teardown' retrieved from /home/airflow/.local/lib/python3.12/site-packages/airflow/example_dags/example_setup_teardown.py
[2024-10-04T23:40:23.054+0000] {logging_mixin.py:190} INFO - [2024-10-04T23:40:23.054+0000] {dag.py:3229} INFO - Sync 1 DAGs
[2024-10-04T23:40:23.087+0000] {logging_mixin.py:190} INFO - [2024-10-04T23:40:23.086+0000] {dag.py:4156} INFO - Setting next_dagrun for example_setup_teardown to None, run_after=None
[2024-10-04T23:40:23.152+0000] {processor.py:208} INFO - Processing /home/airflow/.local/lib/python3.12/site-packages/airflow/example_dags/example_setup_teardown.py took 0.173 seconds
[2024-10-04T23:40:53.510+0000] {processor.py:186} INFO - Started process (PID=505) to work on /home/airflow/.local/lib/python3.12/site-packages/airflow/example_dags/example_setup_teardown.py
[2024-10-04T23:40:53.511+0000] {processor.py:914} INFO - Processing file /home/airflow/.local/lib/python3.12/site-packages/airflow/example_dags/example_setup_teardown.py for tasks to queue
[2024-10-04T23:40:53.515+0000] {logging_mixin.py:190} INFO - [2024-10-04T23:40:53.514+0000] {dagbag.py:587} INFO - Filling up the DagBag from /home/airflow/.local/lib/python3.12/site-packages/airflow/example_dags/example_setup_teardown.py
[2024-10-04T23:40:53.526+0000] {processor.py:925} INFO - DAG(s) 'example_setup_teardown' retrieved from /home/airflow/.local/lib/python3.12/site-packages/airflow/example_dags/example_setup_teardown.py
[2024-10-04T23:40:53.560+0000] {logging_mixin.py:190} INFO - [2024-10-04T23:40:53.559+0000] {dag.py:3229} INFO - Sync 1 DAGs
[2024-10-04T23:40:53.588+0000] {logging_mixin.py:190} INFO - [2024-10-04T23:40:53.587+0000] {dag.py:4156} INFO - Setting next_dagrun for example_setup_teardown to None, run_after=None
[2024-10-04T23:40:53.619+0000] {processor.py:208} INFO - Processing /home/airflow/.local/lib/python3.12/site-packages/airflow/example_dags/example_setup_teardown.py took 0.117 seconds
[2024-10-04T23:41:24.081+0000] {processor.py:186} INFO - Started process (PID=568) to work on /home/airflow/.local/lib/python3.12/site-packages/airflow/example_dags/example_setup_teardown.py
[2024-10-04T23:41:24.082+0000] {processor.py:914} INFO - Processing file /home/airflow/.local/lib/python3.12/site-packages/airflow/example_dags/example_setup_teardown.py for tasks to queue
[2024-10-04T23:41:24.086+0000] {logging_mixin.py:190} INFO - [2024-10-04T23:41:24.085+0000] {dagbag.py:587} INFO - Filling up the DagBag from /home/airflow/.local/lib/python3.12/site-packages/airflow/example_dags/example_setup_teardown.py
[2024-10-04T23:41:24.098+0000] {processor.py:925} INFO - DAG(s) 'example_setup_teardown' retrieved from /home/airflow/.local/lib/python3.12/site-packages/airflow/example_dags/example_setup_teardown.py
[2024-10-04T23:41:24.124+0000] {logging_mixin.py:190} INFO - [2024-10-04T23:41:24.124+0000] {dag.py:3229} INFO - Sync 1 DAGs
[2024-10-04T23:41:24.142+0000] {logging_mixin.py:190} INFO - [2024-10-04T23:41:24.142+0000] {dag.py:4156} INFO - Setting next_dagrun for example_setup_teardown to None, run_after=None
[2024-10-04T23:41:24.190+0000] {processor.py:208} INFO - Processing /home/airflow/.local/lib/python3.12/site-packages/airflow/example_dags/example_setup_teardown.py took 0.119 seconds
[2024-10-04T23:41:54.658+0000] {processor.py:186} INFO - Started process (PID=629) to work on /home/airflow/.local/lib/python3.12/site-packages/airflow/example_dags/example_setup_teardown.py
[2024-10-04T23:41:54.664+0000] {processor.py:914} INFO - Processing file /home/airflow/.local/lib/python3.12/site-packages/airflow/example_dags/example_setup_teardown.py for tasks to queue
[2024-10-04T23:41:54.670+0000] {logging_mixin.py:190} INFO - [2024-10-04T23:41:54.669+0000] {dagbag.py:587} INFO - Filling up the DagBag from /home/airflow/.local/lib/python3.12/site-packages/airflow/example_dags/example_setup_teardown.py
[2024-10-04T23:41:54.692+0000] {processor.py:925} INFO - DAG(s) 'example_setup_teardown' retrieved from /home/airflow/.local/lib/python3.12/site-packages/airflow/example_dags/example_setup_teardown.py
[2024-10-04T23:41:54.720+0000] {logging_mixin.py:190} INFO - [2024-10-04T23:41:54.720+0000] {dag.py:3229} INFO - Sync 1 DAGs
[2024-10-04T23:41:54.740+0000] {logging_mixin.py:190} INFO - [2024-10-04T23:41:54.739+0000] {dag.py:4156} INFO - Setting next_dagrun for example_setup_teardown to None, run_after=None
[2024-10-04T23:41:54.774+0000] {processor.py:208} INFO - Processing /home/airflow/.local/lib/python3.12/site-packages/airflow/example_dags/example_setup_teardown.py took 0.126 seconds
[2024-10-04T23:42:26.032+0000] {processor.py:186} INFO - Started process (PID=691) to work on /home/airflow/.local/lib/python3.12/site-packages/airflow/example_dags/example_setup_teardown.py
[2024-10-04T23:42:26.036+0000] {processor.py:914} INFO - Processing file /home/airflow/.local/lib/python3.12/site-packages/airflow/example_dags/example_setup_teardown.py for tasks to queue
[2024-10-04T23:42:26.040+0000] {logging_mixin.py:190} INFO - [2024-10-04T23:42:26.039+0000] {dagbag.py:587} INFO - Filling up the DagBag from /home/airflow/.local/lib/python3.12/site-packages/airflow/example_dags/example_setup_teardown.py
[2024-10-04T23:42:26.061+0000] {processor.py:925} INFO - DAG(s) 'example_setup_teardown' retrieved from /home/airflow/.local/lib/python3.12/site-packages/airflow/example_dags/example_setup_teardown.py
[2024-10-04T23:42:26.098+0000] {logging_mixin.py:190} INFO - [2024-10-04T23:42:26.097+0000] {dag.py:3229} INFO - Sync 1 DAGs
[2024-10-04T23:42:26.123+0000] {logging_mixin.py:190} INFO - [2024-10-04T23:42:26.122+0000] {dag.py:4156} INFO - Setting next_dagrun for example_setup_teardown to None, run_after=None
[2024-10-04T23:42:26.157+0000] {processor.py:208} INFO - Processing /home/airflow/.local/lib/python3.12/site-packages/airflow/example_dags/example_setup_teardown.py took 0.136 seconds
[2024-10-04T23:42:56.545+0000] {processor.py:186} INFO - Started process (PID=754) to work on /home/airflow/.local/lib/python3.12/site-packages/airflow/example_dags/example_setup_teardown.py
[2024-10-04T23:42:56.546+0000] {processor.py:914} INFO - Processing file /home/airflow/.local/lib/python3.12/site-packages/airflow/example_dags/example_setup_teardown.py for tasks to queue
[2024-10-04T23:42:56.550+0000] {logging_mixin.py:190} INFO - [2024-10-04T23:42:56.549+0000] {dagbag.py:587} INFO - Filling up the DagBag from /home/airflow/.local/lib/python3.12/site-packages/airflow/example_dags/example_setup_teardown.py
[2024-10-04T23:42:56.562+0000] {processor.py:925} INFO - DAG(s) 'example_setup_teardown' retrieved from /home/airflow/.local/lib/python3.12/site-packages/airflow/example_dags/example_setup_teardown.py
[2024-10-04T23:42:56.589+0000] {logging_mixin.py:190} INFO - [2024-10-04T23:42:56.589+0000] {dag.py:3229} INFO - Sync 1 DAGs
[2024-10-04T23:42:56.607+0000] {logging_mixin.py:190} INFO - [2024-10-04T23:42:56.607+0000] {dag.py:4156} INFO - Setting next_dagrun for example_setup_teardown to None, run_after=None
[2024-10-04T23:42:56.643+0000] {processor.py:208} INFO - Processing /home/airflow/.local/lib/python3.12/site-packages/airflow/example_dags/example_setup_teardown.py took 0.108 seconds
[2024-10-04T23:43:27.206+0000] {processor.py:186} INFO - Started process (PID=816) to work on /home/airflow/.local/lib/python3.12/site-packages/airflow/example_dags/example_setup_teardown.py
[2024-10-04T23:43:27.207+0000] {processor.py:914} INFO - Processing file /home/airflow/.local/lib/python3.12/site-packages/airflow/example_dags/example_setup_teardown.py for tasks to queue
[2024-10-04T23:43:27.211+0000] {logging_mixin.py:190} INFO - [2024-10-04T23:43:27.211+0000] {dagbag.py:587} INFO - Filling up the DagBag from /home/airflow/.local/lib/python3.12/site-packages/airflow/example_dags/example_setup_teardown.py
[2024-10-04T23:43:27.226+0000] {processor.py:925} INFO - DAG(s) 'example_setup_teardown' retrieved from /home/airflow/.local/lib/python3.12/site-packages/airflow/example_dags/example_setup_teardown.py
[2024-10-04T23:43:27.258+0000] {logging_mixin.py:190} INFO - [2024-10-04T23:43:27.257+0000] {dag.py:3229} INFO - Sync 1 DAGs
[2024-10-04T23:43:27.285+0000] {logging_mixin.py:190} INFO - [2024-10-04T23:43:27.285+0000] {dag.py:4156} INFO - Setting next_dagrun for example_setup_teardown to None, run_after=None
[2024-10-04T23:43:27.323+0000] {processor.py:208} INFO - Processing /home/airflow/.local/lib/python3.12/site-packages/airflow/example_dags/example_setup_teardown.py took 0.128 seconds
[2024-10-04T23:43:57.774+0000] {processor.py:186} INFO - Started process (PID=877) to work on /home/airflow/.local/lib/python3.12/site-packages/airflow/example_dags/example_setup_teardown.py
[2024-10-04T23:43:57.775+0000] {processor.py:914} INFO - Processing file /home/airflow/.local/lib/python3.12/site-packages/airflow/example_dags/example_setup_teardown.py for tasks to queue
[2024-10-04T23:43:57.779+0000] {logging_mixin.py:190} INFO - [2024-10-04T23:43:57.779+0000] {dagbag.py:587} INFO - Filling up the DagBag from /home/airflow/.local/lib/python3.12/site-packages/airflow/example_dags/example_setup_teardown.py
[2024-10-04T23:43:57.794+0000] {processor.py:925} INFO - DAG(s) 'example_setup_teardown' retrieved from /home/airflow/.local/lib/python3.12/site-packages/airflow/example_dags/example_setup_teardown.py
[2024-10-04T23:43:57.847+0000] {logging_mixin.py:190} INFO - [2024-10-04T23:43:57.846+0000] {dag.py:3229} INFO - Sync 1 DAGs
[2024-10-04T23:43:57.888+0000] {logging_mixin.py:190} INFO - [2024-10-04T23:43:57.887+0000] {dag.py:4156} INFO - Setting next_dagrun for example_setup_teardown to None, run_after=None
[2024-10-04T23:43:57.935+0000] {processor.py:208} INFO - Processing /home/airflow/.local/lib/python3.12/site-packages/airflow/example_dags/example_setup_teardown.py took 0.172 seconds
[2024-10-04T23:44:28.199+0000] {processor.py:186} INFO - Started process (PID=938) to work on /home/airflow/.local/lib/python3.12/site-packages/airflow/example_dags/example_setup_teardown.py
[2024-10-04T23:44:28.200+0000] {processor.py:914} INFO - Processing file /home/airflow/.local/lib/python3.12/site-packages/airflow/example_dags/example_setup_teardown.py for tasks to queue
[2024-10-04T23:44:28.204+0000] {logging_mixin.py:190} INFO - [2024-10-04T23:44:28.203+0000] {dagbag.py:587} INFO - Filling up the DagBag from /home/airflow/.local/lib/python3.12/site-packages/airflow/example_dags/example_setup_teardown.py
[2024-10-04T23:44:28.219+0000] {processor.py:925} INFO - DAG(s) 'example_setup_teardown' retrieved from /home/airflow/.local/lib/python3.12/site-packages/airflow/example_dags/example_setup_teardown.py
[2024-10-04T23:44:28.253+0000] {logging_mixin.py:190} INFO - [2024-10-04T23:44:28.252+0000] {dag.py:3229} INFO - Sync 1 DAGs
[2024-10-04T23:44:28.271+0000] {logging_mixin.py:190} INFO - [2024-10-04T23:44:28.271+0000] {dag.py:4156} INFO - Setting next_dagrun for example_setup_teardown to None, run_after=None
[2024-10-04T23:44:28.305+0000] {processor.py:208} INFO - Processing /home/airflow/.local/lib/python3.12/site-packages/airflow/example_dags/example_setup_teardown.py took 0.115 seconds
[2024-10-04T23:44:59.302+0000] {processor.py:186} INFO - Started process (PID=1001) to work on /home/airflow/.local/lib/python3.12/site-packages/airflow/example_dags/example_setup_teardown.py
[2024-10-04T23:44:59.304+0000] {processor.py:914} INFO - Processing file /home/airflow/.local/lib/python3.12/site-packages/airflow/example_dags/example_setup_teardown.py for tasks to queue
[2024-10-04T23:44:59.307+0000] {logging_mixin.py:190} INFO - [2024-10-04T23:44:59.306+0000] {dagbag.py:587} INFO - Filling up the DagBag from /home/airflow/.local/lib/python3.12/site-packages/airflow/example_dags/example_setup_teardown.py
[2024-10-04T23:44:59.321+0000] {processor.py:925} INFO - DAG(s) 'example_setup_teardown' retrieved from /home/airflow/.local/lib/python3.12/site-packages/airflow/example_dags/example_setup_teardown.py
[2024-10-04T23:44:59.350+0000] {logging_mixin.py:190} INFO - [2024-10-04T23:44:59.350+0000] {dag.py:3229} INFO - Sync 1 DAGs
[2024-10-04T23:44:59.373+0000] {logging_mixin.py:190} INFO - [2024-10-04T23:44:59.373+0000] {dag.py:4156} INFO - Setting next_dagrun for example_setup_teardown to None, run_after=None
[2024-10-04T23:44:59.410+0000] {processor.py:208} INFO - Processing /home/airflow/.local/lib/python3.12/site-packages/airflow/example_dags/example_setup_teardown.py took 0.118 seconds
[2024-10-04T23:45:30.071+0000] {processor.py:186} INFO - Started process (PID=1063) to work on /home/airflow/.local/lib/python3.12/site-packages/airflow/example_dags/example_setup_teardown.py
[2024-10-04T23:45:30.072+0000] {processor.py:914} INFO - Processing file /home/airflow/.local/lib/python3.12/site-packages/airflow/example_dags/example_setup_teardown.py for tasks to queue
[2024-10-04T23:45:30.076+0000] {logging_mixin.py:190} INFO - [2024-10-04T23:45:30.075+0000] {dagbag.py:587} INFO - Filling up the DagBag from /home/airflow/.local/lib/python3.12/site-packages/airflow/example_dags/example_setup_teardown.py
[2024-10-04T23:45:30.091+0000] {processor.py:925} INFO - DAG(s) 'example_setup_teardown' retrieved from /home/airflow/.local/lib/python3.12/site-packages/airflow/example_dags/example_setup_teardown.py
[2024-10-04T23:45:30.117+0000] {logging_mixin.py:190} INFO - [2024-10-04T23:45:30.117+0000] {dag.py:3229} INFO - Sync 1 DAGs
[2024-10-04T23:45:30.140+0000] {logging_mixin.py:190} INFO - [2024-10-04T23:45:30.140+0000] {dag.py:4156} INFO - Setting next_dagrun for example_setup_teardown to None, run_after=None
[2024-10-04T23:45:30.176+0000] {processor.py:208} INFO - Processing /home/airflow/.local/lib/python3.12/site-packages/airflow/example_dags/example_setup_teardown.py took 0.114 seconds
[2024-10-04T23:46:02.868+0000] {processor.py:186} INFO - Started process (PID=1125) to work on /home/airflow/.local/lib/python3.12/site-packages/airflow/example_dags/example_setup_teardown.py
[2024-10-04T23:46:02.870+0000] {processor.py:914} INFO - Processing file /home/airflow/.local/lib/python3.12/site-packages/airflow/example_dags/example_setup_teardown.py for tasks to queue
[2024-10-04T23:46:02.875+0000] {logging_mixin.py:190} INFO - [2024-10-04T23:46:02.874+0000] {dagbag.py:587} INFO - Filling up the DagBag from /home/airflow/.local/lib/python3.12/site-packages/airflow/example_dags/example_setup_teardown.py
[2024-10-04T23:46:02.905+0000] {processor.py:925} INFO - DAG(s) 'example_setup_teardown' retrieved from /home/airflow/.local/lib/python3.12/site-packages/airflow/example_dags/example_setup_teardown.py
[2024-10-04T23:46:02.996+0000] {logging_mixin.py:190} INFO - [2024-10-04T23:46:02.996+0000] {dag.py:3229} INFO - Sync 1 DAGs
[2024-10-04T23:46:03.056+0000] {logging_mixin.py:190} INFO - [2024-10-04T23:46:03.055+0000] {dag.py:4156} INFO - Setting next_dagrun for example_setup_teardown to None, run_after=None
[2024-10-04T23:46:03.139+0000] {processor.py:208} INFO - Processing /home/airflow/.local/lib/python3.12/site-packages/airflow/example_dags/example_setup_teardown.py took 0.287 seconds
[2024-10-04T23:46:33.231+0000] {processor.py:186} INFO - Started process (PID=1187) to work on /home/airflow/.local/lib/python3.12/site-packages/airflow/example_dags/example_setup_teardown.py
[2024-10-04T23:46:33.233+0000] {processor.py:914} INFO - Processing file /home/airflow/.local/lib/python3.12/site-packages/airflow/example_dags/example_setup_teardown.py for tasks to queue
[2024-10-04T23:46:33.236+0000] {logging_mixin.py:190} INFO - [2024-10-04T23:46:33.235+0000] {dagbag.py:587} INFO - Filling up the DagBag from /home/airflow/.local/lib/python3.12/site-packages/airflow/example_dags/example_setup_teardown.py
[2024-10-04T23:46:33.246+0000] {processor.py:925} INFO - DAG(s) 'example_setup_teardown' retrieved from /home/airflow/.local/lib/python3.12/site-packages/airflow/example_dags/example_setup_teardown.py
[2024-10-04T23:46:33.275+0000] {logging_mixin.py:190} INFO - [2024-10-04T23:46:33.274+0000] {dag.py:3229} INFO - Sync 1 DAGs
[2024-10-04T23:46:33.297+0000] {logging_mixin.py:190} INFO - [2024-10-04T23:46:33.297+0000] {dag.py:4156} INFO - Setting next_dagrun for example_setup_teardown to None, run_after=None
[2024-10-04T23:46:33.334+0000] {processor.py:208} INFO - Processing /home/airflow/.local/lib/python3.12/site-packages/airflow/example_dags/example_setup_teardown.py took 0.112 seconds
[2024-10-04T23:47:04.190+0000] {processor.py:186} INFO - Started process (PID=1248) to work on /home/airflow/.local/lib/python3.12/site-packages/airflow/example_dags/example_setup_teardown.py
[2024-10-04T23:47:04.191+0000] {processor.py:914} INFO - Processing file /home/airflow/.local/lib/python3.12/site-packages/airflow/example_dags/example_setup_teardown.py for tasks to queue
[2024-10-04T23:47:04.196+0000] {logging_mixin.py:190} INFO - [2024-10-04T23:47:04.195+0000] {dagbag.py:587} INFO - Filling up the DagBag from /home/airflow/.local/lib/python3.12/site-packages/airflow/example_dags/example_setup_teardown.py
[2024-10-04T23:47:04.208+0000] {processor.py:925} INFO - DAG(s) 'example_setup_teardown' retrieved from /home/airflow/.local/lib/python3.12/site-packages/airflow/example_dags/example_setup_teardown.py
[2024-10-04T23:47:04.239+0000] {logging_mixin.py:190} INFO - [2024-10-04T23:47:04.238+0000] {dag.py:3229} INFO - Sync 1 DAGs
[2024-10-04T23:47:04.262+0000] {logging_mixin.py:190} INFO - [2024-10-04T23:47:04.262+0000] {dag.py:4156} INFO - Setting next_dagrun for example_setup_teardown to None, run_after=None
[2024-10-04T23:47:04.294+0000] {processor.py:208} INFO - Processing /home/airflow/.local/lib/python3.12/site-packages/airflow/example_dags/example_setup_teardown.py took 0.112 seconds
[2024-10-04T23:47:34.959+0000] {processor.py:186} INFO - Started process (PID=1309) to work on /home/airflow/.local/lib/python3.12/site-packages/airflow/example_dags/example_setup_teardown.py
[2024-10-04T23:47:34.960+0000] {processor.py:914} INFO - Processing file /home/airflow/.local/lib/python3.12/site-packages/airflow/example_dags/example_setup_teardown.py for tasks to queue
[2024-10-04T23:47:34.965+0000] {logging_mixin.py:190} INFO - [2024-10-04T23:47:34.964+0000] {dagbag.py:587} INFO - Filling up the DagBag from /home/airflow/.local/lib/python3.12/site-packages/airflow/example_dags/example_setup_teardown.py
[2024-10-04T23:47:34.980+0000] {processor.py:925} INFO - DAG(s) 'example_setup_teardown' retrieved from /home/airflow/.local/lib/python3.12/site-packages/airflow/example_dags/example_setup_teardown.py
[2024-10-04T23:47:35.009+0000] {logging_mixin.py:190} INFO - [2024-10-04T23:47:35.008+0000] {dag.py:3229} INFO - Sync 1 DAGs
[2024-10-04T23:47:35.030+0000] {logging_mixin.py:190} INFO - [2024-10-04T23:47:35.030+0000] {dag.py:4156} INFO - Setting next_dagrun for example_setup_teardown to None, run_after=None
[2024-10-04T23:47:35.059+0000] {processor.py:208} INFO - Processing /home/airflow/.local/lib/python3.12/site-packages/airflow/example_dags/example_setup_teardown.py took 0.111 seconds
[2024-10-04T23:48:05.424+0000] {processor.py:186} INFO - Started process (PID=1371) to work on /home/airflow/.local/lib/python3.12/site-packages/airflow/example_dags/example_setup_teardown.py
[2024-10-04T23:48:05.426+0000] {processor.py:914} INFO - Processing file /home/airflow/.local/lib/python3.12/site-packages/airflow/example_dags/example_setup_teardown.py for tasks to queue
[2024-10-04T23:48:05.429+0000] {logging_mixin.py:190} INFO - [2024-10-04T23:48:05.429+0000] {dagbag.py:587} INFO - Filling up the DagBag from /home/airflow/.local/lib/python3.12/site-packages/airflow/example_dags/example_setup_teardown.py
[2024-10-04T23:48:05.440+0000] {processor.py:925} INFO - DAG(s) 'example_setup_teardown' retrieved from /home/airflow/.local/lib/python3.12/site-packages/airflow/example_dags/example_setup_teardown.py
[2024-10-04T23:48:05.469+0000] {logging_mixin.py:190} INFO - [2024-10-04T23:48:05.469+0000] {dag.py:3229} INFO - Sync 1 DAGs
[2024-10-04T23:48:05.491+0000] {logging_mixin.py:190} INFO - [2024-10-04T23:48:05.491+0000] {dag.py:4156} INFO - Setting next_dagrun for example_setup_teardown to None, run_after=None
[2024-10-04T23:48:05.525+0000] {processor.py:208} INFO - Processing /home/airflow/.local/lib/python3.12/site-packages/airflow/example_dags/example_setup_teardown.py took 0.108 seconds
[2024-10-04T23:48:36.653+0000] {processor.py:186} INFO - Started process (PID=1433) to work on /home/airflow/.local/lib/python3.12/site-packages/airflow/example_dags/example_setup_teardown.py
[2024-10-04T23:48:36.655+0000] {processor.py:914} INFO - Processing file /home/airflow/.local/lib/python3.12/site-packages/airflow/example_dags/example_setup_teardown.py for tasks to queue
[2024-10-04T23:48:36.659+0000] {logging_mixin.py:190} INFO - [2024-10-04T23:48:36.658+0000] {dagbag.py:587} INFO - Filling up the DagBag from /home/airflow/.local/lib/python3.12/site-packages/airflow/example_dags/example_setup_teardown.py
[2024-10-04T23:48:36.670+0000] {processor.py:925} INFO - DAG(s) 'example_setup_teardown' retrieved from /home/airflow/.local/lib/python3.12/site-packages/airflow/example_dags/example_setup_teardown.py
[2024-10-04T23:48:36.701+0000] {logging_mixin.py:190} INFO - [2024-10-04T23:48:36.700+0000] {dag.py:3229} INFO - Sync 1 DAGs
[2024-10-04T23:48:36.720+0000] {logging_mixin.py:190} INFO - [2024-10-04T23:48:36.720+0000] {dag.py:4156} INFO - Setting next_dagrun for example_setup_teardown to None, run_after=None
[2024-10-04T23:48:36.753+0000] {processor.py:208} INFO - Processing /home/airflow/.local/lib/python3.12/site-packages/airflow/example_dags/example_setup_teardown.py took 0.109 seconds
[2024-10-04T23:49:07.218+0000] {processor.py:186} INFO - Started process (PID=1496) to work on /home/airflow/.local/lib/python3.12/site-packages/airflow/example_dags/example_setup_teardown.py
[2024-10-04T23:49:07.219+0000] {processor.py:914} INFO - Processing file /home/airflow/.local/lib/python3.12/site-packages/airflow/example_dags/example_setup_teardown.py for tasks to queue
[2024-10-04T23:49:07.223+0000] {logging_mixin.py:190} INFO - [2024-10-04T23:49:07.222+0000] {dagbag.py:587} INFO - Filling up the DagBag from /home/airflow/.local/lib/python3.12/site-packages/airflow/example_dags/example_setup_teardown.py
[2024-10-04T23:49:07.238+0000] {processor.py:925} INFO - DAG(s) 'example_setup_teardown' retrieved from /home/airflow/.local/lib/python3.12/site-packages/airflow/example_dags/example_setup_teardown.py
[2024-10-04T23:49:07.274+0000] {logging_mixin.py:190} INFO - [2024-10-04T23:49:07.273+0000] {dag.py:3229} INFO - Sync 1 DAGs
[2024-10-04T23:49:07.295+0000] {logging_mixin.py:190} INFO - [2024-10-04T23:49:07.295+0000] {dag.py:4156} INFO - Setting next_dagrun for example_setup_teardown to None, run_after=None
[2024-10-04T23:49:07.333+0000] {processor.py:208} INFO - Processing /home/airflow/.local/lib/python3.12/site-packages/airflow/example_dags/example_setup_teardown.py took 0.126 seconds
[2024-10-04T23:49:37.583+0000] {processor.py:186} INFO - Started process (PID=1559) to work on /home/airflow/.local/lib/python3.12/site-packages/airflow/example_dags/example_setup_teardown.py
[2024-10-04T23:49:37.585+0000] {processor.py:914} INFO - Processing file /home/airflow/.local/lib/python3.12/site-packages/airflow/example_dags/example_setup_teardown.py for tasks to queue
[2024-10-04T23:49:37.588+0000] {logging_mixin.py:190} INFO - [2024-10-04T23:49:37.587+0000] {dagbag.py:587} INFO - Filling up the DagBag from /home/airflow/.local/lib/python3.12/site-packages/airflow/example_dags/example_setup_teardown.py
[2024-10-04T23:49:37.598+0000] {processor.py:925} INFO - DAG(s) 'example_setup_teardown' retrieved from /home/airflow/.local/lib/python3.12/site-packages/airflow/example_dags/example_setup_teardown.py
[2024-10-04T23:49:37.626+0000] {logging_mixin.py:190} INFO - [2024-10-04T23:49:37.625+0000] {dag.py:3229} INFO - Sync 1 DAGs
[2024-10-04T23:49:37.650+0000] {logging_mixin.py:190} INFO - [2024-10-04T23:49:37.649+0000] {dag.py:4156} INFO - Setting next_dagrun for example_setup_teardown to None, run_after=None
[2024-10-04T23:49:37.676+0000] {processor.py:208} INFO - Processing /home/airflow/.local/lib/python3.12/site-packages/airflow/example_dags/example_setup_teardown.py took 0.103 seconds
[2024-10-04T23:50:08.280+0000] {processor.py:186} INFO - Started process (PID=1621) to work on /home/airflow/.local/lib/python3.12/site-packages/airflow/example_dags/example_setup_teardown.py
[2024-10-04T23:50:08.281+0000] {processor.py:914} INFO - Processing file /home/airflow/.local/lib/python3.12/site-packages/airflow/example_dags/example_setup_teardown.py for tasks to queue
[2024-10-04T23:50:08.285+0000] {logging_mixin.py:190} INFO - [2024-10-04T23:50:08.285+0000] {dagbag.py:587} INFO - Filling up the DagBag from /home/airflow/.local/lib/python3.12/site-packages/airflow/example_dags/example_setup_teardown.py
[2024-10-04T23:50:08.300+0000] {processor.py:925} INFO - DAG(s) 'example_setup_teardown' retrieved from /home/airflow/.local/lib/python3.12/site-packages/airflow/example_dags/example_setup_teardown.py
[2024-10-04T23:50:08.327+0000] {logging_mixin.py:190} INFO - [2024-10-04T23:50:08.326+0000] {dag.py:3229} INFO - Sync 1 DAGs
[2024-10-04T23:50:08.357+0000] {logging_mixin.py:190} INFO - [2024-10-04T23:50:08.356+0000] {dag.py:4156} INFO - Setting next_dagrun for example_setup_teardown to None, run_after=None
[2024-10-04T23:50:08.398+0000] {processor.py:208} INFO - Processing /home/airflow/.local/lib/python3.12/site-packages/airflow/example_dags/example_setup_teardown.py took 0.129 seconds
[2024-10-04T23:50:38.764+0000] {processor.py:186} INFO - Started process (PID=1683) to work on /home/airflow/.local/lib/python3.12/site-packages/airflow/example_dags/example_setup_teardown.py
[2024-10-04T23:50:38.766+0000] {processor.py:914} INFO - Processing file /home/airflow/.local/lib/python3.12/site-packages/airflow/example_dags/example_setup_teardown.py for tasks to queue
[2024-10-04T23:50:38.769+0000] {logging_mixin.py:190} INFO - [2024-10-04T23:50:38.768+0000] {dagbag.py:587} INFO - Filling up the DagBag from /home/airflow/.local/lib/python3.12/site-packages/airflow/example_dags/example_setup_teardown.py
[2024-10-04T23:50:38.782+0000] {processor.py:925} INFO - DAG(s) 'example_setup_teardown' retrieved from /home/airflow/.local/lib/python3.12/site-packages/airflow/example_dags/example_setup_teardown.py
[2024-10-04T23:50:38.808+0000] {logging_mixin.py:190} INFO - [2024-10-04T23:50:38.808+0000] {dag.py:3229} INFO - Sync 1 DAGs
[2024-10-04T23:50:38.834+0000] {logging_mixin.py:190} INFO - [2024-10-04T23:50:38.833+0000] {dag.py:4156} INFO - Setting next_dagrun for example_setup_teardown to None, run_after=None
[2024-10-04T23:50:38.875+0000] {processor.py:208} INFO - Processing /home/airflow/.local/lib/python3.12/site-packages/airflow/example_dags/example_setup_teardown.py took 0.122 seconds
[2024-10-04T23:51:10.259+0000] {processor.py:186} INFO - Started process (PID=1745) to work on /home/airflow/.local/lib/python3.12/site-packages/airflow/example_dags/example_setup_teardown.py
[2024-10-04T23:51:10.307+0000] {processor.py:914} INFO - Processing file /home/airflow/.local/lib/python3.12/site-packages/airflow/example_dags/example_setup_teardown.py for tasks to queue
[2024-10-04T23:51:10.325+0000] {logging_mixin.py:190} INFO - [2024-10-04T23:51:10.324+0000] {dagbag.py:587} INFO - Filling up the DagBag from /home/airflow/.local/lib/python3.12/site-packages/airflow/example_dags/example_setup_teardown.py
[2024-10-04T23:51:10.403+0000] {processor.py:925} INFO - DAG(s) 'example_setup_teardown' retrieved from /home/airflow/.local/lib/python3.12/site-packages/airflow/example_dags/example_setup_teardown.py
[2024-10-04T23:51:10.563+0000] {logging_mixin.py:190} INFO - [2024-10-04T23:51:10.562+0000] {dag.py:3229} INFO - Sync 1 DAGs
[2024-10-04T23:51:10.648+0000] {logging_mixin.py:190} INFO - [2024-10-04T23:51:10.648+0000] {dag.py:4156} INFO - Setting next_dagrun for example_setup_teardown to None, run_after=None
[2024-10-04T23:51:10.777+0000] {processor.py:208} INFO - Processing /home/airflow/.local/lib/python3.12/site-packages/airflow/example_dags/example_setup_teardown.py took 0.539 seconds
[2024-10-04T23:51:41.628+0000] {processor.py:186} INFO - Started process (PID=1807) to work on /home/airflow/.local/lib/python3.12/site-packages/airflow/example_dags/example_setup_teardown.py
[2024-10-04T23:51:41.631+0000] {processor.py:914} INFO - Processing file /home/airflow/.local/lib/python3.12/site-packages/airflow/example_dags/example_setup_teardown.py for tasks to queue
[2024-10-04T23:51:41.645+0000] {logging_mixin.py:190} INFO - [2024-10-04T23:51:41.643+0000] {dagbag.py:587} INFO - Filling up the DagBag from /home/airflow/.local/lib/python3.12/site-packages/airflow/example_dags/example_setup_teardown.py
[2024-10-04T23:51:41.693+0000] {processor.py:925} INFO - DAG(s) 'example_setup_teardown' retrieved from /home/airflow/.local/lib/python3.12/site-packages/airflow/example_dags/example_setup_teardown.py
[2024-10-04T23:51:41.805+0000] {logging_mixin.py:190} INFO - [2024-10-04T23:51:41.805+0000] {dag.py:3229} INFO - Sync 1 DAGs
[2024-10-04T23:51:41.935+0000] {logging_mixin.py:190} INFO - [2024-10-04T23:51:41.934+0000] {dag.py:4156} INFO - Setting next_dagrun for example_setup_teardown to None, run_after=None
[2024-10-04T23:51:42.106+0000] {processor.py:208} INFO - Processing /home/airflow/.local/lib/python3.12/site-packages/airflow/example_dags/example_setup_teardown.py took 0.507 seconds
[2024-10-04T23:52:12.464+0000] {processor.py:186} INFO - Started process (PID=1874) to work on /home/airflow/.local/lib/python3.12/site-packages/airflow/example_dags/example_setup_teardown.py
[2024-10-04T23:52:12.472+0000] {processor.py:914} INFO - Processing file /home/airflow/.local/lib/python3.12/site-packages/airflow/example_dags/example_setup_teardown.py for tasks to queue
[2024-10-04T23:52:12.481+0000] {logging_mixin.py:190} INFO - [2024-10-04T23:52:12.480+0000] {dagbag.py:587} INFO - Filling up the DagBag from /home/airflow/.local/lib/python3.12/site-packages/airflow/example_dags/example_setup_teardown.py
[2024-10-04T23:52:12.577+0000] {processor.py:925} INFO - DAG(s) 'example_setup_teardown' retrieved from /home/airflow/.local/lib/python3.12/site-packages/airflow/example_dags/example_setup_teardown.py
[2024-10-04T23:52:12.683+0000] {logging_mixin.py:190} INFO - [2024-10-04T23:52:12.682+0000] {dag.py:3229} INFO - Sync 1 DAGs
[2024-10-04T23:52:12.764+0000] {logging_mixin.py:190} INFO - [2024-10-04T23:52:12.764+0000] {dag.py:4156} INFO - Setting next_dagrun for example_setup_teardown to None, run_after=None
[2024-10-04T23:52:12.866+0000] {processor.py:208} INFO - Processing /home/airflow/.local/lib/python3.12/site-packages/airflow/example_dags/example_setup_teardown.py took 0.441 seconds
[2024-10-04T23:52:43.426+0000] {processor.py:186} INFO - Started process (PID=1936) to work on /home/airflow/.local/lib/python3.12/site-packages/airflow/example_dags/example_setup_teardown.py
[2024-10-04T23:52:43.428+0000] {processor.py:914} INFO - Processing file /home/airflow/.local/lib/python3.12/site-packages/airflow/example_dags/example_setup_teardown.py for tasks to queue
[2024-10-04T23:52:43.432+0000] {logging_mixin.py:190} INFO - [2024-10-04T23:52:43.431+0000] {dagbag.py:587} INFO - Filling up the DagBag from /home/airflow/.local/lib/python3.12/site-packages/airflow/example_dags/example_setup_teardown.py
[2024-10-04T23:52:43.453+0000] {processor.py:925} INFO - DAG(s) 'example_setup_teardown' retrieved from /home/airflow/.local/lib/python3.12/site-packages/airflow/example_dags/example_setup_teardown.py
[2024-10-04T23:52:43.501+0000] {logging_mixin.py:190} INFO - [2024-10-04T23:52:43.501+0000] {dag.py:3229} INFO - Sync 1 DAGs
[2024-10-04T23:52:43.534+0000] {logging_mixin.py:190} INFO - [2024-10-04T23:52:43.533+0000] {dag.py:4156} INFO - Setting next_dagrun for example_setup_teardown to None, run_after=None
[2024-10-04T23:52:43.604+0000] {processor.py:208} INFO - Processing /home/airflow/.local/lib/python3.12/site-packages/airflow/example_dags/example_setup_teardown.py took 0.190 seconds
[2024-10-04T23:53:13.885+0000] {processor.py:186} INFO - Started process (PID=1998) to work on /home/airflow/.local/lib/python3.12/site-packages/airflow/example_dags/example_setup_teardown.py
[2024-10-04T23:53:13.887+0000] {processor.py:914} INFO - Processing file /home/airflow/.local/lib/python3.12/site-packages/airflow/example_dags/example_setup_teardown.py for tasks to queue
[2024-10-04T23:53:13.890+0000] {logging_mixin.py:190} INFO - [2024-10-04T23:53:13.889+0000] {dagbag.py:587} INFO - Filling up the DagBag from /home/airflow/.local/lib/python3.12/site-packages/airflow/example_dags/example_setup_teardown.py
[2024-10-04T23:53:13.902+0000] {processor.py:925} INFO - DAG(s) 'example_setup_teardown' retrieved from /home/airflow/.local/lib/python3.12/site-packages/airflow/example_dags/example_setup_teardown.py
[2024-10-04T23:53:13.932+0000] {logging_mixin.py:190} INFO - [2024-10-04T23:53:13.931+0000] {dag.py:3229} INFO - Sync 1 DAGs
[2024-10-04T23:53:13.953+0000] {logging_mixin.py:190} INFO - [2024-10-04T23:53:13.953+0000] {dag.py:4156} INFO - Setting next_dagrun for example_setup_teardown to None, run_after=None
[2024-10-04T23:53:13.996+0000] {processor.py:208} INFO - Processing /home/airflow/.local/lib/python3.12/site-packages/airflow/example_dags/example_setup_teardown.py took 0.119 seconds
[2024-10-04T23:53:44.670+0000] {processor.py:186} INFO - Started process (PID=2060) to work on /home/airflow/.local/lib/python3.12/site-packages/airflow/example_dags/example_setup_teardown.py
[2024-10-04T23:53:44.672+0000] {processor.py:914} INFO - Processing file /home/airflow/.local/lib/python3.12/site-packages/airflow/example_dags/example_setup_teardown.py for tasks to queue
[2024-10-04T23:53:44.676+0000] {logging_mixin.py:190} INFO - [2024-10-04T23:53:44.676+0000] {dagbag.py:587} INFO - Filling up the DagBag from /home/airflow/.local/lib/python3.12/site-packages/airflow/example_dags/example_setup_teardown.py
[2024-10-04T23:53:44.688+0000] {processor.py:925} INFO - DAG(s) 'example_setup_teardown' retrieved from /home/airflow/.local/lib/python3.12/site-packages/airflow/example_dags/example_setup_teardown.py
[2024-10-04T23:53:44.726+0000] {logging_mixin.py:190} INFO - [2024-10-04T23:53:44.725+0000] {dag.py:3229} INFO - Sync 1 DAGs
[2024-10-04T23:53:44.750+0000] {logging_mixin.py:190} INFO - [2024-10-04T23:53:44.749+0000] {dag.py:4156} INFO - Setting next_dagrun for example_setup_teardown to None, run_after=None
[2024-10-04T23:53:44.794+0000] {processor.py:208} INFO - Processing /home/airflow/.local/lib/python3.12/site-packages/airflow/example_dags/example_setup_teardown.py took 0.135 seconds
[2024-10-04T23:54:14.971+0000] {processor.py:186} INFO - Started process (PID=2122) to work on /home/airflow/.local/lib/python3.12/site-packages/airflow/example_dags/example_setup_teardown.py
[2024-10-04T23:54:14.973+0000] {processor.py:914} INFO - Processing file /home/airflow/.local/lib/python3.12/site-packages/airflow/example_dags/example_setup_teardown.py for tasks to queue
[2024-10-04T23:54:14.977+0000] {logging_mixin.py:190} INFO - [2024-10-04T23:54:14.976+0000] {dagbag.py:587} INFO - Filling up the DagBag from /home/airflow/.local/lib/python3.12/site-packages/airflow/example_dags/example_setup_teardown.py
[2024-10-04T23:54:14.988+0000] {processor.py:925} INFO - DAG(s) 'example_setup_teardown' retrieved from /home/airflow/.local/lib/python3.12/site-packages/airflow/example_dags/example_setup_teardown.py
[2024-10-04T23:54:15.014+0000] {logging_mixin.py:190} INFO - [2024-10-04T23:54:15.014+0000] {dag.py:3229} INFO - Sync 1 DAGs
[2024-10-04T23:54:15.035+0000] {logging_mixin.py:190} INFO - [2024-10-04T23:54:15.034+0000] {dag.py:4156} INFO - Setting next_dagrun for example_setup_teardown to None, run_after=None
[2024-10-04T23:54:15.069+0000] {processor.py:208} INFO - Processing /home/airflow/.local/lib/python3.12/site-packages/airflow/example_dags/example_setup_teardown.py took 0.106 seconds
[2024-10-04T23:54:45.325+0000] {processor.py:186} INFO - Started process (PID=2184) to work on /home/airflow/.local/lib/python3.12/site-packages/airflow/example_dags/example_setup_teardown.py
[2024-10-04T23:54:45.327+0000] {processor.py:914} INFO - Processing file /home/airflow/.local/lib/python3.12/site-packages/airflow/example_dags/example_setup_teardown.py for tasks to queue
[2024-10-04T23:54:45.330+0000] {logging_mixin.py:190} INFO - [2024-10-04T23:54:45.330+0000] {dagbag.py:587} INFO - Filling up the DagBag from /home/airflow/.local/lib/python3.12/site-packages/airflow/example_dags/example_setup_teardown.py
[2024-10-04T23:54:45.342+0000] {processor.py:925} INFO - DAG(s) 'example_setup_teardown' retrieved from /home/airflow/.local/lib/python3.12/site-packages/airflow/example_dags/example_setup_teardown.py
[2024-10-04T23:54:45.371+0000] {logging_mixin.py:190} INFO - [2024-10-04T23:54:45.371+0000] {dag.py:3229} INFO - Sync 1 DAGs
[2024-10-04T23:54:45.391+0000] {logging_mixin.py:190} INFO - [2024-10-04T23:54:45.390+0000] {dag.py:4156} INFO - Setting next_dagrun for example_setup_teardown to None, run_after=None
[2024-10-04T23:54:45.425+0000] {processor.py:208} INFO - Processing /home/airflow/.local/lib/python3.12/site-packages/airflow/example_dags/example_setup_teardown.py took 0.109 seconds
[2024-10-04T23:55:15.759+0000] {processor.py:186} INFO - Started process (PID=2246) to work on /home/airflow/.local/lib/python3.12/site-packages/airflow/example_dags/example_setup_teardown.py
[2024-10-04T23:55:15.761+0000] {processor.py:914} INFO - Processing file /home/airflow/.local/lib/python3.12/site-packages/airflow/example_dags/example_setup_teardown.py for tasks to queue
[2024-10-04T23:55:15.764+0000] {logging_mixin.py:190} INFO - [2024-10-04T23:55:15.764+0000] {dagbag.py:587} INFO - Filling up the DagBag from /home/airflow/.local/lib/python3.12/site-packages/airflow/example_dags/example_setup_teardown.py
[2024-10-04T23:55:15.775+0000] {processor.py:925} INFO - DAG(s) 'example_setup_teardown' retrieved from /home/airflow/.local/lib/python3.12/site-packages/airflow/example_dags/example_setup_teardown.py
[2024-10-04T23:55:15.806+0000] {logging_mixin.py:190} INFO - [2024-10-04T23:55:15.806+0000] {dag.py:3229} INFO - Sync 1 DAGs
[2024-10-04T23:55:15.827+0000] {logging_mixin.py:190} INFO - [2024-10-04T23:55:15.827+0000] {dag.py:4156} INFO - Setting next_dagrun for example_setup_teardown to None, run_after=None
[2024-10-04T23:55:15.861+0000] {processor.py:208} INFO - Processing /home/airflow/.local/lib/python3.12/site-packages/airflow/example_dags/example_setup_teardown.py took 0.109 seconds
[2024-10-04T23:55:46.154+0000] {processor.py:186} INFO - Started process (PID=2308) to work on /home/airflow/.local/lib/python3.12/site-packages/airflow/example_dags/example_setup_teardown.py
[2024-10-04T23:55:46.155+0000] {processor.py:914} INFO - Processing file /home/airflow/.local/lib/python3.12/site-packages/airflow/example_dags/example_setup_teardown.py for tasks to queue
[2024-10-04T23:55:46.159+0000] {logging_mixin.py:190} INFO - [2024-10-04T23:55:46.159+0000] {dagbag.py:587} INFO - Filling up the DagBag from /home/airflow/.local/lib/python3.12/site-packages/airflow/example_dags/example_setup_teardown.py
[2024-10-04T23:55:46.171+0000] {processor.py:925} INFO - DAG(s) 'example_setup_teardown' retrieved from /home/airflow/.local/lib/python3.12/site-packages/airflow/example_dags/example_setup_teardown.py
[2024-10-04T23:55:46.197+0000] {logging_mixin.py:190} INFO - [2024-10-04T23:55:46.197+0000] {dag.py:3229} INFO - Sync 1 DAGs
[2024-10-04T23:55:46.216+0000] {logging_mixin.py:190} INFO - [2024-10-04T23:55:46.216+0000] {dag.py:4156} INFO - Setting next_dagrun for example_setup_teardown to None, run_after=None
[2024-10-04T23:55:46.258+0000] {processor.py:208} INFO - Processing /home/airflow/.local/lib/python3.12/site-packages/airflow/example_dags/example_setup_teardown.py took 0.111 seconds
[2024-10-04T23:56:16.646+0000] {processor.py:186} INFO - Started process (PID=2370) to work on /home/airflow/.local/lib/python3.12/site-packages/airflow/example_dags/example_setup_teardown.py
[2024-10-04T23:56:16.648+0000] {processor.py:914} INFO - Processing file /home/airflow/.local/lib/python3.12/site-packages/airflow/example_dags/example_setup_teardown.py for tasks to queue
[2024-10-04T23:56:16.652+0000] {logging_mixin.py:190} INFO - [2024-10-04T23:56:16.652+0000] {dagbag.py:587} INFO - Filling up the DagBag from /home/airflow/.local/lib/python3.12/site-packages/airflow/example_dags/example_setup_teardown.py
[2024-10-04T23:56:16.662+0000] {processor.py:925} INFO - DAG(s) 'example_setup_teardown' retrieved from /home/airflow/.local/lib/python3.12/site-packages/airflow/example_dags/example_setup_teardown.py
[2024-10-04T23:56:16.686+0000] {logging_mixin.py:190} INFO - [2024-10-04T23:56:16.686+0000] {dag.py:3229} INFO - Sync 1 DAGs
[2024-10-04T23:56:16.703+0000] {logging_mixin.py:190} INFO - [2024-10-04T23:56:16.703+0000] {dag.py:4156} INFO - Setting next_dagrun for example_setup_teardown to None, run_after=None
[2024-10-04T23:56:16.731+0000] {processor.py:208} INFO - Processing /home/airflow/.local/lib/python3.12/site-packages/airflow/example_dags/example_setup_teardown.py took 0.094 seconds
[2024-10-04T23:56:47.212+0000] {processor.py:186} INFO - Started process (PID=2432) to work on /home/airflow/.local/lib/python3.12/site-packages/airflow/example_dags/example_setup_teardown.py
[2024-10-04T23:56:47.213+0000] {processor.py:914} INFO - Processing file /home/airflow/.local/lib/python3.12/site-packages/airflow/example_dags/example_setup_teardown.py for tasks to queue
[2024-10-04T23:56:47.218+0000] {logging_mixin.py:190} INFO - [2024-10-04T23:56:47.217+0000] {dagbag.py:587} INFO - Filling up the DagBag from /home/airflow/.local/lib/python3.12/site-packages/airflow/example_dags/example_setup_teardown.py
[2024-10-04T23:56:47.230+0000] {processor.py:925} INFO - DAG(s) 'example_setup_teardown' retrieved from /home/airflow/.local/lib/python3.12/site-packages/airflow/example_dags/example_setup_teardown.py
[2024-10-04T23:56:47.257+0000] {logging_mixin.py:190} INFO - [2024-10-04T23:56:47.257+0000] {dag.py:3229} INFO - Sync 1 DAGs
[2024-10-04T23:56:47.277+0000] {logging_mixin.py:190} INFO - [2024-10-04T23:56:47.276+0000] {dag.py:4156} INFO - Setting next_dagrun for example_setup_teardown to None, run_after=None
[2024-10-04T23:56:47.311+0000] {processor.py:208} INFO - Processing /home/airflow/.local/lib/python3.12/site-packages/airflow/example_dags/example_setup_teardown.py took 0.106 seconds
[2024-10-04T23:57:17.458+0000] {processor.py:186} INFO - Started process (PID=2494) to work on /home/airflow/.local/lib/python3.12/site-packages/airflow/example_dags/example_setup_teardown.py
[2024-10-04T23:57:17.460+0000] {processor.py:914} INFO - Processing file /home/airflow/.local/lib/python3.12/site-packages/airflow/example_dags/example_setup_teardown.py for tasks to queue
[2024-10-04T23:57:17.463+0000] {logging_mixin.py:190} INFO - [2024-10-04T23:57:17.463+0000] {dagbag.py:587} INFO - Filling up the DagBag from /home/airflow/.local/lib/python3.12/site-packages/airflow/example_dags/example_setup_teardown.py
[2024-10-04T23:57:17.476+0000] {processor.py:925} INFO - DAG(s) 'example_setup_teardown' retrieved from /home/airflow/.local/lib/python3.12/site-packages/airflow/example_dags/example_setup_teardown.py
[2024-10-04T23:57:17.503+0000] {logging_mixin.py:190} INFO - [2024-10-04T23:57:17.502+0000] {dag.py:3229} INFO - Sync 1 DAGs
[2024-10-04T23:57:17.522+0000] {logging_mixin.py:190} INFO - [2024-10-04T23:57:17.521+0000] {dag.py:4156} INFO - Setting next_dagrun for example_setup_teardown to None, run_after=None
[2024-10-04T23:57:17.556+0000] {processor.py:208} INFO - Processing /home/airflow/.local/lib/python3.12/site-packages/airflow/example_dags/example_setup_teardown.py took 0.107 seconds
[2024-10-04T23:57:47.851+0000] {processor.py:186} INFO - Started process (PID=2556) to work on /home/airflow/.local/lib/python3.12/site-packages/airflow/example_dags/example_setup_teardown.py
[2024-10-04T23:57:47.853+0000] {processor.py:914} INFO - Processing file /home/airflow/.local/lib/python3.12/site-packages/airflow/example_dags/example_setup_teardown.py for tasks to queue
[2024-10-04T23:57:47.856+0000] {logging_mixin.py:190} INFO - [2024-10-04T23:57:47.855+0000] {dagbag.py:587} INFO - Filling up the DagBag from /home/airflow/.local/lib/python3.12/site-packages/airflow/example_dags/example_setup_teardown.py
[2024-10-04T23:57:47.868+0000] {processor.py:925} INFO - DAG(s) 'example_setup_teardown' retrieved from /home/airflow/.local/lib/python3.12/site-packages/airflow/example_dags/example_setup_teardown.py
[2024-10-04T23:57:47.893+0000] {logging_mixin.py:190} INFO - [2024-10-04T23:57:47.892+0000] {dag.py:3229} INFO - Sync 1 DAGs
[2024-10-04T23:57:47.912+0000] {logging_mixin.py:190} INFO - [2024-10-04T23:57:47.911+0000] {dag.py:4156} INFO - Setting next_dagrun for example_setup_teardown to None, run_after=None
[2024-10-04T23:57:47.944+0000] {processor.py:208} INFO - Processing /home/airflow/.local/lib/python3.12/site-packages/airflow/example_dags/example_setup_teardown.py took 0.100 seconds
[2024-10-04T23:58:18.337+0000] {processor.py:186} INFO - Started process (PID=2619) to work on /home/airflow/.local/lib/python3.12/site-packages/airflow/example_dags/example_setup_teardown.py
[2024-10-04T23:58:18.339+0000] {processor.py:914} INFO - Processing file /home/airflow/.local/lib/python3.12/site-packages/airflow/example_dags/example_setup_teardown.py for tasks to queue
[2024-10-04T23:58:18.342+0000] {logging_mixin.py:190} INFO - [2024-10-04T23:58:18.342+0000] {dagbag.py:587} INFO - Filling up the DagBag from /home/airflow/.local/lib/python3.12/site-packages/airflow/example_dags/example_setup_teardown.py
[2024-10-04T23:58:18.354+0000] {processor.py:925} INFO - DAG(s) 'example_setup_teardown' retrieved from /home/airflow/.local/lib/python3.12/site-packages/airflow/example_dags/example_setup_teardown.py
[2024-10-04T23:58:18.380+0000] {logging_mixin.py:190} INFO - [2024-10-04T23:58:18.380+0000] {dag.py:3229} INFO - Sync 1 DAGs
[2024-10-04T23:58:18.398+0000] {logging_mixin.py:190} INFO - [2024-10-04T23:58:18.398+0000] {dag.py:4156} INFO - Setting next_dagrun for example_setup_teardown to None, run_after=None
[2024-10-04T23:58:18.427+0000] {processor.py:208} INFO - Processing /home/airflow/.local/lib/python3.12/site-packages/airflow/example_dags/example_setup_teardown.py took 0.098 seconds
[2024-10-04T23:58:48.868+0000] {processor.py:186} INFO - Started process (PID=2681) to work on /home/airflow/.local/lib/python3.12/site-packages/airflow/example_dags/example_setup_teardown.py
[2024-10-04T23:58:48.870+0000] {processor.py:914} INFO - Processing file /home/airflow/.local/lib/python3.12/site-packages/airflow/example_dags/example_setup_teardown.py for tasks to queue
[2024-10-04T23:58:48.874+0000] {logging_mixin.py:190} INFO - [2024-10-04T23:58:48.873+0000] {dagbag.py:587} INFO - Filling up the DagBag from /home/airflow/.local/lib/python3.12/site-packages/airflow/example_dags/example_setup_teardown.py
[2024-10-04T23:58:48.884+0000] {processor.py:925} INFO - DAG(s) 'example_setup_teardown' retrieved from /home/airflow/.local/lib/python3.12/site-packages/airflow/example_dags/example_setup_teardown.py
[2024-10-04T23:58:48.907+0000] {logging_mixin.py:190} INFO - [2024-10-04T23:58:48.907+0000] {dag.py:3229} INFO - Sync 1 DAGs
[2024-10-04T23:58:48.925+0000] {logging_mixin.py:190} INFO - [2024-10-04T23:58:48.925+0000] {dag.py:4156} INFO - Setting next_dagrun for example_setup_teardown to None, run_after=None
[2024-10-04T23:58:48.960+0000] {processor.py:208} INFO - Processing /home/airflow/.local/lib/python3.12/site-packages/airflow/example_dags/example_setup_teardown.py took 0.101 seconds
[2024-10-04T23:59:19.372+0000] {processor.py:186} INFO - Started process (PID=2743) to work on /home/airflow/.local/lib/python3.12/site-packages/airflow/example_dags/example_setup_teardown.py
[2024-10-04T23:59:19.373+0000] {processor.py:914} INFO - Processing file /home/airflow/.local/lib/python3.12/site-packages/airflow/example_dags/example_setup_teardown.py for tasks to queue
[2024-10-04T23:59:19.376+0000] {logging_mixin.py:190} INFO - [2024-10-04T23:59:19.376+0000] {dagbag.py:587} INFO - Filling up the DagBag from /home/airflow/.local/lib/python3.12/site-packages/airflow/example_dags/example_setup_teardown.py
[2024-10-04T23:59:19.386+0000] {processor.py:925} INFO - DAG(s) 'example_setup_teardown' retrieved from /home/airflow/.local/lib/python3.12/site-packages/airflow/example_dags/example_setup_teardown.py
[2024-10-04T23:59:19.411+0000] {logging_mixin.py:190} INFO - [2024-10-04T23:59:19.411+0000] {dag.py:3229} INFO - Sync 1 DAGs
[2024-10-04T23:59:19.430+0000] {logging_mixin.py:190} INFO - [2024-10-04T23:59:19.429+0000] {dag.py:4156} INFO - Setting next_dagrun for example_setup_teardown to None, run_after=None
[2024-10-04T23:59:19.459+0000] {processor.py:208} INFO - Processing /home/airflow/.local/lib/python3.12/site-packages/airflow/example_dags/example_setup_teardown.py took 0.094 seconds
[2024-10-04T23:59:49.892+0000] {processor.py:186} INFO - Started process (PID=2805) to work on /home/airflow/.local/lib/python3.12/site-packages/airflow/example_dags/example_setup_teardown.py
[2024-10-04T23:59:49.894+0000] {processor.py:914} INFO - Processing file /home/airflow/.local/lib/python3.12/site-packages/airflow/example_dags/example_setup_teardown.py for tasks to queue
[2024-10-04T23:59:49.899+0000] {logging_mixin.py:190} INFO - [2024-10-04T23:59:49.898+0000] {dagbag.py:587} INFO - Filling up the DagBag from /home/airflow/.local/lib/python3.12/site-packages/airflow/example_dags/example_setup_teardown.py
[2024-10-04T23:59:49.915+0000] {processor.py:925} INFO - DAG(s) 'example_setup_teardown' retrieved from /home/airflow/.local/lib/python3.12/site-packages/airflow/example_dags/example_setup_teardown.py
[2024-10-04T23:59:49.942+0000] {logging_mixin.py:190} INFO - [2024-10-04T23:59:49.942+0000] {dag.py:3229} INFO - Sync 1 DAGs
[2024-10-04T23:59:49.960+0000] {logging_mixin.py:190} INFO - [2024-10-04T23:59:49.960+0000] {dag.py:4156} INFO - Setting next_dagrun for example_setup_teardown to None, run_after=None
[2024-10-04T23:59:50.002+0000] {processor.py:208} INFO - Processing /home/airflow/.local/lib/python3.12/site-packages/airflow/example_dags/example_setup_teardown.py took 0.122 seconds
