[2024-10-19T15:42:53.519+0000] {local_task_job_runner.py:123} INFO - ::group::Pre task execution logs
[2024-10-19T15:42:53.563+0000] {taskinstance.py:2612} INFO - Dependencies all met for dep_context=non-requeueable deps ti=<TaskInstance: wikimedia_pageviews_dag.fetch_wikimedia_pageviews manual__2024-10-19T15:42:51.143498+00:00 [queued]>
[2024-10-19T15:42:53.594+0000] {taskinstance.py:2612} INFO - Dependencies all met for dep_context=requeueable deps ti=<TaskInstance: wikimedia_pageviews_dag.fetch_wikimedia_pageviews manual__2024-10-19T15:42:51.143498+00:00 [queued]>
[2024-10-19T15:42:53.598+0000] {taskinstance.py:2865} INFO - Starting attempt 1 of 2
[2024-10-19T15:42:53.653+0000] {taskinstance.py:2888} INFO - Executing <Task(BashOperator): fetch_wikimedia_pageviews> on 2024-10-19 15:42:51.143498+00:00
[2024-10-19T15:42:53.663+0000] {warnings.py:112} WARNING - /home/***/.local/lib/python3.12/site-packages/***/task/task_runner/standard_task_runner.py:70: DeprecationWarning: This process (pid=520) is multi-threaded, use of fork() may lead to deadlocks in the child.
  pid = os.fork()

[2024-10-19T15:42:53.666+0000] {standard_task_runner.py:72} INFO - Started process 521 to run task
[2024-10-19T15:42:53.666+0000] {standard_task_runner.py:104} INFO - Running: ['***', 'tasks', 'run', 'wikimedia_pageviews_dag', 'fetch_wikimedia_pageviews', 'manual__2024-10-19T15:42:51.143498+00:00', '--job-id', '21', '--raw', '--subdir', 'DAGS_FOLDER/tes.py', '--cfg-path', '/tmp/tmp6mra_v4l']
[2024-10-19T15:42:53.669+0000] {standard_task_runner.py:105} INFO - Job 21: Subtask fetch_wikimedia_pageviews
[2024-10-19T15:42:53.782+0000] {task_command.py:467} INFO - Running <TaskInstance: wikimedia_pageviews_dag.fetch_wikimedia_pageviews manual__2024-10-19T15:42:51.143498+00:00 [running]> on host 533638d20908
[2024-10-19T15:42:53.937+0000] {taskinstance.py:3131} INFO - Exporting env vars: AIRFLOW_CTX_DAG_OWNER='***' AIRFLOW_CTX_DAG_ID='wikimedia_pageviews_dag' AIRFLOW_CTX_TASK_ID='fetch_wikimedia_pageviews' AIRFLOW_CTX_EXECUTION_DATE='2024-10-19T15:42:51.143498+00:00' AIRFLOW_CTX_TRY_NUMBER='1' AIRFLOW_CTX_DAG_RUN_ID='manual__2024-10-19T15:42:51.143498+00:00'
[2024-10-19T15:42:53.939+0000] {taskinstance.py:731} INFO - ::endgroup::
[2024-10-19T15:42:53.982+0000] {subprocess.py:63} INFO - Tmp dir root location: /tmp
[2024-10-19T15:42:53.985+0000] {subprocess.py:75} INFO - Running command: ['/usr/bin/bash', '-c', '\n        YEAR=$(date +"%Y")\n        MONTH=$(date +"%m")\n        DAY=$(date +"%d")\n        HOUR=$(date -d "3 hour ago" +"%H")\n\n        curl -o https://dumps.wikimedia.org/other/pageviews/${YEAR}/${YEAR}-${MONTH}/pageviews-${YEAR}${MONTH}${DAY}-${HOUR}0000.gz -P /opt/***/dags/\n        gunzip /opt/***/dags/pageviews-${YEAR}${MONTH}${DAY}-${HOUR}0000.gz\n\n        echo "domain_name, page_title, view_count, size, date, hour" > /opt/***/dags/output.csv\n        egrep "Microsoft_|Apple_|Facebook|Google" /opt/***/dags/pageviews-${YEAR}${MONTH}${DAY}-${HOUR}0000 |             awk -v year="${YEAR}" -v month="${MONTH}" -v day="${DAY}" -v hour="${HOUR}"             \'{print $1 ", " $2 ", " $3 ", " $4 ", " year "/" month "/" day ", " hour}\' >> /opt/***/dags/output.csv\n\n        rm -f /opt/***/dags/pageviews-${YEAR}${MONTH}${DAY}-${HOUR}0000\n        ']
[2024-10-19T15:42:54.008+0000] {subprocess.py:86} INFO - Output:
[2024-10-19T15:42:54.035+0000] {subprocess.py:93} INFO - curl: no URL specified!
[2024-10-19T15:42:54.036+0000] {subprocess.py:93} INFO - curl: try 'curl --help' or 'curl --manual' for more information
[2024-10-19T15:42:54.041+0000] {subprocess.py:93} INFO - gzip: /opt/***/dags/pageviews-20241019-120000.gz: No such file or directory
[2024-10-19T15:42:54.051+0000] {subprocess.py:93} INFO - grep: /opt/***/dags/pageviews-20241019-120000: No such file or directory
[2024-10-19T15:42:54.058+0000] {subprocess.py:97} INFO - Command exited with return code 0
[2024-10-19T15:42:54.152+0000] {taskinstance.py:340} INFO - ::group::Post task execution logs
[2024-10-19T15:42:54.153+0000] {taskinstance.py:352} INFO - Marking task as SUCCESS. dag_id=wikimedia_pageviews_dag, task_id=fetch_wikimedia_pageviews, run_id=manual__2024-10-19T15:42:51.143498+00:00, execution_date=20241019T154251, start_date=20241019T154253, end_date=20241019T154254
[2024-10-19T15:42:54.262+0000] {local_task_job_runner.py:266} INFO - Task exited with return code 0
[2024-10-19T15:42:54.299+0000] {taskinstance.py:3900} INFO - 0 downstream tasks scheduled from follow-on schedule check
[2024-10-19T15:42:54.313+0000] {local_task_job_runner.py:245} INFO - ::endgroup::
