[2024-10-07T15:27:30.270+0000] {local_task_job_runner.py:123} INFO - ::group::Pre task execution logs
[2024-10-07T15:27:30.304+0000] {taskinstance.py:2612} INFO - Dependencies all met for dep_context=non-requeueable deps ti=<TaskInstance: multiple_csv_to_s3.load_csv manual__2024-10-07T15:27:26.919069+00:00 [queued]>
[2024-10-07T15:27:30.322+0000] {taskinstance.py:2612} INFO - Dependencies all met for dep_context=requeueable deps ti=<TaskInstance: multiple_csv_to_s3.load_csv manual__2024-10-07T15:27:26.919069+00:00 [queued]>
[2024-10-07T15:27:30.324+0000] {taskinstance.py:2865} INFO - Starting attempt 1 of 1
[2024-10-07T15:27:30.364+0000] {taskinstance.py:2888} INFO - Executing <Task(PythonOperator): load_csv> on 2024-10-07 15:27:26.919069+00:00
[2024-10-07T15:27:30.384+0000] {warnings.py:112} WARNING - /home/***/.local/lib/python3.12/site-packages/***/task/task_runner/standard_task_runner.py:70: DeprecationWarning: This process (pid=1353) is multi-threaded, use of fork() may lead to deadlocks in the child.
  pid = os.fork()

[2024-10-07T15:27:30.388+0000] {standard_task_runner.py:104} INFO - Running: ['***', 'tasks', 'run', 'multiple_csv_to_s3', 'load_csv', 'manual__2024-10-07T15:27:26.919069+00:00', '--job-id', '23', '--raw', '--subdir', 'DAGS_FOLDER/school/student.py', '--cfg-path', '/tmp/tmpsdl75aeb']
[2024-10-07T15:27:30.391+0000] {standard_task_runner.py:105} INFO - Job 23: Subtask load_csv
[2024-10-07T15:27:30.391+0000] {standard_task_runner.py:72} INFO - Started process 1355 to run task
[2024-10-07T15:27:30.508+0000] {task_command.py:467} INFO - Running <TaskInstance: multiple_csv_to_s3.load_csv manual__2024-10-07T15:27:26.919069+00:00 [running]> on host 67bc14123253
[2024-10-07T15:27:30.898+0000] {taskinstance.py:3131} INFO - Exporting env vars: AIRFLOW_CTX_DAG_OWNER='***' AIRFLOW_CTX_DAG_ID='multiple_csv_to_s3' AIRFLOW_CTX_TASK_ID='load_csv' AIRFLOW_CTX_EXECUTION_DATE='2024-10-07T15:27:26.919069+00:00' AIRFLOW_CTX_TRY_NUMBER='1' AIRFLOW_CTX_DAG_RUN_ID='manual__2024-10-07T15:27:26.919069+00:00'
[2024-10-07T15:27:30.934+0000] {logging_mixin.py:190} INFO - Task instance is in running state
[2024-10-07T15:27:30.989+0000] {logging_mixin.py:190} INFO -  Previous state of the Task instance: queued
[2024-10-07T15:27:30.991+0000] {logging_mixin.py:190} INFO - Current task name:load_csv state:running start_date:2024-10-07 15:27:30.307072+00:00
[2024-10-07T15:27:30.997+0000] {logging_mixin.py:190} INFO - Dag name:multiple_csv_to_s3 and current dag run status:running
[2024-10-07T15:27:30.999+0000] {taskinstance.py:731} INFO - ::endgroup::
[2024-10-07T15:27:31.287+0000] {python.py:240} INFO - Done. Returned value was: None
[2024-10-07T15:27:31.309+0000] {taskinstance.py:340} INFO - ::group::Post task execution logs
[2024-10-07T15:27:31.310+0000] {taskinstance.py:352} INFO - Marking task as SUCCESS. dag_id=multiple_csv_to_s3, task_id=load_csv, run_id=manual__2024-10-07T15:27:26.919069+00:00, execution_date=20241007T152726, start_date=20241007T152730, end_date=20241007T152731
[2024-10-07T15:27:31.351+0000] {logging_mixin.py:190} INFO - Task instance in success state
[2024-10-07T15:27:31.355+0000] {logging_mixin.py:190} INFO -  Previous state of the Task instance: running
[2024-10-07T15:27:31.356+0000] {logging_mixin.py:190} INFO - Dag name:multiple_csv_to_s3 queued_at:2024-10-07 15:27:26.932932+00:00
[2024-10-07T15:27:31.356+0000] {logging_mixin.py:190} INFO - Task hostname:67bc14123253 operator:PythonOperator
[2024-10-07T15:27:31.403+0000] {local_task_job_runner.py:266} INFO - Task exited with return code 0
[2024-10-07T15:27:31.477+0000] {taskinstance.py:3900} INFO - 1 downstream tasks scheduled from follow-on schedule check
[2024-10-07T15:27:31.489+0000] {local_task_job_runner.py:245} INFO - ::endgroup::
