[2024-10-19T17:38:32.044+0000] {local_task_job_runner.py:123} INFO - ::group::Pre task execution logs
[2024-10-19T17:38:32.729+0000] {taskinstance.py:2612} INFO - Dependencies all met for dep_context=non-requeueable deps ti=<TaskInstance: wiki_pageviews_dag.bash_task2 scheduled__2024-10-17T00:00:00+00:00 [queued]>
[2024-10-19T17:38:32.767+0000] {taskinstance.py:2612} INFO - Dependencies all met for dep_context=requeueable deps ti=<TaskInstance: wiki_pageviews_dag.bash_task2 scheduled__2024-10-17T00:00:00+00:00 [queued]>
[2024-10-19T17:38:32.768+0000] {taskinstance.py:2865} INFO - Starting attempt 1 of 1
[2024-10-19T17:38:32.851+0000] {taskinstance.py:2888} INFO - Executing <Task(BashOperator): bash_task2> on 2024-10-17 00:00:00+00:00
[2024-10-19T17:38:32.876+0000] {warnings.py:112} WARNING - /home/***/.local/lib/python3.12/site-packages/***/task/task_runner/standard_task_runner.py:70: DeprecationWarning: This process (pid=2166) is multi-threaded, use of fork() may lead to deadlocks in the child.
  pid = os.fork()

[2024-10-19T17:38:32.884+0000] {standard_task_runner.py:72} INFO - Started process 2168 to run task
[2024-10-19T17:38:32.896+0000] {standard_task_runner.py:104} INFO - Running: ['***', 'tasks', 'run', 'wiki_pageviews_dag', 'bash_task2', 'scheduled__2024-10-17T00:00:00+00:00', '--job-id', '55', '--raw', '--subdir', 'DAGS_FOLDER/prod.py', '--cfg-path', '/tmp/tmpxnsgcqrh']
[2024-10-19T17:38:32.904+0000] {standard_task_runner.py:105} INFO - Job 55: Subtask bash_task2
[2024-10-19T17:38:33.050+0000] {task_command.py:467} INFO - Running <TaskInstance: wiki_pageviews_dag.bash_task2 scheduled__2024-10-17T00:00:00+00:00 [running]> on host 533638d20908
[2024-10-19T17:38:33.299+0000] {taskinstance.py:3131} INFO - Exporting env vars: AIRFLOW_CTX_DAG_OWNER='Adewunmi' AIRFLOW_CTX_DAG_ID='wiki_pageviews_dag' AIRFLOW_CTX_TASK_ID='bash_task2' AIRFLOW_CTX_EXECUTION_DATE='2024-10-17T00:00:00+00:00' AIRFLOW_CTX_TRY_NUMBER='1' AIRFLOW_CTX_DAG_RUN_ID='scheduled__2024-10-17T00:00:00+00:00'
[2024-10-19T17:38:33.302+0000] {taskinstance.py:731} INFO - ::endgroup::
[2024-10-19T17:38:33.349+0000] {subprocess.py:63} INFO - Tmp dir root location: /tmp
[2024-10-19T17:38:33.352+0000] {subprocess.py:75} INFO - Running command: ['/usr/bin/bash', '-c', 'bash /opt/***/dags/bash_scripts/csv_deletion.sh ']
[2024-10-19T17:38:33.381+0000] {subprocess.py:86} INFO - Output:
[2024-10-19T17:38:33.410+0000] {subprocess.py:93} INFO - file successfully deleted
[2024-10-19T17:38:33.411+0000] {subprocess.py:97} INFO - Command exited with return code 0
[2024-10-19T17:38:33.536+0000] {taskinstance.py:340} INFO - ::group::Post task execution logs
[2024-10-19T17:38:33.539+0000] {taskinstance.py:352} INFO - Marking task as SUCCESS. dag_id=wiki_pageviews_dag, task_id=bash_task2, run_id=scheduled__2024-10-17T00:00:00+00:00, execution_date=20241017T000000, start_date=20241019T173832, end_date=20241019T173833
[2024-10-19T17:38:33.652+0000] {local_task_job_runner.py:266} INFO - Task exited with return code 0
[2024-10-19T17:38:33.727+0000] {local_task_job_runner.py:245} INFO - ::endgroup::
