[2024-10-02T23:11:21.981+0000] {processor.py:186} INFO - Started process (PID=66) to work on /home/airflow/.local/lib/python3.12/site-packages/airflow/example_dags/example_python_decorator.py
[2024-10-02T23:11:21.983+0000] {processor.py:914} INFO - Processing file /home/airflow/.local/lib/python3.12/site-packages/airflow/example_dags/example_python_decorator.py for tasks to queue
[2024-10-02T23:11:21.994+0000] {logging_mixin.py:190} INFO - [2024-10-02T23:11:21.993+0000] {dagbag.py:587} INFO - Filling up the DagBag from /home/airflow/.local/lib/python3.12/site-packages/airflow/example_dags/example_python_decorator.py
[2024-10-02T23:11:22.053+0000] {processor.py:925} INFO - DAG(s) 'example_python_decorator' retrieved from /home/airflow/.local/lib/python3.12/site-packages/airflow/example_dags/example_python_decorator.py
[2024-10-02T23:11:22.450+0000] {logging_mixin.py:190} INFO - [2024-10-02T23:11:22.449+0000] {override.py:1900} INFO - Created Permission View: can delete on DAG:example_python_decorator
[2024-10-02T23:11:22.486+0000] {logging_mixin.py:190} INFO - [2024-10-02T23:11:22.486+0000] {override.py:1900} INFO - Created Permission View: can edit on DAG:example_python_decorator
[2024-10-02T23:11:22.501+0000] {logging_mixin.py:190} INFO - [2024-10-02T23:11:22.501+0000] {override.py:1900} INFO - Created Permission View: can read on DAG:example_python_decorator
[2024-10-02T23:11:22.529+0000] {logging_mixin.py:190} INFO - [2024-10-02T23:11:22.528+0000] {override.py:1900} INFO - Created Permission View: can create on DAG Run:example_python_decorator
[2024-10-02T23:11:22.562+0000] {logging_mixin.py:190} INFO - [2024-10-02T23:11:22.562+0000] {override.py:1900} INFO - Created Permission View: menu access on DAG Run:example_python_decorator
[2024-10-02T23:11:22.613+0000] {logging_mixin.py:190} INFO - [2024-10-02T23:11:22.612+0000] {override.py:1900} INFO - Created Permission View: can read on DAG Run:example_python_decorator
[2024-10-02T23:11:22.667+0000] {logging_mixin.py:190} INFO - [2024-10-02T23:11:22.666+0000] {override.py:1900} INFO - Created Permission View: can delete on DAG Run:example_python_decorator
[2024-10-02T23:11:22.676+0000] {logging_mixin.py:190} INFO - [2024-10-02T23:11:22.676+0000] {dag.py:3229} INFO - Sync 1 DAGs
[2024-10-02T23:11:22.708+0000] {logging_mixin.py:190} INFO - [2024-10-02T23:11:22.707+0000] {dag.py:3252} INFO - Creating ORM DAG for example_python_decorator
[2024-10-02T23:11:22.717+0000] {logging_mixin.py:190} INFO - [2024-10-02T23:11:22.716+0000] {dag.py:4156} INFO - Setting next_dagrun for example_python_decorator to None, run_after=None
[2024-10-02T23:11:22.757+0000] {processor.py:208} INFO - Processing /home/airflow/.local/lib/python3.12/site-packages/airflow/example_dags/example_python_decorator.py took 0.791 seconds
[2024-10-02T23:11:53.132+0000] {processor.py:186} INFO - Started process (PID=128) to work on /home/airflow/.local/lib/python3.12/site-packages/airflow/example_dags/example_python_decorator.py
[2024-10-02T23:11:53.133+0000] {processor.py:914} INFO - Processing file /home/airflow/.local/lib/python3.12/site-packages/airflow/example_dags/example_python_decorator.py for tasks to queue
[2024-10-02T23:11:53.136+0000] {logging_mixin.py:190} INFO - [2024-10-02T23:11:53.136+0000] {dagbag.py:587} INFO - Filling up the DagBag from /home/airflow/.local/lib/python3.12/site-packages/airflow/example_dags/example_python_decorator.py
[2024-10-02T23:11:53.156+0000] {processor.py:925} INFO - DAG(s) 'example_python_decorator' retrieved from /home/airflow/.local/lib/python3.12/site-packages/airflow/example_dags/example_python_decorator.py
[2024-10-02T23:11:53.185+0000] {logging_mixin.py:190} INFO - [2024-10-02T23:11:53.185+0000] {dag.py:3229} INFO - Sync 1 DAGs
[2024-10-02T23:11:53.205+0000] {logging_mixin.py:190} INFO - [2024-10-02T23:11:53.204+0000] {dag.py:4156} INFO - Setting next_dagrun for example_python_decorator to None, run_after=None
[2024-10-02T23:11:53.235+0000] {processor.py:208} INFO - Processing /home/airflow/.local/lib/python3.12/site-packages/airflow/example_dags/example_python_decorator.py took 0.111 seconds
[2024-10-02T23:12:23.707+0000] {processor.py:186} INFO - Started process (PID=190) to work on /home/airflow/.local/lib/python3.12/site-packages/airflow/example_dags/example_python_decorator.py
[2024-10-02T23:12:23.709+0000] {processor.py:914} INFO - Processing file /home/airflow/.local/lib/python3.12/site-packages/airflow/example_dags/example_python_decorator.py for tasks to queue
[2024-10-02T23:12:23.714+0000] {logging_mixin.py:190} INFO - [2024-10-02T23:12:23.714+0000] {dagbag.py:587} INFO - Filling up the DagBag from /home/airflow/.local/lib/python3.12/site-packages/airflow/example_dags/example_python_decorator.py
[2024-10-02T23:12:23.737+0000] {processor.py:925} INFO - DAG(s) 'example_python_decorator' retrieved from /home/airflow/.local/lib/python3.12/site-packages/airflow/example_dags/example_python_decorator.py
[2024-10-02T23:12:23.774+0000] {logging_mixin.py:190} INFO - [2024-10-02T23:12:23.774+0000] {dag.py:3229} INFO - Sync 1 DAGs
[2024-10-02T23:12:23.800+0000] {logging_mixin.py:190} INFO - [2024-10-02T23:12:23.799+0000] {dag.py:4156} INFO - Setting next_dagrun for example_python_decorator to None, run_after=None
[2024-10-02T23:12:23.859+0000] {processor.py:208} INFO - Processing /home/airflow/.local/lib/python3.12/site-packages/airflow/example_dags/example_python_decorator.py took 0.159 seconds
[2024-10-02T23:12:53.908+0000] {processor.py:186} INFO - Started process (PID=253) to work on /home/airflow/.local/lib/python3.12/site-packages/airflow/example_dags/example_python_decorator.py
[2024-10-02T23:12:53.909+0000] {processor.py:914} INFO - Processing file /home/airflow/.local/lib/python3.12/site-packages/airflow/example_dags/example_python_decorator.py for tasks to queue
[2024-10-02T23:12:53.912+0000] {logging_mixin.py:190} INFO - [2024-10-02T23:12:53.911+0000] {dagbag.py:587} INFO - Filling up the DagBag from /home/airflow/.local/lib/python3.12/site-packages/airflow/example_dags/example_python_decorator.py
[2024-10-02T23:12:53.927+0000] {processor.py:925} INFO - DAG(s) 'example_python_decorator' retrieved from /home/airflow/.local/lib/python3.12/site-packages/airflow/example_dags/example_python_decorator.py
[2024-10-02T23:12:53.953+0000] {logging_mixin.py:190} INFO - [2024-10-02T23:12:53.953+0000] {dag.py:3229} INFO - Sync 1 DAGs
[2024-10-02T23:12:53.971+0000] {logging_mixin.py:190} INFO - [2024-10-02T23:12:53.971+0000] {dag.py:4156} INFO - Setting next_dagrun for example_python_decorator to None, run_after=None
[2024-10-02T23:12:54.003+0000] {processor.py:208} INFO - Processing /home/airflow/.local/lib/python3.12/site-packages/airflow/example_dags/example_python_decorator.py took 0.102 seconds
[2024-10-02T23:13:24.627+0000] {processor.py:186} INFO - Started process (PID=315) to work on /home/airflow/.local/lib/python3.12/site-packages/airflow/example_dags/example_python_decorator.py
[2024-10-02T23:13:24.629+0000] {processor.py:914} INFO - Processing file /home/airflow/.local/lib/python3.12/site-packages/airflow/example_dags/example_python_decorator.py for tasks to queue
[2024-10-02T23:13:24.632+0000] {logging_mixin.py:190} INFO - [2024-10-02T23:13:24.631+0000] {dagbag.py:587} INFO - Filling up the DagBag from /home/airflow/.local/lib/python3.12/site-packages/airflow/example_dags/example_python_decorator.py
[2024-10-02T23:13:24.650+0000] {processor.py:925} INFO - DAG(s) 'example_python_decorator' retrieved from /home/airflow/.local/lib/python3.12/site-packages/airflow/example_dags/example_python_decorator.py
[2024-10-02T23:13:24.676+0000] {logging_mixin.py:190} INFO - [2024-10-02T23:13:24.676+0000] {dag.py:3229} INFO - Sync 1 DAGs
[2024-10-02T23:13:24.694+0000] {logging_mixin.py:190} INFO - [2024-10-02T23:13:24.693+0000] {dag.py:4156} INFO - Setting next_dagrun for example_python_decorator to None, run_after=None
[2024-10-02T23:13:24.723+0000] {processor.py:208} INFO - Processing /home/airflow/.local/lib/python3.12/site-packages/airflow/example_dags/example_python_decorator.py took 0.103 seconds
