[2024-10-02T23:11:32.339+0000] {processor.py:186} INFO - Started process (PID=93) to work on /home/airflow/.local/lib/python3.12/site-packages/airflow/example_dags/example_complex.py
[2024-10-02T23:11:32.352+0000] {processor.py:914} INFO - Processing file /home/airflow/.local/lib/python3.12/site-packages/airflow/example_dags/example_complex.py for tasks to queue
[2024-10-02T23:11:32.359+0000] {logging_mixin.py:190} INFO - [2024-10-02T23:11:32.358+0000] {dagbag.py:587} INFO - Filling up the DagBag from /home/airflow/.local/lib/python3.12/site-packages/airflow/example_dags/example_complex.py
[2024-10-02T23:11:32.391+0000] {processor.py:925} INFO - DAG(s) 'example_complex' retrieved from /home/airflow/.local/lib/python3.12/site-packages/airflow/example_dags/example_complex.py
[2024-10-02T23:11:32.694+0000] {logging_mixin.py:190} INFO - [2024-10-02T23:11:32.693+0000] {override.py:1900} INFO - Created Permission View: can delete on DAG:example_complex
[2024-10-02T23:11:32.738+0000] {logging_mixin.py:190} INFO - [2024-10-02T23:11:32.737+0000] {override.py:1900} INFO - Created Permission View: can edit on DAG:example_complex
[2024-10-02T23:11:32.772+0000] {logging_mixin.py:190} INFO - [2024-10-02T23:11:32.772+0000] {override.py:1900} INFO - Created Permission View: can read on DAG:example_complex
[2024-10-02T23:11:32.805+0000] {logging_mixin.py:190} INFO - [2024-10-02T23:11:32.805+0000] {override.py:1900} INFO - Created Permission View: can create on DAG Run:example_complex
[2024-10-02T23:11:32.824+0000] {logging_mixin.py:190} INFO - [2024-10-02T23:11:32.823+0000] {override.py:1900} INFO - Created Permission View: menu access on DAG Run:example_complex
[2024-10-02T23:11:32.859+0000] {logging_mixin.py:190} INFO - [2024-10-02T23:11:32.858+0000] {override.py:1900} INFO - Created Permission View: can read on DAG Run:example_complex
[2024-10-02T23:11:32.874+0000] {logging_mixin.py:190} INFO - [2024-10-02T23:11:32.874+0000] {override.py:1900} INFO - Created Permission View: can delete on DAG Run:example_complex
[2024-10-02T23:11:32.876+0000] {logging_mixin.py:190} INFO - [2024-10-02T23:11:32.875+0000] {dag.py:3229} INFO - Sync 1 DAGs
[2024-10-02T23:11:32.909+0000] {logging_mixin.py:190} INFO - [2024-10-02T23:11:32.909+0000] {dag.py:3252} INFO - Creating ORM DAG for example_complex
[2024-10-02T23:11:32.927+0000] {logging_mixin.py:190} INFO - [2024-10-02T23:11:32.927+0000] {dag.py:4156} INFO - Setting next_dagrun for example_complex to None, run_after=None
[2024-10-02T23:11:33.071+0000] {processor.py:208} INFO - Processing /home/airflow/.local/lib/python3.12/site-packages/airflow/example_dags/example_complex.py took 0.743 seconds
[2024-10-02T23:12:03.133+0000] {processor.py:186} INFO - Started process (PID=155) to work on /home/airflow/.local/lib/python3.12/site-packages/airflow/example_dags/example_complex.py
[2024-10-02T23:12:03.135+0000] {processor.py:914} INFO - Processing file /home/airflow/.local/lib/python3.12/site-packages/airflow/example_dags/example_complex.py for tasks to queue
[2024-10-02T23:12:03.138+0000] {logging_mixin.py:190} INFO - [2024-10-02T23:12:03.138+0000] {dagbag.py:587} INFO - Filling up the DagBag from /home/airflow/.local/lib/python3.12/site-packages/airflow/example_dags/example_complex.py
[2024-10-02T23:12:03.159+0000] {processor.py:925} INFO - DAG(s) 'example_complex' retrieved from /home/airflow/.local/lib/python3.12/site-packages/airflow/example_dags/example_complex.py
[2024-10-02T23:12:03.203+0000] {logging_mixin.py:190} INFO - [2024-10-02T23:12:03.203+0000] {dag.py:3229} INFO - Sync 1 DAGs
[2024-10-02T23:12:03.222+0000] {logging_mixin.py:190} INFO - [2024-10-02T23:12:03.222+0000] {dag.py:4156} INFO - Setting next_dagrun for example_complex to None, run_after=None
[2024-10-02T23:12:03.261+0000] {processor.py:208} INFO - Processing /home/airflow/.local/lib/python3.12/site-packages/airflow/example_dags/example_complex.py took 0.137 seconds
[2024-10-02T23:12:33.798+0000] {processor.py:186} INFO - Started process (PID=218) to work on /home/airflow/.local/lib/python3.12/site-packages/airflow/example_dags/example_complex.py
[2024-10-02T23:12:33.800+0000] {processor.py:914} INFO - Processing file /home/airflow/.local/lib/python3.12/site-packages/airflow/example_dags/example_complex.py for tasks to queue
[2024-10-02T23:12:33.804+0000] {logging_mixin.py:190} INFO - [2024-10-02T23:12:33.803+0000] {dagbag.py:587} INFO - Filling up the DagBag from /home/airflow/.local/lib/python3.12/site-packages/airflow/example_dags/example_complex.py
[2024-10-02T23:12:33.825+0000] {processor.py:925} INFO - DAG(s) 'example_complex' retrieved from /home/airflow/.local/lib/python3.12/site-packages/airflow/example_dags/example_complex.py
[2024-10-02T23:12:33.869+0000] {logging_mixin.py:190} INFO - [2024-10-02T23:12:33.869+0000] {dag.py:3229} INFO - Sync 1 DAGs
[2024-10-02T23:12:33.888+0000] {logging_mixin.py:190} INFO - [2024-10-02T23:12:33.887+0000] {dag.py:4156} INFO - Setting next_dagrun for example_complex to None, run_after=None
[2024-10-02T23:12:33.915+0000] {processor.py:208} INFO - Processing /home/airflow/.local/lib/python3.12/site-packages/airflow/example_dags/example_complex.py took 0.124 seconds
[2024-10-02T23:13:04.350+0000] {processor.py:186} INFO - Started process (PID=280) to work on /home/airflow/.local/lib/python3.12/site-packages/airflow/example_dags/example_complex.py
[2024-10-02T23:13:04.353+0000] {processor.py:914} INFO - Processing file /home/airflow/.local/lib/python3.12/site-packages/airflow/example_dags/example_complex.py for tasks to queue
[2024-10-02T23:13:04.356+0000] {logging_mixin.py:190} INFO - [2024-10-02T23:13:04.355+0000] {dagbag.py:587} INFO - Filling up the DagBag from /home/airflow/.local/lib/python3.12/site-packages/airflow/example_dags/example_complex.py
[2024-10-02T23:13:04.377+0000] {processor.py:925} INFO - DAG(s) 'example_complex' retrieved from /home/airflow/.local/lib/python3.12/site-packages/airflow/example_dags/example_complex.py
[2024-10-02T23:13:04.420+0000] {logging_mixin.py:190} INFO - [2024-10-02T23:13:04.419+0000] {dag.py:3229} INFO - Sync 1 DAGs
[2024-10-02T23:13:04.440+0000] {logging_mixin.py:190} INFO - [2024-10-02T23:13:04.440+0000] {dag.py:4156} INFO - Setting next_dagrun for example_complex to None, run_after=None
[2024-10-02T23:13:04.473+0000] {processor.py:208} INFO - Processing /home/airflow/.local/lib/python3.12/site-packages/airflow/example_dags/example_complex.py took 0.132 seconds
