[2024-10-02T23:11:39.298+0000] {processor.py:186} INFO - Started process (PID=115) to work on /home/airflow/.local/lib/python3.12/site-packages/airflow/example_dags/example_time_delta_sensor_async.py
[2024-10-02T23:11:39.299+0000] {processor.py:914} INFO - Processing file /home/airflow/.local/lib/python3.12/site-packages/airflow/example_dags/example_time_delta_sensor_async.py for tasks to queue
[2024-10-02T23:11:39.304+0000] {logging_mixin.py:190} INFO - [2024-10-02T23:11:39.303+0000] {dagbag.py:587} INFO - Filling up the DagBag from /home/airflow/.local/lib/python3.12/site-packages/airflow/example_dags/example_time_delta_sensor_async.py
[2024-10-02T23:11:39.318+0000] {processor.py:925} INFO - DAG(s) 'example_time_delta_sensor_async' retrieved from /home/airflow/.local/lib/python3.12/site-packages/airflow/example_dags/example_time_delta_sensor_async.py
[2024-10-02T23:11:39.517+0000] {logging_mixin.py:190} INFO - [2024-10-02T23:11:39.516+0000] {override.py:1900} INFO - Created Permission View: can delete on DAG:example_time_delta_sensor_async
[2024-10-02T23:11:39.541+0000] {logging_mixin.py:190} INFO - [2024-10-02T23:11:39.540+0000] {override.py:1900} INFO - Created Permission View: can edit on DAG:example_time_delta_sensor_async
[2024-10-02T23:11:39.552+0000] {logging_mixin.py:190} INFO - [2024-10-02T23:11:39.551+0000] {override.py:1900} INFO - Created Permission View: can read on DAG:example_time_delta_sensor_async
[2024-10-02T23:11:39.567+0000] {logging_mixin.py:190} INFO - [2024-10-02T23:11:39.567+0000] {override.py:1900} INFO - Created Permission View: can create on DAG Run:example_time_delta_sensor_async
[2024-10-02T23:11:39.590+0000] {logging_mixin.py:190} INFO - [2024-10-02T23:11:39.590+0000] {override.py:1900} INFO - Created Permission View: menu access on DAG Run:example_time_delta_sensor_async
[2024-10-02T23:11:39.603+0000] {logging_mixin.py:190} INFO - [2024-10-02T23:11:39.603+0000] {override.py:1900} INFO - Created Permission View: can read on DAG Run:example_time_delta_sensor_async
[2024-10-02T23:11:39.620+0000] {logging_mixin.py:190} INFO - [2024-10-02T23:11:39.619+0000] {override.py:1900} INFO - Created Permission View: can delete on DAG Run:example_time_delta_sensor_async
[2024-10-02T23:11:39.621+0000] {logging_mixin.py:190} INFO - [2024-10-02T23:11:39.621+0000] {dag.py:3229} INFO - Sync 1 DAGs
[2024-10-02T23:11:39.652+0000] {logging_mixin.py:190} INFO - [2024-10-02T23:11:39.651+0000] {dag.py:3252} INFO - Creating ORM DAG for example_time_delta_sensor_async
[2024-10-02T23:11:39.654+0000] {logging_mixin.py:190} INFO - [2024-10-02T23:11:39.653+0000] {dag.py:4156} INFO - Setting next_dagrun for example_time_delta_sensor_async to None, run_after=None
[2024-10-02T23:11:39.695+0000] {processor.py:208} INFO - Processing /home/airflow/.local/lib/python3.12/site-packages/airflow/example_dags/example_time_delta_sensor_async.py took 0.407 seconds
[2024-10-02T23:12:10.411+0000] {processor.py:186} INFO - Started process (PID=177) to work on /home/airflow/.local/lib/python3.12/site-packages/airflow/example_dags/example_time_delta_sensor_async.py
[2024-10-02T23:12:10.417+0000] {processor.py:914} INFO - Processing file /home/airflow/.local/lib/python3.12/site-packages/airflow/example_dags/example_time_delta_sensor_async.py for tasks to queue
[2024-10-02T23:12:10.423+0000] {logging_mixin.py:190} INFO - [2024-10-02T23:12:10.423+0000] {dagbag.py:587} INFO - Filling up the DagBag from /home/airflow/.local/lib/python3.12/site-packages/airflow/example_dags/example_time_delta_sensor_async.py
[2024-10-02T23:12:10.443+0000] {processor.py:925} INFO - DAG(s) 'example_time_delta_sensor_async' retrieved from /home/airflow/.local/lib/python3.12/site-packages/airflow/example_dags/example_time_delta_sensor_async.py
[2024-10-02T23:12:10.516+0000] {logging_mixin.py:190} INFO - [2024-10-02T23:12:10.515+0000] {dag.py:3229} INFO - Sync 1 DAGs
[2024-10-02T23:12:10.631+0000] {logging_mixin.py:190} INFO - [2024-10-02T23:12:10.631+0000] {dag.py:4156} INFO - Setting next_dagrun for example_time_delta_sensor_async to None, run_after=None
[2024-10-02T23:12:10.744+0000] {processor.py:208} INFO - Processing /home/airflow/.local/lib/python3.12/site-packages/airflow/example_dags/example_time_delta_sensor_async.py took 0.347 seconds
[2024-10-02T23:12:41.804+0000] {processor.py:186} INFO - Started process (PID=240) to work on /home/airflow/.local/lib/python3.12/site-packages/airflow/example_dags/example_time_delta_sensor_async.py
[2024-10-02T23:12:41.806+0000] {processor.py:914} INFO - Processing file /home/airflow/.local/lib/python3.12/site-packages/airflow/example_dags/example_time_delta_sensor_async.py for tasks to queue
[2024-10-02T23:12:41.810+0000] {logging_mixin.py:190} INFO - [2024-10-02T23:12:41.809+0000] {dagbag.py:587} INFO - Filling up the DagBag from /home/airflow/.local/lib/python3.12/site-packages/airflow/example_dags/example_time_delta_sensor_async.py
[2024-10-02T23:12:41.820+0000] {processor.py:925} INFO - DAG(s) 'example_time_delta_sensor_async' retrieved from /home/airflow/.local/lib/python3.12/site-packages/airflow/example_dags/example_time_delta_sensor_async.py
[2024-10-02T23:12:41.844+0000] {logging_mixin.py:190} INFO - [2024-10-02T23:12:41.843+0000] {dag.py:3229} INFO - Sync 1 DAGs
[2024-10-02T23:12:41.865+0000] {logging_mixin.py:190} INFO - [2024-10-02T23:12:41.865+0000] {dag.py:4156} INFO - Setting next_dagrun for example_time_delta_sensor_async to None, run_after=None
[2024-10-02T23:12:41.905+0000] {processor.py:208} INFO - Processing /home/airflow/.local/lib/python3.12/site-packages/airflow/example_dags/example_time_delta_sensor_async.py took 0.109 seconds
[2024-10-02T23:13:12.582+0000] {processor.py:186} INFO - Started process (PID=302) to work on /home/airflow/.local/lib/python3.12/site-packages/airflow/example_dags/example_time_delta_sensor_async.py
[2024-10-02T23:13:12.584+0000] {processor.py:914} INFO - Processing file /home/airflow/.local/lib/python3.12/site-packages/airflow/example_dags/example_time_delta_sensor_async.py for tasks to queue
[2024-10-02T23:13:12.587+0000] {logging_mixin.py:190} INFO - [2024-10-02T23:13:12.587+0000] {dagbag.py:587} INFO - Filling up the DagBag from /home/airflow/.local/lib/python3.12/site-packages/airflow/example_dags/example_time_delta_sensor_async.py
[2024-10-02T23:13:12.596+0000] {processor.py:925} INFO - DAG(s) 'example_time_delta_sensor_async' retrieved from /home/airflow/.local/lib/python3.12/site-packages/airflow/example_dags/example_time_delta_sensor_async.py
[2024-10-02T23:13:12.626+0000] {logging_mixin.py:190} INFO - [2024-10-02T23:13:12.626+0000] {dag.py:3229} INFO - Sync 1 DAGs
[2024-10-02T23:13:12.648+0000] {logging_mixin.py:190} INFO - [2024-10-02T23:13:12.648+0000] {dag.py:4156} INFO - Setting next_dagrun for example_time_delta_sensor_async to None, run_after=None
[2024-10-02T23:13:12.694+0000] {processor.py:208} INFO - Processing /home/airflow/.local/lib/python3.12/site-packages/airflow/example_dags/example_time_delta_sensor_async.py took 0.118 seconds
