[2024-10-02T23:11:37.331+0000] {processor.py:186} INFO - Started process (PID=107) to work on /home/airflow/.local/lib/python3.12/site-packages/airflow/example_dags/example_trigger_target_dag.py
[2024-10-02T23:11:37.332+0000] {processor.py:914} INFO - Processing file /home/airflow/.local/lib/python3.12/site-packages/airflow/example_dags/example_trigger_target_dag.py for tasks to queue
[2024-10-02T23:11:37.337+0000] {logging_mixin.py:190} INFO - [2024-10-02T23:11:37.337+0000] {dagbag.py:587} INFO - Filling up the DagBag from /home/airflow/.local/lib/python3.12/site-packages/airflow/example_dags/example_trigger_target_dag.py
[2024-10-02T23:11:37.351+0000] {processor.py:925} INFO - DAG(s) 'example_trigger_target_dag' retrieved from /home/airflow/.local/lib/python3.12/site-packages/airflow/example_dags/example_trigger_target_dag.py
[2024-10-02T23:11:37.593+0000] {logging_mixin.py:190} INFO - [2024-10-02T23:11:37.592+0000] {override.py:1900} INFO - Created Permission View: can delete on DAG:example_trigger_target_dag
[2024-10-02T23:11:37.621+0000] {logging_mixin.py:190} INFO - [2024-10-02T23:11:37.621+0000] {override.py:1900} INFO - Created Permission View: can edit on DAG:example_trigger_target_dag
[2024-10-02T23:11:37.635+0000] {logging_mixin.py:190} INFO - [2024-10-02T23:11:37.635+0000] {override.py:1900} INFO - Created Permission View: can read on DAG:example_trigger_target_dag
[2024-10-02T23:11:37.660+0000] {logging_mixin.py:190} INFO - [2024-10-02T23:11:37.659+0000] {override.py:1900} INFO - Created Permission View: can create on DAG Run:example_trigger_target_dag
[2024-10-02T23:11:37.671+0000] {logging_mixin.py:190} INFO - [2024-10-02T23:11:37.670+0000] {override.py:1900} INFO - Created Permission View: menu access on DAG Run:example_trigger_target_dag
[2024-10-02T23:11:37.684+0000] {logging_mixin.py:190} INFO - [2024-10-02T23:11:37.684+0000] {override.py:1900} INFO - Created Permission View: can read on DAG Run:example_trigger_target_dag
[2024-10-02T23:11:37.705+0000] {logging_mixin.py:190} INFO - [2024-10-02T23:11:37.705+0000] {override.py:1900} INFO - Created Permission View: can delete on DAG Run:example_trigger_target_dag
[2024-10-02T23:11:37.706+0000] {logging_mixin.py:190} INFO - [2024-10-02T23:11:37.706+0000] {dag.py:3229} INFO - Sync 1 DAGs
[2024-10-02T23:11:37.732+0000] {logging_mixin.py:190} INFO - [2024-10-02T23:11:37.732+0000] {dag.py:3252} INFO - Creating ORM DAG for example_trigger_target_dag
[2024-10-02T23:11:37.734+0000] {logging_mixin.py:190} INFO - [2024-10-02T23:11:37.733+0000] {dag.py:4156} INFO - Setting next_dagrun for example_trigger_target_dag to None, run_after=None
[2024-10-02T23:11:37.762+0000] {processor.py:208} INFO - Processing /home/airflow/.local/lib/python3.12/site-packages/airflow/example_dags/example_trigger_target_dag.py took 0.439 seconds
[2024-10-02T23:12:09.101+0000] {processor.py:186} INFO - Started process (PID=169) to work on /home/airflow/.local/lib/python3.12/site-packages/airflow/example_dags/example_trigger_target_dag.py
[2024-10-02T23:12:09.102+0000] {processor.py:914} INFO - Processing file /home/airflow/.local/lib/python3.12/site-packages/airflow/example_dags/example_trigger_target_dag.py for tasks to queue
[2024-10-02T23:12:09.113+0000] {logging_mixin.py:190} INFO - [2024-10-02T23:12:09.110+0000] {dagbag.py:587} INFO - Filling up the DagBag from /home/airflow/.local/lib/python3.12/site-packages/airflow/example_dags/example_trigger_target_dag.py
[2024-10-02T23:12:09.131+0000] {processor.py:925} INFO - DAG(s) 'example_trigger_target_dag' retrieved from /home/airflow/.local/lib/python3.12/site-packages/airflow/example_dags/example_trigger_target_dag.py
[2024-10-02T23:12:09.173+0000] {logging_mixin.py:190} INFO - [2024-10-02T23:12:09.173+0000] {dag.py:3229} INFO - Sync 1 DAGs
[2024-10-02T23:12:09.204+0000] {logging_mixin.py:190} INFO - [2024-10-02T23:12:09.204+0000] {dag.py:4156} INFO - Setting next_dagrun for example_trigger_target_dag to None, run_after=None
[2024-10-02T23:12:09.267+0000] {processor.py:208} INFO - Processing /home/airflow/.local/lib/python3.12/site-packages/airflow/example_dags/example_trigger_target_dag.py took 0.179 seconds
[2024-10-02T23:12:40.098+0000] {processor.py:186} INFO - Started process (PID=232) to work on /home/airflow/.local/lib/python3.12/site-packages/airflow/example_dags/example_trigger_target_dag.py
[2024-10-02T23:12:40.100+0000] {processor.py:914} INFO - Processing file /home/airflow/.local/lib/python3.12/site-packages/airflow/example_dags/example_trigger_target_dag.py for tasks to queue
[2024-10-02T23:12:40.104+0000] {logging_mixin.py:190} INFO - [2024-10-02T23:12:40.103+0000] {dagbag.py:587} INFO - Filling up the DagBag from /home/airflow/.local/lib/python3.12/site-packages/airflow/example_dags/example_trigger_target_dag.py
[2024-10-02T23:12:40.115+0000] {processor.py:925} INFO - DAG(s) 'example_trigger_target_dag' retrieved from /home/airflow/.local/lib/python3.12/site-packages/airflow/example_dags/example_trigger_target_dag.py
[2024-10-02T23:12:40.140+0000] {logging_mixin.py:190} INFO - [2024-10-02T23:12:40.140+0000] {dag.py:3229} INFO - Sync 1 DAGs
[2024-10-02T23:12:40.160+0000] {logging_mixin.py:190} INFO - [2024-10-02T23:12:40.160+0000] {dag.py:4156} INFO - Setting next_dagrun for example_trigger_target_dag to None, run_after=None
[2024-10-02T23:12:40.188+0000] {processor.py:208} INFO - Processing /home/airflow/.local/lib/python3.12/site-packages/airflow/example_dags/example_trigger_target_dag.py took 0.102 seconds
[2024-10-02T23:13:10.628+0000] {processor.py:186} INFO - Started process (PID=294) to work on /home/airflow/.local/lib/python3.12/site-packages/airflow/example_dags/example_trigger_target_dag.py
[2024-10-02T23:13:10.629+0000] {processor.py:914} INFO - Processing file /home/airflow/.local/lib/python3.12/site-packages/airflow/example_dags/example_trigger_target_dag.py for tasks to queue
[2024-10-02T23:13:10.634+0000] {logging_mixin.py:190} INFO - [2024-10-02T23:13:10.633+0000] {dagbag.py:587} INFO - Filling up the DagBag from /home/airflow/.local/lib/python3.12/site-packages/airflow/example_dags/example_trigger_target_dag.py
[2024-10-02T23:13:10.650+0000] {processor.py:925} INFO - DAG(s) 'example_trigger_target_dag' retrieved from /home/airflow/.local/lib/python3.12/site-packages/airflow/example_dags/example_trigger_target_dag.py
[2024-10-02T23:13:10.678+0000] {logging_mixin.py:190} INFO - [2024-10-02T23:13:10.678+0000] {dag.py:3229} INFO - Sync 1 DAGs
[2024-10-02T23:13:10.706+0000] {logging_mixin.py:190} INFO - [2024-10-02T23:13:10.706+0000] {dag.py:4156} INFO - Setting next_dagrun for example_trigger_target_dag to None, run_after=None
[2024-10-02T23:13:10.751+0000] {processor.py:208} INFO - Processing /home/airflow/.local/lib/python3.12/site-packages/airflow/example_dags/example_trigger_target_dag.py took 0.138 seconds
