[2024-10-02T23:11:32.850+0000] {processor.py:186} INFO - Started process (PID=94) to work on /home/airflow/.local/lib/python3.12/site-packages/airflow/example_dags/example_bash_operator.py
[2024-10-02T23:11:32.854+0000] {processor.py:914} INFO - Processing file /home/airflow/.local/lib/python3.12/site-packages/airflow/example_dags/example_bash_operator.py for tasks to queue
[2024-10-02T23:11:32.870+0000] {logging_mixin.py:190} INFO - [2024-10-02T23:11:32.870+0000] {dagbag.py:587} INFO - Filling up the DagBag from /home/airflow/.local/lib/python3.12/site-packages/airflow/example_dags/example_bash_operator.py
[2024-10-02T23:11:32.919+0000] {processor.py:925} INFO - DAG(s) 'example_bash_operator' retrieved from /home/airflow/.local/lib/python3.12/site-packages/airflow/example_dags/example_bash_operator.py
[2024-10-02T23:11:33.327+0000] {logging_mixin.py:190} INFO - [2024-10-02T23:11:33.326+0000] {override.py:1900} INFO - Created Permission View: can delete on DAG:example_bash_operator
[2024-10-02T23:11:33.406+0000] {logging_mixin.py:190} INFO - [2024-10-02T23:11:33.405+0000] {override.py:1900} INFO - Created Permission View: can edit on DAG:example_bash_operator
[2024-10-02T23:11:33.449+0000] {logging_mixin.py:190} INFO - [2024-10-02T23:11:33.448+0000] {override.py:1900} INFO - Created Permission View: can read on DAG:example_bash_operator
[2024-10-02T23:11:33.522+0000] {logging_mixin.py:190} INFO - [2024-10-02T23:11:33.509+0000] {override.py:1900} INFO - Created Permission View: can create on DAG Run:example_bash_operator
[2024-10-02T23:11:33.554+0000] {logging_mixin.py:190} INFO - [2024-10-02T23:11:33.553+0000] {override.py:1900} INFO - Created Permission View: menu access on DAG Run:example_bash_operator
[2024-10-02T23:11:33.596+0000] {logging_mixin.py:190} INFO - [2024-10-02T23:11:33.590+0000] {override.py:1900} INFO - Created Permission View: can read on DAG Run:example_bash_operator
[2024-10-02T23:11:33.657+0000] {logging_mixin.py:190} INFO - [2024-10-02T23:11:33.653+0000] {override.py:1900} INFO - Created Permission View: can delete on DAG Run:example_bash_operator
[2024-10-02T23:11:33.672+0000] {logging_mixin.py:190} INFO - [2024-10-02T23:11:33.672+0000] {dag.py:3229} INFO - Sync 1 DAGs
[2024-10-02T23:11:33.773+0000] {logging_mixin.py:190} INFO - [2024-10-02T23:11:33.772+0000] {dag.py:3252} INFO - Creating ORM DAG for example_bash_operator
[2024-10-02T23:11:33.841+0000] {logging_mixin.py:190} INFO - [2024-10-02T23:11:33.841+0000] {dag.py:4156} INFO - Setting next_dagrun for example_bash_operator to 2024-10-01 00:00:00+00:00, run_after=2024-10-02 00:00:00+00:00
[2024-10-02T23:11:33.962+0000] {processor.py:208} INFO - Processing /home/airflow/.local/lib/python3.12/site-packages/airflow/example_dags/example_bash_operator.py took 1.122 seconds
[2024-10-02T23:12:04.197+0000] {processor.py:186} INFO - Started process (PID=156) to work on /home/airflow/.local/lib/python3.12/site-packages/airflow/example_dags/example_bash_operator.py
[2024-10-02T23:12:04.198+0000] {processor.py:914} INFO - Processing file /home/airflow/.local/lib/python3.12/site-packages/airflow/example_dags/example_bash_operator.py for tasks to queue
[2024-10-02T23:12:04.201+0000] {logging_mixin.py:190} INFO - [2024-10-02T23:12:04.201+0000] {dagbag.py:587} INFO - Filling up the DagBag from /home/airflow/.local/lib/python3.12/site-packages/airflow/example_dags/example_bash_operator.py
[2024-10-02T23:12:04.217+0000] {processor.py:925} INFO - DAG(s) 'example_bash_operator' retrieved from /home/airflow/.local/lib/python3.12/site-packages/airflow/example_dags/example_bash_operator.py
[2024-10-02T23:12:04.255+0000] {logging_mixin.py:190} INFO - [2024-10-02T23:12:04.254+0000] {dag.py:3229} INFO - Sync 1 DAGs
[2024-10-02T23:12:04.295+0000] {logging_mixin.py:190} INFO - [2024-10-02T23:12:04.295+0000] {dag.py:4156} INFO - Setting next_dagrun for example_bash_operator to 2024-10-01 00:00:00+00:00, run_after=2024-10-02 00:00:00+00:00
[2024-10-02T23:12:04.330+0000] {processor.py:208} INFO - Processing /home/airflow/.local/lib/python3.12/site-packages/airflow/example_dags/example_bash_operator.py took 0.140 seconds
[2024-10-02T23:12:34.917+0000] {processor.py:186} INFO - Started process (PID=219) to work on /home/airflow/.local/lib/python3.12/site-packages/airflow/example_dags/example_bash_operator.py
[2024-10-02T23:12:34.918+0000] {processor.py:914} INFO - Processing file /home/airflow/.local/lib/python3.12/site-packages/airflow/example_dags/example_bash_operator.py for tasks to queue
[2024-10-02T23:12:34.922+0000] {logging_mixin.py:190} INFO - [2024-10-02T23:12:34.921+0000] {dagbag.py:587} INFO - Filling up the DagBag from /home/airflow/.local/lib/python3.12/site-packages/airflow/example_dags/example_bash_operator.py
[2024-10-02T23:12:34.940+0000] {processor.py:925} INFO - DAG(s) 'example_bash_operator' retrieved from /home/airflow/.local/lib/python3.12/site-packages/airflow/example_dags/example_bash_operator.py
[2024-10-02T23:12:34.977+0000] {logging_mixin.py:190} INFO - [2024-10-02T23:12:34.977+0000] {dag.py:3229} INFO - Sync 1 DAGs
[2024-10-02T23:12:35.014+0000] {logging_mixin.py:190} INFO - [2024-10-02T23:12:35.014+0000] {dag.py:4156} INFO - Setting next_dagrun for example_bash_operator to 2024-10-01 00:00:00+00:00, run_after=2024-10-02 00:00:00+00:00
[2024-10-02T23:12:35.052+0000] {processor.py:208} INFO - Processing /home/airflow/.local/lib/python3.12/site-packages/airflow/example_dags/example_bash_operator.py took 0.148 seconds
[2024-10-02T23:13:05.422+0000] {processor.py:186} INFO - Started process (PID=281) to work on /home/airflow/.local/lib/python3.12/site-packages/airflow/example_dags/example_bash_operator.py
[2024-10-02T23:13:05.424+0000] {processor.py:914} INFO - Processing file /home/airflow/.local/lib/python3.12/site-packages/airflow/example_dags/example_bash_operator.py for tasks to queue
[2024-10-02T23:13:05.426+0000] {logging_mixin.py:190} INFO - [2024-10-02T23:13:05.426+0000] {dagbag.py:587} INFO - Filling up the DagBag from /home/airflow/.local/lib/python3.12/site-packages/airflow/example_dags/example_bash_operator.py
[2024-10-02T23:13:05.445+0000] {processor.py:925} INFO - DAG(s) 'example_bash_operator' retrieved from /home/airflow/.local/lib/python3.12/site-packages/airflow/example_dags/example_bash_operator.py
[2024-10-02T23:13:05.513+0000] {logging_mixin.py:190} INFO - [2024-10-02T23:13:05.511+0000] {dag.py:3229} INFO - Sync 1 DAGs
[2024-10-02T23:13:05.574+0000] {logging_mixin.py:190} INFO - [2024-10-02T23:13:05.574+0000] {dag.py:4156} INFO - Setting next_dagrun for example_bash_operator to 2024-10-01 00:00:00+00:00, run_after=2024-10-02 00:00:00+00:00
[2024-10-02T23:13:05.611+0000] {processor.py:208} INFO - Processing /home/airflow/.local/lib/python3.12/site-packages/airflow/example_dags/example_bash_operator.py took 0.199 seconds
