[2024-10-02T23:11:26.680+0000] {processor.py:186} INFO - Started process (PID=75) to work on /home/airflow/.local/lib/python3.12/site-packages/airflow/example_dags/example_skip_dag.py
[2024-10-02T23:11:26.681+0000] {processor.py:914} INFO - Processing file /home/airflow/.local/lib/python3.12/site-packages/airflow/example_dags/example_skip_dag.py for tasks to queue
[2024-10-02T23:11:26.685+0000] {logging_mixin.py:190} INFO - [2024-10-02T23:11:26.684+0000] {dagbag.py:587} INFO - Filling up the DagBag from /home/airflow/.local/lib/python3.12/site-packages/airflow/example_dags/example_skip_dag.py
[2024-10-02T23:11:26.709+0000] {processor.py:925} INFO - DAG(s) 'example_skip_dag' retrieved from /home/airflow/.local/lib/python3.12/site-packages/airflow/example_dags/example_skip_dag.py
[2024-10-02T23:11:26.916+0000] {logging_mixin.py:190} INFO - [2024-10-02T23:11:26.915+0000] {override.py:1900} INFO - Created Permission View: can delete on DAG:example_skip_dag
[2024-10-02T23:11:26.939+0000] {logging_mixin.py:190} INFO - [2024-10-02T23:11:26.939+0000] {override.py:1900} INFO - Created Permission View: can edit on DAG:example_skip_dag
[2024-10-02T23:11:26.972+0000] {logging_mixin.py:190} INFO - [2024-10-02T23:11:26.971+0000] {override.py:1900} INFO - Created Permission View: can read on DAG:example_skip_dag
[2024-10-02T23:11:26.988+0000] {logging_mixin.py:190} INFO - [2024-10-02T23:11:26.987+0000] {override.py:1900} INFO - Created Permission View: can create on DAG Run:example_skip_dag
[2024-10-02T23:11:27.003+0000] {logging_mixin.py:190} INFO - [2024-10-02T23:11:27.003+0000] {override.py:1900} INFO - Created Permission View: menu access on DAG Run:example_skip_dag
[2024-10-02T23:11:27.017+0000] {logging_mixin.py:190} INFO - [2024-10-02T23:11:27.017+0000] {override.py:1900} INFO - Created Permission View: can read on DAG Run:example_skip_dag
[2024-10-02T23:11:27.036+0000] {logging_mixin.py:190} INFO - [2024-10-02T23:11:27.036+0000] {override.py:1900} INFO - Created Permission View: can delete on DAG Run:example_skip_dag
[2024-10-02T23:11:27.037+0000] {logging_mixin.py:190} INFO - [2024-10-02T23:11:27.037+0000] {dag.py:3229} INFO - Sync 1 DAGs
[2024-10-02T23:11:27.064+0000] {logging_mixin.py:190} INFO - [2024-10-02T23:11:27.063+0000] {dag.py:3252} INFO - Creating ORM DAG for example_skip_dag
[2024-10-02T23:11:27.083+0000] {logging_mixin.py:190} INFO - [2024-10-02T23:11:27.083+0000] {dag.py:4156} INFO - Setting next_dagrun for example_skip_dag to 2024-10-01 00:00:00+00:00, run_after=2024-10-02 00:00:00+00:00
[2024-10-02T23:11:27.121+0000] {processor.py:208} INFO - Processing /home/airflow/.local/lib/python3.12/site-packages/airflow/example_dags/example_skip_dag.py took 0.451 seconds
[2024-10-02T23:11:58.009+0000] {processor.py:186} INFO - Started process (PID=137) to work on /home/airflow/.local/lib/python3.12/site-packages/airflow/example_dags/example_skip_dag.py
[2024-10-02T23:11:58.010+0000] {processor.py:914} INFO - Processing file /home/airflow/.local/lib/python3.12/site-packages/airflow/example_dags/example_skip_dag.py for tasks to queue
[2024-10-02T23:11:58.014+0000] {logging_mixin.py:190} INFO - [2024-10-02T23:11:58.013+0000] {dagbag.py:587} INFO - Filling up the DagBag from /home/airflow/.local/lib/python3.12/site-packages/airflow/example_dags/example_skip_dag.py
[2024-10-02T23:11:58.028+0000] {processor.py:925} INFO - DAG(s) 'example_skip_dag' retrieved from /home/airflow/.local/lib/python3.12/site-packages/airflow/example_dags/example_skip_dag.py
[2024-10-02T23:11:58.068+0000] {logging_mixin.py:190} INFO - [2024-10-02T23:11:58.068+0000] {dag.py:3229} INFO - Sync 1 DAGs
[2024-10-02T23:11:58.105+0000] {logging_mixin.py:190} INFO - [2024-10-02T23:11:58.104+0000] {dag.py:4156} INFO - Setting next_dagrun for example_skip_dag to 2024-10-01 00:00:00+00:00, run_after=2024-10-02 00:00:00+00:00
[2024-10-02T23:11:58.141+0000] {processor.py:208} INFO - Processing /home/airflow/.local/lib/python3.12/site-packages/airflow/example_dags/example_skip_dag.py took 0.141 seconds
[2024-10-02T23:12:28.605+0000] {processor.py:186} INFO - Started process (PID=199) to work on /home/airflow/.local/lib/python3.12/site-packages/airflow/example_dags/example_skip_dag.py
[2024-10-02T23:12:28.607+0000] {processor.py:914} INFO - Processing file /home/airflow/.local/lib/python3.12/site-packages/airflow/example_dags/example_skip_dag.py for tasks to queue
[2024-10-02T23:12:28.610+0000] {logging_mixin.py:190} INFO - [2024-10-02T23:12:28.610+0000] {dagbag.py:587} INFO - Filling up the DagBag from /home/airflow/.local/lib/python3.12/site-packages/airflow/example_dags/example_skip_dag.py
[2024-10-02T23:12:28.625+0000] {processor.py:925} INFO - DAG(s) 'example_skip_dag' retrieved from /home/airflow/.local/lib/python3.12/site-packages/airflow/example_dags/example_skip_dag.py
[2024-10-02T23:12:28.657+0000] {logging_mixin.py:190} INFO - [2024-10-02T23:12:28.657+0000] {dag.py:3229} INFO - Sync 1 DAGs
[2024-10-02T23:12:28.691+0000] {logging_mixin.py:190} INFO - [2024-10-02T23:12:28.691+0000] {dag.py:4156} INFO - Setting next_dagrun for example_skip_dag to 2024-10-01 00:00:00+00:00, run_after=2024-10-02 00:00:00+00:00
[2024-10-02T23:12:28.731+0000] {processor.py:208} INFO - Processing /home/airflow/.local/lib/python3.12/site-packages/airflow/example_dags/example_skip_dag.py took 0.135 seconds
[2024-10-02T23:12:59.051+0000] {processor.py:186} INFO - Started process (PID=262) to work on /home/airflow/.local/lib/python3.12/site-packages/airflow/example_dags/example_skip_dag.py
[2024-10-02T23:12:59.052+0000] {processor.py:914} INFO - Processing file /home/airflow/.local/lib/python3.12/site-packages/airflow/example_dags/example_skip_dag.py for tasks to queue
[2024-10-02T23:12:59.055+0000] {logging_mixin.py:190} INFO - [2024-10-02T23:12:59.055+0000] {dagbag.py:587} INFO - Filling up the DagBag from /home/airflow/.local/lib/python3.12/site-packages/airflow/example_dags/example_skip_dag.py
[2024-10-02T23:12:59.065+0000] {processor.py:925} INFO - DAG(s) 'example_skip_dag' retrieved from /home/airflow/.local/lib/python3.12/site-packages/airflow/example_dags/example_skip_dag.py
[2024-10-02T23:12:59.093+0000] {logging_mixin.py:190} INFO - [2024-10-02T23:12:59.092+0000] {dag.py:3229} INFO - Sync 1 DAGs
[2024-10-02T23:12:59.130+0000] {logging_mixin.py:190} INFO - [2024-10-02T23:12:59.129+0000] {dag.py:4156} INFO - Setting next_dagrun for example_skip_dag to 2024-10-01 00:00:00+00:00, run_after=2024-10-02 00:00:00+00:00
[2024-10-02T23:12:59.158+0000] {processor.py:208} INFO - Processing /home/airflow/.local/lib/python3.12/site-packages/airflow/example_dags/example_skip_dag.py took 0.116 seconds
[2024-10-02T23:13:29.849+0000] {processor.py:186} INFO - Started process (PID=330) to work on /home/airflow/.local/lib/python3.12/site-packages/airflow/example_dags/example_skip_dag.py
[2024-10-02T23:13:29.851+0000] {processor.py:914} INFO - Processing file /home/airflow/.local/lib/python3.12/site-packages/airflow/example_dags/example_skip_dag.py for tasks to queue
[2024-10-02T23:13:29.855+0000] {logging_mixin.py:190} INFO - [2024-10-02T23:13:29.854+0000] {dagbag.py:587} INFO - Filling up the DagBag from /home/airflow/.local/lib/python3.12/site-packages/airflow/example_dags/example_skip_dag.py
[2024-10-02T23:13:29.868+0000] {processor.py:925} INFO - DAG(s) 'example_skip_dag' retrieved from /home/airflow/.local/lib/python3.12/site-packages/airflow/example_dags/example_skip_dag.py
[2024-10-02T23:13:29.902+0000] {logging_mixin.py:190} INFO - [2024-10-02T23:13:29.901+0000] {dag.py:3229} INFO - Sync 1 DAGs
[2024-10-02T23:13:29.935+0000] {logging_mixin.py:190} INFO - [2024-10-02T23:13:29.935+0000] {dag.py:4156} INFO - Setting next_dagrun for example_skip_dag to 2024-10-01 00:00:00+00:00, run_after=2024-10-02 00:00:00+00:00
[2024-10-02T23:13:29.979+0000] {processor.py:208} INFO - Processing /home/airflow/.local/lib/python3.12/site-packages/airflow/example_dags/example_skip_dag.py took 0.139 seconds
