[2024-10-02T23:11:22.822+0000] {processor.py:186} INFO - Started process (PID=68) to work on /home/airflow/.local/lib/python3.12/site-packages/airflow/example_dags/example_inlet_event_extra.py
[2024-10-02T23:11:22.824+0000] {processor.py:914} INFO - Processing file /home/airflow/.local/lib/python3.12/site-packages/airflow/example_dags/example_inlet_event_extra.py for tasks to queue
[2024-10-02T23:11:22.828+0000] {logging_mixin.py:190} INFO - [2024-10-02T23:11:22.827+0000] {dagbag.py:587} INFO - Filling up the DagBag from /home/airflow/.local/lib/python3.12/site-packages/airflow/example_dags/example_inlet_event_extra.py
[2024-10-02T23:11:23.601+0000] {processor.py:925} INFO - DAG(s) 'read_dataset_event_from_classic', 'read_dataset_event' retrieved from /home/airflow/.local/lib/python3.12/site-packages/airflow/example_dags/example_inlet_event_extra.py
[2024-10-02T23:11:23.803+0000] {logging_mixin.py:190} INFO - [2024-10-02T23:11:23.802+0000] {override.py:1900} INFO - Created Permission View: can delete on DAG:read_dataset_event_from_classic
[2024-10-02T23:11:23.821+0000] {logging_mixin.py:190} INFO - [2024-10-02T23:11:23.820+0000] {override.py:1900} INFO - Created Permission View: can edit on DAG:read_dataset_event_from_classic
[2024-10-02T23:11:23.841+0000] {logging_mixin.py:190} INFO - [2024-10-02T23:11:23.841+0000] {override.py:1900} INFO - Created Permission View: can read on DAG:read_dataset_event_from_classic
[2024-10-02T23:11:23.866+0000] {logging_mixin.py:190} INFO - [2024-10-02T23:11:23.866+0000] {override.py:1900} INFO - Created Permission View: can create on DAG Run:read_dataset_event_from_classic
[2024-10-02T23:11:23.884+0000] {logging_mixin.py:190} INFO - [2024-10-02T23:11:23.883+0000] {override.py:1900} INFO - Created Permission View: menu access on DAG Run:read_dataset_event_from_classic
[2024-10-02T23:11:23.901+0000] {logging_mixin.py:190} INFO - [2024-10-02T23:11:23.900+0000] {override.py:1900} INFO - Created Permission View: can read on DAG Run:read_dataset_event_from_classic
[2024-10-02T23:11:23.916+0000] {logging_mixin.py:190} INFO - [2024-10-02T23:11:23.915+0000] {override.py:1900} INFO - Created Permission View: can delete on DAG Run:read_dataset_event_from_classic
[2024-10-02T23:11:23.950+0000] {logging_mixin.py:190} INFO - [2024-10-02T23:11:23.949+0000] {override.py:1900} INFO - Created Permission View: can delete on DAG:read_dataset_event
[2024-10-02T23:11:23.971+0000] {logging_mixin.py:190} INFO - [2024-10-02T23:11:23.971+0000] {override.py:1900} INFO - Created Permission View: can edit on DAG:read_dataset_event
[2024-10-02T23:11:23.990+0000] {logging_mixin.py:190} INFO - [2024-10-02T23:11:23.990+0000] {override.py:1900} INFO - Created Permission View: can read on DAG:read_dataset_event
[2024-10-02T23:11:24.023+0000] {logging_mixin.py:190} INFO - [2024-10-02T23:11:24.022+0000] {override.py:1900} INFO - Created Permission View: can create on DAG Run:read_dataset_event
[2024-10-02T23:11:24.040+0000] {logging_mixin.py:190} INFO - [2024-10-02T23:11:24.040+0000] {override.py:1900} INFO - Created Permission View: menu access on DAG Run:read_dataset_event
[2024-10-02T23:11:24.062+0000] {logging_mixin.py:190} INFO - [2024-10-02T23:11:24.061+0000] {override.py:1900} INFO - Created Permission View: can read on DAG Run:read_dataset_event
[2024-10-02T23:11:24.087+0000] {logging_mixin.py:190} INFO - [2024-10-02T23:11:24.086+0000] {override.py:1900} INFO - Created Permission View: can delete on DAG Run:read_dataset_event
[2024-10-02T23:11:24.089+0000] {logging_mixin.py:190} INFO - [2024-10-02T23:11:24.088+0000] {dag.py:3229} INFO - Sync 2 DAGs
[2024-10-02T23:11:24.128+0000] {logging_mixin.py:190} INFO - [2024-10-02T23:11:24.128+0000] {dag.py:3252} INFO - Creating ORM DAG for read_dataset_event
[2024-10-02T23:11:24.134+0000] {logging_mixin.py:190} INFO - [2024-10-02T23:11:24.133+0000] {dag.py:3252} INFO - Creating ORM DAG for read_dataset_event_from_classic
[2024-10-02T23:11:24.161+0000] {logging_mixin.py:190} INFO - [2024-10-02T23:11:24.161+0000] {dag.py:4156} INFO - Setting next_dagrun for read_dataset_event to 2024-10-01 00:00:00+00:00, run_after=2024-10-02 00:00:00+00:00
[2024-10-02T23:11:24.168+0000] {logging_mixin.py:190} INFO - [2024-10-02T23:11:24.167+0000] {dag.py:4156} INFO - Setting next_dagrun for read_dataset_event_from_classic to 2024-10-01 00:00:00+00:00, run_after=2024-10-02 00:00:00+00:00
[2024-10-02T23:11:24.219+0000] {processor.py:208} INFO - Processing /home/airflow/.local/lib/python3.12/site-packages/airflow/example_dags/example_inlet_event_extra.py took 1.409 seconds
[2024-10-02T23:11:54.314+0000] {processor.py:186} INFO - Started process (PID=129) to work on /home/airflow/.local/lib/python3.12/site-packages/airflow/example_dags/example_inlet_event_extra.py
[2024-10-02T23:11:54.316+0000] {processor.py:914} INFO - Processing file /home/airflow/.local/lib/python3.12/site-packages/airflow/example_dags/example_inlet_event_extra.py for tasks to queue
[2024-10-02T23:11:54.319+0000] {logging_mixin.py:190} INFO - [2024-10-02T23:11:54.319+0000] {dagbag.py:587} INFO - Filling up the DagBag from /home/airflow/.local/lib/python3.12/site-packages/airflow/example_dags/example_inlet_event_extra.py
[2024-10-02T23:11:54.509+0000] {processor.py:925} INFO - DAG(s) 'read_dataset_event_from_classic', 'read_dataset_event' retrieved from /home/airflow/.local/lib/python3.12/site-packages/airflow/example_dags/example_inlet_event_extra.py
[2024-10-02T23:11:54.538+0000] {logging_mixin.py:190} INFO - [2024-10-02T23:11:54.537+0000] {dag.py:3229} INFO - Sync 2 DAGs
[2024-10-02T23:11:54.571+0000] {logging_mixin.py:190} INFO - [2024-10-02T23:11:54.571+0000] {dag.py:4156} INFO - Setting next_dagrun for read_dataset_event to 2024-10-01 00:00:00+00:00, run_after=2024-10-02 00:00:00+00:00
[2024-10-02T23:11:54.578+0000] {logging_mixin.py:190} INFO - [2024-10-02T23:11:54.577+0000] {dag.py:4156} INFO - Setting next_dagrun for read_dataset_event_from_classic to 2024-10-01 00:00:00+00:00, run_after=2024-10-02 00:00:00+00:00
[2024-10-02T23:11:54.606+0000] {processor.py:208} INFO - Processing /home/airflow/.local/lib/python3.12/site-packages/airflow/example_dags/example_inlet_event_extra.py took 0.304 seconds
[2024-10-02T23:12:24.948+0000] {processor.py:186} INFO - Started process (PID=191) to work on /home/airflow/.local/lib/python3.12/site-packages/airflow/example_dags/example_inlet_event_extra.py
[2024-10-02T23:12:24.950+0000] {processor.py:914} INFO - Processing file /home/airflow/.local/lib/python3.12/site-packages/airflow/example_dags/example_inlet_event_extra.py for tasks to queue
[2024-10-02T23:12:24.953+0000] {logging_mixin.py:190} INFO - [2024-10-02T23:12:24.952+0000] {dagbag.py:587} INFO - Filling up the DagBag from /home/airflow/.local/lib/python3.12/site-packages/airflow/example_dags/example_inlet_event_extra.py
[2024-10-02T23:12:25.149+0000] {processor.py:925} INFO - DAG(s) 'read_dataset_event_from_classic', 'read_dataset_event' retrieved from /home/airflow/.local/lib/python3.12/site-packages/airflow/example_dags/example_inlet_event_extra.py
[2024-10-02T23:12:25.174+0000] {logging_mixin.py:190} INFO - [2024-10-02T23:12:25.174+0000] {dag.py:3229} INFO - Sync 2 DAGs
[2024-10-02T23:12:25.208+0000] {logging_mixin.py:190} INFO - [2024-10-02T23:12:25.208+0000] {dag.py:4156} INFO - Setting next_dagrun for read_dataset_event to 2024-10-01 00:00:00+00:00, run_after=2024-10-02 00:00:00+00:00
[2024-10-02T23:12:25.217+0000] {logging_mixin.py:190} INFO - [2024-10-02T23:12:25.216+0000] {dag.py:4156} INFO - Setting next_dagrun for read_dataset_event_from_classic to 2024-10-01 00:00:00+00:00, run_after=2024-10-02 00:00:00+00:00
[2024-10-02T23:12:25.245+0000] {processor.py:208} INFO - Processing /home/airflow/.local/lib/python3.12/site-packages/airflow/example_dags/example_inlet_event_extra.py took 0.305 seconds
[2024-10-02T23:12:55.995+0000] {processor.py:186} INFO - Started process (PID=254) to work on /home/airflow/.local/lib/python3.12/site-packages/airflow/example_dags/example_inlet_event_extra.py
[2024-10-02T23:12:55.997+0000] {processor.py:914} INFO - Processing file /home/airflow/.local/lib/python3.12/site-packages/airflow/example_dags/example_inlet_event_extra.py for tasks to queue
[2024-10-02T23:12:56.003+0000] {logging_mixin.py:190} INFO - [2024-10-02T23:12:56.002+0000] {dagbag.py:587} INFO - Filling up the DagBag from /home/airflow/.local/lib/python3.12/site-packages/airflow/example_dags/example_inlet_event_extra.py
[2024-10-02T23:12:56.165+0000] {processor.py:925} INFO - DAG(s) 'read_dataset_event', 'read_dataset_event_from_classic' retrieved from /home/airflow/.local/lib/python3.12/site-packages/airflow/example_dags/example_inlet_event_extra.py
[2024-10-02T23:12:56.189+0000] {logging_mixin.py:190} INFO - [2024-10-02T23:12:56.189+0000] {dag.py:3229} INFO - Sync 2 DAGs
[2024-10-02T23:12:56.220+0000] {logging_mixin.py:190} INFO - [2024-10-02T23:12:56.219+0000] {dag.py:4156} INFO - Setting next_dagrun for read_dataset_event to 2024-10-01 00:00:00+00:00, run_after=2024-10-02 00:00:00+00:00
[2024-10-02T23:12:56.226+0000] {logging_mixin.py:190} INFO - [2024-10-02T23:12:56.226+0000] {dag.py:4156} INFO - Setting next_dagrun for read_dataset_event_from_classic to 2024-10-01 00:00:00+00:00, run_after=2024-10-02 00:00:00+00:00
[2024-10-02T23:12:56.253+0000] {processor.py:208} INFO - Processing /home/airflow/.local/lib/python3.12/site-packages/airflow/example_dags/example_inlet_event_extra.py took 0.273 seconds
[2024-10-02T23:13:26.811+0000] {processor.py:186} INFO - Started process (PID=317) to work on /home/airflow/.local/lib/python3.12/site-packages/airflow/example_dags/example_inlet_event_extra.py
[2024-10-02T23:13:26.813+0000] {processor.py:914} INFO - Processing file /home/airflow/.local/lib/python3.12/site-packages/airflow/example_dags/example_inlet_event_extra.py for tasks to queue
[2024-10-02T23:13:26.817+0000] {logging_mixin.py:190} INFO - [2024-10-02T23:13:26.816+0000] {dagbag.py:587} INFO - Filling up the DagBag from /home/airflow/.local/lib/python3.12/site-packages/airflow/example_dags/example_inlet_event_extra.py
[2024-10-02T23:13:27.114+0000] {processor.py:925} INFO - DAG(s) 'read_dataset_event_from_classic', 'read_dataset_event' retrieved from /home/airflow/.local/lib/python3.12/site-packages/airflow/example_dags/example_inlet_event_extra.py
[2024-10-02T23:13:27.143+0000] {logging_mixin.py:190} INFO - [2024-10-02T23:13:27.143+0000] {dag.py:3229} INFO - Sync 2 DAGs
[2024-10-02T23:13:27.175+0000] {logging_mixin.py:190} INFO - [2024-10-02T23:13:27.174+0000] {dag.py:4156} INFO - Setting next_dagrun for read_dataset_event to 2024-10-01 00:00:00+00:00, run_after=2024-10-02 00:00:00+00:00
[2024-10-02T23:13:27.181+0000] {logging_mixin.py:190} INFO - [2024-10-02T23:13:27.181+0000] {dag.py:4156} INFO - Setting next_dagrun for read_dataset_event_from_classic to 2024-10-01 00:00:00+00:00, run_after=2024-10-02 00:00:00+00:00
[2024-10-02T23:13:27.207+0000] {processor.py:208} INFO - Processing /home/airflow/.local/lib/python3.12/site-packages/airflow/example_dags/example_inlet_event_extra.py took 0.410 seconds
