[2024-10-02T23:11:39.273+0000] {processor.py:186} INFO - Started process (PID=114) to work on /home/airflow/.local/lib/python3.12/site-packages/airflow/example_dags/example_subdag_operator.py
[2024-10-02T23:11:39.274+0000] {processor.py:914} INFO - Processing file /home/airflow/.local/lib/python3.12/site-packages/airflow/example_dags/example_subdag_operator.py for tasks to queue
[2024-10-02T23:11:39.278+0000] {logging_mixin.py:190} INFO - [2024-10-02T23:11:39.278+0000] {dagbag.py:587} INFO - Filling up the DagBag from /home/airflow/.local/lib/python3.12/site-packages/airflow/example_dags/example_subdag_operator.py
[2024-10-02T23:11:39.322+0000] {processor.py:925} INFO - DAG(s) 'example_subdag_operator.section-1', 'example_subdag_operator.section-2', 'example_subdag_operator' retrieved from /home/airflow/.local/lib/python3.12/site-packages/airflow/example_dags/example_subdag_operator.py
[2024-10-02T23:11:39.520+0000] {logging_mixin.py:190} INFO - [2024-10-02T23:11:39.519+0000] {override.py:1900} INFO - Created Permission View: can delete on DAG:example_subdag_operator
[2024-10-02T23:11:39.549+0000] {logging_mixin.py:190} INFO - [2024-10-02T23:11:39.549+0000] {override.py:1900} INFO - Created Permission View: can edit on DAG:example_subdag_operator
[2024-10-02T23:11:39.563+0000] {logging_mixin.py:190} INFO - [2024-10-02T23:11:39.563+0000] {override.py:1900} INFO - Created Permission View: can read on DAG:example_subdag_operator
[2024-10-02T23:11:39.588+0000] {logging_mixin.py:190} INFO - [2024-10-02T23:11:39.588+0000] {override.py:1900} INFO - Created Permission View: can create on DAG Run:example_subdag_operator
[2024-10-02T23:11:39.600+0000] {logging_mixin.py:190} INFO - [2024-10-02T23:11:39.600+0000] {override.py:1900} INFO - Created Permission View: menu access on DAG Run:example_subdag_operator
[2024-10-02T23:11:39.614+0000] {logging_mixin.py:190} INFO - [2024-10-02T23:11:39.613+0000] {override.py:1900} INFO - Created Permission View: can read on DAG Run:example_subdag_operator
[2024-10-02T23:11:39.629+0000] {logging_mixin.py:190} INFO - [2024-10-02T23:11:39.629+0000] {override.py:1900} INFO - Created Permission View: can delete on DAG Run:example_subdag_operator
[2024-10-02T23:11:39.630+0000] {logging_mixin.py:190} INFO - [2024-10-02T23:11:39.630+0000] {dag.py:3229} INFO - Sync 3 DAGs
[2024-10-02T23:11:39.664+0000] {logging_mixin.py:190} INFO - [2024-10-02T23:11:39.664+0000] {dag.py:3252} INFO - Creating ORM DAG for example_subdag_operator.section-2
[2024-10-02T23:11:39.666+0000] {logging_mixin.py:190} INFO - [2024-10-02T23:11:39.666+0000] {dag.py:3252} INFO - Creating ORM DAG for example_subdag_operator
[2024-10-02T23:11:39.668+0000] {logging_mixin.py:190} INFO - [2024-10-02T23:11:39.668+0000] {dag.py:3252} INFO - Creating ORM DAG for example_subdag_operator.section-1
[2024-10-02T23:11:39.685+0000] {logging_mixin.py:190} INFO - [2024-10-02T23:11:39.685+0000] {dag.py:4156} INFO - Setting next_dagrun for example_subdag_operator to 2022-01-01 00:00:00+00:00, run_after=2022-01-01 00:00:00+00:00
[2024-10-02T23:11:39.688+0000] {logging_mixin.py:190} INFO - [2024-10-02T23:11:39.687+0000] {dag.py:4156} INFO - Setting next_dagrun for example_subdag_operator.section-1 to None, run_after=None
[2024-10-02T23:11:39.689+0000] {logging_mixin.py:190} INFO - [2024-10-02T23:11:39.688+0000] {dag.py:4156} INFO - Setting next_dagrun for example_subdag_operator.section-2 to None, run_after=None
[2024-10-02T23:11:39.716+0000] {logging_mixin.py:190} INFO - [2024-10-02T23:11:39.715+0000] {dag.py:3229} INFO - Sync 2 DAGs
[2024-10-02T23:11:39.728+0000] {logging_mixin.py:190} INFO - [2024-10-02T23:11:39.728+0000] {dag.py:4156} INFO - Setting next_dagrun for example_subdag_operator.section-1 to None, run_after=None
[2024-10-02T23:11:39.737+0000] {logging_mixin.py:190} INFO - [2024-10-02T23:11:39.737+0000] {dag.py:4156} INFO - Setting next_dagrun for example_subdag_operator.section-2 to None, run_after=None
[2024-10-02T23:11:39.770+0000] {processor.py:208} INFO - Processing /home/airflow/.local/lib/python3.12/site-packages/airflow/example_dags/example_subdag_operator.py took 0.508 seconds
[2024-10-02T23:12:10.413+0000] {processor.py:186} INFO - Started process (PID=176) to work on /home/airflow/.local/lib/python3.12/site-packages/airflow/example_dags/example_subdag_operator.py
[2024-10-02T23:12:10.420+0000] {processor.py:914} INFO - Processing file /home/airflow/.local/lib/python3.12/site-packages/airflow/example_dags/example_subdag_operator.py for tasks to queue
[2024-10-02T23:12:10.426+0000] {logging_mixin.py:190} INFO - [2024-10-02T23:12:10.426+0000] {dagbag.py:587} INFO - Filling up the DagBag from /home/airflow/.local/lib/python3.12/site-packages/airflow/example_dags/example_subdag_operator.py
[2024-10-02T23:12:10.502+0000] {processor.py:925} INFO - DAG(s) 'example_subdag_operator.section-1', 'example_subdag_operator.section-2', 'example_subdag_operator' retrieved from /home/airflow/.local/lib/python3.12/site-packages/airflow/example_dags/example_subdag_operator.py
[2024-10-02T23:12:10.604+0000] {logging_mixin.py:190} INFO - [2024-10-02T23:12:10.603+0000] {dag.py:3229} INFO - Sync 3 DAGs
[2024-10-02T23:12:10.705+0000] {logging_mixin.py:190} INFO - [2024-10-02T23:12:10.704+0000] {dag.py:4156} INFO - Setting next_dagrun for example_subdag_operator to 2022-01-01 00:00:00+00:00, run_after=2022-01-01 00:00:00+00:00
[2024-10-02T23:12:10.724+0000] {logging_mixin.py:190} INFO - [2024-10-02T23:12:10.723+0000] {dag.py:4156} INFO - Setting next_dagrun for example_subdag_operator.section-1 to None, run_after=None
[2024-10-02T23:12:10.732+0000] {logging_mixin.py:190} INFO - [2024-10-02T23:12:10.732+0000] {dag.py:4156} INFO - Setting next_dagrun for example_subdag_operator.section-2 to None, run_after=None
[2024-10-02T23:12:10.757+0000] {logging_mixin.py:190} INFO - [2024-10-02T23:12:10.757+0000] {dag.py:3229} INFO - Sync 2 DAGs
[2024-10-02T23:12:10.775+0000] {logging_mixin.py:190} INFO - [2024-10-02T23:12:10.775+0000] {dag.py:4156} INFO - Setting next_dagrun for example_subdag_operator.section-1 to None, run_after=None
[2024-10-02T23:12:10.788+0000] {logging_mixin.py:190} INFO - [2024-10-02T23:12:10.788+0000] {dag.py:4156} INFO - Setting next_dagrun for example_subdag_operator.section-2 to None, run_after=None
[2024-10-02T23:12:10.848+0000] {processor.py:208} INFO - Processing /home/airflow/.local/lib/python3.12/site-packages/airflow/example_dags/example_subdag_operator.py took 0.458 seconds
[2024-10-02T23:12:41.804+0000] {processor.py:186} INFO - Started process (PID=239) to work on /home/airflow/.local/lib/python3.12/site-packages/airflow/example_dags/example_subdag_operator.py
[2024-10-02T23:12:41.806+0000] {processor.py:914} INFO - Processing file /home/airflow/.local/lib/python3.12/site-packages/airflow/example_dags/example_subdag_operator.py for tasks to queue
[2024-10-02T23:12:41.810+0000] {logging_mixin.py:190} INFO - [2024-10-02T23:12:41.809+0000] {dagbag.py:587} INFO - Filling up the DagBag from /home/airflow/.local/lib/python3.12/site-packages/airflow/example_dags/example_subdag_operator.py
[2024-10-02T23:12:41.842+0000] {processor.py:925} INFO - DAG(s) 'example_subdag_operator.section-1', 'example_subdag_operator.section-2', 'example_subdag_operator' retrieved from /home/airflow/.local/lib/python3.12/site-packages/airflow/example_dags/example_subdag_operator.py
[2024-10-02T23:12:41.865+0000] {logging_mixin.py:190} INFO - [2024-10-02T23:12:41.864+0000] {dag.py:3229} INFO - Sync 3 DAGs
[2024-10-02T23:12:41.897+0000] {logging_mixin.py:190} INFO - [2024-10-02T23:12:41.897+0000] {dag.py:4156} INFO - Setting next_dagrun for example_subdag_operator to 2022-01-01 00:00:00+00:00, run_after=2022-01-01 00:00:00+00:00
[2024-10-02T23:12:41.904+0000] {logging_mixin.py:190} INFO - [2024-10-02T23:12:41.904+0000] {dag.py:4156} INFO - Setting next_dagrun for example_subdag_operator.section-1 to None, run_after=None
[2024-10-02T23:12:41.909+0000] {logging_mixin.py:190} INFO - [2024-10-02T23:12:41.909+0000] {dag.py:4156} INFO - Setting next_dagrun for example_subdag_operator.section-2 to None, run_after=None
[2024-10-02T23:12:41.927+0000] {logging_mixin.py:190} INFO - [2024-10-02T23:12:41.926+0000] {dag.py:3229} INFO - Sync 2 DAGs
[2024-10-02T23:12:41.937+0000] {logging_mixin.py:190} INFO - [2024-10-02T23:12:41.936+0000] {dag.py:4156} INFO - Setting next_dagrun for example_subdag_operator.section-1 to None, run_after=None
[2024-10-02T23:12:41.938+0000] {logging_mixin.py:190} INFO - [2024-10-02T23:12:41.937+0000] {dag.py:4156} INFO - Setting next_dagrun for example_subdag_operator.section-2 to None, run_after=None
[2024-10-02T23:12:41.957+0000] {processor.py:208} INFO - Processing /home/airflow/.local/lib/python3.12/site-packages/airflow/example_dags/example_subdag_operator.py took 0.163 seconds
[2024-10-02T23:13:12.581+0000] {processor.py:186} INFO - Started process (PID=301) to work on /home/airflow/.local/lib/python3.12/site-packages/airflow/example_dags/example_subdag_operator.py
[2024-10-02T23:13:12.583+0000] {processor.py:914} INFO - Processing file /home/airflow/.local/lib/python3.12/site-packages/airflow/example_dags/example_subdag_operator.py for tasks to queue
[2024-10-02T23:13:12.587+0000] {logging_mixin.py:190} INFO - [2024-10-02T23:13:12.586+0000] {dagbag.py:587} INFO - Filling up the DagBag from /home/airflow/.local/lib/python3.12/site-packages/airflow/example_dags/example_subdag_operator.py
[2024-10-02T23:13:12.625+0000] {processor.py:925} INFO - DAG(s) 'example_subdag_operator.section-1', 'example_subdag_operator.section-2', 'example_subdag_operator' retrieved from /home/airflow/.local/lib/python3.12/site-packages/airflow/example_dags/example_subdag_operator.py
[2024-10-02T23:13:12.650+0000] {logging_mixin.py:190} INFO - [2024-10-02T23:13:12.649+0000] {dag.py:3229} INFO - Sync 3 DAGs
[2024-10-02T23:13:12.680+0000] {logging_mixin.py:190} INFO - [2024-10-02T23:13:12.680+0000] {dag.py:4156} INFO - Setting next_dagrun for example_subdag_operator to 2022-01-01 00:00:00+00:00, run_after=2022-01-01 00:00:00+00:00
[2024-10-02T23:13:12.685+0000] {logging_mixin.py:190} INFO - [2024-10-02T23:13:12.685+0000] {dag.py:4156} INFO - Setting next_dagrun for example_subdag_operator.section-1 to None, run_after=None
[2024-10-02T23:13:12.687+0000] {logging_mixin.py:190} INFO - [2024-10-02T23:13:12.687+0000] {dag.py:4156} INFO - Setting next_dagrun for example_subdag_operator.section-2 to None, run_after=None
[2024-10-02T23:13:12.700+0000] {logging_mixin.py:190} INFO - [2024-10-02T23:13:12.700+0000] {dag.py:3229} INFO - Sync 2 DAGs
[2024-10-02T23:13:12.710+0000] {logging_mixin.py:190} INFO - [2024-10-02T23:13:12.710+0000] {dag.py:4156} INFO - Setting next_dagrun for example_subdag_operator.section-1 to None, run_after=None
[2024-10-02T23:13:12.711+0000] {logging_mixin.py:190} INFO - [2024-10-02T23:13:12.711+0000] {dag.py:4156} INFO - Setting next_dagrun for example_subdag_operator.section-2 to None, run_after=None
[2024-10-02T23:13:12.745+0000] {processor.py:208} INFO - Processing /home/airflow/.local/lib/python3.12/site-packages/airflow/example_dags/example_subdag_operator.py took 0.172 seconds
