[2024-10-02T23:11:27.753+0000] {processor.py:186} INFO - Started process (PID=78) to work on /home/airflow/.local/lib/python3.12/site-packages/airflow/example_dags/example_sensors.py
[2024-10-02T23:11:27.755+0000] {processor.py:914} INFO - Processing file /home/airflow/.local/lib/python3.12/site-packages/airflow/example_dags/example_sensors.py for tasks to queue
[2024-10-02T23:11:27.758+0000] {logging_mixin.py:190} INFO - [2024-10-02T23:11:27.758+0000] {dagbag.py:587} INFO - Filling up the DagBag from /home/airflow/.local/lib/python3.12/site-packages/airflow/example_dags/example_sensors.py
[2024-10-02T23:11:27.778+0000] {processor.py:925} INFO - DAG(s) 'example_sensors' retrieved from /home/airflow/.local/lib/python3.12/site-packages/airflow/example_dags/example_sensors.py
[2024-10-02T23:11:28.029+0000] {logging_mixin.py:190} INFO - [2024-10-02T23:11:28.027+0000] {override.py:1900} INFO - Created Permission View: can delete on DAG:example_sensors
[2024-10-02T23:11:28.057+0000] {logging_mixin.py:190} INFO - [2024-10-02T23:11:28.057+0000] {override.py:1900} INFO - Created Permission View: can edit on DAG:example_sensors
[2024-10-02T23:11:28.078+0000] {logging_mixin.py:190} INFO - [2024-10-02T23:11:28.077+0000] {override.py:1900} INFO - Created Permission View: can read on DAG:example_sensors
[2024-10-02T23:11:28.096+0000] {logging_mixin.py:190} INFO - [2024-10-02T23:11:28.095+0000] {override.py:1900} INFO - Created Permission View: can create on DAG Run:example_sensors
[2024-10-02T23:11:28.110+0000] {logging_mixin.py:190} INFO - [2024-10-02T23:11:28.109+0000] {override.py:1900} INFO - Created Permission View: menu access on DAG Run:example_sensors
[2024-10-02T23:11:28.132+0000] {logging_mixin.py:190} INFO - [2024-10-02T23:11:28.132+0000] {override.py:1900} INFO - Created Permission View: can read on DAG Run:example_sensors
[2024-10-02T23:11:28.147+0000] {logging_mixin.py:190} INFO - [2024-10-02T23:11:28.146+0000] {override.py:1900} INFO - Created Permission View: can delete on DAG Run:example_sensors
[2024-10-02T23:11:28.148+0000] {logging_mixin.py:190} INFO - [2024-10-02T23:11:28.148+0000] {dag.py:3229} INFO - Sync 1 DAGs
[2024-10-02T23:11:28.175+0000] {logging_mixin.py:190} INFO - [2024-10-02T23:11:28.175+0000] {dag.py:3252} INFO - Creating ORM DAG for example_sensors
[2024-10-02T23:11:28.178+0000] {logging_mixin.py:190} INFO - [2024-10-02T23:11:28.177+0000] {dag.py:4156} INFO - Setting next_dagrun for example_sensors to None, run_after=None
[2024-10-02T23:11:28.223+0000] {processor.py:208} INFO - Processing /home/airflow/.local/lib/python3.12/site-packages/airflow/example_dags/example_sensors.py took 0.479 seconds
[2024-10-02T23:11:58.354+0000] {processor.py:186} INFO - Started process (PID=140) to work on /home/airflow/.local/lib/python3.12/site-packages/airflow/example_dags/example_sensors.py
[2024-10-02T23:11:58.356+0000] {processor.py:914} INFO - Processing file /home/airflow/.local/lib/python3.12/site-packages/airflow/example_dags/example_sensors.py for tasks to queue
[2024-10-02T23:11:58.360+0000] {logging_mixin.py:190} INFO - [2024-10-02T23:11:58.359+0000] {dagbag.py:587} INFO - Filling up the DagBag from /home/airflow/.local/lib/python3.12/site-packages/airflow/example_dags/example_sensors.py
[2024-10-02T23:11:58.377+0000] {processor.py:925} INFO - DAG(s) 'example_sensors' retrieved from /home/airflow/.local/lib/python3.12/site-packages/airflow/example_dags/example_sensors.py
[2024-10-02T23:11:58.412+0000] {logging_mixin.py:190} INFO - [2024-10-02T23:11:58.411+0000] {dag.py:3229} INFO - Sync 1 DAGs
[2024-10-02T23:11:58.429+0000] {logging_mixin.py:190} INFO - [2024-10-02T23:11:58.429+0000] {dag.py:4156} INFO - Setting next_dagrun for example_sensors to None, run_after=None
[2024-10-02T23:11:58.456+0000] {processor.py:208} INFO - Processing /home/airflow/.local/lib/python3.12/site-packages/airflow/example_dags/example_sensors.py took 0.110 seconds
[2024-10-02T23:12:28.942+0000] {processor.py:186} INFO - Started process (PID=202) to work on /home/airflow/.local/lib/python3.12/site-packages/airflow/example_dags/example_sensors.py
[2024-10-02T23:12:28.943+0000] {processor.py:914} INFO - Processing file /home/airflow/.local/lib/python3.12/site-packages/airflow/example_dags/example_sensors.py for tasks to queue
[2024-10-02T23:12:28.947+0000] {logging_mixin.py:190} INFO - [2024-10-02T23:12:28.946+0000] {dagbag.py:587} INFO - Filling up the DagBag from /home/airflow/.local/lib/python3.12/site-packages/airflow/example_dags/example_sensors.py
[2024-10-02T23:12:28.964+0000] {processor.py:925} INFO - DAG(s) 'example_sensors' retrieved from /home/airflow/.local/lib/python3.12/site-packages/airflow/example_dags/example_sensors.py
[2024-10-02T23:12:29.011+0000] {logging_mixin.py:190} INFO - [2024-10-02T23:12:29.011+0000] {dag.py:3229} INFO - Sync 1 DAGs
[2024-10-02T23:12:29.039+0000] {logging_mixin.py:190} INFO - [2024-10-02T23:12:29.038+0000] {dag.py:4156} INFO - Setting next_dagrun for example_sensors to None, run_after=None
[2024-10-02T23:12:29.095+0000] {processor.py:208} INFO - Processing /home/airflow/.local/lib/python3.12/site-packages/airflow/example_dags/example_sensors.py took 0.163 seconds
[2024-10-02T23:12:59.392+0000] {processor.py:186} INFO - Started process (PID=271) to work on /home/airflow/.local/lib/python3.12/site-packages/airflow/example_dags/example_sensors.py
[2024-10-02T23:12:59.393+0000] {processor.py:914} INFO - Processing file /home/airflow/.local/lib/python3.12/site-packages/airflow/example_dags/example_sensors.py for tasks to queue
[2024-10-02T23:12:59.397+0000] {logging_mixin.py:190} INFO - [2024-10-02T23:12:59.396+0000] {dagbag.py:587} INFO - Filling up the DagBag from /home/airflow/.local/lib/python3.12/site-packages/airflow/example_dags/example_sensors.py
[2024-10-02T23:12:59.420+0000] {processor.py:925} INFO - DAG(s) 'example_sensors' retrieved from /home/airflow/.local/lib/python3.12/site-packages/airflow/example_dags/example_sensors.py
[2024-10-02T23:12:59.522+0000] {logging_mixin.py:190} INFO - [2024-10-02T23:12:59.521+0000] {dag.py:3229} INFO - Sync 1 DAGs
[2024-10-02T23:12:59.544+0000] {logging_mixin.py:190} INFO - [2024-10-02T23:12:59.544+0000] {dag.py:4156} INFO - Setting next_dagrun for example_sensors to None, run_after=None
[2024-10-02T23:12:59.575+0000] {processor.py:208} INFO - Processing /home/airflow/.local/lib/python3.12/site-packages/airflow/example_dags/example_sensors.py took 0.192 seconds
[2024-10-02T23:13:30.170+0000] {processor.py:186} INFO - Started process (PID=333) to work on /home/airflow/.local/lib/python3.12/site-packages/airflow/example_dags/example_sensors.py
[2024-10-02T23:13:30.171+0000] {processor.py:914} INFO - Processing file /home/airflow/.local/lib/python3.12/site-packages/airflow/example_dags/example_sensors.py for tasks to queue
[2024-10-02T23:13:30.175+0000] {logging_mixin.py:190} INFO - [2024-10-02T23:13:30.174+0000] {dagbag.py:587} INFO - Filling up the DagBag from /home/airflow/.local/lib/python3.12/site-packages/airflow/example_dags/example_sensors.py
[2024-10-02T23:13:30.191+0000] {processor.py:925} INFO - DAG(s) 'example_sensors' retrieved from /home/airflow/.local/lib/python3.12/site-packages/airflow/example_dags/example_sensors.py
[2024-10-02T23:13:30.229+0000] {logging_mixin.py:190} INFO - [2024-10-02T23:13:30.229+0000] {dag.py:3229} INFO - Sync 1 DAGs
[2024-10-02T23:13:30.250+0000] {logging_mixin.py:190} INFO - [2024-10-02T23:13:30.250+0000] {dag.py:4156} INFO - Setting next_dagrun for example_sensors to None, run_after=None
[2024-10-02T23:13:30.290+0000] {processor.py:208} INFO - Processing /home/airflow/.local/lib/python3.12/site-packages/airflow/example_dags/example_sensors.py took 0.129 seconds
