[2024-10-02T23:11:22.090+0000] {processor.py:186} INFO - Started process (PID=67) to work on /home/airflow/.local/lib/python3.12/site-packages/airflow/example_dags/example_dataset_alias_with_no_taskflow.py
[2024-10-02T23:11:22.096+0000] {processor.py:914} INFO - Processing file /home/airflow/.local/lib/python3.12/site-packages/airflow/example_dags/example_dataset_alias_with_no_taskflow.py for tasks to queue
[2024-10-02T23:11:22.103+0000] {logging_mixin.py:190} INFO - [2024-10-02T23:11:22.102+0000] {dagbag.py:587} INFO - Filling up the DagBag from /home/airflow/.local/lib/python3.12/site-packages/airflow/example_dags/example_dataset_alias_with_no_taskflow.py
[2024-10-02T23:11:23.621+0000] {processor.py:925} INFO - DAG(s) 'dataset_alias_example_alias_consumer_with_no_taskflow', 'dataset_s3_bucket_producer_with_no_taskflow', 'dataset_alias_example_alias_producer_with_no_taskflow', 'dataset_s3_bucket_consumer_with_no_taskflow' retrieved from /home/airflow/.local/lib/python3.12/site-packages/airflow/example_dags/example_dataset_alias_with_no_taskflow.py
[2024-10-02T23:11:23.810+0000] {logging_mixin.py:190} INFO - [2024-10-02T23:11:23.808+0000] {override.py:1900} INFO - Created Permission View: can delete on DAG:dataset_alias_example_alias_consumer_with_no_taskflow
[2024-10-02T23:11:23.830+0000] {logging_mixin.py:190} INFO - [2024-10-02T23:11:23.829+0000] {override.py:1900} INFO - Created Permission View: can edit on DAG:dataset_alias_example_alias_consumer_with_no_taskflow
[2024-10-02T23:11:23.844+0000] {logging_mixin.py:190} INFO - [2024-10-02T23:11:23.843+0000] {override.py:1900} INFO - Created Permission View: can read on DAG:dataset_alias_example_alias_consumer_with_no_taskflow
[2024-10-02T23:11:23.872+0000] {logging_mixin.py:190} INFO - [2024-10-02T23:11:23.872+0000] {override.py:1900} INFO - Created Permission View: can create on DAG Run:dataset_alias_example_alias_consumer_with_no_taskflow
[2024-10-02T23:11:23.888+0000] {logging_mixin.py:190} INFO - [2024-10-02T23:11:23.888+0000] {override.py:1900} INFO - Created Permission View: menu access on DAG Run:dataset_alias_example_alias_consumer_with_no_taskflow
[2024-10-02T23:11:23.906+0000] {logging_mixin.py:190} INFO - [2024-10-02T23:11:23.906+0000] {override.py:1900} INFO - Created Permission View: can read on DAG Run:dataset_alias_example_alias_consumer_with_no_taskflow
[2024-10-02T23:11:23.922+0000] {logging_mixin.py:190} INFO - [2024-10-02T23:11:23.921+0000] {override.py:1900} INFO - Created Permission View: can delete on DAG Run:dataset_alias_example_alias_consumer_with_no_taskflow
[2024-10-02T23:11:23.955+0000] {logging_mixin.py:190} INFO - [2024-10-02T23:11:23.955+0000] {override.py:1900} INFO - Created Permission View: can delete on DAG:dataset_s3_bucket_producer_with_no_taskflow
[2024-10-02T23:11:23.974+0000] {logging_mixin.py:190} INFO - [2024-10-02T23:11:23.974+0000] {override.py:1900} INFO - Created Permission View: can edit on DAG:dataset_s3_bucket_producer_with_no_taskflow
[2024-10-02T23:11:23.993+0000] {logging_mixin.py:190} INFO - [2024-10-02T23:11:23.993+0000] {override.py:1900} INFO - Created Permission View: can read on DAG:dataset_s3_bucket_producer_with_no_taskflow
[2024-10-02T23:11:24.026+0000] {logging_mixin.py:190} INFO - [2024-10-02T23:11:24.025+0000] {override.py:1900} INFO - Created Permission View: can create on DAG Run:dataset_s3_bucket_producer_with_no_taskflow
[2024-10-02T23:11:24.046+0000] {logging_mixin.py:190} INFO - [2024-10-02T23:11:24.045+0000] {override.py:1900} INFO - Created Permission View: menu access on DAG Run:dataset_s3_bucket_producer_with_no_taskflow
[2024-10-02T23:11:24.073+0000] {logging_mixin.py:190} INFO - [2024-10-02T23:11:24.073+0000] {override.py:1900} INFO - Created Permission View: can read on DAG Run:dataset_s3_bucket_producer_with_no_taskflow
[2024-10-02T23:11:24.101+0000] {logging_mixin.py:190} INFO - [2024-10-02T23:11:24.100+0000] {override.py:1900} INFO - Created Permission View: can delete on DAG Run:dataset_s3_bucket_producer_with_no_taskflow
[2024-10-02T23:11:24.144+0000] {logging_mixin.py:190} INFO - [2024-10-02T23:11:24.144+0000] {override.py:1900} INFO - Created Permission View: can delete on DAG:dataset_alias_example_alias_producer_with_no_taskflow
[2024-10-02T23:11:24.171+0000] {logging_mixin.py:190} INFO - [2024-10-02T23:11:24.170+0000] {override.py:1900} INFO - Created Permission View: can edit on DAG:dataset_alias_example_alias_producer_with_no_taskflow
[2024-10-02T23:11:24.193+0000] {logging_mixin.py:190} INFO - [2024-10-02T23:11:24.192+0000] {override.py:1900} INFO - Created Permission View: can read on DAG:dataset_alias_example_alias_producer_with_no_taskflow
[2024-10-02T23:11:24.215+0000] {logging_mixin.py:190} INFO - [2024-10-02T23:11:24.215+0000] {override.py:1900} INFO - Created Permission View: can create on DAG Run:dataset_alias_example_alias_producer_with_no_taskflow
[2024-10-02T23:11:24.234+0000] {logging_mixin.py:190} INFO - [2024-10-02T23:11:24.233+0000] {override.py:1900} INFO - Created Permission View: menu access on DAG Run:dataset_alias_example_alias_producer_with_no_taskflow
[2024-10-02T23:11:24.326+0000] {logging_mixin.py:190} INFO - [2024-10-02T23:11:24.325+0000] {override.py:1900} INFO - Created Permission View: can read on DAG Run:dataset_alias_example_alias_producer_with_no_taskflow
[2024-10-02T23:11:24.350+0000] {logging_mixin.py:190} INFO - [2024-10-02T23:11:24.349+0000] {override.py:1900} INFO - Created Permission View: can delete on DAG Run:dataset_alias_example_alias_producer_with_no_taskflow
[2024-10-02T23:11:24.405+0000] {logging_mixin.py:190} INFO - [2024-10-02T23:11:24.404+0000] {override.py:1900} INFO - Created Permission View: can delete on DAG:dataset_s3_bucket_consumer_with_no_taskflow
[2024-10-02T23:11:24.430+0000] {logging_mixin.py:190} INFO - [2024-10-02T23:11:24.429+0000] {override.py:1900} INFO - Created Permission View: can edit on DAG:dataset_s3_bucket_consumer_with_no_taskflow
[2024-10-02T23:11:24.445+0000] {logging_mixin.py:190} INFO - [2024-10-02T23:11:24.444+0000] {override.py:1900} INFO - Created Permission View: can read on DAG:dataset_s3_bucket_consumer_with_no_taskflow
[2024-10-02T23:11:24.470+0000] {logging_mixin.py:190} INFO - [2024-10-02T23:11:24.469+0000] {override.py:1900} INFO - Created Permission View: can create on DAG Run:dataset_s3_bucket_consumer_with_no_taskflow
[2024-10-02T23:11:24.486+0000] {logging_mixin.py:190} INFO - [2024-10-02T23:11:24.485+0000] {override.py:1900} INFO - Created Permission View: menu access on DAG Run:dataset_s3_bucket_consumer_with_no_taskflow
[2024-10-02T23:11:24.507+0000] {logging_mixin.py:190} INFO - [2024-10-02T23:11:24.507+0000] {override.py:1900} INFO - Created Permission View: can read on DAG Run:dataset_s3_bucket_consumer_with_no_taskflow
[2024-10-02T23:11:24.527+0000] {logging_mixin.py:190} INFO - [2024-10-02T23:11:24.526+0000] {override.py:1900} INFO - Created Permission View: can delete on DAG Run:dataset_s3_bucket_consumer_with_no_taskflow
[2024-10-02T23:11:24.528+0000] {logging_mixin.py:190} INFO - [2024-10-02T23:11:24.528+0000] {dag.py:3229} INFO - Sync 4 DAGs
[2024-10-02T23:11:24.564+0000] {logging_mixin.py:190} INFO - [2024-10-02T23:11:24.563+0000] {dag.py:3252} INFO - Creating ORM DAG for dataset_alias_example_alias_producer_with_no_taskflow
[2024-10-02T23:11:24.569+0000] {logging_mixin.py:190} INFO - [2024-10-02T23:11:24.569+0000] {dag.py:3252} INFO - Creating ORM DAG for dataset_s3_bucket_producer_with_no_taskflow
[2024-10-02T23:11:24.573+0000] {logging_mixin.py:190} INFO - [2024-10-02T23:11:24.573+0000] {dag.py:3252} INFO - Creating ORM DAG for dataset_alias_example_alias_consumer_with_no_taskflow
[2024-10-02T23:11:24.577+0000] {logging_mixin.py:190} INFO - [2024-10-02T23:11:24.577+0000] {dag.py:3252} INFO - Creating ORM DAG for dataset_s3_bucket_consumer_with_no_taskflow
[2024-10-02T23:11:24.604+0000] {logging_mixin.py:190} INFO - [2024-10-02T23:11:24.603+0000] {dag.py:4156} INFO - Setting next_dagrun for dataset_alias_example_alias_consumer_with_no_taskflow to None, run_after=None
[2024-10-02T23:11:24.606+0000] {logging_mixin.py:190} INFO - [2024-10-02T23:11:24.606+0000] {dag.py:4156} INFO - Setting next_dagrun for dataset_alias_example_alias_producer_with_no_taskflow to None, run_after=None
[2024-10-02T23:11:24.608+0000] {logging_mixin.py:190} INFO - [2024-10-02T23:11:24.608+0000] {dag.py:4156} INFO - Setting next_dagrun for dataset_s3_bucket_consumer_with_no_taskflow to None, run_after=None
[2024-10-02T23:11:24.610+0000] {logging_mixin.py:190} INFO - [2024-10-02T23:11:24.609+0000] {dag.py:4156} INFO - Setting next_dagrun for dataset_s3_bucket_producer_with_no_taskflow to None, run_after=None
[2024-10-02T23:11:24.686+0000] {processor.py:208} INFO - Processing /home/airflow/.local/lib/python3.12/site-packages/airflow/example_dags/example_dataset_alias_with_no_taskflow.py took 2.620 seconds
[2024-10-02T23:11:55.329+0000] {processor.py:186} INFO - Started process (PID=130) to work on /home/airflow/.local/lib/python3.12/site-packages/airflow/example_dags/example_dataset_alias_with_no_taskflow.py
[2024-10-02T23:11:55.330+0000] {processor.py:914} INFO - Processing file /home/airflow/.local/lib/python3.12/site-packages/airflow/example_dags/example_dataset_alias_with_no_taskflow.py for tasks to queue
[2024-10-02T23:11:55.333+0000] {logging_mixin.py:190} INFO - [2024-10-02T23:11:55.333+0000] {dagbag.py:587} INFO - Filling up the DagBag from /home/airflow/.local/lib/python3.12/site-packages/airflow/example_dags/example_dataset_alias_with_no_taskflow.py
[2024-10-02T23:11:55.553+0000] {processor.py:925} INFO - DAG(s) 'dataset_alias_example_alias_consumer_with_no_taskflow', 'dataset_s3_bucket_consumer_with_no_taskflow', 'dataset_s3_bucket_producer_with_no_taskflow', 'dataset_alias_example_alias_producer_with_no_taskflow' retrieved from /home/airflow/.local/lib/python3.12/site-packages/airflow/example_dags/example_dataset_alias_with_no_taskflow.py
[2024-10-02T23:11:55.578+0000] {logging_mixin.py:190} INFO - [2024-10-02T23:11:55.578+0000] {dag.py:3229} INFO - Sync 4 DAGs
[2024-10-02T23:11:55.608+0000] {logging_mixin.py:190} INFO - [2024-10-02T23:11:55.608+0000] {dag.py:4156} INFO - Setting next_dagrun for dataset_alias_example_alias_consumer_with_no_taskflow to None, run_after=None
[2024-10-02T23:11:55.612+0000] {logging_mixin.py:190} INFO - [2024-10-02T23:11:55.612+0000] {dag.py:4156} INFO - Setting next_dagrun for dataset_alias_example_alias_producer_with_no_taskflow to None, run_after=None
[2024-10-02T23:11:55.614+0000] {logging_mixin.py:190} INFO - [2024-10-02T23:11:55.614+0000] {dag.py:4156} INFO - Setting next_dagrun for dataset_s3_bucket_consumer_with_no_taskflow to None, run_after=None
[2024-10-02T23:11:55.616+0000] {logging_mixin.py:190} INFO - [2024-10-02T23:11:55.616+0000] {dag.py:4156} INFO - Setting next_dagrun for dataset_s3_bucket_producer_with_no_taskflow to None, run_after=None
[2024-10-02T23:11:55.656+0000] {processor.py:208} INFO - Processing /home/airflow/.local/lib/python3.12/site-packages/airflow/example_dags/example_dataset_alias_with_no_taskflow.py took 0.335 seconds
[2024-10-02T23:12:25.994+0000] {processor.py:186} INFO - Started process (PID=192) to work on /home/airflow/.local/lib/python3.12/site-packages/airflow/example_dags/example_dataset_alias_with_no_taskflow.py
[2024-10-02T23:12:25.996+0000] {processor.py:914} INFO - Processing file /home/airflow/.local/lib/python3.12/site-packages/airflow/example_dags/example_dataset_alias_with_no_taskflow.py for tasks to queue
[2024-10-02T23:12:26.000+0000] {logging_mixin.py:190} INFO - [2024-10-02T23:12:26.000+0000] {dagbag.py:587} INFO - Filling up the DagBag from /home/airflow/.local/lib/python3.12/site-packages/airflow/example_dags/example_dataset_alias_with_no_taskflow.py
[2024-10-02T23:12:26.222+0000] {processor.py:925} INFO - DAG(s) 'dataset_alias_example_alias_producer_with_no_taskflow', 'dataset_alias_example_alias_consumer_with_no_taskflow', 'dataset_s3_bucket_producer_with_no_taskflow', 'dataset_s3_bucket_consumer_with_no_taskflow' retrieved from /home/airflow/.local/lib/python3.12/site-packages/airflow/example_dags/example_dataset_alias_with_no_taskflow.py
[2024-10-02T23:12:26.250+0000] {logging_mixin.py:190} INFO - [2024-10-02T23:12:26.249+0000] {dag.py:3229} INFO - Sync 4 DAGs
[2024-10-02T23:12:26.281+0000] {logging_mixin.py:190} INFO - [2024-10-02T23:12:26.280+0000] {dag.py:4156} INFO - Setting next_dagrun for dataset_alias_example_alias_consumer_with_no_taskflow to None, run_after=None
[2024-10-02T23:12:26.285+0000] {logging_mixin.py:190} INFO - [2024-10-02T23:12:26.285+0000] {dag.py:4156} INFO - Setting next_dagrun for dataset_alias_example_alias_producer_with_no_taskflow to None, run_after=None
[2024-10-02T23:12:26.287+0000] {logging_mixin.py:190} INFO - [2024-10-02T23:12:26.287+0000] {dag.py:4156} INFO - Setting next_dagrun for dataset_s3_bucket_consumer_with_no_taskflow to None, run_after=None
[2024-10-02T23:12:26.289+0000] {logging_mixin.py:190} INFO - [2024-10-02T23:12:26.289+0000] {dag.py:4156} INFO - Setting next_dagrun for dataset_s3_bucket_producer_with_no_taskflow to None, run_after=None
[2024-10-02T23:12:26.320+0000] {processor.py:208} INFO - Processing /home/airflow/.local/lib/python3.12/site-packages/airflow/example_dags/example_dataset_alias_with_no_taskflow.py took 0.336 seconds
[2024-10-02T23:12:56.431+0000] {processor.py:186} INFO - Started process (PID=256) to work on /home/airflow/.local/lib/python3.12/site-packages/airflow/example_dags/example_dataset_alias_with_no_taskflow.py
[2024-10-02T23:12:56.432+0000] {processor.py:914} INFO - Processing file /home/airflow/.local/lib/python3.12/site-packages/airflow/example_dags/example_dataset_alias_with_no_taskflow.py for tasks to queue
[2024-10-02T23:12:56.435+0000] {logging_mixin.py:190} INFO - [2024-10-02T23:12:56.435+0000] {dagbag.py:587} INFO - Filling up the DagBag from /home/airflow/.local/lib/python3.12/site-packages/airflow/example_dags/example_dataset_alias_with_no_taskflow.py
[2024-10-02T23:12:56.617+0000] {processor.py:925} INFO - DAG(s) 'dataset_s3_bucket_consumer_with_no_taskflow', 'dataset_alias_example_alias_producer_with_no_taskflow', 'dataset_s3_bucket_producer_with_no_taskflow', 'dataset_alias_example_alias_consumer_with_no_taskflow' retrieved from /home/airflow/.local/lib/python3.12/site-packages/airflow/example_dags/example_dataset_alias_with_no_taskflow.py
[2024-10-02T23:12:56.644+0000] {logging_mixin.py:190} INFO - [2024-10-02T23:12:56.644+0000] {dag.py:3229} INFO - Sync 4 DAGs
[2024-10-02T23:12:56.672+0000] {logging_mixin.py:190} INFO - [2024-10-02T23:12:56.672+0000] {dag.py:4156} INFO - Setting next_dagrun for dataset_alias_example_alias_consumer_with_no_taskflow to None, run_after=None
[2024-10-02T23:12:56.678+0000] {logging_mixin.py:190} INFO - [2024-10-02T23:12:56.678+0000] {dag.py:4156} INFO - Setting next_dagrun for dataset_alias_example_alias_producer_with_no_taskflow to None, run_after=None
[2024-10-02T23:12:56.680+0000] {logging_mixin.py:190} INFO - [2024-10-02T23:12:56.680+0000] {dag.py:4156} INFO - Setting next_dagrun for dataset_s3_bucket_consumer_with_no_taskflow to None, run_after=None
[2024-10-02T23:12:56.682+0000] {logging_mixin.py:190} INFO - [2024-10-02T23:12:56.682+0000] {dag.py:4156} INFO - Setting next_dagrun for dataset_s3_bucket_producer_with_no_taskflow to None, run_after=None
[2024-10-02T23:12:56.712+0000] {processor.py:208} INFO - Processing /home/airflow/.local/lib/python3.12/site-packages/airflow/example_dags/example_dataset_alias_with_no_taskflow.py took 0.288 seconds
[2024-10-02T23:13:26.809+0000] {processor.py:186} INFO - Started process (PID=316) to work on /home/airflow/.local/lib/python3.12/site-packages/airflow/example_dags/example_dataset_alias_with_no_taskflow.py
[2024-10-02T23:13:26.811+0000] {processor.py:914} INFO - Processing file /home/airflow/.local/lib/python3.12/site-packages/airflow/example_dags/example_dataset_alias_with_no_taskflow.py for tasks to queue
[2024-10-02T23:13:26.815+0000] {logging_mixin.py:190} INFO - [2024-10-02T23:13:26.814+0000] {dagbag.py:587} INFO - Filling up the DagBag from /home/airflow/.local/lib/python3.12/site-packages/airflow/example_dags/example_dataset_alias_with_no_taskflow.py
[2024-10-02T23:13:27.132+0000] {processor.py:925} INFO - DAG(s) 'dataset_s3_bucket_consumer_with_no_taskflow', 'dataset_s3_bucket_producer_with_no_taskflow', 'dataset_alias_example_alias_consumer_with_no_taskflow', 'dataset_alias_example_alias_producer_with_no_taskflow' retrieved from /home/airflow/.local/lib/python3.12/site-packages/airflow/example_dags/example_dataset_alias_with_no_taskflow.py
[2024-10-02T23:13:27.160+0000] {logging_mixin.py:190} INFO - [2024-10-02T23:13:27.159+0000] {dag.py:3229} INFO - Sync 4 DAGs
[2024-10-02T23:13:27.188+0000] {logging_mixin.py:190} INFO - [2024-10-02T23:13:27.187+0000] {dag.py:4156} INFO - Setting next_dagrun for dataset_alias_example_alias_consumer_with_no_taskflow to None, run_after=None
[2024-10-02T23:13:27.191+0000] {logging_mixin.py:190} INFO - [2024-10-02T23:13:27.191+0000] {dag.py:4156} INFO - Setting next_dagrun for dataset_alias_example_alias_producer_with_no_taskflow to None, run_after=None
[2024-10-02T23:13:27.193+0000] {logging_mixin.py:190} INFO - [2024-10-02T23:13:27.193+0000] {dag.py:4156} INFO - Setting next_dagrun for dataset_s3_bucket_consumer_with_no_taskflow to None, run_after=None
[2024-10-02T23:13:27.195+0000] {logging_mixin.py:190} INFO - [2024-10-02T23:13:27.195+0000] {dag.py:4156} INFO - Setting next_dagrun for dataset_s3_bucket_producer_with_no_taskflow to None, run_after=None
[2024-10-02T23:13:27.230+0000] {processor.py:208} INFO - Processing /home/airflow/.local/lib/python3.12/site-packages/airflow/example_dags/example_dataset_alias_with_no_taskflow.py took 0.433 seconds
