[2024-10-02T23:11:31.003+0000] {processor.py:186} INFO - Started process (PID=91) to work on /home/airflow/.local/lib/python3.12/site-packages/airflow/example_dags/example_dag_decorator.py
[2024-10-02T23:11:31.014+0000] {processor.py:914} INFO - Processing file /home/airflow/.local/lib/python3.12/site-packages/airflow/example_dags/example_dag_decorator.py for tasks to queue
[2024-10-02T23:11:31.025+0000] {logging_mixin.py:190} INFO - [2024-10-02T23:11:31.018+0000] {dagbag.py:587} INFO - Filling up the DagBag from /home/airflow/.local/lib/python3.12/site-packages/airflow/example_dags/example_dag_decorator.py
[2024-10-02T23:11:31.069+0000] {processor.py:925} INFO - DAG(s) 'example_dag_decorator' retrieved from /home/airflow/.local/lib/python3.12/site-packages/airflow/example_dags/example_dag_decorator.py
[2024-10-02T23:11:31.479+0000] {logging_mixin.py:190} INFO - [2024-10-02T23:11:31.477+0000] {override.py:1900} INFO - Created Permission View: can delete on DAG:example_dag_decorator
[2024-10-02T23:11:31.500+0000] {logging_mixin.py:190} INFO - [2024-10-02T23:11:31.500+0000] {override.py:1900} INFO - Created Permission View: can edit on DAG:example_dag_decorator
[2024-10-02T23:11:31.526+0000] {logging_mixin.py:190} INFO - [2024-10-02T23:11:31.525+0000] {override.py:1900} INFO - Created Permission View: can read on DAG:example_dag_decorator
[2024-10-02T23:11:31.580+0000] {logging_mixin.py:190} INFO - [2024-10-02T23:11:31.579+0000] {override.py:1900} INFO - Created Permission View: can create on DAG Run:example_dag_decorator
[2024-10-02T23:11:31.606+0000] {logging_mixin.py:190} INFO - [2024-10-02T23:11:31.606+0000] {override.py:1900} INFO - Created Permission View: menu access on DAG Run:example_dag_decorator
[2024-10-02T23:11:31.632+0000] {logging_mixin.py:190} INFO - [2024-10-02T23:11:31.631+0000] {override.py:1900} INFO - Created Permission View: can read on DAG Run:example_dag_decorator
[2024-10-02T23:11:31.656+0000] {logging_mixin.py:190} INFO - [2024-10-02T23:11:31.655+0000] {override.py:1900} INFO - Created Permission View: can delete on DAG Run:example_dag_decorator
[2024-10-02T23:11:31.657+0000] {logging_mixin.py:190} INFO - [2024-10-02T23:11:31.656+0000] {dag.py:3229} INFO - Sync 1 DAGs
[2024-10-02T23:11:31.686+0000] {logging_mixin.py:190} INFO - [2024-10-02T23:11:31.685+0000] {dag.py:3252} INFO - Creating ORM DAG for example_dag_decorator
[2024-10-02T23:11:31.689+0000] {logging_mixin.py:190} INFO - [2024-10-02T23:11:31.688+0000] {dag.py:4156} INFO - Setting next_dagrun for example_dag_decorator to None, run_after=None
[2024-10-02T23:11:31.782+0000] {processor.py:208} INFO - Processing /home/airflow/.local/lib/python3.12/site-packages/airflow/example_dags/example_dag_decorator.py took 0.811 seconds
[2024-10-02T23:12:02.730+0000] {processor.py:186} INFO - Started process (PID=153) to work on /home/airflow/.local/lib/python3.12/site-packages/airflow/example_dags/example_dag_decorator.py
[2024-10-02T23:12:02.731+0000] {processor.py:914} INFO - Processing file /home/airflow/.local/lib/python3.12/site-packages/airflow/example_dags/example_dag_decorator.py for tasks to queue
[2024-10-02T23:12:02.738+0000] {logging_mixin.py:190} INFO - [2024-10-02T23:12:02.736+0000] {dagbag.py:587} INFO - Filling up the DagBag from /home/airflow/.local/lib/python3.12/site-packages/airflow/example_dags/example_dag_decorator.py
[2024-10-02T23:12:02.762+0000] {processor.py:925} INFO - DAG(s) 'example_dag_decorator' retrieved from /home/airflow/.local/lib/python3.12/site-packages/airflow/example_dags/example_dag_decorator.py
[2024-10-02T23:12:02.939+0000] {logging_mixin.py:190} INFO - [2024-10-02T23:12:02.938+0000] {dag.py:3229} INFO - Sync 1 DAGs
[2024-10-02T23:12:02.956+0000] {logging_mixin.py:190} INFO - [2024-10-02T23:12:02.955+0000] {dag.py:4156} INFO - Setting next_dagrun for example_dag_decorator to None, run_after=None
[2024-10-02T23:12:02.987+0000] {processor.py:208} INFO - Processing /home/airflow/.local/lib/python3.12/site-packages/airflow/example_dags/example_dag_decorator.py took 0.272 seconds
[2024-10-02T23:12:33.377+0000] {processor.py:186} INFO - Started process (PID=216) to work on /home/airflow/.local/lib/python3.12/site-packages/airflow/example_dags/example_dag_decorator.py
[2024-10-02T23:12:33.378+0000] {processor.py:914} INFO - Processing file /home/airflow/.local/lib/python3.12/site-packages/airflow/example_dags/example_dag_decorator.py for tasks to queue
[2024-10-02T23:12:33.382+0000] {logging_mixin.py:190} INFO - [2024-10-02T23:12:33.382+0000] {dagbag.py:587} INFO - Filling up the DagBag from /home/airflow/.local/lib/python3.12/site-packages/airflow/example_dags/example_dag_decorator.py
[2024-10-02T23:12:33.396+0000] {processor.py:925} INFO - DAG(s) 'example_dag_decorator' retrieved from /home/airflow/.local/lib/python3.12/site-packages/airflow/example_dags/example_dag_decorator.py
[2024-10-02T23:12:33.578+0000] {logging_mixin.py:190} INFO - [2024-10-02T23:12:33.577+0000] {dag.py:3229} INFO - Sync 1 DAGs
[2024-10-02T23:12:33.597+0000] {logging_mixin.py:190} INFO - [2024-10-02T23:12:33.596+0000] {dag.py:4156} INFO - Setting next_dagrun for example_dag_decorator to None, run_after=None
[2024-10-02T23:12:33.643+0000] {processor.py:208} INFO - Processing /home/airflow/.local/lib/python3.12/site-packages/airflow/example_dags/example_dag_decorator.py took 0.274 seconds
[2024-10-02T23:13:03.934+0000] {processor.py:186} INFO - Started process (PID=278) to work on /home/airflow/.local/lib/python3.12/site-packages/airflow/example_dags/example_dag_decorator.py
[2024-10-02T23:13:03.936+0000] {processor.py:914} INFO - Processing file /home/airflow/.local/lib/python3.12/site-packages/airflow/example_dags/example_dag_decorator.py for tasks to queue
[2024-10-02T23:13:03.940+0000] {logging_mixin.py:190} INFO - [2024-10-02T23:13:03.940+0000] {dagbag.py:587} INFO - Filling up the DagBag from /home/airflow/.local/lib/python3.12/site-packages/airflow/example_dags/example_dag_decorator.py
[2024-10-02T23:13:03.957+0000] {processor.py:925} INFO - DAG(s) 'example_dag_decorator' retrieved from /home/airflow/.local/lib/python3.12/site-packages/airflow/example_dags/example_dag_decorator.py
[2024-10-02T23:13:04.139+0000] {logging_mixin.py:190} INFO - [2024-10-02T23:13:04.138+0000] {dag.py:3229} INFO - Sync 1 DAGs
[2024-10-02T23:13:04.158+0000] {logging_mixin.py:190} INFO - [2024-10-02T23:13:04.158+0000] {dag.py:4156} INFO - Setting next_dagrun for example_dag_decorator to None, run_after=None
[2024-10-02T23:13:04.192+0000] {processor.py:208} INFO - Processing /home/airflow/.local/lib/python3.12/site-packages/airflow/example_dags/example_dag_decorator.py took 0.267 seconds
