[2024-10-02T23:11:38.238+0000] {processor.py:186} INFO - Started process (PID=111) to work on /home/airflow/.local/lib/python3.12/site-packages/airflow/example_dags/tutorial_taskflow_api_virtualenv.py
[2024-10-02T23:11:38.240+0000] {processor.py:914} INFO - Processing file /home/airflow/.local/lib/python3.12/site-packages/airflow/example_dags/tutorial_taskflow_api_virtualenv.py for tasks to queue
[2024-10-02T23:11:38.243+0000] {logging_mixin.py:190} INFO - [2024-10-02T23:11:38.242+0000] {dagbag.py:587} INFO - Filling up the DagBag from /home/airflow/.local/lib/python3.12/site-packages/airflow/example_dags/tutorial_taskflow_api_virtualenv.py
[2024-10-02T23:11:38.265+0000] {processor.py:925} INFO - DAG(s) 'tutorial_taskflow_api_virtualenv' retrieved from /home/airflow/.local/lib/python3.12/site-packages/airflow/example_dags/tutorial_taskflow_api_virtualenv.py
[2024-10-02T23:11:38.458+0000] {logging_mixin.py:190} INFO - [2024-10-02T23:11:38.457+0000] {override.py:1900} INFO - Created Permission View: can delete on DAG:tutorial_taskflow_api_virtualenv
[2024-10-02T23:11:38.478+0000] {logging_mixin.py:190} INFO - [2024-10-02T23:11:38.478+0000] {override.py:1900} INFO - Created Permission View: can edit on DAG:tutorial_taskflow_api_virtualenv
[2024-10-02T23:11:38.492+0000] {logging_mixin.py:190} INFO - [2024-10-02T23:11:38.492+0000] {override.py:1900} INFO - Created Permission View: can read on DAG:tutorial_taskflow_api_virtualenv
[2024-10-02T23:11:38.523+0000] {logging_mixin.py:190} INFO - [2024-10-02T23:11:38.522+0000] {override.py:1900} INFO - Created Permission View: can create on DAG Run:tutorial_taskflow_api_virtualenv
[2024-10-02T23:11:38.536+0000] {logging_mixin.py:190} INFO - [2024-10-02T23:11:38.535+0000] {override.py:1900} INFO - Created Permission View: menu access on DAG Run:tutorial_taskflow_api_virtualenv
[2024-10-02T23:11:38.548+0000] {logging_mixin.py:190} INFO - [2024-10-02T23:11:38.547+0000] {override.py:1900} INFO - Created Permission View: can read on DAG Run:tutorial_taskflow_api_virtualenv
[2024-10-02T23:11:38.566+0000] {logging_mixin.py:190} INFO - [2024-10-02T23:11:38.566+0000] {override.py:1900} INFO - Created Permission View: can delete on DAG Run:tutorial_taskflow_api_virtualenv
[2024-10-02T23:11:38.567+0000] {logging_mixin.py:190} INFO - [2024-10-02T23:11:38.567+0000] {dag.py:3229} INFO - Sync 1 DAGs
[2024-10-02T23:11:38.591+0000] {logging_mixin.py:190} INFO - [2024-10-02T23:11:38.590+0000] {dag.py:3252} INFO - Creating ORM DAG for tutorial_taskflow_api_virtualenv
[2024-10-02T23:11:38.592+0000] {logging_mixin.py:190} INFO - [2024-10-02T23:11:38.592+0000] {dag.py:4156} INFO - Setting next_dagrun for tutorial_taskflow_api_virtualenv to None, run_after=None
[2024-10-02T23:11:38.622+0000] {processor.py:208} INFO - Processing /home/airflow/.local/lib/python3.12/site-packages/airflow/example_dags/tutorial_taskflow_api_virtualenv.py took 0.392 seconds
[2024-10-02T23:12:09.562+0000] {processor.py:186} INFO - Started process (PID=172) to work on /home/airflow/.local/lib/python3.12/site-packages/airflow/example_dags/tutorial_taskflow_api_virtualenv.py
[2024-10-02T23:12:09.564+0000] {processor.py:914} INFO - Processing file /home/airflow/.local/lib/python3.12/site-packages/airflow/example_dags/tutorial_taskflow_api_virtualenv.py for tasks to queue
[2024-10-02T23:12:09.568+0000] {logging_mixin.py:190} INFO - [2024-10-02T23:12:09.567+0000] {dagbag.py:587} INFO - Filling up the DagBag from /home/airflow/.local/lib/python3.12/site-packages/airflow/example_dags/tutorial_taskflow_api_virtualenv.py
[2024-10-02T23:12:09.598+0000] {processor.py:925} INFO - DAG(s) 'tutorial_taskflow_api_virtualenv' retrieved from /home/airflow/.local/lib/python3.12/site-packages/airflow/example_dags/tutorial_taskflow_api_virtualenv.py
[2024-10-02T23:12:09.630+0000] {logging_mixin.py:190} INFO - [2024-10-02T23:12:09.629+0000] {dag.py:3229} INFO - Sync 1 DAGs
[2024-10-02T23:12:09.657+0000] {logging_mixin.py:190} INFO - [2024-10-02T23:12:09.657+0000] {dag.py:4156} INFO - Setting next_dagrun for tutorial_taskflow_api_virtualenv to None, run_after=None
[2024-10-02T23:12:09.694+0000] {processor.py:208} INFO - Processing /home/airflow/.local/lib/python3.12/site-packages/airflow/example_dags/tutorial_taskflow_api_virtualenv.py took 0.142 seconds
[2024-10-02T23:12:40.342+0000] {processor.py:186} INFO - Started process (PID=235) to work on /home/airflow/.local/lib/python3.12/site-packages/airflow/example_dags/tutorial_taskflow_api_virtualenv.py
[2024-10-02T23:12:40.343+0000] {processor.py:914} INFO - Processing file /home/airflow/.local/lib/python3.12/site-packages/airflow/example_dags/tutorial_taskflow_api_virtualenv.py for tasks to queue
[2024-10-02T23:12:40.347+0000] {logging_mixin.py:190} INFO - [2024-10-02T23:12:40.346+0000] {dagbag.py:587} INFO - Filling up the DagBag from /home/airflow/.local/lib/python3.12/site-packages/airflow/example_dags/tutorial_taskflow_api_virtualenv.py
[2024-10-02T23:12:40.366+0000] {processor.py:925} INFO - DAG(s) 'tutorial_taskflow_api_virtualenv' retrieved from /home/airflow/.local/lib/python3.12/site-packages/airflow/example_dags/tutorial_taskflow_api_virtualenv.py
[2024-10-02T23:12:40.394+0000] {logging_mixin.py:190} INFO - [2024-10-02T23:12:40.393+0000] {dag.py:3229} INFO - Sync 1 DAGs
[2024-10-02T23:12:40.414+0000] {logging_mixin.py:190} INFO - [2024-10-02T23:12:40.413+0000] {dag.py:4156} INFO - Setting next_dagrun for tutorial_taskflow_api_virtualenv to None, run_after=None
[2024-10-02T23:12:40.454+0000] {processor.py:208} INFO - Processing /home/airflow/.local/lib/python3.12/site-packages/airflow/example_dags/tutorial_taskflow_api_virtualenv.py took 0.120 seconds
[2024-10-02T23:13:10.985+0000] {processor.py:186} INFO - Started process (PID=298) to work on /home/airflow/.local/lib/python3.12/site-packages/airflow/example_dags/tutorial_taskflow_api_virtualenv.py
[2024-10-02T23:13:10.987+0000] {processor.py:914} INFO - Processing file /home/airflow/.local/lib/python3.12/site-packages/airflow/example_dags/tutorial_taskflow_api_virtualenv.py for tasks to queue
[2024-10-02T23:13:10.994+0000] {logging_mixin.py:190} INFO - [2024-10-02T23:13:10.993+0000] {dagbag.py:587} INFO - Filling up the DagBag from /home/airflow/.local/lib/python3.12/site-packages/airflow/example_dags/tutorial_taskflow_api_virtualenv.py
[2024-10-02T23:13:11.021+0000] {processor.py:925} INFO - DAG(s) 'tutorial_taskflow_api_virtualenv' retrieved from /home/airflow/.local/lib/python3.12/site-packages/airflow/example_dags/tutorial_taskflow_api_virtualenv.py
[2024-10-02T23:13:11.063+0000] {logging_mixin.py:190} INFO - [2024-10-02T23:13:11.063+0000] {dag.py:3229} INFO - Sync 1 DAGs
[2024-10-02T23:13:11.101+0000] {logging_mixin.py:190} INFO - [2024-10-02T23:13:11.101+0000] {dag.py:4156} INFO - Setting next_dagrun for tutorial_taskflow_api_virtualenv to None, run_after=None
[2024-10-02T23:13:11.154+0000] {processor.py:208} INFO - Processing /home/airflow/.local/lib/python3.12/site-packages/airflow/example_dags/tutorial_taskflow_api_virtualenv.py took 0.185 seconds
