[2024-10-02T23:11:24.752+0000] {processor.py:186} INFO - Started process (PID=70) to work on /home/airflow/.local/lib/python3.12/site-packages/airflow/example_dags/tutorial.py
[2024-10-02T23:11:24.753+0000] {processor.py:914} INFO - Processing file /home/airflow/.local/lib/python3.12/site-packages/airflow/example_dags/tutorial.py for tasks to queue
[2024-10-02T23:11:24.757+0000] {logging_mixin.py:190} INFO - [2024-10-02T23:11:24.757+0000] {dagbag.py:587} INFO - Filling up the DagBag from /home/airflow/.local/lib/python3.12/site-packages/airflow/example_dags/tutorial.py
[2024-10-02T23:11:24.777+0000] {processor.py:925} INFO - DAG(s) 'tutorial' retrieved from /home/airflow/.local/lib/python3.12/site-packages/airflow/example_dags/tutorial.py
[2024-10-02T23:11:25.019+0000] {logging_mixin.py:190} INFO - [2024-10-02T23:11:25.017+0000] {override.py:1900} INFO - Created Permission View: can delete on DAG:tutorial
[2024-10-02T23:11:25.037+0000] {logging_mixin.py:190} INFO - [2024-10-02T23:11:25.037+0000] {override.py:1900} INFO - Created Permission View: can edit on DAG:tutorial
[2024-10-02T23:11:25.050+0000] {logging_mixin.py:190} INFO - [2024-10-02T23:11:25.050+0000] {override.py:1900} INFO - Created Permission View: can read on DAG:tutorial
[2024-10-02T23:11:25.080+0000] {logging_mixin.py:190} INFO - [2024-10-02T23:11:25.079+0000] {override.py:1900} INFO - Created Permission View: can create on DAG Run:tutorial
[2024-10-02T23:11:25.095+0000] {logging_mixin.py:190} INFO - [2024-10-02T23:11:25.094+0000] {override.py:1900} INFO - Created Permission View: menu access on DAG Run:tutorial
[2024-10-02T23:11:25.109+0000] {logging_mixin.py:190} INFO - [2024-10-02T23:11:25.108+0000] {override.py:1900} INFO - Created Permission View: can read on DAG Run:tutorial
[2024-10-02T23:11:25.122+0000] {logging_mixin.py:190} INFO - [2024-10-02T23:11:25.121+0000] {override.py:1900} INFO - Created Permission View: can delete on DAG Run:tutorial
[2024-10-02T23:11:25.122+0000] {logging_mixin.py:190} INFO - [2024-10-02T23:11:25.122+0000] {dag.py:3229} INFO - Sync 1 DAGs
[2024-10-02T23:11:25.144+0000] {logging_mixin.py:190} INFO - [2024-10-02T23:11:25.144+0000] {dag.py:3252} INFO - Creating ORM DAG for tutorial
[2024-10-02T23:11:25.165+0000] {logging_mixin.py:190} INFO - [2024-10-02T23:11:25.164+0000] {dag.py:4156} INFO - Setting next_dagrun for tutorial to 2024-10-01 00:00:00+00:00, run_after=2024-10-02 00:00:00+00:00
[2024-10-02T23:11:25.207+0000] {processor.py:208} INFO - Processing /home/airflow/.local/lib/python3.12/site-packages/airflow/example_dags/tutorial.py took 0.465 seconds
[2024-10-02T23:11:55.331+0000] {processor.py:186} INFO - Started process (PID=131) to work on /home/airflow/.local/lib/python3.12/site-packages/airflow/example_dags/tutorial.py
[2024-10-02T23:11:55.332+0000] {processor.py:914} INFO - Processing file /home/airflow/.local/lib/python3.12/site-packages/airflow/example_dags/tutorial.py for tasks to queue
[2024-10-02T23:11:55.335+0000] {logging_mixin.py:190} INFO - [2024-10-02T23:11:55.334+0000] {dagbag.py:587} INFO - Filling up the DagBag from /home/airflow/.local/lib/python3.12/site-packages/airflow/example_dags/tutorial.py
[2024-10-02T23:11:55.344+0000] {processor.py:925} INFO - DAG(s) 'tutorial' retrieved from /home/airflow/.local/lib/python3.12/site-packages/airflow/example_dags/tutorial.py
[2024-10-02T23:11:55.375+0000] {logging_mixin.py:190} INFO - [2024-10-02T23:11:55.374+0000] {dag.py:3229} INFO - Sync 1 DAGs
[2024-10-02T23:11:55.414+0000] {logging_mixin.py:190} INFO - [2024-10-02T23:11:55.414+0000] {dag.py:4156} INFO - Setting next_dagrun for tutorial to 2024-10-01 00:00:00+00:00, run_after=2024-10-02 00:00:00+00:00
[2024-10-02T23:11:55.447+0000] {processor.py:208} INFO - Processing /home/airflow/.local/lib/python3.12/site-packages/airflow/example_dags/tutorial.py took 0.125 seconds
[2024-10-02T23:12:25.994+0000] {processor.py:186} INFO - Started process (PID=193) to work on /home/airflow/.local/lib/python3.12/site-packages/airflow/example_dags/tutorial.py
[2024-10-02T23:12:25.996+0000] {processor.py:914} INFO - Processing file /home/airflow/.local/lib/python3.12/site-packages/airflow/example_dags/tutorial.py for tasks to queue
[2024-10-02T23:12:26.000+0000] {logging_mixin.py:190} INFO - [2024-10-02T23:12:26.000+0000] {dagbag.py:587} INFO - Filling up the DagBag from /home/airflow/.local/lib/python3.12/site-packages/airflow/example_dags/tutorial.py
[2024-10-02T23:12:26.014+0000] {processor.py:925} INFO - DAG(s) 'tutorial' retrieved from /home/airflow/.local/lib/python3.12/site-packages/airflow/example_dags/tutorial.py
[2024-10-02T23:12:26.043+0000] {logging_mixin.py:190} INFO - [2024-10-02T23:12:26.043+0000] {dag.py:3229} INFO - Sync 1 DAGs
[2024-10-02T23:12:26.087+0000] {logging_mixin.py:190} INFO - [2024-10-02T23:12:26.086+0000] {dag.py:4156} INFO - Setting next_dagrun for tutorial to 2024-10-01 00:00:00+00:00, run_after=2024-10-02 00:00:00+00:00
[2024-10-02T23:12:26.124+0000] {processor.py:208} INFO - Processing /home/airflow/.local/lib/python3.12/site-packages/airflow/example_dags/tutorial.py took 0.139 seconds
[2024-10-02T23:12:56.297+0000] {processor.py:186} INFO - Started process (PID=255) to work on /home/airflow/.local/lib/python3.12/site-packages/airflow/example_dags/tutorial.py
[2024-10-02T23:12:56.298+0000] {processor.py:914} INFO - Processing file /home/airflow/.local/lib/python3.12/site-packages/airflow/example_dags/tutorial.py for tasks to queue
[2024-10-02T23:12:56.301+0000] {logging_mixin.py:190} INFO - [2024-10-02T23:12:56.300+0000] {dagbag.py:587} INFO - Filling up the DagBag from /home/airflow/.local/lib/python3.12/site-packages/airflow/example_dags/tutorial.py
[2024-10-02T23:12:56.309+0000] {processor.py:925} INFO - DAG(s) 'tutorial' retrieved from /home/airflow/.local/lib/python3.12/site-packages/airflow/example_dags/tutorial.py
[2024-10-02T23:12:56.331+0000] {logging_mixin.py:190} INFO - [2024-10-02T23:12:56.331+0000] {dag.py:3229} INFO - Sync 1 DAGs
[2024-10-02T23:12:56.361+0000] {logging_mixin.py:190} INFO - [2024-10-02T23:12:56.360+0000] {dag.py:4156} INFO - Setting next_dagrun for tutorial to 2024-10-01 00:00:00+00:00, run_after=2024-10-02 00:00:00+00:00
[2024-10-02T23:12:56.389+0000] {processor.py:208} INFO - Processing /home/airflow/.local/lib/python3.12/site-packages/airflow/example_dags/tutorial.py took 0.099 seconds
[2024-10-02T23:13:27.250+0000] {processor.py:186} INFO - Started process (PID=318) to work on /home/airflow/.local/lib/python3.12/site-packages/airflow/example_dags/tutorial.py
[2024-10-02T23:13:27.252+0000] {processor.py:914} INFO - Processing file /home/airflow/.local/lib/python3.12/site-packages/airflow/example_dags/tutorial.py for tasks to queue
[2024-10-02T23:13:27.257+0000] {logging_mixin.py:190} INFO - [2024-10-02T23:13:27.256+0000] {dagbag.py:587} INFO - Filling up the DagBag from /home/airflow/.local/lib/python3.12/site-packages/airflow/example_dags/tutorial.py
[2024-10-02T23:13:27.270+0000] {processor.py:925} INFO - DAG(s) 'tutorial' retrieved from /home/airflow/.local/lib/python3.12/site-packages/airflow/example_dags/tutorial.py
[2024-10-02T23:13:27.312+0000] {logging_mixin.py:190} INFO - [2024-10-02T23:13:27.311+0000] {dag.py:3229} INFO - Sync 1 DAGs
[2024-10-02T23:13:27.346+0000] {logging_mixin.py:190} INFO - [2024-10-02T23:13:27.346+0000] {dag.py:4156} INFO - Setting next_dagrun for tutorial to 2024-10-01 00:00:00+00:00, run_after=2024-10-02 00:00:00+00:00
[2024-10-02T23:13:27.375+0000] {processor.py:208} INFO - Processing /home/airflow/.local/lib/python3.12/site-packages/airflow/example_dags/tutorial.py took 0.138 seconds
