[2024-11-19T19:28:13.733+0000] {local_task_job_runner.py:123} INFO - ::group::Pre task execution logs
[2024-11-19T19:28:13.772+0000] {taskinstance.py:2612} INFO - Dependencies all met for dep_context=non-requeueable deps ti=<TaskInstance: capstone.tables_joining manual__2024-11-19T19:26:50.048854+00:00 [queued]>
[2024-11-19T19:28:13.800+0000] {taskinstance.py:2612} INFO - Dependencies all met for dep_context=requeueable deps ti=<TaskInstance: capstone.tables_joining manual__2024-11-19T19:26:50.048854+00:00 [queued]>
[2024-11-19T19:28:13.802+0000] {taskinstance.py:2865} INFO - Starting attempt 1 of 3
[2024-11-19T19:28:13.834+0000] {taskinstance.py:2888} INFO - Executing <Task(PythonOperator): tables_joining> on 2024-11-19 19:26:50.048854+00:00
[2024-11-19T19:28:13.846+0000] {warnings.py:112} WARNING - /home/***/.local/lib/python3.12/site-packages/***/task/task_runner/standard_task_runner.py:70: DeprecationWarning: This process (pid=2117) is multi-threaded, use of fork() may lead to deadlocks in the child.
  pid = os.fork()

[2024-11-19T19:28:13.851+0000] {standard_task_runner.py:72} INFO - Started process 2119 to run task
[2024-11-19T19:28:13.850+0000] {standard_task_runner.py:104} INFO - Running: ['***', 'tasks', 'run', 'capstone', 'tables_joining', 'manual__2024-11-19T19:26:50.048854+00:00', '--job-id', '64', '--raw', '--subdir', 'DAGS_FOLDER/capstone_***/country.py', '--cfg-path', '/tmp/tmpht3_jfv4']
[2024-11-19T19:28:13.855+0000] {standard_task_runner.py:105} INFO - Job 64: Subtask tables_joining
[2024-11-19T19:28:13.929+0000] {task_command.py:467} INFO - Running <TaskInstance: capstone.tables_joining manual__2024-11-19T19:26:50.048854+00:00 [running]> on host ea8ac57aed30
[2024-11-19T19:28:14.104+0000] {taskinstance.py:3131} INFO - Exporting env vars: AIRFLOW_CTX_DAG_OWNER='adewunmi' AIRFLOW_CTX_DAG_ID='capstone' AIRFLOW_CTX_TASK_ID='tables_joining' AIRFLOW_CTX_EXECUTION_DATE='2024-11-19T19:26:50.048854+00:00' AIRFLOW_CTX_TRY_NUMBER='1' AIRFLOW_CTX_DAG_RUN_ID='manual__2024-11-19T19:26:50.048854+00:00'
[2024-11-19T19:28:14.110+0000] {taskinstance.py:731} INFO - ::endgroup::
[2024-11-19T19:28:14.138+0000] {cap.py:328} INFO - Starting the table joining process.
[2024-11-19T19:28:14.139+0000] {cap.py:137} INFO - Starting column selection process.
[2024-11-19T19:29:15.891+0000] {cap.py:118} INFO - Successfully read Parquet file from S3.
[2024-11-19T19:29:15.893+0000] {cap.py:147} INFO - Data loaded successfully from S3.
[2024-11-19T19:29:15.896+0000] {cap.py:159} INFO - Column selection completed successfully.
[2024-11-19T19:29:15.901+0000] {cap.py:176} INFO - Starting currency extraction process.
[2024-11-19T19:29:20.624+0000] {cap.py:118} INFO - Successfully read Parquet file from S3.
[2024-11-19T19:29:20.626+0000] {cap.py:186} INFO - Data loaded successfully from S3.
[2024-11-19T19:29:20.627+0000] {cap.py:194} INFO - Filtering currency symbol columns and joining with country names.
[2024-11-19T19:29:20.662+0000] {cap.py:198} INFO - Melting the data to extract currency codes and symbols.
[2024-11-19T19:29:20.689+0000] {cap.py:202} INFO - Removing rows with null currency symbols.
[2024-11-19T19:29:20.730+0000] {cap.py:206} INFO - Cleaning up currency codes.
[2024-11-19T19:29:20.732+0000] {cap.py:210} INFO - Grouping by country and aggregating currency symbols and codes.
[2024-11-19T19:29:20.765+0000] {cap.py:216} INFO - Currency extraction completed successfully.
[2024-11-19T19:29:20.771+0000] {cap.py:343} INFO - Currency code and symbol extracted successfully.
[2024-11-19T19:29:20.772+0000] {cap.py:232} INFO - Starting currency name extraction process.
[2024-11-19T19:29:31.944+0000] {cap.py:118} INFO - Successfully read Parquet file from S3.
[2024-11-19T19:29:31.945+0000] {cap.py:242} INFO - Data loaded successfully from S3.
[2024-11-19T19:29:31.946+0000] {cap.py:245} INFO - Filtering country names and currency name columns.
[2024-11-19T19:29:31.990+0000] {cap.py:249} INFO - Melting data to extract currency names.
[2024-11-19T19:29:32.023+0000] {cap.py:253} INFO - Removing rows with null currency names.
[2024-11-19T19:29:32.069+0000] {cap.py:260} INFO - Grouping by country and aggregating currency names.
[2024-11-19T19:29:32.094+0000] {cap.py:263} INFO - Currency name extraction completed successfully.
[2024-11-19T19:29:32.100+0000] {cap.py:350} INFO - Currency name extracted successfully.
[2024-11-19T19:29:32.101+0000] {cap.py:281} INFO - Starting language extraction process.
[2024-11-19T19:30:37.182+0000] {cap.py:118} INFO - Successfully read Parquet file from S3.
[2024-11-19T19:30:37.183+0000] {cap.py:291} INFO - Data loaded successfully from S3.
[2024-11-19T19:30:37.184+0000] {cap.py:294} INFO - Filtering country names and language columns.
[2024-11-19T19:30:37.219+0000] {cap.py:298} INFO - Melting data to extract languages.
[2024-11-19T19:30:37.247+0000] {cap.py:302} INFO - Removing rows with null language values.
[2024-11-19T19:30:37.286+0000] {cap.py:309} INFO - Grouping by country and aggregating languages.
[2024-11-19T19:30:37.311+0000] {cap.py:312} INFO - Language extraction completed successfully.
[2024-11-19T19:30:37.317+0000] {cap.py:357} INFO - Languages extracted successfully.
[2024-11-19T19:30:37.317+0000] {cap.py:360} INFO - Joining tables.
[2024-11-19T19:30:37.344+0000] {cap.py:365} INFO - Tables joined successfully.
[2024-11-19T19:30:37.345+0000] {python.py:240} INFO - Done. Returned value was:      independent  ...                                          languages
0           True  ...                                Dari,Pashto,Turkmen
1           True  ...                                           Albanian
2           True  ...                                             Arabic
3          False  ...                                     English,Samoan
4           True  ...                                            Catalan
..           ...  ...                                                ...
244        False  ...                           Spanish,Berber,Hassaniya
245         True  ...                                             Arabic
246         True  ...                                            English
247         True  ...  English,Sotho,Tswana,Tsonga,Venda,Xhosa,Chewa,...
248        False  ...                                            Swedish

[249 rows x 18 columns]
[2024-11-19T19:30:37.442+0000] {taskinstance.py:340} INFO - ::group::Post task execution logs
[2024-11-19T19:30:37.443+0000] {taskinstance.py:352} INFO - Marking task as SUCCESS. dag_id=capstone, task_id=tables_joining, run_id=manual__2024-11-19T19:26:50.048854+00:00, execution_date=20241119T192650, start_date=20241119T192813, end_date=20241119T193037
[2024-11-19T19:30:37.522+0000] {local_task_job_runner.py:266} INFO - Task exited with return code 0
[2024-11-19T19:30:37.573+0000] {taskinstance.py:3900} INFO - 1 downstream tasks scheduled from follow-on schedule check
[2024-11-19T19:30:37.583+0000] {local_task_job_runner.py:245} INFO - ::endgroup::
