[2024-10-07T17:40:35.911+0000] {local_task_job_runner.py:123} INFO - ::group::Pre task execution logs
[2024-10-07T17:40:35.937+0000] {taskinstance.py:2612} INFO - Dependencies all met for dep_context=non-requeueable deps ti=<TaskInstance: complete_csv_to_snowflake.load_csv manual__2024-10-07T17:40:28.468755+00:00 [queued]>
[2024-10-07T17:40:35.948+0000] {taskinstance.py:2612} INFO - Dependencies all met for dep_context=requeueable deps ti=<TaskInstance: complete_csv_to_snowflake.load_csv manual__2024-10-07T17:40:28.468755+00:00 [queued]>
[2024-10-07T17:40:35.949+0000] {taskinstance.py:2865} INFO - Starting attempt 1 of 1
[2024-10-07T17:40:35.970+0000] {taskinstance.py:2888} INFO - Executing <Task(PythonOperator): load_csv> on 2024-10-07 17:40:28.468755+00:00
[2024-10-07T17:40:35.982+0000] {warnings.py:112} WARNING - /home/***/.local/lib/python3.12/site-packages/***/task/task_runner/standard_task_runner.py:70: DeprecationWarning: This process (pid=3002) is multi-threaded, use of fork() may lead to deadlocks in the child.
  pid = os.fork()

[2024-10-07T17:40:35.984+0000] {standard_task_runner.py:72} INFO - Started process 3004 to run task
[2024-10-07T17:40:35.984+0000] {standard_task_runner.py:104} INFO - Running: ['***', 'tasks', 'run', 'complete_csv_to_snowflake', 'load_csv', 'manual__2024-10-07T17:40:28.468755+00:00', '--job-id', '31', '--raw', '--subdir', 'DAGS_FOLDER/school/testin.py', '--cfg-path', '/tmp/tmpqz9lapxp']
[2024-10-07T17:40:35.986+0000] {standard_task_runner.py:105} INFO - Job 31: Subtask load_csv
[2024-10-07T17:40:36.051+0000] {task_command.py:467} INFO - Running <TaskInstance: complete_csv_to_snowflake.load_csv manual__2024-10-07T17:40:28.468755+00:00 [running]> on host 67bc14123253
[2024-10-07T17:40:36.174+0000] {taskinstance.py:3131} INFO - Exporting env vars: AIRFLOW_CTX_DAG_OWNER='***' AIRFLOW_CTX_DAG_ID='complete_csv_to_snowflake' AIRFLOW_CTX_TASK_ID='load_csv' AIRFLOW_CTX_EXECUTION_DATE='2024-10-07T17:40:28.468755+00:00' AIRFLOW_CTX_TRY_NUMBER='1' AIRFLOW_CTX_DAG_RUN_ID='manual__2024-10-07T17:40:28.468755+00:00'
[2024-10-07T17:40:36.176+0000] {logging_mixin.py:190} INFO - Task instance is in running state
[2024-10-07T17:40:36.176+0000] {logging_mixin.py:190} INFO -  Previous state of the Task instance: queued
[2024-10-07T17:40:36.177+0000] {logging_mixin.py:190} INFO - Current task name:load_csv state:running start_date:2024-10-07 17:40:35.938468+00:00
[2024-10-07T17:40:36.178+0000] {logging_mixin.py:190} INFO - Dag name:complete_csv_to_snowflake and current dag run status:running
[2024-10-07T17:40:36.178+0000] {taskinstance.py:731} INFO - ::endgroup::
[2024-10-07T17:40:36.205+0000] {testin.py:25} INFO - Loaded arts_class.csv successfully.
[2024-10-07T17:40:36.216+0000] {testin.py:25} INFO - Loaded Business_class.csv successfully.
[2024-10-07T17:40:36.226+0000] {testin.py:25} INFO - Loaded Science_class.csv successfully.
[2024-10-07T17:40:36.241+0000] {testin.py:25} INFO - Loaded survey.csv successfully.
[2024-10-07T17:40:36.285+0000] {python.py:240} INFO - Done. Returned value was: None
[2024-10-07T17:40:36.307+0000] {taskinstance.py:340} INFO - ::group::Post task execution logs
[2024-10-07T17:40:36.308+0000] {taskinstance.py:352} INFO - Marking task as SUCCESS. dag_id=complete_csv_to_snowflake, task_id=load_csv, run_id=manual__2024-10-07T17:40:28.468755+00:00, execution_date=20241007T174028, start_date=20241007T174035, end_date=20241007T174036
[2024-10-07T17:40:36.334+0000] {logging_mixin.py:190} INFO - Task instance in success state
[2024-10-07T17:40:36.335+0000] {logging_mixin.py:190} INFO -  Previous state of the Task instance: running
[2024-10-07T17:40:36.336+0000] {logging_mixin.py:190} INFO - Dag name:complete_csv_to_snowflake queued_at:2024-10-07 17:40:28.550640+00:00
[2024-10-07T17:40:36.337+0000] {logging_mixin.py:190} INFO - Task hostname:67bc14123253 operator:PythonOperator
[2024-10-07T17:40:36.362+0000] {local_task_job_runner.py:266} INFO - Task exited with return code 0
[2024-10-07T17:40:36.433+0000] {taskinstance.py:3900} INFO - 0 downstream tasks scheduled from follow-on schedule check
[2024-10-07T17:40:36.465+0000] {local_task_job_runner.py:245} INFO - ::endgroup::
