[2024-11-17T23:03:56.643+0000] {local_task_job_runner.py:123} INFO - ::group::Pre task execution logs
[2024-11-17T23:03:56.672+0000] {taskinstance.py:2612} INFO - Dependencies all met for dep_context=non-requeueable deps ti=<TaskInstance: capstone.back_s3 manual__2024-11-17T23:02:43.915987+00:00 [queued]>
[2024-11-17T23:03:56.684+0000] {taskinstance.py:2612} INFO - Dependencies all met for dep_context=requeueable deps ti=<TaskInstance: capstone.back_s3 manual__2024-11-17T23:02:43.915987+00:00 [queued]>
[2024-11-17T23:03:56.685+0000] {taskinstance.py:2865} INFO - Starting attempt 1 of 3
[2024-11-17T23:03:56.704+0000] {taskinstance.py:2888} INFO - Executing <Task(PythonOperator): back_s3> on 2024-11-17 23:02:43.915987+00:00
[2024-11-17T23:03:56.714+0000] {warnings.py:112} WARNING - /home/***/.local/lib/python3.12/site-packages/***/task/task_runner/standard_task_runner.py:70: DeprecationWarning: This process (pid=1267) is multi-threaded, use of fork() may lead to deadlocks in the child.
  pid = os.fork()

[2024-11-17T23:03:56.717+0000] {standard_task_runner.py:72} INFO - Started process 1269 to run task
[2024-11-17T23:03:56.718+0000] {standard_task_runner.py:104} INFO - Running: ['***', 'tasks', 'run', 'capstone', 'back_s3', 'manual__2024-11-17T23:02:43.915987+00:00', '--job-id', '33', '--raw', '--subdir', 'DAGS_FOLDER/country.py', '--cfg-path', '/tmp/tmplontrc9t']
[2024-11-17T23:03:56.722+0000] {standard_task_runner.py:105} INFO - Job 33: Subtask back_s3
[2024-11-17T23:03:56.795+0000] {task_command.py:467} INFO - Running <TaskInstance: capstone.back_s3 manual__2024-11-17T23:02:43.915987+00:00 [running]> on host ea8ac57aed30
[2024-11-17T23:03:56.906+0000] {taskinstance.py:3131} INFO - Exporting env vars: AIRFLOW_CTX_DAG_OWNER='adewunmi' AIRFLOW_CTX_DAG_ID='capstone' AIRFLOW_CTX_TASK_ID='back_s3' AIRFLOW_CTX_EXECUTION_DATE='2024-11-17T23:02:43.915987+00:00' AIRFLOW_CTX_TRY_NUMBER='1' AIRFLOW_CTX_DAG_RUN_ID='manual__2024-11-17T23:02:43.915987+00:00'
[2024-11-17T23:03:56.908+0000] {taskinstance.py:731} INFO - ::endgroup::
[2024-11-17T23:03:56.925+0000] {cap.py:381} INFO - Starting table transformation process.
[2024-11-17T23:03:56.926+0000] {cap.py:326} INFO - Starting the table joining process.
[2024-11-17T23:03:56.926+0000] {cap.py:135} INFO - Starting column selection process.
[2024-11-17T23:03:59.527+0000] {cap.py:116} INFO - Successfully read Parquet file from S3.
[2024-11-17T23:03:59.529+0000] {cap.py:145} INFO - Data loaded successfully from S3.
[2024-11-17T23:03:59.533+0000] {cap.py:157} INFO - Column selection completed successfully.
[2024-11-17T23:03:59.538+0000] {cap.py:174} INFO - Starting currency extraction process.
[2024-11-17T23:04:02.555+0000] {cap.py:116} INFO - Successfully read Parquet file from S3.
[2024-11-17T23:04:02.556+0000] {cap.py:184} INFO - Data loaded successfully from S3.
[2024-11-17T23:04:02.557+0000] {cap.py:192} INFO - Filtering currency symbol columns and joining with country names.
[2024-11-17T23:04:02.603+0000] {cap.py:196} INFO - Melting the data to extract currency codes and symbols.
[2024-11-17T23:04:02.635+0000] {cap.py:200} INFO - Removing rows with null currency symbols.
[2024-11-17T23:04:02.679+0000] {cap.py:204} INFO - Cleaning up currency codes.
[2024-11-17T23:04:02.681+0000] {cap.py:208} INFO - Grouping by country and aggregating currency symbols and codes.
[2024-11-17T23:04:02.733+0000] {cap.py:214} INFO - Currency extraction completed successfully.
[2024-11-17T23:04:02.744+0000] {cap.py:341} INFO - Currency code and symbol extracted successfully.
[2024-11-17T23:04:02.746+0000] {cap.py:230} INFO - Starting currency name extraction process.
[2024-11-17T23:04:09.413+0000] {cap.py:116} INFO - Successfully read Parquet file from S3.
[2024-11-17T23:04:09.414+0000] {cap.py:240} INFO - Data loaded successfully from S3.
[2024-11-17T23:04:09.415+0000] {cap.py:243} INFO - Filtering country names and currency name columns.
[2024-11-17T23:04:09.459+0000] {cap.py:247} INFO - Melting data to extract currency names.
[2024-11-17T23:04:09.491+0000] {cap.py:251} INFO - Removing rows with null currency names.
[2024-11-17T23:04:09.546+0000] {cap.py:258} INFO - Grouping by country and aggregating currency names.
[2024-11-17T23:04:09.582+0000] {cap.py:261} INFO - Currency name extraction completed successfully.
[2024-11-17T23:04:09.588+0000] {cap.py:348} INFO - Currency name extracted successfully.
[2024-11-17T23:04:09.589+0000] {cap.py:279} INFO - Starting language extraction process.
[2024-11-17T23:04:12.002+0000] {cap.py:116} INFO - Successfully read Parquet file from S3.
[2024-11-17T23:04:12.004+0000] {cap.py:289} INFO - Data loaded successfully from S3.
[2024-11-17T23:04:12.004+0000] {cap.py:292} INFO - Filtering country names and language columns.
[2024-11-17T23:04:12.304+0000] {cap.py:296} INFO - Melting data to extract languages.
[2024-11-17T23:04:12.362+0000] {cap.py:300} INFO - Removing rows with null language values.
[2024-11-17T23:04:12.411+0000] {cap.py:307} INFO - Grouping by country and aggregating languages.
[2024-11-17T23:04:12.447+0000] {cap.py:310} INFO - Language extraction completed successfully.
[2024-11-17T23:04:12.453+0000] {cap.py:355} INFO - Languages extracted successfully.
[2024-11-17T23:04:12.455+0000] {cap.py:358} INFO - Joining tables.
[2024-11-17T23:04:12.485+0000] {cap.py:363} INFO - Tables joined successfully.
[2024-11-17T23:04:12.486+0000] {cap.py:390} INFO - Data joined successfully for transformation.
[2024-11-17T23:04:12.502+0000] {cap.py:401} INFO - Column continents transformed successfully.
[2024-11-17T23:04:12.520+0000] {cap.py:401} INFO - Column idd.suffixes transformed successfully.
[2024-11-17T23:04:12.537+0000] {cap.py:401} INFO - Column capital transformed successfully.
[2024-11-17T23:04:12.539+0000] {cap.py:408} INFO - 'country_code' column created successfully.
[2024-11-17T23:04:12.541+0000] {cap.py:414} INFO - Unnecessary columns dropped successfully.
[2024-11-17T23:04:14.457+0000] {cap.py:444} INFO - Data successfully written to S3 in Parquet format.
[2024-11-17T23:04:14.460+0000] {python.py:240} INFO - Done. Returned value was: Transformed data successfully written to S3 in Parquet format.
[2024-11-17T23:04:14.504+0000] {taskinstance.py:340} INFO - ::group::Post task execution logs
[2024-11-17T23:04:14.505+0000] {taskinstance.py:352} INFO - Marking task as SUCCESS. dag_id=capstone, task_id=back_s3, run_id=manual__2024-11-17T23:02:43.915987+00:00, execution_date=20241117T230243, start_date=20241117T230356, end_date=20241117T230414
[2024-11-17T23:04:14.563+0000] {local_task_job_runner.py:266} INFO - Task exited with return code 0
[2024-11-17T23:04:14.586+0000] {taskinstance.py:3900} INFO - 0 downstream tasks scheduled from follow-on schedule check
[2024-11-17T23:04:14.590+0000] {local_task_job_runner.py:245} INFO - ::endgroup::
