[2024-10-08T07:57:20.268+0000] {local_task_job_runner.py:123} INFO - ::group::Pre task execution logs
[2024-10-08T07:57:20.329+0000] {taskinstance.py:2612} INFO - Dependencies all met for dep_context=non-requeueable deps ti=<TaskInstance: student_result.business_assessment manual__2024-10-08T07:51:54.515628+00:00 [queued]>
[2024-10-08T07:57:20.368+0000] {taskinstance.py:2612} INFO - Dependencies all met for dep_context=requeueable deps ti=<TaskInstance: student_result.business_assessment manual__2024-10-08T07:51:54.515628+00:00 [queued]>
[2024-10-08T07:57:20.373+0000] {taskinstance.py:2865} INFO - Starting attempt 2 of 2
[2024-10-08T07:57:20.411+0000] {taskinstance.py:2888} INFO - Executing <Task(SnowflakeOperator): business_assessment> on 2024-10-08 07:51:54.515628+00:00
[2024-10-08T07:57:20.427+0000] {warnings.py:112} WARNING - /home/***/.local/lib/python3.12/site-packages/***/task/task_runner/standard_task_runner.py:70: DeprecationWarning: This process (pid=1201) is multi-threaded, use of fork() may lead to deadlocks in the child.
  pid = os.fork()

[2024-10-08T07:57:20.437+0000] {standard_task_runner.py:72} INFO - Started process 1203 to run task
[2024-10-08T07:57:20.439+0000] {standard_task_runner.py:104} INFO - Running: ['***', 'tasks', 'run', 'student_result', 'business_assessment', 'manual__2024-10-08T07:51:54.515628+00:00', '--job-id', '31', '--raw', '--subdir', 'DAGS_FOLDER/school/student.py', '--cfg-path', '/tmp/tmpvgkhrgug']
[2024-10-08T07:57:20.442+0000] {standard_task_runner.py:105} INFO - Job 31: Subtask business_assessment
[2024-10-08T07:57:20.600+0000] {task_command.py:467} INFO - Running <TaskInstance: student_result.business_assessment manual__2024-10-08T07:51:54.515628+00:00 [running]> on host 76e395cea755
[2024-10-08T07:57:20.826+0000] {taskinstance.py:3131} INFO - Exporting env vars: AIRFLOW_CTX_DAG_OWNER='student' AIRFLOW_CTX_DAG_ID='student_result' AIRFLOW_CTX_TASK_ID='business_assessment' AIRFLOW_CTX_EXECUTION_DATE='2024-10-08T07:51:54.515628+00:00' AIRFLOW_CTX_TRY_NUMBER='2' AIRFLOW_CTX_DAG_RUN_ID='manual__2024-10-08T07:51:54.515628+00:00'
[2024-10-08T07:57:20.829+0000] {logging_mixin.py:190} INFO - Task instance is in running state
[2024-10-08T07:57:20.830+0000] {logging_mixin.py:190} INFO -  Previous state of the Task instance: queued
[2024-10-08T07:57:20.830+0000] {logging_mixin.py:190} INFO - Current task name:business_assessment state:running start_date:2024-10-08 07:57:20.330623+00:00
[2024-10-08T07:57:20.831+0000] {logging_mixin.py:190} INFO - Dag name:student_result and current dag run status:running
[2024-10-08T07:57:20.831+0000] {taskinstance.py:731} INFO - ::endgroup::
[2024-10-08T07:57:20.832+0000] {sql.py:266} INFO - Executing: 
        CREATE OR REPLACE TEMPORARY TABLE temp_business_class AS
        SELECT * FROM school.data_schema.business_class WHERE 1 = 0;  -- Create an empty table with the same structure as the target

        COPY INTO temp_business_class
        FROM @school.data_schema.student
        PATTERN = 'business_class.csv'
        FILE_FORMAT = csv_format;


        MERGE INTO school.data_schema.business_class AS target
        USING temp_business_class AS source
        ON target.student_id = source.student_id  -- Match based on the unique identifier, like student_id
        WHEN NOT MATCHED THEN
        INSERT (student_id, Maths, English, Civic_education, Economics, Government,
        CRS, Accounting, Commerce, Marketing, Total_Grade_Points, Average_Score)
        VALUES (source.student_id, source.Maths, source.English, source.Civic_education,
        source.Economics, source.Government, source.CRS, source.Accounting,
        source.Commerce, source.Marketing, source.Total_Grade_Points, source.Average_Score);

        drop TABLE temp_business_class;
    
[2024-10-08T07:57:20.854+0000] {base.py:84} INFO - Retrieving connection 'secondary'
[2024-10-08T07:57:20.877+0000] {base.py:84} INFO - Retrieving connection 'secondary'
[2024-10-08T07:57:20.880+0000] {connection.py:413} INFO - Snowflake Connector for Python Version: 3.12.1, Python Version: 3.12.5, Platform: Linux-5.15.153.1-microsoft-standard-WSL2-x86_64-with-glibc2.36
[2024-10-08T07:57:20.883+0000] {connection.py:1196} INFO - Connecting to GLOBAL Snowflake domain
[2024-10-08T07:57:20.885+0000] {connection.py:1277} INFO - This connection is in OCSP Fail Open Mode. TLS Certificates would be checked for validity and revocation status. Any other Certificate Revocation related exceptions or OCSP Responder failures would be disregarded in favor of connectivity.
[2024-10-08T07:57:22.766+0000] {cursor.py:1156} INFO - Number of results in first chunk: 1
[2024-10-08T07:57:22.767+0000] {sql.py:509} INFO - Running statement: CREATE OR REPLACE TEMPORARY TABLE temp_business_class AS
        SELECT * FROM school.data_schema.business_class WHERE 1 = 0;  -- Create an empty table with the same structure as the target, parameters: None
[2024-10-08T07:57:23.171+0000] {cursor.py:1156} INFO - Number of results in first chunk: 1
[2024-10-08T07:57:23.172+0000] {sql.py:518} INFO - Rows affected: 1
[2024-10-08T07:57:23.173+0000] {snowflake.py:422} INFO - Rows affected: 1
[2024-10-08T07:57:23.173+0000] {snowflake.py:423} INFO - Snowflake query id: 01b78c5d-0001-5f37-0000-0001e512e825
[2024-10-08T07:57:23.174+0000] {sql.py:509} INFO - Running statement: COPY INTO temp_business_class
        FROM @school.data_schema.student
        PATTERN = 'business_class.csv'
        FILE_FORMAT = csv_format;, parameters: None
[2024-10-08T07:57:24.688+0000] {cursor.py:1156} INFO - Number of results in first chunk: 1
[2024-10-08T07:57:24.689+0000] {sql.py:518} INFO - Rows affected: 1
[2024-10-08T07:57:24.690+0000] {snowflake.py:422} INFO - Rows affected: 1
[2024-10-08T07:57:24.691+0000] {snowflake.py:423} INFO - Snowflake query id: 01b78c5d-0001-613d-0001-e51200011352
[2024-10-08T07:57:24.691+0000] {sql.py:509} INFO - Running statement: MERGE INTO school.data_schema.business_class AS target
        USING temp_business_class AS source
        ON target.student_id = source.student_id  -- Match based on the unique identifier, like student_id
        WHEN NOT MATCHED THEN
        INSERT (student_id, Maths, English, Civic_education, Economics, Government,
        CRS, Accounting, Commerce, Marketing, Total_Grade_Points, Average_Score)
        VALUES (source.student_id, source.Maths, source.English, source.Civic_education,
        source.Economics, source.Government, source.CRS, source.Accounting,
        source.Commerce, source.Marketing, source.Total_Grade_Points, source.Average_Score);, parameters: None
[2024-10-08T07:57:25.783+0000] {sql.py:518} INFO - Rows affected: 65
[2024-10-08T07:57:25.784+0000] {snowflake.py:422} INFO - Rows affected: 65
[2024-10-08T07:57:25.785+0000] {snowflake.py:423} INFO - Snowflake query id: 01b78c5d-0001-6110-0000-0001e512fc91
[2024-10-08T07:57:25.786+0000] {sql.py:509} INFO - Running statement: drop TABLE temp_business_class;, parameters: None
[2024-10-08T07:57:26.231+0000] {cursor.py:1156} INFO - Number of results in first chunk: 1
[2024-10-08T07:57:26.232+0000] {sql.py:518} INFO - Rows affected: 1
[2024-10-08T07:57:26.233+0000] {snowflake.py:422} INFO - Rows affected: 1
[2024-10-08T07:57:26.234+0000] {snowflake.py:423} INFO - Snowflake query id: 01b78c5d-0001-6110-0000-0001e512fc95
[2024-10-08T07:57:26.412+0000] {cursor.py:1156} INFO - Number of results in first chunk: 1
[2024-10-08T07:57:26.414+0000] {connection.py:788} INFO - closed
[2024-10-08T07:57:26.582+0000] {connection.py:794} INFO - No async queries seem to be running, deleting session
[2024-10-08T07:57:26.829+0000] {taskinstance.py:340} INFO - ::group::Post task execution logs
[2024-10-08T07:57:26.830+0000] {taskinstance.py:352} INFO - Marking task as SUCCESS. dag_id=student_result, task_id=business_assessment, run_id=manual__2024-10-08T07:51:54.515628+00:00, execution_date=20241008T075154, start_date=20241008T075720, end_date=20241008T075726
[2024-10-08T07:57:26.881+0000] {logging_mixin.py:190} INFO - Task instance in success state
[2024-10-08T07:57:26.893+0000] {logging_mixin.py:190} INFO -  Previous state of the Task instance: running
[2024-10-08T07:57:26.909+0000] {logging_mixin.py:190} INFO - Dag name:student_result queued_at:2024-10-08 07:57:15.512669+00:00
[2024-10-08T07:57:26.911+0000] {logging_mixin.py:190} INFO - Task hostname:76e395cea755 operator:SnowflakeOperator
[2024-10-08T07:57:26.972+0000] {local_task_job_runner.py:266} INFO - Task exited with return code 0
[2024-10-08T07:57:27.007+0000] {taskinstance.py:3900} INFO - 0 downstream tasks scheduled from follow-on schedule check
[2024-10-08T07:57:27.017+0000] {local_task_job_runner.py:245} INFO - ::endgroup::
