[2024-10-19T16:57:55.602+0000] {local_task_job_runner.py:123} INFO - ::group::Pre task execution logs
[2024-10-19T16:57:55.626+0000] {taskinstance.py:2612} INFO - Dependencies all met for dep_context=non-requeueable deps ti=<TaskInstance: postgres_to_s3.bash_task2 manual__2024-10-19T16:44:14.509632+00:00 [queued]>
[2024-10-19T16:57:55.640+0000] {taskinstance.py:2612} INFO - Dependencies all met for dep_context=requeueable deps ti=<TaskInstance: postgres_to_s3.bash_task2 manual__2024-10-19T16:44:14.509632+00:00 [queued]>
[2024-10-19T16:57:55.641+0000] {taskinstance.py:2865} INFO - Starting attempt 1 of 1
[2024-10-19T16:57:55.666+0000] {taskinstance.py:2888} INFO - Executing <Task(BashOperator): bash_task2> on 2024-10-19 16:44:14.509632+00:00
[2024-10-19T16:57:55.676+0000] {warnings.py:112} WARNING - /home/***/.local/lib/python3.12/site-packages/***/task/task_runner/standard_task_runner.py:70: DeprecationWarning: This process (pid=1579) is multi-threaded, use of fork() may lead to deadlocks in the child.
  pid = os.fork()

[2024-10-19T16:57:55.678+0000] {standard_task_runner.py:72} INFO - Started process 1581 to run task
[2024-10-19T16:57:55.678+0000] {standard_task_runner.py:104} INFO - Running: ['***', 'tasks', 'run', 'postgres_to_s3', 'bash_task2', 'manual__2024-10-19T16:44:14.509632+00:00', '--job-id', '42', '--raw', '--subdir', 'DAGS_FOLDER/prod.py', '--cfg-path', '/tmp/tmpr_ob46q6']
[2024-10-19T16:57:55.682+0000] {standard_task_runner.py:105} INFO - Job 42: Subtask bash_task2
[2024-10-19T16:57:55.755+0000] {task_command.py:467} INFO - Running <TaskInstance: postgres_to_s3.bash_task2 manual__2024-10-19T16:44:14.509632+00:00 [running]> on host 533638d20908
[2024-10-19T16:57:55.885+0000] {taskinstance.py:3131} INFO - Exporting env vars: AIRFLOW_CTX_DAG_OWNER='protectorate' AIRFLOW_CTX_DAG_ID='postgres_to_s3' AIRFLOW_CTX_TASK_ID='bash_task2' AIRFLOW_CTX_EXECUTION_DATE='2024-10-19T16:44:14.509632+00:00' AIRFLOW_CTX_TRY_NUMBER='1' AIRFLOW_CTX_DAG_RUN_ID='manual__2024-10-19T16:44:14.509632+00:00'
[2024-10-19T16:57:55.887+0000] {taskinstance.py:731} INFO - ::endgroup::
[2024-10-19T16:57:55.906+0000] {subprocess.py:63} INFO - Tmp dir root location: /tmp
[2024-10-19T16:57:55.908+0000] {subprocess.py:75} INFO - Running command: ['/usr/bin/bash', '-c', 'bash /opt/***/dags/csv_deletion.sh ']
[2024-10-19T16:57:55.925+0000] {subprocess.py:86} INFO - Output:
[2024-10-19T16:57:55.939+0000] {subprocess.py:93} INFO - file successfully deleted
[2024-10-19T16:57:55.940+0000] {subprocess.py:97} INFO - Command exited with return code 0
[2024-10-19T16:57:55.982+0000] {taskinstance.py:340} INFO - ::group::Post task execution logs
[2024-10-19T16:57:55.983+0000] {taskinstance.py:352} INFO - Marking task as SUCCESS. dag_id=postgres_to_s3, task_id=bash_task2, run_id=manual__2024-10-19T16:44:14.509632+00:00, execution_date=20241019T164414, start_date=20241019T165755, end_date=20241019T165755
[2024-10-19T16:57:56.015+0000] {local_task_job_runner.py:266} INFO - Task exited with return code 0
[2024-10-19T16:57:56.038+0000] {taskinstance.py:3900} INFO - 0 downstream tasks scheduled from follow-on schedule check
[2024-10-19T16:57:56.043+0000] {local_task_job_runner.py:245} INFO - ::endgroup::
