[2024-11-17T22:11:49.729+0000] {local_task_job_runner.py:123} INFO - ::group::Pre task execution logs
[2024-11-17T22:11:49.783+0000] {taskinstance.py:2612} INFO - Dependencies all met for dep_context=non-requeueable deps ti=<TaskInstance: capstone.currency_code_sym manual__2024-11-17T18:00:06.422829+00:00 [queued]>
[2024-11-17T22:11:49.809+0000] {taskinstance.py:2612} INFO - Dependencies all met for dep_context=requeueable deps ti=<TaskInstance: capstone.currency_code_sym manual__2024-11-17T18:00:06.422829+00:00 [queued]>
[2024-11-17T22:11:49.810+0000] {taskinstance.py:2865} INFO - Starting attempt 1 of 3
[2024-11-17T22:11:49.862+0000] {taskinstance.py:2888} INFO - Executing <Task(PythonOperator): currency_code_sym> on 2024-11-17 18:00:06.422829+00:00
[2024-11-17T22:11:49.875+0000] {warnings.py:112} WARNING - /home/***/.local/lib/python3.12/site-packages/***/task/task_runner/standard_task_runner.py:70: DeprecationWarning: This process (pid=509) is multi-threaded, use of fork() may lead to deadlocks in the child.
  pid = os.fork()

[2024-11-17T22:11:49.878+0000] {standard_task_runner.py:72} INFO - Started process 517 to run task
[2024-11-17T22:11:49.887+0000] {standard_task_runner.py:104} INFO - Running: ['***', 'tasks', 'run', 'capstone', 'currency_code_sym', 'manual__2024-11-17T18:00:06.422829+00:00', '--job-id', '14', '--raw', '--subdir', 'DAGS_FOLDER/country.py', '--cfg-path', '/tmp/tmpbnj4hmpu']
[2024-11-17T22:11:49.895+0000] {standard_task_runner.py:105} INFO - Job 14: Subtask currency_code_sym
[2024-11-17T22:11:50.013+0000] {task_command.py:467} INFO - Running <TaskInstance: capstone.currency_code_sym manual__2024-11-17T18:00:06.422829+00:00 [running]> on host ea8ac57aed30
[2024-11-17T22:11:50.231+0000] {taskinstance.py:3131} INFO - Exporting env vars: AIRFLOW_CTX_DAG_OWNER='adewunmi' AIRFLOW_CTX_DAG_ID='capstone' AIRFLOW_CTX_TASK_ID='currency_code_sym' AIRFLOW_CTX_EXECUTION_DATE='2024-11-17T18:00:06.422829+00:00' AIRFLOW_CTX_TRY_NUMBER='1' AIRFLOW_CTX_DAG_RUN_ID='manual__2024-11-17T18:00:06.422829+00:00'
[2024-11-17T22:11:50.235+0000] {taskinstance.py:731} INFO - ::endgroup::
[2024-11-17T22:11:50.281+0000] {cap.py:182} INFO - Starting currency extraction process.
[2024-11-17T22:11:53.576+0000] {cap.py:116} INFO - Successfully read Parquet file from S3.
[2024-11-17T22:11:53.578+0000] {cap.py:192} INFO - Data loaded successfully from S3.
[2024-11-17T22:11:53.578+0000] {cap.py:200} INFO - Filtering currency symbol columns and joining with country names.
[2024-11-17T22:11:53.631+0000] {cap.py:204} INFO - Melting the data to extract currency codes and symbols.
[2024-11-17T22:11:53.665+0000] {cap.py:208} INFO - Removing rows with null currency symbols.
[2024-11-17T22:11:53.716+0000] {cap.py:212} INFO - Cleaning up currency codes.
[2024-11-17T22:11:53.718+0000] {cap.py:216} INFO - Grouping by country and aggregating currency symbols and codes.
[2024-11-17T22:11:53.762+0000] {cap.py:222} INFO - Currency extraction completed successfully.
[2024-11-17T22:11:53.772+0000] {python.py:240} INFO - Done. Returned value was:         name.common currency_symbol currency_code
0       Afghanistan               ؋           AFN
1           Albania               L           ALL
2           Algeria             د.ج           DZD
3    American Samoa               $           USD
4           Andorra               €           EUR
..              ...             ...           ...
242  Western Sahara        DH,دج,UM   MAD,DZD,MRU
243           Yemen               ﷼           YER
244          Zambia              ZK           ZMW
245        Zimbabwe               $           ZWL
246   Åland Islands               €           EUR

[247 rows x 3 columns]
[2024-11-17T22:11:53.857+0000] {taskinstance.py:340} INFO - ::group::Post task execution logs
[2024-11-17T22:11:53.858+0000] {taskinstance.py:352} INFO - Marking task as SUCCESS. dag_id=capstone, task_id=currency_code_sym, run_id=manual__2024-11-17T18:00:06.422829+00:00, execution_date=20241117T180006, start_date=20241117T221149, end_date=20241117T221153
[2024-11-17T22:11:53.930+0000] {local_task_job_runner.py:266} INFO - Task exited with return code 0
[2024-11-17T22:11:53.977+0000] {taskinstance.py:3900} INFO - 0 downstream tasks scheduled from follow-on schedule check
[2024-11-17T22:11:53.988+0000] {local_task_job_runner.py:245} INFO - ::endgroup::
