[2024-10-07T17:40:41.254+0000] {local_task_job_runner.py:123} INFO - ::group::Pre task execution logs
[2024-10-07T17:40:41.323+0000] {taskinstance.py:2612} INFO - Dependencies all met for dep_context=non-requeueable deps ti=<TaskInstance: complete_csv_to_snowflake.load_to_s3 manual__2024-10-07T17:40:28.468755+00:00 [queued]>
[2024-10-07T17:40:41.402+0000] {taskinstance.py:2612} INFO - Dependencies all met for dep_context=requeueable deps ti=<TaskInstance: complete_csv_to_snowflake.load_to_s3 manual__2024-10-07T17:40:28.468755+00:00 [queued]>
[2024-10-07T17:40:41.407+0000] {taskinstance.py:2865} INFO - Starting attempt 1 of 1
[2024-10-07T17:40:41.605+0000] {taskinstance.py:2888} INFO - Executing <Task(PythonOperator): load_to_s3> on 2024-10-07 17:40:28.468755+00:00
[2024-10-07T17:40:41.655+0000] {warnings.py:112} WARNING - /home/***/.local/lib/python3.12/site-packages/***/task/task_runner/standard_task_runner.py:70: DeprecationWarning: This process (pid=3006) is multi-threaded, use of fork() may lead to deadlocks in the child.
  pid = os.fork()

[2024-10-07T17:40:41.665+0000] {standard_task_runner.py:72} INFO - Started process 3008 to run task
[2024-10-07T17:40:41.686+0000] {standard_task_runner.py:104} INFO - Running: ['***', 'tasks', 'run', 'complete_csv_to_snowflake', 'load_to_s3', 'manual__2024-10-07T17:40:28.468755+00:00', '--job-id', '32', '--raw', '--subdir', 'DAGS_FOLDER/school/testin.py', '--cfg-path', '/tmp/tmp8hva7zjz']
[2024-10-07T17:40:41.704+0000] {standard_task_runner.py:105} INFO - Job 32: Subtask load_to_s3
[2024-10-07T17:40:41.882+0000] {task_command.py:467} INFO - Running <TaskInstance: complete_csv_to_snowflake.load_to_s3 manual__2024-10-07T17:40:28.468755+00:00 [running]> on host 67bc14123253
[2024-10-07T17:40:42.130+0000] {taskinstance.py:3131} INFO - Exporting env vars: AIRFLOW_CTX_DAG_OWNER='***' AIRFLOW_CTX_DAG_ID='complete_csv_to_snowflake' AIRFLOW_CTX_TASK_ID='load_to_s3' AIRFLOW_CTX_EXECUTION_DATE='2024-10-07T17:40:28.468755+00:00' AIRFLOW_CTX_TRY_NUMBER='1' AIRFLOW_CTX_DAG_RUN_ID='manual__2024-10-07T17:40:28.468755+00:00'
[2024-10-07T17:40:42.135+0000] {logging_mixin.py:190} INFO - Task instance is in running state
[2024-10-07T17:40:42.136+0000] {logging_mixin.py:190} INFO -  Previous state of the Task instance: queued
[2024-10-07T17:40:42.137+0000] {logging_mixin.py:190} INFO - Current task name:load_to_s3 state:running start_date:2024-10-07 17:40:41.361699+00:00
[2024-10-07T17:40:42.139+0000] {logging_mixin.py:190} INFO - Dag name:complete_csv_to_snowflake and current dag run status:running
[2024-10-07T17:40:42.142+0000] {taskinstance.py:731} INFO - ::endgroup::
[2024-10-07T17:40:42.238+0000] {base.py:84} INFO - Retrieving connection 'simple_store'
[2024-10-07T17:40:42.239+0000] {connection_wrapper.py:388} INFO - AWS Connection (conn_id='simple_store', conn_type='aws') credentials retrieved from login and password.
[2024-10-07T17:40:46.612+0000] {testin.py:65} INFO - Uploaded arts_class.csv to S3 successfully.
[2024-10-07T17:40:47.224+0000] {testin.py:65} INFO - Uploaded Business_class.csv to S3 successfully.
[2024-10-07T17:40:47.863+0000] {testin.py:65} INFO - Uploaded Science_class.csv to S3 successfully.
[2024-10-07T17:40:48.847+0000] {testin.py:65} INFO - Uploaded survey.csv to S3 successfully.
[2024-10-07T17:40:48.876+0000] {python.py:240} INFO - Done. Returned value was: None
[2024-10-07T17:40:48.968+0000] {taskinstance.py:340} INFO - ::group::Post task execution logs
[2024-10-07T17:40:48.989+0000] {taskinstance.py:352} INFO - Marking task as SUCCESS. dag_id=complete_csv_to_snowflake, task_id=load_to_s3, run_id=manual__2024-10-07T17:40:28.468755+00:00, execution_date=20241007T174028, start_date=20241007T174041, end_date=20241007T174048
[2024-10-07T17:40:49.070+0000] {logging_mixin.py:190} INFO - Task instance in success state
[2024-10-07T17:40:49.071+0000] {logging_mixin.py:190} INFO -  Previous state of the Task instance: running
[2024-10-07T17:40:49.072+0000] {logging_mixin.py:190} INFO - Dag name:complete_csv_to_snowflake queued_at:2024-10-07 17:40:28.550640+00:00
[2024-10-07T17:40:49.072+0000] {logging_mixin.py:190} INFO - Task hostname:67bc14123253 operator:PythonOperator
[2024-10-07T17:40:49.158+0000] {local_task_job_runner.py:266} INFO - Task exited with return code 0
[2024-10-07T17:40:49.319+0000] {taskinstance.py:3900} INFO - 1 downstream tasks scheduled from follow-on schedule check
[2024-10-07T17:40:49.341+0000] {local_task_job_runner.py:245} INFO - ::endgroup::
