[2024-11-11T18:39:56.718+0000] {local_task_job_runner.py:123} INFO - ::group::Pre task execution logs
[2024-11-11T18:39:56.755+0000] {taskinstance.py:2612} INFO - Dependencies all met for dep_context=non-requeueable deps ti=<TaskInstance: tem.bash_task scheduled__2024-11-10T00:00:00+00:00 [queued]>
[2024-11-11T18:39:56.772+0000] {taskinstance.py:2612} INFO - Dependencies all met for dep_context=requeueable deps ti=<TaskInstance: tem.bash_task scheduled__2024-11-10T00:00:00+00:00 [queued]>
[2024-11-11T18:39:56.773+0000] {taskinstance.py:2865} INFO - Starting attempt 1 of 3
[2024-11-11T18:39:56.795+0000] {taskinstance.py:2888} INFO - Executing <Task(BashOperator): bash_task> on 2024-11-10 00:00:00+00:00
[2024-11-11T18:39:56.803+0000] {warnings.py:112} WARNING - /home/***/.local/lib/python3.12/site-packages/***/task/task_runner/standard_task_runner.py:70: DeprecationWarning: This process (pid=77) is multi-threaded, use of fork() may lead to deadlocks in the child.
  pid = os.fork()

[2024-11-11T18:39:56.806+0000] {standard_task_runner.py:72} INFO - Started process 78 to run task
[2024-11-11T18:39:56.806+0000] {standard_task_runner.py:104} INFO - Running: ['***', 'tasks', 'run', 'tem', 'bash_task', 'scheduled__2024-11-10T00:00:00+00:00', '--job-id', '86', '--raw', '--subdir', 'DAGS_FOLDER/templatin/template.py', '--cfg-path', '/tmp/tmp1zpjewtu']
[2024-11-11T18:39:56.808+0000] {standard_task_runner.py:105} INFO - Job 86: Subtask bash_task
[2024-11-11T18:39:56.893+0000] {task_command.py:467} INFO - Running <TaskInstance: tem.bash_task scheduled__2024-11-10T00:00:00+00:00 [running]> on host fe3e688f2b29
[2024-11-11T18:39:57.045+0000] {taskinstance.py:3131} INFO - Exporting env vars: AIRFLOW_CTX_DAG_OWNER='ade' AIRFLOW_CTX_DAG_ID='tem' AIRFLOW_CTX_TASK_ID='bash_task' AIRFLOW_CTX_EXECUTION_DATE='2024-11-10T00:00:00+00:00' AIRFLOW_CTX_TRY_NUMBER='1' AIRFLOW_CTX_DAG_RUN_ID='scheduled__2024-11-10T00:00:00+00:00'
[2024-11-11T18:39:57.046+0000] {taskinstance.py:731} INFO - ::endgroup::
[2024-11-11T18:39:57.085+0000] {subprocess.py:63} INFO - Tmp dir root location: /tmp
[2024-11-11T18:39:57.086+0000] {subprocess.py:75} INFO - Running command: ['/usr/bin/bash', '-c', 'echo "2024"']
[2024-11-11T18:39:57.100+0000] {subprocess.py:86} INFO - Output:
[2024-11-11T18:39:57.102+0000] {subprocess.py:93} INFO - 2024
[2024-11-11T18:39:57.104+0000] {subprocess.py:97} INFO - Command exited with return code 0
[2024-11-11T18:39:57.151+0000] {taskinstance.py:340} INFO - ::group::Post task execution logs
[2024-11-11T18:39:57.152+0000] {taskinstance.py:352} INFO - Marking task as SUCCESS. dag_id=tem, task_id=bash_task, run_id=scheduled__2024-11-10T00:00:00+00:00, execution_date=20241110T000000, start_date=20241111T183956, end_date=20241111T183957
[2024-11-11T18:39:57.226+0000] {local_task_job_runner.py:266} INFO - Task exited with return code 0
[2024-11-11T18:39:57.267+0000] {taskinstance.py:3900} INFO - 1 downstream tasks scheduled from follow-on schedule check
[2024-11-11T18:39:57.274+0000] {local_task_job_runner.py:245} INFO - ::endgroup::
