[2024-11-02T13:46:18.547+0000] {local_task_job_runner.py:123} INFO - ::group::Pre task execution logs
[2024-11-02T13:46:18.571+0000] {taskinstance.py:2612} INFO - Dependencies all met for dep_context=non-requeueable deps ti=<TaskInstance: tem.bash_task4 manual__2024-11-02T13:42:53.599634+00:00 [queued]>
[2024-11-02T13:46:18.584+0000] {taskinstance.py:2612} INFO - Dependencies all met for dep_context=requeueable deps ti=<TaskInstance: tem.bash_task4 manual__2024-11-02T13:42:53.599634+00:00 [queued]>
[2024-11-02T13:46:18.584+0000] {taskinstance.py:2865} INFO - Starting attempt 2 of 4
[2024-11-02T13:46:18.606+0000] {taskinstance.py:2888} INFO - Executing <Task(BashOperator): bash_task4> on 2024-11-02 13:42:53.599634+00:00
[2024-11-02T13:46:18.613+0000] {warnings.py:112} WARNING - /home/***/.local/lib/python3.12/site-packages/***/task/task_runner/standard_task_runner.py:70: DeprecationWarning: This process (pid=719) is multi-threaded, use of fork() may lead to deadlocks in the child.
  pid = os.fork()

[2024-11-02T13:46:18.615+0000] {standard_task_runner.py:72} INFO - Started process 720 to run task
[2024-11-02T13:46:18.616+0000] {standard_task_runner.py:104} INFO - Running: ['***', 'tasks', 'run', 'tem', 'bash_task4', 'manual__2024-11-02T13:42:53.599634+00:00', '--job-id', '38', '--raw', '--subdir', 'DAGS_FOLDER/templatin/template.py', '--cfg-path', '/tmp/tmpgbd6jb_w']
[2024-11-02T13:46:18.617+0000] {standard_task_runner.py:105} INFO - Job 38: Subtask bash_task4
[2024-11-02T13:46:18.674+0000] {task_command.py:467} INFO - Running <TaskInstance: tem.bash_task4 manual__2024-11-02T13:42:53.599634+00:00 [running]> on host fe3e688f2b29
[2024-11-02T13:46:18.798+0000] {taskinstance.py:3131} INFO - Exporting env vars: AIRFLOW_CTX_DAG_OWNER='ade' AIRFLOW_CTX_DAG_ID='tem' AIRFLOW_CTX_TASK_ID='bash_task4' AIRFLOW_CTX_EXECUTION_DATE='2024-11-02T13:42:53.599634+00:00' AIRFLOW_CTX_TRY_NUMBER='2' AIRFLOW_CTX_DAG_RUN_ID='manual__2024-11-02T13:42:53.599634+00:00'
[2024-11-02T13:46:18.799+0000] {taskinstance.py:731} INFO - ::endgroup::
[2024-11-02T13:46:18.819+0000] {subprocess.py:63} INFO - Tmp dir root location: /tmp
[2024-11-02T13:46:18.821+0000] {subprocess.py:75} INFO - Running command: ['/usr/bin/bash', '-c', 'echo "2024-11-02"']
[2024-11-02T13:46:18.832+0000] {subprocess.py:86} INFO - Output:
[2024-11-02T13:46:18.833+0000] {subprocess.py:93} INFO - 2024-11-02
[2024-11-02T13:46:18.834+0000] {subprocess.py:97} INFO - Command exited with return code 0
[2024-11-02T13:46:18.867+0000] {taskinstance.py:340} INFO - ::group::Post task execution logs
[2024-11-02T13:46:18.868+0000] {taskinstance.py:352} INFO - Marking task as SUCCESS. dag_id=tem, task_id=bash_task4, run_id=manual__2024-11-02T13:42:53.599634+00:00, execution_date=20241102T134253, start_date=20241102T134618, end_date=20241102T134618
[2024-11-02T13:46:18.911+0000] {local_task_job_runner.py:266} INFO - Task exited with return code 0
[2024-11-02T13:46:18.939+0000] {taskinstance.py:3900} INFO - 1 downstream tasks scheduled from follow-on schedule check
[2024-11-02T13:46:18.943+0000] {local_task_job_runner.py:245} INFO - ::endgroup::
