[2024-11-19T19:28:00.587+0000] {local_task_job_runner.py:123} INFO - ::group::Pre task execution logs
[2024-11-19T19:28:00.745+0000] {taskinstance.py:2612} INFO - Dependencies all met for dep_context=non-requeueable deps ti=<TaskInstance: capstone.currency_code_sym manual__2024-11-19T19:26:50.048854+00:00 [queued]>
[2024-11-19T19:28:00.836+0000] {taskinstance.py:2612} INFO - Dependencies all met for dep_context=requeueable deps ti=<TaskInstance: capstone.currency_code_sym manual__2024-11-19T19:26:50.048854+00:00 [queued]>
[2024-11-19T19:28:00.837+0000] {taskinstance.py:2865} INFO - Starting attempt 1 of 3
[2024-11-19T19:28:01.059+0000] {taskinstance.py:2888} INFO - Executing <Task(PythonOperator): currency_code_sym> on 2024-11-19 19:26:50.048854+00:00
[2024-11-19T19:28:01.098+0000] {warnings.py:112} WARNING - /home/***/.local/lib/python3.12/site-packages/***/task/task_runner/standard_task_runner.py:70: DeprecationWarning: This process (pid=2098) is multi-threaded, use of fork() may lead to deadlocks in the child.
  pid = os.fork()

[2024-11-19T19:28:01.102+0000] {standard_task_runner.py:104} INFO - Running: ['***', 'tasks', 'run', 'capstone', 'currency_code_sym', 'manual__2024-11-19T19:26:50.048854+00:00', '--job-id', '61', '--raw', '--subdir', 'DAGS_FOLDER/capstone_***/country.py', '--cfg-path', '/tmp/tmp73b5ov2z']
[2024-11-19T19:28:01.116+0000] {standard_task_runner.py:72} INFO - Started process 2105 to run task
[2024-11-19T19:28:01.117+0000] {standard_task_runner.py:105} INFO - Job 61: Subtask currency_code_sym
[2024-11-19T19:28:01.621+0000] {task_command.py:467} INFO - Running <TaskInstance: capstone.currency_code_sym manual__2024-11-19T19:26:50.048854+00:00 [running]> on host ea8ac57aed30
[2024-11-19T19:28:02.020+0000] {taskinstance.py:3131} INFO - Exporting env vars: AIRFLOW_CTX_DAG_OWNER='adewunmi' AIRFLOW_CTX_DAG_ID='capstone' AIRFLOW_CTX_TASK_ID='currency_code_sym' AIRFLOW_CTX_EXECUTION_DATE='2024-11-19T19:26:50.048854+00:00' AIRFLOW_CTX_TRY_NUMBER='1' AIRFLOW_CTX_DAG_RUN_ID='manual__2024-11-19T19:26:50.048854+00:00'
[2024-11-19T19:28:02.025+0000] {taskinstance.py:731} INFO - ::endgroup::
[2024-11-19T19:28:02.056+0000] {cap.py:176} INFO - Starting currency extraction process.
[2024-11-19T19:28:09.037+0000] {cap.py:118} INFO - Successfully read Parquet file from S3.
[2024-11-19T19:28:09.047+0000] {cap.py:186} INFO - Data loaded successfully from S3.
[2024-11-19T19:28:09.049+0000] {cap.py:194} INFO - Filtering currency symbol columns and joining with country names.
[2024-11-19T19:28:09.120+0000] {cap.py:198} INFO - Melting the data to extract currency codes and symbols.
[2024-11-19T19:28:09.185+0000] {cap.py:202} INFO - Removing rows with null currency symbols.
[2024-11-19T19:28:09.277+0000] {cap.py:206} INFO - Cleaning up currency codes.
[2024-11-19T19:28:09.282+0000] {cap.py:210} INFO - Grouping by country and aggregating currency symbols and codes.
[2024-11-19T19:28:09.358+0000] {cap.py:216} INFO - Currency extraction completed successfully.
[2024-11-19T19:28:09.385+0000] {python.py:240} INFO - Done. Returned value was:         name.common currency_symbol currency_code
0       Afghanistan               ؋           AFN
1           Albania               L           ALL
2           Algeria             د.ج           DZD
3    American Samoa               $           USD
4           Andorra               €           EUR
..              ...             ...           ...
242  Western Sahara        DH,دج,UM   MAD,DZD,MRU
243           Yemen               ﷼           YER
244          Zambia              ZK           ZMW
245        Zimbabwe               $           ZWL
246   Åland Islands               €           EUR

[247 rows x 3 columns]
[2024-11-19T19:28:09.547+0000] {taskinstance.py:340} INFO - ::group::Post task execution logs
[2024-11-19T19:28:09.548+0000] {taskinstance.py:352} INFO - Marking task as SUCCESS. dag_id=capstone, task_id=currency_code_sym, run_id=manual__2024-11-19T19:26:50.048854+00:00, execution_date=20241119T192650, start_date=20241119T192800, end_date=20241119T192809
[2024-11-19T19:28:10.111+0000] {local_task_job_runner.py:266} INFO - Task exited with return code 0
[2024-11-19T19:28:10.125+0000] {local_task_job_runner.py:245} INFO - ::endgroup::
