[2024-10-04T19:17:48.020+0000] {processor.py:186} INFO - Started process (PID=99) to work on /home/airflow/.local/lib/python3.12/site-packages/airflow/example_dags/example_external_task_marker_dag.py
[2024-10-04T19:17:48.021+0000] {processor.py:914} INFO - Processing file /home/airflow/.local/lib/python3.12/site-packages/airflow/example_dags/example_external_task_marker_dag.py for tasks to queue
[2024-10-04T19:17:48.025+0000] {logging_mixin.py:190} INFO - [2024-10-04T19:17:48.024+0000] {dagbag.py:587} INFO - Filling up the DagBag from /home/airflow/.local/lib/python3.12/site-packages/airflow/example_dags/example_external_task_marker_dag.py
[2024-10-04T19:17:48.040+0000] {processor.py:925} INFO - DAG(s) 'example_external_task_marker_parent', 'example_external_task_marker_child' retrieved from /home/airflow/.local/lib/python3.12/site-packages/airflow/example_dags/example_external_task_marker_dag.py
[2024-10-04T19:17:48.232+0000] {logging_mixin.py:190} INFO - [2024-10-04T19:17:48.231+0000] {override.py:1900} INFO - Created Permission View: can delete on DAG:example_external_task_marker_parent
[2024-10-04T19:17:48.253+0000] {logging_mixin.py:190} INFO - [2024-10-04T19:17:48.253+0000] {override.py:1900} INFO - Created Permission View: can edit on DAG:example_external_task_marker_parent
[2024-10-04T19:17:48.270+0000] {logging_mixin.py:190} INFO - [2024-10-04T19:17:48.270+0000] {override.py:1900} INFO - Created Permission View: can read on DAG:example_external_task_marker_parent
[2024-10-04T19:17:48.298+0000] {logging_mixin.py:190} INFO - [2024-10-04T19:17:48.298+0000] {override.py:1900} INFO - Created Permission View: menu access on DAG Run:example_external_task_marker_parent
[2024-10-04T19:17:48.316+0000] {logging_mixin.py:190} INFO - [2024-10-04T19:17:48.315+0000] {override.py:1900} INFO - Created Permission View: can delete on DAG Run:example_external_task_marker_parent
[2024-10-04T19:17:48.331+0000] {logging_mixin.py:190} INFO - [2024-10-04T19:17:48.331+0000] {override.py:1900} INFO - Created Permission View: can create on DAG Run:example_external_task_marker_parent
[2024-10-04T19:17:48.348+0000] {logging_mixin.py:190} INFO - [2024-10-04T19:17:48.348+0000] {override.py:1900} INFO - Created Permission View: can read on DAG Run:example_external_task_marker_parent
[2024-10-04T19:17:48.385+0000] {logging_mixin.py:190} INFO - [2024-10-04T19:17:48.385+0000] {override.py:1900} INFO - Created Permission View: can delete on DAG:example_external_task_marker_child
[2024-10-04T19:17:48.401+0000] {logging_mixin.py:190} INFO - [2024-10-04T19:17:48.400+0000] {override.py:1900} INFO - Created Permission View: can edit on DAG:example_external_task_marker_child
[2024-10-04T19:17:48.427+0000] {logging_mixin.py:190} INFO - [2024-10-04T19:17:48.426+0000] {override.py:1900} INFO - Created Permission View: can read on DAG:example_external_task_marker_child
[2024-10-04T19:17:48.455+0000] {logging_mixin.py:190} INFO - [2024-10-04T19:17:48.455+0000] {override.py:1900} INFO - Created Permission View: menu access on DAG Run:example_external_task_marker_child
[2024-10-04T19:17:48.476+0000] {logging_mixin.py:190} INFO - [2024-10-04T19:17:48.475+0000] {override.py:1900} INFO - Created Permission View: can delete on DAG Run:example_external_task_marker_child
[2024-10-04T19:17:48.502+0000] {logging_mixin.py:190} INFO - [2024-10-04T19:17:48.501+0000] {override.py:1900} INFO - Created Permission View: can create on DAG Run:example_external_task_marker_child
[2024-10-04T19:17:48.527+0000] {logging_mixin.py:190} INFO - [2024-10-04T19:17:48.527+0000] {override.py:1900} INFO - Created Permission View: can read on DAG Run:example_external_task_marker_child
[2024-10-04T19:17:48.529+0000] {logging_mixin.py:190} INFO - [2024-10-04T19:17:48.528+0000] {dag.py:3229} INFO - Sync 2 DAGs
[2024-10-04T19:17:48.558+0000] {logging_mixin.py:190} INFO - [2024-10-04T19:17:48.557+0000] {dag.py:3252} INFO - Creating ORM DAG for example_external_task_marker_child
[2024-10-04T19:17:48.560+0000] {logging_mixin.py:190} INFO - [2024-10-04T19:17:48.559+0000] {dag.py:3252} INFO - Creating ORM DAG for example_external_task_marker_parent
[2024-10-04T19:17:48.561+0000] {logging_mixin.py:190} INFO - [2024-10-04T19:17:48.561+0000] {dag.py:4156} INFO - Setting next_dagrun for example_external_task_marker_child to None, run_after=None
[2024-10-04T19:17:48.562+0000] {logging_mixin.py:190} INFO - [2024-10-04T19:17:48.562+0000] {dag.py:4156} INFO - Setting next_dagrun for example_external_task_marker_parent to None, run_after=None
[2024-10-04T19:17:48.634+0000] {processor.py:208} INFO - Processing /home/airflow/.local/lib/python3.12/site-packages/airflow/example_dags/example_external_task_marker_dag.py took 0.623 seconds
[2024-10-04T19:18:18.758+0000] {processor.py:186} INFO - Started process (PID=160) to work on /home/airflow/.local/lib/python3.12/site-packages/airflow/example_dags/example_external_task_marker_dag.py
[2024-10-04T19:18:18.760+0000] {processor.py:914} INFO - Processing file /home/airflow/.local/lib/python3.12/site-packages/airflow/example_dags/example_external_task_marker_dag.py for tasks to queue
[2024-10-04T19:18:18.765+0000] {logging_mixin.py:190} INFO - [2024-10-04T19:18:18.764+0000] {dagbag.py:587} INFO - Filling up the DagBag from /home/airflow/.local/lib/python3.12/site-packages/airflow/example_dags/example_external_task_marker_dag.py
[2024-10-04T19:18:18.793+0000] {processor.py:925} INFO - DAG(s) 'example_external_task_marker_child', 'example_external_task_marker_parent' retrieved from /home/airflow/.local/lib/python3.12/site-packages/airflow/example_dags/example_external_task_marker_dag.py
[2024-10-04T19:18:18.836+0000] {logging_mixin.py:190} INFO - [2024-10-04T19:18:18.835+0000] {dag.py:3229} INFO - Sync 2 DAGs
[2024-10-04T19:18:18.900+0000] {logging_mixin.py:190} INFO - [2024-10-04T19:18:18.900+0000] {dag.py:4156} INFO - Setting next_dagrun for example_external_task_marker_child to None, run_after=None
[2024-10-04T19:18:18.920+0000] {logging_mixin.py:190} INFO - [2024-10-04T19:18:18.919+0000] {dag.py:4156} INFO - Setting next_dagrun for example_external_task_marker_parent to None, run_after=None
[2024-10-04T19:18:19.004+0000] {processor.py:208} INFO - Processing /home/airflow/.local/lib/python3.12/site-packages/airflow/example_dags/example_external_task_marker_dag.py took 0.260 seconds
[2024-10-04T23:37:21.946+0000] {processor.py:186} INFO - Started process (PID=95) to work on /home/airflow/.local/lib/python3.12/site-packages/airflow/example_dags/example_external_task_marker_dag.py
[2024-10-04T23:37:21.948+0000] {processor.py:914} INFO - Processing file /home/airflow/.local/lib/python3.12/site-packages/airflow/example_dags/example_external_task_marker_dag.py for tasks to queue
[2024-10-04T23:37:21.952+0000] {logging_mixin.py:190} INFO - [2024-10-04T23:37:21.952+0000] {dagbag.py:587} INFO - Filling up the DagBag from /home/airflow/.local/lib/python3.12/site-packages/airflow/example_dags/example_external_task_marker_dag.py
[2024-10-04T23:37:21.966+0000] {processor.py:925} INFO - DAG(s) 'example_external_task_marker_parent', 'example_external_task_marker_child' retrieved from /home/airflow/.local/lib/python3.12/site-packages/airflow/example_dags/example_external_task_marker_dag.py
[2024-10-04T23:37:22.044+0000] {logging_mixin.py:190} INFO - [2024-10-04T23:37:22.044+0000] {dag.py:3229} INFO - Sync 2 DAGs
[2024-10-04T23:37:22.082+0000] {logging_mixin.py:190} INFO - [2024-10-04T23:37:22.081+0000] {dag.py:4156} INFO - Setting next_dagrun for example_external_task_marker_child to None, run_after=None
[2024-10-04T23:37:22.100+0000] {logging_mixin.py:190} INFO - [2024-10-04T23:37:22.100+0000] {dag.py:4156} INFO - Setting next_dagrun for example_external_task_marker_parent to None, run_after=None
[2024-10-04T23:37:22.138+0000] {processor.py:208} INFO - Processing /home/airflow/.local/lib/python3.12/site-packages/airflow/example_dags/example_external_task_marker_dag.py took 0.203 seconds
[2024-10-04T23:37:52.769+0000] {processor.py:186} INFO - Started process (PID=156) to work on /home/airflow/.local/lib/python3.12/site-packages/airflow/example_dags/example_external_task_marker_dag.py
[2024-10-04T23:37:52.771+0000] {processor.py:914} INFO - Processing file /home/airflow/.local/lib/python3.12/site-packages/airflow/example_dags/example_external_task_marker_dag.py for tasks to queue
[2024-10-04T23:37:52.775+0000] {logging_mixin.py:190} INFO - [2024-10-04T23:37:52.774+0000] {dagbag.py:587} INFO - Filling up the DagBag from /home/airflow/.local/lib/python3.12/site-packages/airflow/example_dags/example_external_task_marker_dag.py
[2024-10-04T23:37:52.790+0000] {processor.py:925} INFO - DAG(s) 'example_external_task_marker_child', 'example_external_task_marker_parent' retrieved from /home/airflow/.local/lib/python3.12/site-packages/airflow/example_dags/example_external_task_marker_dag.py
[2024-10-04T23:37:52.830+0000] {logging_mixin.py:190} INFO - [2024-10-04T23:37:52.829+0000] {dag.py:3229} INFO - Sync 2 DAGs
[2024-10-04T23:37:52.854+0000] {logging_mixin.py:190} INFO - [2024-10-04T23:37:52.854+0000] {dag.py:4156} INFO - Setting next_dagrun for example_external_task_marker_child to None, run_after=None
[2024-10-04T23:37:52.860+0000] {logging_mixin.py:190} INFO - [2024-10-04T23:37:52.859+0000] {dag.py:4156} INFO - Setting next_dagrun for example_external_task_marker_parent to None, run_after=None
[2024-10-04T23:37:52.898+0000] {processor.py:208} INFO - Processing /home/airflow/.local/lib/python3.12/site-packages/airflow/example_dags/example_external_task_marker_dag.py took 0.141 seconds
[2024-10-04T23:38:23.900+0000] {processor.py:186} INFO - Started process (PID=218) to work on /home/airflow/.local/lib/python3.12/site-packages/airflow/example_dags/example_external_task_marker_dag.py
[2024-10-04T23:38:23.903+0000] {processor.py:914} INFO - Processing file /home/airflow/.local/lib/python3.12/site-packages/airflow/example_dags/example_external_task_marker_dag.py for tasks to queue
[2024-10-04T23:38:23.907+0000] {logging_mixin.py:190} INFO - [2024-10-04T23:38:23.907+0000] {dagbag.py:587} INFO - Filling up the DagBag from /home/airflow/.local/lib/python3.12/site-packages/airflow/example_dags/example_external_task_marker_dag.py
[2024-10-04T23:38:23.922+0000] {processor.py:925} INFO - DAG(s) 'example_external_task_marker_child', 'example_external_task_marker_parent' retrieved from /home/airflow/.local/lib/python3.12/site-packages/airflow/example_dags/example_external_task_marker_dag.py
[2024-10-04T23:38:23.963+0000] {logging_mixin.py:190} INFO - [2024-10-04T23:38:23.963+0000] {dag.py:3229} INFO - Sync 2 DAGs
[2024-10-04T23:38:23.991+0000] {logging_mixin.py:190} INFO - [2024-10-04T23:38:23.991+0000] {dag.py:4156} INFO - Setting next_dagrun for example_external_task_marker_child to None, run_after=None
[2024-10-04T23:38:23.996+0000] {logging_mixin.py:190} INFO - [2024-10-04T23:38:23.996+0000] {dag.py:4156} INFO - Setting next_dagrun for example_external_task_marker_parent to None, run_after=None
[2024-10-04T23:38:24.027+0000] {processor.py:208} INFO - Processing /home/airflow/.local/lib/python3.12/site-packages/airflow/example_dags/example_external_task_marker_dag.py took 0.139 seconds
[2024-10-04T23:38:54.475+0000] {processor.py:186} INFO - Started process (PID=281) to work on /home/airflow/.local/lib/python3.12/site-packages/airflow/example_dags/example_external_task_marker_dag.py
[2024-10-04T23:38:54.476+0000] {processor.py:914} INFO - Processing file /home/airflow/.local/lib/python3.12/site-packages/airflow/example_dags/example_external_task_marker_dag.py for tasks to queue
[2024-10-04T23:38:54.480+0000] {logging_mixin.py:190} INFO - [2024-10-04T23:38:54.479+0000] {dagbag.py:587} INFO - Filling up the DagBag from /home/airflow/.local/lib/python3.12/site-packages/airflow/example_dags/example_external_task_marker_dag.py
[2024-10-04T23:38:54.490+0000] {processor.py:925} INFO - DAG(s) 'example_external_task_marker_child', 'example_external_task_marker_parent' retrieved from /home/airflow/.local/lib/python3.12/site-packages/airflow/example_dags/example_external_task_marker_dag.py
[2024-10-04T23:38:54.525+0000] {logging_mixin.py:190} INFO - [2024-10-04T23:38:54.524+0000] {dag.py:3229} INFO - Sync 2 DAGs
[2024-10-04T23:38:54.550+0000] {logging_mixin.py:190} INFO - [2024-10-04T23:38:54.549+0000] {dag.py:4156} INFO - Setting next_dagrun for example_external_task_marker_child to None, run_after=None
[2024-10-04T23:38:54.555+0000] {logging_mixin.py:190} INFO - [2024-10-04T23:38:54.555+0000] {dag.py:4156} INFO - Setting next_dagrun for example_external_task_marker_parent to None, run_after=None
[2024-10-04T23:38:54.583+0000] {processor.py:208} INFO - Processing /home/airflow/.local/lib/python3.12/site-packages/airflow/example_dags/example_external_task_marker_dag.py took 0.116 seconds
[2024-10-04T23:39:25.588+0000] {processor.py:186} INFO - Started process (PID=343) to work on /home/airflow/.local/lib/python3.12/site-packages/airflow/example_dags/example_external_task_marker_dag.py
[2024-10-04T23:39:25.590+0000] {processor.py:914} INFO - Processing file /home/airflow/.local/lib/python3.12/site-packages/airflow/example_dags/example_external_task_marker_dag.py for tasks to queue
[2024-10-04T23:39:25.595+0000] {logging_mixin.py:190} INFO - [2024-10-04T23:39:25.594+0000] {dagbag.py:587} INFO - Filling up the DagBag from /home/airflow/.local/lib/python3.12/site-packages/airflow/example_dags/example_external_task_marker_dag.py
[2024-10-04T23:39:25.609+0000] {processor.py:925} INFO - DAG(s) 'example_external_task_marker_child', 'example_external_task_marker_parent' retrieved from /home/airflow/.local/lib/python3.12/site-packages/airflow/example_dags/example_external_task_marker_dag.py
[2024-10-04T23:39:25.651+0000] {logging_mixin.py:190} INFO - [2024-10-04T23:39:25.651+0000] {dag.py:3229} INFO - Sync 2 DAGs
[2024-10-04T23:39:25.673+0000] {logging_mixin.py:190} INFO - [2024-10-04T23:39:25.673+0000] {dag.py:4156} INFO - Setting next_dagrun for example_external_task_marker_child to None, run_after=None
[2024-10-04T23:39:25.678+0000] {logging_mixin.py:190} INFO - [2024-10-04T23:39:25.678+0000] {dag.py:4156} INFO - Setting next_dagrun for example_external_task_marker_parent to None, run_after=None
[2024-10-04T23:39:25.714+0000] {processor.py:208} INFO - Processing /home/airflow/.local/lib/python3.12/site-packages/airflow/example_dags/example_external_task_marker_dag.py took 0.138 seconds
[2024-10-04T23:39:56.887+0000] {processor.py:186} INFO - Started process (PID=405) to work on /home/airflow/.local/lib/python3.12/site-packages/airflow/example_dags/example_external_task_marker_dag.py
[2024-10-04T23:39:56.889+0000] {processor.py:914} INFO - Processing file /home/airflow/.local/lib/python3.12/site-packages/airflow/example_dags/example_external_task_marker_dag.py for tasks to queue
[2024-10-04T23:39:56.893+0000] {logging_mixin.py:190} INFO - [2024-10-04T23:39:56.893+0000] {dagbag.py:587} INFO - Filling up the DagBag from /home/airflow/.local/lib/python3.12/site-packages/airflow/example_dags/example_external_task_marker_dag.py
[2024-10-04T23:39:56.909+0000] {processor.py:925} INFO - DAG(s) 'example_external_task_marker_child', 'example_external_task_marker_parent' retrieved from /home/airflow/.local/lib/python3.12/site-packages/airflow/example_dags/example_external_task_marker_dag.py
[2024-10-04T23:39:56.952+0000] {logging_mixin.py:190} INFO - [2024-10-04T23:39:56.952+0000] {dag.py:3229} INFO - Sync 2 DAGs
[2024-10-04T23:39:56.990+0000] {logging_mixin.py:190} INFO - [2024-10-04T23:39:56.990+0000] {dag.py:4156} INFO - Setting next_dagrun for example_external_task_marker_child to None, run_after=None
[2024-10-04T23:39:56.998+0000] {logging_mixin.py:190} INFO - [2024-10-04T23:39:56.998+0000] {dag.py:4156} INFO - Setting next_dagrun for example_external_task_marker_parent to None, run_after=None
[2024-10-04T23:39:57.041+0000] {processor.py:208} INFO - Processing /home/airflow/.local/lib/python3.12/site-packages/airflow/example_dags/example_external_task_marker_dag.py took 0.170 seconds
[2024-10-04T23:40:27.421+0000] {processor.py:186} INFO - Started process (PID=467) to work on /home/airflow/.local/lib/python3.12/site-packages/airflow/example_dags/example_external_task_marker_dag.py
[2024-10-04T23:40:27.423+0000] {processor.py:914} INFO - Processing file /home/airflow/.local/lib/python3.12/site-packages/airflow/example_dags/example_external_task_marker_dag.py for tasks to queue
[2024-10-04T23:40:27.427+0000] {logging_mixin.py:190} INFO - [2024-10-04T23:40:27.426+0000] {dagbag.py:587} INFO - Filling up the DagBag from /home/airflow/.local/lib/python3.12/site-packages/airflow/example_dags/example_external_task_marker_dag.py
[2024-10-04T23:40:27.447+0000] {processor.py:925} INFO - DAG(s) 'example_external_task_marker_parent', 'example_external_task_marker_child' retrieved from /home/airflow/.local/lib/python3.12/site-packages/airflow/example_dags/example_external_task_marker_dag.py
[2024-10-04T23:40:27.489+0000] {logging_mixin.py:190} INFO - [2024-10-04T23:40:27.488+0000] {dag.py:3229} INFO - Sync 2 DAGs
[2024-10-04T23:40:27.546+0000] {logging_mixin.py:190} INFO - [2024-10-04T23:40:27.545+0000] {dag.py:4156} INFO - Setting next_dagrun for example_external_task_marker_child to None, run_after=None
[2024-10-04T23:40:27.560+0000] {logging_mixin.py:190} INFO - [2024-10-04T23:40:27.560+0000] {dag.py:4156} INFO - Setting next_dagrun for example_external_task_marker_parent to None, run_after=None
[2024-10-04T23:40:27.621+0000] {processor.py:208} INFO - Processing /home/airflow/.local/lib/python3.12/site-packages/airflow/example_dags/example_external_task_marker_dag.py took 0.214 seconds
[2024-10-04T23:40:57.808+0000] {processor.py:186} INFO - Started process (PID=529) to work on /home/airflow/.local/lib/python3.12/site-packages/airflow/example_dags/example_external_task_marker_dag.py
[2024-10-04T23:40:57.810+0000] {processor.py:914} INFO - Processing file /home/airflow/.local/lib/python3.12/site-packages/airflow/example_dags/example_external_task_marker_dag.py for tasks to queue
[2024-10-04T23:40:57.817+0000] {logging_mixin.py:190} INFO - [2024-10-04T23:40:57.816+0000] {dagbag.py:587} INFO - Filling up the DagBag from /home/airflow/.local/lib/python3.12/site-packages/airflow/example_dags/example_external_task_marker_dag.py
[2024-10-04T23:40:57.831+0000] {processor.py:925} INFO - DAG(s) 'example_external_task_marker_parent', 'example_external_task_marker_child' retrieved from /home/airflow/.local/lib/python3.12/site-packages/airflow/example_dags/example_external_task_marker_dag.py
[2024-10-04T23:40:57.865+0000] {logging_mixin.py:190} INFO - [2024-10-04T23:40:57.865+0000] {dag.py:3229} INFO - Sync 2 DAGs
[2024-10-04T23:40:57.886+0000] {logging_mixin.py:190} INFO - [2024-10-04T23:40:57.885+0000] {dag.py:4156} INFO - Setting next_dagrun for example_external_task_marker_child to None, run_after=None
[2024-10-04T23:40:57.893+0000] {logging_mixin.py:190} INFO - [2024-10-04T23:40:57.892+0000] {dag.py:4156} INFO - Setting next_dagrun for example_external_task_marker_parent to None, run_after=None
[2024-10-04T23:40:57.925+0000] {processor.py:208} INFO - Processing /home/airflow/.local/lib/python3.12/site-packages/airflow/example_dags/example_external_task_marker_dag.py took 0.129 seconds
[2024-10-04T23:41:28.202+0000] {processor.py:186} INFO - Started process (PID=592) to work on /home/airflow/.local/lib/python3.12/site-packages/airflow/example_dags/example_external_task_marker_dag.py
[2024-10-04T23:41:28.204+0000] {processor.py:914} INFO - Processing file /home/airflow/.local/lib/python3.12/site-packages/airflow/example_dags/example_external_task_marker_dag.py for tasks to queue
[2024-10-04T23:41:28.207+0000] {logging_mixin.py:190} INFO - [2024-10-04T23:41:28.207+0000] {dagbag.py:587} INFO - Filling up the DagBag from /home/airflow/.local/lib/python3.12/site-packages/airflow/example_dags/example_external_task_marker_dag.py
[2024-10-04T23:41:28.218+0000] {processor.py:925} INFO - DAG(s) 'example_external_task_marker_parent', 'example_external_task_marker_child' retrieved from /home/airflow/.local/lib/python3.12/site-packages/airflow/example_dags/example_external_task_marker_dag.py
[2024-10-04T23:41:28.256+0000] {logging_mixin.py:190} INFO - [2024-10-04T23:41:28.255+0000] {dag.py:3229} INFO - Sync 2 DAGs
[2024-10-04T23:41:28.290+0000] {logging_mixin.py:190} INFO - [2024-10-04T23:41:28.289+0000] {dag.py:4156} INFO - Setting next_dagrun for example_external_task_marker_child to None, run_after=None
[2024-10-04T23:41:28.302+0000] {logging_mixin.py:190} INFO - [2024-10-04T23:41:28.301+0000] {dag.py:4156} INFO - Setting next_dagrun for example_external_task_marker_parent to None, run_after=None
[2024-10-04T23:41:28.349+0000] {processor.py:208} INFO - Processing /home/airflow/.local/lib/python3.12/site-packages/airflow/example_dags/example_external_task_marker_dag.py took 0.156 seconds
[2024-10-04T23:41:58.555+0000] {processor.py:186} INFO - Started process (PID=653) to work on /home/airflow/.local/lib/python3.12/site-packages/airflow/example_dags/example_external_task_marker_dag.py
[2024-10-04T23:41:58.556+0000] {processor.py:914} INFO - Processing file /home/airflow/.local/lib/python3.12/site-packages/airflow/example_dags/example_external_task_marker_dag.py for tasks to queue
[2024-10-04T23:41:58.559+0000] {logging_mixin.py:190} INFO - [2024-10-04T23:41:58.559+0000] {dagbag.py:587} INFO - Filling up the DagBag from /home/airflow/.local/lib/python3.12/site-packages/airflow/example_dags/example_external_task_marker_dag.py
[2024-10-04T23:41:58.571+0000] {processor.py:925} INFO - DAG(s) 'example_external_task_marker_child', 'example_external_task_marker_parent' retrieved from /home/airflow/.local/lib/python3.12/site-packages/airflow/example_dags/example_external_task_marker_dag.py
[2024-10-04T23:41:58.609+0000] {logging_mixin.py:190} INFO - [2024-10-04T23:41:58.608+0000] {dag.py:3229} INFO - Sync 2 DAGs
[2024-10-04T23:41:58.634+0000] {logging_mixin.py:190} INFO - [2024-10-04T23:41:58.634+0000] {dag.py:4156} INFO - Setting next_dagrun for example_external_task_marker_child to None, run_after=None
[2024-10-04T23:41:58.641+0000] {logging_mixin.py:190} INFO - [2024-10-04T23:41:58.641+0000] {dag.py:4156} INFO - Setting next_dagrun for example_external_task_marker_parent to None, run_after=None
[2024-10-04T23:41:58.673+0000] {processor.py:208} INFO - Processing /home/airflow/.local/lib/python3.12/site-packages/airflow/example_dags/example_external_task_marker_dag.py took 0.127 seconds
[2024-10-04T23:42:29.324+0000] {processor.py:186} INFO - Started process (PID=715) to work on /home/airflow/.local/lib/python3.12/site-packages/airflow/example_dags/example_external_task_marker_dag.py
[2024-10-04T23:42:29.325+0000] {processor.py:914} INFO - Processing file /home/airflow/.local/lib/python3.12/site-packages/airflow/example_dags/example_external_task_marker_dag.py for tasks to queue
[2024-10-04T23:42:29.329+0000] {logging_mixin.py:190} INFO - [2024-10-04T23:42:29.328+0000] {dagbag.py:587} INFO - Filling up the DagBag from /home/airflow/.local/lib/python3.12/site-packages/airflow/example_dags/example_external_task_marker_dag.py
[2024-10-04T23:42:29.344+0000] {processor.py:925} INFO - DAG(s) 'example_external_task_marker_child', 'example_external_task_marker_parent' retrieved from /home/airflow/.local/lib/python3.12/site-packages/airflow/example_dags/example_external_task_marker_dag.py
[2024-10-04T23:42:29.385+0000] {logging_mixin.py:190} INFO - [2024-10-04T23:42:29.385+0000] {dag.py:3229} INFO - Sync 2 DAGs
[2024-10-04T23:42:29.410+0000] {logging_mixin.py:190} INFO - [2024-10-04T23:42:29.409+0000] {dag.py:4156} INFO - Setting next_dagrun for example_external_task_marker_child to None, run_after=None
[2024-10-04T23:42:29.417+0000] {logging_mixin.py:190} INFO - [2024-10-04T23:42:29.416+0000] {dag.py:4156} INFO - Setting next_dagrun for example_external_task_marker_parent to None, run_after=None
[2024-10-04T23:42:29.460+0000] {processor.py:208} INFO - Processing /home/airflow/.local/lib/python3.12/site-packages/airflow/example_dags/example_external_task_marker_dag.py took 0.144 seconds
[2024-10-04T23:43:00.428+0000] {processor.py:186} INFO - Started process (PID=778) to work on /home/airflow/.local/lib/python3.12/site-packages/airflow/example_dags/example_external_task_marker_dag.py
[2024-10-04T23:43:00.430+0000] {processor.py:914} INFO - Processing file /home/airflow/.local/lib/python3.12/site-packages/airflow/example_dags/example_external_task_marker_dag.py for tasks to queue
[2024-10-04T23:43:00.434+0000] {logging_mixin.py:190} INFO - [2024-10-04T23:43:00.434+0000] {dagbag.py:587} INFO - Filling up the DagBag from /home/airflow/.local/lib/python3.12/site-packages/airflow/example_dags/example_external_task_marker_dag.py
[2024-10-04T23:43:00.472+0000] {processor.py:925} INFO - DAG(s) 'example_external_task_marker_parent', 'example_external_task_marker_child' retrieved from /home/airflow/.local/lib/python3.12/site-packages/airflow/example_dags/example_external_task_marker_dag.py
[2024-10-04T23:43:00.536+0000] {logging_mixin.py:190} INFO - [2024-10-04T23:43:00.535+0000] {dag.py:3229} INFO - Sync 2 DAGs
[2024-10-04T23:43:00.575+0000] {logging_mixin.py:190} INFO - [2024-10-04T23:43:00.575+0000] {dag.py:4156} INFO - Setting next_dagrun for example_external_task_marker_child to None, run_after=None
[2024-10-04T23:43:00.583+0000] {logging_mixin.py:190} INFO - [2024-10-04T23:43:00.583+0000] {dag.py:4156} INFO - Setting next_dagrun for example_external_task_marker_parent to None, run_after=None
[2024-10-04T23:43:00.630+0000] {processor.py:208} INFO - Processing /home/airflow/.local/lib/python3.12/site-packages/airflow/example_dags/example_external_task_marker_dag.py took 0.215 seconds
[2024-10-04T23:43:31.285+0000] {processor.py:186} INFO - Started process (PID=840) to work on /home/airflow/.local/lib/python3.12/site-packages/airflow/example_dags/example_external_task_marker_dag.py
[2024-10-04T23:43:31.286+0000] {processor.py:914} INFO - Processing file /home/airflow/.local/lib/python3.12/site-packages/airflow/example_dags/example_external_task_marker_dag.py for tasks to queue
[2024-10-04T23:43:31.291+0000] {logging_mixin.py:190} INFO - [2024-10-04T23:43:31.290+0000] {dagbag.py:587} INFO - Filling up the DagBag from /home/airflow/.local/lib/python3.12/site-packages/airflow/example_dags/example_external_task_marker_dag.py
[2024-10-04T23:43:31.305+0000] {processor.py:925} INFO - DAG(s) 'example_external_task_marker_parent', 'example_external_task_marker_child' retrieved from /home/airflow/.local/lib/python3.12/site-packages/airflow/example_dags/example_external_task_marker_dag.py
[2024-10-04T23:43:31.344+0000] {logging_mixin.py:190} INFO - [2024-10-04T23:43:31.344+0000] {dag.py:3229} INFO - Sync 2 DAGs
[2024-10-04T23:43:31.368+0000] {logging_mixin.py:190} INFO - [2024-10-04T23:43:31.367+0000] {dag.py:4156} INFO - Setting next_dagrun for example_external_task_marker_child to None, run_after=None
[2024-10-04T23:43:31.373+0000] {logging_mixin.py:190} INFO - [2024-10-04T23:43:31.373+0000] {dag.py:4156} INFO - Setting next_dagrun for example_external_task_marker_parent to None, run_after=None
[2024-10-04T23:43:31.406+0000] {processor.py:208} INFO - Processing /home/airflow/.local/lib/python3.12/site-packages/airflow/example_dags/example_external_task_marker_dag.py took 0.131 seconds
[2024-10-04T23:44:03.739+0000] {processor.py:186} INFO - Started process (PID=901) to work on /home/airflow/.local/lib/python3.12/site-packages/airflow/example_dags/example_external_task_marker_dag.py
[2024-10-04T23:44:03.742+0000] {processor.py:914} INFO - Processing file /home/airflow/.local/lib/python3.12/site-packages/airflow/example_dags/example_external_task_marker_dag.py for tasks to queue
[2024-10-04T23:44:03.746+0000] {logging_mixin.py:190} INFO - [2024-10-04T23:44:03.745+0000] {dagbag.py:587} INFO - Filling up the DagBag from /home/airflow/.local/lib/python3.12/site-packages/airflow/example_dags/example_external_task_marker_dag.py
[2024-10-04T23:44:03.760+0000] {processor.py:925} INFO - DAG(s) 'example_external_task_marker_child', 'example_external_task_marker_parent' retrieved from /home/airflow/.local/lib/python3.12/site-packages/airflow/example_dags/example_external_task_marker_dag.py
[2024-10-04T23:44:03.794+0000] {logging_mixin.py:190} INFO - [2024-10-04T23:44:03.793+0000] {dag.py:3229} INFO - Sync 2 DAGs
[2024-10-04T23:44:03.821+0000] {logging_mixin.py:190} INFO - [2024-10-04T23:44:03.820+0000] {dag.py:4156} INFO - Setting next_dagrun for example_external_task_marker_child to None, run_after=None
[2024-10-04T23:44:03.827+0000] {logging_mixin.py:190} INFO - [2024-10-04T23:44:03.827+0000] {dag.py:4156} INFO - Setting next_dagrun for example_external_task_marker_parent to None, run_after=None
[2024-10-04T23:44:03.858+0000] {processor.py:208} INFO - Processing /home/airflow/.local/lib/python3.12/site-packages/airflow/example_dags/example_external_task_marker_dag.py took 0.129 seconds
[2024-10-04T23:44:34.595+0000] {processor.py:186} INFO - Started process (PID=963) to work on /home/airflow/.local/lib/python3.12/site-packages/airflow/example_dags/example_external_task_marker_dag.py
[2024-10-04T23:44:34.597+0000] {processor.py:914} INFO - Processing file /home/airflow/.local/lib/python3.12/site-packages/airflow/example_dags/example_external_task_marker_dag.py for tasks to queue
[2024-10-04T23:44:34.603+0000] {logging_mixin.py:190} INFO - [2024-10-04T23:44:34.602+0000] {dagbag.py:587} INFO - Filling up the DagBag from /home/airflow/.local/lib/python3.12/site-packages/airflow/example_dags/example_external_task_marker_dag.py
[2024-10-04T23:44:34.617+0000] {processor.py:925} INFO - DAG(s) 'example_external_task_marker_parent', 'example_external_task_marker_child' retrieved from /home/airflow/.local/lib/python3.12/site-packages/airflow/example_dags/example_external_task_marker_dag.py
[2024-10-04T23:44:34.658+0000] {logging_mixin.py:190} INFO - [2024-10-04T23:44:34.658+0000] {dag.py:3229} INFO - Sync 2 DAGs
[2024-10-04T23:44:34.684+0000] {logging_mixin.py:190} INFO - [2024-10-04T23:44:34.684+0000] {dag.py:4156} INFO - Setting next_dagrun for example_external_task_marker_child to None, run_after=None
[2024-10-04T23:44:34.692+0000] {logging_mixin.py:190} INFO - [2024-10-04T23:44:34.692+0000] {dag.py:4156} INFO - Setting next_dagrun for example_external_task_marker_parent to None, run_after=None
[2024-10-04T23:44:34.732+0000] {processor.py:208} INFO - Processing /home/airflow/.local/lib/python3.12/site-packages/airflow/example_dags/example_external_task_marker_dag.py took 0.150 seconds
[2024-10-04T23:45:05.567+0000] {processor.py:186} INFO - Started process (PID=1025) to work on /home/airflow/.local/lib/python3.12/site-packages/airflow/example_dags/example_external_task_marker_dag.py
[2024-10-04T23:45:05.569+0000] {processor.py:914} INFO - Processing file /home/airflow/.local/lib/python3.12/site-packages/airflow/example_dags/example_external_task_marker_dag.py for tasks to queue
[2024-10-04T23:45:05.572+0000] {logging_mixin.py:190} INFO - [2024-10-04T23:45:05.572+0000] {dagbag.py:587} INFO - Filling up the DagBag from /home/airflow/.local/lib/python3.12/site-packages/airflow/example_dags/example_external_task_marker_dag.py
[2024-10-04T23:45:05.582+0000] {processor.py:925} INFO - DAG(s) 'example_external_task_marker_child', 'example_external_task_marker_parent' retrieved from /home/airflow/.local/lib/python3.12/site-packages/airflow/example_dags/example_external_task_marker_dag.py
[2024-10-04T23:45:05.614+0000] {logging_mixin.py:190} INFO - [2024-10-04T23:45:05.613+0000] {dag.py:3229} INFO - Sync 2 DAGs
[2024-10-04T23:45:05.632+0000] {logging_mixin.py:190} INFO - [2024-10-04T23:45:05.632+0000] {dag.py:4156} INFO - Setting next_dagrun for example_external_task_marker_child to None, run_after=None
[2024-10-04T23:45:05.637+0000] {logging_mixin.py:190} INFO - [2024-10-04T23:45:05.637+0000] {dag.py:4156} INFO - Setting next_dagrun for example_external_task_marker_parent to None, run_after=None
[2024-10-04T23:45:05.674+0000] {processor.py:208} INFO - Processing /home/airflow/.local/lib/python3.12/site-packages/airflow/example_dags/example_external_task_marker_dag.py took 0.120 seconds
[2024-10-04T23:45:36.209+0000] {processor.py:186} INFO - Started process (PID=1087) to work on /home/airflow/.local/lib/python3.12/site-packages/airflow/example_dags/example_external_task_marker_dag.py
[2024-10-04T23:45:36.211+0000] {processor.py:914} INFO - Processing file /home/airflow/.local/lib/python3.12/site-packages/airflow/example_dags/example_external_task_marker_dag.py for tasks to queue
[2024-10-04T23:45:36.215+0000] {logging_mixin.py:190} INFO - [2024-10-04T23:45:36.214+0000] {dagbag.py:587} INFO - Filling up the DagBag from /home/airflow/.local/lib/python3.12/site-packages/airflow/example_dags/example_external_task_marker_dag.py
[2024-10-04T23:45:36.228+0000] {processor.py:925} INFO - DAG(s) 'example_external_task_marker_child', 'example_external_task_marker_parent' retrieved from /home/airflow/.local/lib/python3.12/site-packages/airflow/example_dags/example_external_task_marker_dag.py
[2024-10-04T23:45:36.265+0000] {logging_mixin.py:190} INFO - [2024-10-04T23:45:36.265+0000] {dag.py:3229} INFO - Sync 2 DAGs
[2024-10-04T23:45:36.292+0000] {logging_mixin.py:190} INFO - [2024-10-04T23:45:36.292+0000] {dag.py:4156} INFO - Setting next_dagrun for example_external_task_marker_child to None, run_after=None
[2024-10-04T23:45:36.298+0000] {logging_mixin.py:190} INFO - [2024-10-04T23:45:36.297+0000] {dag.py:4156} INFO - Setting next_dagrun for example_external_task_marker_parent to None, run_after=None
[2024-10-04T23:45:36.351+0000] {processor.py:208} INFO - Processing /home/airflow/.local/lib/python3.12/site-packages/airflow/example_dags/example_external_task_marker_dag.py took 0.156 seconds
[2024-10-04T23:46:06.430+0000] {processor.py:186} INFO - Started process (PID=1148) to work on /home/airflow/.local/lib/python3.12/site-packages/airflow/example_dags/example_external_task_marker_dag.py
[2024-10-04T23:46:06.432+0000] {processor.py:914} INFO - Processing file /home/airflow/.local/lib/python3.12/site-packages/airflow/example_dags/example_external_task_marker_dag.py for tasks to queue
[2024-10-04T23:46:06.436+0000] {logging_mixin.py:190} INFO - [2024-10-04T23:46:06.435+0000] {dagbag.py:587} INFO - Filling up the DagBag from /home/airflow/.local/lib/python3.12/site-packages/airflow/example_dags/example_external_task_marker_dag.py
[2024-10-04T23:46:06.448+0000] {processor.py:925} INFO - DAG(s) 'example_external_task_marker_child', 'example_external_task_marker_parent' retrieved from /home/airflow/.local/lib/python3.12/site-packages/airflow/example_dags/example_external_task_marker_dag.py
[2024-10-04T23:46:06.481+0000] {logging_mixin.py:190} INFO - [2024-10-04T23:46:06.481+0000] {dag.py:3229} INFO - Sync 2 DAGs
[2024-10-04T23:46:06.502+0000] {logging_mixin.py:190} INFO - [2024-10-04T23:46:06.502+0000] {dag.py:4156} INFO - Setting next_dagrun for example_external_task_marker_child to None, run_after=None
[2024-10-04T23:46:06.507+0000] {logging_mixin.py:190} INFO - [2024-10-04T23:46:06.507+0000] {dag.py:4156} INFO - Setting next_dagrun for example_external_task_marker_parent to None, run_after=None
[2024-10-04T23:46:06.535+0000] {processor.py:208} INFO - Processing /home/airflow/.local/lib/python3.12/site-packages/airflow/example_dags/example_external_task_marker_dag.py took 0.113 seconds
[2024-10-04T23:46:37.733+0000] {processor.py:186} INFO - Started process (PID=1211) to work on /home/airflow/.local/lib/python3.12/site-packages/airflow/example_dags/example_external_task_marker_dag.py
[2024-10-04T23:46:37.735+0000] {processor.py:914} INFO - Processing file /home/airflow/.local/lib/python3.12/site-packages/airflow/example_dags/example_external_task_marker_dag.py for tasks to queue
[2024-10-04T23:46:37.738+0000] {logging_mixin.py:190} INFO - [2024-10-04T23:46:37.737+0000] {dagbag.py:587} INFO - Filling up the DagBag from /home/airflow/.local/lib/python3.12/site-packages/airflow/example_dags/example_external_task_marker_dag.py
[2024-10-04T23:46:37.748+0000] {processor.py:925} INFO - DAG(s) 'example_external_task_marker_parent', 'example_external_task_marker_child' retrieved from /home/airflow/.local/lib/python3.12/site-packages/airflow/example_dags/example_external_task_marker_dag.py
[2024-10-04T23:46:37.778+0000] {logging_mixin.py:190} INFO - [2024-10-04T23:46:37.777+0000] {dag.py:3229} INFO - Sync 2 DAGs
[2024-10-04T23:46:37.797+0000] {logging_mixin.py:190} INFO - [2024-10-04T23:46:37.797+0000] {dag.py:4156} INFO - Setting next_dagrun for example_external_task_marker_child to None, run_after=None
[2024-10-04T23:46:37.803+0000] {logging_mixin.py:190} INFO - [2024-10-04T23:46:37.803+0000] {dag.py:4156} INFO - Setting next_dagrun for example_external_task_marker_parent to None, run_after=None
[2024-10-04T23:46:37.831+0000] {processor.py:208} INFO - Processing /home/airflow/.local/lib/python3.12/site-packages/airflow/example_dags/example_external_task_marker_dag.py took 0.109 seconds
[2024-10-04T23:47:08.519+0000] {processor.py:186} INFO - Started process (PID=1272) to work on /home/airflow/.local/lib/python3.12/site-packages/airflow/example_dags/example_external_task_marker_dag.py
[2024-10-04T23:47:08.521+0000] {processor.py:914} INFO - Processing file /home/airflow/.local/lib/python3.12/site-packages/airflow/example_dags/example_external_task_marker_dag.py for tasks to queue
[2024-10-04T23:47:08.524+0000] {logging_mixin.py:190} INFO - [2024-10-04T23:47:08.523+0000] {dagbag.py:587} INFO - Filling up the DagBag from /home/airflow/.local/lib/python3.12/site-packages/airflow/example_dags/example_external_task_marker_dag.py
[2024-10-04T23:47:08.534+0000] {processor.py:925} INFO - DAG(s) 'example_external_task_marker_parent', 'example_external_task_marker_child' retrieved from /home/airflow/.local/lib/python3.12/site-packages/airflow/example_dags/example_external_task_marker_dag.py
[2024-10-04T23:47:08.564+0000] {logging_mixin.py:190} INFO - [2024-10-04T23:47:08.564+0000] {dag.py:3229} INFO - Sync 2 DAGs
[2024-10-04T23:47:08.588+0000] {logging_mixin.py:190} INFO - [2024-10-04T23:47:08.587+0000] {dag.py:4156} INFO - Setting next_dagrun for example_external_task_marker_child to None, run_after=None
[2024-10-04T23:47:08.593+0000] {logging_mixin.py:190} INFO - [2024-10-04T23:47:08.592+0000] {dag.py:4156} INFO - Setting next_dagrun for example_external_task_marker_parent to None, run_after=None
[2024-10-04T23:47:08.618+0000] {processor.py:208} INFO - Processing /home/airflow/.local/lib/python3.12/site-packages/airflow/example_dags/example_external_task_marker_dag.py took 0.109 seconds
[2024-10-04T23:47:39.044+0000] {processor.py:186} INFO - Started process (PID=1333) to work on /home/airflow/.local/lib/python3.12/site-packages/airflow/example_dags/example_external_task_marker_dag.py
[2024-10-04T23:47:39.045+0000] {processor.py:914} INFO - Processing file /home/airflow/.local/lib/python3.12/site-packages/airflow/example_dags/example_external_task_marker_dag.py for tasks to queue
[2024-10-04T23:47:39.050+0000] {logging_mixin.py:190} INFO - [2024-10-04T23:47:39.049+0000] {dagbag.py:587} INFO - Filling up the DagBag from /home/airflow/.local/lib/python3.12/site-packages/airflow/example_dags/example_external_task_marker_dag.py
[2024-10-04T23:47:39.061+0000] {processor.py:925} INFO - DAG(s) 'example_external_task_marker_parent', 'example_external_task_marker_child' retrieved from /home/airflow/.local/lib/python3.12/site-packages/airflow/example_dags/example_external_task_marker_dag.py
[2024-10-04T23:47:39.096+0000] {logging_mixin.py:190} INFO - [2024-10-04T23:47:39.095+0000] {dag.py:3229} INFO - Sync 2 DAGs
[2024-10-04T23:47:39.122+0000] {logging_mixin.py:190} INFO - [2024-10-04T23:47:39.122+0000] {dag.py:4156} INFO - Setting next_dagrun for example_external_task_marker_child to None, run_after=None
[2024-10-04T23:47:39.128+0000] {logging_mixin.py:190} INFO - [2024-10-04T23:47:39.128+0000] {dag.py:4156} INFO - Setting next_dagrun for example_external_task_marker_parent to None, run_after=None
[2024-10-04T23:47:39.156+0000] {processor.py:208} INFO - Processing /home/airflow/.local/lib/python3.12/site-packages/airflow/example_dags/example_external_task_marker_dag.py took 0.121 seconds
[2024-10-04T23:48:10.210+0000] {processor.py:186} INFO - Started process (PID=1395) to work on /home/airflow/.local/lib/python3.12/site-packages/airflow/example_dags/example_external_task_marker_dag.py
[2024-10-04T23:48:10.212+0000] {processor.py:914} INFO - Processing file /home/airflow/.local/lib/python3.12/site-packages/airflow/example_dags/example_external_task_marker_dag.py for tasks to queue
[2024-10-04T23:48:10.215+0000] {logging_mixin.py:190} INFO - [2024-10-04T23:48:10.215+0000] {dagbag.py:587} INFO - Filling up the DagBag from /home/airflow/.local/lib/python3.12/site-packages/airflow/example_dags/example_external_task_marker_dag.py
[2024-10-04T23:48:10.225+0000] {processor.py:925} INFO - DAG(s) 'example_external_task_marker_child', 'example_external_task_marker_parent' retrieved from /home/airflow/.local/lib/python3.12/site-packages/airflow/example_dags/example_external_task_marker_dag.py
[2024-10-04T23:48:10.262+0000] {logging_mixin.py:190} INFO - [2024-10-04T23:48:10.262+0000] {dag.py:3229} INFO - Sync 2 DAGs
[2024-10-04T23:48:10.283+0000] {logging_mixin.py:190} INFO - [2024-10-04T23:48:10.283+0000] {dag.py:4156} INFO - Setting next_dagrun for example_external_task_marker_child to None, run_after=None
[2024-10-04T23:48:10.288+0000] {logging_mixin.py:190} INFO - [2024-10-04T23:48:10.288+0000] {dag.py:4156} INFO - Setting next_dagrun for example_external_task_marker_parent to None, run_after=None
[2024-10-04T23:48:10.311+0000] {processor.py:208} INFO - Processing /home/airflow/.local/lib/python3.12/site-packages/airflow/example_dags/example_external_task_marker_dag.py took 0.111 seconds
[2024-10-04T23:48:40.578+0000] {processor.py:186} INFO - Started process (PID=1457) to work on /home/airflow/.local/lib/python3.12/site-packages/airflow/example_dags/example_external_task_marker_dag.py
[2024-10-04T23:48:40.579+0000] {processor.py:914} INFO - Processing file /home/airflow/.local/lib/python3.12/site-packages/airflow/example_dags/example_external_task_marker_dag.py for tasks to queue
[2024-10-04T23:48:40.582+0000] {logging_mixin.py:190} INFO - [2024-10-04T23:48:40.582+0000] {dagbag.py:587} INFO - Filling up the DagBag from /home/airflow/.local/lib/python3.12/site-packages/airflow/example_dags/example_external_task_marker_dag.py
[2024-10-04T23:48:40.594+0000] {processor.py:925} INFO - DAG(s) 'example_external_task_marker_parent', 'example_external_task_marker_child' retrieved from /home/airflow/.local/lib/python3.12/site-packages/airflow/example_dags/example_external_task_marker_dag.py
[2024-10-04T23:48:40.628+0000] {logging_mixin.py:190} INFO - [2024-10-04T23:48:40.627+0000] {dag.py:3229} INFO - Sync 2 DAGs
[2024-10-04T23:48:40.650+0000] {logging_mixin.py:190} INFO - [2024-10-04T23:48:40.650+0000] {dag.py:4156} INFO - Setting next_dagrun for example_external_task_marker_child to None, run_after=None
[2024-10-04T23:48:40.656+0000] {logging_mixin.py:190} INFO - [2024-10-04T23:48:40.655+0000] {dag.py:4156} INFO - Setting next_dagrun for example_external_task_marker_parent to None, run_after=None
[2024-10-04T23:48:40.681+0000] {processor.py:208} INFO - Processing /home/airflow/.local/lib/python3.12/site-packages/airflow/example_dags/example_external_task_marker_dag.py took 0.112 seconds
[2024-10-04T23:49:11.308+0000] {processor.py:186} INFO - Started process (PID=1527) to work on /home/airflow/.local/lib/python3.12/site-packages/airflow/example_dags/example_external_task_marker_dag.py
[2024-10-04T23:49:11.310+0000] {processor.py:914} INFO - Processing file /home/airflow/.local/lib/python3.12/site-packages/airflow/example_dags/example_external_task_marker_dag.py for tasks to queue
[2024-10-04T23:49:11.314+0000] {logging_mixin.py:190} INFO - [2024-10-04T23:49:11.313+0000] {dagbag.py:587} INFO - Filling up the DagBag from /home/airflow/.local/lib/python3.12/site-packages/airflow/example_dags/example_external_task_marker_dag.py
[2024-10-04T23:49:11.326+0000] {processor.py:925} INFO - DAG(s) 'example_external_task_marker_parent', 'example_external_task_marker_child' retrieved from /home/airflow/.local/lib/python3.12/site-packages/airflow/example_dags/example_external_task_marker_dag.py
[2024-10-04T23:49:11.362+0000] {logging_mixin.py:190} INFO - [2024-10-04T23:49:11.362+0000] {dag.py:3229} INFO - Sync 2 DAGs
[2024-10-04T23:49:11.387+0000] {logging_mixin.py:190} INFO - [2024-10-04T23:49:11.387+0000] {dag.py:4156} INFO - Setting next_dagrun for example_external_task_marker_child to None, run_after=None
[2024-10-04T23:49:11.392+0000] {logging_mixin.py:190} INFO - [2024-10-04T23:49:11.392+0000] {dag.py:4156} INFO - Setting next_dagrun for example_external_task_marker_parent to None, run_after=None
[2024-10-04T23:49:11.428+0000] {processor.py:208} INFO - Processing /home/airflow/.local/lib/python3.12/site-packages/airflow/example_dags/example_external_task_marker_dag.py took 0.130 seconds
[2024-10-04T23:49:41.519+0000] {processor.py:186} INFO - Started process (PID=1589) to work on /home/airflow/.local/lib/python3.12/site-packages/airflow/example_dags/example_external_task_marker_dag.py
[2024-10-04T23:49:41.521+0000] {processor.py:914} INFO - Processing file /home/airflow/.local/lib/python3.12/site-packages/airflow/example_dags/example_external_task_marker_dag.py for tasks to queue
[2024-10-04T23:49:41.524+0000] {logging_mixin.py:190} INFO - [2024-10-04T23:49:41.524+0000] {dagbag.py:587} INFO - Filling up the DagBag from /home/airflow/.local/lib/python3.12/site-packages/airflow/example_dags/example_external_task_marker_dag.py
[2024-10-04T23:49:41.535+0000] {processor.py:925} INFO - DAG(s) 'example_external_task_marker_child', 'example_external_task_marker_parent' retrieved from /home/airflow/.local/lib/python3.12/site-packages/airflow/example_dags/example_external_task_marker_dag.py
[2024-10-04T23:49:41.568+0000] {logging_mixin.py:190} INFO - [2024-10-04T23:49:41.567+0000] {dag.py:3229} INFO - Sync 2 DAGs
[2024-10-04T23:49:41.598+0000] {logging_mixin.py:190} INFO - [2024-10-04T23:49:41.597+0000] {dag.py:4156} INFO - Setting next_dagrun for example_external_task_marker_child to None, run_after=None
[2024-10-04T23:49:41.603+0000] {logging_mixin.py:190} INFO - [2024-10-04T23:49:41.603+0000] {dag.py:4156} INFO - Setting next_dagrun for example_external_task_marker_parent to None, run_after=None
[2024-10-04T23:49:41.640+0000] {processor.py:208} INFO - Processing /home/airflow/.local/lib/python3.12/site-packages/airflow/example_dags/example_external_task_marker_dag.py took 0.132 seconds
[2024-10-04T23:50:12.003+0000] {processor.py:186} INFO - Started process (PID=1650) to work on /home/airflow/.local/lib/python3.12/site-packages/airflow/example_dags/example_external_task_marker_dag.py
[2024-10-04T23:50:12.004+0000] {processor.py:914} INFO - Processing file /home/airflow/.local/lib/python3.12/site-packages/airflow/example_dags/example_external_task_marker_dag.py for tasks to queue
[2024-10-04T23:50:12.007+0000] {logging_mixin.py:190} INFO - [2024-10-04T23:50:12.007+0000] {dagbag.py:587} INFO - Filling up the DagBag from /home/airflow/.local/lib/python3.12/site-packages/airflow/example_dags/example_external_task_marker_dag.py
[2024-10-04T23:50:12.019+0000] {processor.py:925} INFO - DAG(s) 'example_external_task_marker_parent', 'example_external_task_marker_child' retrieved from /home/airflow/.local/lib/python3.12/site-packages/airflow/example_dags/example_external_task_marker_dag.py
[2024-10-04T23:50:12.054+0000] {logging_mixin.py:190} INFO - [2024-10-04T23:50:12.054+0000] {dag.py:3229} INFO - Sync 2 DAGs
[2024-10-04T23:50:12.082+0000] {logging_mixin.py:190} INFO - [2024-10-04T23:50:12.081+0000] {dag.py:4156} INFO - Setting next_dagrun for example_external_task_marker_child to None, run_after=None
[2024-10-04T23:50:12.092+0000] {logging_mixin.py:190} INFO - [2024-10-04T23:50:12.092+0000] {dag.py:4156} INFO - Setting next_dagrun for example_external_task_marker_parent to None, run_after=None
[2024-10-04T23:50:12.124+0000] {processor.py:208} INFO - Processing /home/airflow/.local/lib/python3.12/site-packages/airflow/example_dags/example_external_task_marker_dag.py took 0.129 seconds
[2024-10-04T23:50:42.233+0000] {processor.py:186} INFO - Started process (PID=1712) to work on /home/airflow/.local/lib/python3.12/site-packages/airflow/example_dags/example_external_task_marker_dag.py
[2024-10-04T23:50:42.235+0000] {processor.py:914} INFO - Processing file /home/airflow/.local/lib/python3.12/site-packages/airflow/example_dags/example_external_task_marker_dag.py for tasks to queue
[2024-10-04T23:50:42.239+0000] {logging_mixin.py:190} INFO - [2024-10-04T23:50:42.238+0000] {dagbag.py:587} INFO - Filling up the DagBag from /home/airflow/.local/lib/python3.12/site-packages/airflow/example_dags/example_external_task_marker_dag.py
[2024-10-04T23:50:42.253+0000] {processor.py:925} INFO - DAG(s) 'example_external_task_marker_parent', 'example_external_task_marker_child' retrieved from /home/airflow/.local/lib/python3.12/site-packages/airflow/example_dags/example_external_task_marker_dag.py
[2024-10-04T23:50:42.288+0000] {logging_mixin.py:190} INFO - [2024-10-04T23:50:42.288+0000] {dag.py:3229} INFO - Sync 2 DAGs
[2024-10-04T23:50:42.309+0000] {logging_mixin.py:190} INFO - [2024-10-04T23:50:42.309+0000] {dag.py:4156} INFO - Setting next_dagrun for example_external_task_marker_child to None, run_after=None
[2024-10-04T23:50:42.316+0000] {logging_mixin.py:190} INFO - [2024-10-04T23:50:42.315+0000] {dag.py:4156} INFO - Setting next_dagrun for example_external_task_marker_parent to None, run_after=None
[2024-10-04T23:50:42.351+0000] {processor.py:208} INFO - Processing /home/airflow/.local/lib/python3.12/site-packages/airflow/example_dags/example_external_task_marker_dag.py took 0.126 seconds
[2024-10-04T23:51:20.267+0000] {processor.py:186} INFO - Started process (PID=1775) to work on /home/airflow/.local/lib/python3.12/site-packages/airflow/example_dags/example_external_task_marker_dag.py
[2024-10-04T23:51:20.269+0000] {processor.py:914} INFO - Processing file /home/airflow/.local/lib/python3.12/site-packages/airflow/example_dags/example_external_task_marker_dag.py for tasks to queue
[2024-10-04T23:51:20.284+0000] {logging_mixin.py:190} INFO - [2024-10-04T23:51:20.283+0000] {dagbag.py:587} INFO - Filling up the DagBag from /home/airflow/.local/lib/python3.12/site-packages/airflow/example_dags/example_external_task_marker_dag.py
[2024-10-04T23:51:20.319+0000] {processor.py:925} INFO - DAG(s) 'example_external_task_marker_parent', 'example_external_task_marker_child' retrieved from /home/airflow/.local/lib/python3.12/site-packages/airflow/example_dags/example_external_task_marker_dag.py
[2024-10-04T23:51:20.445+0000] {logging_mixin.py:190} INFO - [2024-10-04T23:51:20.434+0000] {dag.py:3229} INFO - Sync 2 DAGs
[2024-10-04T23:51:20.546+0000] {logging_mixin.py:190} INFO - [2024-10-04T23:51:20.546+0000] {dag.py:4156} INFO - Setting next_dagrun for example_external_task_marker_child to None, run_after=None
[2024-10-04T23:51:20.564+0000] {logging_mixin.py:190} INFO - [2024-10-04T23:51:20.563+0000] {dag.py:4156} INFO - Setting next_dagrun for example_external_task_marker_parent to None, run_after=None
[2024-10-04T23:51:20.675+0000] {processor.py:208} INFO - Processing /home/airflow/.local/lib/python3.12/site-packages/airflow/example_dags/example_external_task_marker_dag.py took 0.434 seconds
[2024-10-04T23:51:52.817+0000] {processor.py:186} INFO - Started process (PID=1837) to work on /home/airflow/.local/lib/python3.12/site-packages/airflow/example_dags/example_external_task_marker_dag.py
[2024-10-04T23:51:52.820+0000] {processor.py:914} INFO - Processing file /home/airflow/.local/lib/python3.12/site-packages/airflow/example_dags/example_external_task_marker_dag.py for tasks to queue
[2024-10-04T23:51:52.852+0000] {logging_mixin.py:190} INFO - [2024-10-04T23:51:52.852+0000] {dagbag.py:587} INFO - Filling up the DagBag from /home/airflow/.local/lib/python3.12/site-packages/airflow/example_dags/example_external_task_marker_dag.py
[2024-10-04T23:51:52.898+0000] {processor.py:925} INFO - DAG(s) 'example_external_task_marker_child', 'example_external_task_marker_parent' retrieved from /home/airflow/.local/lib/python3.12/site-packages/airflow/example_dags/example_external_task_marker_dag.py
[2024-10-04T23:51:52.986+0000] {logging_mixin.py:190} INFO - [2024-10-04T23:51:52.986+0000] {dag.py:3229} INFO - Sync 2 DAGs
[2024-10-04T23:51:53.056+0000] {logging_mixin.py:190} INFO - [2024-10-04T23:51:53.055+0000] {dag.py:4156} INFO - Setting next_dagrun for example_external_task_marker_child to None, run_after=None
[2024-10-04T23:51:53.117+0000] {logging_mixin.py:190} INFO - [2024-10-04T23:51:53.117+0000] {dag.py:4156} INFO - Setting next_dagrun for example_external_task_marker_parent to None, run_after=None
[2024-10-04T23:51:53.203+0000] {processor.py:208} INFO - Processing /home/airflow/.local/lib/python3.12/site-packages/airflow/example_dags/example_external_task_marker_dag.py took 0.419 seconds
[2024-10-04T23:52:23.436+0000] {processor.py:186} INFO - Started process (PID=1899) to work on /home/airflow/.local/lib/python3.12/site-packages/airflow/example_dags/example_external_task_marker_dag.py
[2024-10-04T23:52:23.438+0000] {processor.py:914} INFO - Processing file /home/airflow/.local/lib/python3.12/site-packages/airflow/example_dags/example_external_task_marker_dag.py for tasks to queue
[2024-10-04T23:52:23.442+0000] {logging_mixin.py:190} INFO - [2024-10-04T23:52:23.441+0000] {dagbag.py:587} INFO - Filling up the DagBag from /home/airflow/.local/lib/python3.12/site-packages/airflow/example_dags/example_external_task_marker_dag.py
[2024-10-04T23:52:23.456+0000] {processor.py:925} INFO - DAG(s) 'example_external_task_marker_parent', 'example_external_task_marker_child' retrieved from /home/airflow/.local/lib/python3.12/site-packages/airflow/example_dags/example_external_task_marker_dag.py
[2024-10-04T23:52:23.520+0000] {logging_mixin.py:190} INFO - [2024-10-04T23:52:23.520+0000] {dag.py:3229} INFO - Sync 2 DAGs
[2024-10-04T23:52:23.565+0000] {logging_mixin.py:190} INFO - [2024-10-04T23:52:23.564+0000] {dag.py:4156} INFO - Setting next_dagrun for example_external_task_marker_child to None, run_after=None
[2024-10-04T23:52:23.582+0000] {logging_mixin.py:190} INFO - [2024-10-04T23:52:23.582+0000] {dag.py:4156} INFO - Setting next_dagrun for example_external_task_marker_parent to None, run_after=None
[2024-10-04T23:52:23.661+0000] {processor.py:208} INFO - Processing /home/airflow/.local/lib/python3.12/site-packages/airflow/example_dags/example_external_task_marker_dag.py took 0.234 seconds
[2024-10-04T23:52:53.729+0000] {processor.py:186} INFO - Started process (PID=1962) to work on /home/airflow/.local/lib/python3.12/site-packages/airflow/example_dags/example_external_task_marker_dag.py
[2024-10-04T23:52:53.731+0000] {processor.py:914} INFO - Processing file /home/airflow/.local/lib/python3.12/site-packages/airflow/example_dags/example_external_task_marker_dag.py for tasks to queue
[2024-10-04T23:52:53.735+0000] {logging_mixin.py:190} INFO - [2024-10-04T23:52:53.734+0000] {dagbag.py:587} INFO - Filling up the DagBag from /home/airflow/.local/lib/python3.12/site-packages/airflow/example_dags/example_external_task_marker_dag.py
[2024-10-04T23:52:53.756+0000] {processor.py:925} INFO - DAG(s) 'example_external_task_marker_parent', 'example_external_task_marker_child' retrieved from /home/airflow/.local/lib/python3.12/site-packages/airflow/example_dags/example_external_task_marker_dag.py
[2024-10-04T23:52:53.854+0000] {logging_mixin.py:190} INFO - [2024-10-04T23:52:53.854+0000] {dag.py:3229} INFO - Sync 2 DAGs
[2024-10-04T23:52:53.891+0000] {logging_mixin.py:190} INFO - [2024-10-04T23:52:53.891+0000] {dag.py:4156} INFO - Setting next_dagrun for example_external_task_marker_child to None, run_after=None
[2024-10-04T23:52:53.899+0000] {logging_mixin.py:190} INFO - [2024-10-04T23:52:53.898+0000] {dag.py:4156} INFO - Setting next_dagrun for example_external_task_marker_parent to None, run_after=None
[2024-10-04T23:52:53.946+0000] {processor.py:208} INFO - Processing /home/airflow/.local/lib/python3.12/site-packages/airflow/example_dags/example_external_task_marker_dag.py took 0.227 seconds
[2024-10-04T23:53:24.501+0000] {processor.py:186} INFO - Started process (PID=2024) to work on /home/airflow/.local/lib/python3.12/site-packages/airflow/example_dags/example_external_task_marker_dag.py
[2024-10-04T23:53:24.503+0000] {processor.py:914} INFO - Processing file /home/airflow/.local/lib/python3.12/site-packages/airflow/example_dags/example_external_task_marker_dag.py for tasks to queue
[2024-10-04T23:53:24.507+0000] {logging_mixin.py:190} INFO - [2024-10-04T23:53:24.506+0000] {dagbag.py:587} INFO - Filling up the DagBag from /home/airflow/.local/lib/python3.12/site-packages/airflow/example_dags/example_external_task_marker_dag.py
[2024-10-04T23:53:24.520+0000] {processor.py:925} INFO - DAG(s) 'example_external_task_marker_parent', 'example_external_task_marker_child' retrieved from /home/airflow/.local/lib/python3.12/site-packages/airflow/example_dags/example_external_task_marker_dag.py
[2024-10-04T23:53:24.562+0000] {logging_mixin.py:190} INFO - [2024-10-04T23:53:24.562+0000] {dag.py:3229} INFO - Sync 2 DAGs
[2024-10-04T23:53:24.585+0000] {logging_mixin.py:190} INFO - [2024-10-04T23:53:24.585+0000] {dag.py:4156} INFO - Setting next_dagrun for example_external_task_marker_child to None, run_after=None
[2024-10-04T23:53:24.593+0000] {logging_mixin.py:190} INFO - [2024-10-04T23:53:24.592+0000] {dag.py:4156} INFO - Setting next_dagrun for example_external_task_marker_parent to None, run_after=None
[2024-10-04T23:53:24.621+0000] {processor.py:208} INFO - Processing /home/airflow/.local/lib/python3.12/site-packages/airflow/example_dags/example_external_task_marker_dag.py took 0.129 seconds
[2024-10-04T23:53:54.764+0000] {processor.py:186} INFO - Started process (PID=2086) to work on /home/airflow/.local/lib/python3.12/site-packages/airflow/example_dags/example_external_task_marker_dag.py
[2024-10-04T23:53:54.765+0000] {processor.py:914} INFO - Processing file /home/airflow/.local/lib/python3.12/site-packages/airflow/example_dags/example_external_task_marker_dag.py for tasks to queue
[2024-10-04T23:53:54.769+0000] {logging_mixin.py:190} INFO - [2024-10-04T23:53:54.769+0000] {dagbag.py:587} INFO - Filling up the DagBag from /home/airflow/.local/lib/python3.12/site-packages/airflow/example_dags/example_external_task_marker_dag.py
[2024-10-04T23:53:54.784+0000] {processor.py:925} INFO - DAG(s) 'example_external_task_marker_child', 'example_external_task_marker_parent' retrieved from /home/airflow/.local/lib/python3.12/site-packages/airflow/example_dags/example_external_task_marker_dag.py
[2024-10-04T23:53:54.825+0000] {logging_mixin.py:190} INFO - [2024-10-04T23:53:54.824+0000] {dag.py:3229} INFO - Sync 2 DAGs
[2024-10-04T23:53:54.853+0000] {logging_mixin.py:190} INFO - [2024-10-04T23:53:54.853+0000] {dag.py:4156} INFO - Setting next_dagrun for example_external_task_marker_child to None, run_after=None
[2024-10-04T23:53:54.861+0000] {logging_mixin.py:190} INFO - [2024-10-04T23:53:54.861+0000] {dag.py:4156} INFO - Setting next_dagrun for example_external_task_marker_parent to None, run_after=None
[2024-10-04T23:53:54.906+0000] {processor.py:208} INFO - Processing /home/airflow/.local/lib/python3.12/site-packages/airflow/example_dags/example_external_task_marker_dag.py took 0.153 seconds
[2024-10-04T23:54:24.992+0000] {processor.py:186} INFO - Started process (PID=2147) to work on /home/airflow/.local/lib/python3.12/site-packages/airflow/example_dags/example_external_task_marker_dag.py
[2024-10-04T23:54:24.993+0000] {processor.py:914} INFO - Processing file /home/airflow/.local/lib/python3.12/site-packages/airflow/example_dags/example_external_task_marker_dag.py for tasks to queue
[2024-10-04T23:54:24.997+0000] {logging_mixin.py:190} INFO - [2024-10-04T23:54:24.996+0000] {dagbag.py:587} INFO - Filling up the DagBag from /home/airflow/.local/lib/python3.12/site-packages/airflow/example_dags/example_external_task_marker_dag.py
[2024-10-04T23:54:25.011+0000] {processor.py:925} INFO - DAG(s) 'example_external_task_marker_child', 'example_external_task_marker_parent' retrieved from /home/airflow/.local/lib/python3.12/site-packages/airflow/example_dags/example_external_task_marker_dag.py
[2024-10-04T23:54:25.043+0000] {logging_mixin.py:190} INFO - [2024-10-04T23:54:25.043+0000] {dag.py:3229} INFO - Sync 2 DAGs
[2024-10-04T23:54:25.070+0000] {logging_mixin.py:190} INFO - [2024-10-04T23:54:25.070+0000] {dag.py:4156} INFO - Setting next_dagrun for example_external_task_marker_child to None, run_after=None
[2024-10-04T23:54:25.077+0000] {logging_mixin.py:190} INFO - [2024-10-04T23:54:25.077+0000] {dag.py:4156} INFO - Setting next_dagrun for example_external_task_marker_parent to None, run_after=None
[2024-10-04T23:54:25.111+0000] {processor.py:208} INFO - Processing /home/airflow/.local/lib/python3.12/site-packages/airflow/example_dags/example_external_task_marker_dag.py took 0.127 seconds
[2024-10-04T23:54:56.544+0000] {processor.py:186} INFO - Started process (PID=2209) to work on /home/airflow/.local/lib/python3.12/site-packages/airflow/example_dags/example_external_task_marker_dag.py
[2024-10-04T23:54:56.546+0000] {processor.py:914} INFO - Processing file /home/airflow/.local/lib/python3.12/site-packages/airflow/example_dags/example_external_task_marker_dag.py for tasks to queue
[2024-10-04T23:54:56.550+0000] {logging_mixin.py:190} INFO - [2024-10-04T23:54:56.549+0000] {dagbag.py:587} INFO - Filling up the DagBag from /home/airflow/.local/lib/python3.12/site-packages/airflow/example_dags/example_external_task_marker_dag.py
[2024-10-04T23:54:56.563+0000] {processor.py:925} INFO - DAG(s) 'example_external_task_marker_child', 'example_external_task_marker_parent' retrieved from /home/airflow/.local/lib/python3.12/site-packages/airflow/example_dags/example_external_task_marker_dag.py
[2024-10-04T23:54:56.603+0000] {logging_mixin.py:190} INFO - [2024-10-04T23:54:56.603+0000] {dag.py:3229} INFO - Sync 2 DAGs
[2024-10-04T23:54:56.629+0000] {logging_mixin.py:190} INFO - [2024-10-04T23:54:56.629+0000] {dag.py:4156} INFO - Setting next_dagrun for example_external_task_marker_child to None, run_after=None
[2024-10-04T23:54:56.636+0000] {logging_mixin.py:190} INFO - [2024-10-04T23:54:56.636+0000] {dag.py:4156} INFO - Setting next_dagrun for example_external_task_marker_parent to None, run_after=None
[2024-10-04T23:54:56.674+0000] {processor.py:208} INFO - Processing /home/airflow/.local/lib/python3.12/site-packages/airflow/example_dags/example_external_task_marker_dag.py took 0.139 seconds
[2024-10-04T23:55:26.994+0000] {processor.py:186} INFO - Started process (PID=2271) to work on /home/airflow/.local/lib/python3.12/site-packages/airflow/example_dags/example_external_task_marker_dag.py
[2024-10-04T23:55:26.996+0000] {processor.py:914} INFO - Processing file /home/airflow/.local/lib/python3.12/site-packages/airflow/example_dags/example_external_task_marker_dag.py for tasks to queue
[2024-10-04T23:55:27.000+0000] {logging_mixin.py:190} INFO - [2024-10-04T23:55:26.999+0000] {dagbag.py:587} INFO - Filling up the DagBag from /home/airflow/.local/lib/python3.12/site-packages/airflow/example_dags/example_external_task_marker_dag.py
[2024-10-04T23:55:27.014+0000] {processor.py:925} INFO - DAG(s) 'example_external_task_marker_child', 'example_external_task_marker_parent' retrieved from /home/airflow/.local/lib/python3.12/site-packages/airflow/example_dags/example_external_task_marker_dag.py
[2024-10-04T23:55:27.059+0000] {logging_mixin.py:190} INFO - [2024-10-04T23:55:27.058+0000] {dag.py:3229} INFO - Sync 2 DAGs
[2024-10-04T23:55:27.101+0000] {logging_mixin.py:190} INFO - [2024-10-04T23:55:27.100+0000] {dag.py:4156} INFO - Setting next_dagrun for example_external_task_marker_child to None, run_after=None
[2024-10-04T23:55:27.113+0000] {logging_mixin.py:190} INFO - [2024-10-04T23:55:27.112+0000] {dag.py:4156} INFO - Setting next_dagrun for example_external_task_marker_parent to None, run_after=None
[2024-10-04T23:55:27.158+0000] {processor.py:208} INFO - Processing /home/airflow/.local/lib/python3.12/site-packages/airflow/example_dags/example_external_task_marker_dag.py took 0.174 seconds
[2024-10-04T23:55:57.209+0000] {processor.py:186} INFO - Started process (PID=2332) to work on /home/airflow/.local/lib/python3.12/site-packages/airflow/example_dags/example_external_task_marker_dag.py
[2024-10-04T23:55:57.210+0000] {processor.py:914} INFO - Processing file /home/airflow/.local/lib/python3.12/site-packages/airflow/example_dags/example_external_task_marker_dag.py for tasks to queue
[2024-10-04T23:55:57.215+0000] {logging_mixin.py:190} INFO - [2024-10-04T23:55:57.214+0000] {dagbag.py:587} INFO - Filling up the DagBag from /home/airflow/.local/lib/python3.12/site-packages/airflow/example_dags/example_external_task_marker_dag.py
[2024-10-04T23:55:57.227+0000] {processor.py:925} INFO - DAG(s) 'example_external_task_marker_parent', 'example_external_task_marker_child' retrieved from /home/airflow/.local/lib/python3.12/site-packages/airflow/example_dags/example_external_task_marker_dag.py
[2024-10-04T23:55:57.259+0000] {logging_mixin.py:190} INFO - [2024-10-04T23:55:57.258+0000] {dag.py:3229} INFO - Sync 2 DAGs
[2024-10-04T23:55:57.279+0000] {logging_mixin.py:190} INFO - [2024-10-04T23:55:57.279+0000] {dag.py:4156} INFO - Setting next_dagrun for example_external_task_marker_child to None, run_after=None
[2024-10-04T23:55:57.285+0000] {logging_mixin.py:190} INFO - [2024-10-04T23:55:57.285+0000] {dag.py:4156} INFO - Setting next_dagrun for example_external_task_marker_parent to None, run_after=None
[2024-10-04T23:55:57.312+0000] {processor.py:208} INFO - Processing /home/airflow/.local/lib/python3.12/site-packages/airflow/example_dags/example_external_task_marker_dag.py took 0.112 seconds
[2024-10-04T23:56:27.509+0000] {processor.py:186} INFO - Started process (PID=2394) to work on /home/airflow/.local/lib/python3.12/site-packages/airflow/example_dags/example_external_task_marker_dag.py
[2024-10-04T23:56:27.510+0000] {processor.py:914} INFO - Processing file /home/airflow/.local/lib/python3.12/site-packages/airflow/example_dags/example_external_task_marker_dag.py for tasks to queue
[2024-10-04T23:56:27.513+0000] {logging_mixin.py:190} INFO - [2024-10-04T23:56:27.513+0000] {dagbag.py:587} INFO - Filling up the DagBag from /home/airflow/.local/lib/python3.12/site-packages/airflow/example_dags/example_external_task_marker_dag.py
[2024-10-04T23:56:27.523+0000] {processor.py:925} INFO - DAG(s) 'example_external_task_marker_child', 'example_external_task_marker_parent' retrieved from /home/airflow/.local/lib/python3.12/site-packages/airflow/example_dags/example_external_task_marker_dag.py
[2024-10-04T23:56:27.554+0000] {logging_mixin.py:190} INFO - [2024-10-04T23:56:27.554+0000] {dag.py:3229} INFO - Sync 2 DAGs
[2024-10-04T23:56:27.574+0000] {logging_mixin.py:190} INFO - [2024-10-04T23:56:27.574+0000] {dag.py:4156} INFO - Setting next_dagrun for example_external_task_marker_child to None, run_after=None
[2024-10-04T23:56:27.579+0000] {logging_mixin.py:190} INFO - [2024-10-04T23:56:27.579+0000] {dag.py:4156} INFO - Setting next_dagrun for example_external_task_marker_parent to None, run_after=None
[2024-10-04T23:56:27.612+0000] {processor.py:208} INFO - Processing /home/airflow/.local/lib/python3.12/site-packages/airflow/example_dags/example_external_task_marker_dag.py took 0.111 seconds
[2024-10-04T23:56:57.863+0000] {processor.py:186} INFO - Started process (PID=2456) to work on /home/airflow/.local/lib/python3.12/site-packages/airflow/example_dags/example_external_task_marker_dag.py
[2024-10-04T23:56:57.864+0000] {processor.py:914} INFO - Processing file /home/airflow/.local/lib/python3.12/site-packages/airflow/example_dags/example_external_task_marker_dag.py for tasks to queue
[2024-10-04T23:56:57.868+0000] {logging_mixin.py:190} INFO - [2024-10-04T23:56:57.867+0000] {dagbag.py:587} INFO - Filling up the DagBag from /home/airflow/.local/lib/python3.12/site-packages/airflow/example_dags/example_external_task_marker_dag.py
[2024-10-04T23:56:57.878+0000] {processor.py:925} INFO - DAG(s) 'example_external_task_marker_child', 'example_external_task_marker_parent' retrieved from /home/airflow/.local/lib/python3.12/site-packages/airflow/example_dags/example_external_task_marker_dag.py
[2024-10-04T23:56:57.909+0000] {logging_mixin.py:190} INFO - [2024-10-04T23:56:57.909+0000] {dag.py:3229} INFO - Sync 2 DAGs
[2024-10-04T23:56:57.929+0000] {logging_mixin.py:190} INFO - [2024-10-04T23:56:57.929+0000] {dag.py:4156} INFO - Setting next_dagrun for example_external_task_marker_child to None, run_after=None
[2024-10-04T23:56:57.935+0000] {logging_mixin.py:190} INFO - [2024-10-04T23:56:57.934+0000] {dag.py:4156} INFO - Setting next_dagrun for example_external_task_marker_parent to None, run_after=None
[2024-10-04T23:56:57.963+0000] {processor.py:208} INFO - Processing /home/airflow/.local/lib/python3.12/site-packages/airflow/example_dags/example_external_task_marker_dag.py took 0.108 seconds
[2024-10-04T23:57:28.794+0000] {processor.py:186} INFO - Started process (PID=2518) to work on /home/airflow/.local/lib/python3.12/site-packages/airflow/example_dags/example_external_task_marker_dag.py
[2024-10-04T23:57:28.795+0000] {processor.py:914} INFO - Processing file /home/airflow/.local/lib/python3.12/site-packages/airflow/example_dags/example_external_task_marker_dag.py for tasks to queue
[2024-10-04T23:57:28.798+0000] {logging_mixin.py:190} INFO - [2024-10-04T23:57:28.797+0000] {dagbag.py:587} INFO - Filling up the DagBag from /home/airflow/.local/lib/python3.12/site-packages/airflow/example_dags/example_external_task_marker_dag.py
[2024-10-04T23:57:28.808+0000] {processor.py:925} INFO - DAG(s) 'example_external_task_marker_child', 'example_external_task_marker_parent' retrieved from /home/airflow/.local/lib/python3.12/site-packages/airflow/example_dags/example_external_task_marker_dag.py
[2024-10-04T23:57:28.837+0000] {logging_mixin.py:190} INFO - [2024-10-04T23:57:28.836+0000] {dag.py:3229} INFO - Sync 2 DAGs
[2024-10-04T23:57:28.856+0000] {logging_mixin.py:190} INFO - [2024-10-04T23:57:28.855+0000] {dag.py:4156} INFO - Setting next_dagrun for example_external_task_marker_child to None, run_after=None
[2024-10-04T23:57:28.862+0000] {logging_mixin.py:190} INFO - [2024-10-04T23:57:28.861+0000] {dag.py:4156} INFO - Setting next_dagrun for example_external_task_marker_parent to None, run_after=None
[2024-10-04T23:57:28.886+0000] {processor.py:208} INFO - Processing /home/airflow/.local/lib/python3.12/site-packages/airflow/example_dags/example_external_task_marker_dag.py took 0.100 seconds
[2024-10-04T23:57:59.729+0000] {processor.py:186} INFO - Started process (PID=2580) to work on /home/airflow/.local/lib/python3.12/site-packages/airflow/example_dags/example_external_task_marker_dag.py
[2024-10-04T23:57:59.731+0000] {processor.py:914} INFO - Processing file /home/airflow/.local/lib/python3.12/site-packages/airflow/example_dags/example_external_task_marker_dag.py for tasks to queue
[2024-10-04T23:57:59.735+0000] {logging_mixin.py:190} INFO - [2024-10-04T23:57:59.734+0000] {dagbag.py:587} INFO - Filling up the DagBag from /home/airflow/.local/lib/python3.12/site-packages/airflow/example_dags/example_external_task_marker_dag.py
[2024-10-04T23:57:59.744+0000] {processor.py:925} INFO - DAG(s) 'example_external_task_marker_parent', 'example_external_task_marker_child' retrieved from /home/airflow/.local/lib/python3.12/site-packages/airflow/example_dags/example_external_task_marker_dag.py
[2024-10-04T23:57:59.775+0000] {logging_mixin.py:190} INFO - [2024-10-04T23:57:59.774+0000] {dag.py:3229} INFO - Sync 2 DAGs
[2024-10-04T23:57:59.798+0000] {logging_mixin.py:190} INFO - [2024-10-04T23:57:59.797+0000] {dag.py:4156} INFO - Setting next_dagrun for example_external_task_marker_child to None, run_after=None
[2024-10-04T23:57:59.805+0000] {logging_mixin.py:190} INFO - [2024-10-04T23:57:59.805+0000] {dag.py:4156} INFO - Setting next_dagrun for example_external_task_marker_parent to None, run_after=None
[2024-10-04T23:57:59.834+0000] {processor.py:208} INFO - Processing /home/airflow/.local/lib/python3.12/site-packages/airflow/example_dags/example_external_task_marker_dag.py took 0.115 seconds
[2024-10-04T23:58:30.505+0000] {processor.py:186} INFO - Started process (PID=2643) to work on /home/airflow/.local/lib/python3.12/site-packages/airflow/example_dags/example_external_task_marker_dag.py
[2024-10-04T23:58:30.507+0000] {processor.py:914} INFO - Processing file /home/airflow/.local/lib/python3.12/site-packages/airflow/example_dags/example_external_task_marker_dag.py for tasks to queue
[2024-10-04T23:58:30.511+0000] {logging_mixin.py:190} INFO - [2024-10-04T23:58:30.510+0000] {dagbag.py:587} INFO - Filling up the DagBag from /home/airflow/.local/lib/python3.12/site-packages/airflow/example_dags/example_external_task_marker_dag.py
[2024-10-04T23:58:30.521+0000] {processor.py:925} INFO - DAG(s) 'example_external_task_marker_child', 'example_external_task_marker_parent' retrieved from /home/airflow/.local/lib/python3.12/site-packages/airflow/example_dags/example_external_task_marker_dag.py
[2024-10-04T23:58:30.550+0000] {logging_mixin.py:190} INFO - [2024-10-04T23:58:30.550+0000] {dag.py:3229} INFO - Sync 2 DAGs
[2024-10-04T23:58:30.571+0000] {logging_mixin.py:190} INFO - [2024-10-04T23:58:30.570+0000] {dag.py:4156} INFO - Setting next_dagrun for example_external_task_marker_child to None, run_after=None
[2024-10-04T23:58:30.576+0000] {logging_mixin.py:190} INFO - [2024-10-04T23:58:30.576+0000] {dag.py:4156} INFO - Setting next_dagrun for example_external_task_marker_parent to None, run_after=None
[2024-10-04T23:58:30.605+0000] {processor.py:208} INFO - Processing /home/airflow/.local/lib/python3.12/site-packages/airflow/example_dags/example_external_task_marker_dag.py took 0.110 seconds
[2024-10-04T23:59:01.154+0000] {processor.py:186} INFO - Started process (PID=2705) to work on /home/airflow/.local/lib/python3.12/site-packages/airflow/example_dags/example_external_task_marker_dag.py
[2024-10-04T23:59:01.156+0000] {processor.py:914} INFO - Processing file /home/airflow/.local/lib/python3.12/site-packages/airflow/example_dags/example_external_task_marker_dag.py for tasks to queue
[2024-10-04T23:59:01.159+0000] {logging_mixin.py:190} INFO - [2024-10-04T23:59:01.158+0000] {dagbag.py:587} INFO - Filling up the DagBag from /home/airflow/.local/lib/python3.12/site-packages/airflow/example_dags/example_external_task_marker_dag.py
[2024-10-04T23:59:01.168+0000] {processor.py:925} INFO - DAG(s) 'example_external_task_marker_parent', 'example_external_task_marker_child' retrieved from /home/airflow/.local/lib/python3.12/site-packages/airflow/example_dags/example_external_task_marker_dag.py
[2024-10-04T23:59:01.197+0000] {logging_mixin.py:190} INFO - [2024-10-04T23:59:01.197+0000] {dag.py:3229} INFO - Sync 2 DAGs
[2024-10-04T23:59:01.217+0000] {logging_mixin.py:190} INFO - [2024-10-04T23:59:01.216+0000] {dag.py:4156} INFO - Setting next_dagrun for example_external_task_marker_child to None, run_after=None
[2024-10-04T23:59:01.222+0000] {logging_mixin.py:190} INFO - [2024-10-04T23:59:01.222+0000] {dag.py:4156} INFO - Setting next_dagrun for example_external_task_marker_parent to None, run_after=None
[2024-10-04T23:59:01.246+0000] {processor.py:208} INFO - Processing /home/airflow/.local/lib/python3.12/site-packages/airflow/example_dags/example_external_task_marker_dag.py took 0.099 seconds
[2024-10-04T23:59:31.444+0000] {processor.py:186} INFO - Started process (PID=2767) to work on /home/airflow/.local/lib/python3.12/site-packages/airflow/example_dags/example_external_task_marker_dag.py
[2024-10-04T23:59:31.445+0000] {processor.py:914} INFO - Processing file /home/airflow/.local/lib/python3.12/site-packages/airflow/example_dags/example_external_task_marker_dag.py for tasks to queue
[2024-10-04T23:59:31.450+0000] {logging_mixin.py:190} INFO - [2024-10-04T23:59:31.449+0000] {dagbag.py:587} INFO - Filling up the DagBag from /home/airflow/.local/lib/python3.12/site-packages/airflow/example_dags/example_external_task_marker_dag.py
[2024-10-04T23:59:31.461+0000] {processor.py:925} INFO - DAG(s) 'example_external_task_marker_parent', 'example_external_task_marker_child' retrieved from /home/airflow/.local/lib/python3.12/site-packages/airflow/example_dags/example_external_task_marker_dag.py
[2024-10-04T23:59:31.502+0000] {logging_mixin.py:190} INFO - [2024-10-04T23:59:31.501+0000] {dag.py:3229} INFO - Sync 2 DAGs
[2024-10-04T23:59:31.532+0000] {logging_mixin.py:190} INFO - [2024-10-04T23:59:31.532+0000] {dag.py:4156} INFO - Setting next_dagrun for example_external_task_marker_child to None, run_after=None
[2024-10-04T23:59:31.540+0000] {logging_mixin.py:190} INFO - [2024-10-04T23:59:31.540+0000] {dag.py:4156} INFO - Setting next_dagrun for example_external_task_marker_parent to None, run_after=None
[2024-10-04T23:59:31.580+0000] {processor.py:208} INFO - Processing /home/airflow/.local/lib/python3.12/site-packages/airflow/example_dags/example_external_task_marker_dag.py took 0.148 seconds
