[2024-10-04T19:16:57.250+0000] {processor.py:186} INFO - Started process (PID=90) to work on /home/airflow/.local/lib/python3.12/site-packages/airflow/example_dags/example_nested_branch_dag.py
[2024-10-04T19:16:57.253+0000] {processor.py:914} INFO - Processing file /home/airflow/.local/lib/python3.12/site-packages/airflow/example_dags/example_nested_branch_dag.py for tasks to queue
[2024-10-04T19:16:57.260+0000] {logging_mixin.py:190} INFO - [2024-10-04T19:16:57.259+0000] {dagbag.py:587} INFO - Filling up the DagBag from /home/airflow/.local/lib/python3.12/site-packages/airflow/example_dags/example_nested_branch_dag.py
[2024-10-04T19:16:57.314+0000] {processor.py:925} INFO - DAG(s) 'example_nested_branch_dag' retrieved from /home/airflow/.local/lib/python3.12/site-packages/airflow/example_dags/example_nested_branch_dag.py
[2024-10-04T19:16:57.670+0000] {logging_mixin.py:190} INFO - [2024-10-04T19:16:57.669+0000] {override.py:1900} INFO - Created Permission View: can edit on DAG:example_nested_branch_dag
[2024-10-04T19:16:57.695+0000] {logging_mixin.py:190} INFO - [2024-10-04T19:16:57.695+0000] {override.py:1900} INFO - Created Permission View: can read on DAG:example_nested_branch_dag
[2024-10-04T19:16:57.738+0000] {logging_mixin.py:190} INFO - [2024-10-04T19:16:57.737+0000] {override.py:1900} INFO - Created Permission View: can delete on DAG:example_nested_branch_dag
[2024-10-04T19:16:57.776+0000] {logging_mixin.py:190} INFO - [2024-10-04T19:16:57.775+0000] {override.py:1900} INFO - Created Permission View: can read on DAG Run:example_nested_branch_dag
[2024-10-04T19:16:57.800+0000] {logging_mixin.py:190} INFO - [2024-10-04T19:16:57.799+0000] {override.py:1900} INFO - Created Permission View: can delete on DAG Run:example_nested_branch_dag
[2024-10-04T19:16:57.831+0000] {logging_mixin.py:190} INFO - [2024-10-04T19:16:57.830+0000] {override.py:1900} INFO - Created Permission View: can create on DAG Run:example_nested_branch_dag
[2024-10-04T19:16:57.866+0000] {logging_mixin.py:190} INFO - [2024-10-04T19:16:57.865+0000] {override.py:1900} INFO - Created Permission View: menu access on DAG Run:example_nested_branch_dag
[2024-10-04T19:16:57.870+0000] {logging_mixin.py:190} INFO - [2024-10-04T19:16:57.869+0000] {dag.py:3229} INFO - Sync 1 DAGs
[2024-10-04T19:16:57.912+0000] {logging_mixin.py:190} INFO - [2024-10-04T19:16:57.911+0000] {dag.py:3252} INFO - Creating ORM DAG for example_nested_branch_dag
[2024-10-04T19:16:57.969+0000] {logging_mixin.py:190} INFO - [2024-10-04T19:16:57.969+0000] {dag.py:4156} INFO - Setting next_dagrun for example_nested_branch_dag to 2024-10-03 00:00:00+00:00, run_after=2024-10-04 00:00:00+00:00
[2024-10-04T19:16:58.109+0000] {processor.py:208} INFO - Processing /home/airflow/.local/lib/python3.12/site-packages/airflow/example_dags/example_nested_branch_dag.py took 0.897 seconds
[2024-10-04T19:17:45.243+0000] {processor.py:186} INFO - Started process (PID=85) to work on /home/airflow/.local/lib/python3.12/site-packages/airflow/example_dags/example_nested_branch_dag.py
[2024-10-04T19:17:45.246+0000] {processor.py:914} INFO - Processing file /home/airflow/.local/lib/python3.12/site-packages/airflow/example_dags/example_nested_branch_dag.py for tasks to queue
[2024-10-04T19:17:45.250+0000] {logging_mixin.py:190} INFO - [2024-10-04T19:17:45.250+0000] {dagbag.py:587} INFO - Filling up the DagBag from /home/airflow/.local/lib/python3.12/site-packages/airflow/example_dags/example_nested_branch_dag.py
[2024-10-04T19:17:45.270+0000] {processor.py:925} INFO - DAG(s) 'example_nested_branch_dag' retrieved from /home/airflow/.local/lib/python3.12/site-packages/airflow/example_dags/example_nested_branch_dag.py
[2024-10-04T19:17:45.319+0000] {logging_mixin.py:190} INFO - [2024-10-04T19:17:45.319+0000] {dag.py:3229} INFO - Sync 1 DAGs
[2024-10-04T19:17:45.363+0000] {logging_mixin.py:190} INFO - [2024-10-04T19:17:45.363+0000] {dag.py:4156} INFO - Setting next_dagrun for example_nested_branch_dag to 2024-10-03 00:00:00+00:00, run_after=2024-10-04 00:00:00+00:00
[2024-10-04T19:17:45.403+0000] {processor.py:208} INFO - Processing /home/airflow/.local/lib/python3.12/site-packages/airflow/example_dags/example_nested_branch_dag.py took 0.169 seconds
[2024-10-04T19:18:16.271+0000] {processor.py:186} INFO - Started process (PID=146) to work on /home/airflow/.local/lib/python3.12/site-packages/airflow/example_dags/example_nested_branch_dag.py
[2024-10-04T19:18:16.274+0000] {processor.py:914} INFO - Processing file /home/airflow/.local/lib/python3.12/site-packages/airflow/example_dags/example_nested_branch_dag.py for tasks to queue
[2024-10-04T19:18:16.280+0000] {logging_mixin.py:190} INFO - [2024-10-04T19:18:16.279+0000] {dagbag.py:587} INFO - Filling up the DagBag from /home/airflow/.local/lib/python3.12/site-packages/airflow/example_dags/example_nested_branch_dag.py
[2024-10-04T19:18:16.302+0000] {processor.py:925} INFO - DAG(s) 'example_nested_branch_dag' retrieved from /home/airflow/.local/lib/python3.12/site-packages/airflow/example_dags/example_nested_branch_dag.py
[2024-10-04T19:18:16.355+0000] {logging_mixin.py:190} INFO - [2024-10-04T19:18:16.355+0000] {dag.py:3229} INFO - Sync 1 DAGs
[2024-10-04T19:18:16.421+0000] {logging_mixin.py:190} INFO - [2024-10-04T19:18:16.420+0000] {dag.py:4156} INFO - Setting next_dagrun for example_nested_branch_dag to 2024-10-03 00:00:00+00:00, run_after=2024-10-04 00:00:00+00:00
[2024-10-04T19:18:16.473+0000] {processor.py:208} INFO - Processing /home/airflow/.local/lib/python3.12/site-packages/airflow/example_dags/example_nested_branch_dag.py took 0.213 seconds
[2024-10-04T23:37:19.384+0000] {processor.py:186} INFO - Started process (PID=81) to work on /home/airflow/.local/lib/python3.12/site-packages/airflow/example_dags/example_nested_branch_dag.py
[2024-10-04T23:37:19.386+0000] {processor.py:914} INFO - Processing file /home/airflow/.local/lib/python3.12/site-packages/airflow/example_dags/example_nested_branch_dag.py for tasks to queue
[2024-10-04T23:37:19.393+0000] {logging_mixin.py:190} INFO - [2024-10-04T23:37:19.391+0000] {dagbag.py:587} INFO - Filling up the DagBag from /home/airflow/.local/lib/python3.12/site-packages/airflow/example_dags/example_nested_branch_dag.py
[2024-10-04T23:37:19.425+0000] {processor.py:925} INFO - DAG(s) 'example_nested_branch_dag' retrieved from /home/airflow/.local/lib/python3.12/site-packages/airflow/example_dags/example_nested_branch_dag.py
[2024-10-04T23:37:19.490+0000] {logging_mixin.py:190} INFO - [2024-10-04T23:37:19.489+0000] {dag.py:3229} INFO - Sync 1 DAGs
[2024-10-04T23:37:19.538+0000] {logging_mixin.py:190} INFO - [2024-10-04T23:37:19.538+0000] {dag.py:4156} INFO - Setting next_dagrun for example_nested_branch_dag to 2024-10-03 00:00:00+00:00, run_after=2024-10-04 00:00:00+00:00
[2024-10-04T23:37:19.581+0000] {processor.py:208} INFO - Processing /home/airflow/.local/lib/python3.12/site-packages/airflow/example_dags/example_nested_branch_dag.py took 0.217 seconds
[2024-10-04T23:37:50.529+0000] {processor.py:186} INFO - Started process (PID=143) to work on /home/airflow/.local/lib/python3.12/site-packages/airflow/example_dags/example_nested_branch_dag.py
[2024-10-04T23:37:50.533+0000] {processor.py:914} INFO - Processing file /home/airflow/.local/lib/python3.12/site-packages/airflow/example_dags/example_nested_branch_dag.py for tasks to queue
[2024-10-04T23:37:50.538+0000] {logging_mixin.py:190} INFO - [2024-10-04T23:37:50.537+0000] {dagbag.py:587} INFO - Filling up the DagBag from /home/airflow/.local/lib/python3.12/site-packages/airflow/example_dags/example_nested_branch_dag.py
[2024-10-04T23:37:50.562+0000] {processor.py:925} INFO - DAG(s) 'example_nested_branch_dag' retrieved from /home/airflow/.local/lib/python3.12/site-packages/airflow/example_dags/example_nested_branch_dag.py
[2024-10-04T23:37:50.607+0000] {logging_mixin.py:190} INFO - [2024-10-04T23:37:50.606+0000] {dag.py:3229} INFO - Sync 1 DAGs
[2024-10-04T23:37:50.659+0000] {logging_mixin.py:190} INFO - [2024-10-04T23:37:50.659+0000] {dag.py:4156} INFO - Setting next_dagrun for example_nested_branch_dag to 2024-10-03 00:00:00+00:00, run_after=2024-10-04 00:00:00+00:00
[2024-10-04T23:37:50.709+0000] {processor.py:208} INFO - Processing /home/airflow/.local/lib/python3.12/site-packages/airflow/example_dags/example_nested_branch_dag.py took 0.202 seconds
[2024-10-04T23:38:20.865+0000] {processor.py:186} INFO - Started process (PID=205) to work on /home/airflow/.local/lib/python3.12/site-packages/airflow/example_dags/example_nested_branch_dag.py
[2024-10-04T23:38:20.867+0000] {processor.py:914} INFO - Processing file /home/airflow/.local/lib/python3.12/site-packages/airflow/example_dags/example_nested_branch_dag.py for tasks to queue
[2024-10-04T23:38:20.870+0000] {logging_mixin.py:190} INFO - [2024-10-04T23:38:20.869+0000] {dagbag.py:587} INFO - Filling up the DagBag from /home/airflow/.local/lib/python3.12/site-packages/airflow/example_dags/example_nested_branch_dag.py
[2024-10-04T23:38:20.885+0000] {processor.py:925} INFO - DAG(s) 'example_nested_branch_dag' retrieved from /home/airflow/.local/lib/python3.12/site-packages/airflow/example_dags/example_nested_branch_dag.py
[2024-10-04T23:38:20.920+0000] {logging_mixin.py:190} INFO - [2024-10-04T23:38:20.920+0000] {dag.py:3229} INFO - Sync 1 DAGs
[2024-10-04T23:38:20.959+0000] {logging_mixin.py:190} INFO - [2024-10-04T23:38:20.959+0000] {dag.py:4156} INFO - Setting next_dagrun for example_nested_branch_dag to 2024-10-03 00:00:00+00:00, run_after=2024-10-04 00:00:00+00:00
[2024-10-04T23:38:21.001+0000] {processor.py:208} INFO - Processing /home/airflow/.local/lib/python3.12/site-packages/airflow/example_dags/example_nested_branch_dag.py took 0.144 seconds
[2024-10-04T23:38:51.066+0000] {processor.py:186} INFO - Started process (PID=267) to work on /home/airflow/.local/lib/python3.12/site-packages/airflow/example_dags/example_nested_branch_dag.py
[2024-10-04T23:38:51.068+0000] {processor.py:914} INFO - Processing file /home/airflow/.local/lib/python3.12/site-packages/airflow/example_dags/example_nested_branch_dag.py for tasks to queue
[2024-10-04T23:38:51.071+0000] {logging_mixin.py:190} INFO - [2024-10-04T23:38:51.070+0000] {dagbag.py:587} INFO - Filling up the DagBag from /home/airflow/.local/lib/python3.12/site-packages/airflow/example_dags/example_nested_branch_dag.py
[2024-10-04T23:38:51.094+0000] {processor.py:925} INFO - DAG(s) 'example_nested_branch_dag' retrieved from /home/airflow/.local/lib/python3.12/site-packages/airflow/example_dags/example_nested_branch_dag.py
[2024-10-04T23:38:51.126+0000] {logging_mixin.py:190} INFO - [2024-10-04T23:38:51.125+0000] {dag.py:3229} INFO - Sync 1 DAGs
[2024-10-04T23:38:51.164+0000] {logging_mixin.py:190} INFO - [2024-10-04T23:38:51.163+0000] {dag.py:4156} INFO - Setting next_dagrun for example_nested_branch_dag to 2024-10-03 00:00:00+00:00, run_after=2024-10-04 00:00:00+00:00
[2024-10-04T23:38:51.195+0000] {processor.py:208} INFO - Processing /home/airflow/.local/lib/python3.12/site-packages/airflow/example_dags/example_nested_branch_dag.py took 0.138 seconds
[2024-10-04T23:39:22.727+0000] {processor.py:186} INFO - Started process (PID=329) to work on /home/airflow/.local/lib/python3.12/site-packages/airflow/example_dags/example_nested_branch_dag.py
[2024-10-04T23:39:22.728+0000] {processor.py:914} INFO - Processing file /home/airflow/.local/lib/python3.12/site-packages/airflow/example_dags/example_nested_branch_dag.py for tasks to queue
[2024-10-04T23:39:22.733+0000] {logging_mixin.py:190} INFO - [2024-10-04T23:39:22.732+0000] {dagbag.py:587} INFO - Filling up the DagBag from /home/airflow/.local/lib/python3.12/site-packages/airflow/example_dags/example_nested_branch_dag.py
[2024-10-04T23:39:22.750+0000] {processor.py:925} INFO - DAG(s) 'example_nested_branch_dag' retrieved from /home/airflow/.local/lib/python3.12/site-packages/airflow/example_dags/example_nested_branch_dag.py
[2024-10-04T23:39:22.799+0000] {logging_mixin.py:190} INFO - [2024-10-04T23:39:22.799+0000] {dag.py:3229} INFO - Sync 1 DAGs
[2024-10-04T23:39:22.841+0000] {logging_mixin.py:190} INFO - [2024-10-04T23:39:22.840+0000] {dag.py:4156} INFO - Setting next_dagrun for example_nested_branch_dag to 2024-10-03 00:00:00+00:00, run_after=2024-10-04 00:00:00+00:00
[2024-10-04T23:39:22.885+0000] {processor.py:208} INFO - Processing /home/airflow/.local/lib/python3.12/site-packages/airflow/example_dags/example_nested_branch_dag.py took 0.168 seconds
[2024-10-04T23:39:53.408+0000] {processor.py:186} INFO - Started process (PID=391) to work on /home/airflow/.local/lib/python3.12/site-packages/airflow/example_dags/example_nested_branch_dag.py
[2024-10-04T23:39:53.410+0000] {processor.py:914} INFO - Processing file /home/airflow/.local/lib/python3.12/site-packages/airflow/example_dags/example_nested_branch_dag.py for tasks to queue
[2024-10-04T23:39:53.413+0000] {logging_mixin.py:190} INFO - [2024-10-04T23:39:53.413+0000] {dagbag.py:587} INFO - Filling up the DagBag from /home/airflow/.local/lib/python3.12/site-packages/airflow/example_dags/example_nested_branch_dag.py
[2024-10-04T23:39:53.431+0000] {processor.py:925} INFO - DAG(s) 'example_nested_branch_dag' retrieved from /home/airflow/.local/lib/python3.12/site-packages/airflow/example_dags/example_nested_branch_dag.py
[2024-10-04T23:39:53.465+0000] {logging_mixin.py:190} INFO - [2024-10-04T23:39:53.464+0000] {dag.py:3229} INFO - Sync 1 DAGs
[2024-10-04T23:39:53.504+0000] {logging_mixin.py:190} INFO - [2024-10-04T23:39:53.503+0000] {dag.py:4156} INFO - Setting next_dagrun for example_nested_branch_dag to 2024-10-03 00:00:00+00:00, run_after=2024-10-04 00:00:00+00:00
[2024-10-04T23:39:53.546+0000] {processor.py:208} INFO - Processing /home/airflow/.local/lib/python3.12/site-packages/airflow/example_dags/example_nested_branch_dag.py took 0.145 seconds
[2024-10-04T23:40:24.578+0000] {processor.py:186} INFO - Started process (PID=453) to work on /home/airflow/.local/lib/python3.12/site-packages/airflow/example_dags/example_nested_branch_dag.py
[2024-10-04T23:40:24.582+0000] {processor.py:914} INFO - Processing file /home/airflow/.local/lib/python3.12/site-packages/airflow/example_dags/example_nested_branch_dag.py for tasks to queue
[2024-10-04T23:40:24.593+0000] {logging_mixin.py:190} INFO - [2024-10-04T23:40:24.592+0000] {dagbag.py:587} INFO - Filling up the DagBag from /home/airflow/.local/lib/python3.12/site-packages/airflow/example_dags/example_nested_branch_dag.py
[2024-10-04T23:40:24.610+0000] {processor.py:925} INFO - DAG(s) 'example_nested_branch_dag' retrieved from /home/airflow/.local/lib/python3.12/site-packages/airflow/example_dags/example_nested_branch_dag.py
[2024-10-04T23:40:24.639+0000] {logging_mixin.py:190} INFO - [2024-10-04T23:40:24.639+0000] {dag.py:3229} INFO - Sync 1 DAGs
[2024-10-04T23:40:24.673+0000] {logging_mixin.py:190} INFO - [2024-10-04T23:40:24.672+0000] {dag.py:4156} INFO - Setting next_dagrun for example_nested_branch_dag to 2024-10-03 00:00:00+00:00, run_after=2024-10-04 00:00:00+00:00
[2024-10-04T23:40:24.703+0000] {processor.py:208} INFO - Processing /home/airflow/.local/lib/python3.12/site-packages/airflow/example_dags/example_nested_branch_dag.py took 0.142 seconds
[2024-10-04T23:40:54.822+0000] {processor.py:186} INFO - Started process (PID=515) to work on /home/airflow/.local/lib/python3.12/site-packages/airflow/example_dags/example_nested_branch_dag.py
[2024-10-04T23:40:54.823+0000] {processor.py:914} INFO - Processing file /home/airflow/.local/lib/python3.12/site-packages/airflow/example_dags/example_nested_branch_dag.py for tasks to queue
[2024-10-04T23:40:54.826+0000] {logging_mixin.py:190} INFO - [2024-10-04T23:40:54.826+0000] {dagbag.py:587} INFO - Filling up the DagBag from /home/airflow/.local/lib/python3.12/site-packages/airflow/example_dags/example_nested_branch_dag.py
[2024-10-04T23:40:54.841+0000] {processor.py:925} INFO - DAG(s) 'example_nested_branch_dag' retrieved from /home/airflow/.local/lib/python3.12/site-packages/airflow/example_dags/example_nested_branch_dag.py
[2024-10-04T23:40:54.869+0000] {logging_mixin.py:190} INFO - [2024-10-04T23:40:54.868+0000] {dag.py:3229} INFO - Sync 1 DAGs
[2024-10-04T23:40:54.903+0000] {logging_mixin.py:190} INFO - [2024-10-04T23:40:54.902+0000] {dag.py:4156} INFO - Setting next_dagrun for example_nested_branch_dag to 2024-10-03 00:00:00+00:00, run_after=2024-10-04 00:00:00+00:00
[2024-10-04T23:40:54.929+0000] {processor.py:208} INFO - Processing /home/airflow/.local/lib/python3.12/site-packages/airflow/example_dags/example_nested_branch_dag.py took 0.117 seconds
[2024-10-04T23:41:25.191+0000] {processor.py:186} INFO - Started process (PID=577) to work on /home/airflow/.local/lib/python3.12/site-packages/airflow/example_dags/example_nested_branch_dag.py
[2024-10-04T23:41:25.193+0000] {processor.py:914} INFO - Processing file /home/airflow/.local/lib/python3.12/site-packages/airflow/example_dags/example_nested_branch_dag.py for tasks to queue
[2024-10-04T23:41:25.197+0000] {logging_mixin.py:190} INFO - [2024-10-04T23:41:25.197+0000] {dagbag.py:587} INFO - Filling up the DagBag from /home/airflow/.local/lib/python3.12/site-packages/airflow/example_dags/example_nested_branch_dag.py
[2024-10-04T23:41:25.213+0000] {processor.py:925} INFO - DAG(s) 'example_nested_branch_dag' retrieved from /home/airflow/.local/lib/python3.12/site-packages/airflow/example_dags/example_nested_branch_dag.py
[2024-10-04T23:41:25.244+0000] {logging_mixin.py:190} INFO - [2024-10-04T23:41:25.244+0000] {dag.py:3229} INFO - Sync 1 DAGs
[2024-10-04T23:41:25.277+0000] {logging_mixin.py:190} INFO - [2024-10-04T23:41:25.277+0000] {dag.py:4156} INFO - Setting next_dagrun for example_nested_branch_dag to 2024-10-03 00:00:00+00:00, run_after=2024-10-04 00:00:00+00:00
[2024-10-04T23:41:25.307+0000] {processor.py:208} INFO - Processing /home/airflow/.local/lib/python3.12/site-packages/airflow/example_dags/example_nested_branch_dag.py took 0.123 seconds
[2024-10-04T23:41:55.482+0000] {processor.py:186} INFO - Started process (PID=638) to work on /home/airflow/.local/lib/python3.12/site-packages/airflow/example_dags/example_nested_branch_dag.py
[2024-10-04T23:41:55.483+0000] {processor.py:914} INFO - Processing file /home/airflow/.local/lib/python3.12/site-packages/airflow/example_dags/example_nested_branch_dag.py for tasks to queue
[2024-10-04T23:41:55.486+0000] {logging_mixin.py:190} INFO - [2024-10-04T23:41:55.486+0000] {dagbag.py:587} INFO - Filling up the DagBag from /home/airflow/.local/lib/python3.12/site-packages/airflow/example_dags/example_nested_branch_dag.py
[2024-10-04T23:41:55.502+0000] {processor.py:925} INFO - DAG(s) 'example_nested_branch_dag' retrieved from /home/airflow/.local/lib/python3.12/site-packages/airflow/example_dags/example_nested_branch_dag.py
[2024-10-04T23:41:55.536+0000] {logging_mixin.py:190} INFO - [2024-10-04T23:41:55.536+0000] {dag.py:3229} INFO - Sync 1 DAGs
[2024-10-04T23:41:55.572+0000] {logging_mixin.py:190} INFO - [2024-10-04T23:41:55.572+0000] {dag.py:4156} INFO - Setting next_dagrun for example_nested_branch_dag to 2024-10-03 00:00:00+00:00, run_after=2024-10-04 00:00:00+00:00
[2024-10-04T23:41:55.609+0000] {processor.py:208} INFO - Processing /home/airflow/.local/lib/python3.12/site-packages/airflow/example_dags/example_nested_branch_dag.py took 0.136 seconds
[2024-10-04T23:42:26.948+0000] {processor.py:186} INFO - Started process (PID=700) to work on /home/airflow/.local/lib/python3.12/site-packages/airflow/example_dags/example_nested_branch_dag.py
[2024-10-04T23:42:26.950+0000] {processor.py:914} INFO - Processing file /home/airflow/.local/lib/python3.12/site-packages/airflow/example_dags/example_nested_branch_dag.py for tasks to queue
[2024-10-04T23:42:26.954+0000] {logging_mixin.py:190} INFO - [2024-10-04T23:42:26.954+0000] {dagbag.py:587} INFO - Filling up the DagBag from /home/airflow/.local/lib/python3.12/site-packages/airflow/example_dags/example_nested_branch_dag.py
[2024-10-04T23:42:26.982+0000] {processor.py:925} INFO - DAG(s) 'example_nested_branch_dag' retrieved from /home/airflow/.local/lib/python3.12/site-packages/airflow/example_dags/example_nested_branch_dag.py
[2024-10-04T23:42:27.045+0000] {logging_mixin.py:190} INFO - [2024-10-04T23:42:27.045+0000] {dag.py:3229} INFO - Sync 1 DAGs
[2024-10-04T23:42:27.108+0000] {logging_mixin.py:190} INFO - [2024-10-04T23:42:27.107+0000] {dag.py:4156} INFO - Setting next_dagrun for example_nested_branch_dag to 2024-10-03 00:00:00+00:00, run_after=2024-10-04 00:00:00+00:00
[2024-10-04T23:42:27.173+0000] {processor.py:208} INFO - Processing /home/airflow/.local/lib/python3.12/site-packages/airflow/example_dags/example_nested_branch_dag.py took 0.234 seconds
[2024-10-04T23:42:57.396+0000] {processor.py:186} INFO - Started process (PID=763) to work on /home/airflow/.local/lib/python3.12/site-packages/airflow/example_dags/example_nested_branch_dag.py
[2024-10-04T23:42:57.398+0000] {processor.py:914} INFO - Processing file /home/airflow/.local/lib/python3.12/site-packages/airflow/example_dags/example_nested_branch_dag.py for tasks to queue
[2024-10-04T23:42:57.401+0000] {logging_mixin.py:190} INFO - [2024-10-04T23:42:57.401+0000] {dagbag.py:587} INFO - Filling up the DagBag from /home/airflow/.local/lib/python3.12/site-packages/airflow/example_dags/example_nested_branch_dag.py
[2024-10-04T23:42:57.419+0000] {processor.py:925} INFO - DAG(s) 'example_nested_branch_dag' retrieved from /home/airflow/.local/lib/python3.12/site-packages/airflow/example_dags/example_nested_branch_dag.py
[2024-10-04T23:42:57.451+0000] {logging_mixin.py:190} INFO - [2024-10-04T23:42:57.451+0000] {dag.py:3229} INFO - Sync 1 DAGs
[2024-10-04T23:42:57.492+0000] {logging_mixin.py:190} INFO - [2024-10-04T23:42:57.491+0000] {dag.py:4156} INFO - Setting next_dagrun for example_nested_branch_dag to 2024-10-03 00:00:00+00:00, run_after=2024-10-04 00:00:00+00:00
[2024-10-04T23:42:57.564+0000] {processor.py:208} INFO - Processing /home/airflow/.local/lib/python3.12/site-packages/airflow/example_dags/example_nested_branch_dag.py took 0.176 seconds
[2024-10-04T23:43:28.118+0000] {processor.py:186} INFO - Started process (PID=825) to work on /home/airflow/.local/lib/python3.12/site-packages/airflow/example_dags/example_nested_branch_dag.py
[2024-10-04T23:43:28.120+0000] {processor.py:914} INFO - Processing file /home/airflow/.local/lib/python3.12/site-packages/airflow/example_dags/example_nested_branch_dag.py for tasks to queue
[2024-10-04T23:43:28.125+0000] {logging_mixin.py:190} INFO - [2024-10-04T23:43:28.124+0000] {dagbag.py:587} INFO - Filling up the DagBag from /home/airflow/.local/lib/python3.12/site-packages/airflow/example_dags/example_nested_branch_dag.py
[2024-10-04T23:43:28.156+0000] {processor.py:925} INFO - DAG(s) 'example_nested_branch_dag' retrieved from /home/airflow/.local/lib/python3.12/site-packages/airflow/example_dags/example_nested_branch_dag.py
[2024-10-04T23:43:28.198+0000] {logging_mixin.py:190} INFO - [2024-10-04T23:43:28.198+0000] {dag.py:3229} INFO - Sync 1 DAGs
[2024-10-04T23:43:28.239+0000] {logging_mixin.py:190} INFO - [2024-10-04T23:43:28.239+0000] {dag.py:4156} INFO - Setting next_dagrun for example_nested_branch_dag to 2024-10-03 00:00:00+00:00, run_after=2024-10-04 00:00:00+00:00
[2024-10-04T23:43:28.282+0000] {processor.py:208} INFO - Processing /home/airflow/.local/lib/python3.12/site-packages/airflow/example_dags/example_nested_branch_dag.py took 0.174 seconds
[2024-10-04T23:43:59.138+0000] {processor.py:186} INFO - Started process (PID=886) to work on /home/airflow/.local/lib/python3.12/site-packages/airflow/example_dags/example_nested_branch_dag.py
[2024-10-04T23:43:59.140+0000] {processor.py:914} INFO - Processing file /home/airflow/.local/lib/python3.12/site-packages/airflow/example_dags/example_nested_branch_dag.py for tasks to queue
[2024-10-04T23:43:59.144+0000] {logging_mixin.py:190} INFO - [2024-10-04T23:43:59.144+0000] {dagbag.py:587} INFO - Filling up the DagBag from /home/airflow/.local/lib/python3.12/site-packages/airflow/example_dags/example_nested_branch_dag.py
[2024-10-04T23:43:59.161+0000] {processor.py:925} INFO - DAG(s) 'example_nested_branch_dag' retrieved from /home/airflow/.local/lib/python3.12/site-packages/airflow/example_dags/example_nested_branch_dag.py
[2024-10-04T23:43:59.196+0000] {logging_mixin.py:190} INFO - [2024-10-04T23:43:59.195+0000] {dag.py:3229} INFO - Sync 1 DAGs
[2024-10-04T23:43:59.238+0000] {logging_mixin.py:190} INFO - [2024-10-04T23:43:59.237+0000] {dag.py:4156} INFO - Setting next_dagrun for example_nested_branch_dag to 2024-10-03 00:00:00+00:00, run_after=2024-10-04 00:00:00+00:00
[2024-10-04T23:43:59.286+0000] {processor.py:208} INFO - Processing /home/airflow/.local/lib/python3.12/site-packages/airflow/example_dags/example_nested_branch_dag.py took 0.158 seconds
[2024-10-04T23:44:29.482+0000] {processor.py:186} INFO - Started process (PID=948) to work on /home/airflow/.local/lib/python3.12/site-packages/airflow/example_dags/example_nested_branch_dag.py
[2024-10-04T23:44:29.483+0000] {processor.py:914} INFO - Processing file /home/airflow/.local/lib/python3.12/site-packages/airflow/example_dags/example_nested_branch_dag.py for tasks to queue
[2024-10-04T23:44:29.486+0000] {logging_mixin.py:190} INFO - [2024-10-04T23:44:29.486+0000] {dagbag.py:587} INFO - Filling up the DagBag from /home/airflow/.local/lib/python3.12/site-packages/airflow/example_dags/example_nested_branch_dag.py
[2024-10-04T23:44:29.500+0000] {processor.py:925} INFO - DAG(s) 'example_nested_branch_dag' retrieved from /home/airflow/.local/lib/python3.12/site-packages/airflow/example_dags/example_nested_branch_dag.py
[2024-10-04T23:44:29.528+0000] {logging_mixin.py:190} INFO - [2024-10-04T23:44:29.527+0000] {dag.py:3229} INFO - Sync 1 DAGs
[2024-10-04T23:44:29.557+0000] {logging_mixin.py:190} INFO - [2024-10-04T23:44:29.557+0000] {dag.py:4156} INFO - Setting next_dagrun for example_nested_branch_dag to 2024-10-03 00:00:00+00:00, run_after=2024-10-04 00:00:00+00:00
[2024-10-04T23:44:29.586+0000] {processor.py:208} INFO - Processing /home/airflow/.local/lib/python3.12/site-packages/airflow/example_dags/example_nested_branch_dag.py took 0.111 seconds
[2024-10-04T23:45:00.064+0000] {processor.py:186} INFO - Started process (PID=1010) to work on /home/airflow/.local/lib/python3.12/site-packages/airflow/example_dags/example_nested_branch_dag.py
[2024-10-04T23:45:00.066+0000] {processor.py:914} INFO - Processing file /home/airflow/.local/lib/python3.12/site-packages/airflow/example_dags/example_nested_branch_dag.py for tasks to queue
[2024-10-04T23:45:00.069+0000] {logging_mixin.py:190} INFO - [2024-10-04T23:45:00.068+0000] {dagbag.py:587} INFO - Filling up the DagBag from /home/airflow/.local/lib/python3.12/site-packages/airflow/example_dags/example_nested_branch_dag.py
[2024-10-04T23:45:00.086+0000] {processor.py:925} INFO - DAG(s) 'example_nested_branch_dag' retrieved from /home/airflow/.local/lib/python3.12/site-packages/airflow/example_dags/example_nested_branch_dag.py
[2024-10-04T23:45:00.115+0000] {logging_mixin.py:190} INFO - [2024-10-04T23:45:00.115+0000] {dag.py:3229} INFO - Sync 1 DAGs
[2024-10-04T23:45:00.159+0000] {logging_mixin.py:190} INFO - [2024-10-04T23:45:00.158+0000] {dag.py:4156} INFO - Setting next_dagrun for example_nested_branch_dag to 2024-10-03 00:00:00+00:00, run_after=2024-10-04 00:00:00+00:00
[2024-10-04T23:45:00.196+0000] {processor.py:208} INFO - Processing /home/airflow/.local/lib/python3.12/site-packages/airflow/example_dags/example_nested_branch_dag.py took 0.139 seconds
[2024-10-04T23:45:30.853+0000] {processor.py:186} INFO - Started process (PID=1072) to work on /home/airflow/.local/lib/python3.12/site-packages/airflow/example_dags/example_nested_branch_dag.py
[2024-10-04T23:45:30.855+0000] {processor.py:914} INFO - Processing file /home/airflow/.local/lib/python3.12/site-packages/airflow/example_dags/example_nested_branch_dag.py for tasks to queue
[2024-10-04T23:45:30.858+0000] {logging_mixin.py:190} INFO - [2024-10-04T23:45:30.857+0000] {dagbag.py:587} INFO - Filling up the DagBag from /home/airflow/.local/lib/python3.12/site-packages/airflow/example_dags/example_nested_branch_dag.py
[2024-10-04T23:45:30.878+0000] {processor.py:925} INFO - DAG(s) 'example_nested_branch_dag' retrieved from /home/airflow/.local/lib/python3.12/site-packages/airflow/example_dags/example_nested_branch_dag.py
[2024-10-04T23:45:30.914+0000] {logging_mixin.py:190} INFO - [2024-10-04T23:45:30.913+0000] {dag.py:3229} INFO - Sync 1 DAGs
[2024-10-04T23:45:30.960+0000] {logging_mixin.py:190} INFO - [2024-10-04T23:45:30.959+0000] {dag.py:4156} INFO - Setting next_dagrun for example_nested_branch_dag to 2024-10-03 00:00:00+00:00, run_after=2024-10-04 00:00:00+00:00
[2024-10-04T23:45:31.002+0000] {processor.py:208} INFO - Processing /home/airflow/.local/lib/python3.12/site-packages/airflow/example_dags/example_nested_branch_dag.py took 0.160 seconds
[2024-10-04T23:46:04.312+0000] {processor.py:186} INFO - Started process (PID=1134) to work on /home/airflow/.local/lib/python3.12/site-packages/airflow/example_dags/example_nested_branch_dag.py
[2024-10-04T23:46:04.314+0000] {processor.py:914} INFO - Processing file /home/airflow/.local/lib/python3.12/site-packages/airflow/example_dags/example_nested_branch_dag.py for tasks to queue
[2024-10-04T23:46:04.318+0000] {logging_mixin.py:190} INFO - [2024-10-04T23:46:04.317+0000] {dagbag.py:587} INFO - Filling up the DagBag from /home/airflow/.local/lib/python3.12/site-packages/airflow/example_dags/example_nested_branch_dag.py
[2024-10-04T23:46:04.337+0000] {processor.py:925} INFO - DAG(s) 'example_nested_branch_dag' retrieved from /home/airflow/.local/lib/python3.12/site-packages/airflow/example_dags/example_nested_branch_dag.py
[2024-10-04T23:46:04.383+0000] {logging_mixin.py:190} INFO - [2024-10-04T23:46:04.382+0000] {dag.py:3229} INFO - Sync 1 DAGs
[2024-10-04T23:46:04.431+0000] {logging_mixin.py:190} INFO - [2024-10-04T23:46:04.431+0000] {dag.py:4156} INFO - Setting next_dagrun for example_nested_branch_dag to 2024-10-03 00:00:00+00:00, run_after=2024-10-04 00:00:00+00:00
[2024-10-04T23:46:04.467+0000] {processor.py:208} INFO - Processing /home/airflow/.local/lib/python3.12/site-packages/airflow/example_dags/example_nested_branch_dag.py took 0.165 seconds
[2024-10-04T23:46:35.259+0000] {processor.py:186} INFO - Started process (PID=1196) to work on /home/airflow/.local/lib/python3.12/site-packages/airflow/example_dags/example_nested_branch_dag.py
[2024-10-04T23:46:35.261+0000] {processor.py:914} INFO - Processing file /home/airflow/.local/lib/python3.12/site-packages/airflow/example_dags/example_nested_branch_dag.py for tasks to queue
[2024-10-04T23:46:35.264+0000] {logging_mixin.py:190} INFO - [2024-10-04T23:46:35.264+0000] {dagbag.py:587} INFO - Filling up the DagBag from /home/airflow/.local/lib/python3.12/site-packages/airflow/example_dags/example_nested_branch_dag.py
[2024-10-04T23:46:35.286+0000] {processor.py:925} INFO - DAG(s) 'example_nested_branch_dag' retrieved from /home/airflow/.local/lib/python3.12/site-packages/airflow/example_dags/example_nested_branch_dag.py
[2024-10-04T23:46:35.335+0000] {logging_mixin.py:190} INFO - [2024-10-04T23:46:35.334+0000] {dag.py:3229} INFO - Sync 1 DAGs
[2024-10-04T23:46:35.389+0000] {logging_mixin.py:190} INFO - [2024-10-04T23:46:35.388+0000] {dag.py:4156} INFO - Setting next_dagrun for example_nested_branch_dag to 2024-10-03 00:00:00+00:00, run_after=2024-10-04 00:00:00+00:00
[2024-10-04T23:46:35.432+0000] {processor.py:208} INFO - Processing /home/airflow/.local/lib/python3.12/site-packages/airflow/example_dags/example_nested_branch_dag.py took 0.181 seconds
[2024-10-04T23:47:06.117+0000] {processor.py:186} INFO - Started process (PID=1257) to work on /home/airflow/.local/lib/python3.12/site-packages/airflow/example_dags/example_nested_branch_dag.py
[2024-10-04T23:47:06.120+0000] {processor.py:914} INFO - Processing file /home/airflow/.local/lib/python3.12/site-packages/airflow/example_dags/example_nested_branch_dag.py for tasks to queue
[2024-10-04T23:47:06.123+0000] {logging_mixin.py:190} INFO - [2024-10-04T23:47:06.123+0000] {dagbag.py:587} INFO - Filling up the DagBag from /home/airflow/.local/lib/python3.12/site-packages/airflow/example_dags/example_nested_branch_dag.py
[2024-10-04T23:47:06.140+0000] {processor.py:925} INFO - DAG(s) 'example_nested_branch_dag' retrieved from /home/airflow/.local/lib/python3.12/site-packages/airflow/example_dags/example_nested_branch_dag.py
[2024-10-04T23:47:06.173+0000] {logging_mixin.py:190} INFO - [2024-10-04T23:47:06.173+0000] {dag.py:3229} INFO - Sync 1 DAGs
[2024-10-04T23:47:06.213+0000] {logging_mixin.py:190} INFO - [2024-10-04T23:47:06.213+0000] {dag.py:4156} INFO - Setting next_dagrun for example_nested_branch_dag to 2024-10-03 00:00:00+00:00, run_after=2024-10-04 00:00:00+00:00
[2024-10-04T23:47:06.270+0000] {processor.py:208} INFO - Processing /home/airflow/.local/lib/python3.12/site-packages/airflow/example_dags/example_nested_branch_dag.py took 0.162 seconds
[2024-10-04T23:47:36.786+0000] {processor.py:186} INFO - Started process (PID=1318) to work on /home/airflow/.local/lib/python3.12/site-packages/airflow/example_dags/example_nested_branch_dag.py
[2024-10-04T23:47:36.787+0000] {processor.py:914} INFO - Processing file /home/airflow/.local/lib/python3.12/site-packages/airflow/example_dags/example_nested_branch_dag.py for tasks to queue
[2024-10-04T23:47:36.790+0000] {logging_mixin.py:190} INFO - [2024-10-04T23:47:36.790+0000] {dagbag.py:587} INFO - Filling up the DagBag from /home/airflow/.local/lib/python3.12/site-packages/airflow/example_dags/example_nested_branch_dag.py
[2024-10-04T23:47:36.804+0000] {processor.py:925} INFO - DAG(s) 'example_nested_branch_dag' retrieved from /home/airflow/.local/lib/python3.12/site-packages/airflow/example_dags/example_nested_branch_dag.py
[2024-10-04T23:47:36.831+0000] {logging_mixin.py:190} INFO - [2024-10-04T23:47:36.831+0000] {dag.py:3229} INFO - Sync 1 DAGs
[2024-10-04T23:47:36.862+0000] {logging_mixin.py:190} INFO - [2024-10-04T23:47:36.862+0000] {dag.py:4156} INFO - Setting next_dagrun for example_nested_branch_dag to 2024-10-03 00:00:00+00:00, run_after=2024-10-04 00:00:00+00:00
[2024-10-04T23:47:36.892+0000] {processor.py:208} INFO - Processing /home/airflow/.local/lib/python3.12/site-packages/airflow/example_dags/example_nested_branch_dag.py took 0.113 seconds
[2024-10-04T23:48:07.343+0000] {processor.py:186} INFO - Started process (PID=1380) to work on /home/airflow/.local/lib/python3.12/site-packages/airflow/example_dags/example_nested_branch_dag.py
[2024-10-04T23:48:07.345+0000] {processor.py:914} INFO - Processing file /home/airflow/.local/lib/python3.12/site-packages/airflow/example_dags/example_nested_branch_dag.py for tasks to queue
[2024-10-04T23:48:07.349+0000] {logging_mixin.py:190} INFO - [2024-10-04T23:48:07.348+0000] {dagbag.py:587} INFO - Filling up the DagBag from /home/airflow/.local/lib/python3.12/site-packages/airflow/example_dags/example_nested_branch_dag.py
[2024-10-04T23:48:07.363+0000] {processor.py:925} INFO - DAG(s) 'example_nested_branch_dag' retrieved from /home/airflow/.local/lib/python3.12/site-packages/airflow/example_dags/example_nested_branch_dag.py
[2024-10-04T23:48:07.391+0000] {logging_mixin.py:190} INFO - [2024-10-04T23:48:07.391+0000] {dag.py:3229} INFO - Sync 1 DAGs
[2024-10-04T23:48:07.428+0000] {logging_mixin.py:190} INFO - [2024-10-04T23:48:07.428+0000] {dag.py:4156} INFO - Setting next_dagrun for example_nested_branch_dag to 2024-10-03 00:00:00+00:00, run_after=2024-10-04 00:00:00+00:00
[2024-10-04T23:48:07.457+0000] {processor.py:208} INFO - Processing /home/airflow/.local/lib/python3.12/site-packages/airflow/example_dags/example_nested_branch_dag.py took 0.122 seconds
[2024-10-04T23:48:37.607+0000] {processor.py:186} INFO - Started process (PID=1442) to work on /home/airflow/.local/lib/python3.12/site-packages/airflow/example_dags/example_nested_branch_dag.py
[2024-10-04T23:48:37.608+0000] {processor.py:914} INFO - Processing file /home/airflow/.local/lib/python3.12/site-packages/airflow/example_dags/example_nested_branch_dag.py for tasks to queue
[2024-10-04T23:48:37.611+0000] {logging_mixin.py:190} INFO - [2024-10-04T23:48:37.610+0000] {dagbag.py:587} INFO - Filling up the DagBag from /home/airflow/.local/lib/python3.12/site-packages/airflow/example_dags/example_nested_branch_dag.py
[2024-10-04T23:48:37.625+0000] {processor.py:925} INFO - DAG(s) 'example_nested_branch_dag' retrieved from /home/airflow/.local/lib/python3.12/site-packages/airflow/example_dags/example_nested_branch_dag.py
[2024-10-04T23:48:37.653+0000] {logging_mixin.py:190} INFO - [2024-10-04T23:48:37.652+0000] {dag.py:3229} INFO - Sync 1 DAGs
[2024-10-04T23:48:37.686+0000] {logging_mixin.py:190} INFO - [2024-10-04T23:48:37.685+0000] {dag.py:4156} INFO - Setting next_dagrun for example_nested_branch_dag to 2024-10-03 00:00:00+00:00, run_after=2024-10-04 00:00:00+00:00
[2024-10-04T23:48:37.715+0000] {processor.py:208} INFO - Processing /home/airflow/.local/lib/python3.12/site-packages/airflow/example_dags/example_nested_branch_dag.py took 0.116 seconds
[2024-10-04T23:49:08.279+0000] {processor.py:186} INFO - Started process (PID=1505) to work on /home/airflow/.local/lib/python3.12/site-packages/airflow/example_dags/example_nested_branch_dag.py
[2024-10-04T23:49:08.281+0000] {processor.py:914} INFO - Processing file /home/airflow/.local/lib/python3.12/site-packages/airflow/example_dags/example_nested_branch_dag.py for tasks to queue
[2024-10-04T23:49:08.284+0000] {logging_mixin.py:190} INFO - [2024-10-04T23:49:08.284+0000] {dagbag.py:587} INFO - Filling up the DagBag from /home/airflow/.local/lib/python3.12/site-packages/airflow/example_dags/example_nested_branch_dag.py
[2024-10-04T23:49:08.305+0000] {processor.py:925} INFO - DAG(s) 'example_nested_branch_dag' retrieved from /home/airflow/.local/lib/python3.12/site-packages/airflow/example_dags/example_nested_branch_dag.py
[2024-10-04T23:49:08.342+0000] {logging_mixin.py:190} INFO - [2024-10-04T23:49:08.341+0000] {dag.py:3229} INFO - Sync 1 DAGs
[2024-10-04T23:49:08.385+0000] {logging_mixin.py:190} INFO - [2024-10-04T23:49:08.385+0000] {dag.py:4156} INFO - Setting next_dagrun for example_nested_branch_dag to 2024-10-03 00:00:00+00:00, run_after=2024-10-04 00:00:00+00:00
[2024-10-04T23:49:08.424+0000] {processor.py:208} INFO - Processing /home/airflow/.local/lib/python3.12/site-packages/airflow/example_dags/example_nested_branch_dag.py took 0.156 seconds
[2024-10-04T23:49:38.604+0000] {processor.py:186} INFO - Started process (PID=1569) to work on /home/airflow/.local/lib/python3.12/site-packages/airflow/example_dags/example_nested_branch_dag.py
[2024-10-04T23:49:38.605+0000] {processor.py:914} INFO - Processing file /home/airflow/.local/lib/python3.12/site-packages/airflow/example_dags/example_nested_branch_dag.py for tasks to queue
[2024-10-04T23:49:38.608+0000] {logging_mixin.py:190} INFO - [2024-10-04T23:49:38.608+0000] {dagbag.py:587} INFO - Filling up the DagBag from /home/airflow/.local/lib/python3.12/site-packages/airflow/example_dags/example_nested_branch_dag.py
[2024-10-04T23:49:38.622+0000] {processor.py:925} INFO - DAG(s) 'example_nested_branch_dag' retrieved from /home/airflow/.local/lib/python3.12/site-packages/airflow/example_dags/example_nested_branch_dag.py
[2024-10-04T23:49:38.651+0000] {logging_mixin.py:190} INFO - [2024-10-04T23:49:38.651+0000] {dag.py:3229} INFO - Sync 1 DAGs
[2024-10-04T23:49:38.682+0000] {logging_mixin.py:190} INFO - [2024-10-04T23:49:38.682+0000] {dag.py:4156} INFO - Setting next_dagrun for example_nested_branch_dag to 2024-10-03 00:00:00+00:00, run_after=2024-10-04 00:00:00+00:00
[2024-10-04T23:49:38.711+0000] {processor.py:208} INFO - Processing /home/airflow/.local/lib/python3.12/site-packages/airflow/example_dags/example_nested_branch_dag.py took 0.114 seconds
[2024-10-04T23:50:09.134+0000] {processor.py:186} INFO - Started process (PID=1630) to work on /home/airflow/.local/lib/python3.12/site-packages/airflow/example_dags/example_nested_branch_dag.py
[2024-10-04T23:50:09.136+0000] {processor.py:914} INFO - Processing file /home/airflow/.local/lib/python3.12/site-packages/airflow/example_dags/example_nested_branch_dag.py for tasks to queue
[2024-10-04T23:50:09.140+0000] {logging_mixin.py:190} INFO - [2024-10-04T23:50:09.139+0000] {dagbag.py:587} INFO - Filling up the DagBag from /home/airflow/.local/lib/python3.12/site-packages/airflow/example_dags/example_nested_branch_dag.py
[2024-10-04T23:50:09.159+0000] {processor.py:925} INFO - DAG(s) 'example_nested_branch_dag' retrieved from /home/airflow/.local/lib/python3.12/site-packages/airflow/example_dags/example_nested_branch_dag.py
[2024-10-04T23:50:09.191+0000] {logging_mixin.py:190} INFO - [2024-10-04T23:50:09.191+0000] {dag.py:3229} INFO - Sync 1 DAGs
[2024-10-04T23:50:09.229+0000] {logging_mixin.py:190} INFO - [2024-10-04T23:50:09.228+0000] {dag.py:4156} INFO - Setting next_dagrun for example_nested_branch_dag to 2024-10-03 00:00:00+00:00, run_after=2024-10-04 00:00:00+00:00
[2024-10-04T23:50:09.257+0000] {processor.py:208} INFO - Processing /home/airflow/.local/lib/python3.12/site-packages/airflow/example_dags/example_nested_branch_dag.py took 0.131 seconds
[2024-10-04T23:50:39.690+0000] {processor.py:186} INFO - Started process (PID=1692) to work on /home/airflow/.local/lib/python3.12/site-packages/airflow/example_dags/example_nested_branch_dag.py
[2024-10-04T23:50:39.691+0000] {processor.py:914} INFO - Processing file /home/airflow/.local/lib/python3.12/site-packages/airflow/example_dags/example_nested_branch_dag.py for tasks to queue
[2024-10-04T23:50:39.694+0000] {logging_mixin.py:190} INFO - [2024-10-04T23:50:39.694+0000] {dagbag.py:587} INFO - Filling up the DagBag from /home/airflow/.local/lib/python3.12/site-packages/airflow/example_dags/example_nested_branch_dag.py
[2024-10-04T23:50:39.708+0000] {processor.py:925} INFO - DAG(s) 'example_nested_branch_dag' retrieved from /home/airflow/.local/lib/python3.12/site-packages/airflow/example_dags/example_nested_branch_dag.py
[2024-10-04T23:50:39.741+0000] {logging_mixin.py:190} INFO - [2024-10-04T23:50:39.740+0000] {dag.py:3229} INFO - Sync 1 DAGs
[2024-10-04T23:50:39.776+0000] {logging_mixin.py:190} INFO - [2024-10-04T23:50:39.775+0000] {dag.py:4156} INFO - Setting next_dagrun for example_nested_branch_dag to 2024-10-03 00:00:00+00:00, run_after=2024-10-04 00:00:00+00:00
[2024-10-04T23:50:39.802+0000] {processor.py:208} INFO - Processing /home/airflow/.local/lib/python3.12/site-packages/airflow/example_dags/example_nested_branch_dag.py took 0.120 seconds
[2024-10-04T23:51:14.239+0000] {processor.py:186} INFO - Started process (PID=1760) to work on /home/airflow/.local/lib/python3.12/site-packages/airflow/example_dags/example_nested_branch_dag.py
[2024-10-04T23:51:14.246+0000] {processor.py:914} INFO - Processing file /home/airflow/.local/lib/python3.12/site-packages/airflow/example_dags/example_nested_branch_dag.py for tasks to queue
[2024-10-04T23:51:14.263+0000] {logging_mixin.py:190} INFO - [2024-10-04T23:51:14.263+0000] {dagbag.py:587} INFO - Filling up the DagBag from /home/airflow/.local/lib/python3.12/site-packages/airflow/example_dags/example_nested_branch_dag.py
[2024-10-04T23:51:14.319+0000] {processor.py:925} INFO - DAG(s) 'example_nested_branch_dag' retrieved from /home/airflow/.local/lib/python3.12/site-packages/airflow/example_dags/example_nested_branch_dag.py
[2024-10-04T23:51:14.428+0000] {logging_mixin.py:190} INFO - [2024-10-04T23:51:14.427+0000] {dag.py:3229} INFO - Sync 1 DAGs
[2024-10-04T23:51:14.619+0000] {logging_mixin.py:190} INFO - [2024-10-04T23:51:14.618+0000] {dag.py:4156} INFO - Setting next_dagrun for example_nested_branch_dag to 2024-10-03 00:00:00+00:00, run_after=2024-10-04 00:00:00+00:00
[2024-10-04T23:51:14.777+0000] {processor.py:208} INFO - Processing /home/airflow/.local/lib/python3.12/site-packages/airflow/example_dags/example_nested_branch_dag.py took 0.561 seconds
[2024-10-04T23:51:45.407+0000] {processor.py:186} INFO - Started process (PID=1822) to work on /home/airflow/.local/lib/python3.12/site-packages/airflow/example_dags/example_nested_branch_dag.py
[2024-10-04T23:51:45.412+0000] {processor.py:914} INFO - Processing file /home/airflow/.local/lib/python3.12/site-packages/airflow/example_dags/example_nested_branch_dag.py for tasks to queue
[2024-10-04T23:51:45.424+0000] {logging_mixin.py:190} INFO - [2024-10-04T23:51:45.424+0000] {dagbag.py:587} INFO - Filling up the DagBag from /home/airflow/.local/lib/python3.12/site-packages/airflow/example_dags/example_nested_branch_dag.py
[2024-10-04T23:51:45.487+0000] {processor.py:925} INFO - DAG(s) 'example_nested_branch_dag' retrieved from /home/airflow/.local/lib/python3.12/site-packages/airflow/example_dags/example_nested_branch_dag.py
[2024-10-04T23:51:45.559+0000] {logging_mixin.py:190} INFO - [2024-10-04T23:51:45.559+0000] {dag.py:3229} INFO - Sync 1 DAGs
[2024-10-04T23:51:45.670+0000] {logging_mixin.py:190} INFO - [2024-10-04T23:51:45.670+0000] {dag.py:4156} INFO - Setting next_dagrun for example_nested_branch_dag to 2024-10-03 00:00:00+00:00, run_after=2024-10-04 00:00:00+00:00
[2024-10-04T23:51:45.781+0000] {processor.py:208} INFO - Processing /home/airflow/.local/lib/python3.12/site-packages/airflow/example_dags/example_nested_branch_dag.py took 0.407 seconds
[2024-10-04T23:52:16.877+0000] {processor.py:186} INFO - Started process (PID=1884) to work on /home/airflow/.local/lib/python3.12/site-packages/airflow/example_dags/example_nested_branch_dag.py
[2024-10-04T23:52:16.879+0000] {processor.py:914} INFO - Processing file /home/airflow/.local/lib/python3.12/site-packages/airflow/example_dags/example_nested_branch_dag.py for tasks to queue
[2024-10-04T23:52:16.895+0000] {logging_mixin.py:190} INFO - [2024-10-04T23:52:16.894+0000] {dagbag.py:587} INFO - Filling up the DagBag from /home/airflow/.local/lib/python3.12/site-packages/airflow/example_dags/example_nested_branch_dag.py
[2024-10-04T23:52:16.972+0000] {processor.py:925} INFO - DAG(s) 'example_nested_branch_dag' retrieved from /home/airflow/.local/lib/python3.12/site-packages/airflow/example_dags/example_nested_branch_dag.py
[2024-10-04T23:52:17.086+0000] {logging_mixin.py:190} INFO - [2024-10-04T23:52:17.085+0000] {dag.py:3229} INFO - Sync 1 DAGs
[2024-10-04T23:52:17.234+0000] {logging_mixin.py:190} INFO - [2024-10-04T23:52:17.233+0000] {dag.py:4156} INFO - Setting next_dagrun for example_nested_branch_dag to 2024-10-03 00:00:00+00:00, run_after=2024-10-04 00:00:00+00:00
[2024-10-04T23:52:17.330+0000] {processor.py:208} INFO - Processing /home/airflow/.local/lib/python3.12/site-packages/airflow/example_dags/example_nested_branch_dag.py took 0.482 seconds
[2024-10-04T23:52:47.541+0000] {processor.py:186} INFO - Started process (PID=1947) to work on /home/airflow/.local/lib/python3.12/site-packages/airflow/example_dags/example_nested_branch_dag.py
[2024-10-04T23:52:47.546+0000] {processor.py:914} INFO - Processing file /home/airflow/.local/lib/python3.12/site-packages/airflow/example_dags/example_nested_branch_dag.py for tasks to queue
[2024-10-04T23:52:47.550+0000] {logging_mixin.py:190} INFO - [2024-10-04T23:52:47.549+0000] {dagbag.py:587} INFO - Filling up the DagBag from /home/airflow/.local/lib/python3.12/site-packages/airflow/example_dags/example_nested_branch_dag.py
[2024-10-04T23:52:47.588+0000] {processor.py:925} INFO - DAG(s) 'example_nested_branch_dag' retrieved from /home/airflow/.local/lib/python3.12/site-packages/airflow/example_dags/example_nested_branch_dag.py
[2024-10-04T23:52:47.639+0000] {logging_mixin.py:190} INFO - [2024-10-04T23:52:47.638+0000] {dag.py:3229} INFO - Sync 1 DAGs
[2024-10-04T23:52:47.687+0000] {logging_mixin.py:190} INFO - [2024-10-04T23:52:47.687+0000] {dag.py:4156} INFO - Setting next_dagrun for example_nested_branch_dag to 2024-10-03 00:00:00+00:00, run_after=2024-10-04 00:00:00+00:00
[2024-10-04T23:52:47.736+0000] {processor.py:208} INFO - Processing /home/airflow/.local/lib/python3.12/site-packages/airflow/example_dags/example_nested_branch_dag.py took 0.205 seconds
[2024-10-04T23:53:18.238+0000] {processor.py:186} INFO - Started process (PID=2009) to work on /home/airflow/.local/lib/python3.12/site-packages/airflow/example_dags/example_nested_branch_dag.py
[2024-10-04T23:53:18.240+0000] {processor.py:914} INFO - Processing file /home/airflow/.local/lib/python3.12/site-packages/airflow/example_dags/example_nested_branch_dag.py for tasks to queue
[2024-10-04T23:53:18.243+0000] {logging_mixin.py:190} INFO - [2024-10-04T23:53:18.242+0000] {dagbag.py:587} INFO - Filling up the DagBag from /home/airflow/.local/lib/python3.12/site-packages/airflow/example_dags/example_nested_branch_dag.py
[2024-10-04T23:53:18.260+0000] {processor.py:925} INFO - DAG(s) 'example_nested_branch_dag' retrieved from /home/airflow/.local/lib/python3.12/site-packages/airflow/example_dags/example_nested_branch_dag.py
[2024-10-04T23:53:18.290+0000] {logging_mixin.py:190} INFO - [2024-10-04T23:53:18.290+0000] {dag.py:3229} INFO - Sync 1 DAGs
[2024-10-04T23:53:18.330+0000] {logging_mixin.py:190} INFO - [2024-10-04T23:53:18.329+0000] {dag.py:4156} INFO - Setting next_dagrun for example_nested_branch_dag to 2024-10-03 00:00:00+00:00, run_after=2024-10-04 00:00:00+00:00
[2024-10-04T23:53:18.365+0000] {processor.py:208} INFO - Processing /home/airflow/.local/lib/python3.12/site-packages/airflow/example_dags/example_nested_branch_dag.py took 0.136 seconds
[2024-10-04T23:53:49.318+0000] {processor.py:186} INFO - Started process (PID=2071) to work on /home/airflow/.local/lib/python3.12/site-packages/airflow/example_dags/example_nested_branch_dag.py
[2024-10-04T23:53:49.320+0000] {processor.py:914} INFO - Processing file /home/airflow/.local/lib/python3.12/site-packages/airflow/example_dags/example_nested_branch_dag.py for tasks to queue
[2024-10-04T23:53:49.323+0000] {logging_mixin.py:190} INFO - [2024-10-04T23:53:49.322+0000] {dagbag.py:587} INFO - Filling up the DagBag from /home/airflow/.local/lib/python3.12/site-packages/airflow/example_dags/example_nested_branch_dag.py
[2024-10-04T23:53:49.340+0000] {processor.py:925} INFO - DAG(s) 'example_nested_branch_dag' retrieved from /home/airflow/.local/lib/python3.12/site-packages/airflow/example_dags/example_nested_branch_dag.py
[2024-10-04T23:53:49.367+0000] {logging_mixin.py:190} INFO - [2024-10-04T23:53:49.366+0000] {dag.py:3229} INFO - Sync 1 DAGs
[2024-10-04T23:53:49.401+0000] {logging_mixin.py:190} INFO - [2024-10-04T23:53:49.401+0000] {dag.py:4156} INFO - Setting next_dagrun for example_nested_branch_dag to 2024-10-03 00:00:00+00:00, run_after=2024-10-04 00:00:00+00:00
[2024-10-04T23:53:49.431+0000] {processor.py:208} INFO - Processing /home/airflow/.local/lib/python3.12/site-packages/airflow/example_dags/example_nested_branch_dag.py took 0.120 seconds
[2024-10-04T23:54:20.034+0000] {processor.py:186} INFO - Started process (PID=2133) to work on /home/airflow/.local/lib/python3.12/site-packages/airflow/example_dags/example_nested_branch_dag.py
[2024-10-04T23:54:20.035+0000] {processor.py:914} INFO - Processing file /home/airflow/.local/lib/python3.12/site-packages/airflow/example_dags/example_nested_branch_dag.py for tasks to queue
[2024-10-04T23:54:20.038+0000] {logging_mixin.py:190} INFO - [2024-10-04T23:54:20.038+0000] {dagbag.py:587} INFO - Filling up the DagBag from /home/airflow/.local/lib/python3.12/site-packages/airflow/example_dags/example_nested_branch_dag.py
[2024-10-04T23:54:20.061+0000] {processor.py:925} INFO - DAG(s) 'example_nested_branch_dag' retrieved from /home/airflow/.local/lib/python3.12/site-packages/airflow/example_dags/example_nested_branch_dag.py
[2024-10-04T23:54:20.100+0000] {logging_mixin.py:190} INFO - [2024-10-04T23:54:20.100+0000] {dag.py:3229} INFO - Sync 1 DAGs
[2024-10-04T23:54:20.143+0000] {logging_mixin.py:190} INFO - [2024-10-04T23:54:20.143+0000] {dag.py:4156} INFO - Setting next_dagrun for example_nested_branch_dag to 2024-10-03 00:00:00+00:00, run_after=2024-10-04 00:00:00+00:00
[2024-10-04T23:54:20.192+0000] {processor.py:208} INFO - Processing /home/airflow/.local/lib/python3.12/site-packages/airflow/example_dags/example_nested_branch_dag.py took 0.169 seconds
[2024-10-04T23:54:51.043+0000] {processor.py:186} INFO - Started process (PID=2195) to work on /home/airflow/.local/lib/python3.12/site-packages/airflow/example_dags/example_nested_branch_dag.py
[2024-10-04T23:54:51.044+0000] {processor.py:914} INFO - Processing file /home/airflow/.local/lib/python3.12/site-packages/airflow/example_dags/example_nested_branch_dag.py for tasks to queue
[2024-10-04T23:54:51.048+0000] {logging_mixin.py:190} INFO - [2024-10-04T23:54:51.047+0000] {dagbag.py:587} INFO - Filling up the DagBag from /home/airflow/.local/lib/python3.12/site-packages/airflow/example_dags/example_nested_branch_dag.py
[2024-10-04T23:54:51.065+0000] {processor.py:925} INFO - DAG(s) 'example_nested_branch_dag' retrieved from /home/airflow/.local/lib/python3.12/site-packages/airflow/example_dags/example_nested_branch_dag.py
[2024-10-04T23:54:51.096+0000] {logging_mixin.py:190} INFO - [2024-10-04T23:54:51.096+0000] {dag.py:3229} INFO - Sync 1 DAGs
[2024-10-04T23:54:51.132+0000] {logging_mixin.py:190} INFO - [2024-10-04T23:54:51.132+0000] {dag.py:4156} INFO - Setting next_dagrun for example_nested_branch_dag to 2024-10-03 00:00:00+00:00, run_after=2024-10-04 00:00:00+00:00
[2024-10-04T23:54:51.174+0000] {processor.py:208} INFO - Processing /home/airflow/.local/lib/python3.12/site-packages/airflow/example_dags/example_nested_branch_dag.py took 0.139 seconds
[2024-10-04T23:55:22.118+0000] {processor.py:186} INFO - Started process (PID=2257) to work on /home/airflow/.local/lib/python3.12/site-packages/airflow/example_dags/example_nested_branch_dag.py
[2024-10-04T23:55:22.120+0000] {processor.py:914} INFO - Processing file /home/airflow/.local/lib/python3.12/site-packages/airflow/example_dags/example_nested_branch_dag.py for tasks to queue
[2024-10-04T23:55:22.124+0000] {logging_mixin.py:190} INFO - [2024-10-04T23:55:22.123+0000] {dagbag.py:587} INFO - Filling up the DagBag from /home/airflow/.local/lib/python3.12/site-packages/airflow/example_dags/example_nested_branch_dag.py
[2024-10-04T23:55:22.146+0000] {processor.py:925} INFO - DAG(s) 'example_nested_branch_dag' retrieved from /home/airflow/.local/lib/python3.12/site-packages/airflow/example_dags/example_nested_branch_dag.py
[2024-10-04T23:55:22.179+0000] {logging_mixin.py:190} INFO - [2024-10-04T23:55:22.179+0000] {dag.py:3229} INFO - Sync 1 DAGs
[2024-10-04T23:55:22.224+0000] {logging_mixin.py:190} INFO - [2024-10-04T23:55:22.223+0000] {dag.py:4156} INFO - Setting next_dagrun for example_nested_branch_dag to 2024-10-03 00:00:00+00:00, run_after=2024-10-04 00:00:00+00:00
[2024-10-04T23:55:22.257+0000] {processor.py:208} INFO - Processing /home/airflow/.local/lib/python3.12/site-packages/airflow/example_dags/example_nested_branch_dag.py took 0.149 seconds
[2024-10-04T23:55:54.859+0000] {processor.py:186} INFO - Started process (PID=2319) to work on /home/airflow/.local/lib/python3.12/site-packages/airflow/example_dags/example_nested_branch_dag.py
[2024-10-04T23:55:54.860+0000] {processor.py:914} INFO - Processing file /home/airflow/.local/lib/python3.12/site-packages/airflow/example_dags/example_nested_branch_dag.py for tasks to queue
[2024-10-04T23:55:54.864+0000] {logging_mixin.py:190} INFO - [2024-10-04T23:55:54.863+0000] {dagbag.py:587} INFO - Filling up the DagBag from /home/airflow/.local/lib/python3.12/site-packages/airflow/example_dags/example_nested_branch_dag.py
[2024-10-04T23:55:54.879+0000] {processor.py:925} INFO - DAG(s) 'example_nested_branch_dag' retrieved from /home/airflow/.local/lib/python3.12/site-packages/airflow/example_dags/example_nested_branch_dag.py
[2024-10-04T23:55:54.912+0000] {logging_mixin.py:190} INFO - [2024-10-04T23:55:54.912+0000] {dag.py:3229} INFO - Sync 1 DAGs
[2024-10-04T23:55:54.956+0000] {logging_mixin.py:190} INFO - [2024-10-04T23:55:54.955+0000] {dag.py:4156} INFO - Setting next_dagrun for example_nested_branch_dag to 2024-10-03 00:00:00+00:00, run_after=2024-10-04 00:00:00+00:00
[2024-10-04T23:55:54.995+0000] {processor.py:208} INFO - Processing /home/airflow/.local/lib/python3.12/site-packages/airflow/example_dags/example_nested_branch_dag.py took 0.144 seconds
[2024-10-04T23:56:25.061+0000] {processor.py:186} INFO - Started process (PID=2381) to work on /home/airflow/.local/lib/python3.12/site-packages/airflow/example_dags/example_nested_branch_dag.py
[2024-10-04T23:56:25.062+0000] {processor.py:914} INFO - Processing file /home/airflow/.local/lib/python3.12/site-packages/airflow/example_dags/example_nested_branch_dag.py for tasks to queue
[2024-10-04T23:56:25.067+0000] {logging_mixin.py:190} INFO - [2024-10-04T23:56:25.066+0000] {dagbag.py:587} INFO - Filling up the DagBag from /home/airflow/.local/lib/python3.12/site-packages/airflow/example_dags/example_nested_branch_dag.py
[2024-10-04T23:56:25.086+0000] {processor.py:925} INFO - DAG(s) 'example_nested_branch_dag' retrieved from /home/airflow/.local/lib/python3.12/site-packages/airflow/example_dags/example_nested_branch_dag.py
[2024-10-04T23:56:25.120+0000] {logging_mixin.py:190} INFO - [2024-10-04T23:56:25.120+0000] {dag.py:3229} INFO - Sync 1 DAGs
[2024-10-04T23:56:25.165+0000] {logging_mixin.py:190} INFO - [2024-10-04T23:56:25.164+0000] {dag.py:4156} INFO - Setting next_dagrun for example_nested_branch_dag to 2024-10-03 00:00:00+00:00, run_after=2024-10-04 00:00:00+00:00
[2024-10-04T23:56:25.202+0000] {processor.py:208} INFO - Processing /home/airflow/.local/lib/python3.12/site-packages/airflow/example_dags/example_nested_branch_dag.py took 0.152 seconds
[2024-10-04T23:56:55.596+0000] {processor.py:186} INFO - Started process (PID=2443) to work on /home/airflow/.local/lib/python3.12/site-packages/airflow/example_dags/example_nested_branch_dag.py
[2024-10-04T23:56:55.597+0000] {processor.py:914} INFO - Processing file /home/airflow/.local/lib/python3.12/site-packages/airflow/example_dags/example_nested_branch_dag.py for tasks to queue
[2024-10-04T23:56:55.600+0000] {logging_mixin.py:190} INFO - [2024-10-04T23:56:55.600+0000] {dagbag.py:587} INFO - Filling up the DagBag from /home/airflow/.local/lib/python3.12/site-packages/airflow/example_dags/example_nested_branch_dag.py
[2024-10-04T23:56:55.621+0000] {processor.py:925} INFO - DAG(s) 'example_nested_branch_dag' retrieved from /home/airflow/.local/lib/python3.12/site-packages/airflow/example_dags/example_nested_branch_dag.py
[2024-10-04T23:56:55.650+0000] {logging_mixin.py:190} INFO - [2024-10-04T23:56:55.649+0000] {dag.py:3229} INFO - Sync 1 DAGs
[2024-10-04T23:56:55.686+0000] {logging_mixin.py:190} INFO - [2024-10-04T23:56:55.685+0000] {dag.py:4156} INFO - Setting next_dagrun for example_nested_branch_dag to 2024-10-03 00:00:00+00:00, run_after=2024-10-04 00:00:00+00:00
[2024-10-04T23:56:55.722+0000] {processor.py:208} INFO - Processing /home/airflow/.local/lib/python3.12/site-packages/airflow/example_dags/example_nested_branch_dag.py took 0.137 seconds
[2024-10-04T23:57:26.289+0000] {processor.py:186} INFO - Started process (PID=2505) to work on /home/airflow/.local/lib/python3.12/site-packages/airflow/example_dags/example_nested_branch_dag.py
[2024-10-04T23:57:26.291+0000] {processor.py:914} INFO - Processing file /home/airflow/.local/lib/python3.12/site-packages/airflow/example_dags/example_nested_branch_dag.py for tasks to queue
[2024-10-04T23:57:26.294+0000] {logging_mixin.py:190} INFO - [2024-10-04T23:57:26.294+0000] {dagbag.py:587} INFO - Filling up the DagBag from /home/airflow/.local/lib/python3.12/site-packages/airflow/example_dags/example_nested_branch_dag.py
[2024-10-04T23:57:26.309+0000] {processor.py:925} INFO - DAG(s) 'example_nested_branch_dag' retrieved from /home/airflow/.local/lib/python3.12/site-packages/airflow/example_dags/example_nested_branch_dag.py
[2024-10-04T23:57:26.339+0000] {logging_mixin.py:190} INFO - [2024-10-04T23:57:26.339+0000] {dag.py:3229} INFO - Sync 1 DAGs
[2024-10-04T23:57:26.369+0000] {logging_mixin.py:190} INFO - [2024-10-04T23:57:26.369+0000] {dag.py:4156} INFO - Setting next_dagrun for example_nested_branch_dag to 2024-10-03 00:00:00+00:00, run_after=2024-10-04 00:00:00+00:00
[2024-10-04T23:57:26.405+0000] {processor.py:208} INFO - Processing /home/airflow/.local/lib/python3.12/site-packages/airflow/example_dags/example_nested_branch_dag.py took 0.124 seconds
[2024-10-04T23:57:57.063+0000] {processor.py:186} INFO - Started process (PID=2567) to work on /home/airflow/.local/lib/python3.12/site-packages/airflow/example_dags/example_nested_branch_dag.py
[2024-10-04T23:57:57.064+0000] {processor.py:914} INFO - Processing file /home/airflow/.local/lib/python3.12/site-packages/airflow/example_dags/example_nested_branch_dag.py for tasks to queue
[2024-10-04T23:57:57.067+0000] {logging_mixin.py:190} INFO - [2024-10-04T23:57:57.067+0000] {dagbag.py:587} INFO - Filling up the DagBag from /home/airflow/.local/lib/python3.12/site-packages/airflow/example_dags/example_nested_branch_dag.py
[2024-10-04T23:57:57.089+0000] {processor.py:925} INFO - DAG(s) 'example_nested_branch_dag' retrieved from /home/airflow/.local/lib/python3.12/site-packages/airflow/example_dags/example_nested_branch_dag.py
[2024-10-04T23:57:57.128+0000] {logging_mixin.py:190} INFO - [2024-10-04T23:57:57.127+0000] {dag.py:3229} INFO - Sync 1 DAGs
[2024-10-04T23:57:57.173+0000] {logging_mixin.py:190} INFO - [2024-10-04T23:57:57.172+0000] {dag.py:4156} INFO - Setting next_dagrun for example_nested_branch_dag to 2024-10-03 00:00:00+00:00, run_after=2024-10-04 00:00:00+00:00
[2024-10-04T23:57:57.209+0000] {processor.py:208} INFO - Processing /home/airflow/.local/lib/python3.12/site-packages/airflow/example_dags/example_nested_branch_dag.py took 0.157 seconds
[2024-10-04T23:58:27.623+0000] {processor.py:186} INFO - Started process (PID=2629) to work on /home/airflow/.local/lib/python3.12/site-packages/airflow/example_dags/example_nested_branch_dag.py
[2024-10-04T23:58:27.624+0000] {processor.py:914} INFO - Processing file /home/airflow/.local/lib/python3.12/site-packages/airflow/example_dags/example_nested_branch_dag.py for tasks to queue
[2024-10-04T23:58:27.629+0000] {logging_mixin.py:190} INFO - [2024-10-04T23:58:27.628+0000] {dagbag.py:587} INFO - Filling up the DagBag from /home/airflow/.local/lib/python3.12/site-packages/airflow/example_dags/example_nested_branch_dag.py
[2024-10-04T23:58:27.649+0000] {processor.py:925} INFO - DAG(s) 'example_nested_branch_dag' retrieved from /home/airflow/.local/lib/python3.12/site-packages/airflow/example_dags/example_nested_branch_dag.py
[2024-10-04T23:58:27.677+0000] {logging_mixin.py:190} INFO - [2024-10-04T23:58:27.677+0000] {dag.py:3229} INFO - Sync 1 DAGs
[2024-10-04T23:58:27.711+0000] {logging_mixin.py:190} INFO - [2024-10-04T23:58:27.711+0000] {dag.py:4156} INFO - Setting next_dagrun for example_nested_branch_dag to 2024-10-03 00:00:00+00:00, run_after=2024-10-04 00:00:00+00:00
[2024-10-04T23:58:27.747+0000] {processor.py:208} INFO - Processing /home/airflow/.local/lib/python3.12/site-packages/airflow/example_dags/example_nested_branch_dag.py took 0.133 seconds
[2024-10-04T23:58:57.925+0000] {processor.py:186} INFO - Started process (PID=2692) to work on /home/airflow/.local/lib/python3.12/site-packages/airflow/example_dags/example_nested_branch_dag.py
[2024-10-04T23:58:57.926+0000] {processor.py:914} INFO - Processing file /home/airflow/.local/lib/python3.12/site-packages/airflow/example_dags/example_nested_branch_dag.py for tasks to queue
[2024-10-04T23:58:57.929+0000] {logging_mixin.py:190} INFO - [2024-10-04T23:58:57.929+0000] {dagbag.py:587} INFO - Filling up the DagBag from /home/airflow/.local/lib/python3.12/site-packages/airflow/example_dags/example_nested_branch_dag.py
[2024-10-04T23:58:57.950+0000] {processor.py:925} INFO - DAG(s) 'example_nested_branch_dag' retrieved from /home/airflow/.local/lib/python3.12/site-packages/airflow/example_dags/example_nested_branch_dag.py
[2024-10-04T23:58:57.986+0000] {logging_mixin.py:190} INFO - [2024-10-04T23:58:57.986+0000] {dag.py:3229} INFO - Sync 1 DAGs
[2024-10-04T23:58:58.023+0000] {logging_mixin.py:190} INFO - [2024-10-04T23:58:58.022+0000] {dag.py:4156} INFO - Setting next_dagrun for example_nested_branch_dag to 2024-10-03 00:00:00+00:00, run_after=2024-10-04 00:00:00+00:00
[2024-10-04T23:58:58.063+0000] {processor.py:208} INFO - Processing /home/airflow/.local/lib/python3.12/site-packages/airflow/example_dags/example_nested_branch_dag.py took 0.145 seconds
[2024-10-04T23:59:28.354+0000] {processor.py:186} INFO - Started process (PID=2752) to work on /home/airflow/.local/lib/python3.12/site-packages/airflow/example_dags/example_nested_branch_dag.py
[2024-10-04T23:59:28.355+0000] {processor.py:914} INFO - Processing file /home/airflow/.local/lib/python3.12/site-packages/airflow/example_dags/example_nested_branch_dag.py for tasks to queue
[2024-10-04T23:59:28.360+0000] {logging_mixin.py:190} INFO - [2024-10-04T23:59:28.359+0000] {dagbag.py:587} INFO - Filling up the DagBag from /home/airflow/.local/lib/python3.12/site-packages/airflow/example_dags/example_nested_branch_dag.py
[2024-10-04T23:59:28.379+0000] {processor.py:925} INFO - DAG(s) 'example_nested_branch_dag' retrieved from /home/airflow/.local/lib/python3.12/site-packages/airflow/example_dags/example_nested_branch_dag.py
[2024-10-04T23:59:28.410+0000] {logging_mixin.py:190} INFO - [2024-10-04T23:59:28.410+0000] {dag.py:3229} INFO - Sync 1 DAGs
[2024-10-04T23:59:28.461+0000] {logging_mixin.py:190} INFO - [2024-10-04T23:59:28.461+0000] {dag.py:4156} INFO - Setting next_dagrun for example_nested_branch_dag to 2024-10-03 00:00:00+00:00, run_after=2024-10-04 00:00:00+00:00
[2024-10-04T23:59:28.501+0000] {processor.py:208} INFO - Processing /home/airflow/.local/lib/python3.12/site-packages/airflow/example_dags/example_nested_branch_dag.py took 0.156 seconds
[2024-10-04T23:59:58.655+0000] {processor.py:186} INFO - Started process (PID=2814) to work on /home/airflow/.local/lib/python3.12/site-packages/airflow/example_dags/example_nested_branch_dag.py
[2024-10-04T23:59:58.656+0000] {processor.py:914} INFO - Processing file /home/airflow/.local/lib/python3.12/site-packages/airflow/example_dags/example_nested_branch_dag.py for tasks to queue
[2024-10-04T23:59:58.659+0000] {logging_mixin.py:190} INFO - [2024-10-04T23:59:58.659+0000] {dagbag.py:587} INFO - Filling up the DagBag from /home/airflow/.local/lib/python3.12/site-packages/airflow/example_dags/example_nested_branch_dag.py
[2024-10-04T23:59:58.677+0000] {processor.py:925} INFO - DAG(s) 'example_nested_branch_dag' retrieved from /home/airflow/.local/lib/python3.12/site-packages/airflow/example_dags/example_nested_branch_dag.py
[2024-10-04T23:59:58.706+0000] {logging_mixin.py:190} INFO - [2024-10-04T23:59:58.705+0000] {dag.py:3229} INFO - Sync 1 DAGs
[2024-10-04T23:59:58.742+0000] {logging_mixin.py:190} INFO - [2024-10-04T23:59:58.742+0000] {dag.py:4156} INFO - Setting next_dagrun for example_nested_branch_dag to 2024-10-03 00:00:00+00:00, run_after=2024-10-04 00:00:00+00:00
[2024-10-04T23:59:58.771+0000] {processor.py:208} INFO - Processing /home/airflow/.local/lib/python3.12/site-packages/airflow/example_dags/example_nested_branch_dag.py took 0.124 seconds
