[2024-10-04T19:16:42.217+0000] {processor.py:186} INFO - Started process (PID=77) to work on /home/airflow/.local/lib/python3.12/site-packages/airflow/example_dags/example_inlet_event_extra.py
[2024-10-04T19:16:42.242+0000] {processor.py:914} INFO - Processing file /home/airflow/.local/lib/python3.12/site-packages/airflow/example_dags/example_inlet_event_extra.py for tasks to queue
[2024-10-04T19:16:42.249+0000] {logging_mixin.py:190} INFO - [2024-10-04T19:16:42.248+0000] {dagbag.py:587} INFO - Filling up the DagBag from /home/airflow/.local/lib/python3.12/site-packages/airflow/example_dags/example_inlet_event_extra.py
[2024-10-04T19:16:44.841+0000] {processor.py:925} INFO - DAG(s) 'read_dataset_event', 'read_dataset_event_from_classic' retrieved from /home/airflow/.local/lib/python3.12/site-packages/airflow/example_dags/example_inlet_event_extra.py
[2024-10-04T19:16:45.329+0000] {logging_mixin.py:190} INFO - [2024-10-04T19:16:45.328+0000] {override.py:1900} INFO - Created Permission View: can edit on DAG:read_dataset_event
[2024-10-04T19:16:45.380+0000] {logging_mixin.py:190} INFO - [2024-10-04T19:16:45.378+0000] {override.py:1900} INFO - Created Permission View: can read on DAG:read_dataset_event
[2024-10-04T19:16:45.437+0000] {logging_mixin.py:190} INFO - [2024-10-04T19:16:45.436+0000] {override.py:1900} INFO - Created Permission View: can delete on DAG:read_dataset_event
[2024-10-04T19:16:45.482+0000] {logging_mixin.py:190} INFO - [2024-10-04T19:16:45.481+0000] {override.py:1900} INFO - Created Permission View: can read on DAG Run:read_dataset_event
[2024-10-04T19:16:45.513+0000] {logging_mixin.py:190} INFO - [2024-10-04T19:16:45.511+0000] {override.py:1900} INFO - Created Permission View: can delete on DAG Run:read_dataset_event
[2024-10-04T19:16:45.549+0000] {logging_mixin.py:190} INFO - [2024-10-04T19:16:45.548+0000] {override.py:1900} INFO - Created Permission View: can create on DAG Run:read_dataset_event
[2024-10-04T19:16:45.586+0000] {logging_mixin.py:190} INFO - [2024-10-04T19:16:45.585+0000] {override.py:1900} INFO - Created Permission View: menu access on DAG Run:read_dataset_event
[2024-10-04T19:16:45.751+0000] {logging_mixin.py:190} INFO - [2024-10-04T19:16:45.751+0000] {override.py:1900} INFO - Created Permission View: can edit on DAG:read_dataset_event_from_classic
[2024-10-04T19:16:45.785+0000] {logging_mixin.py:190} INFO - [2024-10-04T19:16:45.784+0000] {override.py:1900} INFO - Created Permission View: can read on DAG:read_dataset_event_from_classic
[2024-10-04T19:16:45.909+0000] {logging_mixin.py:190} INFO - [2024-10-04T19:16:45.909+0000] {override.py:1900} INFO - Created Permission View: can delete on DAG:read_dataset_event_from_classic
[2024-10-04T19:16:46.003+0000] {logging_mixin.py:190} INFO - [2024-10-04T19:16:46.003+0000] {override.py:1900} INFO - Created Permission View: can read on DAG Run:read_dataset_event_from_classic
[2024-10-04T19:16:46.062+0000] {logging_mixin.py:190} INFO - [2024-10-04T19:16:46.061+0000] {override.py:1900} INFO - Created Permission View: can delete on DAG Run:read_dataset_event_from_classic
[2024-10-04T19:16:46.148+0000] {logging_mixin.py:190} INFO - [2024-10-04T19:16:46.148+0000] {override.py:1900} INFO - Created Permission View: can create on DAG Run:read_dataset_event_from_classic
[2024-10-04T19:16:46.224+0000] {logging_mixin.py:190} INFO - [2024-10-04T19:16:46.223+0000] {override.py:1900} INFO - Created Permission View: menu access on DAG Run:read_dataset_event_from_classic
[2024-10-04T19:16:46.225+0000] {logging_mixin.py:190} INFO - [2024-10-04T19:16:46.225+0000] {dag.py:3229} INFO - Sync 2 DAGs
[2024-10-04T19:16:46.305+0000] {logging_mixin.py:190} INFO - [2024-10-04T19:16:46.304+0000] {dag.py:3252} INFO - Creating ORM DAG for read_dataset_event
[2024-10-04T19:16:46.310+0000] {logging_mixin.py:190} INFO - [2024-10-04T19:16:46.310+0000] {dag.py:3252} INFO - Creating ORM DAG for read_dataset_event_from_classic
[2024-10-04T19:16:46.370+0000] {logging_mixin.py:190} INFO - [2024-10-04T19:16:46.370+0000] {dag.py:4156} INFO - Setting next_dagrun for read_dataset_event to 2024-10-03 00:00:00+00:00, run_after=2024-10-04 00:00:00+00:00
[2024-10-04T19:16:46.392+0000] {logging_mixin.py:190} INFO - [2024-10-04T19:16:46.392+0000] {dag.py:4156} INFO - Setting next_dagrun for read_dataset_event_from_classic to 2024-10-03 00:00:00+00:00, run_after=2024-10-04 00:00:00+00:00
[2024-10-04T19:16:46.479+0000] {processor.py:208} INFO - Processing /home/airflow/.local/lib/python3.12/site-packages/airflow/example_dags/example_inlet_event_extra.py took 4.274 seconds
[2024-10-04T19:17:42.057+0000] {processor.py:186} INFO - Started process (PID=72) to work on /home/airflow/.local/lib/python3.12/site-packages/airflow/example_dags/example_inlet_event_extra.py
[2024-10-04T19:17:42.059+0000] {processor.py:914} INFO - Processing file /home/airflow/.local/lib/python3.12/site-packages/airflow/example_dags/example_inlet_event_extra.py for tasks to queue
[2024-10-04T19:17:42.064+0000] {logging_mixin.py:190} INFO - [2024-10-04T19:17:42.063+0000] {dagbag.py:587} INFO - Filling up the DagBag from /home/airflow/.local/lib/python3.12/site-packages/airflow/example_dags/example_inlet_event_extra.py
[2024-10-04T19:17:42.482+0000] {processor.py:925} INFO - DAG(s) 'read_dataset_event', 'read_dataset_event_from_classic' retrieved from /home/airflow/.local/lib/python3.12/site-packages/airflow/example_dags/example_inlet_event_extra.py
[2024-10-04T19:17:42.559+0000] {logging_mixin.py:190} INFO - [2024-10-04T19:17:42.559+0000] {dag.py:3229} INFO - Sync 2 DAGs
[2024-10-04T19:17:42.641+0000] {logging_mixin.py:190} INFO - [2024-10-04T19:17:42.641+0000] {dag.py:4156} INFO - Setting next_dagrun for read_dataset_event to 2024-10-03 00:00:00+00:00, run_after=2024-10-04 00:00:00+00:00
[2024-10-04T19:17:42.655+0000] {logging_mixin.py:190} INFO - [2024-10-04T19:17:42.655+0000] {dag.py:4156} INFO - Setting next_dagrun for read_dataset_event_from_classic to 2024-10-03 00:00:00+00:00, run_after=2024-10-04 00:00:00+00:00
[2024-10-04T19:17:42.725+0000] {processor.py:208} INFO - Processing /home/airflow/.local/lib/python3.12/site-packages/airflow/example_dags/example_inlet_event_extra.py took 0.682 seconds
[2024-10-04T19:18:13.232+0000] {processor.py:186} INFO - Started process (PID=133) to work on /home/airflow/.local/lib/python3.12/site-packages/airflow/example_dags/example_inlet_event_extra.py
[2024-10-04T19:18:13.234+0000] {processor.py:914} INFO - Processing file /home/airflow/.local/lib/python3.12/site-packages/airflow/example_dags/example_inlet_event_extra.py for tasks to queue
[2024-10-04T19:18:13.238+0000] {logging_mixin.py:190} INFO - [2024-10-04T19:18:13.237+0000] {dagbag.py:587} INFO - Filling up the DagBag from /home/airflow/.local/lib/python3.12/site-packages/airflow/example_dags/example_inlet_event_extra.py
[2024-10-04T19:18:13.465+0000] {processor.py:925} INFO - DAG(s) 'read_dataset_event_from_classic', 'read_dataset_event' retrieved from /home/airflow/.local/lib/python3.12/site-packages/airflow/example_dags/example_inlet_event_extra.py
[2024-10-04T19:18:13.502+0000] {logging_mixin.py:190} INFO - [2024-10-04T19:18:13.502+0000] {dag.py:3229} INFO - Sync 2 DAGs
[2024-10-04T19:18:13.545+0000] {logging_mixin.py:190} INFO - [2024-10-04T19:18:13.544+0000] {dag.py:4156} INFO - Setting next_dagrun for read_dataset_event to 2024-10-03 00:00:00+00:00, run_after=2024-10-04 00:00:00+00:00
[2024-10-04T19:18:13.553+0000] {logging_mixin.py:190} INFO - [2024-10-04T19:18:13.553+0000] {dag.py:4156} INFO - Setting next_dagrun for read_dataset_event_from_classic to 2024-10-03 00:00:00+00:00, run_after=2024-10-04 00:00:00+00:00
[2024-10-04T19:18:13.587+0000] {processor.py:208} INFO - Processing /home/airflow/.local/lib/python3.12/site-packages/airflow/example_dags/example_inlet_event_extra.py took 0.365 seconds
[2024-10-04T19:18:44.154+0000] {processor.py:186} INFO - Started process (PID=195) to work on /home/airflow/.local/lib/python3.12/site-packages/airflow/example_dags/example_inlet_event_extra.py
[2024-10-04T19:18:44.156+0000] {processor.py:914} INFO - Processing file /home/airflow/.local/lib/python3.12/site-packages/airflow/example_dags/example_inlet_event_extra.py for tasks to queue
[2024-10-04T19:18:44.161+0000] {logging_mixin.py:190} INFO - [2024-10-04T19:18:44.160+0000] {dagbag.py:587} INFO - Filling up the DagBag from /home/airflow/.local/lib/python3.12/site-packages/airflow/example_dags/example_inlet_event_extra.py
[2024-10-04T19:18:44.398+0000] {processor.py:925} INFO - DAG(s) 'read_dataset_event_from_classic', 'read_dataset_event' retrieved from /home/airflow/.local/lib/python3.12/site-packages/airflow/example_dags/example_inlet_event_extra.py
[2024-10-04T19:18:44.434+0000] {logging_mixin.py:190} INFO - [2024-10-04T19:18:44.434+0000] {dag.py:3229} INFO - Sync 2 DAGs
[2024-10-04T19:18:44.481+0000] {logging_mixin.py:190} INFO - [2024-10-04T19:18:44.481+0000] {dag.py:4156} INFO - Setting next_dagrun for read_dataset_event to 2024-10-03 00:00:00+00:00, run_after=2024-10-04 00:00:00+00:00
[2024-10-04T19:18:44.492+0000] {logging_mixin.py:190} INFO - [2024-10-04T19:18:44.492+0000] {dag.py:4156} INFO - Setting next_dagrun for read_dataset_event_from_classic to 2024-10-03 00:00:00+00:00, run_after=2024-10-04 00:00:00+00:00
[2024-10-04T19:18:44.532+0000] {processor.py:208} INFO - Processing /home/airflow/.local/lib/python3.12/site-packages/airflow/example_dags/example_inlet_event_extra.py took 0.387 seconds
[2024-10-04T23:37:16.803+0000] {processor.py:186} INFO - Started process (PID=68) to work on /home/airflow/.local/lib/python3.12/site-packages/airflow/example_dags/example_inlet_event_extra.py
[2024-10-04T23:37:16.805+0000] {processor.py:914} INFO - Processing file /home/airflow/.local/lib/python3.12/site-packages/airflow/example_dags/example_inlet_event_extra.py for tasks to queue
[2024-10-04T23:37:16.809+0000] {logging_mixin.py:190} INFO - [2024-10-04T23:37:16.808+0000] {dagbag.py:587} INFO - Filling up the DagBag from /home/airflow/.local/lib/python3.12/site-packages/airflow/example_dags/example_inlet_event_extra.py
[2024-10-04T23:37:17.222+0000] {processor.py:925} INFO - DAG(s) 'read_dataset_event', 'read_dataset_event_from_classic' retrieved from /home/airflow/.local/lib/python3.12/site-packages/airflow/example_dags/example_inlet_event_extra.py
[2024-10-04T23:37:17.278+0000] {logging_mixin.py:190} INFO - [2024-10-04T23:37:17.277+0000] {dag.py:3229} INFO - Sync 2 DAGs
[2024-10-04T23:37:17.327+0000] {logging_mixin.py:190} INFO - [2024-10-04T23:37:17.327+0000] {dag.py:4156} INFO - Setting next_dagrun for read_dataset_event to 2024-10-03 00:00:00+00:00, run_after=2024-10-04 00:00:00+00:00
[2024-10-04T23:37:17.338+0000] {logging_mixin.py:190} INFO - [2024-10-04T23:37:17.337+0000] {dag.py:4156} INFO - Setting next_dagrun for read_dataset_event_from_classic to 2024-10-03 00:00:00+00:00, run_after=2024-10-04 00:00:00+00:00
[2024-10-04T23:37:17.370+0000] {processor.py:208} INFO - Processing /home/airflow/.local/lib/python3.12/site-packages/airflow/example_dags/example_inlet_event_extra.py took 0.578 seconds
[2024-10-04T23:37:48.215+0000] {processor.py:186} INFO - Started process (PID=130) to work on /home/airflow/.local/lib/python3.12/site-packages/airflow/example_dags/example_inlet_event_extra.py
[2024-10-04T23:37:48.217+0000] {processor.py:914} INFO - Processing file /home/airflow/.local/lib/python3.12/site-packages/airflow/example_dags/example_inlet_event_extra.py for tasks to queue
[2024-10-04T23:37:48.222+0000] {logging_mixin.py:190} INFO - [2024-10-04T23:37:48.221+0000] {dagbag.py:587} INFO - Filling up the DagBag from /home/airflow/.local/lib/python3.12/site-packages/airflow/example_dags/example_inlet_event_extra.py
[2024-10-04T23:37:48.487+0000] {processor.py:925} INFO - DAG(s) 'read_dataset_event', 'read_dataset_event_from_classic' retrieved from /home/airflow/.local/lib/python3.12/site-packages/airflow/example_dags/example_inlet_event_extra.py
[2024-10-04T23:37:48.541+0000] {logging_mixin.py:190} INFO - [2024-10-04T23:37:48.540+0000] {dag.py:3229} INFO - Sync 2 DAGs
[2024-10-04T23:37:48.595+0000] {logging_mixin.py:190} INFO - [2024-10-04T23:37:48.593+0000] {dag.py:4156} INFO - Setting next_dagrun for read_dataset_event to 2024-10-03 00:00:00+00:00, run_after=2024-10-04 00:00:00+00:00
[2024-10-04T23:37:48.607+0000] {logging_mixin.py:190} INFO - [2024-10-04T23:37:48.606+0000] {dag.py:4156} INFO - Setting next_dagrun for read_dataset_event_from_classic to 2024-10-03 00:00:00+00:00, run_after=2024-10-04 00:00:00+00:00
[2024-10-04T23:37:48.653+0000] {processor.py:208} INFO - Processing /home/airflow/.local/lib/python3.12/site-packages/airflow/example_dags/example_inlet_event_extra.py took 0.451 seconds
[2024-10-04T23:38:18.866+0000] {processor.py:186} INFO - Started process (PID=192) to work on /home/airflow/.local/lib/python3.12/site-packages/airflow/example_dags/example_inlet_event_extra.py
[2024-10-04T23:38:18.867+0000] {processor.py:914} INFO - Processing file /home/airflow/.local/lib/python3.12/site-packages/airflow/example_dags/example_inlet_event_extra.py for tasks to queue
[2024-10-04T23:38:18.870+0000] {logging_mixin.py:190} INFO - [2024-10-04T23:38:18.870+0000] {dagbag.py:587} INFO - Filling up the DagBag from /home/airflow/.local/lib/python3.12/site-packages/airflow/example_dags/example_inlet_event_extra.py
[2024-10-04T23:38:19.114+0000] {processor.py:925} INFO - DAG(s) 'read_dataset_event', 'read_dataset_event_from_classic' retrieved from /home/airflow/.local/lib/python3.12/site-packages/airflow/example_dags/example_inlet_event_extra.py
[2024-10-04T23:38:19.151+0000] {logging_mixin.py:190} INFO - [2024-10-04T23:38:19.150+0000] {dag.py:3229} INFO - Sync 2 DAGs
[2024-10-04T23:38:19.199+0000] {logging_mixin.py:190} INFO - [2024-10-04T23:38:19.198+0000] {dag.py:4156} INFO - Setting next_dagrun for read_dataset_event to 2024-10-03 00:00:00+00:00, run_after=2024-10-04 00:00:00+00:00
[2024-10-04T23:38:19.210+0000] {logging_mixin.py:190} INFO - [2024-10-04T23:38:19.209+0000] {dag.py:4156} INFO - Setting next_dagrun for read_dataset_event_from_classic to 2024-10-03 00:00:00+00:00, run_after=2024-10-04 00:00:00+00:00
[2024-10-04T23:38:19.248+0000] {processor.py:208} INFO - Processing /home/airflow/.local/lib/python3.12/site-packages/airflow/example_dags/example_inlet_event_extra.py took 0.391 seconds
[2024-10-04T23:38:49.430+0000] {processor.py:186} INFO - Started process (PID=254) to work on /home/airflow/.local/lib/python3.12/site-packages/airflow/example_dags/example_inlet_event_extra.py
[2024-10-04T23:38:49.432+0000] {processor.py:914} INFO - Processing file /home/airflow/.local/lib/python3.12/site-packages/airflow/example_dags/example_inlet_event_extra.py for tasks to queue
[2024-10-04T23:38:49.435+0000] {logging_mixin.py:190} INFO - [2024-10-04T23:38:49.435+0000] {dagbag.py:587} INFO - Filling up the DagBag from /home/airflow/.local/lib/python3.12/site-packages/airflow/example_dags/example_inlet_event_extra.py
[2024-10-04T23:38:49.685+0000] {processor.py:925} INFO - DAG(s) 'read_dataset_event', 'read_dataset_event_from_classic' retrieved from /home/airflow/.local/lib/python3.12/site-packages/airflow/example_dags/example_inlet_event_extra.py
[2024-10-04T23:38:49.725+0000] {logging_mixin.py:190} INFO - [2024-10-04T23:38:49.725+0000] {dag.py:3229} INFO - Sync 2 DAGs
[2024-10-04T23:38:49.772+0000] {logging_mixin.py:190} INFO - [2024-10-04T23:38:49.771+0000] {dag.py:4156} INFO - Setting next_dagrun for read_dataset_event to 2024-10-03 00:00:00+00:00, run_after=2024-10-04 00:00:00+00:00
[2024-10-04T23:38:49.781+0000] {logging_mixin.py:190} INFO - [2024-10-04T23:38:49.781+0000] {dag.py:4156} INFO - Setting next_dagrun for read_dataset_event_from_classic to 2024-10-03 00:00:00+00:00, run_after=2024-10-04 00:00:00+00:00
[2024-10-04T23:38:49.826+0000] {processor.py:208} INFO - Processing /home/airflow/.local/lib/python3.12/site-packages/airflow/example_dags/example_inlet_event_extra.py took 0.406 seconds
[2024-10-04T23:39:20.480+0000] {processor.py:186} INFO - Started process (PID=316) to work on /home/airflow/.local/lib/python3.12/site-packages/airflow/example_dags/example_inlet_event_extra.py
[2024-10-04T23:39:20.482+0000] {processor.py:914} INFO - Processing file /home/airflow/.local/lib/python3.12/site-packages/airflow/example_dags/example_inlet_event_extra.py for tasks to queue
[2024-10-04T23:39:20.486+0000] {logging_mixin.py:190} INFO - [2024-10-04T23:39:20.485+0000] {dagbag.py:587} INFO - Filling up the DagBag from /home/airflow/.local/lib/python3.12/site-packages/airflow/example_dags/example_inlet_event_extra.py
[2024-10-04T23:39:20.751+0000] {processor.py:925} INFO - DAG(s) 'read_dataset_event_from_classic', 'read_dataset_event' retrieved from /home/airflow/.local/lib/python3.12/site-packages/airflow/example_dags/example_inlet_event_extra.py
[2024-10-04T23:39:20.790+0000] {logging_mixin.py:190} INFO - [2024-10-04T23:39:20.790+0000] {dag.py:3229} INFO - Sync 2 DAGs
[2024-10-04T23:39:20.839+0000] {logging_mixin.py:190} INFO - [2024-10-04T23:39:20.839+0000] {dag.py:4156} INFO - Setting next_dagrun for read_dataset_event to 2024-10-03 00:00:00+00:00, run_after=2024-10-04 00:00:00+00:00
[2024-10-04T23:39:20.846+0000] {logging_mixin.py:190} INFO - [2024-10-04T23:39:20.846+0000] {dag.py:4156} INFO - Setting next_dagrun for read_dataset_event_from_classic to 2024-10-03 00:00:00+00:00, run_after=2024-10-04 00:00:00+00:00
[2024-10-04T23:39:20.893+0000] {processor.py:208} INFO - Processing /home/airflow/.local/lib/python3.12/site-packages/airflow/example_dags/example_inlet_event_extra.py took 0.423 seconds
[2024-10-04T23:39:51.668+0000] {processor.py:186} INFO - Started process (PID=378) to work on /home/airflow/.local/lib/python3.12/site-packages/airflow/example_dags/example_inlet_event_extra.py
[2024-10-04T23:39:51.669+0000] {processor.py:914} INFO - Processing file /home/airflow/.local/lib/python3.12/site-packages/airflow/example_dags/example_inlet_event_extra.py for tasks to queue
[2024-10-04T23:39:51.672+0000] {logging_mixin.py:190} INFO - [2024-10-04T23:39:51.671+0000] {dagbag.py:587} INFO - Filling up the DagBag from /home/airflow/.local/lib/python3.12/site-packages/airflow/example_dags/example_inlet_event_extra.py
[2024-10-04T23:39:51.858+0000] {processor.py:925} INFO - DAG(s) 'read_dataset_event_from_classic', 'read_dataset_event' retrieved from /home/airflow/.local/lib/python3.12/site-packages/airflow/example_dags/example_inlet_event_extra.py
[2024-10-04T23:39:51.892+0000] {logging_mixin.py:190} INFO - [2024-10-04T23:39:51.892+0000] {dag.py:3229} INFO - Sync 2 DAGs
[2024-10-04T23:39:51.929+0000] {logging_mixin.py:190} INFO - [2024-10-04T23:39:51.929+0000] {dag.py:4156} INFO - Setting next_dagrun for read_dataset_event to 2024-10-03 00:00:00+00:00, run_after=2024-10-04 00:00:00+00:00
[2024-10-04T23:39:51.939+0000] {logging_mixin.py:190} INFO - [2024-10-04T23:39:51.939+0000] {dag.py:4156} INFO - Setting next_dagrun for read_dataset_event_from_classic to 2024-10-03 00:00:00+00:00, run_after=2024-10-04 00:00:00+00:00
[2024-10-04T23:39:51.972+0000] {processor.py:208} INFO - Processing /home/airflow/.local/lib/python3.12/site-packages/airflow/example_dags/example_inlet_event_extra.py took 0.312 seconds
[2024-10-04T23:40:22.425+0000] {processor.py:186} INFO - Started process (PID=440) to work on /home/airflow/.local/lib/python3.12/site-packages/airflow/example_dags/example_inlet_event_extra.py
[2024-10-04T23:40:22.427+0000] {processor.py:914} INFO - Processing file /home/airflow/.local/lib/python3.12/site-packages/airflow/example_dags/example_inlet_event_extra.py for tasks to queue
[2024-10-04T23:40:22.430+0000] {logging_mixin.py:190} INFO - [2024-10-04T23:40:22.429+0000] {dagbag.py:587} INFO - Filling up the DagBag from /home/airflow/.local/lib/python3.12/site-packages/airflow/example_dags/example_inlet_event_extra.py
[2024-10-04T23:40:22.658+0000] {processor.py:925} INFO - DAG(s) 'read_dataset_event_from_classic', 'read_dataset_event' retrieved from /home/airflow/.local/lib/python3.12/site-packages/airflow/example_dags/example_inlet_event_extra.py
[2024-10-04T23:40:22.685+0000] {logging_mixin.py:190} INFO - [2024-10-04T23:40:22.685+0000] {dag.py:3229} INFO - Sync 2 DAGs
[2024-10-04T23:40:22.727+0000] {logging_mixin.py:190} INFO - [2024-10-04T23:40:22.727+0000] {dag.py:4156} INFO - Setting next_dagrun for read_dataset_event to 2024-10-03 00:00:00+00:00, run_after=2024-10-04 00:00:00+00:00
[2024-10-04T23:40:22.735+0000] {logging_mixin.py:190} INFO - [2024-10-04T23:40:22.734+0000] {dag.py:4156} INFO - Setting next_dagrun for read_dataset_event_from_classic to 2024-10-03 00:00:00+00:00, run_after=2024-10-04 00:00:00+00:00
[2024-10-04T23:40:22.769+0000] {processor.py:208} INFO - Processing /home/airflow/.local/lib/python3.12/site-packages/airflow/example_dags/example_inlet_event_extra.py took 0.351 seconds
[2024-10-04T23:40:52.965+0000] {processor.py:186} INFO - Started process (PID=502) to work on /home/airflow/.local/lib/python3.12/site-packages/airflow/example_dags/example_inlet_event_extra.py
[2024-10-04T23:40:52.967+0000] {processor.py:914} INFO - Processing file /home/airflow/.local/lib/python3.12/site-packages/airflow/example_dags/example_inlet_event_extra.py for tasks to queue
[2024-10-04T23:40:52.971+0000] {logging_mixin.py:190} INFO - [2024-10-04T23:40:52.970+0000] {dagbag.py:587} INFO - Filling up the DagBag from /home/airflow/.local/lib/python3.12/site-packages/airflow/example_dags/example_inlet_event_extra.py
[2024-10-04T23:40:53.159+0000] {processor.py:925} INFO - DAG(s) 'read_dataset_event_from_classic', 'read_dataset_event' retrieved from /home/airflow/.local/lib/python3.12/site-packages/airflow/example_dags/example_inlet_event_extra.py
[2024-10-04T23:40:53.191+0000] {logging_mixin.py:190} INFO - [2024-10-04T23:40:53.191+0000] {dag.py:3229} INFO - Sync 2 DAGs
[2024-10-04T23:40:53.227+0000] {logging_mixin.py:190} INFO - [2024-10-04T23:40:53.227+0000] {dag.py:4156} INFO - Setting next_dagrun for read_dataset_event to 2024-10-03 00:00:00+00:00, run_after=2024-10-04 00:00:00+00:00
[2024-10-04T23:40:53.240+0000] {logging_mixin.py:190} INFO - [2024-10-04T23:40:53.240+0000] {dag.py:4156} INFO - Setting next_dagrun for read_dataset_event_from_classic to 2024-10-03 00:00:00+00:00, run_after=2024-10-04 00:00:00+00:00
[2024-10-04T23:40:53.272+0000] {processor.py:208} INFO - Processing /home/airflow/.local/lib/python3.12/site-packages/airflow/example_dags/example_inlet_event_extra.py took 0.316 seconds
[2024-10-04T23:41:23.469+0000] {processor.py:186} INFO - Started process (PID=565) to work on /home/airflow/.local/lib/python3.12/site-packages/airflow/example_dags/example_inlet_event_extra.py
[2024-10-04T23:41:23.470+0000] {processor.py:914} INFO - Processing file /home/airflow/.local/lib/python3.12/site-packages/airflow/example_dags/example_inlet_event_extra.py for tasks to queue
[2024-10-04T23:41:23.473+0000] {logging_mixin.py:190} INFO - [2024-10-04T23:41:23.472+0000] {dagbag.py:587} INFO - Filling up the DagBag from /home/airflow/.local/lib/python3.12/site-packages/airflow/example_dags/example_inlet_event_extra.py
[2024-10-04T23:41:23.695+0000] {processor.py:925} INFO - DAG(s) 'read_dataset_event', 'read_dataset_event_from_classic' retrieved from /home/airflow/.local/lib/python3.12/site-packages/airflow/example_dags/example_inlet_event_extra.py
[2024-10-04T23:41:23.729+0000] {logging_mixin.py:190} INFO - [2024-10-04T23:41:23.728+0000] {dag.py:3229} INFO - Sync 2 DAGs
[2024-10-04T23:41:23.771+0000] {logging_mixin.py:190} INFO - [2024-10-04T23:41:23.771+0000] {dag.py:4156} INFO - Setting next_dagrun for read_dataset_event to 2024-10-03 00:00:00+00:00, run_after=2024-10-04 00:00:00+00:00
[2024-10-04T23:41:23.781+0000] {logging_mixin.py:190} INFO - [2024-10-04T23:41:23.780+0000] {dag.py:4156} INFO - Setting next_dagrun for read_dataset_event_from_classic to 2024-10-03 00:00:00+00:00, run_after=2024-10-04 00:00:00+00:00
[2024-10-04T23:41:23.818+0000] {processor.py:208} INFO - Processing /home/airflow/.local/lib/python3.12/site-packages/airflow/example_dags/example_inlet_event_extra.py took 0.358 seconds
[2024-10-04T23:41:53.992+0000] {processor.py:186} INFO - Started process (PID=626) to work on /home/airflow/.local/lib/python3.12/site-packages/airflow/example_dags/example_inlet_event_extra.py
[2024-10-04T23:41:53.994+0000] {processor.py:914} INFO - Processing file /home/airflow/.local/lib/python3.12/site-packages/airflow/example_dags/example_inlet_event_extra.py for tasks to queue
[2024-10-04T23:41:53.998+0000] {logging_mixin.py:190} INFO - [2024-10-04T23:41:53.997+0000] {dagbag.py:587} INFO - Filling up the DagBag from /home/airflow/.local/lib/python3.12/site-packages/airflow/example_dags/example_inlet_event_extra.py
[2024-10-04T23:41:54.244+0000] {processor.py:925} INFO - DAG(s) 'read_dataset_event', 'read_dataset_event_from_classic' retrieved from /home/airflow/.local/lib/python3.12/site-packages/airflow/example_dags/example_inlet_event_extra.py
[2024-10-04T23:41:54.290+0000] {logging_mixin.py:190} INFO - [2024-10-04T23:41:54.290+0000] {dag.py:3229} INFO - Sync 2 DAGs
[2024-10-04T23:41:54.337+0000] {logging_mixin.py:190} INFO - [2024-10-04T23:41:54.337+0000] {dag.py:4156} INFO - Setting next_dagrun for read_dataset_event to 2024-10-03 00:00:00+00:00, run_after=2024-10-04 00:00:00+00:00
[2024-10-04T23:41:54.347+0000] {logging_mixin.py:190} INFO - [2024-10-04T23:41:54.347+0000] {dag.py:4156} INFO - Setting next_dagrun for read_dataset_event_from_classic to 2024-10-03 00:00:00+00:00, run_after=2024-10-04 00:00:00+00:00
[2024-10-04T23:41:54.386+0000] {processor.py:208} INFO - Processing /home/airflow/.local/lib/python3.12/site-packages/airflow/example_dags/example_inlet_event_extra.py took 0.405 seconds
[2024-10-04T23:42:25.348+0000] {processor.py:186} INFO - Started process (PID=688) to work on /home/airflow/.local/lib/python3.12/site-packages/airflow/example_dags/example_inlet_event_extra.py
[2024-10-04T23:42:25.351+0000] {processor.py:914} INFO - Processing file /home/airflow/.local/lib/python3.12/site-packages/airflow/example_dags/example_inlet_event_extra.py for tasks to queue
[2024-10-04T23:42:25.356+0000] {logging_mixin.py:190} INFO - [2024-10-04T23:42:25.355+0000] {dagbag.py:587} INFO - Filling up the DagBag from /home/airflow/.local/lib/python3.12/site-packages/airflow/example_dags/example_inlet_event_extra.py
[2024-10-04T23:42:25.661+0000] {processor.py:925} INFO - DAG(s) 'read_dataset_event', 'read_dataset_event_from_classic' retrieved from /home/airflow/.local/lib/python3.12/site-packages/airflow/example_dags/example_inlet_event_extra.py
[2024-10-04T23:42:25.697+0000] {logging_mixin.py:190} INFO - [2024-10-04T23:42:25.697+0000] {dag.py:3229} INFO - Sync 2 DAGs
[2024-10-04T23:42:25.745+0000] {logging_mixin.py:190} INFO - [2024-10-04T23:42:25.745+0000] {dag.py:4156} INFO - Setting next_dagrun for read_dataset_event to 2024-10-03 00:00:00+00:00, run_after=2024-10-04 00:00:00+00:00
[2024-10-04T23:42:25.753+0000] {logging_mixin.py:190} INFO - [2024-10-04T23:42:25.753+0000] {dag.py:4156} INFO - Setting next_dagrun for read_dataset_event_from_classic to 2024-10-03 00:00:00+00:00, run_after=2024-10-04 00:00:00+00:00
[2024-10-04T23:42:25.791+0000] {processor.py:208} INFO - Processing /home/airflow/.local/lib/python3.12/site-packages/airflow/example_dags/example_inlet_event_extra.py took 0.464 seconds
[2024-10-04T23:42:55.967+0000] {processor.py:186} INFO - Started process (PID=751) to work on /home/airflow/.local/lib/python3.12/site-packages/airflow/example_dags/example_inlet_event_extra.py
[2024-10-04T23:42:55.969+0000] {processor.py:914} INFO - Processing file /home/airflow/.local/lib/python3.12/site-packages/airflow/example_dags/example_inlet_event_extra.py for tasks to queue
[2024-10-04T23:42:55.972+0000] {logging_mixin.py:190} INFO - [2024-10-04T23:42:55.972+0000] {dagbag.py:587} INFO - Filling up the DagBag from /home/airflow/.local/lib/python3.12/site-packages/airflow/example_dags/example_inlet_event_extra.py
[2024-10-04T23:42:56.187+0000] {processor.py:925} INFO - DAG(s) 'read_dataset_event', 'read_dataset_event_from_classic' retrieved from /home/airflow/.local/lib/python3.12/site-packages/airflow/example_dags/example_inlet_event_extra.py
[2024-10-04T23:42:56.221+0000] {logging_mixin.py:190} INFO - [2024-10-04T23:42:56.221+0000] {dag.py:3229} INFO - Sync 2 DAGs
[2024-10-04T23:42:56.256+0000] {logging_mixin.py:190} INFO - [2024-10-04T23:42:56.256+0000] {dag.py:4156} INFO - Setting next_dagrun for read_dataset_event to 2024-10-03 00:00:00+00:00, run_after=2024-10-04 00:00:00+00:00
[2024-10-04T23:42:56.266+0000] {logging_mixin.py:190} INFO - [2024-10-04T23:42:56.266+0000] {dag.py:4156} INFO - Setting next_dagrun for read_dataset_event_from_classic to 2024-10-03 00:00:00+00:00, run_after=2024-10-04 00:00:00+00:00
[2024-10-04T23:42:56.300+0000] {processor.py:208} INFO - Processing /home/airflow/.local/lib/python3.12/site-packages/airflow/example_dags/example_inlet_event_extra.py took 0.340 seconds
[2024-10-04T23:43:26.371+0000] {processor.py:186} INFO - Started process (PID=812) to work on /home/airflow/.local/lib/python3.12/site-packages/airflow/example_dags/example_inlet_event_extra.py
[2024-10-04T23:43:26.373+0000] {processor.py:914} INFO - Processing file /home/airflow/.local/lib/python3.12/site-packages/airflow/example_dags/example_inlet_event_extra.py for tasks to queue
[2024-10-04T23:43:26.379+0000] {logging_mixin.py:190} INFO - [2024-10-04T23:43:26.378+0000] {dagbag.py:587} INFO - Filling up the DagBag from /home/airflow/.local/lib/python3.12/site-packages/airflow/example_dags/example_inlet_event_extra.py
[2024-10-04T23:43:26.567+0000] {processor.py:925} INFO - DAG(s) 'read_dataset_event', 'read_dataset_event_from_classic' retrieved from /home/airflow/.local/lib/python3.12/site-packages/airflow/example_dags/example_inlet_event_extra.py
[2024-10-04T23:43:26.596+0000] {logging_mixin.py:190} INFO - [2024-10-04T23:43:26.595+0000] {dag.py:3229} INFO - Sync 2 DAGs
[2024-10-04T23:43:26.631+0000] {logging_mixin.py:190} INFO - [2024-10-04T23:43:26.630+0000] {dag.py:4156} INFO - Setting next_dagrun for read_dataset_event to 2024-10-03 00:00:00+00:00, run_after=2024-10-04 00:00:00+00:00
[2024-10-04T23:43:26.638+0000] {logging_mixin.py:190} INFO - [2024-10-04T23:43:26.638+0000] {dag.py:4156} INFO - Setting next_dagrun for read_dataset_event_from_classic to 2024-10-03 00:00:00+00:00, run_after=2024-10-04 00:00:00+00:00
[2024-10-04T23:43:26.662+0000] {processor.py:208} INFO - Processing /home/airflow/.local/lib/python3.12/site-packages/airflow/example_dags/example_inlet_event_extra.py took 0.299 seconds
[2024-10-04T23:43:57.288+0000] {processor.py:186} INFO - Started process (PID=873) to work on /home/airflow/.local/lib/python3.12/site-packages/airflow/example_dags/example_inlet_event_extra.py
[2024-10-04T23:43:57.290+0000] {processor.py:914} INFO - Processing file /home/airflow/.local/lib/python3.12/site-packages/airflow/example_dags/example_inlet_event_extra.py for tasks to queue
[2024-10-04T23:43:57.295+0000] {logging_mixin.py:190} INFO - [2024-10-04T23:43:57.294+0000] {dagbag.py:587} INFO - Filling up the DagBag from /home/airflow/.local/lib/python3.12/site-packages/airflow/example_dags/example_inlet_event_extra.py
[2024-10-04T23:43:57.584+0000] {processor.py:925} INFO - DAG(s) 'read_dataset_event', 'read_dataset_event_from_classic' retrieved from /home/airflow/.local/lib/python3.12/site-packages/airflow/example_dags/example_inlet_event_extra.py
[2024-10-04T23:43:57.619+0000] {logging_mixin.py:190} INFO - [2024-10-04T23:43:57.619+0000] {dag.py:3229} INFO - Sync 2 DAGs
[2024-10-04T23:43:57.673+0000] {logging_mixin.py:190} INFO - [2024-10-04T23:43:57.673+0000] {dag.py:4156} INFO - Setting next_dagrun for read_dataset_event to 2024-10-03 00:00:00+00:00, run_after=2024-10-04 00:00:00+00:00
[2024-10-04T23:43:57.682+0000] {logging_mixin.py:190} INFO - [2024-10-04T23:43:57.682+0000] {dag.py:4156} INFO - Setting next_dagrun for read_dataset_event_from_classic to 2024-10-03 00:00:00+00:00, run_after=2024-10-04 00:00:00+00:00
[2024-10-04T23:43:57.719+0000] {processor.py:208} INFO - Processing /home/airflow/.local/lib/python3.12/site-packages/airflow/example_dags/example_inlet_event_extra.py took 0.445 seconds
[2024-10-04T23:44:27.873+0000] {processor.py:186} INFO - Started process (PID=937) to work on /home/airflow/.local/lib/python3.12/site-packages/airflow/example_dags/example_inlet_event_extra.py
[2024-10-04T23:44:27.874+0000] {processor.py:914} INFO - Processing file /home/airflow/.local/lib/python3.12/site-packages/airflow/example_dags/example_inlet_event_extra.py for tasks to queue
[2024-10-04T23:44:27.877+0000] {logging_mixin.py:190} INFO - [2024-10-04T23:44:27.876+0000] {dagbag.py:587} INFO - Filling up the DagBag from /home/airflow/.local/lib/python3.12/site-packages/airflow/example_dags/example_inlet_event_extra.py
[2024-10-04T23:44:28.055+0000] {processor.py:925} INFO - DAG(s) 'read_dataset_event_from_classic', 'read_dataset_event' retrieved from /home/airflow/.local/lib/python3.12/site-packages/airflow/example_dags/example_inlet_event_extra.py
[2024-10-04T23:44:28.082+0000] {logging_mixin.py:190} INFO - [2024-10-04T23:44:28.082+0000] {dag.py:3229} INFO - Sync 2 DAGs
[2024-10-04T23:44:28.115+0000] {logging_mixin.py:190} INFO - [2024-10-04T23:44:28.115+0000] {dag.py:4156} INFO - Setting next_dagrun for read_dataset_event to 2024-10-03 00:00:00+00:00, run_after=2024-10-04 00:00:00+00:00
[2024-10-04T23:44:28.122+0000] {logging_mixin.py:190} INFO - [2024-10-04T23:44:28.121+0000] {dag.py:4156} INFO - Setting next_dagrun for read_dataset_event_from_classic to 2024-10-03 00:00:00+00:00, run_after=2024-10-04 00:00:00+00:00
[2024-10-04T23:44:28.152+0000] {processor.py:208} INFO - Processing /home/airflow/.local/lib/python3.12/site-packages/airflow/example_dags/example_inlet_event_extra.py took 0.289 seconds
[2024-10-04T23:44:58.948+0000] {processor.py:186} INFO - Started process (PID=1000) to work on /home/airflow/.local/lib/python3.12/site-packages/airflow/example_dags/example_inlet_event_extra.py
[2024-10-04T23:44:58.949+0000] {processor.py:914} INFO - Processing file /home/airflow/.local/lib/python3.12/site-packages/airflow/example_dags/example_inlet_event_extra.py for tasks to queue
[2024-10-04T23:44:58.953+0000] {logging_mixin.py:190} INFO - [2024-10-04T23:44:58.952+0000] {dagbag.py:587} INFO - Filling up the DagBag from /home/airflow/.local/lib/python3.12/site-packages/airflow/example_dags/example_inlet_event_extra.py
[2024-10-04T23:44:59.151+0000] {processor.py:925} INFO - DAG(s) 'read_dataset_event_from_classic', 'read_dataset_event' retrieved from /home/airflow/.local/lib/python3.12/site-packages/airflow/example_dags/example_inlet_event_extra.py
[2024-10-04T23:44:59.179+0000] {logging_mixin.py:190} INFO - [2024-10-04T23:44:59.178+0000] {dag.py:3229} INFO - Sync 2 DAGs
[2024-10-04T23:44:59.214+0000] {logging_mixin.py:190} INFO - [2024-10-04T23:44:59.214+0000] {dag.py:4156} INFO - Setting next_dagrun for read_dataset_event to 2024-10-03 00:00:00+00:00, run_after=2024-10-04 00:00:00+00:00
[2024-10-04T23:44:59.224+0000] {logging_mixin.py:190} INFO - [2024-10-04T23:44:59.224+0000] {dag.py:4156} INFO - Setting next_dagrun for read_dataset_event_from_classic to 2024-10-03 00:00:00+00:00, run_after=2024-10-04 00:00:00+00:00
[2024-10-04T23:44:59.254+0000] {processor.py:208} INFO - Processing /home/airflow/.local/lib/python3.12/site-packages/airflow/example_dags/example_inlet_event_extra.py took 0.316 seconds
[2024-10-04T23:45:29.674+0000] {processor.py:186} INFO - Started process (PID=1062) to work on /home/airflow/.local/lib/python3.12/site-packages/airflow/example_dags/example_inlet_event_extra.py
[2024-10-04T23:45:29.675+0000] {processor.py:914} INFO - Processing file /home/airflow/.local/lib/python3.12/site-packages/airflow/example_dags/example_inlet_event_extra.py for tasks to queue
[2024-10-04T23:45:29.679+0000] {logging_mixin.py:190} INFO - [2024-10-04T23:45:29.678+0000] {dagbag.py:587} INFO - Filling up the DagBag from /home/airflow/.local/lib/python3.12/site-packages/airflow/example_dags/example_inlet_event_extra.py
[2024-10-04T23:45:29.890+0000] {processor.py:925} INFO - DAG(s) 'read_dataset_event', 'read_dataset_event_from_classic' retrieved from /home/airflow/.local/lib/python3.12/site-packages/airflow/example_dags/example_inlet_event_extra.py
[2024-10-04T23:45:29.925+0000] {logging_mixin.py:190} INFO - [2024-10-04T23:45:29.925+0000] {dag.py:3229} INFO - Sync 2 DAGs
[2024-10-04T23:45:29.984+0000] {logging_mixin.py:190} INFO - [2024-10-04T23:45:29.984+0000] {dag.py:4156} INFO - Setting next_dagrun for read_dataset_event to 2024-10-03 00:00:00+00:00, run_after=2024-10-04 00:00:00+00:00
[2024-10-04T23:45:29.992+0000] {logging_mixin.py:190} INFO - [2024-10-04T23:45:29.992+0000] {dag.py:4156} INFO - Setting next_dagrun for read_dataset_event_from_classic to 2024-10-03 00:00:00+00:00, run_after=2024-10-04 00:00:00+00:00
[2024-10-04T23:45:30.024+0000] {processor.py:208} INFO - Processing /home/airflow/.local/lib/python3.12/site-packages/airflow/example_dags/example_inlet_event_extra.py took 0.363 seconds
[2024-10-04T23:46:02.066+0000] {processor.py:186} INFO - Started process (PID=1124) to work on /home/airflow/.local/lib/python3.12/site-packages/airflow/example_dags/example_inlet_event_extra.py
[2024-10-04T23:46:02.089+0000] {processor.py:914} INFO - Processing file /home/airflow/.local/lib/python3.12/site-packages/airflow/example_dags/example_inlet_event_extra.py for tasks to queue
[2024-10-04T23:46:02.126+0000] {logging_mixin.py:190} INFO - [2024-10-04T23:46:02.125+0000] {dagbag.py:587} INFO - Filling up the DagBag from /home/airflow/.local/lib/python3.12/site-packages/airflow/example_dags/example_inlet_event_extra.py
[2024-10-04T23:46:02.657+0000] {processor.py:925} INFO - DAG(s) 'read_dataset_event', 'read_dataset_event_from_classic' retrieved from /home/airflow/.local/lib/python3.12/site-packages/airflow/example_dags/example_inlet_event_extra.py
[2024-10-04T23:46:02.723+0000] {logging_mixin.py:190} INFO - [2024-10-04T23:46:02.722+0000] {dag.py:3229} INFO - Sync 2 DAGs
[2024-10-04T23:46:02.812+0000] {logging_mixin.py:190} INFO - [2024-10-04T23:46:02.811+0000] {dag.py:4156} INFO - Setting next_dagrun for read_dataset_event to 2024-10-03 00:00:00+00:00, run_after=2024-10-04 00:00:00+00:00
[2024-10-04T23:46:02.836+0000] {logging_mixin.py:190} INFO - [2024-10-04T23:46:02.836+0000] {dag.py:4156} INFO - Setting next_dagrun for read_dataset_event_from_classic to 2024-10-03 00:00:00+00:00, run_after=2024-10-04 00:00:00+00:00
[2024-10-04T23:46:02.912+0000] {processor.py:208} INFO - Processing /home/airflow/.local/lib/python3.12/site-packages/airflow/example_dags/example_inlet_event_extra.py took 0.878 seconds
[2024-10-04T23:46:33.229+0000] {processor.py:186} INFO - Started process (PID=1186) to work on /home/airflow/.local/lib/python3.12/site-packages/airflow/example_dags/example_inlet_event_extra.py
[2024-10-04T23:46:33.230+0000] {processor.py:914} INFO - Processing file /home/airflow/.local/lib/python3.12/site-packages/airflow/example_dags/example_inlet_event_extra.py for tasks to queue
[2024-10-04T23:46:33.233+0000] {logging_mixin.py:190} INFO - [2024-10-04T23:46:33.232+0000] {dagbag.py:587} INFO - Filling up the DagBag from /home/airflow/.local/lib/python3.12/site-packages/airflow/example_dags/example_inlet_event_extra.py
[2024-10-04T23:46:33.483+0000] {processor.py:925} INFO - DAG(s) 'read_dataset_event_from_classic', 'read_dataset_event' retrieved from /home/airflow/.local/lib/python3.12/site-packages/airflow/example_dags/example_inlet_event_extra.py
[2024-10-04T23:46:33.519+0000] {logging_mixin.py:190} INFO - [2024-10-04T23:46:33.518+0000] {dag.py:3229} INFO - Sync 2 DAGs
[2024-10-04T23:46:33.569+0000] {logging_mixin.py:190} INFO - [2024-10-04T23:46:33.568+0000] {dag.py:4156} INFO - Setting next_dagrun for read_dataset_event to 2024-10-03 00:00:00+00:00, run_after=2024-10-04 00:00:00+00:00
[2024-10-04T23:46:33.579+0000] {logging_mixin.py:190} INFO - [2024-10-04T23:46:33.578+0000] {dag.py:4156} INFO - Setting next_dagrun for read_dataset_event_from_classic to 2024-10-03 00:00:00+00:00, run_after=2024-10-04 00:00:00+00:00
[2024-10-04T23:46:33.609+0000] {processor.py:208} INFO - Processing /home/airflow/.local/lib/python3.12/site-packages/airflow/example_dags/example_inlet_event_extra.py took 0.390 seconds
[2024-10-04T23:47:03.803+0000] {processor.py:186} INFO - Started process (PID=1246) to work on /home/airflow/.local/lib/python3.12/site-packages/airflow/example_dags/example_inlet_event_extra.py
[2024-10-04T23:47:03.805+0000] {processor.py:914} INFO - Processing file /home/airflow/.local/lib/python3.12/site-packages/airflow/example_dags/example_inlet_event_extra.py for tasks to queue
[2024-10-04T23:47:03.809+0000] {logging_mixin.py:190} INFO - [2024-10-04T23:47:03.809+0000] {dagbag.py:587} INFO - Filling up the DagBag from /home/airflow/.local/lib/python3.12/site-packages/airflow/example_dags/example_inlet_event_extra.py
[2024-10-04T23:47:04.001+0000] {processor.py:925} INFO - DAG(s) 'read_dataset_event', 'read_dataset_event_from_classic' retrieved from /home/airflow/.local/lib/python3.12/site-packages/airflow/example_dags/example_inlet_event_extra.py
[2024-10-04T23:47:04.036+0000] {logging_mixin.py:190} INFO - [2024-10-04T23:47:04.036+0000] {dag.py:3229} INFO - Sync 2 DAGs
[2024-10-04T23:47:04.078+0000] {logging_mixin.py:190} INFO - [2024-10-04T23:47:04.077+0000] {dag.py:4156} INFO - Setting next_dagrun for read_dataset_event to 2024-10-03 00:00:00+00:00, run_after=2024-10-04 00:00:00+00:00
[2024-10-04T23:47:04.085+0000] {logging_mixin.py:190} INFO - [2024-10-04T23:47:04.084+0000] {dag.py:4156} INFO - Setting next_dagrun for read_dataset_event_from_classic to 2024-10-03 00:00:00+00:00, run_after=2024-10-04 00:00:00+00:00
[2024-10-04T23:47:04.116+0000] {processor.py:208} INFO - Processing /home/airflow/.local/lib/python3.12/site-packages/airflow/example_dags/example_inlet_event_extra.py took 0.325 seconds
[2024-10-04T23:47:34.580+0000] {processor.py:186} INFO - Started process (PID=1307) to work on /home/airflow/.local/lib/python3.12/site-packages/airflow/example_dags/example_inlet_event_extra.py
[2024-10-04T23:47:34.582+0000] {processor.py:914} INFO - Processing file /home/airflow/.local/lib/python3.12/site-packages/airflow/example_dags/example_inlet_event_extra.py for tasks to queue
[2024-10-04T23:47:34.586+0000] {logging_mixin.py:190} INFO - [2024-10-04T23:47:34.586+0000] {dagbag.py:587} INFO - Filling up the DagBag from /home/airflow/.local/lib/python3.12/site-packages/airflow/example_dags/example_inlet_event_extra.py
[2024-10-04T23:47:34.768+0000] {processor.py:925} INFO - DAG(s) 'read_dataset_event', 'read_dataset_event_from_classic' retrieved from /home/airflow/.local/lib/python3.12/site-packages/airflow/example_dags/example_inlet_event_extra.py
[2024-10-04T23:47:34.804+0000] {logging_mixin.py:190} INFO - [2024-10-04T23:47:34.803+0000] {dag.py:3229} INFO - Sync 2 DAGs
[2024-10-04T23:47:34.845+0000] {logging_mixin.py:190} INFO - [2024-10-04T23:47:34.844+0000] {dag.py:4156} INFO - Setting next_dagrun for read_dataset_event to 2024-10-03 00:00:00+00:00, run_after=2024-10-04 00:00:00+00:00
[2024-10-04T23:47:34.852+0000] {logging_mixin.py:190} INFO - [2024-10-04T23:47:34.852+0000] {dag.py:4156} INFO - Setting next_dagrun for read_dataset_event_from_classic to 2024-10-03 00:00:00+00:00, run_after=2024-10-04 00:00:00+00:00
[2024-10-04T23:47:34.884+0000] {processor.py:208} INFO - Processing /home/airflow/.local/lib/python3.12/site-packages/airflow/example_dags/example_inlet_event_extra.py took 0.311 seconds
[2024-10-04T23:48:05.032+0000] {processor.py:186} INFO - Started process (PID=1369) to work on /home/airflow/.local/lib/python3.12/site-packages/airflow/example_dags/example_inlet_event_extra.py
[2024-10-04T23:48:05.033+0000] {processor.py:914} INFO - Processing file /home/airflow/.local/lib/python3.12/site-packages/airflow/example_dags/example_inlet_event_extra.py for tasks to queue
[2024-10-04T23:48:05.037+0000] {logging_mixin.py:190} INFO - [2024-10-04T23:48:05.036+0000] {dagbag.py:587} INFO - Filling up the DagBag from /home/airflow/.local/lib/python3.12/site-packages/airflow/example_dags/example_inlet_event_extra.py
[2024-10-04T23:48:05.226+0000] {processor.py:925} INFO - DAG(s) 'read_dataset_event_from_classic', 'read_dataset_event' retrieved from /home/airflow/.local/lib/python3.12/site-packages/airflow/example_dags/example_inlet_event_extra.py
[2024-10-04T23:48:05.258+0000] {logging_mixin.py:190} INFO - [2024-10-04T23:48:05.258+0000] {dag.py:3229} INFO - Sync 2 DAGs
[2024-10-04T23:48:05.296+0000] {logging_mixin.py:190} INFO - [2024-10-04T23:48:05.296+0000] {dag.py:4156} INFO - Setting next_dagrun for read_dataset_event to 2024-10-03 00:00:00+00:00, run_after=2024-10-04 00:00:00+00:00
[2024-10-04T23:48:05.304+0000] {logging_mixin.py:190} INFO - [2024-10-04T23:48:05.304+0000] {dag.py:4156} INFO - Setting next_dagrun for read_dataset_event_from_classic to 2024-10-03 00:00:00+00:00, run_after=2024-10-04 00:00:00+00:00
[2024-10-04T23:48:05.332+0000] {processor.py:208} INFO - Processing /home/airflow/.local/lib/python3.12/site-packages/airflow/example_dags/example_inlet_event_extra.py took 0.308 seconds
[2024-10-04T23:48:36.245+0000] {processor.py:186} INFO - Started process (PID=1431) to work on /home/airflow/.local/lib/python3.12/site-packages/airflow/example_dags/example_inlet_event_extra.py
[2024-10-04T23:48:36.247+0000] {processor.py:914} INFO - Processing file /home/airflow/.local/lib/python3.12/site-packages/airflow/example_dags/example_inlet_event_extra.py for tasks to queue
[2024-10-04T23:48:36.250+0000] {logging_mixin.py:190} INFO - [2024-10-04T23:48:36.250+0000] {dagbag.py:587} INFO - Filling up the DagBag from /home/airflow/.local/lib/python3.12/site-packages/airflow/example_dags/example_inlet_event_extra.py
[2024-10-04T23:48:36.463+0000] {processor.py:925} INFO - DAG(s) 'read_dataset_event_from_classic', 'read_dataset_event' retrieved from /home/airflow/.local/lib/python3.12/site-packages/airflow/example_dags/example_inlet_event_extra.py
[2024-10-04T23:48:36.495+0000] {logging_mixin.py:190} INFO - [2024-10-04T23:48:36.494+0000] {dag.py:3229} INFO - Sync 2 DAGs
[2024-10-04T23:48:36.535+0000] {logging_mixin.py:190} INFO - [2024-10-04T23:48:36.535+0000] {dag.py:4156} INFO - Setting next_dagrun for read_dataset_event to 2024-10-03 00:00:00+00:00, run_after=2024-10-04 00:00:00+00:00
[2024-10-04T23:48:36.544+0000] {logging_mixin.py:190} INFO - [2024-10-04T23:48:36.544+0000] {dag.py:4156} INFO - Setting next_dagrun for read_dataset_event_from_classic to 2024-10-03 00:00:00+00:00, run_after=2024-10-04 00:00:00+00:00
[2024-10-04T23:48:36.577+0000] {processor.py:208} INFO - Processing /home/airflow/.local/lib/python3.12/site-packages/airflow/example_dags/example_inlet_event_extra.py took 0.339 seconds
[2024-10-04T23:49:06.622+0000] {processor.py:186} INFO - Started process (PID=1493) to work on /home/airflow/.local/lib/python3.12/site-packages/airflow/example_dags/example_inlet_event_extra.py
[2024-10-04T23:49:06.624+0000] {processor.py:914} INFO - Processing file /home/airflow/.local/lib/python3.12/site-packages/airflow/example_dags/example_inlet_event_extra.py for tasks to queue
[2024-10-04T23:49:06.627+0000] {logging_mixin.py:190} INFO - [2024-10-04T23:49:06.627+0000] {dagbag.py:587} INFO - Filling up the DagBag from /home/airflow/.local/lib/python3.12/site-packages/airflow/example_dags/example_inlet_event_extra.py
[2024-10-04T23:49:06.845+0000] {processor.py:925} INFO - DAG(s) 'read_dataset_event', 'read_dataset_event_from_classic' retrieved from /home/airflow/.local/lib/python3.12/site-packages/airflow/example_dags/example_inlet_event_extra.py
[2024-10-04T23:49:06.880+0000] {logging_mixin.py:190} INFO - [2024-10-04T23:49:06.880+0000] {dag.py:3229} INFO - Sync 2 DAGs
[2024-10-04T23:49:06.927+0000] {logging_mixin.py:190} INFO - [2024-10-04T23:49:06.927+0000] {dag.py:4156} INFO - Setting next_dagrun for read_dataset_event to 2024-10-03 00:00:00+00:00, run_after=2024-10-04 00:00:00+00:00
[2024-10-04T23:49:06.936+0000] {logging_mixin.py:190} INFO - [2024-10-04T23:49:06.936+0000] {dag.py:4156} INFO - Setting next_dagrun for read_dataset_event_from_classic to 2024-10-03 00:00:00+00:00, run_after=2024-10-04 00:00:00+00:00
[2024-10-04T23:49:06.978+0000] {processor.py:208} INFO - Processing /home/airflow/.local/lib/python3.12/site-packages/airflow/example_dags/example_inlet_event_extra.py took 0.363 seconds
[2024-10-04T23:49:37.103+0000] {processor.py:186} INFO - Started process (PID=1556) to work on /home/airflow/.local/lib/python3.12/site-packages/airflow/example_dags/example_inlet_event_extra.py
[2024-10-04T23:49:37.104+0000] {processor.py:914} INFO - Processing file /home/airflow/.local/lib/python3.12/site-packages/airflow/example_dags/example_inlet_event_extra.py for tasks to queue
[2024-10-04T23:49:37.107+0000] {logging_mixin.py:190} INFO - [2024-10-04T23:49:37.107+0000] {dagbag.py:587} INFO - Filling up the DagBag from /home/airflow/.local/lib/python3.12/site-packages/airflow/example_dags/example_inlet_event_extra.py
[2024-10-04T23:49:37.274+0000] {processor.py:925} INFO - DAG(s) 'read_dataset_event_from_classic', 'read_dataset_event' retrieved from /home/airflow/.local/lib/python3.12/site-packages/airflow/example_dags/example_inlet_event_extra.py
[2024-10-04T23:49:37.301+0000] {logging_mixin.py:190} INFO - [2024-10-04T23:49:37.301+0000] {dag.py:3229} INFO - Sync 2 DAGs
[2024-10-04T23:49:37.331+0000] {logging_mixin.py:190} INFO - [2024-10-04T23:49:37.331+0000] {dag.py:4156} INFO - Setting next_dagrun for read_dataset_event to 2024-10-03 00:00:00+00:00, run_after=2024-10-04 00:00:00+00:00
[2024-10-04T23:49:37.338+0000] {logging_mixin.py:190} INFO - [2024-10-04T23:49:37.338+0000] {dag.py:4156} INFO - Setting next_dagrun for read_dataset_event_from_classic to 2024-10-03 00:00:00+00:00, run_after=2024-10-04 00:00:00+00:00
[2024-10-04T23:49:37.364+0000] {processor.py:208} INFO - Processing /home/airflow/.local/lib/python3.12/site-packages/airflow/example_dags/example_inlet_event_extra.py took 0.275 seconds
[2024-10-04T23:50:07.869+0000] {processor.py:186} INFO - Started process (PID=1619) to work on /home/airflow/.local/lib/python3.12/site-packages/airflow/example_dags/example_inlet_event_extra.py
[2024-10-04T23:50:07.870+0000] {processor.py:914} INFO - Processing file /home/airflow/.local/lib/python3.12/site-packages/airflow/example_dags/example_inlet_event_extra.py for tasks to queue
[2024-10-04T23:50:07.874+0000] {logging_mixin.py:190} INFO - [2024-10-04T23:50:07.874+0000] {dagbag.py:587} INFO - Filling up the DagBag from /home/airflow/.local/lib/python3.12/site-packages/airflow/example_dags/example_inlet_event_extra.py
[2024-10-04T23:50:08.071+0000] {processor.py:925} INFO - DAG(s) 'read_dataset_event', 'read_dataset_event_from_classic' retrieved from /home/airflow/.local/lib/python3.12/site-packages/airflow/example_dags/example_inlet_event_extra.py
[2024-10-04T23:50:08.099+0000] {logging_mixin.py:190} INFO - [2024-10-04T23:50:08.099+0000] {dag.py:3229} INFO - Sync 2 DAGs
[2024-10-04T23:50:08.130+0000] {logging_mixin.py:190} INFO - [2024-10-04T23:50:08.129+0000] {dag.py:4156} INFO - Setting next_dagrun for read_dataset_event to 2024-10-03 00:00:00+00:00, run_after=2024-10-04 00:00:00+00:00
[2024-10-04T23:50:08.136+0000] {logging_mixin.py:190} INFO - [2024-10-04T23:50:08.136+0000] {dag.py:4156} INFO - Setting next_dagrun for read_dataset_event_from_classic to 2024-10-03 00:00:00+00:00, run_after=2024-10-04 00:00:00+00:00
[2024-10-04T23:50:08.173+0000] {processor.py:208} INFO - Processing /home/airflow/.local/lib/python3.12/site-packages/airflow/example_dags/example_inlet_event_extra.py took 0.313 seconds
[2024-10-04T23:50:38.237+0000] {processor.py:186} INFO - Started process (PID=1680) to work on /home/airflow/.local/lib/python3.12/site-packages/airflow/example_dags/example_inlet_event_extra.py
[2024-10-04T23:50:38.238+0000] {processor.py:914} INFO - Processing file /home/airflow/.local/lib/python3.12/site-packages/airflow/example_dags/example_inlet_event_extra.py for tasks to queue
[2024-10-04T23:50:38.242+0000] {logging_mixin.py:190} INFO - [2024-10-04T23:50:38.241+0000] {dagbag.py:587} INFO - Filling up the DagBag from /home/airflow/.local/lib/python3.12/site-packages/airflow/example_dags/example_inlet_event_extra.py
[2024-10-04T23:50:38.444+0000] {processor.py:925} INFO - DAG(s) 'read_dataset_event', 'read_dataset_event_from_classic' retrieved from /home/airflow/.local/lib/python3.12/site-packages/airflow/example_dags/example_inlet_event_extra.py
[2024-10-04T23:50:38.478+0000] {logging_mixin.py:190} INFO - [2024-10-04T23:50:38.477+0000] {dag.py:3229} INFO - Sync 2 DAGs
[2024-10-04T23:50:38.517+0000] {logging_mixin.py:190} INFO - [2024-10-04T23:50:38.516+0000] {dag.py:4156} INFO - Setting next_dagrun for read_dataset_event to 2024-10-03 00:00:00+00:00, run_after=2024-10-04 00:00:00+00:00
[2024-10-04T23:50:38.525+0000] {logging_mixin.py:190} INFO - [2024-10-04T23:50:38.525+0000] {dag.py:4156} INFO - Setting next_dagrun for read_dataset_event_from_classic to 2024-10-03 00:00:00+00:00, run_after=2024-10-04 00:00:00+00:00
[2024-10-04T23:50:38.561+0000] {processor.py:208} INFO - Processing /home/airflow/.local/lib/python3.12/site-packages/airflow/example_dags/example_inlet_event_extra.py took 0.334 seconds
[2024-10-04T23:51:08.714+0000] {processor.py:186} INFO - Started process (PID=1742) to work on /home/airflow/.local/lib/python3.12/site-packages/airflow/example_dags/example_inlet_event_extra.py
[2024-10-04T23:51:08.715+0000] {processor.py:914} INFO - Processing file /home/airflow/.local/lib/python3.12/site-packages/airflow/example_dags/example_inlet_event_extra.py for tasks to queue
[2024-10-04T23:51:08.719+0000] {logging_mixin.py:190} INFO - [2024-10-04T23:51:08.719+0000] {dagbag.py:587} INFO - Filling up the DagBag from /home/airflow/.local/lib/python3.12/site-packages/airflow/example_dags/example_inlet_event_extra.py
[2024-10-04T23:51:09.317+0000] {processor.py:925} INFO - DAG(s) 'read_dataset_event', 'read_dataset_event_from_classic' retrieved from /home/airflow/.local/lib/python3.12/site-packages/airflow/example_dags/example_inlet_event_extra.py
[2024-10-04T23:51:09.528+0000] {logging_mixin.py:190} INFO - [2024-10-04T23:51:09.516+0000] {dag.py:3229} INFO - Sync 2 DAGs
[2024-10-04T23:51:09.724+0000] {logging_mixin.py:190} INFO - [2024-10-04T23:51:09.724+0000] {dag.py:4156} INFO - Setting next_dagrun for read_dataset_event to 2024-10-03 00:00:00+00:00, run_after=2024-10-04 00:00:00+00:00
[2024-10-04T23:51:09.755+0000] {logging_mixin.py:190} INFO - [2024-10-04T23:51:09.755+0000] {dag.py:4156} INFO - Setting next_dagrun for read_dataset_event_from_classic to 2024-10-03 00:00:00+00:00, run_after=2024-10-04 00:00:00+00:00
[2024-10-04T23:51:09.869+0000] {processor.py:208} INFO - Processing /home/airflow/.local/lib/python3.12/site-packages/airflow/example_dags/example_inlet_event_extra.py took 1.165 seconds
[2024-10-04T23:51:40.157+0000] {processor.py:186} INFO - Started process (PID=1805) to work on /home/airflow/.local/lib/python3.12/site-packages/airflow/example_dags/example_inlet_event_extra.py
[2024-10-04T23:51:40.169+0000] {processor.py:914} INFO - Processing file /home/airflow/.local/lib/python3.12/site-packages/airflow/example_dags/example_inlet_event_extra.py for tasks to queue
[2024-10-04T23:51:40.174+0000] {logging_mixin.py:190} INFO - [2024-10-04T23:51:40.173+0000] {dagbag.py:587} INFO - Filling up the DagBag from /home/airflow/.local/lib/python3.12/site-packages/airflow/example_dags/example_inlet_event_extra.py
[2024-10-04T23:51:41.073+0000] {processor.py:925} INFO - DAG(s) 'read_dataset_event', 'read_dataset_event_from_classic' retrieved from /home/airflow/.local/lib/python3.12/site-packages/airflow/example_dags/example_inlet_event_extra.py
[2024-10-04T23:51:41.158+0000] {logging_mixin.py:190} INFO - [2024-10-04T23:51:41.157+0000] {dag.py:3229} INFO - Sync 2 DAGs
[2024-10-04T23:51:41.300+0000] {logging_mixin.py:190} INFO - [2024-10-04T23:51:41.300+0000] {dag.py:4156} INFO - Setting next_dagrun for read_dataset_event to 2024-10-03 00:00:00+00:00, run_after=2024-10-04 00:00:00+00:00
[2024-10-04T23:51:41.333+0000] {logging_mixin.py:190} INFO - [2024-10-04T23:51:41.333+0000] {dag.py:4156} INFO - Setting next_dagrun for read_dataset_event_from_classic to 2024-10-03 00:00:00+00:00, run_after=2024-10-04 00:00:00+00:00
[2024-10-04T23:51:41.489+0000] {processor.py:208} INFO - Processing /home/airflow/.local/lib/python3.12/site-packages/airflow/example_dags/example_inlet_event_extra.py took 1.353 seconds
[2024-10-04T23:52:12.394+0000] {processor.py:186} INFO - Started process (PID=1873) to work on /home/airflow/.local/lib/python3.12/site-packages/airflow/example_dags/example_inlet_event_extra.py
[2024-10-04T23:52:12.396+0000] {processor.py:914} INFO - Processing file /home/airflow/.local/lib/python3.12/site-packages/airflow/example_dags/example_inlet_event_extra.py for tasks to queue
[2024-10-04T23:52:12.411+0000] {logging_mixin.py:190} INFO - [2024-10-04T23:52:12.410+0000] {dagbag.py:587} INFO - Filling up the DagBag from /home/airflow/.local/lib/python3.12/site-packages/airflow/example_dags/example_inlet_event_extra.py
[2024-10-04T23:52:13.391+0000] {processor.py:925} INFO - DAG(s) 'read_dataset_event', 'read_dataset_event_from_classic' retrieved from /home/airflow/.local/lib/python3.12/site-packages/airflow/example_dags/example_inlet_event_extra.py
[2024-10-04T23:52:13.489+0000] {logging_mixin.py:190} INFO - [2024-10-04T23:52:13.488+0000] {dag.py:3229} INFO - Sync 2 DAGs
[2024-10-04T23:52:13.616+0000] {logging_mixin.py:190} INFO - [2024-10-04T23:52:13.615+0000] {dag.py:4156} INFO - Setting next_dagrun for read_dataset_event to 2024-10-03 00:00:00+00:00, run_after=2024-10-04 00:00:00+00:00
[2024-10-04T23:52:13.647+0000] {logging_mixin.py:190} INFO - [2024-10-04T23:52:13.646+0000] {dag.py:4156} INFO - Setting next_dagrun for read_dataset_event_from_classic to 2024-10-03 00:00:00+00:00, run_after=2024-10-04 00:00:00+00:00
[2024-10-04T23:52:13.751+0000] {processor.py:208} INFO - Processing /home/airflow/.local/lib/python3.12/site-packages/airflow/example_dags/example_inlet_event_extra.py took 1.430 seconds
[2024-10-04T23:52:44.627+0000] {processor.py:186} INFO - Started process (PID=1937) to work on /home/airflow/.local/lib/python3.12/site-packages/airflow/example_dags/example_inlet_event_extra.py
[2024-10-04T23:52:44.636+0000] {processor.py:914} INFO - Processing file /home/airflow/.local/lib/python3.12/site-packages/airflow/example_dags/example_inlet_event_extra.py for tasks to queue
[2024-10-04T23:52:44.643+0000] {logging_mixin.py:190} INFO - [2024-10-04T23:52:44.642+0000] {dagbag.py:587} INFO - Filling up the DagBag from /home/airflow/.local/lib/python3.12/site-packages/airflow/example_dags/example_inlet_event_extra.py
[2024-10-04T23:52:45.012+0000] {processor.py:925} INFO - DAG(s) 'read_dataset_event_from_classic', 'read_dataset_event' retrieved from /home/airflow/.local/lib/python3.12/site-packages/airflow/example_dags/example_inlet_event_extra.py
[2024-10-04T23:52:45.052+0000] {logging_mixin.py:190} INFO - [2024-10-04T23:52:45.052+0000] {dag.py:3229} INFO - Sync 2 DAGs
[2024-10-04T23:52:45.102+0000] {logging_mixin.py:190} INFO - [2024-10-04T23:52:45.102+0000] {dag.py:4156} INFO - Setting next_dagrun for read_dataset_event to 2024-10-03 00:00:00+00:00, run_after=2024-10-04 00:00:00+00:00
[2024-10-04T23:52:45.114+0000] {logging_mixin.py:190} INFO - [2024-10-04T23:52:45.114+0000] {dag.py:4156} INFO - Setting next_dagrun for read_dataset_event_from_classic to 2024-10-03 00:00:00+00:00, run_after=2024-10-04 00:00:00+00:00
[2024-10-04T23:52:45.176+0000] {processor.py:208} INFO - Processing /home/airflow/.local/lib/python3.12/site-packages/airflow/example_dags/example_inlet_event_extra.py took 0.563 seconds
[2024-10-04T23:53:16.065+0000] {processor.py:186} INFO - Started process (PID=2000) to work on /home/airflow/.local/lib/python3.12/site-packages/airflow/example_dags/example_inlet_event_extra.py
[2024-10-04T23:53:16.066+0000] {processor.py:914} INFO - Processing file /home/airflow/.local/lib/python3.12/site-packages/airflow/example_dags/example_inlet_event_extra.py for tasks to queue
[2024-10-04T23:53:16.071+0000] {logging_mixin.py:190} INFO - [2024-10-04T23:53:16.071+0000] {dagbag.py:587} INFO - Filling up the DagBag from /home/airflow/.local/lib/python3.12/site-packages/airflow/example_dags/example_inlet_event_extra.py
[2024-10-04T23:53:16.312+0000] {processor.py:925} INFO - DAG(s) 'read_dataset_event_from_classic', 'read_dataset_event' retrieved from /home/airflow/.local/lib/python3.12/site-packages/airflow/example_dags/example_inlet_event_extra.py
[2024-10-04T23:53:16.348+0000] {logging_mixin.py:190} INFO - [2024-10-04T23:53:16.348+0000] {dag.py:3229} INFO - Sync 2 DAGs
[2024-10-04T23:53:16.395+0000] {logging_mixin.py:190} INFO - [2024-10-04T23:53:16.395+0000] {dag.py:4156} INFO - Setting next_dagrun for read_dataset_event to 2024-10-03 00:00:00+00:00, run_after=2024-10-04 00:00:00+00:00
[2024-10-04T23:53:16.404+0000] {logging_mixin.py:190} INFO - [2024-10-04T23:53:16.403+0000] {dag.py:4156} INFO - Setting next_dagrun for read_dataset_event_from_classic to 2024-10-03 00:00:00+00:00, run_after=2024-10-04 00:00:00+00:00
[2024-10-04T23:53:16.436+0000] {processor.py:208} INFO - Processing /home/airflow/.local/lib/python3.12/site-packages/airflow/example_dags/example_inlet_event_extra.py took 0.380 seconds
[2024-10-04T23:53:46.875+0000] {processor.py:186} INFO - Started process (PID=2063) to work on /home/airflow/.local/lib/python3.12/site-packages/airflow/example_dags/example_inlet_event_extra.py
[2024-10-04T23:53:46.877+0000] {processor.py:914} INFO - Processing file /home/airflow/.local/lib/python3.12/site-packages/airflow/example_dags/example_inlet_event_extra.py for tasks to queue
[2024-10-04T23:53:46.884+0000] {logging_mixin.py:190} INFO - [2024-10-04T23:53:46.883+0000] {dagbag.py:587} INFO - Filling up the DagBag from /home/airflow/.local/lib/python3.12/site-packages/airflow/example_dags/example_inlet_event_extra.py
[2024-10-04T23:53:47.107+0000] {processor.py:925} INFO - DAG(s) 'read_dataset_event', 'read_dataset_event_from_classic' retrieved from /home/airflow/.local/lib/python3.12/site-packages/airflow/example_dags/example_inlet_event_extra.py
[2024-10-04T23:53:47.403+0000] {logging_mixin.py:190} INFO - [2024-10-04T23:53:47.402+0000] {dag.py:3229} INFO - Sync 2 DAGs
[2024-10-04T23:53:47.440+0000] {logging_mixin.py:190} INFO - [2024-10-04T23:53:47.440+0000] {dag.py:4156} INFO - Setting next_dagrun for read_dataset_event to 2024-10-03 00:00:00+00:00, run_after=2024-10-04 00:00:00+00:00
[2024-10-04T23:53:47.453+0000] {logging_mixin.py:190} INFO - [2024-10-04T23:53:47.452+0000] {dag.py:4156} INFO - Setting next_dagrun for read_dataset_event_from_classic to 2024-10-03 00:00:00+00:00, run_after=2024-10-04 00:00:00+00:00
[2024-10-04T23:53:47.482+0000] {processor.py:208} INFO - Processing /home/airflow/.local/lib/python3.12/site-packages/airflow/example_dags/example_inlet_event_extra.py took 0.618 seconds
[2024-10-04T23:54:18.169+0000] {processor.py:186} INFO - Started process (PID=2125) to work on /home/airflow/.local/lib/python3.12/site-packages/airflow/example_dags/example_inlet_event_extra.py
[2024-10-04T23:54:18.171+0000] {processor.py:914} INFO - Processing file /home/airflow/.local/lib/python3.12/site-packages/airflow/example_dags/example_inlet_event_extra.py for tasks to queue
[2024-10-04T23:54:18.175+0000] {logging_mixin.py:190} INFO - [2024-10-04T23:54:18.174+0000] {dagbag.py:587} INFO - Filling up the DagBag from /home/airflow/.local/lib/python3.12/site-packages/airflow/example_dags/example_inlet_event_extra.py
[2024-10-04T23:54:18.447+0000] {processor.py:925} INFO - DAG(s) 'read_dataset_event_from_classic', 'read_dataset_event' retrieved from /home/airflow/.local/lib/python3.12/site-packages/airflow/example_dags/example_inlet_event_extra.py
[2024-10-04T23:54:18.486+0000] {logging_mixin.py:190} INFO - [2024-10-04T23:54:18.486+0000] {dag.py:3229} INFO - Sync 2 DAGs
[2024-10-04T23:54:18.849+0000] {logging_mixin.py:190} INFO - [2024-10-04T23:54:18.849+0000] {dag.py:4156} INFO - Setting next_dagrun for read_dataset_event to 2024-10-03 00:00:00+00:00, run_after=2024-10-04 00:00:00+00:00
[2024-10-04T23:54:18.861+0000] {logging_mixin.py:190} INFO - [2024-10-04T23:54:18.861+0000] {dag.py:4156} INFO - Setting next_dagrun for read_dataset_event_from_classic to 2024-10-03 00:00:00+00:00, run_after=2024-10-04 00:00:00+00:00
[2024-10-04T23:54:18.892+0000] {processor.py:208} INFO - Processing /home/airflow/.local/lib/python3.12/site-packages/airflow/example_dags/example_inlet_event_extra.py took 0.734 seconds
[2024-10-04T23:54:49.375+0000] {processor.py:186} INFO - Started process (PID=2187) to work on /home/airflow/.local/lib/python3.12/site-packages/airflow/example_dags/example_inlet_event_extra.py
[2024-10-04T23:54:49.377+0000] {processor.py:914} INFO - Processing file /home/airflow/.local/lib/python3.12/site-packages/airflow/example_dags/example_inlet_event_extra.py for tasks to queue
[2024-10-04T23:54:49.380+0000] {logging_mixin.py:190} INFO - [2024-10-04T23:54:49.380+0000] {dagbag.py:587} INFO - Filling up the DagBag from /home/airflow/.local/lib/python3.12/site-packages/airflow/example_dags/example_inlet_event_extra.py
[2024-10-04T23:54:49.698+0000] {processor.py:925} INFO - DAG(s) 'read_dataset_event_from_classic', 'read_dataset_event' retrieved from /home/airflow/.local/lib/python3.12/site-packages/airflow/example_dags/example_inlet_event_extra.py
[2024-10-04T23:54:49.729+0000] {logging_mixin.py:190} INFO - [2024-10-04T23:54:49.729+0000] {dag.py:3229} INFO - Sync 2 DAGs
[2024-10-04T23:54:50.023+0000] {logging_mixin.py:190} INFO - [2024-10-04T23:54:50.022+0000] {dag.py:4156} INFO - Setting next_dagrun for read_dataset_event to 2024-10-03 00:00:00+00:00, run_after=2024-10-04 00:00:00+00:00
[2024-10-04T23:54:50.031+0000] {logging_mixin.py:190} INFO - [2024-10-04T23:54:50.031+0000] {dag.py:4156} INFO - Setting next_dagrun for read_dataset_event_from_classic to 2024-10-03 00:00:00+00:00, run_after=2024-10-04 00:00:00+00:00
[2024-10-04T23:54:50.068+0000] {processor.py:208} INFO - Processing /home/airflow/.local/lib/python3.12/site-packages/airflow/example_dags/example_inlet_event_extra.py took 0.704 seconds
[2024-10-04T23:55:20.811+0000] {processor.py:186} INFO - Started process (PID=2249) to work on /home/airflow/.local/lib/python3.12/site-packages/airflow/example_dags/example_inlet_event_extra.py
[2024-10-04T23:55:20.812+0000] {processor.py:914} INFO - Processing file /home/airflow/.local/lib/python3.12/site-packages/airflow/example_dags/example_inlet_event_extra.py for tasks to queue
[2024-10-04T23:55:20.816+0000] {logging_mixin.py:190} INFO - [2024-10-04T23:55:20.816+0000] {dagbag.py:587} INFO - Filling up the DagBag from /home/airflow/.local/lib/python3.12/site-packages/airflow/example_dags/example_inlet_event_extra.py
[2024-10-04T23:55:21.066+0000] {processor.py:925} INFO - DAG(s) 'read_dataset_event', 'read_dataset_event_from_classic' retrieved from /home/airflow/.local/lib/python3.12/site-packages/airflow/example_dags/example_inlet_event_extra.py
[2024-10-04T23:55:21.094+0000] {logging_mixin.py:190} INFO - [2024-10-04T23:55:21.094+0000] {dag.py:3229} INFO - Sync 2 DAGs
[2024-10-04T23:55:21.138+0000] {logging_mixin.py:190} INFO - [2024-10-04T23:55:21.138+0000] {dag.py:4156} INFO - Setting next_dagrun for read_dataset_event to 2024-10-03 00:00:00+00:00, run_after=2024-10-04 00:00:00+00:00
[2024-10-04T23:55:21.149+0000] {logging_mixin.py:190} INFO - [2024-10-04T23:55:21.149+0000] {dag.py:4156} INFO - Setting next_dagrun for read_dataset_event_from_classic to 2024-10-03 00:00:00+00:00, run_after=2024-10-04 00:00:00+00:00
[2024-10-04T23:55:21.422+0000] {processor.py:208} INFO - Processing /home/airflow/.local/lib/python3.12/site-packages/airflow/example_dags/example_inlet_event_extra.py took 0.619 seconds
[2024-10-04T23:55:52.367+0000] {processor.py:186} INFO - Started process (PID=2311) to work on /home/airflow/.local/lib/python3.12/site-packages/airflow/example_dags/example_inlet_event_extra.py
[2024-10-04T23:55:52.368+0000] {processor.py:914} INFO - Processing file /home/airflow/.local/lib/python3.12/site-packages/airflow/example_dags/example_inlet_event_extra.py for tasks to queue
[2024-10-04T23:55:52.373+0000] {logging_mixin.py:190} INFO - [2024-10-04T23:55:52.372+0000] {dagbag.py:587} INFO - Filling up the DagBag from /home/airflow/.local/lib/python3.12/site-packages/airflow/example_dags/example_inlet_event_extra.py
[2024-10-04T23:55:53.034+0000] {processor.py:925} INFO - DAG(s) 'read_dataset_event', 'read_dataset_event_from_classic' retrieved from /home/airflow/.local/lib/python3.12/site-packages/airflow/example_dags/example_inlet_event_extra.py
[2024-10-04T23:55:53.159+0000] {logging_mixin.py:190} INFO - [2024-10-04T23:55:53.158+0000] {dag.py:3229} INFO - Sync 2 DAGs
[2024-10-04T23:55:53.313+0000] {logging_mixin.py:190} INFO - [2024-10-04T23:55:53.312+0000] {dag.py:4156} INFO - Setting next_dagrun for read_dataset_event to 2024-10-03 00:00:00+00:00, run_after=2024-10-04 00:00:00+00:00
[2024-10-04T23:55:53.346+0000] {logging_mixin.py:190} INFO - [2024-10-04T23:55:53.346+0000] {dag.py:4156} INFO - Setting next_dagrun for read_dataset_event_from_classic to 2024-10-03 00:00:00+00:00, run_after=2024-10-04 00:00:00+00:00
[2024-10-04T23:55:53.450+0000] {processor.py:208} INFO - Processing /home/airflow/.local/lib/python3.12/site-packages/airflow/example_dags/example_inlet_event_extra.py took 1.093 seconds
[2024-10-04T23:56:23.906+0000] {processor.py:186} INFO - Started process (PID=2372) to work on /home/airflow/.local/lib/python3.12/site-packages/airflow/example_dags/example_inlet_event_extra.py
[2024-10-04T23:56:23.908+0000] {processor.py:914} INFO - Processing file /home/airflow/.local/lib/python3.12/site-packages/airflow/example_dags/example_inlet_event_extra.py for tasks to queue
[2024-10-04T23:56:23.911+0000] {logging_mixin.py:190} INFO - [2024-10-04T23:56:23.911+0000] {dagbag.py:587} INFO - Filling up the DagBag from /home/airflow/.local/lib/python3.12/site-packages/airflow/example_dags/example_inlet_event_extra.py
[2024-10-04T23:56:24.083+0000] {processor.py:925} INFO - DAG(s) 'read_dataset_event_from_classic', 'read_dataset_event' retrieved from /home/airflow/.local/lib/python3.12/site-packages/airflow/example_dags/example_inlet_event_extra.py
[2024-10-04T23:56:24.107+0000] {logging_mixin.py:190} INFO - [2024-10-04T23:56:24.107+0000] {dag.py:3229} INFO - Sync 2 DAGs
[2024-10-04T23:56:24.138+0000] {logging_mixin.py:190} INFO - [2024-10-04T23:56:24.137+0000] {dag.py:4156} INFO - Setting next_dagrun for read_dataset_event to 2024-10-03 00:00:00+00:00, run_after=2024-10-04 00:00:00+00:00
[2024-10-04T23:56:24.145+0000] {logging_mixin.py:190} INFO - [2024-10-04T23:56:24.145+0000] {dag.py:4156} INFO - Setting next_dagrun for read_dataset_event_from_classic to 2024-10-03 00:00:00+00:00, run_after=2024-10-04 00:00:00+00:00
[2024-10-04T23:56:24.170+0000] {processor.py:208} INFO - Processing /home/airflow/.local/lib/python3.12/site-packages/airflow/example_dags/example_inlet_event_extra.py took 0.273 seconds
[2024-10-04T23:56:54.478+0000] {processor.py:186} INFO - Started process (PID=2434) to work on /home/airflow/.local/lib/python3.12/site-packages/airflow/example_dags/example_inlet_event_extra.py
[2024-10-04T23:56:54.480+0000] {processor.py:914} INFO - Processing file /home/airflow/.local/lib/python3.12/site-packages/airflow/example_dags/example_inlet_event_extra.py for tasks to queue
[2024-10-04T23:56:54.484+0000] {logging_mixin.py:190} INFO - [2024-10-04T23:56:54.484+0000] {dagbag.py:587} INFO - Filling up the DagBag from /home/airflow/.local/lib/python3.12/site-packages/airflow/example_dags/example_inlet_event_extra.py
[2024-10-04T23:56:54.938+0000] {processor.py:925} INFO - DAG(s) 'read_dataset_event_from_classic', 'read_dataset_event' retrieved from /home/airflow/.local/lib/python3.12/site-packages/airflow/example_dags/example_inlet_event_extra.py
[2024-10-04T23:56:54.965+0000] {logging_mixin.py:190} INFO - [2024-10-04T23:56:54.965+0000] {dag.py:3229} INFO - Sync 2 DAGs
[2024-10-04T23:56:54.994+0000] {logging_mixin.py:190} INFO - [2024-10-04T23:56:54.993+0000] {dag.py:4156} INFO - Setting next_dagrun for read_dataset_event to 2024-10-03 00:00:00+00:00, run_after=2024-10-04 00:00:00+00:00
[2024-10-04T23:56:55.002+0000] {logging_mixin.py:190} INFO - [2024-10-04T23:56:55.002+0000] {dag.py:4156} INFO - Setting next_dagrun for read_dataset_event_from_classic to 2024-10-03 00:00:00+00:00, run_after=2024-10-04 00:00:00+00:00
[2024-10-04T23:56:55.032+0000] {processor.py:208} INFO - Processing /home/airflow/.local/lib/python3.12/site-packages/airflow/example_dags/example_inlet_event_extra.py took 0.563 seconds
[2024-10-04T23:57:25.156+0000] {processor.py:186} INFO - Started process (PID=2499) to work on /home/airflow/.local/lib/python3.12/site-packages/airflow/example_dags/example_inlet_event_extra.py
[2024-10-04T23:57:25.157+0000] {processor.py:914} INFO - Processing file /home/airflow/.local/lib/python3.12/site-packages/airflow/example_dags/example_inlet_event_extra.py for tasks to queue
[2024-10-04T23:57:25.160+0000] {logging_mixin.py:190} INFO - [2024-10-04T23:57:25.160+0000] {dagbag.py:587} INFO - Filling up the DagBag from /home/airflow/.local/lib/python3.12/site-packages/airflow/example_dags/example_inlet_event_extra.py
[2024-10-04T23:57:25.525+0000] {processor.py:925} INFO - DAG(s) 'read_dataset_event', 'read_dataset_event_from_classic' retrieved from /home/airflow/.local/lib/python3.12/site-packages/airflow/example_dags/example_inlet_event_extra.py
[2024-10-04T23:57:25.548+0000] {logging_mixin.py:190} INFO - [2024-10-04T23:57:25.548+0000] {dag.py:3229} INFO - Sync 2 DAGs
[2024-10-04T23:57:25.576+0000] {logging_mixin.py:190} INFO - [2024-10-04T23:57:25.575+0000] {dag.py:4156} INFO - Setting next_dagrun for read_dataset_event to 2024-10-03 00:00:00+00:00, run_after=2024-10-04 00:00:00+00:00
[2024-10-04T23:57:25.582+0000] {logging_mixin.py:190} INFO - [2024-10-04T23:57:25.582+0000] {dag.py:4156} INFO - Setting next_dagrun for read_dataset_event_from_classic to 2024-10-03 00:00:00+00:00, run_after=2024-10-04 00:00:00+00:00
[2024-10-04T23:57:25.609+0000] {processor.py:208} INFO - Processing /home/airflow/.local/lib/python3.12/site-packages/airflow/example_dags/example_inlet_event_extra.py took 0.460 seconds
[2024-10-04T23:57:56.300+0000] {processor.py:186} INFO - Started process (PID=2561) to work on /home/airflow/.local/lib/python3.12/site-packages/airflow/example_dags/example_inlet_event_extra.py
[2024-10-04T23:57:56.302+0000] {processor.py:914} INFO - Processing file /home/airflow/.local/lib/python3.12/site-packages/airflow/example_dags/example_inlet_event_extra.py for tasks to queue
[2024-10-04T23:57:56.306+0000] {logging_mixin.py:190} INFO - [2024-10-04T23:57:56.306+0000] {dagbag.py:587} INFO - Filling up the DagBag from /home/airflow/.local/lib/python3.12/site-packages/airflow/example_dags/example_inlet_event_extra.py
[2024-10-04T23:57:56.810+0000] {processor.py:925} INFO - DAG(s) 'read_dataset_event', 'read_dataset_event_from_classic' retrieved from /home/airflow/.local/lib/python3.12/site-packages/airflow/example_dags/example_inlet_event_extra.py
[2024-10-04T23:57:56.840+0000] {logging_mixin.py:190} INFO - [2024-10-04T23:57:56.840+0000] {dag.py:3229} INFO - Sync 2 DAGs
[2024-10-04T23:57:56.885+0000] {logging_mixin.py:190} INFO - [2024-10-04T23:57:56.885+0000] {dag.py:4156} INFO - Setting next_dagrun for read_dataset_event to 2024-10-03 00:00:00+00:00, run_after=2024-10-04 00:00:00+00:00
[2024-10-04T23:57:56.896+0000] {logging_mixin.py:190} INFO - [2024-10-04T23:57:56.896+0000] {dag.py:4156} INFO - Setting next_dagrun for read_dataset_event_from_classic to 2024-10-03 00:00:00+00:00, run_after=2024-10-04 00:00:00+00:00
[2024-10-04T23:57:56.935+0000] {processor.py:208} INFO - Processing /home/airflow/.local/lib/python3.12/site-packages/airflow/example_dags/example_inlet_event_extra.py took 0.647 seconds
[2024-10-04T23:58:27.103+0000] {processor.py:186} INFO - Started process (PID=2627) to work on /home/airflow/.local/lib/python3.12/site-packages/airflow/example_dags/example_inlet_event_extra.py
[2024-10-04T23:58:27.105+0000] {processor.py:914} INFO - Processing file /home/airflow/.local/lib/python3.12/site-packages/airflow/example_dags/example_inlet_event_extra.py for tasks to queue
[2024-10-04T23:58:27.108+0000] {logging_mixin.py:190} INFO - [2024-10-04T23:58:27.107+0000] {dagbag.py:587} INFO - Filling up the DagBag from /home/airflow/.local/lib/python3.12/site-packages/airflow/example_dags/example_inlet_event_extra.py
[2024-10-04T23:58:27.484+0000] {processor.py:925} INFO - DAG(s) 'read_dataset_event', 'read_dataset_event_from_classic' retrieved from /home/airflow/.local/lib/python3.12/site-packages/airflow/example_dags/example_inlet_event_extra.py
[2024-10-04T23:58:27.507+0000] {logging_mixin.py:190} INFO - [2024-10-04T23:58:27.507+0000] {dag.py:3229} INFO - Sync 2 DAGs
[2024-10-04T23:58:27.534+0000] {logging_mixin.py:190} INFO - [2024-10-04T23:58:27.534+0000] {dag.py:4156} INFO - Setting next_dagrun for read_dataset_event to 2024-10-03 00:00:00+00:00, run_after=2024-10-04 00:00:00+00:00
[2024-10-04T23:58:27.541+0000] {logging_mixin.py:190} INFO - [2024-10-04T23:58:27.541+0000] {dag.py:4156} INFO - Setting next_dagrun for read_dataset_event_from_classic to 2024-10-03 00:00:00+00:00, run_after=2024-10-04 00:00:00+00:00
[2024-10-04T23:58:27.565+0000] {processor.py:208} INFO - Processing /home/airflow/.local/lib/python3.12/site-packages/airflow/example_dags/example_inlet_event_extra.py took 0.470 seconds
[2024-10-04T23:58:57.784+0000] {processor.py:186} INFO - Started process (PID=2690) to work on /home/airflow/.local/lib/python3.12/site-packages/airflow/example_dags/example_inlet_event_extra.py
[2024-10-04T23:58:57.785+0000] {processor.py:914} INFO - Processing file /home/airflow/.local/lib/python3.12/site-packages/airflow/example_dags/example_inlet_event_extra.py for tasks to queue
[2024-10-04T23:58:57.789+0000] {logging_mixin.py:190} INFO - [2024-10-04T23:58:57.788+0000] {dagbag.py:587} INFO - Filling up the DagBag from /home/airflow/.local/lib/python3.12/site-packages/airflow/example_dags/example_inlet_event_extra.py
[2024-10-04T23:58:58.237+0000] {processor.py:925} INFO - DAG(s) 'read_dataset_event', 'read_dataset_event_from_classic' retrieved from /home/airflow/.local/lib/python3.12/site-packages/airflow/example_dags/example_inlet_event_extra.py
[2024-10-04T23:58:58.264+0000] {logging_mixin.py:190} INFO - [2024-10-04T23:58:58.264+0000] {dag.py:3229} INFO - Sync 2 DAGs
[2024-10-04T23:58:58.298+0000] {logging_mixin.py:190} INFO - [2024-10-04T23:58:58.298+0000] {dag.py:4156} INFO - Setting next_dagrun for read_dataset_event to 2024-10-03 00:00:00+00:00, run_after=2024-10-04 00:00:00+00:00
[2024-10-04T23:58:58.308+0000] {logging_mixin.py:190} INFO - [2024-10-04T23:58:58.308+0000] {dag.py:4156} INFO - Setting next_dagrun for read_dataset_event_from_classic to 2024-10-03 00:00:00+00:00, run_after=2024-10-04 00:00:00+00:00
[2024-10-04T23:58:58.335+0000] {processor.py:208} INFO - Processing /home/airflow/.local/lib/python3.12/site-packages/airflow/example_dags/example_inlet_event_extra.py took 0.559 seconds
[2024-10-04T23:59:28.561+0000] {processor.py:186} INFO - Started process (PID=2755) to work on /home/airflow/.local/lib/python3.12/site-packages/airflow/example_dags/example_inlet_event_extra.py
[2024-10-04T23:59:28.563+0000] {processor.py:914} INFO - Processing file /home/airflow/.local/lib/python3.12/site-packages/airflow/example_dags/example_inlet_event_extra.py for tasks to queue
[2024-10-04T23:59:28.567+0000] {logging_mixin.py:190} INFO - [2024-10-04T23:59:28.566+0000] {dagbag.py:587} INFO - Filling up the DagBag from /home/airflow/.local/lib/python3.12/site-packages/airflow/example_dags/example_inlet_event_extra.py
[2024-10-04T23:59:29.078+0000] {processor.py:925} INFO - DAG(s) 'read_dataset_event', 'read_dataset_event_from_classic' retrieved from /home/airflow/.local/lib/python3.12/site-packages/airflow/example_dags/example_inlet_event_extra.py
[2024-10-04T23:59:29.109+0000] {logging_mixin.py:190} INFO - [2024-10-04T23:59:29.108+0000] {dag.py:3229} INFO - Sync 2 DAGs
[2024-10-04T23:59:29.156+0000] {logging_mixin.py:190} INFO - [2024-10-04T23:59:29.155+0000] {dag.py:4156} INFO - Setting next_dagrun for read_dataset_event to 2024-10-03 00:00:00+00:00, run_after=2024-10-04 00:00:00+00:00
[2024-10-04T23:59:29.162+0000] {logging_mixin.py:190} INFO - [2024-10-04T23:59:29.162+0000] {dag.py:4156} INFO - Setting next_dagrun for read_dataset_event_from_classic to 2024-10-03 00:00:00+00:00, run_after=2024-10-04 00:00:00+00:00
[2024-10-04T23:59:29.190+0000] {processor.py:208} INFO - Processing /home/airflow/.local/lib/python3.12/site-packages/airflow/example_dags/example_inlet_event_extra.py took 0.640 seconds
