[2024-10-04T19:17:01.362+0000] {processor.py:186} INFO - Started process (PID=98) to work on /home/airflow/.local/lib/python3.12/site-packages/airflow/example_dags/example_branch_datetime_operator.py
[2024-10-04T19:17:01.364+0000] {processor.py:914} INFO - Processing file /home/airflow/.local/lib/python3.12/site-packages/airflow/example_dags/example_branch_datetime_operator.py for tasks to queue
[2024-10-04T19:17:01.369+0000] {logging_mixin.py:190} INFO - [2024-10-04T19:17:01.368+0000] {dagbag.py:587} INFO - Filling up the DagBag from /home/airflow/.local/lib/python3.12/site-packages/airflow/example_dags/example_branch_datetime_operator.py
[2024-10-04T19:17:01.398+0000] {processor.py:925} INFO - DAG(s) 'example_branch_datetime_operator_3', 'example_branch_datetime_operator', 'example_branch_datetime_operator_2' retrieved from /home/airflow/.local/lib/python3.12/site-packages/airflow/example_dags/example_branch_datetime_operator.py
[2024-10-04T19:17:01.619+0000] {logging_mixin.py:190} INFO - [2024-10-04T19:17:01.617+0000] {override.py:1900} INFO - Created Permission View: can edit on DAG:example_branch_datetime_operator_3
[2024-10-04T19:17:01.648+0000] {logging_mixin.py:190} INFO - [2024-10-04T19:17:01.647+0000] {override.py:1900} INFO - Created Permission View: can read on DAG:example_branch_datetime_operator_3
[2024-10-04T19:17:01.663+0000] {logging_mixin.py:190} INFO - [2024-10-04T19:17:01.662+0000] {override.py:1900} INFO - Created Permission View: can delete on DAG:example_branch_datetime_operator_3
[2024-10-04T19:17:01.686+0000] {logging_mixin.py:190} INFO - [2024-10-04T19:17:01.685+0000] {override.py:1900} INFO - Created Permission View: can read on DAG Run:example_branch_datetime_operator_3
[2024-10-04T19:17:01.706+0000] {logging_mixin.py:190} INFO - [2024-10-04T19:17:01.705+0000] {override.py:1900} INFO - Created Permission View: can delete on DAG Run:example_branch_datetime_operator_3
[2024-10-04T19:17:01.731+0000] {logging_mixin.py:190} INFO - [2024-10-04T19:17:01.730+0000] {override.py:1900} INFO - Created Permission View: can create on DAG Run:example_branch_datetime_operator_3
[2024-10-04T19:17:01.748+0000] {logging_mixin.py:190} INFO - [2024-10-04T19:17:01.747+0000] {override.py:1900} INFO - Created Permission View: menu access on DAG Run:example_branch_datetime_operator_3
[2024-10-04T19:17:01.802+0000] {logging_mixin.py:190} INFO - [2024-10-04T19:17:01.802+0000] {override.py:1900} INFO - Created Permission View: can edit on DAG:example_branch_datetime_operator
[2024-10-04T19:17:01.825+0000] {logging_mixin.py:190} INFO - [2024-10-04T19:17:01.824+0000] {override.py:1900} INFO - Created Permission View: can read on DAG:example_branch_datetime_operator
[2024-10-04T19:17:01.845+0000] {logging_mixin.py:190} INFO - [2024-10-04T19:17:01.844+0000] {override.py:1900} INFO - Created Permission View: can delete on DAG:example_branch_datetime_operator
[2024-10-04T19:17:01.866+0000] {logging_mixin.py:190} INFO - [2024-10-04T19:17:01.865+0000] {override.py:1900} INFO - Created Permission View: can read on DAG Run:example_branch_datetime_operator
[2024-10-04T19:17:01.891+0000] {logging_mixin.py:190} INFO - [2024-10-04T19:17:01.890+0000] {override.py:1900} INFO - Created Permission View: can delete on DAG Run:example_branch_datetime_operator
[2024-10-04T19:17:01.925+0000] {logging_mixin.py:190} INFO - [2024-10-04T19:17:01.924+0000] {override.py:1900} INFO - Created Permission View: can create on DAG Run:example_branch_datetime_operator
[2024-10-04T19:17:01.951+0000] {logging_mixin.py:190} INFO - [2024-10-04T19:17:01.950+0000] {override.py:1900} INFO - Created Permission View: menu access on DAG Run:example_branch_datetime_operator
[2024-10-04T19:17:02.021+0000] {logging_mixin.py:190} INFO - [2024-10-04T19:17:02.021+0000] {override.py:1900} INFO - Created Permission View: can edit on DAG:example_branch_datetime_operator_2
[2024-10-04T19:17:02.085+0000] {logging_mixin.py:190} INFO - [2024-10-04T19:17:02.085+0000] {override.py:1900} INFO - Created Permission View: can read on DAG:example_branch_datetime_operator_2
[2024-10-04T19:17:02.129+0000] {logging_mixin.py:190} INFO - [2024-10-04T19:17:02.128+0000] {override.py:1900} INFO - Created Permission View: can delete on DAG:example_branch_datetime_operator_2
[2024-10-04T19:17:02.174+0000] {logging_mixin.py:190} INFO - [2024-10-04T19:17:02.173+0000] {override.py:1900} INFO - Created Permission View: can read on DAG Run:example_branch_datetime_operator_2
[2024-10-04T19:17:02.202+0000] {logging_mixin.py:190} INFO - [2024-10-04T19:17:02.201+0000] {override.py:1900} INFO - Created Permission View: can delete on DAG Run:example_branch_datetime_operator_2
[2024-10-04T19:17:02.233+0000] {logging_mixin.py:190} INFO - [2024-10-04T19:17:02.232+0000] {override.py:1900} INFO - Created Permission View: can create on DAG Run:example_branch_datetime_operator_2
[2024-10-04T19:17:02.255+0000] {logging_mixin.py:190} INFO - [2024-10-04T19:17:02.254+0000] {override.py:1900} INFO - Created Permission View: menu access on DAG Run:example_branch_datetime_operator_2
[2024-10-04T19:17:02.257+0000] {logging_mixin.py:190} INFO - [2024-10-04T19:17:02.256+0000] {dag.py:3229} INFO - Sync 3 DAGs
[2024-10-04T19:17:02.311+0000] {logging_mixin.py:190} INFO - [2024-10-04T19:17:02.310+0000] {dag.py:3252} INFO - Creating ORM DAG for example_branch_datetime_operator_3
[2024-10-04T19:17:02.317+0000] {logging_mixin.py:190} INFO - [2024-10-04T19:17:02.313+0000] {dag.py:3252} INFO - Creating ORM DAG for example_branch_datetime_operator
[2024-10-04T19:17:02.321+0000] {logging_mixin.py:190} INFO - [2024-10-04T19:17:02.321+0000] {dag.py:3252} INFO - Creating ORM DAG for example_branch_datetime_operator_2
[2024-10-04T19:17:02.359+0000] {logging_mixin.py:190} INFO - [2024-10-04T19:17:02.359+0000] {dag.py:4156} INFO - Setting next_dagrun for example_branch_datetime_operator to 2024-10-03 00:00:00+00:00, run_after=2024-10-04 00:00:00+00:00
[2024-10-04T19:17:02.365+0000] {logging_mixin.py:190} INFO - [2024-10-04T19:17:02.365+0000] {dag.py:4156} INFO - Setting next_dagrun for example_branch_datetime_operator_2 to 2024-10-03 00:00:00+00:00, run_after=2024-10-04 00:00:00+00:00
[2024-10-04T19:17:02.387+0000] {logging_mixin.py:190} INFO - [2024-10-04T19:17:02.386+0000] {dag.py:4156} INFO - Setting next_dagrun for example_branch_datetime_operator_3 to 2024-10-03 00:00:00+00:00, run_after=2024-10-04 00:00:00+00:00
[2024-10-04T19:17:02.470+0000] {processor.py:208} INFO - Processing /home/airflow/.local/lib/python3.12/site-packages/airflow/example_dags/example_branch_datetime_operator.py took 1.120 seconds
[2024-10-04T19:17:46.701+0000] {processor.py:186} INFO - Started process (PID=93) to work on /home/airflow/.local/lib/python3.12/site-packages/airflow/example_dags/example_branch_datetime_operator.py
[2024-10-04T19:17:46.703+0000] {processor.py:914} INFO - Processing file /home/airflow/.local/lib/python3.12/site-packages/airflow/example_dags/example_branch_datetime_operator.py for tasks to queue
[2024-10-04T19:17:46.706+0000] {logging_mixin.py:190} INFO - [2024-10-04T19:17:46.705+0000] {dagbag.py:587} INFO - Filling up the DagBag from /home/airflow/.local/lib/python3.12/site-packages/airflow/example_dags/example_branch_datetime_operator.py
[2024-10-04T19:17:46.727+0000] {processor.py:925} INFO - DAG(s) 'example_branch_datetime_operator', 'example_branch_datetime_operator_2', 'example_branch_datetime_operator_3' retrieved from /home/airflow/.local/lib/python3.12/site-packages/airflow/example_dags/example_branch_datetime_operator.py
[2024-10-04T19:17:46.789+0000] {logging_mixin.py:190} INFO - [2024-10-04T19:17:46.788+0000] {dag.py:3229} INFO - Sync 3 DAGs
[2024-10-04T19:17:46.835+0000] {logging_mixin.py:190} INFO - [2024-10-04T19:17:46.835+0000] {dag.py:4156} INFO - Setting next_dagrun for example_branch_datetime_operator to 2024-10-03 00:00:00+00:00, run_after=2024-10-04 00:00:00+00:00
[2024-10-04T19:17:46.848+0000] {logging_mixin.py:190} INFO - [2024-10-04T19:17:46.847+0000] {dag.py:4156} INFO - Setting next_dagrun for example_branch_datetime_operator_2 to 2024-10-03 00:00:00+00:00, run_after=2024-10-04 00:00:00+00:00
[2024-10-04T19:17:46.854+0000] {logging_mixin.py:190} INFO - [2024-10-04T19:17:46.854+0000] {dag.py:4156} INFO - Setting next_dagrun for example_branch_datetime_operator_3 to 2024-10-03 00:00:00+00:00, run_after=2024-10-04 00:00:00+00:00
[2024-10-04T19:17:46.890+0000] {processor.py:208} INFO - Processing /home/airflow/.local/lib/python3.12/site-packages/airflow/example_dags/example_branch_datetime_operator.py took 0.197 seconds
[2024-10-04T19:18:17.583+0000] {processor.py:186} INFO - Started process (PID=154) to work on /home/airflow/.local/lib/python3.12/site-packages/airflow/example_dags/example_branch_datetime_operator.py
[2024-10-04T19:18:17.584+0000] {processor.py:914} INFO - Processing file /home/airflow/.local/lib/python3.12/site-packages/airflow/example_dags/example_branch_datetime_operator.py for tasks to queue
[2024-10-04T19:18:17.587+0000] {logging_mixin.py:190} INFO - [2024-10-04T19:18:17.587+0000] {dagbag.py:587} INFO - Filling up the DagBag from /home/airflow/.local/lib/python3.12/site-packages/airflow/example_dags/example_branch_datetime_operator.py
[2024-10-04T19:18:17.613+0000] {processor.py:925} INFO - DAG(s) 'example_branch_datetime_operator_3', 'example_branch_datetime_operator', 'example_branch_datetime_operator_2' retrieved from /home/airflow/.local/lib/python3.12/site-packages/airflow/example_dags/example_branch_datetime_operator.py
[2024-10-04T19:18:17.669+0000] {logging_mixin.py:190} INFO - [2024-10-04T19:18:17.668+0000] {dag.py:3229} INFO - Sync 3 DAGs
[2024-10-04T19:18:17.726+0000] {logging_mixin.py:190} INFO - [2024-10-04T19:18:17.726+0000] {dag.py:4156} INFO - Setting next_dagrun for example_branch_datetime_operator to 2024-10-03 00:00:00+00:00, run_after=2024-10-04 00:00:00+00:00
[2024-10-04T19:18:17.745+0000] {logging_mixin.py:190} INFO - [2024-10-04T19:18:17.738+0000] {dag.py:4156} INFO - Setting next_dagrun for example_branch_datetime_operator_2 to 2024-10-03 00:00:00+00:00, run_after=2024-10-04 00:00:00+00:00
[2024-10-04T19:18:17.753+0000] {logging_mixin.py:190} INFO - [2024-10-04T19:18:17.752+0000] {dag.py:4156} INFO - Setting next_dagrun for example_branch_datetime_operator_3 to 2024-10-03 00:00:00+00:00, run_after=2024-10-04 00:00:00+00:00
[2024-10-04T19:18:17.812+0000] {processor.py:208} INFO - Processing /home/airflow/.local/lib/python3.12/site-packages/airflow/example_dags/example_branch_datetime_operator.py took 0.240 seconds
[2024-10-04T23:37:20.880+0000] {processor.py:186} INFO - Started process (PID=89) to work on /home/airflow/.local/lib/python3.12/site-packages/airflow/example_dags/example_branch_datetime_operator.py
[2024-10-04T23:37:20.882+0000] {processor.py:914} INFO - Processing file /home/airflow/.local/lib/python3.12/site-packages/airflow/example_dags/example_branch_datetime_operator.py for tasks to queue
[2024-10-04T23:37:20.885+0000] {logging_mixin.py:190} INFO - [2024-10-04T23:37:20.885+0000] {dagbag.py:587} INFO - Filling up the DagBag from /home/airflow/.local/lib/python3.12/site-packages/airflow/example_dags/example_branch_datetime_operator.py
[2024-10-04T23:37:20.911+0000] {processor.py:925} INFO - DAG(s) 'example_branch_datetime_operator', 'example_branch_datetime_operator_3', 'example_branch_datetime_operator_2' retrieved from /home/airflow/.local/lib/python3.12/site-packages/airflow/example_dags/example_branch_datetime_operator.py
[2024-10-04T23:37:21.039+0000] {logging_mixin.py:190} INFO - [2024-10-04T23:37:21.039+0000] {dag.py:3229} INFO - Sync 3 DAGs
[2024-10-04T23:37:21.095+0000] {logging_mixin.py:190} INFO - [2024-10-04T23:37:21.094+0000] {dag.py:4156} INFO - Setting next_dagrun for example_branch_datetime_operator to 2024-10-03 00:00:00+00:00, run_after=2024-10-04 00:00:00+00:00
[2024-10-04T23:37:21.108+0000] {logging_mixin.py:190} INFO - [2024-10-04T23:37:21.107+0000] {dag.py:4156} INFO - Setting next_dagrun for example_branch_datetime_operator_2 to 2024-10-03 00:00:00+00:00, run_after=2024-10-04 00:00:00+00:00
[2024-10-04T23:37:21.113+0000] {logging_mixin.py:190} INFO - [2024-10-04T23:37:21.112+0000] {dag.py:4156} INFO - Setting next_dagrun for example_branch_datetime_operator_3 to 2024-10-03 00:00:00+00:00, run_after=2024-10-04 00:00:00+00:00
[2024-10-04T23:37:21.152+0000] {processor.py:208} INFO - Processing /home/airflow/.local/lib/python3.12/site-packages/airflow/example_dags/example_branch_datetime_operator.py took 0.283 seconds
[2024-10-04T23:37:52.120+0000] {processor.py:186} INFO - Started process (PID=151) to work on /home/airflow/.local/lib/python3.12/site-packages/airflow/example_dags/example_branch_datetime_operator.py
[2024-10-04T23:37:52.122+0000] {processor.py:914} INFO - Processing file /home/airflow/.local/lib/python3.12/site-packages/airflow/example_dags/example_branch_datetime_operator.py for tasks to queue
[2024-10-04T23:37:52.125+0000] {logging_mixin.py:190} INFO - [2024-10-04T23:37:52.124+0000] {dagbag.py:587} INFO - Filling up the DagBag from /home/airflow/.local/lib/python3.12/site-packages/airflow/example_dags/example_branch_datetime_operator.py
[2024-10-04T23:37:52.142+0000] {processor.py:925} INFO - DAG(s) 'example_branch_datetime_operator_2', 'example_branch_datetime_operator', 'example_branch_datetime_operator_3' retrieved from /home/airflow/.local/lib/python3.12/site-packages/airflow/example_dags/example_branch_datetime_operator.py
[2024-10-04T23:37:52.199+0000] {logging_mixin.py:190} INFO - [2024-10-04T23:37:52.199+0000] {dag.py:3229} INFO - Sync 3 DAGs
[2024-10-04T23:37:52.257+0000] {logging_mixin.py:190} INFO - [2024-10-04T23:37:52.257+0000] {dag.py:4156} INFO - Setting next_dagrun for example_branch_datetime_operator to 2024-10-03 00:00:00+00:00, run_after=2024-10-04 00:00:00+00:00
[2024-10-04T23:37:52.270+0000] {logging_mixin.py:190} INFO - [2024-10-04T23:37:52.269+0000] {dag.py:4156} INFO - Setting next_dagrun for example_branch_datetime_operator_2 to 2024-10-03 00:00:00+00:00, run_after=2024-10-04 00:00:00+00:00
[2024-10-04T23:37:52.278+0000] {logging_mixin.py:190} INFO - [2024-10-04T23:37:52.278+0000] {dag.py:4156} INFO - Setting next_dagrun for example_branch_datetime_operator_3 to 2024-10-03 00:00:00+00:00, run_after=2024-10-04 00:00:00+00:00
[2024-10-04T23:37:52.338+0000] {processor.py:208} INFO - Processing /home/airflow/.local/lib/python3.12/site-packages/airflow/example_dags/example_branch_datetime_operator.py took 0.226 seconds
[2024-10-04T23:38:23.265+0000] {processor.py:186} INFO - Started process (PID=213) to work on /home/airflow/.local/lib/python3.12/site-packages/airflow/example_dags/example_branch_datetime_operator.py
[2024-10-04T23:38:23.266+0000] {processor.py:914} INFO - Processing file /home/airflow/.local/lib/python3.12/site-packages/airflow/example_dags/example_branch_datetime_operator.py for tasks to queue
[2024-10-04T23:38:23.270+0000] {logging_mixin.py:190} INFO - [2024-10-04T23:38:23.269+0000] {dagbag.py:587} INFO - Filling up the DagBag from /home/airflow/.local/lib/python3.12/site-packages/airflow/example_dags/example_branch_datetime_operator.py
[2024-10-04T23:38:23.291+0000] {processor.py:925} INFO - DAG(s) 'example_branch_datetime_operator', 'example_branch_datetime_operator_2', 'example_branch_datetime_operator_3' retrieved from /home/airflow/.local/lib/python3.12/site-packages/airflow/example_dags/example_branch_datetime_operator.py
[2024-10-04T23:38:23.339+0000] {logging_mixin.py:190} INFO - [2024-10-04T23:38:23.339+0000] {dag.py:3229} INFO - Sync 3 DAGs
[2024-10-04T23:38:23.382+0000] {logging_mixin.py:190} INFO - [2024-10-04T23:38:23.381+0000] {dag.py:4156} INFO - Setting next_dagrun for example_branch_datetime_operator to 2024-10-03 00:00:00+00:00, run_after=2024-10-04 00:00:00+00:00
[2024-10-04T23:38:23.393+0000] {logging_mixin.py:190} INFO - [2024-10-04T23:38:23.393+0000] {dag.py:4156} INFO - Setting next_dagrun for example_branch_datetime_operator_2 to 2024-10-03 00:00:00+00:00, run_after=2024-10-04 00:00:00+00:00
[2024-10-04T23:38:23.408+0000] {logging_mixin.py:190} INFO - [2024-10-04T23:38:23.407+0000] {dag.py:4156} INFO - Setting next_dagrun for example_branch_datetime_operator_3 to 2024-10-03 00:00:00+00:00, run_after=2024-10-04 00:00:00+00:00
[2024-10-04T23:38:23.446+0000] {processor.py:208} INFO - Processing /home/airflow/.local/lib/python3.12/site-packages/airflow/example_dags/example_branch_datetime_operator.py took 0.192 seconds
[2024-10-04T23:38:53.921+0000] {processor.py:186} INFO - Started process (PID=275) to work on /home/airflow/.local/lib/python3.12/site-packages/airflow/example_dags/example_branch_datetime_operator.py
[2024-10-04T23:38:53.922+0000] {processor.py:914} INFO - Processing file /home/airflow/.local/lib/python3.12/site-packages/airflow/example_dags/example_branch_datetime_operator.py for tasks to queue
[2024-10-04T23:38:53.926+0000] {logging_mixin.py:190} INFO - [2024-10-04T23:38:53.926+0000] {dagbag.py:587} INFO - Filling up the DagBag from /home/airflow/.local/lib/python3.12/site-packages/airflow/example_dags/example_branch_datetime_operator.py
[2024-10-04T23:38:53.949+0000] {processor.py:925} INFO - DAG(s) 'example_branch_datetime_operator', 'example_branch_datetime_operator_3', 'example_branch_datetime_operator_2' retrieved from /home/airflow/.local/lib/python3.12/site-packages/airflow/example_dags/example_branch_datetime_operator.py
[2024-10-04T23:38:53.995+0000] {logging_mixin.py:190} INFO - [2024-10-04T23:38:53.995+0000] {dag.py:3229} INFO - Sync 3 DAGs
[2024-10-04T23:38:54.041+0000] {logging_mixin.py:190} INFO - [2024-10-04T23:38:54.041+0000] {dag.py:4156} INFO - Setting next_dagrun for example_branch_datetime_operator to 2024-10-03 00:00:00+00:00, run_after=2024-10-04 00:00:00+00:00
[2024-10-04T23:38:54.050+0000] {logging_mixin.py:190} INFO - [2024-10-04T23:38:54.050+0000] {dag.py:4156} INFO - Setting next_dagrun for example_branch_datetime_operator_2 to 2024-10-03 00:00:00+00:00, run_after=2024-10-04 00:00:00+00:00
[2024-10-04T23:38:54.056+0000] {logging_mixin.py:190} INFO - [2024-10-04T23:38:54.055+0000] {dag.py:4156} INFO - Setting next_dagrun for example_branch_datetime_operator_3 to 2024-10-03 00:00:00+00:00, run_after=2024-10-04 00:00:00+00:00
[2024-10-04T23:38:54.084+0000] {processor.py:208} INFO - Processing /home/airflow/.local/lib/python3.12/site-packages/airflow/example_dags/example_branch_datetime_operator.py took 0.171 seconds
[2024-10-04T23:39:24.918+0000] {processor.py:186} INFO - Started process (PID=337) to work on /home/airflow/.local/lib/python3.12/site-packages/airflow/example_dags/example_branch_datetime_operator.py
[2024-10-04T23:39:24.920+0000] {processor.py:914} INFO - Processing file /home/airflow/.local/lib/python3.12/site-packages/airflow/example_dags/example_branch_datetime_operator.py for tasks to queue
[2024-10-04T23:39:24.924+0000] {logging_mixin.py:190} INFO - [2024-10-04T23:39:24.923+0000] {dagbag.py:587} INFO - Filling up the DagBag from /home/airflow/.local/lib/python3.12/site-packages/airflow/example_dags/example_branch_datetime_operator.py
[2024-10-04T23:39:24.946+0000] {processor.py:925} INFO - DAG(s) 'example_branch_datetime_operator_3', 'example_branch_datetime_operator_2', 'example_branch_datetime_operator' retrieved from /home/airflow/.local/lib/python3.12/site-packages/airflow/example_dags/example_branch_datetime_operator.py
[2024-10-04T23:39:24.999+0000] {logging_mixin.py:190} INFO - [2024-10-04T23:39:24.998+0000] {dag.py:3229} INFO - Sync 3 DAGs
[2024-10-04T23:39:25.043+0000] {logging_mixin.py:190} INFO - [2024-10-04T23:39:25.042+0000] {dag.py:4156} INFO - Setting next_dagrun for example_branch_datetime_operator to 2024-10-03 00:00:00+00:00, run_after=2024-10-04 00:00:00+00:00
[2024-10-04T23:39:25.054+0000] {logging_mixin.py:190} INFO - [2024-10-04T23:39:25.053+0000] {dag.py:4156} INFO - Setting next_dagrun for example_branch_datetime_operator_2 to 2024-10-03 00:00:00+00:00, run_after=2024-10-04 00:00:00+00:00
[2024-10-04T23:39:25.061+0000] {logging_mixin.py:190} INFO - [2024-10-04T23:39:25.060+0000] {dag.py:4156} INFO - Setting next_dagrun for example_branch_datetime_operator_3 to 2024-10-03 00:00:00+00:00, run_after=2024-10-04 00:00:00+00:00
[2024-10-04T23:39:25.102+0000] {processor.py:208} INFO - Processing /home/airflow/.local/lib/python3.12/site-packages/airflow/example_dags/example_branch_datetime_operator.py took 0.195 seconds
[2024-10-04T23:39:55.578+0000] {processor.py:186} INFO - Started process (PID=399) to work on /home/airflow/.local/lib/python3.12/site-packages/airflow/example_dags/example_branch_datetime_operator.py
[2024-10-04T23:39:55.583+0000] {processor.py:914} INFO - Processing file /home/airflow/.local/lib/python3.12/site-packages/airflow/example_dags/example_branch_datetime_operator.py for tasks to queue
[2024-10-04T23:39:55.588+0000] {logging_mixin.py:190} INFO - [2024-10-04T23:39:55.587+0000] {dagbag.py:587} INFO - Filling up the DagBag from /home/airflow/.local/lib/python3.12/site-packages/airflow/example_dags/example_branch_datetime_operator.py
[2024-10-04T23:39:55.636+0000] {processor.py:925} INFO - DAG(s) 'example_branch_datetime_operator_2', 'example_branch_datetime_operator', 'example_branch_datetime_operator_3' retrieved from /home/airflow/.local/lib/python3.12/site-packages/airflow/example_dags/example_branch_datetime_operator.py
[2024-10-04T23:39:55.756+0000] {logging_mixin.py:190} INFO - [2024-10-04T23:39:55.755+0000] {dag.py:3229} INFO - Sync 3 DAGs
[2024-10-04T23:39:55.829+0000] {logging_mixin.py:190} INFO - [2024-10-04T23:39:55.829+0000] {dag.py:4156} INFO - Setting next_dagrun for example_branch_datetime_operator to 2024-10-03 00:00:00+00:00, run_after=2024-10-04 00:00:00+00:00
[2024-10-04T23:39:55.860+0000] {logging_mixin.py:190} INFO - [2024-10-04T23:39:55.859+0000] {dag.py:4156} INFO - Setting next_dagrun for example_branch_datetime_operator_2 to 2024-10-03 00:00:00+00:00, run_after=2024-10-04 00:00:00+00:00
[2024-10-04T23:39:55.890+0000] {logging_mixin.py:190} INFO - [2024-10-04T23:39:55.890+0000] {dag.py:4156} INFO - Setting next_dagrun for example_branch_datetime_operator_3 to 2024-10-03 00:00:00+00:00, run_after=2024-10-04 00:00:00+00:00
[2024-10-04T23:39:56.053+0000] {processor.py:208} INFO - Processing /home/airflow/.local/lib/python3.12/site-packages/airflow/example_dags/example_branch_datetime_operator.py took 0.476 seconds
[2024-10-04T23:40:26.587+0000] {processor.py:186} INFO - Started process (PID=461) to work on /home/airflow/.local/lib/python3.12/site-packages/airflow/example_dags/example_branch_datetime_operator.py
[2024-10-04T23:40:26.589+0000] {processor.py:914} INFO - Processing file /home/airflow/.local/lib/python3.12/site-packages/airflow/example_dags/example_branch_datetime_operator.py for tasks to queue
[2024-10-04T23:40:26.592+0000] {logging_mixin.py:190} INFO - [2024-10-04T23:40:26.592+0000] {dagbag.py:587} INFO - Filling up the DagBag from /home/airflow/.local/lib/python3.12/site-packages/airflow/example_dags/example_branch_datetime_operator.py
[2024-10-04T23:40:26.615+0000] {processor.py:925} INFO - DAG(s) 'example_branch_datetime_operator_3', 'example_branch_datetime_operator', 'example_branch_datetime_operator_2' retrieved from /home/airflow/.local/lib/python3.12/site-packages/airflow/example_dags/example_branch_datetime_operator.py
[2024-10-04T23:40:26.657+0000] {logging_mixin.py:190} INFO - [2024-10-04T23:40:26.657+0000] {dag.py:3229} INFO - Sync 3 DAGs
[2024-10-04T23:40:26.696+0000] {logging_mixin.py:190} INFO - [2024-10-04T23:40:26.695+0000] {dag.py:4156} INFO - Setting next_dagrun for example_branch_datetime_operator to 2024-10-03 00:00:00+00:00, run_after=2024-10-04 00:00:00+00:00
[2024-10-04T23:40:26.707+0000] {logging_mixin.py:190} INFO - [2024-10-04T23:40:26.707+0000] {dag.py:4156} INFO - Setting next_dagrun for example_branch_datetime_operator_2 to 2024-10-03 00:00:00+00:00, run_after=2024-10-04 00:00:00+00:00
[2024-10-04T23:40:26.712+0000] {logging_mixin.py:190} INFO - [2024-10-04T23:40:26.711+0000] {dag.py:4156} INFO - Setting next_dagrun for example_branch_datetime_operator_3 to 2024-10-03 00:00:00+00:00, run_after=2024-10-04 00:00:00+00:00
[2024-10-04T23:40:26.753+0000] {processor.py:208} INFO - Processing /home/airflow/.local/lib/python3.12/site-packages/airflow/example_dags/example_branch_datetime_operator.py took 0.175 seconds
[2024-10-04T23:40:57.038+0000] {processor.py:186} INFO - Started process (PID=523) to work on /home/airflow/.local/lib/python3.12/site-packages/airflow/example_dags/example_branch_datetime_operator.py
[2024-10-04T23:40:57.040+0000] {processor.py:914} INFO - Processing file /home/airflow/.local/lib/python3.12/site-packages/airflow/example_dags/example_branch_datetime_operator.py for tasks to queue
[2024-10-04T23:40:57.043+0000] {logging_mixin.py:190} INFO - [2024-10-04T23:40:57.042+0000] {dagbag.py:587} INFO - Filling up the DagBag from /home/airflow/.local/lib/python3.12/site-packages/airflow/example_dags/example_branch_datetime_operator.py
[2024-10-04T23:40:57.059+0000] {processor.py:925} INFO - DAG(s) 'example_branch_datetime_operator_2', 'example_branch_datetime_operator_3', 'example_branch_datetime_operator' retrieved from /home/airflow/.local/lib/python3.12/site-packages/airflow/example_dags/example_branch_datetime_operator.py
[2024-10-04T23:40:57.094+0000] {logging_mixin.py:190} INFO - [2024-10-04T23:40:57.094+0000] {dag.py:3229} INFO - Sync 3 DAGs
[2024-10-04T23:40:57.148+0000] {logging_mixin.py:190} INFO - [2024-10-04T23:40:57.148+0000] {dag.py:4156} INFO - Setting next_dagrun for example_branch_datetime_operator to 2024-10-03 00:00:00+00:00, run_after=2024-10-04 00:00:00+00:00
[2024-10-04T23:40:57.162+0000] {logging_mixin.py:190} INFO - [2024-10-04T23:40:57.161+0000] {dag.py:4156} INFO - Setting next_dagrun for example_branch_datetime_operator_2 to 2024-10-03 00:00:00+00:00, run_after=2024-10-04 00:00:00+00:00
[2024-10-04T23:40:57.167+0000] {logging_mixin.py:190} INFO - [2024-10-04T23:40:57.167+0000] {dag.py:4156} INFO - Setting next_dagrun for example_branch_datetime_operator_3 to 2024-10-03 00:00:00+00:00, run_after=2024-10-04 00:00:00+00:00
[2024-10-04T23:40:57.233+0000] {processor.py:208} INFO - Processing /home/airflow/.local/lib/python3.12/site-packages/airflow/example_dags/example_branch_datetime_operator.py took 0.202 seconds
[2024-10-04T23:41:27.386+0000] {processor.py:186} INFO - Started process (PID=586) to work on /home/airflow/.local/lib/python3.12/site-packages/airflow/example_dags/example_branch_datetime_operator.py
[2024-10-04T23:41:27.387+0000] {processor.py:914} INFO - Processing file /home/airflow/.local/lib/python3.12/site-packages/airflow/example_dags/example_branch_datetime_operator.py for tasks to queue
[2024-10-04T23:41:27.390+0000] {logging_mixin.py:190} INFO - [2024-10-04T23:41:27.389+0000] {dagbag.py:587} INFO - Filling up the DagBag from /home/airflow/.local/lib/python3.12/site-packages/airflow/example_dags/example_branch_datetime_operator.py
[2024-10-04T23:41:27.407+0000] {processor.py:925} INFO - DAG(s) 'example_branch_datetime_operator_2', 'example_branch_datetime_operator_3', 'example_branch_datetime_operator' retrieved from /home/airflow/.local/lib/python3.12/site-packages/airflow/example_dags/example_branch_datetime_operator.py
[2024-10-04T23:41:27.450+0000] {logging_mixin.py:190} INFO - [2024-10-04T23:41:27.450+0000] {dag.py:3229} INFO - Sync 3 DAGs
[2024-10-04T23:41:27.493+0000] {logging_mixin.py:190} INFO - [2024-10-04T23:41:27.493+0000] {dag.py:4156} INFO - Setting next_dagrun for example_branch_datetime_operator to 2024-10-03 00:00:00+00:00, run_after=2024-10-04 00:00:00+00:00
[2024-10-04T23:41:27.503+0000] {logging_mixin.py:190} INFO - [2024-10-04T23:41:27.502+0000] {dag.py:4156} INFO - Setting next_dagrun for example_branch_datetime_operator_2 to 2024-10-03 00:00:00+00:00, run_after=2024-10-04 00:00:00+00:00
[2024-10-04T23:41:27.508+0000] {logging_mixin.py:190} INFO - [2024-10-04T23:41:27.507+0000] {dag.py:4156} INFO - Setting next_dagrun for example_branch_datetime_operator_3 to 2024-10-03 00:00:00+00:00, run_after=2024-10-04 00:00:00+00:00
[2024-10-04T23:41:27.535+0000] {processor.py:208} INFO - Processing /home/airflow/.local/lib/python3.12/site-packages/airflow/example_dags/example_branch_datetime_operator.py took 0.157 seconds
[2024-10-04T23:41:57.990+0000] {processor.py:186} INFO - Started process (PID=647) to work on /home/airflow/.local/lib/python3.12/site-packages/airflow/example_dags/example_branch_datetime_operator.py
[2024-10-04T23:41:57.991+0000] {processor.py:914} INFO - Processing file /home/airflow/.local/lib/python3.12/site-packages/airflow/example_dags/example_branch_datetime_operator.py for tasks to queue
[2024-10-04T23:41:57.994+0000] {logging_mixin.py:190} INFO - [2024-10-04T23:41:57.994+0000] {dagbag.py:587} INFO - Filling up the DagBag from /home/airflow/.local/lib/python3.12/site-packages/airflow/example_dags/example_branch_datetime_operator.py
[2024-10-04T23:41:58.009+0000] {processor.py:925} INFO - DAG(s) 'example_branch_datetime_operator', 'example_branch_datetime_operator_3', 'example_branch_datetime_operator_2' retrieved from /home/airflow/.local/lib/python3.12/site-packages/airflow/example_dags/example_branch_datetime_operator.py
[2024-10-04T23:41:58.043+0000] {logging_mixin.py:190} INFO - [2024-10-04T23:41:58.042+0000] {dag.py:3229} INFO - Sync 3 DAGs
[2024-10-04T23:41:58.074+0000] {logging_mixin.py:190} INFO - [2024-10-04T23:41:58.074+0000] {dag.py:4156} INFO - Setting next_dagrun for example_branch_datetime_operator to 2024-10-03 00:00:00+00:00, run_after=2024-10-04 00:00:00+00:00
[2024-10-04T23:41:58.081+0000] {logging_mixin.py:190} INFO - [2024-10-04T23:41:58.080+0000] {dag.py:4156} INFO - Setting next_dagrun for example_branch_datetime_operator_2 to 2024-10-03 00:00:00+00:00, run_after=2024-10-04 00:00:00+00:00
[2024-10-04T23:41:58.084+0000] {logging_mixin.py:190} INFO - [2024-10-04T23:41:58.084+0000] {dag.py:4156} INFO - Setting next_dagrun for example_branch_datetime_operator_3 to 2024-10-03 00:00:00+00:00, run_after=2024-10-04 00:00:00+00:00
[2024-10-04T23:41:58.119+0000] {processor.py:208} INFO - Processing /home/airflow/.local/lib/python3.12/site-packages/airflow/example_dags/example_branch_datetime_operator.py took 0.136 seconds
[2024-10-04T23:42:28.531+0000] {processor.py:186} INFO - Started process (PID=709) to work on /home/airflow/.local/lib/python3.12/site-packages/airflow/example_dags/example_branch_datetime_operator.py
[2024-10-04T23:42:28.532+0000] {processor.py:914} INFO - Processing file /home/airflow/.local/lib/python3.12/site-packages/airflow/example_dags/example_branch_datetime_operator.py for tasks to queue
[2024-10-04T23:42:28.536+0000] {logging_mixin.py:190} INFO - [2024-10-04T23:42:28.535+0000] {dagbag.py:587} INFO - Filling up the DagBag from /home/airflow/.local/lib/python3.12/site-packages/airflow/example_dags/example_branch_datetime_operator.py
[2024-10-04T23:42:28.559+0000] {processor.py:925} INFO - DAG(s) 'example_branch_datetime_operator_2', 'example_branch_datetime_operator_3', 'example_branch_datetime_operator' retrieved from /home/airflow/.local/lib/python3.12/site-packages/airflow/example_dags/example_branch_datetime_operator.py
[2024-10-04T23:42:28.606+0000] {logging_mixin.py:190} INFO - [2024-10-04T23:42:28.605+0000] {dag.py:3229} INFO - Sync 3 DAGs
[2024-10-04T23:42:28.648+0000] {logging_mixin.py:190} INFO - [2024-10-04T23:42:28.648+0000] {dag.py:4156} INFO - Setting next_dagrun for example_branch_datetime_operator to 2024-10-03 00:00:00+00:00, run_after=2024-10-04 00:00:00+00:00
[2024-10-04T23:42:28.659+0000] {logging_mixin.py:190} INFO - [2024-10-04T23:42:28.659+0000] {dag.py:4156} INFO - Setting next_dagrun for example_branch_datetime_operator_2 to 2024-10-03 00:00:00+00:00, run_after=2024-10-04 00:00:00+00:00
[2024-10-04T23:42:28.665+0000] {logging_mixin.py:190} INFO - [2024-10-04T23:42:28.664+0000] {dag.py:4156} INFO - Setting next_dagrun for example_branch_datetime_operator_3 to 2024-10-03 00:00:00+00:00, run_after=2024-10-04 00:00:00+00:00
[2024-10-04T23:42:28.697+0000] {processor.py:208} INFO - Processing /home/airflow/.local/lib/python3.12/site-packages/airflow/example_dags/example_branch_datetime_operator.py took 0.176 seconds
[2024-10-04T23:42:59.341+0000] {processor.py:186} INFO - Started process (PID=771) to work on /home/airflow/.local/lib/python3.12/site-packages/airflow/example_dags/example_branch_datetime_operator.py
[2024-10-04T23:42:59.342+0000] {processor.py:914} INFO - Processing file /home/airflow/.local/lib/python3.12/site-packages/airflow/example_dags/example_branch_datetime_operator.py for tasks to queue
[2024-10-04T23:42:59.345+0000] {logging_mixin.py:190} INFO - [2024-10-04T23:42:59.345+0000] {dagbag.py:587} INFO - Filling up the DagBag from /home/airflow/.local/lib/python3.12/site-packages/airflow/example_dags/example_branch_datetime_operator.py
[2024-10-04T23:42:59.367+0000] {processor.py:925} INFO - DAG(s) 'example_branch_datetime_operator_2', 'example_branch_datetime_operator_3', 'example_branch_datetime_operator' retrieved from /home/airflow/.local/lib/python3.12/site-packages/airflow/example_dags/example_branch_datetime_operator.py
[2024-10-04T23:42:59.413+0000] {logging_mixin.py:190} INFO - [2024-10-04T23:42:59.413+0000] {dag.py:3229} INFO - Sync 3 DAGs
[2024-10-04T23:42:59.460+0000] {logging_mixin.py:190} INFO - [2024-10-04T23:42:59.459+0000] {dag.py:4156} INFO - Setting next_dagrun for example_branch_datetime_operator to 2024-10-03 00:00:00+00:00, run_after=2024-10-04 00:00:00+00:00
[2024-10-04T23:42:59.467+0000] {logging_mixin.py:190} INFO - [2024-10-04T23:42:59.467+0000] {dag.py:4156} INFO - Setting next_dagrun for example_branch_datetime_operator_2 to 2024-10-03 00:00:00+00:00, run_after=2024-10-04 00:00:00+00:00
[2024-10-04T23:42:59.472+0000] {logging_mixin.py:190} INFO - [2024-10-04T23:42:59.472+0000] {dag.py:4156} INFO - Setting next_dagrun for example_branch_datetime_operator_3 to 2024-10-03 00:00:00+00:00, run_after=2024-10-04 00:00:00+00:00
[2024-10-04T23:42:59.499+0000] {processor.py:208} INFO - Processing /home/airflow/.local/lib/python3.12/site-packages/airflow/example_dags/example_branch_datetime_operator.py took 0.170 seconds
[2024-10-04T23:43:30.289+0000] {processor.py:186} INFO - Started process (PID=833) to work on /home/airflow/.local/lib/python3.12/site-packages/airflow/example_dags/example_branch_datetime_operator.py
[2024-10-04T23:43:30.292+0000] {processor.py:914} INFO - Processing file /home/airflow/.local/lib/python3.12/site-packages/airflow/example_dags/example_branch_datetime_operator.py for tasks to queue
[2024-10-04T23:43:30.296+0000] {logging_mixin.py:190} INFO - [2024-10-04T23:43:30.296+0000] {dagbag.py:587} INFO - Filling up the DagBag from /home/airflow/.local/lib/python3.12/site-packages/airflow/example_dags/example_branch_datetime_operator.py
[2024-10-04T23:43:30.313+0000] {processor.py:925} INFO - DAG(s) 'example_branch_datetime_operator', 'example_branch_datetime_operator_2', 'example_branch_datetime_operator_3' retrieved from /home/airflow/.local/lib/python3.12/site-packages/airflow/example_dags/example_branch_datetime_operator.py
[2024-10-04T23:43:30.359+0000] {logging_mixin.py:190} INFO - [2024-10-04T23:43:30.359+0000] {dag.py:3229} INFO - Sync 3 DAGs
[2024-10-04T23:43:30.408+0000] {logging_mixin.py:190} INFO - [2024-10-04T23:43:30.408+0000] {dag.py:4156} INFO - Setting next_dagrun for example_branch_datetime_operator to 2024-10-03 00:00:00+00:00, run_after=2024-10-04 00:00:00+00:00
[2024-10-04T23:43:30.419+0000] {logging_mixin.py:190} INFO - [2024-10-04T23:43:30.419+0000] {dag.py:4156} INFO - Setting next_dagrun for example_branch_datetime_operator_2 to 2024-10-03 00:00:00+00:00, run_after=2024-10-04 00:00:00+00:00
[2024-10-04T23:43:30.427+0000] {logging_mixin.py:190} INFO - [2024-10-04T23:43:30.427+0000] {dag.py:4156} INFO - Setting next_dagrun for example_branch_datetime_operator_3 to 2024-10-03 00:00:00+00:00, run_after=2024-10-04 00:00:00+00:00
[2024-10-04T23:43:30.553+0000] {processor.py:208} INFO - Processing /home/airflow/.local/lib/python3.12/site-packages/airflow/example_dags/example_branch_datetime_operator.py took 0.273 seconds
[2024-10-04T23:44:02.338+0000] {processor.py:186} INFO - Started process (PID=895) to work on /home/airflow/.local/lib/python3.12/site-packages/airflow/example_dags/example_branch_datetime_operator.py
[2024-10-04T23:44:02.388+0000] {processor.py:914} INFO - Processing file /home/airflow/.local/lib/python3.12/site-packages/airflow/example_dags/example_branch_datetime_operator.py for tasks to queue
[2024-10-04T23:44:02.404+0000] {logging_mixin.py:190} INFO - [2024-10-04T23:44:02.403+0000] {dagbag.py:587} INFO - Filling up the DagBag from /home/airflow/.local/lib/python3.12/site-packages/airflow/example_dags/example_branch_datetime_operator.py
[2024-10-04T23:44:02.478+0000] {processor.py:925} INFO - DAG(s) 'example_branch_datetime_operator_3', 'example_branch_datetime_operator_2', 'example_branch_datetime_operator' retrieved from /home/airflow/.local/lib/python3.12/site-packages/airflow/example_dags/example_branch_datetime_operator.py
[2024-10-04T23:44:02.545+0000] {logging_mixin.py:190} INFO - [2024-10-04T23:44:02.545+0000] {dag.py:3229} INFO - Sync 3 DAGs
[2024-10-04T23:44:02.590+0000] {logging_mixin.py:190} INFO - [2024-10-04T23:44:02.590+0000] {dag.py:4156} INFO - Setting next_dagrun for example_branch_datetime_operator to 2024-10-03 00:00:00+00:00, run_after=2024-10-04 00:00:00+00:00
[2024-10-04T23:44:02.599+0000] {logging_mixin.py:190} INFO - [2024-10-04T23:44:02.599+0000] {dag.py:4156} INFO - Setting next_dagrun for example_branch_datetime_operator_2 to 2024-10-03 00:00:00+00:00, run_after=2024-10-04 00:00:00+00:00
[2024-10-04T23:44:02.604+0000] {logging_mixin.py:190} INFO - [2024-10-04T23:44:02.604+0000] {dag.py:4156} INFO - Setting next_dagrun for example_branch_datetime_operator_3 to 2024-10-03 00:00:00+00:00, run_after=2024-10-04 00:00:00+00:00
[2024-10-04T23:44:02.641+0000] {processor.py:208} INFO - Processing /home/airflow/.local/lib/python3.12/site-packages/airflow/example_dags/example_branch_datetime_operator.py took 0.348 seconds
[2024-10-04T23:44:33.475+0000] {processor.py:186} INFO - Started process (PID=957) to work on /home/airflow/.local/lib/python3.12/site-packages/airflow/example_dags/example_branch_datetime_operator.py
[2024-10-04T23:44:33.477+0000] {processor.py:914} INFO - Processing file /home/airflow/.local/lib/python3.12/site-packages/airflow/example_dags/example_branch_datetime_operator.py for tasks to queue
[2024-10-04T23:44:33.481+0000] {logging_mixin.py:190} INFO - [2024-10-04T23:44:33.480+0000] {dagbag.py:587} INFO - Filling up the DagBag from /home/airflow/.local/lib/python3.12/site-packages/airflow/example_dags/example_branch_datetime_operator.py
[2024-10-04T23:44:33.505+0000] {processor.py:925} INFO - DAG(s) 'example_branch_datetime_operator_2', 'example_branch_datetime_operator', 'example_branch_datetime_operator_3' retrieved from /home/airflow/.local/lib/python3.12/site-packages/airflow/example_dags/example_branch_datetime_operator.py
[2024-10-04T23:44:33.548+0000] {logging_mixin.py:190} INFO - [2024-10-04T23:44:33.548+0000] {dag.py:3229} INFO - Sync 3 DAGs
[2024-10-04T23:44:33.600+0000] {logging_mixin.py:190} INFO - [2024-10-04T23:44:33.599+0000] {dag.py:4156} INFO - Setting next_dagrun for example_branch_datetime_operator to 2024-10-03 00:00:00+00:00, run_after=2024-10-04 00:00:00+00:00
[2024-10-04T23:44:33.609+0000] {logging_mixin.py:190} INFO - [2024-10-04T23:44:33.608+0000] {dag.py:4156} INFO - Setting next_dagrun for example_branch_datetime_operator_2 to 2024-10-03 00:00:00+00:00, run_after=2024-10-04 00:00:00+00:00
[2024-10-04T23:44:33.614+0000] {logging_mixin.py:190} INFO - [2024-10-04T23:44:33.613+0000] {dag.py:4156} INFO - Setting next_dagrun for example_branch_datetime_operator_3 to 2024-10-03 00:00:00+00:00, run_after=2024-10-04 00:00:00+00:00
[2024-10-04T23:44:33.658+0000] {processor.py:208} INFO - Processing /home/airflow/.local/lib/python3.12/site-packages/airflow/example_dags/example_branch_datetime_operator.py took 0.192 seconds
[2024-10-04T23:45:03.805+0000] {processor.py:186} INFO - Started process (PID=1018) to work on /home/airflow/.local/lib/python3.12/site-packages/airflow/example_dags/example_branch_datetime_operator.py
[2024-10-04T23:45:03.806+0000] {processor.py:914} INFO - Processing file /home/airflow/.local/lib/python3.12/site-packages/airflow/example_dags/example_branch_datetime_operator.py for tasks to queue
[2024-10-04T23:45:03.809+0000] {logging_mixin.py:190} INFO - [2024-10-04T23:45:03.809+0000] {dagbag.py:587} INFO - Filling up the DagBag from /home/airflow/.local/lib/python3.12/site-packages/airflow/example_dags/example_branch_datetime_operator.py
[2024-10-04T23:45:03.827+0000] {processor.py:925} INFO - DAG(s) 'example_branch_datetime_operator', 'example_branch_datetime_operator_2', 'example_branch_datetime_operator_3' retrieved from /home/airflow/.local/lib/python3.12/site-packages/airflow/example_dags/example_branch_datetime_operator.py
[2024-10-04T23:45:03.862+0000] {logging_mixin.py:190} INFO - [2024-10-04T23:45:03.862+0000] {dag.py:3229} INFO - Sync 3 DAGs
[2024-10-04T23:45:03.895+0000] {logging_mixin.py:190} INFO - [2024-10-04T23:45:03.895+0000] {dag.py:4156} INFO - Setting next_dagrun for example_branch_datetime_operator to 2024-10-03 00:00:00+00:00, run_after=2024-10-04 00:00:00+00:00
[2024-10-04T23:45:03.902+0000] {logging_mixin.py:190} INFO - [2024-10-04T23:45:03.902+0000] {dag.py:4156} INFO - Setting next_dagrun for example_branch_datetime_operator_2 to 2024-10-03 00:00:00+00:00, run_after=2024-10-04 00:00:00+00:00
[2024-10-04T23:45:03.906+0000] {logging_mixin.py:190} INFO - [2024-10-04T23:45:03.905+0000] {dag.py:4156} INFO - Setting next_dagrun for example_branch_datetime_operator_3 to 2024-10-03 00:00:00+00:00, run_after=2024-10-04 00:00:00+00:00
[2024-10-04T23:45:03.933+0000] {processor.py:208} INFO - Processing /home/airflow/.local/lib/python3.12/site-packages/airflow/example_dags/example_branch_datetime_operator.py took 0.137 seconds
[2024-10-04T23:45:34.201+0000] {processor.py:186} INFO - Started process (PID=1080) to work on /home/airflow/.local/lib/python3.12/site-packages/airflow/example_dags/example_branch_datetime_operator.py
[2024-10-04T23:45:34.202+0000] {processor.py:914} INFO - Processing file /home/airflow/.local/lib/python3.12/site-packages/airflow/example_dags/example_branch_datetime_operator.py for tasks to queue
[2024-10-04T23:45:34.206+0000] {logging_mixin.py:190} INFO - [2024-10-04T23:45:34.205+0000] {dagbag.py:587} INFO - Filling up the DagBag from /home/airflow/.local/lib/python3.12/site-packages/airflow/example_dags/example_branch_datetime_operator.py
[2024-10-04T23:45:34.223+0000] {processor.py:925} INFO - DAG(s) 'example_branch_datetime_operator_2', 'example_branch_datetime_operator', 'example_branch_datetime_operator_3' retrieved from /home/airflow/.local/lib/python3.12/site-packages/airflow/example_dags/example_branch_datetime_operator.py
[2024-10-04T23:45:34.270+0000] {logging_mixin.py:190} INFO - [2024-10-04T23:45:34.270+0000] {dag.py:3229} INFO - Sync 3 DAGs
[2024-10-04T23:45:34.314+0000] {logging_mixin.py:190} INFO - [2024-10-04T23:45:34.314+0000] {dag.py:4156} INFO - Setting next_dagrun for example_branch_datetime_operator to 2024-10-03 00:00:00+00:00, run_after=2024-10-04 00:00:00+00:00
[2024-10-04T23:45:34.324+0000] {logging_mixin.py:190} INFO - [2024-10-04T23:45:34.323+0000] {dag.py:4156} INFO - Setting next_dagrun for example_branch_datetime_operator_2 to 2024-10-03 00:00:00+00:00, run_after=2024-10-04 00:00:00+00:00
[2024-10-04T23:45:34.329+0000] {logging_mixin.py:190} INFO - [2024-10-04T23:45:34.328+0000] {dag.py:4156} INFO - Setting next_dagrun for example_branch_datetime_operator_3 to 2024-10-03 00:00:00+00:00, run_after=2024-10-04 00:00:00+00:00
[2024-10-04T23:45:34.367+0000] {processor.py:208} INFO - Processing /home/airflow/.local/lib/python3.12/site-packages/airflow/example_dags/example_branch_datetime_operator.py took 0.176 seconds
[2024-10-04T23:46:05.542+0000] {processor.py:186} INFO - Started process (PID=1142) to work on /home/airflow/.local/lib/python3.12/site-packages/airflow/example_dags/example_branch_datetime_operator.py
[2024-10-04T23:46:05.544+0000] {processor.py:914} INFO - Processing file /home/airflow/.local/lib/python3.12/site-packages/airflow/example_dags/example_branch_datetime_operator.py for tasks to queue
[2024-10-04T23:46:05.548+0000] {logging_mixin.py:190} INFO - [2024-10-04T23:46:05.547+0000] {dagbag.py:587} INFO - Filling up the DagBag from /home/airflow/.local/lib/python3.12/site-packages/airflow/example_dags/example_branch_datetime_operator.py
[2024-10-04T23:46:05.569+0000] {processor.py:925} INFO - DAG(s) 'example_branch_datetime_operator_3', 'example_branch_datetime_operator_2', 'example_branch_datetime_operator' retrieved from /home/airflow/.local/lib/python3.12/site-packages/airflow/example_dags/example_branch_datetime_operator.py
[2024-10-04T23:46:05.638+0000] {logging_mixin.py:190} INFO - [2024-10-04T23:46:05.638+0000] {dag.py:3229} INFO - Sync 3 DAGs
[2024-10-04T23:46:05.720+0000] {logging_mixin.py:190} INFO - [2024-10-04T23:46:05.719+0000] {dag.py:4156} INFO - Setting next_dagrun for example_branch_datetime_operator to 2024-10-03 00:00:00+00:00, run_after=2024-10-04 00:00:00+00:00
[2024-10-04T23:46:05.737+0000] {logging_mixin.py:190} INFO - [2024-10-04T23:46:05.737+0000] {dag.py:4156} INFO - Setting next_dagrun for example_branch_datetime_operator_2 to 2024-10-03 00:00:00+00:00, run_after=2024-10-04 00:00:00+00:00
[2024-10-04T23:46:05.744+0000] {logging_mixin.py:190} INFO - [2024-10-04T23:46:05.744+0000] {dag.py:4156} INFO - Setting next_dagrun for example_branch_datetime_operator_3 to 2024-10-03 00:00:00+00:00, run_after=2024-10-04 00:00:00+00:00
[2024-10-04T23:46:05.801+0000] {processor.py:208} INFO - Processing /home/airflow/.local/lib/python3.12/site-packages/airflow/example_dags/example_branch_datetime_operator.py took 0.270 seconds
[2024-10-04T23:46:36.312+0000] {processor.py:186} INFO - Started process (PID=1204) to work on /home/airflow/.local/lib/python3.12/site-packages/airflow/example_dags/example_branch_datetime_operator.py
[2024-10-04T23:46:36.314+0000] {processor.py:914} INFO - Processing file /home/airflow/.local/lib/python3.12/site-packages/airflow/example_dags/example_branch_datetime_operator.py for tasks to queue
[2024-10-04T23:46:36.317+0000] {logging_mixin.py:190} INFO - [2024-10-04T23:46:36.317+0000] {dagbag.py:587} INFO - Filling up the DagBag from /home/airflow/.local/lib/python3.12/site-packages/airflow/example_dags/example_branch_datetime_operator.py
[2024-10-04T23:46:36.337+0000] {processor.py:925} INFO - DAG(s) 'example_branch_datetime_operator', 'example_branch_datetime_operator_3', 'example_branch_datetime_operator_2' retrieved from /home/airflow/.local/lib/python3.12/site-packages/airflow/example_dags/example_branch_datetime_operator.py
[2024-10-04T23:46:36.378+0000] {logging_mixin.py:190} INFO - [2024-10-04T23:46:36.378+0000] {dag.py:3229} INFO - Sync 3 DAGs
[2024-10-04T23:46:36.467+0000] {logging_mixin.py:190} INFO - [2024-10-04T23:46:36.467+0000] {dag.py:4156} INFO - Setting next_dagrun for example_branch_datetime_operator to 2024-10-03 00:00:00+00:00, run_after=2024-10-04 00:00:00+00:00
[2024-10-04T23:46:36.486+0000] {logging_mixin.py:190} INFO - [2024-10-04T23:46:36.486+0000] {dag.py:4156} INFO - Setting next_dagrun for example_branch_datetime_operator_2 to 2024-10-03 00:00:00+00:00, run_after=2024-10-04 00:00:00+00:00
[2024-10-04T23:46:36.498+0000] {logging_mixin.py:190} INFO - [2024-10-04T23:46:36.497+0000] {dag.py:4156} INFO - Setting next_dagrun for example_branch_datetime_operator_3 to 2024-10-03 00:00:00+00:00, run_after=2024-10-04 00:00:00+00:00
[2024-10-04T23:46:36.532+0000] {processor.py:208} INFO - Processing /home/airflow/.local/lib/python3.12/site-packages/airflow/example_dags/example_branch_datetime_operator.py took 0.232 seconds
[2024-10-04T23:47:07.254+0000] {processor.py:186} INFO - Started process (PID=1265) to work on /home/airflow/.local/lib/python3.12/site-packages/airflow/example_dags/example_branch_datetime_operator.py
[2024-10-04T23:47:07.255+0000] {processor.py:914} INFO - Processing file /home/airflow/.local/lib/python3.12/site-packages/airflow/example_dags/example_branch_datetime_operator.py for tasks to queue
[2024-10-04T23:47:07.260+0000] {logging_mixin.py:190} INFO - [2024-10-04T23:47:07.259+0000] {dagbag.py:587} INFO - Filling up the DagBag from /home/airflow/.local/lib/python3.12/site-packages/airflow/example_dags/example_branch_datetime_operator.py
[2024-10-04T23:47:07.284+0000] {processor.py:925} INFO - DAG(s) 'example_branch_datetime_operator_3', 'example_branch_datetime_operator', 'example_branch_datetime_operator_2' retrieved from /home/airflow/.local/lib/python3.12/site-packages/airflow/example_dags/example_branch_datetime_operator.py
[2024-10-04T23:47:07.348+0000] {logging_mixin.py:190} INFO - [2024-10-04T23:47:07.348+0000] {dag.py:3229} INFO - Sync 3 DAGs
[2024-10-04T23:47:07.489+0000] {logging_mixin.py:190} INFO - [2024-10-04T23:47:07.489+0000] {dag.py:4156} INFO - Setting next_dagrun for example_branch_datetime_operator to 2024-10-03 00:00:00+00:00, run_after=2024-10-04 00:00:00+00:00
[2024-10-04T23:47:07.541+0000] {logging_mixin.py:190} INFO - [2024-10-04T23:47:07.541+0000] {dag.py:4156} INFO - Setting next_dagrun for example_branch_datetime_operator_2 to 2024-10-03 00:00:00+00:00, run_after=2024-10-04 00:00:00+00:00
[2024-10-04T23:47:07.547+0000] {logging_mixin.py:190} INFO - [2024-10-04T23:47:07.547+0000] {dag.py:4156} INFO - Setting next_dagrun for example_branch_datetime_operator_3 to 2024-10-03 00:00:00+00:00, run_after=2024-10-04 00:00:00+00:00
[2024-10-04T23:47:07.662+0000] {processor.py:208} INFO - Processing /home/airflow/.local/lib/python3.12/site-packages/airflow/example_dags/example_branch_datetime_operator.py took 0.420 seconds
[2024-10-04T23:47:37.743+0000] {processor.py:186} INFO - Started process (PID=1326) to work on /home/airflow/.local/lib/python3.12/site-packages/airflow/example_dags/example_branch_datetime_operator.py
[2024-10-04T23:47:37.745+0000] {processor.py:914} INFO - Processing file /home/airflow/.local/lib/python3.12/site-packages/airflow/example_dags/example_branch_datetime_operator.py for tasks to queue
[2024-10-04T23:47:37.748+0000] {logging_mixin.py:190} INFO - [2024-10-04T23:47:37.748+0000] {dagbag.py:587} INFO - Filling up the DagBag from /home/airflow/.local/lib/python3.12/site-packages/airflow/example_dags/example_branch_datetime_operator.py
[2024-10-04T23:47:37.763+0000] {processor.py:925} INFO - DAG(s) 'example_branch_datetime_operator_2', 'example_branch_datetime_operator', 'example_branch_datetime_operator_3' retrieved from /home/airflow/.local/lib/python3.12/site-packages/airflow/example_dags/example_branch_datetime_operator.py
[2024-10-04T23:47:37.800+0000] {logging_mixin.py:190} INFO - [2024-10-04T23:47:37.800+0000] {dag.py:3229} INFO - Sync 3 DAGs
[2024-10-04T23:47:37.834+0000] {logging_mixin.py:190} INFO - [2024-10-04T23:47:37.833+0000] {dag.py:4156} INFO - Setting next_dagrun for example_branch_datetime_operator to 2024-10-03 00:00:00+00:00, run_after=2024-10-04 00:00:00+00:00
[2024-10-04T23:47:37.841+0000] {logging_mixin.py:190} INFO - [2024-10-04T23:47:37.840+0000] {dag.py:4156} INFO - Setting next_dagrun for example_branch_datetime_operator_2 to 2024-10-03 00:00:00+00:00, run_after=2024-10-04 00:00:00+00:00
[2024-10-04T23:47:37.844+0000] {logging_mixin.py:190} INFO - [2024-10-04T23:47:37.844+0000] {dag.py:4156} INFO - Setting next_dagrun for example_branch_datetime_operator_3 to 2024-10-03 00:00:00+00:00, run_after=2024-10-04 00:00:00+00:00
[2024-10-04T23:47:37.875+0000] {processor.py:208} INFO - Processing /home/airflow/.local/lib/python3.12/site-packages/airflow/example_dags/example_branch_datetime_operator.py took 0.139 seconds
[2024-10-04T23:48:08.297+0000] {processor.py:186} INFO - Started process (PID=1388) to work on /home/airflow/.local/lib/python3.12/site-packages/airflow/example_dags/example_branch_datetime_operator.py
[2024-10-04T23:48:08.299+0000] {processor.py:914} INFO - Processing file /home/airflow/.local/lib/python3.12/site-packages/airflow/example_dags/example_branch_datetime_operator.py for tasks to queue
[2024-10-04T23:48:08.302+0000] {logging_mixin.py:190} INFO - [2024-10-04T23:48:08.301+0000] {dagbag.py:587} INFO - Filling up the DagBag from /home/airflow/.local/lib/python3.12/site-packages/airflow/example_dags/example_branch_datetime_operator.py
[2024-10-04T23:48:08.319+0000] {processor.py:925} INFO - DAG(s) 'example_branch_datetime_operator_2', 'example_branch_datetime_operator', 'example_branch_datetime_operator_3' retrieved from /home/airflow/.local/lib/python3.12/site-packages/airflow/example_dags/example_branch_datetime_operator.py
[2024-10-04T23:48:08.365+0000] {logging_mixin.py:190} INFO - [2024-10-04T23:48:08.364+0000] {dag.py:3229} INFO - Sync 3 DAGs
[2024-10-04T23:48:08.404+0000] {logging_mixin.py:190} INFO - [2024-10-04T23:48:08.404+0000] {dag.py:4156} INFO - Setting next_dagrun for example_branch_datetime_operator to 2024-10-03 00:00:00+00:00, run_after=2024-10-04 00:00:00+00:00
[2024-10-04T23:48:08.413+0000] {logging_mixin.py:190} INFO - [2024-10-04T23:48:08.413+0000] {dag.py:4156} INFO - Setting next_dagrun for example_branch_datetime_operator_2 to 2024-10-03 00:00:00+00:00, run_after=2024-10-04 00:00:00+00:00
[2024-10-04T23:48:08.418+0000] {logging_mixin.py:190} INFO - [2024-10-04T23:48:08.418+0000] {dag.py:4156} INFO - Setting next_dagrun for example_branch_datetime_operator_3 to 2024-10-03 00:00:00+00:00, run_after=2024-10-04 00:00:00+00:00
[2024-10-04T23:48:08.446+0000] {processor.py:208} INFO - Processing /home/airflow/.local/lib/python3.12/site-packages/airflow/example_dags/example_branch_datetime_operator.py took 0.156 seconds
[2024-10-04T23:48:38.841+0000] {processor.py:186} INFO - Started process (PID=1450) to work on /home/airflow/.local/lib/python3.12/site-packages/airflow/example_dags/example_branch_datetime_operator.py
[2024-10-04T23:48:38.842+0000] {processor.py:914} INFO - Processing file /home/airflow/.local/lib/python3.12/site-packages/airflow/example_dags/example_branch_datetime_operator.py for tasks to queue
[2024-10-04T23:48:38.846+0000] {logging_mixin.py:190} INFO - [2024-10-04T23:48:38.846+0000] {dagbag.py:587} INFO - Filling up the DagBag from /home/airflow/.local/lib/python3.12/site-packages/airflow/example_dags/example_branch_datetime_operator.py
[2024-10-04T23:48:38.864+0000] {processor.py:925} INFO - DAG(s) 'example_branch_datetime_operator', 'example_branch_datetime_operator_2', 'example_branch_datetime_operator_3' retrieved from /home/airflow/.local/lib/python3.12/site-packages/airflow/example_dags/example_branch_datetime_operator.py
[2024-10-04T23:48:38.901+0000] {logging_mixin.py:190} INFO - [2024-10-04T23:48:38.901+0000] {dag.py:3229} INFO - Sync 3 DAGs
[2024-10-04T23:48:38.937+0000] {logging_mixin.py:190} INFO - [2024-10-04T23:48:38.936+0000] {dag.py:4156} INFO - Setting next_dagrun for example_branch_datetime_operator to 2024-10-03 00:00:00+00:00, run_after=2024-10-04 00:00:00+00:00
[2024-10-04T23:48:38.945+0000] {logging_mixin.py:190} INFO - [2024-10-04T23:48:38.945+0000] {dag.py:4156} INFO - Setting next_dagrun for example_branch_datetime_operator_2 to 2024-10-03 00:00:00+00:00, run_after=2024-10-04 00:00:00+00:00
[2024-10-04T23:48:38.950+0000] {logging_mixin.py:190} INFO - [2024-10-04T23:48:38.950+0000] {dag.py:4156} INFO - Setting next_dagrun for example_branch_datetime_operator_3 to 2024-10-03 00:00:00+00:00, run_after=2024-10-04 00:00:00+00:00
[2024-10-04T23:48:38.983+0000] {processor.py:208} INFO - Processing /home/airflow/.local/lib/python3.12/site-packages/airflow/example_dags/example_branch_datetime_operator.py took 0.150 seconds
[2024-10-04T23:49:09.251+0000] {processor.py:186} INFO - Started process (PID=1513) to work on /home/airflow/.local/lib/python3.12/site-packages/airflow/example_dags/example_branch_datetime_operator.py
[2024-10-04T23:49:09.253+0000] {processor.py:914} INFO - Processing file /home/airflow/.local/lib/python3.12/site-packages/airflow/example_dags/example_branch_datetime_operator.py for tasks to queue
[2024-10-04T23:49:09.256+0000] {logging_mixin.py:190} INFO - [2024-10-04T23:49:09.256+0000] {dagbag.py:587} INFO - Filling up the DagBag from /home/airflow/.local/lib/python3.12/site-packages/airflow/example_dags/example_branch_datetime_operator.py
[2024-10-04T23:49:09.273+0000] {processor.py:925} INFO - DAG(s) 'example_branch_datetime_operator', 'example_branch_datetime_operator_2', 'example_branch_datetime_operator_3' retrieved from /home/airflow/.local/lib/python3.12/site-packages/airflow/example_dags/example_branch_datetime_operator.py
[2024-10-04T23:49:09.321+0000] {logging_mixin.py:190} INFO - [2024-10-04T23:49:09.320+0000] {dag.py:3229} INFO - Sync 3 DAGs
[2024-10-04T23:49:09.370+0000] {logging_mixin.py:190} INFO - [2024-10-04T23:49:09.369+0000] {dag.py:4156} INFO - Setting next_dagrun for example_branch_datetime_operator to 2024-10-03 00:00:00+00:00, run_after=2024-10-04 00:00:00+00:00
[2024-10-04T23:49:09.379+0000] {logging_mixin.py:190} INFO - [2024-10-04T23:49:09.379+0000] {dag.py:4156} INFO - Setting next_dagrun for example_branch_datetime_operator_2 to 2024-10-03 00:00:00+00:00, run_after=2024-10-04 00:00:00+00:00
[2024-10-04T23:49:09.384+0000] {logging_mixin.py:190} INFO - [2024-10-04T23:49:09.384+0000] {dag.py:4156} INFO - Setting next_dagrun for example_branch_datetime_operator_3 to 2024-10-03 00:00:00+00:00, run_after=2024-10-04 00:00:00+00:00
[2024-10-04T23:49:09.421+0000] {processor.py:208} INFO - Processing /home/airflow/.local/lib/python3.12/site-packages/airflow/example_dags/example_branch_datetime_operator.py took 0.178 seconds
[2024-10-04T23:49:40.314+0000] {processor.py:186} INFO - Started process (PID=1576) to work on /home/airflow/.local/lib/python3.12/site-packages/airflow/example_dags/example_branch_datetime_operator.py
[2024-10-04T23:49:40.316+0000] {processor.py:914} INFO - Processing file /home/airflow/.local/lib/python3.12/site-packages/airflow/example_dags/example_branch_datetime_operator.py for tasks to queue
[2024-10-04T23:49:40.319+0000] {logging_mixin.py:190} INFO - [2024-10-04T23:49:40.319+0000] {dagbag.py:587} INFO - Filling up the DagBag from /home/airflow/.local/lib/python3.12/site-packages/airflow/example_dags/example_branch_datetime_operator.py
[2024-10-04T23:49:40.335+0000] {processor.py:925} INFO - DAG(s) 'example_branch_datetime_operator', 'example_branch_datetime_operator_3', 'example_branch_datetime_operator_2' retrieved from /home/airflow/.local/lib/python3.12/site-packages/airflow/example_dags/example_branch_datetime_operator.py
[2024-10-04T23:49:40.371+0000] {logging_mixin.py:190} INFO - [2024-10-04T23:49:40.371+0000] {dag.py:3229} INFO - Sync 3 DAGs
[2024-10-04T23:49:40.406+0000] {logging_mixin.py:190} INFO - [2024-10-04T23:49:40.405+0000] {dag.py:4156} INFO - Setting next_dagrun for example_branch_datetime_operator to 2024-10-03 00:00:00+00:00, run_after=2024-10-04 00:00:00+00:00
[2024-10-04T23:49:40.413+0000] {logging_mixin.py:190} INFO - [2024-10-04T23:49:40.413+0000] {dag.py:4156} INFO - Setting next_dagrun for example_branch_datetime_operator_2 to 2024-10-03 00:00:00+00:00, run_after=2024-10-04 00:00:00+00:00
[2024-10-04T23:49:40.419+0000] {logging_mixin.py:190} INFO - [2024-10-04T23:49:40.418+0000] {dag.py:4156} INFO - Setting next_dagrun for example_branch_datetime_operator_3 to 2024-10-03 00:00:00+00:00, run_after=2024-10-04 00:00:00+00:00
[2024-10-04T23:49:40.454+0000] {processor.py:208} INFO - Processing /home/airflow/.local/lib/python3.12/site-packages/airflow/example_dags/example_branch_datetime_operator.py took 0.148 seconds
[2024-10-04T23:50:10.866+0000] {processor.py:186} INFO - Started process (PID=1637) to work on /home/airflow/.local/lib/python3.12/site-packages/airflow/example_dags/example_branch_datetime_operator.py
[2024-10-04T23:50:10.867+0000] {processor.py:914} INFO - Processing file /home/airflow/.local/lib/python3.12/site-packages/airflow/example_dags/example_branch_datetime_operator.py for tasks to queue
[2024-10-04T23:50:10.871+0000] {logging_mixin.py:190} INFO - [2024-10-04T23:50:10.870+0000] {dagbag.py:587} INFO - Filling up the DagBag from /home/airflow/.local/lib/python3.12/site-packages/airflow/example_dags/example_branch_datetime_operator.py
[2024-10-04T23:50:10.887+0000] {processor.py:925} INFO - DAG(s) 'example_branch_datetime_operator', 'example_branch_datetime_operator_3', 'example_branch_datetime_operator_2' retrieved from /home/airflow/.local/lib/python3.12/site-packages/airflow/example_dags/example_branch_datetime_operator.py
[2024-10-04T23:50:10.922+0000] {logging_mixin.py:190} INFO - [2024-10-04T23:50:10.922+0000] {dag.py:3229} INFO - Sync 3 DAGs
[2024-10-04T23:50:10.955+0000] {logging_mixin.py:190} INFO - [2024-10-04T23:50:10.955+0000] {dag.py:4156} INFO - Setting next_dagrun for example_branch_datetime_operator to 2024-10-03 00:00:00+00:00, run_after=2024-10-04 00:00:00+00:00
[2024-10-04T23:50:10.961+0000] {logging_mixin.py:190} INFO - [2024-10-04T23:50:10.961+0000] {dag.py:4156} INFO - Setting next_dagrun for example_branch_datetime_operator_2 to 2024-10-03 00:00:00+00:00, run_after=2024-10-04 00:00:00+00:00
[2024-10-04T23:50:10.965+0000] {logging_mixin.py:190} INFO - [2024-10-04T23:50:10.965+0000] {dag.py:4156} INFO - Setting next_dagrun for example_branch_datetime_operator_3 to 2024-10-03 00:00:00+00:00, run_after=2024-10-04 00:00:00+00:00
[2024-10-04T23:50:11.000+0000] {processor.py:208} INFO - Processing /home/airflow/.local/lib/python3.12/site-packages/airflow/example_dags/example_branch_datetime_operator.py took 0.145 seconds
[2024-10-04T23:50:41.527+0000] {processor.py:186} INFO - Started process (PID=1706) to work on /home/airflow/.local/lib/python3.12/site-packages/airflow/example_dags/example_branch_datetime_operator.py
[2024-10-04T23:50:41.529+0000] {processor.py:914} INFO - Processing file /home/airflow/.local/lib/python3.12/site-packages/airflow/example_dags/example_branch_datetime_operator.py for tasks to queue
[2024-10-04T23:50:41.532+0000] {logging_mixin.py:190} INFO - [2024-10-04T23:50:41.531+0000] {dagbag.py:587} INFO - Filling up the DagBag from /home/airflow/.local/lib/python3.12/site-packages/airflow/example_dags/example_branch_datetime_operator.py
[2024-10-04T23:50:41.547+0000] {processor.py:925} INFO - DAG(s) 'example_branch_datetime_operator_3', 'example_branch_datetime_operator', 'example_branch_datetime_operator_2' retrieved from /home/airflow/.local/lib/python3.12/site-packages/airflow/example_dags/example_branch_datetime_operator.py
[2024-10-04T23:50:41.582+0000] {logging_mixin.py:190} INFO - [2024-10-04T23:50:41.581+0000] {dag.py:3229} INFO - Sync 3 DAGs
[2024-10-04T23:50:41.628+0000] {logging_mixin.py:190} INFO - [2024-10-04T23:50:41.627+0000] {dag.py:4156} INFO - Setting next_dagrun for example_branch_datetime_operator to 2024-10-03 00:00:00+00:00, run_after=2024-10-04 00:00:00+00:00
[2024-10-04T23:50:41.636+0000] {logging_mixin.py:190} INFO - [2024-10-04T23:50:41.635+0000] {dag.py:4156} INFO - Setting next_dagrun for example_branch_datetime_operator_2 to 2024-10-03 00:00:00+00:00, run_after=2024-10-04 00:00:00+00:00
[2024-10-04T23:50:41.641+0000] {logging_mixin.py:190} INFO - [2024-10-04T23:50:41.640+0000] {dag.py:4156} INFO - Setting next_dagrun for example_branch_datetime_operator_3 to 2024-10-03 00:00:00+00:00, run_after=2024-10-04 00:00:00+00:00
[2024-10-04T23:50:41.675+0000] {processor.py:208} INFO - Processing /home/airflow/.local/lib/python3.12/site-packages/airflow/example_dags/example_branch_datetime_operator.py took 0.156 seconds
[2024-10-04T23:51:16.486+0000] {processor.py:186} INFO - Started process (PID=1767) to work on /home/airflow/.local/lib/python3.12/site-packages/airflow/example_dags/example_branch_datetime_operator.py
[2024-10-04T23:51:16.498+0000] {processor.py:914} INFO - Processing file /home/airflow/.local/lib/python3.12/site-packages/airflow/example_dags/example_branch_datetime_operator.py for tasks to queue
[2024-10-04T23:51:16.513+0000] {logging_mixin.py:190} INFO - [2024-10-04T23:51:16.502+0000] {dagbag.py:587} INFO - Filling up the DagBag from /home/airflow/.local/lib/python3.12/site-packages/airflow/example_dags/example_branch_datetime_operator.py
[2024-10-04T23:51:16.581+0000] {processor.py:925} INFO - DAG(s) 'example_branch_datetime_operator', 'example_branch_datetime_operator_2', 'example_branch_datetime_operator_3' retrieved from /home/airflow/.local/lib/python3.12/site-packages/airflow/example_dags/example_branch_datetime_operator.py
[2024-10-04T23:51:16.711+0000] {logging_mixin.py:190} INFO - [2024-10-04T23:51:16.711+0000] {dag.py:3229} INFO - Sync 3 DAGs
[2024-10-04T23:51:16.876+0000] {logging_mixin.py:190} INFO - [2024-10-04T23:51:16.875+0000] {dag.py:4156} INFO - Setting next_dagrun for example_branch_datetime_operator to 2024-10-03 00:00:00+00:00, run_after=2024-10-04 00:00:00+00:00
[2024-10-04T23:51:16.919+0000] {logging_mixin.py:190} INFO - [2024-10-04T23:51:16.918+0000] {dag.py:4156} INFO - Setting next_dagrun for example_branch_datetime_operator_2 to 2024-10-03 00:00:00+00:00, run_after=2024-10-04 00:00:00+00:00
[2024-10-04T23:51:16.935+0000] {logging_mixin.py:190} INFO - [2024-10-04T23:51:16.924+0000] {dag.py:4156} INFO - Setting next_dagrun for example_branch_datetime_operator_3 to 2024-10-03 00:00:00+00:00, run_after=2024-10-04 00:00:00+00:00
[2024-10-04T23:51:17.050+0000] {processor.py:208} INFO - Processing /home/airflow/.local/lib/python3.12/site-packages/airflow/example_dags/example_branch_datetime_operator.py took 0.586 seconds
[2024-10-04T23:51:48.104+0000] {processor.py:186} INFO - Started process (PID=1829) to work on /home/airflow/.local/lib/python3.12/site-packages/airflow/example_dags/example_branch_datetime_operator.py
[2024-10-04T23:51:48.109+0000] {processor.py:914} INFO - Processing file /home/airflow/.local/lib/python3.12/site-packages/airflow/example_dags/example_branch_datetime_operator.py for tasks to queue
[2024-10-04T23:51:48.125+0000] {logging_mixin.py:190} INFO - [2024-10-04T23:51:48.124+0000] {dagbag.py:587} INFO - Filling up the DagBag from /home/airflow/.local/lib/python3.12/site-packages/airflow/example_dags/example_branch_datetime_operator.py
[2024-10-04T23:51:48.197+0000] {processor.py:925} INFO - DAG(s) 'example_branch_datetime_operator_3', 'example_branch_datetime_operator_2', 'example_branch_datetime_operator' retrieved from /home/airflow/.local/lib/python3.12/site-packages/airflow/example_dags/example_branch_datetime_operator.py
[2024-10-04T23:51:48.292+0000] {logging_mixin.py:190} INFO - [2024-10-04T23:51:48.291+0000] {dag.py:3229} INFO - Sync 3 DAGs
[2024-10-04T23:51:48.391+0000] {logging_mixin.py:190} INFO - [2024-10-04T23:51:48.390+0000] {dag.py:4156} INFO - Setting next_dagrun for example_branch_datetime_operator to 2024-10-03 00:00:00+00:00, run_after=2024-10-04 00:00:00+00:00
[2024-10-04T23:51:48.405+0000] {logging_mixin.py:190} INFO - [2024-10-04T23:51:48.405+0000] {dag.py:4156} INFO - Setting next_dagrun for example_branch_datetime_operator_2 to 2024-10-03 00:00:00+00:00, run_after=2024-10-04 00:00:00+00:00
[2024-10-04T23:51:48.419+0000] {logging_mixin.py:190} INFO - [2024-10-04T23:51:48.419+0000] {dag.py:4156} INFO - Setting next_dagrun for example_branch_datetime_operator_3 to 2024-10-03 00:00:00+00:00, run_after=2024-10-04 00:00:00+00:00
[2024-10-04T23:51:48.471+0000] {processor.py:208} INFO - Processing /home/airflow/.local/lib/python3.12/site-packages/airflow/example_dags/example_branch_datetime_operator.py took 0.390 seconds
[2024-10-04T23:52:19.542+0000] {processor.py:186} INFO - Started process (PID=1891) to work on /home/airflow/.local/lib/python3.12/site-packages/airflow/example_dags/example_branch_datetime_operator.py
[2024-10-04T23:52:19.544+0000] {processor.py:914} INFO - Processing file /home/airflow/.local/lib/python3.12/site-packages/airflow/example_dags/example_branch_datetime_operator.py for tasks to queue
[2024-10-04T23:52:19.559+0000] {logging_mixin.py:190} INFO - [2024-10-04T23:52:19.558+0000] {dagbag.py:587} INFO - Filling up the DagBag from /home/airflow/.local/lib/python3.12/site-packages/airflow/example_dags/example_branch_datetime_operator.py
[2024-10-04T23:52:19.637+0000] {processor.py:925} INFO - DAG(s) 'example_branch_datetime_operator', 'example_branch_datetime_operator_3', 'example_branch_datetime_operator_2' retrieved from /home/airflow/.local/lib/python3.12/site-packages/airflow/example_dags/example_branch_datetime_operator.py
[2024-10-04T23:52:19.810+0000] {logging_mixin.py:190} INFO - [2024-10-04T23:52:19.799+0000] {dag.py:3229} INFO - Sync 3 DAGs
[2024-10-04T23:52:19.953+0000] {logging_mixin.py:190} INFO - [2024-10-04T23:52:19.953+0000] {dag.py:4156} INFO - Setting next_dagrun for example_branch_datetime_operator to 2024-10-03 00:00:00+00:00, run_after=2024-10-04 00:00:00+00:00
[2024-10-04T23:52:19.974+0000] {logging_mixin.py:190} INFO - [2024-10-04T23:52:19.973+0000] {dag.py:4156} INFO - Setting next_dagrun for example_branch_datetime_operator_2 to 2024-10-03 00:00:00+00:00, run_after=2024-10-04 00:00:00+00:00
[2024-10-04T23:52:20.006+0000] {logging_mixin.py:190} INFO - [2024-10-04T23:52:20.006+0000] {dag.py:4156} INFO - Setting next_dagrun for example_branch_datetime_operator_3 to 2024-10-03 00:00:00+00:00, run_after=2024-10-04 00:00:00+00:00
[2024-10-04T23:52:20.113+0000] {processor.py:208} INFO - Processing /home/airflow/.local/lib/python3.12/site-packages/airflow/example_dags/example_branch_datetime_operator.py took 0.607 seconds
[2024-10-04T23:52:50.640+0000] {processor.py:186} INFO - Started process (PID=1954) to work on /home/airflow/.local/lib/python3.12/site-packages/airflow/example_dags/example_branch_datetime_operator.py
[2024-10-04T23:52:50.641+0000] {processor.py:914} INFO - Processing file /home/airflow/.local/lib/python3.12/site-packages/airflow/example_dags/example_branch_datetime_operator.py for tasks to queue
[2024-10-04T23:52:50.645+0000] {logging_mixin.py:190} INFO - [2024-10-04T23:52:50.644+0000] {dagbag.py:587} INFO - Filling up the DagBag from /home/airflow/.local/lib/python3.12/site-packages/airflow/example_dags/example_branch_datetime_operator.py
[2024-10-04T23:52:50.668+0000] {processor.py:925} INFO - DAG(s) 'example_branch_datetime_operator', 'example_branch_datetime_operator_3', 'example_branch_datetime_operator_2' retrieved from /home/airflow/.local/lib/python3.12/site-packages/airflow/example_dags/example_branch_datetime_operator.py
[2024-10-04T23:52:50.742+0000] {logging_mixin.py:190} INFO - [2024-10-04T23:52:50.741+0000] {dag.py:3229} INFO - Sync 3 DAGs
[2024-10-04T23:52:50.799+0000] {logging_mixin.py:190} INFO - [2024-10-04T23:52:50.798+0000] {dag.py:4156} INFO - Setting next_dagrun for example_branch_datetime_operator to 2024-10-03 00:00:00+00:00, run_after=2024-10-04 00:00:00+00:00
[2024-10-04T23:52:50.811+0000] {logging_mixin.py:190} INFO - [2024-10-04T23:52:50.811+0000] {dag.py:4156} INFO - Setting next_dagrun for example_branch_datetime_operator_2 to 2024-10-03 00:00:00+00:00, run_after=2024-10-04 00:00:00+00:00
[2024-10-04T23:52:50.820+0000] {logging_mixin.py:190} INFO - [2024-10-04T23:52:50.820+0000] {dag.py:4156} INFO - Setting next_dagrun for example_branch_datetime_operator_3 to 2024-10-03 00:00:00+00:00, run_after=2024-10-04 00:00:00+00:00
[2024-10-04T23:52:50.873+0000] {processor.py:208} INFO - Processing /home/airflow/.local/lib/python3.12/site-packages/airflow/example_dags/example_branch_datetime_operator.py took 0.246 seconds
[2024-10-04T23:53:21.899+0000] {processor.py:186} INFO - Started process (PID=2016) to work on /home/airflow/.local/lib/python3.12/site-packages/airflow/example_dags/example_branch_datetime_operator.py
[2024-10-04T23:53:21.906+0000] {processor.py:914} INFO - Processing file /home/airflow/.local/lib/python3.12/site-packages/airflow/example_dags/example_branch_datetime_operator.py for tasks to queue
[2024-10-04T23:53:21.910+0000] {logging_mixin.py:190} INFO - [2024-10-04T23:53:21.909+0000] {dagbag.py:587} INFO - Filling up the DagBag from /home/airflow/.local/lib/python3.12/site-packages/airflow/example_dags/example_branch_datetime_operator.py
[2024-10-04T23:53:21.951+0000] {processor.py:925} INFO - DAG(s) 'example_branch_datetime_operator', 'example_branch_datetime_operator_3', 'example_branch_datetime_operator_2' retrieved from /home/airflow/.local/lib/python3.12/site-packages/airflow/example_dags/example_branch_datetime_operator.py
[2024-10-04T23:53:22.007+0000] {logging_mixin.py:190} INFO - [2024-10-04T23:53:22.006+0000] {dag.py:3229} INFO - Sync 3 DAGs
[2024-10-04T23:53:22.057+0000] {logging_mixin.py:190} INFO - [2024-10-04T23:53:22.057+0000] {dag.py:4156} INFO - Setting next_dagrun for example_branch_datetime_operator to 2024-10-03 00:00:00+00:00, run_after=2024-10-04 00:00:00+00:00
[2024-10-04T23:53:22.068+0000] {logging_mixin.py:190} INFO - [2024-10-04T23:53:22.068+0000] {dag.py:4156} INFO - Setting next_dagrun for example_branch_datetime_operator_2 to 2024-10-03 00:00:00+00:00, run_after=2024-10-04 00:00:00+00:00
[2024-10-04T23:53:22.074+0000] {logging_mixin.py:190} INFO - [2024-10-04T23:53:22.074+0000] {dag.py:4156} INFO - Setting next_dagrun for example_branch_datetime_operator_3 to 2024-10-03 00:00:00+00:00, run_after=2024-10-04 00:00:00+00:00
[2024-10-04T23:53:22.115+0000] {processor.py:208} INFO - Processing /home/airflow/.local/lib/python3.12/site-packages/airflow/example_dags/example_branch_datetime_operator.py took 0.226 seconds
[2024-10-04T23:53:52.341+0000] {processor.py:186} INFO - Started process (PID=2078) to work on /home/airflow/.local/lib/python3.12/site-packages/airflow/example_dags/example_branch_datetime_operator.py
[2024-10-04T23:53:52.342+0000] {processor.py:914} INFO - Processing file /home/airflow/.local/lib/python3.12/site-packages/airflow/example_dags/example_branch_datetime_operator.py for tasks to queue
[2024-10-04T23:53:52.346+0000] {logging_mixin.py:190} INFO - [2024-10-04T23:53:52.346+0000] {dagbag.py:587} INFO - Filling up the DagBag from /home/airflow/.local/lib/python3.12/site-packages/airflow/example_dags/example_branch_datetime_operator.py
[2024-10-04T23:53:52.365+0000] {processor.py:925} INFO - DAG(s) 'example_branch_datetime_operator', 'example_branch_datetime_operator_2', 'example_branch_datetime_operator_3' retrieved from /home/airflow/.local/lib/python3.12/site-packages/airflow/example_dags/example_branch_datetime_operator.py
[2024-10-04T23:53:52.404+0000] {logging_mixin.py:190} INFO - [2024-10-04T23:53:52.404+0000] {dag.py:3229} INFO - Sync 3 DAGs
[2024-10-04T23:53:52.443+0000] {logging_mixin.py:190} INFO - [2024-10-04T23:53:52.442+0000] {dag.py:4156} INFO - Setting next_dagrun for example_branch_datetime_operator to 2024-10-03 00:00:00+00:00, run_after=2024-10-04 00:00:00+00:00
[2024-10-04T23:53:52.452+0000] {logging_mixin.py:190} INFO - [2024-10-04T23:53:52.451+0000] {dag.py:4156} INFO - Setting next_dagrun for example_branch_datetime_operator_2 to 2024-10-03 00:00:00+00:00, run_after=2024-10-04 00:00:00+00:00
[2024-10-04T23:53:52.457+0000] {logging_mixin.py:190} INFO - [2024-10-04T23:53:52.456+0000] {dag.py:4156} INFO - Setting next_dagrun for example_branch_datetime_operator_3 to 2024-10-03 00:00:00+00:00, run_after=2024-10-04 00:00:00+00:00
[2024-10-04T23:53:52.490+0000] {processor.py:208} INFO - Processing /home/airflow/.local/lib/python3.12/site-packages/airflow/example_dags/example_branch_datetime_operator.py took 0.157 seconds
[2024-10-04T23:54:22.851+0000] {processor.py:186} INFO - Started process (PID=2140) to work on /home/airflow/.local/lib/python3.12/site-packages/airflow/example_dags/example_branch_datetime_operator.py
[2024-10-04T23:54:22.852+0000] {processor.py:914} INFO - Processing file /home/airflow/.local/lib/python3.12/site-packages/airflow/example_dags/example_branch_datetime_operator.py for tasks to queue
[2024-10-04T23:54:22.856+0000] {logging_mixin.py:190} INFO - [2024-10-04T23:54:22.855+0000] {dagbag.py:587} INFO - Filling up the DagBag from /home/airflow/.local/lib/python3.12/site-packages/airflow/example_dags/example_branch_datetime_operator.py
[2024-10-04T23:54:22.878+0000] {processor.py:925} INFO - DAG(s) 'example_branch_datetime_operator', 'example_branch_datetime_operator_3', 'example_branch_datetime_operator_2' retrieved from /home/airflow/.local/lib/python3.12/site-packages/airflow/example_dags/example_branch_datetime_operator.py
[2024-10-04T23:54:22.924+0000] {logging_mixin.py:190} INFO - [2024-10-04T23:54:22.923+0000] {dag.py:3229} INFO - Sync 3 DAGs
[2024-10-04T23:54:22.963+0000] {logging_mixin.py:190} INFO - [2024-10-04T23:54:22.962+0000] {dag.py:4156} INFO - Setting next_dagrun for example_branch_datetime_operator to 2024-10-03 00:00:00+00:00, run_after=2024-10-04 00:00:00+00:00
[2024-10-04T23:54:22.972+0000] {logging_mixin.py:190} INFO - [2024-10-04T23:54:22.972+0000] {dag.py:4156} INFO - Setting next_dagrun for example_branch_datetime_operator_2 to 2024-10-03 00:00:00+00:00, run_after=2024-10-04 00:00:00+00:00
[2024-10-04T23:54:22.977+0000] {logging_mixin.py:190} INFO - [2024-10-04T23:54:22.977+0000] {dag.py:4156} INFO - Setting next_dagrun for example_branch_datetime_operator_3 to 2024-10-03 00:00:00+00:00, run_after=2024-10-04 00:00:00+00:00
[2024-10-04T23:54:23.007+0000] {processor.py:208} INFO - Processing /home/airflow/.local/lib/python3.12/site-packages/airflow/example_dags/example_branch_datetime_operator.py took 0.164 seconds
[2024-10-04T23:54:53.226+0000] {processor.py:186} INFO - Started process (PID=2202) to work on /home/airflow/.local/lib/python3.12/site-packages/airflow/example_dags/example_branch_datetime_operator.py
[2024-10-04T23:54:53.228+0000] {processor.py:914} INFO - Processing file /home/airflow/.local/lib/python3.12/site-packages/airflow/example_dags/example_branch_datetime_operator.py for tasks to queue
[2024-10-04T23:54:53.232+0000] {logging_mixin.py:190} INFO - [2024-10-04T23:54:53.232+0000] {dagbag.py:587} INFO - Filling up the DagBag from /home/airflow/.local/lib/python3.12/site-packages/airflow/example_dags/example_branch_datetime_operator.py
[2024-10-04T23:54:53.256+0000] {processor.py:925} INFO - DAG(s) 'example_branch_datetime_operator_2', 'example_branch_datetime_operator', 'example_branch_datetime_operator_3' retrieved from /home/airflow/.local/lib/python3.12/site-packages/airflow/example_dags/example_branch_datetime_operator.py
[2024-10-04T23:54:53.308+0000] {logging_mixin.py:190} INFO - [2024-10-04T23:54:53.308+0000] {dag.py:3229} INFO - Sync 3 DAGs
[2024-10-04T23:54:53.358+0000] {logging_mixin.py:190} INFO - [2024-10-04T23:54:53.358+0000] {dag.py:4156} INFO - Setting next_dagrun for example_branch_datetime_operator to 2024-10-03 00:00:00+00:00, run_after=2024-10-04 00:00:00+00:00
[2024-10-04T23:54:53.369+0000] {logging_mixin.py:190} INFO - [2024-10-04T23:54:53.369+0000] {dag.py:4156} INFO - Setting next_dagrun for example_branch_datetime_operator_2 to 2024-10-03 00:00:00+00:00, run_after=2024-10-04 00:00:00+00:00
[2024-10-04T23:54:53.375+0000] {logging_mixin.py:190} INFO - [2024-10-04T23:54:53.374+0000] {dag.py:4156} INFO - Setting next_dagrun for example_branch_datetime_operator_3 to 2024-10-03 00:00:00+00:00, run_after=2024-10-04 00:00:00+00:00
[2024-10-04T23:54:53.417+0000] {processor.py:208} INFO - Processing /home/airflow/.local/lib/python3.12/site-packages/airflow/example_dags/example_branch_datetime_operator.py took 0.203 seconds
[2024-10-04T23:55:24.185+0000] {processor.py:186} INFO - Started process (PID=2264) to work on /home/airflow/.local/lib/python3.12/site-packages/airflow/example_dags/example_branch_datetime_operator.py
[2024-10-04T23:55:24.187+0000] {processor.py:914} INFO - Processing file /home/airflow/.local/lib/python3.12/site-packages/airflow/example_dags/example_branch_datetime_operator.py for tasks to queue
[2024-10-04T23:55:24.190+0000] {logging_mixin.py:190} INFO - [2024-10-04T23:55:24.190+0000] {dagbag.py:587} INFO - Filling up the DagBag from /home/airflow/.local/lib/python3.12/site-packages/airflow/example_dags/example_branch_datetime_operator.py
[2024-10-04T23:55:24.211+0000] {processor.py:925} INFO - DAG(s) 'example_branch_datetime_operator', 'example_branch_datetime_operator_3', 'example_branch_datetime_operator_2' retrieved from /home/airflow/.local/lib/python3.12/site-packages/airflow/example_dags/example_branch_datetime_operator.py
[2024-10-04T23:55:24.251+0000] {logging_mixin.py:190} INFO - [2024-10-04T23:55:24.250+0000] {dag.py:3229} INFO - Sync 3 DAGs
[2024-10-04T23:55:24.292+0000] {logging_mixin.py:190} INFO - [2024-10-04T23:55:24.291+0000] {dag.py:4156} INFO - Setting next_dagrun for example_branch_datetime_operator to 2024-10-03 00:00:00+00:00, run_after=2024-10-04 00:00:00+00:00
[2024-10-04T23:55:24.298+0000] {logging_mixin.py:190} INFO - [2024-10-04T23:55:24.298+0000] {dag.py:4156} INFO - Setting next_dagrun for example_branch_datetime_operator_2 to 2024-10-03 00:00:00+00:00, run_after=2024-10-04 00:00:00+00:00
[2024-10-04T23:55:24.304+0000] {logging_mixin.py:190} INFO - [2024-10-04T23:55:24.303+0000] {dag.py:4156} INFO - Setting next_dagrun for example_branch_datetime_operator_3 to 2024-10-03 00:00:00+00:00, run_after=2024-10-04 00:00:00+00:00
[2024-10-04T23:55:24.329+0000] {processor.py:208} INFO - Processing /home/airflow/.local/lib/python3.12/site-packages/airflow/example_dags/example_branch_datetime_operator.py took 0.152 seconds
[2024-10-04T23:55:55.538+0000] {processor.py:186} INFO - Started process (PID=2326) to work on /home/airflow/.local/lib/python3.12/site-packages/airflow/example_dags/example_branch_datetime_operator.py
[2024-10-04T23:55:55.539+0000] {processor.py:914} INFO - Processing file /home/airflow/.local/lib/python3.12/site-packages/airflow/example_dags/example_branch_datetime_operator.py for tasks to queue
[2024-10-04T23:55:55.544+0000] {logging_mixin.py:190} INFO - [2024-10-04T23:55:55.543+0000] {dagbag.py:587} INFO - Filling up the DagBag from /home/airflow/.local/lib/python3.12/site-packages/airflow/example_dags/example_branch_datetime_operator.py
[2024-10-04T23:55:55.560+0000] {processor.py:925} INFO - DAG(s) 'example_branch_datetime_operator_2', 'example_branch_datetime_operator_3', 'example_branch_datetime_operator' retrieved from /home/airflow/.local/lib/python3.12/site-packages/airflow/example_dags/example_branch_datetime_operator.py
[2024-10-04T23:55:55.603+0000] {logging_mixin.py:190} INFO - [2024-10-04T23:55:55.602+0000] {dag.py:3229} INFO - Sync 3 DAGs
[2024-10-04T23:55:55.637+0000] {logging_mixin.py:190} INFO - [2024-10-04T23:55:55.637+0000] {dag.py:4156} INFO - Setting next_dagrun for example_branch_datetime_operator to 2024-10-03 00:00:00+00:00, run_after=2024-10-04 00:00:00+00:00
[2024-10-04T23:55:55.644+0000] {logging_mixin.py:190} INFO - [2024-10-04T23:55:55.644+0000] {dag.py:4156} INFO - Setting next_dagrun for example_branch_datetime_operator_2 to 2024-10-03 00:00:00+00:00, run_after=2024-10-04 00:00:00+00:00
[2024-10-04T23:55:55.649+0000] {logging_mixin.py:190} INFO - [2024-10-04T23:55:55.648+0000] {dag.py:4156} INFO - Setting next_dagrun for example_branch_datetime_operator_3 to 2024-10-03 00:00:00+00:00, run_after=2024-10-04 00:00:00+00:00
[2024-10-04T23:55:55.691+0000] {processor.py:208} INFO - Processing /home/airflow/.local/lib/python3.12/site-packages/airflow/example_dags/example_branch_datetime_operator.py took 0.163 seconds
[2024-10-04T23:56:25.864+0000] {processor.py:186} INFO - Started process (PID=2388) to work on /home/airflow/.local/lib/python3.12/site-packages/airflow/example_dags/example_branch_datetime_operator.py
[2024-10-04T23:56:25.866+0000] {processor.py:914} INFO - Processing file /home/airflow/.local/lib/python3.12/site-packages/airflow/example_dags/example_branch_datetime_operator.py for tasks to queue
[2024-10-04T23:56:25.870+0000] {logging_mixin.py:190} INFO - [2024-10-04T23:56:25.869+0000] {dagbag.py:587} INFO - Filling up the DagBag from /home/airflow/.local/lib/python3.12/site-packages/airflow/example_dags/example_branch_datetime_operator.py
[2024-10-04T23:56:25.893+0000] {processor.py:925} INFO - DAG(s) 'example_branch_datetime_operator_3', 'example_branch_datetime_operator', 'example_branch_datetime_operator_2' retrieved from /home/airflow/.local/lib/python3.12/site-packages/airflow/example_dags/example_branch_datetime_operator.py
[2024-10-04T23:56:25.933+0000] {logging_mixin.py:190} INFO - [2024-10-04T23:56:25.933+0000] {dag.py:3229} INFO - Sync 3 DAGs
[2024-10-04T23:56:25.967+0000] {logging_mixin.py:190} INFO - [2024-10-04T23:56:25.966+0000] {dag.py:4156} INFO - Setting next_dagrun for example_branch_datetime_operator to 2024-10-03 00:00:00+00:00, run_after=2024-10-04 00:00:00+00:00
[2024-10-04T23:56:25.975+0000] {logging_mixin.py:190} INFO - [2024-10-04T23:56:25.975+0000] {dag.py:4156} INFO - Setting next_dagrun for example_branch_datetime_operator_2 to 2024-10-03 00:00:00+00:00, run_after=2024-10-04 00:00:00+00:00
[2024-10-04T23:56:25.980+0000] {logging_mixin.py:190} INFO - [2024-10-04T23:56:25.980+0000] {dag.py:4156} INFO - Setting next_dagrun for example_branch_datetime_operator_3 to 2024-10-03 00:00:00+00:00, run_after=2024-10-04 00:00:00+00:00
[2024-10-04T23:56:26.019+0000] {processor.py:208} INFO - Processing /home/airflow/.local/lib/python3.12/site-packages/airflow/example_dags/example_branch_datetime_operator.py took 0.165 seconds
[2024-10-04T23:56:56.243+0000] {processor.py:186} INFO - Started process (PID=2450) to work on /home/airflow/.local/lib/python3.12/site-packages/airflow/example_dags/example_branch_datetime_operator.py
[2024-10-04T23:56:56.245+0000] {processor.py:914} INFO - Processing file /home/airflow/.local/lib/python3.12/site-packages/airflow/example_dags/example_branch_datetime_operator.py for tasks to queue
[2024-10-04T23:56:56.248+0000] {logging_mixin.py:190} INFO - [2024-10-04T23:56:56.248+0000] {dagbag.py:587} INFO - Filling up the DagBag from /home/airflow/.local/lib/python3.12/site-packages/airflow/example_dags/example_branch_datetime_operator.py
[2024-10-04T23:56:56.267+0000] {processor.py:925} INFO - DAG(s) 'example_branch_datetime_operator', 'example_branch_datetime_operator_3', 'example_branch_datetime_operator_2' retrieved from /home/airflow/.local/lib/python3.12/site-packages/airflow/example_dags/example_branch_datetime_operator.py
[2024-10-04T23:56:56.316+0000] {logging_mixin.py:190} INFO - [2024-10-04T23:56:56.315+0000] {dag.py:3229} INFO - Sync 3 DAGs
[2024-10-04T23:56:56.351+0000] {logging_mixin.py:190} INFO - [2024-10-04T23:56:56.350+0000] {dag.py:4156} INFO - Setting next_dagrun for example_branch_datetime_operator to 2024-10-03 00:00:00+00:00, run_after=2024-10-04 00:00:00+00:00
[2024-10-04T23:56:56.359+0000] {logging_mixin.py:190} INFO - [2024-10-04T23:56:56.359+0000] {dag.py:4156} INFO - Setting next_dagrun for example_branch_datetime_operator_2 to 2024-10-03 00:00:00+00:00, run_after=2024-10-04 00:00:00+00:00
[2024-10-04T23:56:56.363+0000] {logging_mixin.py:190} INFO - [2024-10-04T23:56:56.363+0000] {dag.py:4156} INFO - Setting next_dagrun for example_branch_datetime_operator_3 to 2024-10-03 00:00:00+00:00, run_after=2024-10-04 00:00:00+00:00
[2024-10-04T23:56:56.393+0000] {processor.py:208} INFO - Processing /home/airflow/.local/lib/python3.12/site-packages/airflow/example_dags/example_branch_datetime_operator.py took 0.159 seconds
[2024-10-04T23:57:27.027+0000] {processor.py:186} INFO - Started process (PID=2512) to work on /home/airflow/.local/lib/python3.12/site-packages/airflow/example_dags/example_branch_datetime_operator.py
[2024-10-04T23:57:27.028+0000] {processor.py:914} INFO - Processing file /home/airflow/.local/lib/python3.12/site-packages/airflow/example_dags/example_branch_datetime_operator.py for tasks to queue
[2024-10-04T23:57:27.031+0000] {logging_mixin.py:190} INFO - [2024-10-04T23:57:27.031+0000] {dagbag.py:587} INFO - Filling up the DagBag from /home/airflow/.local/lib/python3.12/site-packages/airflow/example_dags/example_branch_datetime_operator.py
[2024-10-04T23:57:27.052+0000] {processor.py:925} INFO - DAG(s) 'example_branch_datetime_operator_2', 'example_branch_datetime_operator', 'example_branch_datetime_operator_3' retrieved from /home/airflow/.local/lib/python3.12/site-packages/airflow/example_dags/example_branch_datetime_operator.py
[2024-10-04T23:57:27.096+0000] {logging_mixin.py:190} INFO - [2024-10-04T23:57:27.095+0000] {dag.py:3229} INFO - Sync 3 DAGs
[2024-10-04T23:57:27.138+0000] {logging_mixin.py:190} INFO - [2024-10-04T23:57:27.138+0000] {dag.py:4156} INFO - Setting next_dagrun for example_branch_datetime_operator to 2024-10-03 00:00:00+00:00, run_after=2024-10-04 00:00:00+00:00
[2024-10-04T23:57:27.145+0000] {logging_mixin.py:190} INFO - [2024-10-04T23:57:27.145+0000] {dag.py:4156} INFO - Setting next_dagrun for example_branch_datetime_operator_2 to 2024-10-03 00:00:00+00:00, run_after=2024-10-04 00:00:00+00:00
[2024-10-04T23:57:27.149+0000] {logging_mixin.py:190} INFO - [2024-10-04T23:57:27.149+0000] {dag.py:4156} INFO - Setting next_dagrun for example_branch_datetime_operator_3 to 2024-10-03 00:00:00+00:00, run_after=2024-10-04 00:00:00+00:00
[2024-10-04T23:57:27.193+0000] {processor.py:208} INFO - Processing /home/airflow/.local/lib/python3.12/site-packages/airflow/example_dags/example_branch_datetime_operator.py took 0.174 seconds
[2024-10-04T23:57:58.218+0000] {processor.py:186} INFO - Started process (PID=2574) to work on /home/airflow/.local/lib/python3.12/site-packages/airflow/example_dags/example_branch_datetime_operator.py
[2024-10-04T23:57:58.220+0000] {processor.py:914} INFO - Processing file /home/airflow/.local/lib/python3.12/site-packages/airflow/example_dags/example_branch_datetime_operator.py for tasks to queue
[2024-10-04T23:57:58.224+0000] {logging_mixin.py:190} INFO - [2024-10-04T23:57:58.223+0000] {dagbag.py:587} INFO - Filling up the DagBag from /home/airflow/.local/lib/python3.12/site-packages/airflow/example_dags/example_branch_datetime_operator.py
[2024-10-04T23:57:58.240+0000] {processor.py:925} INFO - DAG(s) 'example_branch_datetime_operator_2', 'example_branch_datetime_operator', 'example_branch_datetime_operator_3' retrieved from /home/airflow/.local/lib/python3.12/site-packages/airflow/example_dags/example_branch_datetime_operator.py
[2024-10-04T23:57:58.280+0000] {logging_mixin.py:190} INFO - [2024-10-04T23:57:58.280+0000] {dag.py:3229} INFO - Sync 3 DAGs
[2024-10-04T23:57:58.318+0000] {logging_mixin.py:190} INFO - [2024-10-04T23:57:58.317+0000] {dag.py:4156} INFO - Setting next_dagrun for example_branch_datetime_operator to 2024-10-03 00:00:00+00:00, run_after=2024-10-04 00:00:00+00:00
[2024-10-04T23:57:58.325+0000] {logging_mixin.py:190} INFO - [2024-10-04T23:57:58.324+0000] {dag.py:4156} INFO - Setting next_dagrun for example_branch_datetime_operator_2 to 2024-10-03 00:00:00+00:00, run_after=2024-10-04 00:00:00+00:00
[2024-10-04T23:57:58.328+0000] {logging_mixin.py:190} INFO - [2024-10-04T23:57:58.328+0000] {dag.py:4156} INFO - Setting next_dagrun for example_branch_datetime_operator_3 to 2024-10-03 00:00:00+00:00, run_after=2024-10-04 00:00:00+00:00
[2024-10-04T23:57:58.361+0000] {processor.py:208} INFO - Processing /home/airflow/.local/lib/python3.12/site-packages/airflow/example_dags/example_branch_datetime_operator.py took 0.151 seconds
[2024-10-04T23:58:28.680+0000] {processor.py:186} INFO - Started process (PID=2637) to work on /home/airflow/.local/lib/python3.12/site-packages/airflow/example_dags/example_branch_datetime_operator.py
[2024-10-04T23:58:28.681+0000] {processor.py:914} INFO - Processing file /home/airflow/.local/lib/python3.12/site-packages/airflow/example_dags/example_branch_datetime_operator.py for tasks to queue
[2024-10-04T23:58:28.685+0000] {logging_mixin.py:190} INFO - [2024-10-04T23:58:28.685+0000] {dagbag.py:587} INFO - Filling up the DagBag from /home/airflow/.local/lib/python3.12/site-packages/airflow/example_dags/example_branch_datetime_operator.py
[2024-10-04T23:58:28.702+0000] {processor.py:925} INFO - DAG(s) 'example_branch_datetime_operator_2', 'example_branch_datetime_operator_3', 'example_branch_datetime_operator' retrieved from /home/airflow/.local/lib/python3.12/site-packages/airflow/example_dags/example_branch_datetime_operator.py
[2024-10-04T23:58:28.742+0000] {logging_mixin.py:190} INFO - [2024-10-04T23:58:28.742+0000] {dag.py:3229} INFO - Sync 3 DAGs
[2024-10-04T23:58:28.794+0000] {logging_mixin.py:190} INFO - [2024-10-04T23:58:28.793+0000] {dag.py:4156} INFO - Setting next_dagrun for example_branch_datetime_operator to 2024-10-03 00:00:00+00:00, run_after=2024-10-04 00:00:00+00:00
[2024-10-04T23:58:28.801+0000] {logging_mixin.py:190} INFO - [2024-10-04T23:58:28.800+0000] {dag.py:4156} INFO - Setting next_dagrun for example_branch_datetime_operator_2 to 2024-10-03 00:00:00+00:00, run_after=2024-10-04 00:00:00+00:00
[2024-10-04T23:58:28.807+0000] {logging_mixin.py:190} INFO - [2024-10-04T23:58:28.806+0000] {dag.py:4156} INFO - Setting next_dagrun for example_branch_datetime_operator_3 to 2024-10-03 00:00:00+00:00, run_after=2024-10-04 00:00:00+00:00
[2024-10-04T23:58:28.839+0000] {processor.py:208} INFO - Processing /home/airflow/.local/lib/python3.12/site-packages/airflow/example_dags/example_branch_datetime_operator.py took 0.167 seconds
[2024-10-04T23:58:59.252+0000] {processor.py:186} INFO - Started process (PID=2699) to work on /home/airflow/.local/lib/python3.12/site-packages/airflow/example_dags/example_branch_datetime_operator.py
[2024-10-04T23:58:59.253+0000] {processor.py:914} INFO - Processing file /home/airflow/.local/lib/python3.12/site-packages/airflow/example_dags/example_branch_datetime_operator.py for tasks to queue
[2024-10-04T23:58:59.257+0000] {logging_mixin.py:190} INFO - [2024-10-04T23:58:59.257+0000] {dagbag.py:587} INFO - Filling up the DagBag from /home/airflow/.local/lib/python3.12/site-packages/airflow/example_dags/example_branch_datetime_operator.py
[2024-10-04T23:58:59.277+0000] {processor.py:925} INFO - DAG(s) 'example_branch_datetime_operator_2', 'example_branch_datetime_operator', 'example_branch_datetime_operator_3' retrieved from /home/airflow/.local/lib/python3.12/site-packages/airflow/example_dags/example_branch_datetime_operator.py
[2024-10-04T23:58:59.326+0000] {logging_mixin.py:190} INFO - [2024-10-04T23:58:59.326+0000] {dag.py:3229} INFO - Sync 3 DAGs
[2024-10-04T23:58:59.381+0000] {logging_mixin.py:190} INFO - [2024-10-04T23:58:59.381+0000] {dag.py:4156} INFO - Setting next_dagrun for example_branch_datetime_operator to 2024-10-03 00:00:00+00:00, run_after=2024-10-04 00:00:00+00:00
[2024-10-04T23:58:59.390+0000] {logging_mixin.py:190} INFO - [2024-10-04T23:58:59.390+0000] {dag.py:4156} INFO - Setting next_dagrun for example_branch_datetime_operator_2 to 2024-10-03 00:00:00+00:00, run_after=2024-10-04 00:00:00+00:00
[2024-10-04T23:58:59.396+0000] {logging_mixin.py:190} INFO - [2024-10-04T23:58:59.396+0000] {dag.py:4156} INFO - Setting next_dagrun for example_branch_datetime_operator_3 to 2024-10-03 00:00:00+00:00, run_after=2024-10-04 00:00:00+00:00
[2024-10-04T23:58:59.431+0000] {processor.py:208} INFO - Processing /home/airflow/.local/lib/python3.12/site-packages/airflow/example_dags/example_branch_datetime_operator.py took 0.187 seconds
[2024-10-04T23:59:29.974+0000] {processor.py:186} INFO - Started process (PID=2761) to work on /home/airflow/.local/lib/python3.12/site-packages/airflow/example_dags/example_branch_datetime_operator.py
[2024-10-04T23:59:29.976+0000] {processor.py:914} INFO - Processing file /home/airflow/.local/lib/python3.12/site-packages/airflow/example_dags/example_branch_datetime_operator.py for tasks to queue
[2024-10-04T23:59:29.980+0000] {logging_mixin.py:190} INFO - [2024-10-04T23:59:29.979+0000] {dagbag.py:587} INFO - Filling up the DagBag from /home/airflow/.local/lib/python3.12/site-packages/airflow/example_dags/example_branch_datetime_operator.py
[2024-10-04T23:59:30.003+0000] {processor.py:925} INFO - DAG(s) 'example_branch_datetime_operator', 'example_branch_datetime_operator_2', 'example_branch_datetime_operator_3' retrieved from /home/airflow/.local/lib/python3.12/site-packages/airflow/example_dags/example_branch_datetime_operator.py
[2024-10-04T23:59:30.047+0000] {logging_mixin.py:190} INFO - [2024-10-04T23:59:30.046+0000] {dag.py:3229} INFO - Sync 3 DAGs
[2024-10-04T23:59:30.094+0000] {logging_mixin.py:190} INFO - [2024-10-04T23:59:30.093+0000] {dag.py:4156} INFO - Setting next_dagrun for example_branch_datetime_operator to 2024-10-03 00:00:00+00:00, run_after=2024-10-04 00:00:00+00:00
[2024-10-04T23:59:30.100+0000] {logging_mixin.py:190} INFO - [2024-10-04T23:59:30.100+0000] {dag.py:4156} INFO - Setting next_dagrun for example_branch_datetime_operator_2 to 2024-10-03 00:00:00+00:00, run_after=2024-10-04 00:00:00+00:00
[2024-10-04T23:59:30.106+0000] {logging_mixin.py:190} INFO - [2024-10-04T23:59:30.106+0000] {dag.py:4156} INFO - Setting next_dagrun for example_branch_datetime_operator_3 to 2024-10-03 00:00:00+00:00, run_after=2024-10-04 00:00:00+00:00
[2024-10-04T23:59:30.142+0000] {processor.py:208} INFO - Processing /home/airflow/.local/lib/python3.12/site-packages/airflow/example_dags/example_branch_datetime_operator.py took 0.178 seconds
