[2024-10-04T19:17:48.698+0000] {processor.py:186} INFO - Started process (PID=101) to work on /home/airflow/.local/lib/python3.12/site-packages/airflow/example_dags/example_python_operator.py
[2024-10-04T19:17:48.701+0000] {processor.py:914} INFO - Processing file /home/airflow/.local/lib/python3.12/site-packages/airflow/example_dags/example_python_operator.py for tasks to queue
[2024-10-04T19:17:48.706+0000] {logging_mixin.py:190} INFO - [2024-10-04T19:17:48.705+0000] {dagbag.py:587} INFO - Filling up the DagBag from /home/airflow/.local/lib/python3.12/site-packages/airflow/example_dags/example_python_operator.py
[2024-10-04T19:17:48.752+0000] {processor.py:925} INFO - DAG(s) 'example_python_operator' retrieved from /home/airflow/.local/lib/python3.12/site-packages/airflow/example_dags/example_python_operator.py
[2024-10-04T19:17:49.024+0000] {logging_mixin.py:190} INFO - [2024-10-04T19:17:49.023+0000] {override.py:1900} INFO - Created Permission View: can delete on DAG:example_python_operator
[2024-10-04T19:17:49.060+0000] {logging_mixin.py:190} INFO - [2024-10-04T19:17:49.059+0000] {override.py:1900} INFO - Created Permission View: can edit on DAG:example_python_operator
[2024-10-04T19:17:49.082+0000] {logging_mixin.py:190} INFO - [2024-10-04T19:17:49.081+0000] {override.py:1900} INFO - Created Permission View: can read on DAG:example_python_operator
[2024-10-04T19:17:49.113+0000] {logging_mixin.py:190} INFO - [2024-10-04T19:17:49.112+0000] {override.py:1900} INFO - Created Permission View: menu access on DAG Run:example_python_operator
[2024-10-04T19:17:49.148+0000] {logging_mixin.py:190} INFO - [2024-10-04T19:17:49.147+0000] {override.py:1900} INFO - Created Permission View: can delete on DAG Run:example_python_operator
[2024-10-04T19:17:49.167+0000] {logging_mixin.py:190} INFO - [2024-10-04T19:17:49.166+0000] {override.py:1900} INFO - Created Permission View: can create on DAG Run:example_python_operator
[2024-10-04T19:17:49.188+0000] {logging_mixin.py:190} INFO - [2024-10-04T19:17:49.188+0000] {override.py:1900} INFO - Created Permission View: can read on DAG Run:example_python_operator
[2024-10-04T19:17:49.191+0000] {logging_mixin.py:190} INFO - [2024-10-04T19:17:49.191+0000] {dag.py:3229} INFO - Sync 1 DAGs
[2024-10-04T19:17:49.249+0000] {logging_mixin.py:190} INFO - [2024-10-04T19:17:49.249+0000] {dag.py:3252} INFO - Creating ORM DAG for example_python_operator
[2024-10-04T19:17:49.266+0000] {logging_mixin.py:190} INFO - [2024-10-04T19:17:49.265+0000] {dag.py:4156} INFO - Setting next_dagrun for example_python_operator to None, run_after=None
[2024-10-04T19:17:49.338+0000] {processor.py:208} INFO - Processing /home/airflow/.local/lib/python3.12/site-packages/airflow/example_dags/example_python_operator.py took 0.652 seconds
[2024-10-04T19:18:20.213+0000] {processor.py:186} INFO - Started process (PID=162) to work on /home/airflow/.local/lib/python3.12/site-packages/airflow/example_dags/example_python_operator.py
[2024-10-04T19:18:20.215+0000] {processor.py:914} INFO - Processing file /home/airflow/.local/lib/python3.12/site-packages/airflow/example_dags/example_python_operator.py for tasks to queue
[2024-10-04T19:18:20.221+0000] {logging_mixin.py:190} INFO - [2024-10-04T19:18:20.220+0000] {dagbag.py:587} INFO - Filling up the DagBag from /home/airflow/.local/lib/python3.12/site-packages/airflow/example_dags/example_python_operator.py
[2024-10-04T19:18:20.255+0000] {processor.py:925} INFO - DAG(s) 'example_python_operator' retrieved from /home/airflow/.local/lib/python3.12/site-packages/airflow/example_dags/example_python_operator.py
[2024-10-04T19:18:20.331+0000] {logging_mixin.py:190} INFO - [2024-10-04T19:18:20.330+0000] {dag.py:3229} INFO - Sync 1 DAGs
[2024-10-04T19:18:20.385+0000] {logging_mixin.py:190} INFO - [2024-10-04T19:18:20.385+0000] {dag.py:4156} INFO - Setting next_dagrun for example_python_operator to None, run_after=None
[2024-10-04T19:18:20.450+0000] {processor.py:208} INFO - Processing /home/airflow/.local/lib/python3.12/site-packages/airflow/example_dags/example_python_operator.py took 0.254 seconds
[2024-10-04T23:37:22.392+0000] {processor.py:186} INFO - Started process (PID=97) to work on /home/airflow/.local/lib/python3.12/site-packages/airflow/example_dags/example_python_operator.py
[2024-10-04T23:37:22.403+0000] {processor.py:914} INFO - Processing file /home/airflow/.local/lib/python3.12/site-packages/airflow/example_dags/example_python_operator.py for tasks to queue
[2024-10-04T23:37:22.417+0000] {logging_mixin.py:190} INFO - [2024-10-04T23:37:22.416+0000] {dagbag.py:587} INFO - Filling up the DagBag from /home/airflow/.local/lib/python3.12/site-packages/airflow/example_dags/example_python_operator.py
[2024-10-04T23:37:22.448+0000] {processor.py:925} INFO - DAG(s) 'example_python_operator' retrieved from /home/airflow/.local/lib/python3.12/site-packages/airflow/example_dags/example_python_operator.py
[2024-10-04T23:37:22.776+0000] {logging_mixin.py:190} INFO - [2024-10-04T23:37:22.776+0000] {dag.py:3229} INFO - Sync 1 DAGs
[2024-10-04T23:37:22.807+0000] {logging_mixin.py:190} INFO - [2024-10-04T23:37:22.807+0000] {dag.py:4156} INFO - Setting next_dagrun for example_python_operator to None, run_after=None
[2024-10-04T23:37:22.862+0000] {processor.py:208} INFO - Processing /home/airflow/.local/lib/python3.12/site-packages/airflow/example_dags/example_python_operator.py took 0.510 seconds
[2024-10-04T23:37:53.126+0000] {processor.py:186} INFO - Started process (PID=160) to work on /home/airflow/.local/lib/python3.12/site-packages/airflow/example_dags/example_python_operator.py
[2024-10-04T23:37:53.128+0000] {processor.py:914} INFO - Processing file /home/airflow/.local/lib/python3.12/site-packages/airflow/example_dags/example_python_operator.py for tasks to queue
[2024-10-04T23:37:53.132+0000] {logging_mixin.py:190} INFO - [2024-10-04T23:37:53.131+0000] {dagbag.py:587} INFO - Filling up the DagBag from /home/airflow/.local/lib/python3.12/site-packages/airflow/example_dags/example_python_operator.py
[2024-10-04T23:37:53.153+0000] {processor.py:925} INFO - DAG(s) 'example_python_operator' retrieved from /home/airflow/.local/lib/python3.12/site-packages/airflow/example_dags/example_python_operator.py
[2024-10-04T23:37:53.186+0000] {logging_mixin.py:190} INFO - [2024-10-04T23:37:53.186+0000] {dag.py:3229} INFO - Sync 1 DAGs
[2024-10-04T23:37:53.235+0000] {logging_mixin.py:190} INFO - [2024-10-04T23:37:53.235+0000] {dag.py:4156} INFO - Setting next_dagrun for example_python_operator to None, run_after=None
[2024-10-04T23:37:53.271+0000] {processor.py:208} INFO - Processing /home/airflow/.local/lib/python3.12/site-packages/airflow/example_dags/example_python_operator.py took 0.155 seconds
[2024-10-04T23:38:24.236+0000] {processor.py:186} INFO - Started process (PID=221) to work on /home/airflow/.local/lib/python3.12/site-packages/airflow/example_dags/example_python_operator.py
[2024-10-04T23:38:24.239+0000] {processor.py:914} INFO - Processing file /home/airflow/.local/lib/python3.12/site-packages/airflow/example_dags/example_python_operator.py for tasks to queue
[2024-10-04T23:38:24.242+0000] {logging_mixin.py:190} INFO - [2024-10-04T23:38:24.241+0000] {dagbag.py:587} INFO - Filling up the DagBag from /home/airflow/.local/lib/python3.12/site-packages/airflow/example_dags/example_python_operator.py
[2024-10-04T23:38:24.280+0000] {processor.py:925} INFO - DAG(s) 'example_python_operator' retrieved from /home/airflow/.local/lib/python3.12/site-packages/airflow/example_dags/example_python_operator.py
[2024-10-04T23:38:24.318+0000] {logging_mixin.py:190} INFO - [2024-10-04T23:38:24.317+0000] {dag.py:3229} INFO - Sync 1 DAGs
[2024-10-04T23:38:24.350+0000] {logging_mixin.py:190} INFO - [2024-10-04T23:38:24.349+0000] {dag.py:4156} INFO - Setting next_dagrun for example_python_operator to None, run_after=None
[2024-10-04T23:38:24.411+0000] {processor.py:208} INFO - Processing /home/airflow/.local/lib/python3.12/site-packages/airflow/example_dags/example_python_operator.py took 0.186 seconds
[2024-10-04T23:38:54.783+0000] {processor.py:186} INFO - Started process (PID=283) to work on /home/airflow/.local/lib/python3.12/site-packages/airflow/example_dags/example_python_operator.py
[2024-10-04T23:38:54.784+0000] {processor.py:914} INFO - Processing file /home/airflow/.local/lib/python3.12/site-packages/airflow/example_dags/example_python_operator.py for tasks to queue
[2024-10-04T23:38:54.789+0000] {logging_mixin.py:190} INFO - [2024-10-04T23:38:54.788+0000] {dagbag.py:587} INFO - Filling up the DagBag from /home/airflow/.local/lib/python3.12/site-packages/airflow/example_dags/example_python_operator.py
[2024-10-04T23:38:54.816+0000] {processor.py:925} INFO - DAG(s) 'example_python_operator' retrieved from /home/airflow/.local/lib/python3.12/site-packages/airflow/example_dags/example_python_operator.py
[2024-10-04T23:38:54.862+0000] {logging_mixin.py:190} INFO - [2024-10-04T23:38:54.861+0000] {dag.py:3229} INFO - Sync 1 DAGs
[2024-10-04T23:38:54.889+0000] {logging_mixin.py:190} INFO - [2024-10-04T23:38:54.888+0000] {dag.py:4156} INFO - Setting next_dagrun for example_python_operator to None, run_after=None
[2024-10-04T23:38:54.943+0000] {processor.py:208} INFO - Processing /home/airflow/.local/lib/python3.12/site-packages/airflow/example_dags/example_python_operator.py took 0.168 seconds
[2024-10-04T23:39:25.930+0000] {processor.py:186} INFO - Started process (PID=345) to work on /home/airflow/.local/lib/python3.12/site-packages/airflow/example_dags/example_python_operator.py
[2024-10-04T23:39:25.931+0000] {processor.py:914} INFO - Processing file /home/airflow/.local/lib/python3.12/site-packages/airflow/example_dags/example_python_operator.py for tasks to queue
[2024-10-04T23:39:25.935+0000] {logging_mixin.py:190} INFO - [2024-10-04T23:39:25.934+0000] {dagbag.py:587} INFO - Filling up the DagBag from /home/airflow/.local/lib/python3.12/site-packages/airflow/example_dags/example_python_operator.py
[2024-10-04T23:39:25.950+0000] {processor.py:925} INFO - DAG(s) 'example_python_operator' retrieved from /home/airflow/.local/lib/python3.12/site-packages/airflow/example_dags/example_python_operator.py
[2024-10-04T23:39:25.986+0000] {logging_mixin.py:190} INFO - [2024-10-04T23:39:25.985+0000] {dag.py:3229} INFO - Sync 1 DAGs
[2024-10-04T23:39:26.007+0000] {logging_mixin.py:190} INFO - [2024-10-04T23:39:26.007+0000] {dag.py:4156} INFO - Setting next_dagrun for example_python_operator to None, run_after=None
[2024-10-04T23:39:26.045+0000] {processor.py:208} INFO - Processing /home/airflow/.local/lib/python3.12/site-packages/airflow/example_dags/example_python_operator.py took 0.123 seconds
[2024-10-04T23:39:57.098+0000] {processor.py:186} INFO - Started process (PID=407) to work on /home/airflow/.local/lib/python3.12/site-packages/airflow/example_dags/example_python_operator.py
[2024-10-04T23:39:57.101+0000] {processor.py:914} INFO - Processing file /home/airflow/.local/lib/python3.12/site-packages/airflow/example_dags/example_python_operator.py for tasks to queue
[2024-10-04T23:39:57.106+0000] {logging_mixin.py:190} INFO - [2024-10-04T23:39:57.106+0000] {dagbag.py:587} INFO - Filling up the DagBag from /home/airflow/.local/lib/python3.12/site-packages/airflow/example_dags/example_python_operator.py
[2024-10-04T23:39:57.127+0000] {processor.py:925} INFO - DAG(s) 'example_python_operator' retrieved from /home/airflow/.local/lib/python3.12/site-packages/airflow/example_dags/example_python_operator.py
[2024-10-04T23:39:57.170+0000] {logging_mixin.py:190} INFO - [2024-10-04T23:39:57.169+0000] {dag.py:3229} INFO - Sync 1 DAGs
[2024-10-04T23:39:57.210+0000] {logging_mixin.py:190} INFO - [2024-10-04T23:39:57.209+0000] {dag.py:4156} INFO - Setting next_dagrun for example_python_operator to None, run_after=None
[2024-10-04T23:39:57.251+0000] {processor.py:208} INFO - Processing /home/airflow/.local/lib/python3.12/site-packages/airflow/example_dags/example_python_operator.py took 0.164 seconds
[2024-10-04T23:40:27.704+0000] {processor.py:186} INFO - Started process (PID=469) to work on /home/airflow/.local/lib/python3.12/site-packages/airflow/example_dags/example_python_operator.py
[2024-10-04T23:40:27.706+0000] {processor.py:914} INFO - Processing file /home/airflow/.local/lib/python3.12/site-packages/airflow/example_dags/example_python_operator.py for tasks to queue
[2024-10-04T23:40:27.711+0000] {logging_mixin.py:190} INFO - [2024-10-04T23:40:27.709+0000] {dagbag.py:587} INFO - Filling up the DagBag from /home/airflow/.local/lib/python3.12/site-packages/airflow/example_dags/example_python_operator.py
[2024-10-04T23:40:27.762+0000] {processor.py:925} INFO - DAG(s) 'example_python_operator' retrieved from /home/airflow/.local/lib/python3.12/site-packages/airflow/example_dags/example_python_operator.py
[2024-10-04T23:40:27.881+0000] {logging_mixin.py:190} INFO - [2024-10-04T23:40:27.880+0000] {dag.py:3229} INFO - Sync 1 DAGs
[2024-10-04T23:40:27.951+0000] {logging_mixin.py:190} INFO - [2024-10-04T23:40:27.950+0000] {dag.py:4156} INFO - Setting next_dagrun for example_python_operator to None, run_after=None
[2024-10-04T23:40:28.083+0000] {processor.py:208} INFO - Processing /home/airflow/.local/lib/python3.12/site-packages/airflow/example_dags/example_python_operator.py took 0.394 seconds
[2024-10-04T23:40:59.040+0000] {processor.py:186} INFO - Started process (PID=531) to work on /home/airflow/.local/lib/python3.12/site-packages/airflow/example_dags/example_python_operator.py
[2024-10-04T23:40:59.042+0000] {processor.py:914} INFO - Processing file /home/airflow/.local/lib/python3.12/site-packages/airflow/example_dags/example_python_operator.py for tasks to queue
[2024-10-04T23:40:59.045+0000] {logging_mixin.py:190} INFO - [2024-10-04T23:40:59.045+0000] {dagbag.py:587} INFO - Filling up the DagBag from /home/airflow/.local/lib/python3.12/site-packages/airflow/example_dags/example_python_operator.py
[2024-10-04T23:40:59.063+0000] {processor.py:925} INFO - DAG(s) 'example_python_operator' retrieved from /home/airflow/.local/lib/python3.12/site-packages/airflow/example_dags/example_python_operator.py
[2024-10-04T23:40:59.096+0000] {logging_mixin.py:190} INFO - [2024-10-04T23:40:59.096+0000] {dag.py:3229} INFO - Sync 1 DAGs
[2024-10-04T23:40:59.119+0000] {logging_mixin.py:190} INFO - [2024-10-04T23:40:59.119+0000] {dag.py:4156} INFO - Setting next_dagrun for example_python_operator to None, run_after=None
[2024-10-04T23:40:59.157+0000] {processor.py:208} INFO - Processing /home/airflow/.local/lib/python3.12/site-packages/airflow/example_dags/example_python_operator.py took 0.129 seconds
[2024-10-04T23:41:29.461+0000] {processor.py:186} INFO - Started process (PID=594) to work on /home/airflow/.local/lib/python3.12/site-packages/airflow/example_dags/example_python_operator.py
[2024-10-04T23:41:29.463+0000] {processor.py:914} INFO - Processing file /home/airflow/.local/lib/python3.12/site-packages/airflow/example_dags/example_python_operator.py for tasks to queue
[2024-10-04T23:41:29.468+0000] {logging_mixin.py:190} INFO - [2024-10-04T23:41:29.467+0000] {dagbag.py:587} INFO - Filling up the DagBag from /home/airflow/.local/lib/python3.12/site-packages/airflow/example_dags/example_python_operator.py
[2024-10-04T23:41:29.494+0000] {processor.py:925} INFO - DAG(s) 'example_python_operator' retrieved from /home/airflow/.local/lib/python3.12/site-packages/airflow/example_dags/example_python_operator.py
[2024-10-04T23:41:29.539+0000] {logging_mixin.py:190} INFO - [2024-10-04T23:41:29.538+0000] {dag.py:3229} INFO - Sync 1 DAGs
[2024-10-04T23:41:29.573+0000] {logging_mixin.py:190} INFO - [2024-10-04T23:41:29.572+0000] {dag.py:4156} INFO - Setting next_dagrun for example_python_operator to None, run_after=None
[2024-10-04T23:41:29.618+0000] {processor.py:208} INFO - Processing /home/airflow/.local/lib/python3.12/site-packages/airflow/example_dags/example_python_operator.py took 0.170 seconds
[2024-10-04T23:41:59.774+0000] {processor.py:186} INFO - Started process (PID=655) to work on /home/airflow/.local/lib/python3.12/site-packages/airflow/example_dags/example_python_operator.py
[2024-10-04T23:41:59.776+0000] {processor.py:914} INFO - Processing file /home/airflow/.local/lib/python3.12/site-packages/airflow/example_dags/example_python_operator.py for tasks to queue
[2024-10-04T23:41:59.780+0000] {logging_mixin.py:190} INFO - [2024-10-04T23:41:59.779+0000] {dagbag.py:587} INFO - Filling up the DagBag from /home/airflow/.local/lib/python3.12/site-packages/airflow/example_dags/example_python_operator.py
[2024-10-04T23:41:59.803+0000] {processor.py:925} INFO - DAG(s) 'example_python_operator' retrieved from /home/airflow/.local/lib/python3.12/site-packages/airflow/example_dags/example_python_operator.py
[2024-10-04T23:41:59.838+0000] {logging_mixin.py:190} INFO - [2024-10-04T23:41:59.838+0000] {dag.py:3229} INFO - Sync 1 DAGs
[2024-10-04T23:41:59.859+0000] {logging_mixin.py:190} INFO - [2024-10-04T23:41:59.859+0000] {dag.py:4156} INFO - Setting next_dagrun for example_python_operator to None, run_after=None
[2024-10-04T23:41:59.887+0000] {processor.py:208} INFO - Processing /home/airflow/.local/lib/python3.12/site-packages/airflow/example_dags/example_python_operator.py took 0.124 seconds
[2024-10-04T23:42:30.553+0000] {processor.py:186} INFO - Started process (PID=717) to work on /home/airflow/.local/lib/python3.12/site-packages/airflow/example_dags/example_python_operator.py
[2024-10-04T23:42:30.554+0000] {processor.py:914} INFO - Processing file /home/airflow/.local/lib/python3.12/site-packages/airflow/example_dags/example_python_operator.py for tasks to queue
[2024-10-04T23:42:30.557+0000] {logging_mixin.py:190} INFO - [2024-10-04T23:42:30.557+0000] {dagbag.py:587} INFO - Filling up the DagBag from /home/airflow/.local/lib/python3.12/site-packages/airflow/example_dags/example_python_operator.py
[2024-10-04T23:42:30.573+0000] {processor.py:925} INFO - DAG(s) 'example_python_operator' retrieved from /home/airflow/.local/lib/python3.12/site-packages/airflow/example_dags/example_python_operator.py
[2024-10-04T23:42:30.610+0000] {logging_mixin.py:190} INFO - [2024-10-04T23:42:30.610+0000] {dag.py:3229} INFO - Sync 1 DAGs
[2024-10-04T23:42:30.629+0000] {logging_mixin.py:190} INFO - [2024-10-04T23:42:30.629+0000] {dag.py:4156} INFO - Setting next_dagrun for example_python_operator to None, run_after=None
[2024-10-04T23:42:30.667+0000] {processor.py:208} INFO - Processing /home/airflow/.local/lib/python3.12/site-packages/airflow/example_dags/example_python_operator.py took 0.122 seconds
[2024-10-04T23:43:00.925+0000] {processor.py:186} INFO - Started process (PID=780) to work on /home/airflow/.local/lib/python3.12/site-packages/airflow/example_dags/example_python_operator.py
[2024-10-04T23:43:00.927+0000] {processor.py:914} INFO - Processing file /home/airflow/.local/lib/python3.12/site-packages/airflow/example_dags/example_python_operator.py for tasks to queue
[2024-10-04T23:43:00.931+0000] {logging_mixin.py:190} INFO - [2024-10-04T23:43:00.930+0000] {dagbag.py:587} INFO - Filling up the DagBag from /home/airflow/.local/lib/python3.12/site-packages/airflow/example_dags/example_python_operator.py
[2024-10-04T23:43:00.956+0000] {processor.py:925} INFO - DAG(s) 'example_python_operator' retrieved from /home/airflow/.local/lib/python3.12/site-packages/airflow/example_dags/example_python_operator.py
[2024-10-04T23:43:00.996+0000] {logging_mixin.py:190} INFO - [2024-10-04T23:43:00.995+0000] {dag.py:3229} INFO - Sync 1 DAGs
[2024-10-04T23:43:01.019+0000] {logging_mixin.py:190} INFO - [2024-10-04T23:43:01.019+0000] {dag.py:4156} INFO - Setting next_dagrun for example_python_operator to None, run_after=None
[2024-10-04T23:43:01.063+0000] {processor.py:208} INFO - Processing /home/airflow/.local/lib/python3.12/site-packages/airflow/example_dags/example_python_operator.py took 0.150 seconds
[2024-10-04T23:43:31.608+0000] {processor.py:186} INFO - Started process (PID=842) to work on /home/airflow/.local/lib/python3.12/site-packages/airflow/example_dags/example_python_operator.py
[2024-10-04T23:43:31.610+0000] {processor.py:914} INFO - Processing file /home/airflow/.local/lib/python3.12/site-packages/airflow/example_dags/example_python_operator.py for tasks to queue
[2024-10-04T23:43:31.613+0000] {logging_mixin.py:190} INFO - [2024-10-04T23:43:31.612+0000] {dagbag.py:587} INFO - Filling up the DagBag from /home/airflow/.local/lib/python3.12/site-packages/airflow/example_dags/example_python_operator.py
[2024-10-04T23:43:31.631+0000] {processor.py:925} INFO - DAG(s) 'example_python_operator' retrieved from /home/airflow/.local/lib/python3.12/site-packages/airflow/example_dags/example_python_operator.py
[2024-10-04T23:43:31.659+0000] {logging_mixin.py:190} INFO - [2024-10-04T23:43:31.658+0000] {dag.py:3229} INFO - Sync 1 DAGs
[2024-10-04T23:43:31.678+0000] {logging_mixin.py:190} INFO - [2024-10-04T23:43:31.677+0000] {dag.py:4156} INFO - Setting next_dagrun for example_python_operator to None, run_after=None
[2024-10-04T23:43:31.709+0000] {processor.py:208} INFO - Processing /home/airflow/.local/lib/python3.12/site-packages/airflow/example_dags/example_python_operator.py took 0.110 seconds
[2024-10-04T23:44:03.922+0000] {processor.py:186} INFO - Started process (PID=903) to work on /home/airflow/.local/lib/python3.12/site-packages/airflow/example_dags/example_python_operator.py
[2024-10-04T23:44:03.923+0000] {processor.py:914} INFO - Processing file /home/airflow/.local/lib/python3.12/site-packages/airflow/example_dags/example_python_operator.py for tasks to queue
[2024-10-04T23:44:03.927+0000] {logging_mixin.py:190} INFO - [2024-10-04T23:44:03.926+0000] {dagbag.py:587} INFO - Filling up the DagBag from /home/airflow/.local/lib/python3.12/site-packages/airflow/example_dags/example_python_operator.py
[2024-10-04T23:44:03.950+0000] {processor.py:925} INFO - DAG(s) 'example_python_operator' retrieved from /home/airflow/.local/lib/python3.12/site-packages/airflow/example_dags/example_python_operator.py
[2024-10-04T23:44:03.985+0000] {logging_mixin.py:190} INFO - [2024-10-04T23:44:03.985+0000] {dag.py:3229} INFO - Sync 1 DAGs
[2024-10-04T23:44:04.007+0000] {logging_mixin.py:190} INFO - [2024-10-04T23:44:04.007+0000] {dag.py:4156} INFO - Setting next_dagrun for example_python_operator to None, run_after=None
[2024-10-04T23:44:04.035+0000] {processor.py:208} INFO - Processing /home/airflow/.local/lib/python3.12/site-packages/airflow/example_dags/example_python_operator.py took 0.125 seconds
[2024-10-04T23:44:34.807+0000] {processor.py:186} INFO - Started process (PID=965) to work on /home/airflow/.local/lib/python3.12/site-packages/airflow/example_dags/example_python_operator.py
[2024-10-04T23:44:34.809+0000] {processor.py:914} INFO - Processing file /home/airflow/.local/lib/python3.12/site-packages/airflow/example_dags/example_python_operator.py for tasks to queue
[2024-10-04T23:44:34.817+0000] {logging_mixin.py:190} INFO - [2024-10-04T23:44:34.816+0000] {dagbag.py:587} INFO - Filling up the DagBag from /home/airflow/.local/lib/python3.12/site-packages/airflow/example_dags/example_python_operator.py
[2024-10-04T23:44:34.852+0000] {processor.py:925} INFO - DAG(s) 'example_python_operator' retrieved from /home/airflow/.local/lib/python3.12/site-packages/airflow/example_dags/example_python_operator.py
[2024-10-04T23:44:34.897+0000] {logging_mixin.py:190} INFO - [2024-10-04T23:44:34.897+0000] {dag.py:3229} INFO - Sync 1 DAGs
[2024-10-04T23:44:34.934+0000] {logging_mixin.py:190} INFO - [2024-10-04T23:44:34.934+0000] {dag.py:4156} INFO - Setting next_dagrun for example_python_operator to None, run_after=None
[2024-10-04T23:44:34.983+0000] {processor.py:208} INFO - Processing /home/airflow/.local/lib/python3.12/site-packages/airflow/example_dags/example_python_operator.py took 0.194 seconds
[2024-10-04T23:45:05.767+0000] {processor.py:186} INFO - Started process (PID=1027) to work on /home/airflow/.local/lib/python3.12/site-packages/airflow/example_dags/example_python_operator.py
[2024-10-04T23:45:05.768+0000] {processor.py:914} INFO - Processing file /home/airflow/.local/lib/python3.12/site-packages/airflow/example_dags/example_python_operator.py for tasks to queue
[2024-10-04T23:45:05.773+0000] {logging_mixin.py:190} INFO - [2024-10-04T23:45:05.772+0000] {dagbag.py:587} INFO - Filling up the DagBag from /home/airflow/.local/lib/python3.12/site-packages/airflow/example_dags/example_python_operator.py
[2024-10-04T23:45:05.789+0000] {processor.py:925} INFO - DAG(s) 'example_python_operator' retrieved from /home/airflow/.local/lib/python3.12/site-packages/airflow/example_dags/example_python_operator.py
[2024-10-04T23:45:05.822+0000] {logging_mixin.py:190} INFO - [2024-10-04T23:45:05.822+0000] {dag.py:3229} INFO - Sync 1 DAGs
[2024-10-04T23:45:05.843+0000] {logging_mixin.py:190} INFO - [2024-10-04T23:45:05.842+0000] {dag.py:4156} INFO - Setting next_dagrun for example_python_operator to None, run_after=None
[2024-10-04T23:45:05.876+0000] {processor.py:208} INFO - Processing /home/airflow/.local/lib/python3.12/site-packages/airflow/example_dags/example_python_operator.py took 0.117 seconds
[2024-10-04T23:45:36.496+0000] {processor.py:186} INFO - Started process (PID=1089) to work on /home/airflow/.local/lib/python3.12/site-packages/airflow/example_dags/example_python_operator.py
[2024-10-04T23:45:36.498+0000] {processor.py:914} INFO - Processing file /home/airflow/.local/lib/python3.12/site-packages/airflow/example_dags/example_python_operator.py for tasks to queue
[2024-10-04T23:45:36.504+0000] {logging_mixin.py:190} INFO - [2024-10-04T23:45:36.504+0000] {dagbag.py:587} INFO - Filling up the DagBag from /home/airflow/.local/lib/python3.12/site-packages/airflow/example_dags/example_python_operator.py
[2024-10-04T23:45:36.553+0000] {processor.py:925} INFO - DAG(s) 'example_python_operator' retrieved from /home/airflow/.local/lib/python3.12/site-packages/airflow/example_dags/example_python_operator.py
[2024-10-04T23:45:36.599+0000] {logging_mixin.py:190} INFO - [2024-10-04T23:45:36.598+0000] {dag.py:3229} INFO - Sync 1 DAGs
[2024-10-04T23:45:36.624+0000] {logging_mixin.py:190} INFO - [2024-10-04T23:45:36.624+0000] {dag.py:4156} INFO - Setting next_dagrun for example_python_operator to None, run_after=None
[2024-10-04T23:45:36.661+0000] {processor.py:208} INFO - Processing /home/airflow/.local/lib/python3.12/site-packages/airflow/example_dags/example_python_operator.py took 0.177 seconds
[2024-10-04T23:46:06.765+0000] {processor.py:186} INFO - Started process (PID=1151) to work on /home/airflow/.local/lib/python3.12/site-packages/airflow/example_dags/example_python_operator.py
[2024-10-04T23:46:06.767+0000] {processor.py:914} INFO - Processing file /home/airflow/.local/lib/python3.12/site-packages/airflow/example_dags/example_python_operator.py for tasks to queue
[2024-10-04T23:46:06.770+0000] {logging_mixin.py:190} INFO - [2024-10-04T23:46:06.770+0000] {dagbag.py:587} INFO - Filling up the DagBag from /home/airflow/.local/lib/python3.12/site-packages/airflow/example_dags/example_python_operator.py
[2024-10-04T23:46:06.788+0000] {processor.py:925} INFO - DAG(s) 'example_python_operator' retrieved from /home/airflow/.local/lib/python3.12/site-packages/airflow/example_dags/example_python_operator.py
[2024-10-04T23:46:06.823+0000] {logging_mixin.py:190} INFO - [2024-10-04T23:46:06.822+0000] {dag.py:3229} INFO - Sync 1 DAGs
[2024-10-04T23:46:06.846+0000] {logging_mixin.py:190} INFO - [2024-10-04T23:46:06.846+0000] {dag.py:4156} INFO - Setting next_dagrun for example_python_operator to None, run_after=None
[2024-10-04T23:46:06.889+0000] {processor.py:208} INFO - Processing /home/airflow/.local/lib/python3.12/site-packages/airflow/example_dags/example_python_operator.py took 0.132 seconds
[2024-10-04T23:46:37.892+0000] {processor.py:186} INFO - Started process (PID=1213) to work on /home/airflow/.local/lib/python3.12/site-packages/airflow/example_dags/example_python_operator.py
[2024-10-04T23:46:37.894+0000] {processor.py:914} INFO - Processing file /home/airflow/.local/lib/python3.12/site-packages/airflow/example_dags/example_python_operator.py for tasks to queue
[2024-10-04T23:46:37.898+0000] {logging_mixin.py:190} INFO - [2024-10-04T23:46:37.897+0000] {dagbag.py:587} INFO - Filling up the DagBag from /home/airflow/.local/lib/python3.12/site-packages/airflow/example_dags/example_python_operator.py
[2024-10-04T23:46:37.917+0000] {processor.py:925} INFO - DAG(s) 'example_python_operator' retrieved from /home/airflow/.local/lib/python3.12/site-packages/airflow/example_dags/example_python_operator.py
[2024-10-04T23:46:37.950+0000] {logging_mixin.py:190} INFO - [2024-10-04T23:46:37.950+0000] {dag.py:3229} INFO - Sync 1 DAGs
[2024-10-04T23:46:37.972+0000] {logging_mixin.py:190} INFO - [2024-10-04T23:46:37.971+0000] {dag.py:4156} INFO - Setting next_dagrun for example_python_operator to None, run_after=None
[2024-10-04T23:46:38.010+0000] {processor.py:208} INFO - Processing /home/airflow/.local/lib/python3.12/site-packages/airflow/example_dags/example_python_operator.py took 0.128 seconds
[2024-10-04T23:47:08.813+0000] {processor.py:186} INFO - Started process (PID=1274) to work on /home/airflow/.local/lib/python3.12/site-packages/airflow/example_dags/example_python_operator.py
[2024-10-04T23:47:08.814+0000] {processor.py:914} INFO - Processing file /home/airflow/.local/lib/python3.12/site-packages/airflow/example_dags/example_python_operator.py for tasks to queue
[2024-10-04T23:47:08.818+0000] {logging_mixin.py:190} INFO - [2024-10-04T23:47:08.817+0000] {dagbag.py:587} INFO - Filling up the DagBag from /home/airflow/.local/lib/python3.12/site-packages/airflow/example_dags/example_python_operator.py
[2024-10-04T23:47:08.839+0000] {processor.py:925} INFO - DAG(s) 'example_python_operator' retrieved from /home/airflow/.local/lib/python3.12/site-packages/airflow/example_dags/example_python_operator.py
[2024-10-04T23:47:08.866+0000] {logging_mixin.py:190} INFO - [2024-10-04T23:47:08.866+0000] {dag.py:3229} INFO - Sync 1 DAGs
[2024-10-04T23:47:08.886+0000] {logging_mixin.py:190} INFO - [2024-10-04T23:47:08.886+0000] {dag.py:4156} INFO - Setting next_dagrun for example_python_operator to None, run_after=None
[2024-10-04T23:47:08.918+0000] {processor.py:208} INFO - Processing /home/airflow/.local/lib/python3.12/site-packages/airflow/example_dags/example_python_operator.py took 0.113 seconds
[2024-10-04T23:47:39.214+0000] {processor.py:186} INFO - Started process (PID=1335) to work on /home/airflow/.local/lib/python3.12/site-packages/airflow/example_dags/example_python_operator.py
[2024-10-04T23:47:39.215+0000] {processor.py:914} INFO - Processing file /home/airflow/.local/lib/python3.12/site-packages/airflow/example_dags/example_python_operator.py for tasks to queue
[2024-10-04T23:47:39.220+0000] {logging_mixin.py:190} INFO - [2024-10-04T23:47:39.219+0000] {dagbag.py:587} INFO - Filling up the DagBag from /home/airflow/.local/lib/python3.12/site-packages/airflow/example_dags/example_python_operator.py
[2024-10-04T23:47:39.240+0000] {processor.py:925} INFO - DAG(s) 'example_python_operator' retrieved from /home/airflow/.local/lib/python3.12/site-packages/airflow/example_dags/example_python_operator.py
[2024-10-04T23:47:39.271+0000] {logging_mixin.py:190} INFO - [2024-10-04T23:47:39.270+0000] {dag.py:3229} INFO - Sync 1 DAGs
[2024-10-04T23:47:39.294+0000] {logging_mixin.py:190} INFO - [2024-10-04T23:47:39.293+0000] {dag.py:4156} INFO - Setting next_dagrun for example_python_operator to None, run_after=None
[2024-10-04T23:47:39.331+0000] {processor.py:208} INFO - Processing /home/airflow/.local/lib/python3.12/site-packages/airflow/example_dags/example_python_operator.py took 0.128 seconds
[2024-10-04T23:48:10.357+0000] {processor.py:186} INFO - Started process (PID=1397) to work on /home/airflow/.local/lib/python3.12/site-packages/airflow/example_dags/example_python_operator.py
[2024-10-04T23:48:10.358+0000] {processor.py:914} INFO - Processing file /home/airflow/.local/lib/python3.12/site-packages/airflow/example_dags/example_python_operator.py for tasks to queue
[2024-10-04T23:48:10.362+0000] {logging_mixin.py:190} INFO - [2024-10-04T23:48:10.362+0000] {dagbag.py:587} INFO - Filling up the DagBag from /home/airflow/.local/lib/python3.12/site-packages/airflow/example_dags/example_python_operator.py
[2024-10-04T23:48:10.381+0000] {processor.py:925} INFO - DAG(s) 'example_python_operator' retrieved from /home/airflow/.local/lib/python3.12/site-packages/airflow/example_dags/example_python_operator.py
[2024-10-04T23:48:10.412+0000] {logging_mixin.py:190} INFO - [2024-10-04T23:48:10.411+0000] {dag.py:3229} INFO - Sync 1 DAGs
[2024-10-04T23:48:10.432+0000] {logging_mixin.py:190} INFO - [2024-10-04T23:48:10.431+0000] {dag.py:4156} INFO - Setting next_dagrun for example_python_operator to None, run_after=None
[2024-10-04T23:48:10.479+0000] {processor.py:208} INFO - Processing /home/airflow/.local/lib/python3.12/site-packages/airflow/example_dags/example_python_operator.py took 0.131 seconds
[2024-10-04T23:48:40.930+0000] {processor.py:186} INFO - Started process (PID=1466) to work on /home/airflow/.local/lib/python3.12/site-packages/airflow/example_dags/example_python_operator.py
[2024-10-04T23:48:40.931+0000] {processor.py:914} INFO - Processing file /home/airflow/.local/lib/python3.12/site-packages/airflow/example_dags/example_python_operator.py for tasks to queue
[2024-10-04T23:48:40.935+0000] {logging_mixin.py:190} INFO - [2024-10-04T23:48:40.935+0000] {dagbag.py:587} INFO - Filling up the DagBag from /home/airflow/.local/lib/python3.12/site-packages/airflow/example_dags/example_python_operator.py
[2024-10-04T23:48:40.951+0000] {processor.py:925} INFO - DAG(s) 'example_python_operator' retrieved from /home/airflow/.local/lib/python3.12/site-packages/airflow/example_dags/example_python_operator.py
[2024-10-04T23:48:40.984+0000] {logging_mixin.py:190} INFO - [2024-10-04T23:48:40.984+0000] {dag.py:3229} INFO - Sync 1 DAGs
[2024-10-04T23:48:41.004+0000] {logging_mixin.py:190} INFO - [2024-10-04T23:48:41.004+0000] {dag.py:4156} INFO - Setting next_dagrun for example_python_operator to None, run_after=None
[2024-10-04T23:48:41.033+0000] {processor.py:208} INFO - Processing /home/airflow/.local/lib/python3.12/site-packages/airflow/example_dags/example_python_operator.py took 0.113 seconds
[2024-10-04T23:49:11.483+0000] {processor.py:186} INFO - Started process (PID=1529) to work on /home/airflow/.local/lib/python3.12/site-packages/airflow/example_dags/example_python_operator.py
[2024-10-04T23:49:11.485+0000] {processor.py:914} INFO - Processing file /home/airflow/.local/lib/python3.12/site-packages/airflow/example_dags/example_python_operator.py for tasks to queue
[2024-10-04T23:49:11.489+0000] {logging_mixin.py:190} INFO - [2024-10-04T23:49:11.488+0000] {dagbag.py:587} INFO - Filling up the DagBag from /home/airflow/.local/lib/python3.12/site-packages/airflow/example_dags/example_python_operator.py
[2024-10-04T23:49:11.506+0000] {processor.py:925} INFO - DAG(s) 'example_python_operator' retrieved from /home/airflow/.local/lib/python3.12/site-packages/airflow/example_dags/example_python_operator.py
[2024-10-04T23:49:11.536+0000] {logging_mixin.py:190} INFO - [2024-10-04T23:49:11.536+0000] {dag.py:3229} INFO - Sync 1 DAGs
[2024-10-04T23:49:11.557+0000] {logging_mixin.py:190} INFO - [2024-10-04T23:49:11.556+0000] {dag.py:4156} INFO - Setting next_dagrun for example_python_operator to None, run_after=None
[2024-10-04T23:49:11.586+0000] {processor.py:208} INFO - Processing /home/airflow/.local/lib/python3.12/site-packages/airflow/example_dags/example_python_operator.py took 0.118 seconds
[2024-10-04T23:49:41.879+0000] {processor.py:186} INFO - Started process (PID=1591) to work on /home/airflow/.local/lib/python3.12/site-packages/airflow/example_dags/example_python_operator.py
[2024-10-04T23:49:41.880+0000] {processor.py:914} INFO - Processing file /home/airflow/.local/lib/python3.12/site-packages/airflow/example_dags/example_python_operator.py for tasks to queue
[2024-10-04T23:49:41.884+0000] {logging_mixin.py:190} INFO - [2024-10-04T23:49:41.883+0000] {dagbag.py:587} INFO - Filling up the DagBag from /home/airflow/.local/lib/python3.12/site-packages/airflow/example_dags/example_python_operator.py
[2024-10-04T23:49:41.902+0000] {processor.py:925} INFO - DAG(s) 'example_python_operator' retrieved from /home/airflow/.local/lib/python3.12/site-packages/airflow/example_dags/example_python_operator.py
[2024-10-04T23:49:41.945+0000] {logging_mixin.py:190} INFO - [2024-10-04T23:49:41.944+0000] {dag.py:3229} INFO - Sync 1 DAGs
[2024-10-04T23:49:41.968+0000] {logging_mixin.py:190} INFO - [2024-10-04T23:49:41.968+0000] {dag.py:4156} INFO - Setting next_dagrun for example_python_operator to None, run_after=None
[2024-10-04T23:49:42.014+0000] {processor.py:208} INFO - Processing /home/airflow/.local/lib/python3.12/site-packages/airflow/example_dags/example_python_operator.py took 0.145 seconds
[2024-10-04T23:50:12.519+0000] {processor.py:186} INFO - Started process (PID=1653) to work on /home/airflow/.local/lib/python3.12/site-packages/airflow/example_dags/example_python_operator.py
[2024-10-04T23:50:12.521+0000] {processor.py:914} INFO - Processing file /home/airflow/.local/lib/python3.12/site-packages/airflow/example_dags/example_python_operator.py for tasks to queue
[2024-10-04T23:50:12.524+0000] {logging_mixin.py:190} INFO - [2024-10-04T23:50:12.524+0000] {dagbag.py:587} INFO - Filling up the DagBag from /home/airflow/.local/lib/python3.12/site-packages/airflow/example_dags/example_python_operator.py
[2024-10-04T23:50:12.539+0000] {processor.py:925} INFO - DAG(s) 'example_python_operator' retrieved from /home/airflow/.local/lib/python3.12/site-packages/airflow/example_dags/example_python_operator.py
[2024-10-04T23:50:12.567+0000] {logging_mixin.py:190} INFO - [2024-10-04T23:50:12.567+0000] {dag.py:3229} INFO - Sync 1 DAGs
[2024-10-04T23:50:12.585+0000] {logging_mixin.py:190} INFO - [2024-10-04T23:50:12.584+0000] {dag.py:4156} INFO - Setting next_dagrun for example_python_operator to None, run_after=None
[2024-10-04T23:50:12.620+0000] {processor.py:208} INFO - Processing /home/airflow/.local/lib/python3.12/site-packages/airflow/example_dags/example_python_operator.py took 0.110 seconds
[2024-10-04T23:50:43.105+0000] {processor.py:186} INFO - Started process (PID=1715) to work on /home/airflow/.local/lib/python3.12/site-packages/airflow/example_dags/example_python_operator.py
[2024-10-04T23:50:43.106+0000] {processor.py:914} INFO - Processing file /home/airflow/.local/lib/python3.12/site-packages/airflow/example_dags/example_python_operator.py for tasks to queue
[2024-10-04T23:50:43.110+0000] {logging_mixin.py:190} INFO - [2024-10-04T23:50:43.110+0000] {dagbag.py:587} INFO - Filling up the DagBag from /home/airflow/.local/lib/python3.12/site-packages/airflow/example_dags/example_python_operator.py
[2024-10-04T23:50:43.126+0000] {processor.py:925} INFO - DAG(s) 'example_python_operator' retrieved from /home/airflow/.local/lib/python3.12/site-packages/airflow/example_dags/example_python_operator.py
[2024-10-04T23:50:43.162+0000] {logging_mixin.py:190} INFO - [2024-10-04T23:50:43.161+0000] {dag.py:3229} INFO - Sync 1 DAGs
[2024-10-04T23:50:43.184+0000] {logging_mixin.py:190} INFO - [2024-10-04T23:50:43.184+0000] {dag.py:4156} INFO - Setting next_dagrun for example_python_operator to None, run_after=None
[2024-10-04T23:50:43.224+0000] {processor.py:208} INFO - Processing /home/airflow/.local/lib/python3.12/site-packages/airflow/example_dags/example_python_operator.py took 0.130 seconds
[2024-10-04T23:51:20.920+0000] {processor.py:186} INFO - Started process (PID=1777) to work on /home/airflow/.local/lib/python3.12/site-packages/airflow/example_dags/example_python_operator.py
[2024-10-04T23:51:20.922+0000] {processor.py:914} INFO - Processing file /home/airflow/.local/lib/python3.12/site-packages/airflow/example_dags/example_python_operator.py for tasks to queue
[2024-10-04T23:51:20.952+0000] {logging_mixin.py:190} INFO - [2024-10-04T23:51:20.952+0000] {dagbag.py:587} INFO - Filling up the DagBag from /home/airflow/.local/lib/python3.12/site-packages/airflow/example_dags/example_python_operator.py
[2024-10-04T23:51:21.022+0000] {processor.py:925} INFO - DAG(s) 'example_python_operator' retrieved from /home/airflow/.local/lib/python3.12/site-packages/airflow/example_dags/example_python_operator.py
[2024-10-04T23:51:21.176+0000] {logging_mixin.py:190} INFO - [2024-10-04T23:51:21.176+0000] {dag.py:3229} INFO - Sync 1 DAGs
[2024-10-04T23:51:21.271+0000] {logging_mixin.py:190} INFO - [2024-10-04T23:51:21.271+0000] {dag.py:4156} INFO - Setting next_dagrun for example_python_operator to None, run_after=None
[2024-10-04T23:51:21.376+0000] {processor.py:208} INFO - Processing /home/airflow/.local/lib/python3.12/site-packages/airflow/example_dags/example_python_operator.py took 0.487 seconds
[2024-10-04T23:51:53.371+0000] {processor.py:186} INFO - Started process (PID=1839) to work on /home/airflow/.local/lib/python3.12/site-packages/airflow/example_dags/example_python_operator.py
[2024-10-04T23:51:53.387+0000] {processor.py:914} INFO - Processing file /home/airflow/.local/lib/python3.12/site-packages/airflow/example_dags/example_python_operator.py for tasks to queue
[2024-10-04T23:51:53.399+0000] {logging_mixin.py:190} INFO - [2024-10-04T23:51:53.394+0000] {dagbag.py:587} INFO - Filling up the DagBag from /home/airflow/.local/lib/python3.12/site-packages/airflow/example_dags/example_python_operator.py
[2024-10-04T23:51:53.480+0000] {processor.py:925} INFO - DAG(s) 'example_python_operator' retrieved from /home/airflow/.local/lib/python3.12/site-packages/airflow/example_dags/example_python_operator.py
[2024-10-04T23:51:53.597+0000] {logging_mixin.py:190} INFO - [2024-10-04T23:51:53.596+0000] {dag.py:3229} INFO - Sync 1 DAGs
[2024-10-04T23:51:53.693+0000] {logging_mixin.py:190} INFO - [2024-10-04T23:51:53.693+0000] {dag.py:4156} INFO - Setting next_dagrun for example_python_operator to None, run_after=None
[2024-10-04T23:51:53.801+0000] {processor.py:208} INFO - Processing /home/airflow/.local/lib/python3.12/site-packages/airflow/example_dags/example_python_operator.py took 0.476 seconds
[2024-10-04T23:52:24.055+0000] {processor.py:186} INFO - Started process (PID=1901) to work on /home/airflow/.local/lib/python3.12/site-packages/airflow/example_dags/example_python_operator.py
[2024-10-04T23:52:24.062+0000] {processor.py:914} INFO - Processing file /home/airflow/.local/lib/python3.12/site-packages/airflow/example_dags/example_python_operator.py for tasks to queue
[2024-10-04T23:52:24.068+0000] {logging_mixin.py:190} INFO - [2024-10-04T23:52:24.068+0000] {dagbag.py:587} INFO - Filling up the DagBag from /home/airflow/.local/lib/python3.12/site-packages/airflow/example_dags/example_python_operator.py
[2024-10-04T23:52:24.103+0000] {processor.py:925} INFO - DAG(s) 'example_python_operator' retrieved from /home/airflow/.local/lib/python3.12/site-packages/airflow/example_dags/example_python_operator.py
[2024-10-04T23:52:24.164+0000] {logging_mixin.py:190} INFO - [2024-10-04T23:52:24.163+0000] {dag.py:3229} INFO - Sync 1 DAGs
[2024-10-04T23:52:24.218+0000] {logging_mixin.py:190} INFO - [2024-10-04T23:52:24.217+0000] {dag.py:4156} INFO - Setting next_dagrun for example_python_operator to None, run_after=None
[2024-10-04T23:52:24.295+0000] {processor.py:208} INFO - Processing /home/airflow/.local/lib/python3.12/site-packages/airflow/example_dags/example_python_operator.py took 0.253 seconds
[2024-10-04T23:52:54.752+0000] {processor.py:186} INFO - Started process (PID=1964) to work on /home/airflow/.local/lib/python3.12/site-packages/airflow/example_dags/example_python_operator.py
[2024-10-04T23:52:54.753+0000] {processor.py:914} INFO - Processing file /home/airflow/.local/lib/python3.12/site-packages/airflow/example_dags/example_python_operator.py for tasks to queue
[2024-10-04T23:52:54.757+0000] {logging_mixin.py:190} INFO - [2024-10-04T23:52:54.757+0000] {dagbag.py:587} INFO - Filling up the DagBag from /home/airflow/.local/lib/python3.12/site-packages/airflow/example_dags/example_python_operator.py
[2024-10-04T23:52:54.780+0000] {processor.py:925} INFO - DAG(s) 'example_python_operator' retrieved from /home/airflow/.local/lib/python3.12/site-packages/airflow/example_dags/example_python_operator.py
[2024-10-04T23:52:54.827+0000] {logging_mixin.py:190} INFO - [2024-10-04T23:52:54.827+0000] {dag.py:3229} INFO - Sync 1 DAGs
[2024-10-04T23:52:54.867+0000] {logging_mixin.py:190} INFO - [2024-10-04T23:52:54.866+0000] {dag.py:4156} INFO - Setting next_dagrun for example_python_operator to None, run_after=None
[2024-10-04T23:52:54.909+0000] {processor.py:208} INFO - Processing /home/airflow/.local/lib/python3.12/site-packages/airflow/example_dags/example_python_operator.py took 0.169 seconds
[2024-10-04T23:53:25.596+0000] {processor.py:186} INFO - Started process (PID=2026) to work on /home/airflow/.local/lib/python3.12/site-packages/airflow/example_dags/example_python_operator.py
[2024-10-04T23:53:25.597+0000] {processor.py:914} INFO - Processing file /home/airflow/.local/lib/python3.12/site-packages/airflow/example_dags/example_python_operator.py for tasks to queue
[2024-10-04T23:53:25.601+0000] {logging_mixin.py:190} INFO - [2024-10-04T23:53:25.601+0000] {dagbag.py:587} INFO - Filling up the DagBag from /home/airflow/.local/lib/python3.12/site-packages/airflow/example_dags/example_python_operator.py
[2024-10-04T23:53:25.624+0000] {processor.py:925} INFO - DAG(s) 'example_python_operator' retrieved from /home/airflow/.local/lib/python3.12/site-packages/airflow/example_dags/example_python_operator.py
[2024-10-04T23:53:25.665+0000] {logging_mixin.py:190} INFO - [2024-10-04T23:53:25.664+0000] {dag.py:3229} INFO - Sync 1 DAGs
[2024-10-04T23:53:25.690+0000] {logging_mixin.py:190} INFO - [2024-10-04T23:53:25.690+0000] {dag.py:4156} INFO - Setting next_dagrun for example_python_operator to None, run_after=None
[2024-10-04T23:53:25.729+0000] {processor.py:208} INFO - Processing /home/airflow/.local/lib/python3.12/site-packages/airflow/example_dags/example_python_operator.py took 0.140 seconds
[2024-10-04T23:53:55.998+0000] {processor.py:186} INFO - Started process (PID=2088) to work on /home/airflow/.local/lib/python3.12/site-packages/airflow/example_dags/example_python_operator.py
[2024-10-04T23:53:56.000+0000] {processor.py:914} INFO - Processing file /home/airflow/.local/lib/python3.12/site-packages/airflow/example_dags/example_python_operator.py for tasks to queue
[2024-10-04T23:53:56.005+0000] {logging_mixin.py:190} INFO - [2024-10-04T23:53:56.004+0000] {dagbag.py:587} INFO - Filling up the DagBag from /home/airflow/.local/lib/python3.12/site-packages/airflow/example_dags/example_python_operator.py
[2024-10-04T23:53:56.026+0000] {processor.py:925} INFO - DAG(s) 'example_python_operator' retrieved from /home/airflow/.local/lib/python3.12/site-packages/airflow/example_dags/example_python_operator.py
[2024-10-04T23:53:56.079+0000] {logging_mixin.py:190} INFO - [2024-10-04T23:53:56.079+0000] {dag.py:3229} INFO - Sync 1 DAGs
[2024-10-04T23:53:56.108+0000] {logging_mixin.py:190} INFO - [2024-10-04T23:53:56.108+0000] {dag.py:4156} INFO - Setting next_dagrun for example_python_operator to None, run_after=None
[2024-10-04T23:53:56.151+0000] {processor.py:208} INFO - Processing /home/airflow/.local/lib/python3.12/site-packages/airflow/example_dags/example_python_operator.py took 0.164 seconds
[2024-10-04T23:54:26.200+0000] {processor.py:186} INFO - Started process (PID=2149) to work on /home/airflow/.local/lib/python3.12/site-packages/airflow/example_dags/example_python_operator.py
[2024-10-04T23:54:26.201+0000] {processor.py:914} INFO - Processing file /home/airflow/.local/lib/python3.12/site-packages/airflow/example_dags/example_python_operator.py for tasks to queue
[2024-10-04T23:54:26.205+0000] {logging_mixin.py:190} INFO - [2024-10-04T23:54:26.205+0000] {dagbag.py:587} INFO - Filling up the DagBag from /home/airflow/.local/lib/python3.12/site-packages/airflow/example_dags/example_python_operator.py
[2024-10-04T23:54:26.226+0000] {processor.py:925} INFO - DAG(s) 'example_python_operator' retrieved from /home/airflow/.local/lib/python3.12/site-packages/airflow/example_dags/example_python_operator.py
[2024-10-04T23:54:26.264+0000] {logging_mixin.py:190} INFO - [2024-10-04T23:54:26.263+0000] {dag.py:3229} INFO - Sync 1 DAGs
[2024-10-04T23:54:26.290+0000] {logging_mixin.py:190} INFO - [2024-10-04T23:54:26.290+0000] {dag.py:4156} INFO - Setting next_dagrun for example_python_operator to None, run_after=None
[2024-10-04T23:54:26.327+0000] {processor.py:208} INFO - Processing /home/airflow/.local/lib/python3.12/site-packages/airflow/example_dags/example_python_operator.py took 0.136 seconds
[2024-10-04T23:54:56.752+0000] {processor.py:186} INFO - Started process (PID=2211) to work on /home/airflow/.local/lib/python3.12/site-packages/airflow/example_dags/example_python_operator.py
[2024-10-04T23:54:56.754+0000] {processor.py:914} INFO - Processing file /home/airflow/.local/lib/python3.12/site-packages/airflow/example_dags/example_python_operator.py for tasks to queue
[2024-10-04T23:54:56.758+0000] {logging_mixin.py:190} INFO - [2024-10-04T23:54:56.758+0000] {dagbag.py:587} INFO - Filling up the DagBag from /home/airflow/.local/lib/python3.12/site-packages/airflow/example_dags/example_python_operator.py
[2024-10-04T23:54:56.781+0000] {processor.py:925} INFO - DAG(s) 'example_python_operator' retrieved from /home/airflow/.local/lib/python3.12/site-packages/airflow/example_dags/example_python_operator.py
[2024-10-04T23:54:56.832+0000] {logging_mixin.py:190} INFO - [2024-10-04T23:54:56.832+0000] {dag.py:3229} INFO - Sync 1 DAGs
[2024-10-04T23:54:56.872+0000] {logging_mixin.py:190} INFO - [2024-10-04T23:54:56.872+0000] {dag.py:4156} INFO - Setting next_dagrun for example_python_operator to None, run_after=None
[2024-10-04T23:54:56.930+0000] {processor.py:208} INFO - Processing /home/airflow/.local/lib/python3.12/site-packages/airflow/example_dags/example_python_operator.py took 0.193 seconds
[2024-10-04T23:55:27.222+0000] {processor.py:186} INFO - Started process (PID=2272) to work on /home/airflow/.local/lib/python3.12/site-packages/airflow/example_dags/example_python_operator.py
[2024-10-04T23:55:27.223+0000] {processor.py:914} INFO - Processing file /home/airflow/.local/lib/python3.12/site-packages/airflow/example_dags/example_python_operator.py for tasks to queue
[2024-10-04T23:55:27.227+0000] {logging_mixin.py:190} INFO - [2024-10-04T23:55:27.227+0000] {dagbag.py:587} INFO - Filling up the DagBag from /home/airflow/.local/lib/python3.12/site-packages/airflow/example_dags/example_python_operator.py
[2024-10-04T23:55:27.250+0000] {processor.py:925} INFO - DAG(s) 'example_python_operator' retrieved from /home/airflow/.local/lib/python3.12/site-packages/airflow/example_dags/example_python_operator.py
[2024-10-04T23:55:27.292+0000] {logging_mixin.py:190} INFO - [2024-10-04T23:55:27.291+0000] {dag.py:3229} INFO - Sync 1 DAGs
[2024-10-04T23:55:27.318+0000] {logging_mixin.py:190} INFO - [2024-10-04T23:55:27.317+0000] {dag.py:4156} INFO - Setting next_dagrun for example_python_operator to None, run_after=None
[2024-10-04T23:55:27.354+0000] {processor.py:208} INFO - Processing /home/airflow/.local/lib/python3.12/site-packages/airflow/example_dags/example_python_operator.py took 0.144 seconds
[2024-10-04T23:55:58.428+0000] {processor.py:186} INFO - Started process (PID=2335) to work on /home/airflow/.local/lib/python3.12/site-packages/airflow/example_dags/example_python_operator.py
[2024-10-04T23:55:58.430+0000] {processor.py:914} INFO - Processing file /home/airflow/.local/lib/python3.12/site-packages/airflow/example_dags/example_python_operator.py for tasks to queue
[2024-10-04T23:55:58.435+0000] {logging_mixin.py:190} INFO - [2024-10-04T23:55:58.434+0000] {dagbag.py:587} INFO - Filling up the DagBag from /home/airflow/.local/lib/python3.12/site-packages/airflow/example_dags/example_python_operator.py
[2024-10-04T23:55:58.455+0000] {processor.py:925} INFO - DAG(s) 'example_python_operator' retrieved from /home/airflow/.local/lib/python3.12/site-packages/airflow/example_dags/example_python_operator.py
[2024-10-04T23:55:58.495+0000] {logging_mixin.py:190} INFO - [2024-10-04T23:55:58.495+0000] {dag.py:3229} INFO - Sync 1 DAGs
[2024-10-04T23:55:58.522+0000] {logging_mixin.py:190} INFO - [2024-10-04T23:55:58.521+0000] {dag.py:4156} INFO - Setting next_dagrun for example_python_operator to None, run_after=None
[2024-10-04T23:55:58.552+0000] {processor.py:208} INFO - Processing /home/airflow/.local/lib/python3.12/site-packages/airflow/example_dags/example_python_operator.py took 0.137 seconds
[2024-10-04T23:56:28.660+0000] {processor.py:186} INFO - Started process (PID=2396) to work on /home/airflow/.local/lib/python3.12/site-packages/airflow/example_dags/example_python_operator.py
[2024-10-04T23:56:28.662+0000] {processor.py:914} INFO - Processing file /home/airflow/.local/lib/python3.12/site-packages/airflow/example_dags/example_python_operator.py for tasks to queue
[2024-10-04T23:56:28.665+0000] {logging_mixin.py:190} INFO - [2024-10-04T23:56:28.665+0000] {dagbag.py:587} INFO - Filling up the DagBag from /home/airflow/.local/lib/python3.12/site-packages/airflow/example_dags/example_python_operator.py
[2024-10-04T23:56:28.684+0000] {processor.py:925} INFO - DAG(s) 'example_python_operator' retrieved from /home/airflow/.local/lib/python3.12/site-packages/airflow/example_dags/example_python_operator.py
[2024-10-04T23:56:28.711+0000] {logging_mixin.py:190} INFO - [2024-10-04T23:56:28.710+0000] {dag.py:3229} INFO - Sync 1 DAGs
[2024-10-04T23:56:28.730+0000] {logging_mixin.py:190} INFO - [2024-10-04T23:56:28.729+0000] {dag.py:4156} INFO - Setting next_dagrun for example_python_operator to None, run_after=None
[2024-10-04T23:56:28.758+0000] {processor.py:208} INFO - Processing /home/airflow/.local/lib/python3.12/site-packages/airflow/example_dags/example_python_operator.py took 0.105 seconds
[2024-10-04T23:56:58.919+0000] {processor.py:186} INFO - Started process (PID=2458) to work on /home/airflow/.local/lib/python3.12/site-packages/airflow/example_dags/example_python_operator.py
[2024-10-04T23:56:58.920+0000] {processor.py:914} INFO - Processing file /home/airflow/.local/lib/python3.12/site-packages/airflow/example_dags/example_python_operator.py for tasks to queue
[2024-10-04T23:56:58.925+0000] {logging_mixin.py:190} INFO - [2024-10-04T23:56:58.924+0000] {dagbag.py:587} INFO - Filling up the DagBag from /home/airflow/.local/lib/python3.12/site-packages/airflow/example_dags/example_python_operator.py
[2024-10-04T23:56:58.945+0000] {processor.py:925} INFO - DAG(s) 'example_python_operator' retrieved from /home/airflow/.local/lib/python3.12/site-packages/airflow/example_dags/example_python_operator.py
[2024-10-04T23:56:58.974+0000] {logging_mixin.py:190} INFO - [2024-10-04T23:56:58.974+0000] {dag.py:3229} INFO - Sync 1 DAGs
[2024-10-04T23:56:59.000+0000] {logging_mixin.py:190} INFO - [2024-10-04T23:56:58.999+0000] {dag.py:4156} INFO - Setting next_dagrun for example_python_operator to None, run_after=None
[2024-10-04T23:56:59.032+0000] {processor.py:208} INFO - Processing /home/airflow/.local/lib/python3.12/site-packages/airflow/example_dags/example_python_operator.py took 0.121 seconds
[2024-10-04T23:57:29.837+0000] {processor.py:186} INFO - Started process (PID=2520) to work on /home/airflow/.local/lib/python3.12/site-packages/airflow/example_dags/example_python_operator.py
[2024-10-04T23:57:29.838+0000] {processor.py:914} INFO - Processing file /home/airflow/.local/lib/python3.12/site-packages/airflow/example_dags/example_python_operator.py for tasks to queue
[2024-10-04T23:57:29.841+0000] {logging_mixin.py:190} INFO - [2024-10-04T23:57:29.841+0000] {dagbag.py:587} INFO - Filling up the DagBag from /home/airflow/.local/lib/python3.12/site-packages/airflow/example_dags/example_python_operator.py
[2024-10-04T23:57:29.857+0000] {processor.py:925} INFO - DAG(s) 'example_python_operator' retrieved from /home/airflow/.local/lib/python3.12/site-packages/airflow/example_dags/example_python_operator.py
[2024-10-04T23:57:29.894+0000] {logging_mixin.py:190} INFO - [2024-10-04T23:57:29.894+0000] {dag.py:3229} INFO - Sync 1 DAGs
[2024-10-04T23:57:29.921+0000] {logging_mixin.py:190} INFO - [2024-10-04T23:57:29.921+0000] {dag.py:4156} INFO - Setting next_dagrun for example_python_operator to None, run_after=None
[2024-10-04T23:57:29.954+0000] {processor.py:208} INFO - Processing /home/airflow/.local/lib/python3.12/site-packages/airflow/example_dags/example_python_operator.py took 0.124 seconds
[2024-10-04T23:58:00.933+0000] {processor.py:186} INFO - Started process (PID=2582) to work on /home/airflow/.local/lib/python3.12/site-packages/airflow/example_dags/example_python_operator.py
[2024-10-04T23:58:00.934+0000] {processor.py:914} INFO - Processing file /home/airflow/.local/lib/python3.12/site-packages/airflow/example_dags/example_python_operator.py for tasks to queue
[2024-10-04T23:58:00.939+0000] {logging_mixin.py:190} INFO - [2024-10-04T23:58:00.938+0000] {dagbag.py:587} INFO - Filling up the DagBag from /home/airflow/.local/lib/python3.12/site-packages/airflow/example_dags/example_python_operator.py
[2024-10-04T23:58:00.957+0000] {processor.py:925} INFO - DAG(s) 'example_python_operator' retrieved from /home/airflow/.local/lib/python3.12/site-packages/airflow/example_dags/example_python_operator.py
[2024-10-04T23:58:00.986+0000] {logging_mixin.py:190} INFO - [2024-10-04T23:58:00.985+0000] {dag.py:3229} INFO - Sync 1 DAGs
[2024-10-04T23:58:01.011+0000] {logging_mixin.py:190} INFO - [2024-10-04T23:58:01.010+0000] {dag.py:4156} INFO - Setting next_dagrun for example_python_operator to None, run_after=None
[2024-10-04T23:58:01.043+0000] {processor.py:208} INFO - Processing /home/airflow/.local/lib/python3.12/site-packages/airflow/example_dags/example_python_operator.py took 0.121 seconds
[2024-10-04T23:58:31.534+0000] {processor.py:186} INFO - Started process (PID=2645) to work on /home/airflow/.local/lib/python3.12/site-packages/airflow/example_dags/example_python_operator.py
[2024-10-04T23:58:31.535+0000] {processor.py:914} INFO - Processing file /home/airflow/.local/lib/python3.12/site-packages/airflow/example_dags/example_python_operator.py for tasks to queue
[2024-10-04T23:58:31.539+0000] {logging_mixin.py:190} INFO - [2024-10-04T23:58:31.539+0000] {dagbag.py:587} INFO - Filling up the DagBag from /home/airflow/.local/lib/python3.12/site-packages/airflow/example_dags/example_python_operator.py
[2024-10-04T23:58:31.560+0000] {processor.py:925} INFO - DAG(s) 'example_python_operator' retrieved from /home/airflow/.local/lib/python3.12/site-packages/airflow/example_dags/example_python_operator.py
[2024-10-04T23:58:31.594+0000] {logging_mixin.py:190} INFO - [2024-10-04T23:58:31.594+0000] {dag.py:3229} INFO - Sync 1 DAGs
[2024-10-04T23:58:31.622+0000] {logging_mixin.py:190} INFO - [2024-10-04T23:58:31.622+0000] {dag.py:4156} INFO - Setting next_dagrun for example_python_operator to None, run_after=None
[2024-10-04T23:58:31.655+0000] {processor.py:208} INFO - Processing /home/airflow/.local/lib/python3.12/site-packages/airflow/example_dags/example_python_operator.py took 0.135 seconds
[2024-10-04T23:59:02.237+0000] {processor.py:186} INFO - Started process (PID=2707) to work on /home/airflow/.local/lib/python3.12/site-packages/airflow/example_dags/example_python_operator.py
[2024-10-04T23:59:02.239+0000] {processor.py:914} INFO - Processing file /home/airflow/.local/lib/python3.12/site-packages/airflow/example_dags/example_python_operator.py for tasks to queue
[2024-10-04T23:59:02.242+0000] {logging_mixin.py:190} INFO - [2024-10-04T23:59:02.242+0000] {dagbag.py:587} INFO - Filling up the DagBag from /home/airflow/.local/lib/python3.12/site-packages/airflow/example_dags/example_python_operator.py
[2024-10-04T23:59:02.276+0000] {processor.py:925} INFO - DAG(s) 'example_python_operator' retrieved from /home/airflow/.local/lib/python3.12/site-packages/airflow/example_dags/example_python_operator.py
[2024-10-04T23:59:02.316+0000] {logging_mixin.py:190} INFO - [2024-10-04T23:59:02.316+0000] {dag.py:3229} INFO - Sync 1 DAGs
[2024-10-04T23:59:02.342+0000] {logging_mixin.py:190} INFO - [2024-10-04T23:59:02.342+0000] {dag.py:4156} INFO - Setting next_dagrun for example_python_operator to None, run_after=None
[2024-10-04T23:59:02.380+0000] {processor.py:208} INFO - Processing /home/airflow/.local/lib/python3.12/site-packages/airflow/example_dags/example_python_operator.py took 0.158 seconds
[2024-10-04T23:59:32.473+0000] {processor.py:186} INFO - Started process (PID=2769) to work on /home/airflow/.local/lib/python3.12/site-packages/airflow/example_dags/example_python_operator.py
[2024-10-04T23:59:32.474+0000] {processor.py:914} INFO - Processing file /home/airflow/.local/lib/python3.12/site-packages/airflow/example_dags/example_python_operator.py for tasks to queue
[2024-10-04T23:59:32.478+0000] {logging_mixin.py:190} INFO - [2024-10-04T23:59:32.477+0000] {dagbag.py:587} INFO - Filling up the DagBag from /home/airflow/.local/lib/python3.12/site-packages/airflow/example_dags/example_python_operator.py
[2024-10-04T23:59:32.496+0000] {processor.py:925} INFO - DAG(s) 'example_python_operator' retrieved from /home/airflow/.local/lib/python3.12/site-packages/airflow/example_dags/example_python_operator.py
[2024-10-04T23:59:32.527+0000] {logging_mixin.py:190} INFO - [2024-10-04T23:59:32.526+0000] {dag.py:3229} INFO - Sync 1 DAGs
[2024-10-04T23:59:32.546+0000] {logging_mixin.py:190} INFO - [2024-10-04T23:59:32.546+0000] {dag.py:4156} INFO - Setting next_dagrun for example_python_operator to None, run_after=None
[2024-10-04T23:59:32.577+0000] {processor.py:208} INFO - Processing /home/airflow/.local/lib/python3.12/site-packages/airflow/example_dags/example_python_operator.py took 0.112 seconds
