[2024-10-04T19:16:53.784+0000] {processor.py:186} INFO - Started process (PID=86) to work on /home/airflow/.local/lib/python3.12/site-packages/airflow/example_dags/example_branch_python_dop_operator_3.py
[2024-10-04T19:16:53.802+0000] {processor.py:914} INFO - Processing file /home/airflow/.local/lib/python3.12/site-packages/airflow/example_dags/example_branch_python_dop_operator_3.py for tasks to queue
[2024-10-04T19:16:53.863+0000] {logging_mixin.py:190} INFO - [2024-10-04T19:16:53.861+0000] {dagbag.py:587} INFO - Filling up the DagBag from /home/airflow/.local/lib/python3.12/site-packages/airflow/example_dags/example_branch_python_dop_operator_3.py
[2024-10-04T19:16:53.944+0000] {processor.py:925} INFO - DAG(s) 'example_branch_dop_operator_v3' retrieved from /home/airflow/.local/lib/python3.12/site-packages/airflow/example_dags/example_branch_python_dop_operator_3.py
[2024-10-04T19:16:54.678+0000] {logging_mixin.py:190} INFO - [2024-10-04T19:16:54.674+0000] {override.py:1900} INFO - Created Permission View: can edit on DAG:example_branch_dop_operator_v3
[2024-10-04T19:16:54.789+0000] {logging_mixin.py:190} INFO - [2024-10-04T19:16:54.788+0000] {override.py:1900} INFO - Created Permission View: can read on DAG:example_branch_dop_operator_v3
[2024-10-04T19:16:54.828+0000] {logging_mixin.py:190} INFO - [2024-10-04T19:16:54.828+0000] {override.py:1900} INFO - Created Permission View: can delete on DAG:example_branch_dop_operator_v3
[2024-10-04T19:16:54.879+0000] {logging_mixin.py:190} INFO - [2024-10-04T19:16:54.878+0000] {override.py:1900} INFO - Created Permission View: can read on DAG Run:example_branch_dop_operator_v3
[2024-10-04T19:16:54.922+0000] {logging_mixin.py:190} INFO - [2024-10-04T19:16:54.921+0000] {override.py:1900} INFO - Created Permission View: can delete on DAG Run:example_branch_dop_operator_v3
[2024-10-04T19:16:55.029+0000] {logging_mixin.py:190} INFO - [2024-10-04T19:16:55.029+0000] {override.py:1900} INFO - Created Permission View: can create on DAG Run:example_branch_dop_operator_v3
[2024-10-04T19:16:55.080+0000] {logging_mixin.py:190} INFO - [2024-10-04T19:16:55.079+0000] {override.py:1900} INFO - Created Permission View: menu access on DAG Run:example_branch_dop_operator_v3
[2024-10-04T19:16:55.084+0000] {logging_mixin.py:190} INFO - [2024-10-04T19:16:55.083+0000] {dag.py:3229} INFO - Sync 1 DAGs
[2024-10-04T19:16:55.135+0000] {logging_mixin.py:190} INFO - [2024-10-04T19:16:55.134+0000] {dag.py:3252} INFO - Creating ORM DAG for example_branch_dop_operator_v3
[2024-10-04T19:16:55.203+0000] {logging_mixin.py:190} INFO - [2024-10-04T19:16:55.203+0000] {dag.py:4156} INFO - Setting next_dagrun for example_branch_dop_operator_v3 to 2024-10-04 19:15:00+00:00, run_after=2024-10-04 19:16:00+00:00
[2024-10-04T19:16:55.346+0000] {processor.py:208} INFO - Processing /home/airflow/.local/lib/python3.12/site-packages/airflow/example_dags/example_branch_python_dop_operator_3.py took 1.604 seconds
[2024-10-04T19:17:44.804+0000] {processor.py:186} INFO - Started process (PID=81) to work on /home/airflow/.local/lib/python3.12/site-packages/airflow/example_dags/example_branch_python_dop_operator_3.py
[2024-10-04T19:17:44.807+0000] {processor.py:914} INFO - Processing file /home/airflow/.local/lib/python3.12/site-packages/airflow/example_dags/example_branch_python_dop_operator_3.py for tasks to queue
[2024-10-04T19:17:44.818+0000] {logging_mixin.py:190} INFO - [2024-10-04T19:17:44.817+0000] {dagbag.py:587} INFO - Filling up the DagBag from /home/airflow/.local/lib/python3.12/site-packages/airflow/example_dags/example_branch_python_dop_operator_3.py
[2024-10-04T19:17:44.837+0000] {processor.py:925} INFO - DAG(s) 'example_branch_dop_operator_v3' retrieved from /home/airflow/.local/lib/python3.12/site-packages/airflow/example_dags/example_branch_python_dop_operator_3.py
[2024-10-04T19:17:44.892+0000] {logging_mixin.py:190} INFO - [2024-10-04T19:17:44.892+0000] {dag.py:3229} INFO - Sync 1 DAGs
[2024-10-04T19:17:44.949+0000] {logging_mixin.py:190} INFO - [2024-10-04T19:17:44.948+0000] {dag.py:4156} INFO - Setting next_dagrun for example_branch_dop_operator_v3 to 2024-10-04 19:16:00+00:00, run_after=2024-10-04 19:17:00+00:00
[2024-10-04T19:17:44.991+0000] {processor.py:208} INFO - Processing /home/airflow/.local/lib/python3.12/site-packages/airflow/example_dags/example_branch_python_dop_operator_3.py took 0.199 seconds
[2024-10-04T19:18:15.802+0000] {processor.py:186} INFO - Started process (PID=142) to work on /home/airflow/.local/lib/python3.12/site-packages/airflow/example_dags/example_branch_python_dop_operator_3.py
[2024-10-04T19:18:15.803+0000] {processor.py:914} INFO - Processing file /home/airflow/.local/lib/python3.12/site-packages/airflow/example_dags/example_branch_python_dop_operator_3.py for tasks to queue
[2024-10-04T19:18:15.806+0000] {logging_mixin.py:190} INFO - [2024-10-04T19:18:15.806+0000] {dagbag.py:587} INFO - Filling up the DagBag from /home/airflow/.local/lib/python3.12/site-packages/airflow/example_dags/example_branch_python_dop_operator_3.py
[2024-10-04T19:18:15.822+0000] {processor.py:925} INFO - DAG(s) 'example_branch_dop_operator_v3' retrieved from /home/airflow/.local/lib/python3.12/site-packages/airflow/example_dags/example_branch_python_dop_operator_3.py
[2024-10-04T19:18:15.854+0000] {logging_mixin.py:190} INFO - [2024-10-04T19:18:15.853+0000] {dag.py:3229} INFO - Sync 1 DAGs
[2024-10-04T19:18:15.915+0000] {logging_mixin.py:190} INFO - [2024-10-04T19:18:15.915+0000] {dag.py:4156} INFO - Setting next_dagrun for example_branch_dop_operator_v3 to 2024-10-04 19:17:00+00:00, run_after=2024-10-04 19:18:00+00:00
[2024-10-04T19:18:15.962+0000] {processor.py:208} INFO - Processing /home/airflow/.local/lib/python3.12/site-packages/airflow/example_dags/example_branch_python_dop_operator_3.py took 0.170 seconds
[2024-10-04T23:37:18.893+0000] {processor.py:186} INFO - Started process (PID=77) to work on /home/airflow/.local/lib/python3.12/site-packages/airflow/example_dags/example_branch_python_dop_operator_3.py
[2024-10-04T23:37:18.896+0000] {processor.py:914} INFO - Processing file /home/airflow/.local/lib/python3.12/site-packages/airflow/example_dags/example_branch_python_dop_operator_3.py for tasks to queue
[2024-10-04T23:37:18.901+0000] {logging_mixin.py:190} INFO - [2024-10-04T23:37:18.900+0000] {dagbag.py:587} INFO - Filling up the DagBag from /home/airflow/.local/lib/python3.12/site-packages/airflow/example_dags/example_branch_python_dop_operator_3.py
[2024-10-04T23:37:18.922+0000] {processor.py:925} INFO - DAG(s) 'example_branch_dop_operator_v3' retrieved from /home/airflow/.local/lib/python3.12/site-packages/airflow/example_dags/example_branch_python_dop_operator_3.py
[2024-10-04T23:37:18.974+0000] {logging_mixin.py:190} INFO - [2024-10-04T23:37:18.973+0000] {dag.py:3229} INFO - Sync 1 DAGs
[2024-10-04T23:37:19.028+0000] {logging_mixin.py:190} INFO - [2024-10-04T23:37:19.028+0000] {dag.py:4156} INFO - Setting next_dagrun for example_branch_dop_operator_v3 to 2024-10-04 23:36:00+00:00, run_after=2024-10-04 23:37:00+00:00
[2024-10-04T23:37:19.065+0000] {processor.py:208} INFO - Processing /home/airflow/.local/lib/python3.12/site-packages/airflow/example_dags/example_branch_python_dop_operator_3.py took 0.187 seconds
[2024-10-04T23:37:50.085+0000] {processor.py:186} INFO - Started process (PID=139) to work on /home/airflow/.local/lib/python3.12/site-packages/airflow/example_dags/example_branch_python_dop_operator_3.py
[2024-10-04T23:37:50.086+0000] {processor.py:914} INFO - Processing file /home/airflow/.local/lib/python3.12/site-packages/airflow/example_dags/example_branch_python_dop_operator_3.py for tasks to queue
[2024-10-04T23:37:50.090+0000] {logging_mixin.py:190} INFO - [2024-10-04T23:37:50.090+0000] {dagbag.py:587} INFO - Filling up the DagBag from /home/airflow/.local/lib/python3.12/site-packages/airflow/example_dags/example_branch_python_dop_operator_3.py
[2024-10-04T23:37:50.111+0000] {processor.py:925} INFO - DAG(s) 'example_branch_dop_operator_v3' retrieved from /home/airflow/.local/lib/python3.12/site-packages/airflow/example_dags/example_branch_python_dop_operator_3.py
[2024-10-04T23:37:50.148+0000] {logging_mixin.py:190} INFO - [2024-10-04T23:37:50.148+0000] {dag.py:3229} INFO - Sync 1 DAGs
[2024-10-04T23:37:50.209+0000] {logging_mixin.py:190} INFO - [2024-10-04T23:37:50.207+0000] {dag.py:4156} INFO - Setting next_dagrun for example_branch_dop_operator_v3 to 2024-10-04 23:36:00+00:00, run_after=2024-10-04 23:37:00+00:00
[2024-10-04T23:37:50.251+0000] {processor.py:208} INFO - Processing /home/airflow/.local/lib/python3.12/site-packages/airflow/example_dags/example_branch_python_dop_operator_3.py took 0.177 seconds
[2024-10-04T23:38:20.354+0000] {processor.py:186} INFO - Started process (PID=201) to work on /home/airflow/.local/lib/python3.12/site-packages/airflow/example_dags/example_branch_python_dop_operator_3.py
[2024-10-04T23:38:20.355+0000] {processor.py:914} INFO - Processing file /home/airflow/.local/lib/python3.12/site-packages/airflow/example_dags/example_branch_python_dop_operator_3.py for tasks to queue
[2024-10-04T23:38:20.360+0000] {logging_mixin.py:190} INFO - [2024-10-04T23:38:20.359+0000] {dagbag.py:587} INFO - Filling up the DagBag from /home/airflow/.local/lib/python3.12/site-packages/airflow/example_dags/example_branch_python_dop_operator_3.py
[2024-10-04T23:38:20.373+0000] {processor.py:925} INFO - DAG(s) 'example_branch_dop_operator_v3' retrieved from /home/airflow/.local/lib/python3.12/site-packages/airflow/example_dags/example_branch_python_dop_operator_3.py
[2024-10-04T23:38:20.400+0000] {logging_mixin.py:190} INFO - [2024-10-04T23:38:20.400+0000] {dag.py:3229} INFO - Sync 1 DAGs
[2024-10-04T23:38:20.438+0000] {logging_mixin.py:190} INFO - [2024-10-04T23:38:20.438+0000] {dag.py:4156} INFO - Setting next_dagrun for example_branch_dop_operator_v3 to 2024-10-04 23:37:00+00:00, run_after=2024-10-04 23:38:00+00:00
[2024-10-04T23:38:20.476+0000] {processor.py:208} INFO - Processing /home/airflow/.local/lib/python3.12/site-packages/airflow/example_dags/example_branch_python_dop_operator_3.py took 0.130 seconds
[2024-10-04T23:38:50.559+0000] {processor.py:186} INFO - Started process (PID=263) to work on /home/airflow/.local/lib/python3.12/site-packages/airflow/example_dags/example_branch_python_dop_operator_3.py
[2024-10-04T23:38:50.560+0000] {processor.py:914} INFO - Processing file /home/airflow/.local/lib/python3.12/site-packages/airflow/example_dags/example_branch_python_dop_operator_3.py for tasks to queue
[2024-10-04T23:38:50.563+0000] {logging_mixin.py:190} INFO - [2024-10-04T23:38:50.562+0000] {dagbag.py:587} INFO - Filling up the DagBag from /home/airflow/.local/lib/python3.12/site-packages/airflow/example_dags/example_branch_python_dop_operator_3.py
[2024-10-04T23:38:50.576+0000] {processor.py:925} INFO - DAG(s) 'example_branch_dop_operator_v3' retrieved from /home/airflow/.local/lib/python3.12/site-packages/airflow/example_dags/example_branch_python_dop_operator_3.py
[2024-10-04T23:38:50.601+0000] {logging_mixin.py:190} INFO - [2024-10-04T23:38:50.601+0000] {dag.py:3229} INFO - Sync 1 DAGs
[2024-10-04T23:38:50.638+0000] {logging_mixin.py:190} INFO - [2024-10-04T23:38:50.638+0000] {dag.py:4156} INFO - Setting next_dagrun for example_branch_dop_operator_v3 to 2024-10-04 23:37:00+00:00, run_after=2024-10-04 23:38:00+00:00
[2024-10-04T23:38:50.672+0000] {processor.py:208} INFO - Processing /home/airflow/.local/lib/python3.12/site-packages/airflow/example_dags/example_branch_python_dop_operator_3.py took 0.122 seconds
[2024-10-04T23:39:22.164+0000] {processor.py:186} INFO - Started process (PID=325) to work on /home/airflow/.local/lib/python3.12/site-packages/airflow/example_dags/example_branch_python_dop_operator_3.py
[2024-10-04T23:39:22.166+0000] {processor.py:914} INFO - Processing file /home/airflow/.local/lib/python3.12/site-packages/airflow/example_dags/example_branch_python_dop_operator_3.py for tasks to queue
[2024-10-04T23:39:22.172+0000] {logging_mixin.py:190} INFO - [2024-10-04T23:39:22.172+0000] {dagbag.py:587} INFO - Filling up the DagBag from /home/airflow/.local/lib/python3.12/site-packages/airflow/example_dags/example_branch_python_dop_operator_3.py
[2024-10-04T23:39:22.192+0000] {processor.py:925} INFO - DAG(s) 'example_branch_dop_operator_v3' retrieved from /home/airflow/.local/lib/python3.12/site-packages/airflow/example_dags/example_branch_python_dop_operator_3.py
[2024-10-04T23:39:22.230+0000] {logging_mixin.py:190} INFO - [2024-10-04T23:39:22.230+0000] {dag.py:3229} INFO - Sync 1 DAGs
[2024-10-04T23:39:22.283+0000] {logging_mixin.py:190} INFO - [2024-10-04T23:39:22.282+0000] {dag.py:4156} INFO - Setting next_dagrun for example_branch_dop_operator_v3 to 2024-10-04 23:38:00+00:00, run_after=2024-10-04 23:39:00+00:00
[2024-10-04T23:39:22.328+0000] {processor.py:208} INFO - Processing /home/airflow/.local/lib/python3.12/site-packages/airflow/example_dags/example_branch_python_dop_operator_3.py took 0.172 seconds
[2024-10-04T23:39:52.825+0000] {processor.py:186} INFO - Started process (PID=387) to work on /home/airflow/.local/lib/python3.12/site-packages/airflow/example_dags/example_branch_python_dop_operator_3.py
[2024-10-04T23:39:52.826+0000] {processor.py:914} INFO - Processing file /home/airflow/.local/lib/python3.12/site-packages/airflow/example_dags/example_branch_python_dop_operator_3.py for tasks to queue
[2024-10-04T23:39:52.829+0000] {logging_mixin.py:190} INFO - [2024-10-04T23:39:52.828+0000] {dagbag.py:587} INFO - Filling up the DagBag from /home/airflow/.local/lib/python3.12/site-packages/airflow/example_dags/example_branch_python_dop_operator_3.py
[2024-10-04T23:39:52.844+0000] {processor.py:925} INFO - DAG(s) 'example_branch_dop_operator_v3' retrieved from /home/airflow/.local/lib/python3.12/site-packages/airflow/example_dags/example_branch_python_dop_operator_3.py
[2024-10-04T23:39:52.871+0000] {logging_mixin.py:190} INFO - [2024-10-04T23:39:52.870+0000] {dag.py:3229} INFO - Sync 1 DAGs
[2024-10-04T23:39:52.911+0000] {logging_mixin.py:190} INFO - [2024-10-04T23:39:52.911+0000] {dag.py:4156} INFO - Setting next_dagrun for example_branch_dop_operator_v3 to 2024-10-04 23:38:00+00:00, run_after=2024-10-04 23:39:00+00:00
[2024-10-04T23:39:52.942+0000] {processor.py:208} INFO - Processing /home/airflow/.local/lib/python3.12/site-packages/airflow/example_dags/example_branch_python_dop_operator_3.py took 0.128 seconds
[2024-10-04T23:40:23.607+0000] {processor.py:186} INFO - Started process (PID=448) to work on /home/airflow/.local/lib/python3.12/site-packages/airflow/example_dags/example_branch_python_dop_operator_3.py
[2024-10-04T23:40:23.609+0000] {processor.py:914} INFO - Processing file /home/airflow/.local/lib/python3.12/site-packages/airflow/example_dags/example_branch_python_dop_operator_3.py for tasks to queue
[2024-10-04T23:40:23.613+0000] {logging_mixin.py:190} INFO - [2024-10-04T23:40:23.613+0000] {dagbag.py:587} INFO - Filling up the DagBag from /home/airflow/.local/lib/python3.12/site-packages/airflow/example_dags/example_branch_python_dop_operator_3.py
[2024-10-04T23:40:23.631+0000] {processor.py:925} INFO - DAG(s) 'example_branch_dop_operator_v3' retrieved from /home/airflow/.local/lib/python3.12/site-packages/airflow/example_dags/example_branch_python_dop_operator_3.py
[2024-10-04T23:40:23.664+0000] {logging_mixin.py:190} INFO - [2024-10-04T23:40:23.664+0000] {dag.py:3229} INFO - Sync 1 DAGs
[2024-10-04T23:40:23.721+0000] {logging_mixin.py:190} INFO - [2024-10-04T23:40:23.720+0000] {dag.py:4156} INFO - Setting next_dagrun for example_branch_dop_operator_v3 to 2024-10-04 23:39:00+00:00, run_after=2024-10-04 23:40:00+00:00
[2024-10-04T23:40:23.754+0000] {processor.py:208} INFO - Processing /home/airflow/.local/lib/python3.12/site-packages/airflow/example_dags/example_branch_python_dop_operator_3.py took 0.162 seconds
[2024-10-04T23:40:54.187+0000] {processor.py:186} INFO - Started process (PID=510) to work on /home/airflow/.local/lib/python3.12/site-packages/airflow/example_dags/example_branch_python_dop_operator_3.py
[2024-10-04T23:40:54.188+0000] {processor.py:914} INFO - Processing file /home/airflow/.local/lib/python3.12/site-packages/airflow/example_dags/example_branch_python_dop_operator_3.py for tasks to queue
[2024-10-04T23:40:54.191+0000] {logging_mixin.py:190} INFO - [2024-10-04T23:40:54.190+0000] {dagbag.py:587} INFO - Filling up the DagBag from /home/airflow/.local/lib/python3.12/site-packages/airflow/example_dags/example_branch_python_dop_operator_3.py
[2024-10-04T23:40:54.207+0000] {processor.py:925} INFO - DAG(s) 'example_branch_dop_operator_v3' retrieved from /home/airflow/.local/lib/python3.12/site-packages/airflow/example_dags/example_branch_python_dop_operator_3.py
[2024-10-04T23:40:54.234+0000] {logging_mixin.py:190} INFO - [2024-10-04T23:40:54.234+0000] {dag.py:3229} INFO - Sync 1 DAGs
[2024-10-04T23:40:54.268+0000] {logging_mixin.py:190} INFO - [2024-10-04T23:40:54.268+0000] {dag.py:4156} INFO - Setting next_dagrun for example_branch_dop_operator_v3 to 2024-10-04 23:39:00+00:00, run_after=2024-10-04 23:40:00+00:00
[2024-10-04T23:40:54.299+0000] {processor.py:208} INFO - Processing /home/airflow/.local/lib/python3.12/site-packages/airflow/example_dags/example_branch_python_dop_operator_3.py took 0.119 seconds
[2024-10-04T23:41:24.768+0000] {processor.py:186} INFO - Started process (PID=573) to work on /home/airflow/.local/lib/python3.12/site-packages/airflow/example_dags/example_branch_python_dop_operator_3.py
[2024-10-04T23:41:24.770+0000] {processor.py:914} INFO - Processing file /home/airflow/.local/lib/python3.12/site-packages/airflow/example_dags/example_branch_python_dop_operator_3.py for tasks to queue
[2024-10-04T23:41:24.775+0000] {logging_mixin.py:190} INFO - [2024-10-04T23:41:24.775+0000] {dagbag.py:587} INFO - Filling up the DagBag from /home/airflow/.local/lib/python3.12/site-packages/airflow/example_dags/example_branch_python_dop_operator_3.py
[2024-10-04T23:41:24.814+0000] {processor.py:925} INFO - DAG(s) 'example_branch_dop_operator_v3' retrieved from /home/airflow/.local/lib/python3.12/site-packages/airflow/example_dags/example_branch_python_dop_operator_3.py
[2024-10-04T23:41:24.864+0000] {logging_mixin.py:190} INFO - [2024-10-04T23:41:24.863+0000] {dag.py:3229} INFO - Sync 1 DAGs
[2024-10-04T23:41:24.904+0000] {logging_mixin.py:190} INFO - [2024-10-04T23:41:24.904+0000] {dag.py:4156} INFO - Setting next_dagrun for example_branch_dop_operator_v3 to 2024-10-04 23:40:00+00:00, run_after=2024-10-04 23:41:00+00:00
[2024-10-04T23:41:24.957+0000] {processor.py:208} INFO - Processing /home/airflow/.local/lib/python3.12/site-packages/airflow/example_dags/example_branch_python_dop_operator_3.py took 0.201 seconds
[2024-10-04T23:41:55.164+0000] {processor.py:186} INFO - Started process (PID=634) to work on /home/airflow/.local/lib/python3.12/site-packages/airflow/example_dags/example_branch_python_dop_operator_3.py
[2024-10-04T23:41:55.166+0000] {processor.py:914} INFO - Processing file /home/airflow/.local/lib/python3.12/site-packages/airflow/example_dags/example_branch_python_dop_operator_3.py for tasks to queue
[2024-10-04T23:41:55.169+0000] {logging_mixin.py:190} INFO - [2024-10-04T23:41:55.169+0000] {dagbag.py:587} INFO - Filling up the DagBag from /home/airflow/.local/lib/python3.12/site-packages/airflow/example_dags/example_branch_python_dop_operator_3.py
[2024-10-04T23:41:55.184+0000] {processor.py:925} INFO - DAG(s) 'example_branch_dop_operator_v3' retrieved from /home/airflow/.local/lib/python3.12/site-packages/airflow/example_dags/example_branch_python_dop_operator_3.py
[2024-10-04T23:41:55.209+0000] {logging_mixin.py:190} INFO - [2024-10-04T23:41:55.209+0000] {dag.py:3229} INFO - Sync 1 DAGs
[2024-10-04T23:41:55.249+0000] {logging_mixin.py:190} INFO - [2024-10-04T23:41:55.249+0000] {dag.py:4156} INFO - Setting next_dagrun for example_branch_dop_operator_v3 to 2024-10-04 23:40:00+00:00, run_after=2024-10-04 23:41:00+00:00
[2024-10-04T23:41:55.279+0000] {processor.py:208} INFO - Processing /home/airflow/.local/lib/python3.12/site-packages/airflow/example_dags/example_branch_python_dop_operator_3.py took 0.123 seconds
[2024-10-04T23:42:26.465+0000] {processor.py:186} INFO - Started process (PID=696) to work on /home/airflow/.local/lib/python3.12/site-packages/airflow/example_dags/example_branch_python_dop_operator_3.py
[2024-10-04T23:42:26.466+0000] {processor.py:914} INFO - Processing file /home/airflow/.local/lib/python3.12/site-packages/airflow/example_dags/example_branch_python_dop_operator_3.py for tasks to queue
[2024-10-04T23:42:26.471+0000] {logging_mixin.py:190} INFO - [2024-10-04T23:42:26.471+0000] {dagbag.py:587} INFO - Filling up the DagBag from /home/airflow/.local/lib/python3.12/site-packages/airflow/example_dags/example_branch_python_dop_operator_3.py
[2024-10-04T23:42:26.488+0000] {processor.py:925} INFO - DAG(s) 'example_branch_dop_operator_v3' retrieved from /home/airflow/.local/lib/python3.12/site-packages/airflow/example_dags/example_branch_python_dop_operator_3.py
[2024-10-04T23:42:26.523+0000] {logging_mixin.py:190} INFO - [2024-10-04T23:42:26.523+0000] {dag.py:3229} INFO - Sync 1 DAGs
[2024-10-04T23:42:26.575+0000] {logging_mixin.py:190} INFO - [2024-10-04T23:42:26.574+0000] {dag.py:4156} INFO - Setting next_dagrun for example_branch_dop_operator_v3 to 2024-10-04 23:41:00+00:00, run_after=2024-10-04 23:42:00+00:00
[2024-10-04T23:42:26.620+0000] {processor.py:208} INFO - Processing /home/airflow/.local/lib/python3.12/site-packages/airflow/example_dags/example_branch_python_dop_operator_3.py took 0.165 seconds
[2024-10-04T23:42:57.032+0000] {processor.py:186} INFO - Started process (PID=759) to work on /home/airflow/.local/lib/python3.12/site-packages/airflow/example_dags/example_branch_python_dop_operator_3.py
[2024-10-04T23:42:57.033+0000] {processor.py:914} INFO - Processing file /home/airflow/.local/lib/python3.12/site-packages/airflow/example_dags/example_branch_python_dop_operator_3.py for tasks to queue
[2024-10-04T23:42:57.039+0000] {logging_mixin.py:190} INFO - [2024-10-04T23:42:57.038+0000] {dagbag.py:587} INFO - Filling up the DagBag from /home/airflow/.local/lib/python3.12/site-packages/airflow/example_dags/example_branch_python_dop_operator_3.py
[2024-10-04T23:42:57.054+0000] {processor.py:925} INFO - DAG(s) 'example_branch_dop_operator_v3' retrieved from /home/airflow/.local/lib/python3.12/site-packages/airflow/example_dags/example_branch_python_dop_operator_3.py
[2024-10-04T23:42:57.080+0000] {logging_mixin.py:190} INFO - [2024-10-04T23:42:57.080+0000] {dag.py:3229} INFO - Sync 1 DAGs
[2024-10-04T23:42:57.124+0000] {logging_mixin.py:190} INFO - [2024-10-04T23:42:57.123+0000] {dag.py:4156} INFO - Setting next_dagrun for example_branch_dop_operator_v3 to 2024-10-04 23:41:00+00:00, run_after=2024-10-04 23:42:00+00:00
[2024-10-04T23:42:57.158+0000] {processor.py:208} INFO - Processing /home/airflow/.local/lib/python3.12/site-packages/airflow/example_dags/example_branch_python_dop_operator_3.py took 0.135 seconds
[2024-10-04T23:43:27.724+0000] {processor.py:186} INFO - Started process (PID=821) to work on /home/airflow/.local/lib/python3.12/site-packages/airflow/example_dags/example_branch_python_dop_operator_3.py
[2024-10-04T23:43:27.725+0000] {processor.py:914} INFO - Processing file /home/airflow/.local/lib/python3.12/site-packages/airflow/example_dags/example_branch_python_dop_operator_3.py for tasks to queue
[2024-10-04T23:43:27.729+0000] {logging_mixin.py:190} INFO - [2024-10-04T23:43:27.729+0000] {dagbag.py:587} INFO - Filling up the DagBag from /home/airflow/.local/lib/python3.12/site-packages/airflow/example_dags/example_branch_python_dop_operator_3.py
[2024-10-04T23:43:27.747+0000] {processor.py:925} INFO - DAG(s) 'example_branch_dop_operator_v3' retrieved from /home/airflow/.local/lib/python3.12/site-packages/airflow/example_dags/example_branch_python_dop_operator_3.py
[2024-10-04T23:43:27.780+0000] {logging_mixin.py:190} INFO - [2024-10-04T23:43:27.780+0000] {dag.py:3229} INFO - Sync 1 DAGs
[2024-10-04T23:43:27.828+0000] {logging_mixin.py:190} INFO - [2024-10-04T23:43:27.828+0000] {dag.py:4156} INFO - Setting next_dagrun for example_branch_dop_operator_v3 to 2024-10-04 23:42:00+00:00, run_after=2024-10-04 23:43:00+00:00
[2024-10-04T23:43:27.869+0000] {processor.py:208} INFO - Processing /home/airflow/.local/lib/python3.12/site-packages/airflow/example_dags/example_branch_python_dop_operator_3.py took 0.154 seconds
[2024-10-04T23:43:58.607+0000] {processor.py:186} INFO - Started process (PID=882) to work on /home/airflow/.local/lib/python3.12/site-packages/airflow/example_dags/example_branch_python_dop_operator_3.py
[2024-10-04T23:43:58.609+0000] {processor.py:914} INFO - Processing file /home/airflow/.local/lib/python3.12/site-packages/airflow/example_dags/example_branch_python_dop_operator_3.py for tasks to queue
[2024-10-04T23:43:58.613+0000] {logging_mixin.py:190} INFO - [2024-10-04T23:43:58.612+0000] {dagbag.py:587} INFO - Filling up the DagBag from /home/airflow/.local/lib/python3.12/site-packages/airflow/example_dags/example_branch_python_dop_operator_3.py
[2024-10-04T23:43:58.631+0000] {processor.py:925} INFO - DAG(s) 'example_branch_dop_operator_v3' retrieved from /home/airflow/.local/lib/python3.12/site-packages/airflow/example_dags/example_branch_python_dop_operator_3.py
[2024-10-04T23:43:58.659+0000] {logging_mixin.py:190} INFO - [2024-10-04T23:43:58.659+0000] {dag.py:3229} INFO - Sync 1 DAGs
[2024-10-04T23:43:58.697+0000] {logging_mixin.py:190} INFO - [2024-10-04T23:43:58.697+0000] {dag.py:4156} INFO - Setting next_dagrun for example_branch_dop_operator_v3 to 2024-10-04 23:42:00+00:00, run_after=2024-10-04 23:43:00+00:00
[2024-10-04T23:43:58.738+0000] {processor.py:208} INFO - Processing /home/airflow/.local/lib/python3.12/site-packages/airflow/example_dags/example_branch_python_dop_operator_3.py took 0.139 seconds
[2024-10-04T23:44:28.996+0000] {processor.py:186} INFO - Started process (PID=944) to work on /home/airflow/.local/lib/python3.12/site-packages/airflow/example_dags/example_branch_python_dop_operator_3.py
[2024-10-04T23:44:28.998+0000] {processor.py:914} INFO - Processing file /home/airflow/.local/lib/python3.12/site-packages/airflow/example_dags/example_branch_python_dop_operator_3.py for tasks to queue
[2024-10-04T23:44:29.001+0000] {logging_mixin.py:190} INFO - [2024-10-04T23:44:29.000+0000] {dagbag.py:587} INFO - Filling up the DagBag from /home/airflow/.local/lib/python3.12/site-packages/airflow/example_dags/example_branch_python_dop_operator_3.py
[2024-10-04T23:44:29.013+0000] {processor.py:925} INFO - DAG(s) 'example_branch_dop_operator_v3' retrieved from /home/airflow/.local/lib/python3.12/site-packages/airflow/example_dags/example_branch_python_dop_operator_3.py
[2024-10-04T23:44:29.038+0000] {logging_mixin.py:190} INFO - [2024-10-04T23:44:29.038+0000] {dag.py:3229} INFO - Sync 1 DAGs
[2024-10-04T23:44:29.078+0000] {logging_mixin.py:190} INFO - [2024-10-04T23:44:29.077+0000] {dag.py:4156} INFO - Setting next_dagrun for example_branch_dop_operator_v3 to 2024-10-04 23:43:00+00:00, run_after=2024-10-04 23:44:00+00:00
[2024-10-04T23:44:29.104+0000] {processor.py:208} INFO - Processing /home/airflow/.local/lib/python3.12/site-packages/airflow/example_dags/example_branch_python_dop_operator_3.py took 0.115 seconds
[2024-10-04T23:44:59.699+0000] {processor.py:186} INFO - Started process (PID=1006) to work on /home/airflow/.local/lib/python3.12/site-packages/airflow/example_dags/example_branch_python_dop_operator_3.py
[2024-10-04T23:44:59.700+0000] {processor.py:914} INFO - Processing file /home/airflow/.local/lib/python3.12/site-packages/airflow/example_dags/example_branch_python_dop_operator_3.py for tasks to queue
[2024-10-04T23:44:59.705+0000] {logging_mixin.py:190} INFO - [2024-10-04T23:44:59.704+0000] {dagbag.py:587} INFO - Filling up the DagBag from /home/airflow/.local/lib/python3.12/site-packages/airflow/example_dags/example_branch_python_dop_operator_3.py
[2024-10-04T23:44:59.730+0000] {processor.py:925} INFO - DAG(s) 'example_branch_dop_operator_v3' retrieved from /home/airflow/.local/lib/python3.12/site-packages/airflow/example_dags/example_branch_python_dop_operator_3.py
[2024-10-04T23:44:59.760+0000] {logging_mixin.py:190} INFO - [2024-10-04T23:44:59.760+0000] {dag.py:3229} INFO - Sync 1 DAGs
[2024-10-04T23:44:59.807+0000] {logging_mixin.py:190} INFO - [2024-10-04T23:44:59.806+0000] {dag.py:4156} INFO - Setting next_dagrun for example_branch_dop_operator_v3 to 2024-10-04 23:43:00+00:00, run_after=2024-10-04 23:44:00+00:00
[2024-10-04T23:44:59.837+0000] {processor.py:208} INFO - Processing /home/airflow/.local/lib/python3.12/site-packages/airflow/example_dags/example_branch_python_dop_operator_3.py took 0.149 seconds
[2024-10-04T23:45:30.463+0000] {processor.py:186} INFO - Started process (PID=1068) to work on /home/airflow/.local/lib/python3.12/site-packages/airflow/example_dags/example_branch_python_dop_operator_3.py
[2024-10-04T23:45:30.465+0000] {processor.py:914} INFO - Processing file /home/airflow/.local/lib/python3.12/site-packages/airflow/example_dags/example_branch_python_dop_operator_3.py for tasks to queue
[2024-10-04T23:45:30.470+0000] {logging_mixin.py:190} INFO - [2024-10-04T23:45:30.470+0000] {dagbag.py:587} INFO - Filling up the DagBag from /home/airflow/.local/lib/python3.12/site-packages/airflow/example_dags/example_branch_python_dop_operator_3.py
[2024-10-04T23:45:30.484+0000] {processor.py:925} INFO - DAG(s) 'example_branch_dop_operator_v3' retrieved from /home/airflow/.local/lib/python3.12/site-packages/airflow/example_dags/example_branch_python_dop_operator_3.py
[2024-10-04T23:45:30.518+0000] {logging_mixin.py:190} INFO - [2024-10-04T23:45:30.517+0000] {dag.py:3229} INFO - Sync 1 DAGs
[2024-10-04T23:45:30.568+0000] {logging_mixin.py:190} INFO - [2024-10-04T23:45:30.568+0000] {dag.py:4156} INFO - Setting next_dagrun for example_branch_dop_operator_v3 to 2024-10-04 23:44:00+00:00, run_after=2024-10-04 23:45:00+00:00
[2024-10-04T23:45:30.612+0000] {processor.py:208} INFO - Processing /home/airflow/.local/lib/python3.12/site-packages/airflow/example_dags/example_branch_python_dop_operator_3.py took 0.159 seconds
[2024-10-04T23:46:03.613+0000] {processor.py:186} INFO - Started process (PID=1130) to work on /home/airflow/.local/lib/python3.12/site-packages/airflow/example_dags/example_branch_python_dop_operator_3.py
[2024-10-04T23:46:03.619+0000] {processor.py:914} INFO - Processing file /home/airflow/.local/lib/python3.12/site-packages/airflow/example_dags/example_branch_python_dop_operator_3.py for tasks to queue
[2024-10-04T23:46:03.626+0000] {logging_mixin.py:190} INFO - [2024-10-04T23:46:03.625+0000] {dagbag.py:587} INFO - Filling up the DagBag from /home/airflow/.local/lib/python3.12/site-packages/airflow/example_dags/example_branch_python_dop_operator_3.py
[2024-10-04T23:46:03.659+0000] {processor.py:925} INFO - DAG(s) 'example_branch_dop_operator_v3' retrieved from /home/airflow/.local/lib/python3.12/site-packages/airflow/example_dags/example_branch_python_dop_operator_3.py
[2024-10-04T23:46:03.738+0000] {logging_mixin.py:190} INFO - [2024-10-04T23:46:03.737+0000] {dag.py:3229} INFO - Sync 1 DAGs
[2024-10-04T23:46:03.844+0000] {logging_mixin.py:190} INFO - [2024-10-04T23:46:03.843+0000] {dag.py:4156} INFO - Setting next_dagrun for example_branch_dop_operator_v3 to 2024-10-04 23:45:00+00:00, run_after=2024-10-04 23:46:00+00:00
[2024-10-04T23:46:03.913+0000] {processor.py:208} INFO - Processing /home/airflow/.local/lib/python3.12/site-packages/airflow/example_dags/example_branch_python_dop_operator_3.py took 0.316 seconds
[2024-10-04T23:46:34.842+0000] {processor.py:186} INFO - Started process (PID=1192) to work on /home/airflow/.local/lib/python3.12/site-packages/airflow/example_dags/example_branch_python_dop_operator_3.py
[2024-10-04T23:46:34.844+0000] {processor.py:914} INFO - Processing file /home/airflow/.local/lib/python3.12/site-packages/airflow/example_dags/example_branch_python_dop_operator_3.py for tasks to queue
[2024-10-04T23:46:34.847+0000] {logging_mixin.py:190} INFO - [2024-10-04T23:46:34.847+0000] {dagbag.py:587} INFO - Filling up the DagBag from /home/airflow/.local/lib/python3.12/site-packages/airflow/example_dags/example_branch_python_dop_operator_3.py
[2024-10-04T23:46:34.868+0000] {processor.py:925} INFO - DAG(s) 'example_branch_dop_operator_v3' retrieved from /home/airflow/.local/lib/python3.12/site-packages/airflow/example_dags/example_branch_python_dop_operator_3.py
[2024-10-04T23:46:34.901+0000] {logging_mixin.py:190} INFO - [2024-10-04T23:46:34.901+0000] {dag.py:3229} INFO - Sync 1 DAGs
[2024-10-04T23:46:34.950+0000] {logging_mixin.py:190} INFO - [2024-10-04T23:46:34.949+0000] {dag.py:4156} INFO - Setting next_dagrun for example_branch_dop_operator_v3 to 2024-10-04 23:45:00+00:00, run_after=2024-10-04 23:46:00+00:00
[2024-10-04T23:46:34.993+0000] {processor.py:208} INFO - Processing /home/airflow/.local/lib/python3.12/site-packages/airflow/example_dags/example_branch_python_dop_operator_3.py took 0.161 seconds
[2024-10-04T23:47:05.677+0000] {processor.py:186} INFO - Started process (PID=1253) to work on /home/airflow/.local/lib/python3.12/site-packages/airflow/example_dags/example_branch_python_dop_operator_3.py
[2024-10-04T23:47:05.679+0000] {processor.py:914} INFO - Processing file /home/airflow/.local/lib/python3.12/site-packages/airflow/example_dags/example_branch_python_dop_operator_3.py for tasks to queue
[2024-10-04T23:47:05.683+0000] {logging_mixin.py:190} INFO - [2024-10-04T23:47:05.682+0000] {dagbag.py:587} INFO - Filling up the DagBag from /home/airflow/.local/lib/python3.12/site-packages/airflow/example_dags/example_branch_python_dop_operator_3.py
[2024-10-04T23:47:05.733+0000] {processor.py:925} INFO - DAG(s) 'example_branch_dop_operator_v3' retrieved from /home/airflow/.local/lib/python3.12/site-packages/airflow/example_dags/example_branch_python_dop_operator_3.py
[2024-10-04T23:47:05.780+0000] {logging_mixin.py:190} INFO - [2024-10-04T23:47:05.779+0000] {dag.py:3229} INFO - Sync 1 DAGs
[2024-10-04T23:47:05.844+0000] {logging_mixin.py:190} INFO - [2024-10-04T23:47:05.843+0000] {dag.py:4156} INFO - Setting next_dagrun for example_branch_dop_operator_v3 to 2024-10-04 23:46:00+00:00, run_after=2024-10-04 23:47:00+00:00
[2024-10-04T23:47:05.894+0000] {processor.py:208} INFO - Processing /home/airflow/.local/lib/python3.12/site-packages/airflow/example_dags/example_branch_python_dop_operator_3.py took 0.232 seconds
[2024-10-04T23:47:36.460+0000] {processor.py:186} INFO - Started process (PID=1314) to work on /home/airflow/.local/lib/python3.12/site-packages/airflow/example_dags/example_branch_python_dop_operator_3.py
[2024-10-04T23:47:36.461+0000] {processor.py:914} INFO - Processing file /home/airflow/.local/lib/python3.12/site-packages/airflow/example_dags/example_branch_python_dop_operator_3.py for tasks to queue
[2024-10-04T23:47:36.464+0000] {logging_mixin.py:190} INFO - [2024-10-04T23:47:36.464+0000] {dagbag.py:587} INFO - Filling up the DagBag from /home/airflow/.local/lib/python3.12/site-packages/airflow/example_dags/example_branch_python_dop_operator_3.py
[2024-10-04T23:47:36.478+0000] {processor.py:925} INFO - DAG(s) 'example_branch_dop_operator_v3' retrieved from /home/airflow/.local/lib/python3.12/site-packages/airflow/example_dags/example_branch_python_dop_operator_3.py
[2024-10-04T23:47:36.505+0000] {logging_mixin.py:190} INFO - [2024-10-04T23:47:36.504+0000] {dag.py:3229} INFO - Sync 1 DAGs
[2024-10-04T23:47:36.548+0000] {logging_mixin.py:190} INFO - [2024-10-04T23:47:36.547+0000] {dag.py:4156} INFO - Setting next_dagrun for example_branch_dop_operator_v3 to 2024-10-04 23:46:00+00:00, run_after=2024-10-04 23:47:00+00:00
[2024-10-04T23:47:36.577+0000] {processor.py:208} INFO - Processing /home/airflow/.local/lib/python3.12/site-packages/airflow/example_dags/example_branch_python_dop_operator_3.py took 0.129 seconds
[2024-10-04T23:48:06.909+0000] {processor.py:186} INFO - Started process (PID=1376) to work on /home/airflow/.local/lib/python3.12/site-packages/airflow/example_dags/example_branch_python_dop_operator_3.py
[2024-10-04T23:48:06.910+0000] {processor.py:914} INFO - Processing file /home/airflow/.local/lib/python3.12/site-packages/airflow/example_dags/example_branch_python_dop_operator_3.py for tasks to queue
[2024-10-04T23:48:06.914+0000] {logging_mixin.py:190} INFO - [2024-10-04T23:48:06.913+0000] {dagbag.py:587} INFO - Filling up the DagBag from /home/airflow/.local/lib/python3.12/site-packages/airflow/example_dags/example_branch_python_dop_operator_3.py
[2024-10-04T23:48:06.926+0000] {processor.py:925} INFO - DAG(s) 'example_branch_dop_operator_v3' retrieved from /home/airflow/.local/lib/python3.12/site-packages/airflow/example_dags/example_branch_python_dop_operator_3.py
[2024-10-04T23:48:06.951+0000] {logging_mixin.py:190} INFO - [2024-10-04T23:48:06.950+0000] {dag.py:3229} INFO - Sync 1 DAGs
[2024-10-04T23:48:06.986+0000] {logging_mixin.py:190} INFO - [2024-10-04T23:48:06.985+0000] {dag.py:4156} INFO - Setting next_dagrun for example_branch_dop_operator_v3 to 2024-10-04 23:47:00+00:00, run_after=2024-10-04 23:48:00+00:00
[2024-10-04T23:48:07.013+0000] {processor.py:208} INFO - Processing /home/airflow/.local/lib/python3.12/site-packages/airflow/example_dags/example_branch_python_dop_operator_3.py took 0.116 seconds
[2024-10-04T23:48:37.127+0000] {processor.py:186} INFO - Started process (PID=1438) to work on /home/airflow/.local/lib/python3.12/site-packages/airflow/example_dags/example_branch_python_dop_operator_3.py
[2024-10-04T23:48:37.128+0000] {processor.py:914} INFO - Processing file /home/airflow/.local/lib/python3.12/site-packages/airflow/example_dags/example_branch_python_dop_operator_3.py for tasks to queue
[2024-10-04T23:48:37.132+0000] {logging_mixin.py:190} INFO - [2024-10-04T23:48:37.131+0000] {dagbag.py:587} INFO - Filling up the DagBag from /home/airflow/.local/lib/python3.12/site-packages/airflow/example_dags/example_branch_python_dop_operator_3.py
[2024-10-04T23:48:37.144+0000] {processor.py:925} INFO - DAG(s) 'example_branch_dop_operator_v3' retrieved from /home/airflow/.local/lib/python3.12/site-packages/airflow/example_dags/example_branch_python_dop_operator_3.py
[2024-10-04T23:48:37.169+0000] {logging_mixin.py:190} INFO - [2024-10-04T23:48:37.169+0000] {dag.py:3229} INFO - Sync 1 DAGs
[2024-10-04T23:48:37.203+0000] {logging_mixin.py:190} INFO - [2024-10-04T23:48:37.203+0000] {dag.py:4156} INFO - Setting next_dagrun for example_branch_dop_operator_v3 to 2024-10-04 23:47:00+00:00, run_after=2024-10-04 23:48:00+00:00
[2024-10-04T23:48:37.239+0000] {processor.py:208} INFO - Processing /home/airflow/.local/lib/python3.12/site-packages/airflow/example_dags/example_branch_python_dop_operator_3.py took 0.119 seconds
[2024-10-04T23:49:07.758+0000] {processor.py:186} INFO - Started process (PID=1501) to work on /home/airflow/.local/lib/python3.12/site-packages/airflow/example_dags/example_branch_python_dop_operator_3.py
[2024-10-04T23:49:07.759+0000] {processor.py:914} INFO - Processing file /home/airflow/.local/lib/python3.12/site-packages/airflow/example_dags/example_branch_python_dop_operator_3.py for tasks to queue
[2024-10-04T23:49:07.762+0000] {logging_mixin.py:190} INFO - [2024-10-04T23:49:07.762+0000] {dagbag.py:587} INFO - Filling up the DagBag from /home/airflow/.local/lib/python3.12/site-packages/airflow/example_dags/example_branch_python_dop_operator_3.py
[2024-10-04T23:49:07.779+0000] {processor.py:925} INFO - DAG(s) 'example_branch_dop_operator_v3' retrieved from /home/airflow/.local/lib/python3.12/site-packages/airflow/example_dags/example_branch_python_dop_operator_3.py
[2024-10-04T23:49:07.811+0000] {logging_mixin.py:190} INFO - [2024-10-04T23:49:07.810+0000] {dag.py:3229} INFO - Sync 1 DAGs
[2024-10-04T23:49:07.858+0000] {logging_mixin.py:190} INFO - [2024-10-04T23:49:07.858+0000] {dag.py:4156} INFO - Setting next_dagrun for example_branch_dop_operator_v3 to 2024-10-04 23:48:00+00:00, run_after=2024-10-04 23:49:00+00:00
[2024-10-04T23:49:07.897+0000] {processor.py:208} INFO - Processing /home/airflow/.local/lib/python3.12/site-packages/airflow/example_dags/example_branch_python_dop_operator_3.py took 0.146 seconds
[2024-10-04T23:49:38.032+0000] {processor.py:186} INFO - Started process (PID=1564) to work on /home/airflow/.local/lib/python3.12/site-packages/airflow/example_dags/example_branch_python_dop_operator_3.py
[2024-10-04T23:49:38.034+0000] {processor.py:914} INFO - Processing file /home/airflow/.local/lib/python3.12/site-packages/airflow/example_dags/example_branch_python_dop_operator_3.py for tasks to queue
[2024-10-04T23:49:38.038+0000] {logging_mixin.py:190} INFO - [2024-10-04T23:49:38.038+0000] {dagbag.py:587} INFO - Filling up the DagBag from /home/airflow/.local/lib/python3.12/site-packages/airflow/example_dags/example_branch_python_dop_operator_3.py
[2024-10-04T23:49:38.052+0000] {processor.py:925} INFO - DAG(s) 'example_branch_dop_operator_v3' retrieved from /home/airflow/.local/lib/python3.12/site-packages/airflow/example_dags/example_branch_python_dop_operator_3.py
[2024-10-04T23:49:38.078+0000] {logging_mixin.py:190} INFO - [2024-10-04T23:49:38.078+0000] {dag.py:3229} INFO - Sync 1 DAGs
[2024-10-04T23:49:38.118+0000] {logging_mixin.py:190} INFO - [2024-10-04T23:49:38.118+0000] {dag.py:4156} INFO - Setting next_dagrun for example_branch_dop_operator_v3 to 2024-10-04 23:48:00+00:00, run_after=2024-10-04 23:49:00+00:00
[2024-10-04T23:49:38.163+0000] {processor.py:208} INFO - Processing /home/airflow/.local/lib/python3.12/site-packages/airflow/example_dags/example_branch_python_dop_operator_3.py took 0.139 seconds
[2024-10-04T23:50:08.763+0000] {processor.py:186} INFO - Started process (PID=1626) to work on /home/airflow/.local/lib/python3.12/site-packages/airflow/example_dags/example_branch_python_dop_operator_3.py
[2024-10-04T23:50:08.765+0000] {processor.py:914} INFO - Processing file /home/airflow/.local/lib/python3.12/site-packages/airflow/example_dags/example_branch_python_dop_operator_3.py for tasks to queue
[2024-10-04T23:50:08.768+0000] {logging_mixin.py:190} INFO - [2024-10-04T23:50:08.768+0000] {dagbag.py:587} INFO - Filling up the DagBag from /home/airflow/.local/lib/python3.12/site-packages/airflow/example_dags/example_branch_python_dop_operator_3.py
[2024-10-04T23:50:08.787+0000] {processor.py:925} INFO - DAG(s) 'example_branch_dop_operator_v3' retrieved from /home/airflow/.local/lib/python3.12/site-packages/airflow/example_dags/example_branch_python_dop_operator_3.py
[2024-10-04T23:50:08.815+0000] {logging_mixin.py:190} INFO - [2024-10-04T23:50:08.815+0000] {dag.py:3229} INFO - Sync 1 DAGs
[2024-10-04T23:50:08.870+0000] {logging_mixin.py:190} INFO - [2024-10-04T23:50:08.869+0000] {dag.py:4156} INFO - Setting next_dagrun for example_branch_dop_operator_v3 to 2024-10-04 23:49:00+00:00, run_after=2024-10-04 23:50:00+00:00
[2024-10-04T23:50:08.911+0000] {processor.py:208} INFO - Processing /home/airflow/.local/lib/python3.12/site-packages/airflow/example_dags/example_branch_python_dop_operator_3.py took 0.156 seconds
[2024-10-04T23:50:39.375+0000] {processor.py:186} INFO - Started process (PID=1688) to work on /home/airflow/.local/lib/python3.12/site-packages/airflow/example_dags/example_branch_python_dop_operator_3.py
[2024-10-04T23:50:39.377+0000] {processor.py:914} INFO - Processing file /home/airflow/.local/lib/python3.12/site-packages/airflow/example_dags/example_branch_python_dop_operator_3.py for tasks to queue
[2024-10-04T23:50:39.381+0000] {logging_mixin.py:190} INFO - [2024-10-04T23:50:39.381+0000] {dagbag.py:587} INFO - Filling up the DagBag from /home/airflow/.local/lib/python3.12/site-packages/airflow/example_dags/example_branch_python_dop_operator_3.py
[2024-10-04T23:50:39.396+0000] {processor.py:925} INFO - DAG(s) 'example_branch_dop_operator_v3' retrieved from /home/airflow/.local/lib/python3.12/site-packages/airflow/example_dags/example_branch_python_dop_operator_3.py
[2024-10-04T23:50:39.423+0000] {logging_mixin.py:190} INFO - [2024-10-04T23:50:39.422+0000] {dag.py:3229} INFO - Sync 1 DAGs
[2024-10-04T23:50:39.458+0000] {logging_mixin.py:190} INFO - [2024-10-04T23:50:39.457+0000] {dag.py:4156} INFO - Setting next_dagrun for example_branch_dop_operator_v3 to 2024-10-04 23:49:00+00:00, run_after=2024-10-04 23:50:00+00:00
[2024-10-04T23:50:39.488+0000] {processor.py:208} INFO - Processing /home/airflow/.local/lib/python3.12/site-packages/airflow/example_dags/example_branch_python_dop_operator_3.py took 0.124 seconds
[2024-10-04T23:51:12.585+0000] {processor.py:186} INFO - Started process (PID=1756) to work on /home/airflow/.local/lib/python3.12/site-packages/airflow/example_dags/example_branch_python_dop_operator_3.py
[2024-10-04T23:51:12.587+0000] {processor.py:914} INFO - Processing file /home/airflow/.local/lib/python3.12/site-packages/airflow/example_dags/example_branch_python_dop_operator_3.py for tasks to queue
[2024-10-04T23:51:12.596+0000] {logging_mixin.py:190} INFO - [2024-10-04T23:51:12.594+0000] {dagbag.py:587} INFO - Filling up the DagBag from /home/airflow/.local/lib/python3.12/site-packages/airflow/example_dags/example_branch_python_dop_operator_3.py
[2024-10-04T23:51:12.647+0000] {processor.py:925} INFO - DAG(s) 'example_branch_dop_operator_v3' retrieved from /home/airflow/.local/lib/python3.12/site-packages/airflow/example_dags/example_branch_python_dop_operator_3.py
[2024-10-04T23:51:12.745+0000] {logging_mixin.py:190} INFO - [2024-10-04T23:51:12.744+0000] {dag.py:3229} INFO - Sync 1 DAGs
[2024-10-04T23:51:12.902+0000] {logging_mixin.py:190} INFO - [2024-10-04T23:51:12.902+0000] {dag.py:4156} INFO - Setting next_dagrun for example_branch_dop_operator_v3 to 2024-10-04 23:50:00+00:00, run_after=2024-10-04 23:51:00+00:00
[2024-10-04T23:51:13.125+0000] {processor.py:208} INFO - Processing /home/airflow/.local/lib/python3.12/site-packages/airflow/example_dags/example_branch_python_dop_operator_3.py took 0.572 seconds
[2024-10-04T23:51:43.759+0000] {processor.py:186} INFO - Started process (PID=1818) to work on /home/airflow/.local/lib/python3.12/site-packages/airflow/example_dags/example_branch_python_dop_operator_3.py
[2024-10-04T23:51:43.771+0000] {processor.py:914} INFO - Processing file /home/airflow/.local/lib/python3.12/site-packages/airflow/example_dags/example_branch_python_dop_operator_3.py for tasks to queue
[2024-10-04T23:51:43.777+0000] {logging_mixin.py:190} INFO - [2024-10-04T23:51:43.776+0000] {dagbag.py:587} INFO - Filling up the DagBag from /home/airflow/.local/lib/python3.12/site-packages/airflow/example_dags/example_branch_python_dop_operator_3.py
[2024-10-04T23:51:43.824+0000] {processor.py:925} INFO - DAG(s) 'example_branch_dop_operator_v3' retrieved from /home/airflow/.local/lib/python3.12/site-packages/airflow/example_dags/example_branch_python_dop_operator_3.py
[2024-10-04T23:51:43.901+0000] {logging_mixin.py:190} INFO - [2024-10-04T23:51:43.901+0000] {dag.py:3229} INFO - Sync 1 DAGs
[2024-10-04T23:51:44.033+0000] {logging_mixin.py:190} INFO - [2024-10-04T23:51:44.033+0000] {dag.py:4156} INFO - Setting next_dagrun for example_branch_dop_operator_v3 to 2024-10-04 23:50:00+00:00, run_after=2024-10-04 23:51:00+00:00
[2024-10-04T23:51:44.129+0000] {processor.py:208} INFO - Processing /home/airflow/.local/lib/python3.12/site-packages/airflow/example_dags/example_branch_python_dop_operator_3.py took 0.391 seconds
[2024-10-04T23:52:15.685+0000] {processor.py:186} INFO - Started process (PID=1880) to work on /home/airflow/.local/lib/python3.12/site-packages/airflow/example_dags/example_branch_python_dop_operator_3.py
[2024-10-04T23:52:15.698+0000] {processor.py:914} INFO - Processing file /home/airflow/.local/lib/python3.12/site-packages/airflow/example_dags/example_branch_python_dop_operator_3.py for tasks to queue
[2024-10-04T23:52:15.702+0000] {logging_mixin.py:190} INFO - [2024-10-04T23:52:15.702+0000] {dagbag.py:587} INFO - Filling up the DagBag from /home/airflow/.local/lib/python3.12/site-packages/airflow/example_dags/example_branch_python_dop_operator_3.py
[2024-10-04T23:52:15.779+0000] {processor.py:925} INFO - DAG(s) 'example_branch_dop_operator_v3' retrieved from /home/airflow/.local/lib/python3.12/site-packages/airflow/example_dags/example_branch_python_dop_operator_3.py
[2024-10-04T23:52:15.878+0000] {logging_mixin.py:190} INFO - [2024-10-04T23:52:15.877+0000] {dag.py:3229} INFO - Sync 1 DAGs
[2024-10-04T23:52:16.035+0000] {logging_mixin.py:190} INFO - [2024-10-04T23:52:16.035+0000] {dag.py:4156} INFO - Setting next_dagrun for example_branch_dop_operator_v3 to 2024-10-04 23:51:00+00:00, run_after=2024-10-04 23:52:00+00:00
[2024-10-04T23:52:16.154+0000] {processor.py:208} INFO - Processing /home/airflow/.local/lib/python3.12/site-packages/airflow/example_dags/example_branch_python_dop_operator_3.py took 0.498 seconds
[2024-10-04T23:52:46.495+0000] {processor.py:186} INFO - Started process (PID=1943) to work on /home/airflow/.local/lib/python3.12/site-packages/airflow/example_dags/example_branch_python_dop_operator_3.py
[2024-10-04T23:52:46.500+0000] {processor.py:914} INFO - Processing file /home/airflow/.local/lib/python3.12/site-packages/airflow/example_dags/example_branch_python_dop_operator_3.py for tasks to queue
[2024-10-04T23:52:46.506+0000] {logging_mixin.py:190} INFO - [2024-10-04T23:52:46.505+0000] {dagbag.py:587} INFO - Filling up the DagBag from /home/airflow/.local/lib/python3.12/site-packages/airflow/example_dags/example_branch_python_dop_operator_3.py
[2024-10-04T23:52:46.534+0000] {processor.py:925} INFO - DAG(s) 'example_branch_dop_operator_v3' retrieved from /home/airflow/.local/lib/python3.12/site-packages/airflow/example_dags/example_branch_python_dop_operator_3.py
[2024-10-04T23:52:46.597+0000] {logging_mixin.py:190} INFO - [2024-10-04T23:52:46.597+0000] {dag.py:3229} INFO - Sync 1 DAGs
[2024-10-04T23:52:46.653+0000] {logging_mixin.py:190} INFO - [2024-10-04T23:52:46.652+0000] {dag.py:4156} INFO - Setting next_dagrun for example_branch_dop_operator_v3 to 2024-10-04 23:51:00+00:00, run_after=2024-10-04 23:52:00+00:00
[2024-10-04T23:52:46.700+0000] {processor.py:208} INFO - Processing /home/airflow/.local/lib/python3.12/site-packages/airflow/example_dags/example_branch_python_dop_operator_3.py took 0.217 seconds
[2024-10-04T23:53:16.788+0000] {processor.py:186} INFO - Started process (PID=2005) to work on /home/airflow/.local/lib/python3.12/site-packages/airflow/example_dags/example_branch_python_dop_operator_3.py
[2024-10-04T23:53:16.790+0000] {processor.py:914} INFO - Processing file /home/airflow/.local/lib/python3.12/site-packages/airflow/example_dags/example_branch_python_dop_operator_3.py for tasks to queue
[2024-10-04T23:53:16.793+0000] {logging_mixin.py:190} INFO - [2024-10-04T23:53:16.793+0000] {dagbag.py:587} INFO - Filling up the DagBag from /home/airflow/.local/lib/python3.12/site-packages/airflow/example_dags/example_branch_python_dop_operator_3.py
[2024-10-04T23:53:16.807+0000] {processor.py:925} INFO - DAG(s) 'example_branch_dop_operator_v3' retrieved from /home/airflow/.local/lib/python3.12/site-packages/airflow/example_dags/example_branch_python_dop_operator_3.py
[2024-10-04T23:53:16.839+0000] {logging_mixin.py:190} INFO - [2024-10-04T23:53:16.839+0000] {dag.py:3229} INFO - Sync 1 DAGs
[2024-10-04T23:53:16.878+0000] {logging_mixin.py:190} INFO - [2024-10-04T23:53:16.878+0000] {dag.py:4156} INFO - Setting next_dagrun for example_branch_dop_operator_v3 to 2024-10-04 23:52:00+00:00, run_after=2024-10-04 23:53:00+00:00
[2024-10-04T23:53:16.910+0000] {processor.py:208} INFO - Processing /home/airflow/.local/lib/python3.12/site-packages/airflow/example_dags/example_branch_python_dop_operator_3.py took 0.132 seconds
[2024-10-04T23:53:47.820+0000] {processor.py:186} INFO - Started process (PID=2067) to work on /home/airflow/.local/lib/python3.12/site-packages/airflow/example_dags/example_branch_python_dop_operator_3.py
[2024-10-04T23:53:47.822+0000] {processor.py:914} INFO - Processing file /home/airflow/.local/lib/python3.12/site-packages/airflow/example_dags/example_branch_python_dop_operator_3.py for tasks to queue
[2024-10-04T23:53:47.825+0000] {logging_mixin.py:190} INFO - [2024-10-04T23:53:47.825+0000] {dagbag.py:587} INFO - Filling up the DagBag from /home/airflow/.local/lib/python3.12/site-packages/airflow/example_dags/example_branch_python_dop_operator_3.py
[2024-10-04T23:53:47.843+0000] {processor.py:925} INFO - DAG(s) 'example_branch_dop_operator_v3' retrieved from /home/airflow/.local/lib/python3.12/site-packages/airflow/example_dags/example_branch_python_dop_operator_3.py
[2024-10-04T23:53:47.877+0000] {logging_mixin.py:190} INFO - [2024-10-04T23:53:47.877+0000] {dag.py:3229} INFO - Sync 1 DAGs
[2024-10-04T23:53:47.930+0000] {logging_mixin.py:190} INFO - [2024-10-04T23:53:47.930+0000] {dag.py:4156} INFO - Setting next_dagrun for example_branch_dop_operator_v3 to 2024-10-04 23:52:00+00:00, run_after=2024-10-04 23:53:00+00:00
[2024-10-04T23:53:47.959+0000] {processor.py:208} INFO - Processing /home/airflow/.local/lib/python3.12/site-packages/airflow/example_dags/example_branch_python_dop_operator_3.py took 0.147 seconds
[2024-10-04T23:54:19.413+0000] {processor.py:186} INFO - Started process (PID=2129) to work on /home/airflow/.local/lib/python3.12/site-packages/airflow/example_dags/example_branch_python_dop_operator_3.py
[2024-10-04T23:54:19.415+0000] {processor.py:914} INFO - Processing file /home/airflow/.local/lib/python3.12/site-packages/airflow/example_dags/example_branch_python_dop_operator_3.py for tasks to queue
[2024-10-04T23:54:19.420+0000] {logging_mixin.py:190} INFO - [2024-10-04T23:54:19.419+0000] {dagbag.py:587} INFO - Filling up the DagBag from /home/airflow/.local/lib/python3.12/site-packages/airflow/example_dags/example_branch_python_dop_operator_3.py
[2024-10-04T23:54:19.439+0000] {processor.py:925} INFO - DAG(s) 'example_branch_dop_operator_v3' retrieved from /home/airflow/.local/lib/python3.12/site-packages/airflow/example_dags/example_branch_python_dop_operator_3.py
[2024-10-04T23:54:19.475+0000] {logging_mixin.py:190} INFO - [2024-10-04T23:54:19.475+0000] {dag.py:3229} INFO - Sync 1 DAGs
[2024-10-04T23:54:19.529+0000] {logging_mixin.py:190} INFO - [2024-10-04T23:54:19.529+0000] {dag.py:4156} INFO - Setting next_dagrun for example_branch_dop_operator_v3 to 2024-10-04 23:53:00+00:00, run_after=2024-10-04 23:54:00+00:00
[2024-10-04T23:54:19.565+0000] {processor.py:208} INFO - Processing /home/airflow/.local/lib/python3.12/site-packages/airflow/example_dags/example_branch_python_dop_operator_3.py took 0.162 seconds
[2024-10-04T23:54:50.502+0000] {processor.py:186} INFO - Started process (PID=2191) to work on /home/airflow/.local/lib/python3.12/site-packages/airflow/example_dags/example_branch_python_dop_operator_3.py
[2024-10-04T23:54:50.503+0000] {processor.py:914} INFO - Processing file /home/airflow/.local/lib/python3.12/site-packages/airflow/example_dags/example_branch_python_dop_operator_3.py for tasks to queue
[2024-10-04T23:54:50.507+0000] {logging_mixin.py:190} INFO - [2024-10-04T23:54:50.506+0000] {dagbag.py:587} INFO - Filling up the DagBag from /home/airflow/.local/lib/python3.12/site-packages/airflow/example_dags/example_branch_python_dop_operator_3.py
[2024-10-04T23:54:50.523+0000] {processor.py:925} INFO - DAG(s) 'example_branch_dop_operator_v3' retrieved from /home/airflow/.local/lib/python3.12/site-packages/airflow/example_dags/example_branch_python_dop_operator_3.py
[2024-10-04T23:54:50.549+0000] {logging_mixin.py:190} INFO - [2024-10-04T23:54:50.548+0000] {dag.py:3229} INFO - Sync 1 DAGs
[2024-10-04T23:54:50.588+0000] {logging_mixin.py:190} INFO - [2024-10-04T23:54:50.588+0000] {dag.py:4156} INFO - Setting next_dagrun for example_branch_dop_operator_v3 to 2024-10-04 23:53:00+00:00, run_after=2024-10-04 23:54:00+00:00
[2024-10-04T23:54:50.617+0000] {processor.py:208} INFO - Processing /home/airflow/.local/lib/python3.12/site-packages/airflow/example_dags/example_branch_python_dop_operator_3.py took 0.125 seconds
[2024-10-04T23:55:21.748+0000] {processor.py:186} INFO - Started process (PID=2253) to work on /home/airflow/.local/lib/python3.12/site-packages/airflow/example_dags/example_branch_python_dop_operator_3.py
[2024-10-04T23:55:21.750+0000] {processor.py:914} INFO - Processing file /home/airflow/.local/lib/python3.12/site-packages/airflow/example_dags/example_branch_python_dop_operator_3.py for tasks to queue
[2024-10-04T23:55:21.754+0000] {logging_mixin.py:190} INFO - [2024-10-04T23:55:21.754+0000] {dagbag.py:587} INFO - Filling up the DagBag from /home/airflow/.local/lib/python3.12/site-packages/airflow/example_dags/example_branch_python_dop_operator_3.py
[2024-10-04T23:55:21.768+0000] {processor.py:925} INFO - DAG(s) 'example_branch_dop_operator_v3' retrieved from /home/airflow/.local/lib/python3.12/site-packages/airflow/example_dags/example_branch_python_dop_operator_3.py
[2024-10-04T23:55:21.798+0000] {logging_mixin.py:190} INFO - [2024-10-04T23:55:21.798+0000] {dag.py:3229} INFO - Sync 1 DAGs
[2024-10-04T23:55:21.852+0000] {logging_mixin.py:190} INFO - [2024-10-04T23:55:21.852+0000] {dag.py:4156} INFO - Setting next_dagrun for example_branch_dop_operator_v3 to 2024-10-04 23:54:00+00:00, run_after=2024-10-04 23:55:00+00:00
[2024-10-04T23:55:21.887+0000] {processor.py:208} INFO - Processing /home/airflow/.local/lib/python3.12/site-packages/airflow/example_dags/example_branch_python_dop_operator_3.py took 0.151 seconds
[2024-10-04T23:55:54.441+0000] {processor.py:186} INFO - Started process (PID=2315) to work on /home/airflow/.local/lib/python3.12/site-packages/airflow/example_dags/example_branch_python_dop_operator_3.py
[2024-10-04T23:55:54.443+0000] {processor.py:914} INFO - Processing file /home/airflow/.local/lib/python3.12/site-packages/airflow/example_dags/example_branch_python_dop_operator_3.py for tasks to queue
[2024-10-04T23:55:54.458+0000] {logging_mixin.py:190} INFO - [2024-10-04T23:55:54.457+0000] {dagbag.py:587} INFO - Filling up the DagBag from /home/airflow/.local/lib/python3.12/site-packages/airflow/example_dags/example_branch_python_dop_operator_3.py
[2024-10-04T23:55:54.489+0000] {processor.py:925} INFO - DAG(s) 'example_branch_dop_operator_v3' retrieved from /home/airflow/.local/lib/python3.12/site-packages/airflow/example_dags/example_branch_python_dop_operator_3.py
[2024-10-04T23:55:54.529+0000] {logging_mixin.py:190} INFO - [2024-10-04T23:55:54.528+0000] {dag.py:3229} INFO - Sync 1 DAGs
[2024-10-04T23:55:54.594+0000] {logging_mixin.py:190} INFO - [2024-10-04T23:55:54.593+0000] {dag.py:4156} INFO - Setting next_dagrun for example_branch_dop_operator_v3 to 2024-10-04 23:54:00+00:00, run_after=2024-10-04 23:55:00+00:00
[2024-10-04T23:55:54.662+0000] {processor.py:208} INFO - Processing /home/airflow/.local/lib/python3.12/site-packages/airflow/example_dags/example_branch_python_dop_operator_3.py took 0.245 seconds
[2024-10-04T23:56:24.710+0000] {processor.py:186} INFO - Started process (PID=2377) to work on /home/airflow/.local/lib/python3.12/site-packages/airflow/example_dags/example_branch_python_dop_operator_3.py
[2024-10-04T23:56:24.711+0000] {processor.py:914} INFO - Processing file /home/airflow/.local/lib/python3.12/site-packages/airflow/example_dags/example_branch_python_dop_operator_3.py for tasks to queue
[2024-10-04T23:56:24.715+0000] {logging_mixin.py:190} INFO - [2024-10-04T23:56:24.714+0000] {dagbag.py:587} INFO - Filling up the DagBag from /home/airflow/.local/lib/python3.12/site-packages/airflow/example_dags/example_branch_python_dop_operator_3.py
[2024-10-04T23:56:24.731+0000] {processor.py:925} INFO - DAG(s) 'example_branch_dop_operator_v3' retrieved from /home/airflow/.local/lib/python3.12/site-packages/airflow/example_dags/example_branch_python_dop_operator_3.py
[2024-10-04T23:56:24.758+0000] {logging_mixin.py:190} INFO - [2024-10-04T23:56:24.757+0000] {dag.py:3229} INFO - Sync 1 DAGs
[2024-10-04T23:56:24.797+0000] {logging_mixin.py:190} INFO - [2024-10-04T23:56:24.797+0000] {dag.py:4156} INFO - Setting next_dagrun for example_branch_dop_operator_v3 to 2024-10-04 23:55:00+00:00, run_after=2024-10-04 23:56:00+00:00
[2024-10-04T23:56:24.829+0000] {processor.py:208} INFO - Processing /home/airflow/.local/lib/python3.12/site-packages/airflow/example_dags/example_branch_python_dop_operator_3.py took 0.128 seconds
[2024-10-04T23:56:55.087+0000] {processor.py:186} INFO - Started process (PID=2439) to work on /home/airflow/.local/lib/python3.12/site-packages/airflow/example_dags/example_branch_python_dop_operator_3.py
[2024-10-04T23:56:55.089+0000] {processor.py:914} INFO - Processing file /home/airflow/.local/lib/python3.12/site-packages/airflow/example_dags/example_branch_python_dop_operator_3.py for tasks to queue
[2024-10-04T23:56:55.092+0000] {logging_mixin.py:190} INFO - [2024-10-04T23:56:55.092+0000] {dagbag.py:587} INFO - Filling up the DagBag from /home/airflow/.local/lib/python3.12/site-packages/airflow/example_dags/example_branch_python_dop_operator_3.py
[2024-10-04T23:56:55.106+0000] {processor.py:925} INFO - DAG(s) 'example_branch_dop_operator_v3' retrieved from /home/airflow/.local/lib/python3.12/site-packages/airflow/example_dags/example_branch_python_dop_operator_3.py
[2024-10-04T23:56:55.137+0000] {logging_mixin.py:190} INFO - [2024-10-04T23:56:55.136+0000] {dag.py:3229} INFO - Sync 1 DAGs
[2024-10-04T23:56:55.182+0000] {logging_mixin.py:190} INFO - [2024-10-04T23:56:55.181+0000] {dag.py:4156} INFO - Setting next_dagrun for example_branch_dop_operator_v3 to 2024-10-04 23:55:00+00:00, run_after=2024-10-04 23:56:00+00:00
[2024-10-04T23:56:55.225+0000] {processor.py:208} INFO - Processing /home/airflow/.local/lib/python3.12/site-packages/airflow/example_dags/example_branch_python_dop_operator_3.py took 0.146 seconds
[2024-10-04T23:57:25.661+0000] {processor.py:186} INFO - Started process (PID=2501) to work on /home/airflow/.local/lib/python3.12/site-packages/airflow/example_dags/example_branch_python_dop_operator_3.py
[2024-10-04T23:57:25.662+0000] {processor.py:914} INFO - Processing file /home/airflow/.local/lib/python3.12/site-packages/airflow/example_dags/example_branch_python_dop_operator_3.py for tasks to queue
[2024-10-04T23:57:25.665+0000] {logging_mixin.py:190} INFO - [2024-10-04T23:57:25.665+0000] {dagbag.py:587} INFO - Filling up the DagBag from /home/airflow/.local/lib/python3.12/site-packages/airflow/example_dags/example_branch_python_dop_operator_3.py
[2024-10-04T23:57:25.681+0000] {processor.py:925} INFO - DAG(s) 'example_branch_dop_operator_v3' retrieved from /home/airflow/.local/lib/python3.12/site-packages/airflow/example_dags/example_branch_python_dop_operator_3.py
[2024-10-04T23:57:25.712+0000] {logging_mixin.py:190} INFO - [2024-10-04T23:57:25.712+0000] {dag.py:3229} INFO - Sync 1 DAGs
[2024-10-04T23:57:25.757+0000] {logging_mixin.py:190} INFO - [2024-10-04T23:57:25.757+0000] {dag.py:4156} INFO - Setting next_dagrun for example_branch_dop_operator_v3 to 2024-10-04 23:56:00+00:00, run_after=2024-10-04 23:57:00+00:00
[2024-10-04T23:57:25.789+0000] {processor.py:208} INFO - Processing /home/airflow/.local/lib/python3.12/site-packages/airflow/example_dags/example_branch_python_dop_operator_3.py took 0.135 seconds
[2024-10-04T23:57:56.299+0000] {processor.py:186} INFO - Started process (PID=2562) to work on /home/airflow/.local/lib/python3.12/site-packages/airflow/example_dags/example_branch_python_dop_operator_3.py
[2024-10-04T23:57:56.300+0000] {processor.py:914} INFO - Processing file /home/airflow/.local/lib/python3.12/site-packages/airflow/example_dags/example_branch_python_dop_operator_3.py for tasks to queue
[2024-10-04T23:57:56.303+0000] {logging_mixin.py:190} INFO - [2024-10-04T23:57:56.302+0000] {dagbag.py:587} INFO - Filling up the DagBag from /home/airflow/.local/lib/python3.12/site-packages/airflow/example_dags/example_branch_python_dop_operator_3.py
[2024-10-04T23:57:56.318+0000] {processor.py:925} INFO - DAG(s) 'example_branch_dop_operator_v3' retrieved from /home/airflow/.local/lib/python3.12/site-packages/airflow/example_dags/example_branch_python_dop_operator_3.py
[2024-10-04T23:57:56.352+0000] {logging_mixin.py:190} INFO - [2024-10-04T23:57:56.352+0000] {dag.py:3229} INFO - Sync 1 DAGs
[2024-10-04T23:57:56.402+0000] {logging_mixin.py:190} INFO - [2024-10-04T23:57:56.402+0000] {dag.py:4156} INFO - Setting next_dagrun for example_branch_dop_operator_v3 to 2024-10-04 23:56:00+00:00, run_after=2024-10-04 23:57:00+00:00
[2024-10-04T23:57:56.443+0000] {processor.py:208} INFO - Processing /home/airflow/.local/lib/python3.12/site-packages/airflow/example_dags/example_branch_python_dop_operator_3.py took 0.153 seconds
[2024-10-04T23:58:26.797+0000] {processor.py:186} INFO - Started process (PID=2624) to work on /home/airflow/.local/lib/python3.12/site-packages/airflow/example_dags/example_branch_python_dop_operator_3.py
[2024-10-04T23:58:26.799+0000] {processor.py:914} INFO - Processing file /home/airflow/.local/lib/python3.12/site-packages/airflow/example_dags/example_branch_python_dop_operator_3.py for tasks to queue
[2024-10-04T23:58:26.803+0000] {logging_mixin.py:190} INFO - [2024-10-04T23:58:26.802+0000] {dagbag.py:587} INFO - Filling up the DagBag from /home/airflow/.local/lib/python3.12/site-packages/airflow/example_dags/example_branch_python_dop_operator_3.py
[2024-10-04T23:58:26.819+0000] {processor.py:925} INFO - DAG(s) 'example_branch_dop_operator_v3' retrieved from /home/airflow/.local/lib/python3.12/site-packages/airflow/example_dags/example_branch_python_dop_operator_3.py
[2024-10-04T23:58:26.850+0000] {logging_mixin.py:190} INFO - [2024-10-04T23:58:26.850+0000] {dag.py:3229} INFO - Sync 1 DAGs
[2024-10-04T23:58:26.888+0000] {logging_mixin.py:190} INFO - [2024-10-04T23:58:26.887+0000] {dag.py:4156} INFO - Setting next_dagrun for example_branch_dop_operator_v3 to 2024-10-04 23:57:00+00:00, run_after=2024-10-04 23:58:00+00:00
[2024-10-04T23:58:26.917+0000] {processor.py:208} INFO - Processing /home/airflow/.local/lib/python3.12/site-packages/airflow/example_dags/example_branch_python_dop_operator_3.py took 0.128 seconds
[2024-10-04T23:58:57.333+0000] {processor.py:186} INFO - Started process (PID=2686) to work on /home/airflow/.local/lib/python3.12/site-packages/airflow/example_dags/example_branch_python_dop_operator_3.py
[2024-10-04T23:58:57.334+0000] {processor.py:914} INFO - Processing file /home/airflow/.local/lib/python3.12/site-packages/airflow/example_dags/example_branch_python_dop_operator_3.py for tasks to queue
[2024-10-04T23:58:57.337+0000] {logging_mixin.py:190} INFO - [2024-10-04T23:58:57.337+0000] {dagbag.py:587} INFO - Filling up the DagBag from /home/airflow/.local/lib/python3.12/site-packages/airflow/example_dags/example_branch_python_dop_operator_3.py
[2024-10-04T23:58:57.351+0000] {processor.py:925} INFO - DAG(s) 'example_branch_dop_operator_v3' retrieved from /home/airflow/.local/lib/python3.12/site-packages/airflow/example_dags/example_branch_python_dop_operator_3.py
[2024-10-04T23:58:57.383+0000] {logging_mixin.py:190} INFO - [2024-10-04T23:58:57.382+0000] {dag.py:3229} INFO - Sync 1 DAGs
[2024-10-04T23:58:57.421+0000] {logging_mixin.py:190} INFO - [2024-10-04T23:58:57.421+0000] {dag.py:4156} INFO - Setting next_dagrun for example_branch_dop_operator_v3 to 2024-10-04 23:57:00+00:00, run_after=2024-10-04 23:58:00+00:00
[2024-10-04T23:58:57.453+0000] {processor.py:208} INFO - Processing /home/airflow/.local/lib/python3.12/site-packages/airflow/example_dags/example_branch_python_dop_operator_3.py took 0.129 seconds
[2024-10-04T23:59:27.821+0000] {processor.py:186} INFO - Started process (PID=2748) to work on /home/airflow/.local/lib/python3.12/site-packages/airflow/example_dags/example_branch_python_dop_operator_3.py
[2024-10-04T23:59:27.822+0000] {processor.py:914} INFO - Processing file /home/airflow/.local/lib/python3.12/site-packages/airflow/example_dags/example_branch_python_dop_operator_3.py for tasks to queue
[2024-10-04T23:59:27.827+0000] {logging_mixin.py:190} INFO - [2024-10-04T23:59:27.826+0000] {dagbag.py:587} INFO - Filling up the DagBag from /home/airflow/.local/lib/python3.12/site-packages/airflow/example_dags/example_branch_python_dop_operator_3.py
[2024-10-04T23:59:27.846+0000] {processor.py:925} INFO - DAG(s) 'example_branch_dop_operator_v3' retrieved from /home/airflow/.local/lib/python3.12/site-packages/airflow/example_dags/example_branch_python_dop_operator_3.py
[2024-10-04T23:59:27.876+0000] {logging_mixin.py:190} INFO - [2024-10-04T23:59:27.876+0000] {dag.py:3229} INFO - Sync 1 DAGs
[2024-10-04T23:59:27.927+0000] {logging_mixin.py:190} INFO - [2024-10-04T23:59:27.927+0000] {dag.py:4156} INFO - Setting next_dagrun for example_branch_dop_operator_v3 to 2024-10-04 23:58:00+00:00, run_after=2024-10-04 23:59:00+00:00
[2024-10-04T23:59:27.967+0000] {processor.py:208} INFO - Processing /home/airflow/.local/lib/python3.12/site-packages/airflow/example_dags/example_branch_python_dop_operator_3.py took 0.157 seconds
[2024-10-04T23:59:58.348+0000] {processor.py:186} INFO - Started process (PID=2810) to work on /home/airflow/.local/lib/python3.12/site-packages/airflow/example_dags/example_branch_python_dop_operator_3.py
[2024-10-04T23:59:58.350+0000] {processor.py:914} INFO - Processing file /home/airflow/.local/lib/python3.12/site-packages/airflow/example_dags/example_branch_python_dop_operator_3.py for tasks to queue
[2024-10-04T23:59:58.353+0000] {logging_mixin.py:190} INFO - [2024-10-04T23:59:58.352+0000] {dagbag.py:587} INFO - Filling up the DagBag from /home/airflow/.local/lib/python3.12/site-packages/airflow/example_dags/example_branch_python_dop_operator_3.py
[2024-10-04T23:59:58.366+0000] {processor.py:925} INFO - DAG(s) 'example_branch_dop_operator_v3' retrieved from /home/airflow/.local/lib/python3.12/site-packages/airflow/example_dags/example_branch_python_dop_operator_3.py
[2024-10-04T23:59:58.391+0000] {logging_mixin.py:190} INFO - [2024-10-04T23:59:58.391+0000] {dag.py:3229} INFO - Sync 1 DAGs
[2024-10-04T23:59:58.427+0000] {logging_mixin.py:190} INFO - [2024-10-04T23:59:58.427+0000] {dag.py:4156} INFO - Setting next_dagrun for example_branch_dop_operator_v3 to 2024-10-04 23:58:00+00:00, run_after=2024-10-04 23:59:00+00:00
[2024-10-04T23:59:58.459+0000] {processor.py:208} INFO - Processing /home/airflow/.local/lib/python3.12/site-packages/airflow/example_dags/example_branch_python_dop_operator_3.py took 0.119 seconds
