[2024-10-04T19:17:00.810+0000] {processor.py:186} INFO - Started process (PID=96) to work on /home/airflow/.local/lib/python3.12/site-packages/airflow/example_dags/example_complex.py
[2024-10-04T19:17:00.832+0000] {processor.py:914} INFO - Processing file /home/airflow/.local/lib/python3.12/site-packages/airflow/example_dags/example_complex.py for tasks to queue
[2024-10-04T19:17:00.838+0000] {logging_mixin.py:190} INFO - [2024-10-04T19:17:00.838+0000] {dagbag.py:587} INFO - Filling up the DagBag from /home/airflow/.local/lib/python3.12/site-packages/airflow/example_dags/example_complex.py
[2024-10-04T19:17:00.881+0000] {processor.py:925} INFO - DAG(s) 'example_complex' retrieved from /home/airflow/.local/lib/python3.12/site-packages/airflow/example_dags/example_complex.py
[2024-10-04T19:17:01.117+0000] {logging_mixin.py:190} INFO - [2024-10-04T19:17:01.116+0000] {override.py:1900} INFO - Created Permission View: can edit on DAG:example_complex
[2024-10-04T19:17:01.138+0000] {logging_mixin.py:190} INFO - [2024-10-04T19:17:01.138+0000] {override.py:1900} INFO - Created Permission View: can read on DAG:example_complex
[2024-10-04T19:17:01.153+0000] {logging_mixin.py:190} INFO - [2024-10-04T19:17:01.152+0000] {override.py:1900} INFO - Created Permission View: can delete on DAG:example_complex
[2024-10-04T19:17:01.169+0000] {logging_mixin.py:190} INFO - [2024-10-04T19:17:01.168+0000] {override.py:1900} INFO - Created Permission View: can read on DAG Run:example_complex
[2024-10-04T19:17:01.185+0000] {logging_mixin.py:190} INFO - [2024-10-04T19:17:01.184+0000] {override.py:1900} INFO - Created Permission View: can delete on DAG Run:example_complex
[2024-10-04T19:17:01.199+0000] {logging_mixin.py:190} INFO - [2024-10-04T19:17:01.198+0000] {override.py:1900} INFO - Created Permission View: can create on DAG Run:example_complex
[2024-10-04T19:17:01.213+0000] {logging_mixin.py:190} INFO - [2024-10-04T19:17:01.213+0000] {override.py:1900} INFO - Created Permission View: menu access on DAG Run:example_complex
[2024-10-04T19:17:01.214+0000] {logging_mixin.py:190} INFO - [2024-10-04T19:17:01.214+0000] {dag.py:3229} INFO - Sync 1 DAGs
[2024-10-04T19:17:01.235+0000] {logging_mixin.py:190} INFO - [2024-10-04T19:17:01.235+0000] {dag.py:3252} INFO - Creating ORM DAG for example_complex
[2024-10-04T19:17:01.237+0000] {logging_mixin.py:190} INFO - [2024-10-04T19:17:01.237+0000] {dag.py:4156} INFO - Setting next_dagrun for example_complex to None, run_after=None
[2024-10-04T19:17:01.273+0000] {processor.py:208} INFO - Processing /home/airflow/.local/lib/python3.12/site-packages/airflow/example_dags/example_complex.py took 0.477 seconds
[2024-10-04T19:17:46.475+0000] {processor.py:186} INFO - Started process (PID=91) to work on /home/airflow/.local/lib/python3.12/site-packages/airflow/example_dags/example_complex.py
[2024-10-04T19:17:46.479+0000] {processor.py:914} INFO - Processing file /home/airflow/.local/lib/python3.12/site-packages/airflow/example_dags/example_complex.py for tasks to queue
[2024-10-04T19:17:46.483+0000] {logging_mixin.py:190} INFO - [2024-10-04T19:17:46.482+0000] {dagbag.py:587} INFO - Filling up the DagBag from /home/airflow/.local/lib/python3.12/site-packages/airflow/example_dags/example_complex.py
[2024-10-04T19:17:46.508+0000] {processor.py:925} INFO - DAG(s) 'example_complex' retrieved from /home/airflow/.local/lib/python3.12/site-packages/airflow/example_dags/example_complex.py
[2024-10-04T19:17:46.574+0000] {logging_mixin.py:190} INFO - [2024-10-04T19:17:46.574+0000] {dag.py:3229} INFO - Sync 1 DAGs
[2024-10-04T19:17:46.606+0000] {logging_mixin.py:190} INFO - [2024-10-04T19:17:46.605+0000] {dag.py:4156} INFO - Setting next_dagrun for example_complex to None, run_after=None
[2024-10-04T19:17:46.650+0000] {processor.py:208} INFO - Processing /home/airflow/.local/lib/python3.12/site-packages/airflow/example_dags/example_complex.py took 0.185 seconds
[2024-10-04T19:18:17.214+0000] {processor.py:186} INFO - Started process (PID=152) to work on /home/airflow/.local/lib/python3.12/site-packages/airflow/example_dags/example_complex.py
[2024-10-04T19:18:17.286+0000] {processor.py:914} INFO - Processing file /home/airflow/.local/lib/python3.12/site-packages/airflow/example_dags/example_complex.py for tasks to queue
[2024-10-04T19:18:17.322+0000] {logging_mixin.py:190} INFO - [2024-10-04T19:18:17.321+0000] {dagbag.py:587} INFO - Filling up the DagBag from /home/airflow/.local/lib/python3.12/site-packages/airflow/example_dags/example_complex.py
[2024-10-04T19:18:17.378+0000] {processor.py:925} INFO - DAG(s) 'example_complex' retrieved from /home/airflow/.local/lib/python3.12/site-packages/airflow/example_dags/example_complex.py
[2024-10-04T19:18:17.451+0000] {logging_mixin.py:190} INFO - [2024-10-04T19:18:17.450+0000] {dag.py:3229} INFO - Sync 1 DAGs
[2024-10-04T19:18:17.483+0000] {logging_mixin.py:190} INFO - [2024-10-04T19:18:17.483+0000] {dag.py:4156} INFO - Setting next_dagrun for example_complex to None, run_after=None
[2024-10-04T19:18:17.523+0000] {processor.py:208} INFO - Processing /home/airflow/.local/lib/python3.12/site-packages/airflow/example_dags/example_complex.py took 0.321 seconds
[2024-10-04T23:37:20.569+0000] {processor.py:186} INFO - Started process (PID=87) to work on /home/airflow/.local/lib/python3.12/site-packages/airflow/example_dags/example_complex.py
[2024-10-04T23:37:20.571+0000] {processor.py:914} INFO - Processing file /home/airflow/.local/lib/python3.12/site-packages/airflow/example_dags/example_complex.py for tasks to queue
[2024-10-04T23:37:20.579+0000] {logging_mixin.py:190} INFO - [2024-10-04T23:37:20.579+0000] {dagbag.py:587} INFO - Filling up the DagBag from /home/airflow/.local/lib/python3.12/site-packages/airflow/example_dags/example_complex.py
[2024-10-04T23:37:20.604+0000] {processor.py:925} INFO - DAG(s) 'example_complex' retrieved from /home/airflow/.local/lib/python3.12/site-packages/airflow/example_dags/example_complex.py
[2024-10-04T23:37:20.688+0000] {logging_mixin.py:190} INFO - [2024-10-04T23:37:20.688+0000] {dag.py:3229} INFO - Sync 1 DAGs
[2024-10-04T23:37:20.745+0000] {logging_mixin.py:190} INFO - [2024-10-04T23:37:20.737+0000] {dag.py:4156} INFO - Setting next_dagrun for example_complex to None, run_after=None
[2024-10-04T23:37:20.809+0000] {processor.py:208} INFO - Processing /home/airflow/.local/lib/python3.12/site-packages/airflow/example_dags/example_complex.py took 0.257 seconds
[2024-10-04T23:37:51.844+0000] {processor.py:186} INFO - Started process (PID=149) to work on /home/airflow/.local/lib/python3.12/site-packages/airflow/example_dags/example_complex.py
[2024-10-04T23:37:51.845+0000] {processor.py:914} INFO - Processing file /home/airflow/.local/lib/python3.12/site-packages/airflow/example_dags/example_complex.py for tasks to queue
[2024-10-04T23:37:51.852+0000] {logging_mixin.py:190} INFO - [2024-10-04T23:37:51.851+0000] {dagbag.py:587} INFO - Filling up the DagBag from /home/airflow/.local/lib/python3.12/site-packages/airflow/example_dags/example_complex.py
[2024-10-04T23:37:51.877+0000] {processor.py:925} INFO - DAG(s) 'example_complex' retrieved from /home/airflow/.local/lib/python3.12/site-packages/airflow/example_dags/example_complex.py
[2024-10-04T23:37:51.957+0000] {logging_mixin.py:190} INFO - [2024-10-04T23:37:51.956+0000] {dag.py:3229} INFO - Sync 1 DAGs
[2024-10-04T23:37:52.010+0000] {logging_mixin.py:190} INFO - [2024-10-04T23:37:52.009+0000] {dag.py:4156} INFO - Setting next_dagrun for example_complex to None, run_after=None
[2024-10-04T23:37:52.078+0000] {processor.py:208} INFO - Processing /home/airflow/.local/lib/python3.12/site-packages/airflow/example_dags/example_complex.py took 0.242 seconds
[2024-10-04T23:38:23.037+0000] {processor.py:186} INFO - Started process (PID=211) to work on /home/airflow/.local/lib/python3.12/site-packages/airflow/example_dags/example_complex.py
[2024-10-04T23:38:23.039+0000] {processor.py:914} INFO - Processing file /home/airflow/.local/lib/python3.12/site-packages/airflow/example_dags/example_complex.py for tasks to queue
[2024-10-04T23:38:23.043+0000] {logging_mixin.py:190} INFO - [2024-10-04T23:38:23.042+0000] {dagbag.py:587} INFO - Filling up the DagBag from /home/airflow/.local/lib/python3.12/site-packages/airflow/example_dags/example_complex.py
[2024-10-04T23:38:23.067+0000] {processor.py:925} INFO - DAG(s) 'example_complex' retrieved from /home/airflow/.local/lib/python3.12/site-packages/airflow/example_dags/example_complex.py
[2024-10-04T23:38:23.141+0000] {logging_mixin.py:190} INFO - [2024-10-04T23:38:23.140+0000] {dag.py:3229} INFO - Sync 1 DAGs
[2024-10-04T23:38:23.171+0000] {logging_mixin.py:190} INFO - [2024-10-04T23:38:23.171+0000] {dag.py:4156} INFO - Setting next_dagrun for example_complex to None, run_after=None
[2024-10-04T23:38:23.212+0000] {processor.py:208} INFO - Processing /home/airflow/.local/lib/python3.12/site-packages/airflow/example_dags/example_complex.py took 0.188 seconds
[2024-10-04T23:38:53.742+0000] {processor.py:186} INFO - Started process (PID=273) to work on /home/airflow/.local/lib/python3.12/site-packages/airflow/example_dags/example_complex.py
[2024-10-04T23:38:53.743+0000] {processor.py:914} INFO - Processing file /home/airflow/.local/lib/python3.12/site-packages/airflow/example_dags/example_complex.py for tasks to queue
[2024-10-04T23:38:53.746+0000] {logging_mixin.py:190} INFO - [2024-10-04T23:38:53.746+0000] {dagbag.py:587} INFO - Filling up the DagBag from /home/airflow/.local/lib/python3.12/site-packages/airflow/example_dags/example_complex.py
[2024-10-04T23:38:53.763+0000] {processor.py:925} INFO - DAG(s) 'example_complex' retrieved from /home/airflow/.local/lib/python3.12/site-packages/airflow/example_dags/example_complex.py
[2024-10-04T23:38:53.814+0000] {logging_mixin.py:190} INFO - [2024-10-04T23:38:53.814+0000] {dag.py:3229} INFO - Sync 1 DAGs
[2024-10-04T23:38:53.839+0000] {logging_mixin.py:190} INFO - [2024-10-04T23:38:53.838+0000] {dag.py:4156} INFO - Setting next_dagrun for example_complex to None, run_after=None
[2024-10-04T23:38:53.878+0000] {processor.py:208} INFO - Processing /home/airflow/.local/lib/python3.12/site-packages/airflow/example_dags/example_complex.py took 0.144 seconds
[2024-10-04T23:39:24.690+0000] {processor.py:186} INFO - Started process (PID=335) to work on /home/airflow/.local/lib/python3.12/site-packages/airflow/example_dags/example_complex.py
[2024-10-04T23:39:24.692+0000] {processor.py:914} INFO - Processing file /home/airflow/.local/lib/python3.12/site-packages/airflow/example_dags/example_complex.py for tasks to queue
[2024-10-04T23:39:24.696+0000] {logging_mixin.py:190} INFO - [2024-10-04T23:39:24.696+0000] {dagbag.py:587} INFO - Filling up the DagBag from /home/airflow/.local/lib/python3.12/site-packages/airflow/example_dags/example_complex.py
[2024-10-04T23:39:24.724+0000] {processor.py:925} INFO - DAG(s) 'example_complex' retrieved from /home/airflow/.local/lib/python3.12/site-packages/airflow/example_dags/example_complex.py
[2024-10-04T23:39:24.792+0000] {logging_mixin.py:190} INFO - [2024-10-04T23:39:24.792+0000] {dag.py:3229} INFO - Sync 1 DAGs
[2024-10-04T23:39:24.823+0000] {logging_mixin.py:190} INFO - [2024-10-04T23:39:24.822+0000] {dag.py:4156} INFO - Setting next_dagrun for example_complex to None, run_after=None
[2024-10-04T23:39:24.860+0000] {processor.py:208} INFO - Processing /home/airflow/.local/lib/python3.12/site-packages/airflow/example_dags/example_complex.py took 0.186 seconds
[2024-10-04T23:39:55.303+0000] {processor.py:186} INFO - Started process (PID=397) to work on /home/airflow/.local/lib/python3.12/site-packages/airflow/example_dags/example_complex.py
[2024-10-04T23:39:55.305+0000] {processor.py:914} INFO - Processing file /home/airflow/.local/lib/python3.12/site-packages/airflow/example_dags/example_complex.py for tasks to queue
[2024-10-04T23:39:55.310+0000] {logging_mixin.py:190} INFO - [2024-10-04T23:39:55.309+0000] {dagbag.py:587} INFO - Filling up the DagBag from /home/airflow/.local/lib/python3.12/site-packages/airflow/example_dags/example_complex.py
[2024-10-04T23:39:55.335+0000] {processor.py:925} INFO - DAG(s) 'example_complex' retrieved from /home/airflow/.local/lib/python3.12/site-packages/airflow/example_dags/example_complex.py
[2024-10-04T23:39:55.401+0000] {logging_mixin.py:190} INFO - [2024-10-04T23:39:55.400+0000] {dag.py:3229} INFO - Sync 1 DAGs
[2024-10-04T23:39:55.433+0000] {logging_mixin.py:190} INFO - [2024-10-04T23:39:55.433+0000] {dag.py:4156} INFO - Setting next_dagrun for example_complex to None, run_after=None
[2024-10-04T23:39:55.504+0000] {processor.py:208} INFO - Processing /home/airflow/.local/lib/python3.12/site-packages/airflow/example_dags/example_complex.py took 0.212 seconds
[2024-10-04T23:40:26.403+0000] {processor.py:186} INFO - Started process (PID=459) to work on /home/airflow/.local/lib/python3.12/site-packages/airflow/example_dags/example_complex.py
[2024-10-04T23:40:26.405+0000] {processor.py:914} INFO - Processing file /home/airflow/.local/lib/python3.12/site-packages/airflow/example_dags/example_complex.py for tasks to queue
[2024-10-04T23:40:26.408+0000] {logging_mixin.py:190} INFO - [2024-10-04T23:40:26.408+0000] {dagbag.py:587} INFO - Filling up the DagBag from /home/airflow/.local/lib/python3.12/site-packages/airflow/example_dags/example_complex.py
[2024-10-04T23:40:26.430+0000] {processor.py:925} INFO - DAG(s) 'example_complex' retrieved from /home/airflow/.local/lib/python3.12/site-packages/airflow/example_dags/example_complex.py
[2024-10-04T23:40:26.484+0000] {logging_mixin.py:190} INFO - [2024-10-04T23:40:26.484+0000] {dag.py:3229} INFO - Sync 1 DAGs
[2024-10-04T23:40:26.509+0000] {logging_mixin.py:190} INFO - [2024-10-04T23:40:26.509+0000] {dag.py:4156} INFO - Setting next_dagrun for example_complex to None, run_after=None
[2024-10-04T23:40:26.539+0000] {processor.py:208} INFO - Processing /home/airflow/.local/lib/python3.12/site-packages/airflow/example_dags/example_complex.py took 0.145 seconds
[2024-10-04T23:40:56.788+0000] {processor.py:186} INFO - Started process (PID=521) to work on /home/airflow/.local/lib/python3.12/site-packages/airflow/example_dags/example_complex.py
[2024-10-04T23:40:56.790+0000] {processor.py:914} INFO - Processing file /home/airflow/.local/lib/python3.12/site-packages/airflow/example_dags/example_complex.py for tasks to queue
[2024-10-04T23:40:56.793+0000] {logging_mixin.py:190} INFO - [2024-10-04T23:40:56.792+0000] {dagbag.py:587} INFO - Filling up the DagBag from /home/airflow/.local/lib/python3.12/site-packages/airflow/example_dags/example_complex.py
[2024-10-04T23:40:56.809+0000] {processor.py:925} INFO - DAG(s) 'example_complex' retrieved from /home/airflow/.local/lib/python3.12/site-packages/airflow/example_dags/example_complex.py
[2024-10-04T23:40:56.865+0000] {logging_mixin.py:190} INFO - [2024-10-04T23:40:56.865+0000] {dag.py:3229} INFO - Sync 1 DAGs
[2024-10-04T23:40:56.887+0000] {logging_mixin.py:190} INFO - [2024-10-04T23:40:56.887+0000] {dag.py:4156} INFO - Setting next_dagrun for example_complex to None, run_after=None
[2024-10-04T23:40:56.919+0000] {processor.py:208} INFO - Processing /home/airflow/.local/lib/python3.12/site-packages/airflow/example_dags/example_complex.py took 0.140 seconds
[2024-10-04T23:41:26.996+0000] {processor.py:186} INFO - Started process (PID=583) to work on /home/airflow/.local/lib/python3.12/site-packages/airflow/example_dags/example_complex.py
[2024-10-04T23:41:26.997+0000] {processor.py:914} INFO - Processing file /home/airflow/.local/lib/python3.12/site-packages/airflow/example_dags/example_complex.py for tasks to queue
[2024-10-04T23:41:27.001+0000] {logging_mixin.py:190} INFO - [2024-10-04T23:41:27.001+0000] {dagbag.py:587} INFO - Filling up the DagBag from /home/airflow/.local/lib/python3.12/site-packages/airflow/example_dags/example_complex.py
[2024-10-04T23:41:27.022+0000] {processor.py:925} INFO - DAG(s) 'example_complex' retrieved from /home/airflow/.local/lib/python3.12/site-packages/airflow/example_dags/example_complex.py
[2024-10-04T23:41:27.093+0000] {logging_mixin.py:190} INFO - [2024-10-04T23:41:27.092+0000] {dag.py:3229} INFO - Sync 1 DAGs
[2024-10-04T23:41:27.118+0000] {logging_mixin.py:190} INFO - [2024-10-04T23:41:27.118+0000] {dag.py:4156} INFO - Setting next_dagrun for example_complex to None, run_after=None
[2024-10-04T23:41:27.158+0000] {processor.py:208} INFO - Processing /home/airflow/.local/lib/python3.12/site-packages/airflow/example_dags/example_complex.py took 0.173 seconds
[2024-10-04T23:41:57.452+0000] {processor.py:186} INFO - Started process (PID=644) to work on /home/airflow/.local/lib/python3.12/site-packages/airflow/example_dags/example_complex.py
[2024-10-04T23:41:57.453+0000] {processor.py:914} INFO - Processing file /home/airflow/.local/lib/python3.12/site-packages/airflow/example_dags/example_complex.py for tasks to queue
[2024-10-04T23:41:57.456+0000] {logging_mixin.py:190} INFO - [2024-10-04T23:41:57.456+0000] {dagbag.py:587} INFO - Filling up the DagBag from /home/airflow/.local/lib/python3.12/site-packages/airflow/example_dags/example_complex.py
[2024-10-04T23:41:57.472+0000] {processor.py:925} INFO - DAG(s) 'example_complex' retrieved from /home/airflow/.local/lib/python3.12/site-packages/airflow/example_dags/example_complex.py
[2024-10-04T23:41:57.516+0000] {logging_mixin.py:190} INFO - [2024-10-04T23:41:57.515+0000] {dag.py:3229} INFO - Sync 1 DAGs
[2024-10-04T23:41:57.538+0000] {logging_mixin.py:190} INFO - [2024-10-04T23:41:57.538+0000] {dag.py:4156} INFO - Setting next_dagrun for example_complex to None, run_after=None
[2024-10-04T23:41:57.579+0000] {processor.py:208} INFO - Processing /home/airflow/.local/lib/python3.12/site-packages/airflow/example_dags/example_complex.py took 0.136 seconds
[2024-10-04T23:42:28.162+0000] {processor.py:186} INFO - Started process (PID=706) to work on /home/airflow/.local/lib/python3.12/site-packages/airflow/example_dags/example_complex.py
[2024-10-04T23:42:28.165+0000] {processor.py:914} INFO - Processing file /home/airflow/.local/lib/python3.12/site-packages/airflow/example_dags/example_complex.py for tasks to queue
[2024-10-04T23:42:28.170+0000] {logging_mixin.py:190} INFO - [2024-10-04T23:42:28.169+0000] {dagbag.py:587} INFO - Filling up the DagBag from /home/airflow/.local/lib/python3.12/site-packages/airflow/example_dags/example_complex.py
[2024-10-04T23:42:28.197+0000] {processor.py:925} INFO - DAG(s) 'example_complex' retrieved from /home/airflow/.local/lib/python3.12/site-packages/airflow/example_dags/example_complex.py
[2024-10-04T23:42:28.285+0000] {logging_mixin.py:190} INFO - [2024-10-04T23:42:28.284+0000] {dag.py:3229} INFO - Sync 1 DAGs
[2024-10-04T23:42:28.318+0000] {logging_mixin.py:190} INFO - [2024-10-04T23:42:28.317+0000] {dag.py:4156} INFO - Setting next_dagrun for example_complex to None, run_after=None
[2024-10-04T23:42:28.360+0000] {processor.py:208} INFO - Processing /home/airflow/.local/lib/python3.12/site-packages/airflow/example_dags/example_complex.py took 0.208 seconds
[2024-10-04T23:42:59.133+0000] {processor.py:186} INFO - Started process (PID=769) to work on /home/airflow/.local/lib/python3.12/site-packages/airflow/example_dags/example_complex.py
[2024-10-04T23:42:59.135+0000] {processor.py:914} INFO - Processing file /home/airflow/.local/lib/python3.12/site-packages/airflow/example_dags/example_complex.py for tasks to queue
[2024-10-04T23:42:59.138+0000] {logging_mixin.py:190} INFO - [2024-10-04T23:42:59.138+0000] {dagbag.py:587} INFO - Filling up the DagBag from /home/airflow/.local/lib/python3.12/site-packages/airflow/example_dags/example_complex.py
[2024-10-04T23:42:59.161+0000] {processor.py:925} INFO - DAG(s) 'example_complex' retrieved from /home/airflow/.local/lib/python3.12/site-packages/airflow/example_dags/example_complex.py
[2024-10-04T23:42:59.210+0000] {logging_mixin.py:190} INFO - [2024-10-04T23:42:59.210+0000] {dag.py:3229} INFO - Sync 1 DAGs
[2024-10-04T23:42:59.230+0000] {logging_mixin.py:190} INFO - [2024-10-04T23:42:59.230+0000] {dag.py:4156} INFO - Setting next_dagrun for example_complex to None, run_after=None
[2024-10-04T23:42:59.262+0000] {processor.py:208} INFO - Processing /home/airflow/.local/lib/python3.12/site-packages/airflow/example_dags/example_complex.py took 0.136 seconds
[2024-10-04T23:43:29.996+0000] {processor.py:186} INFO - Started process (PID=831) to work on /home/airflow/.local/lib/python3.12/site-packages/airflow/example_dags/example_complex.py
[2024-10-04T23:43:29.997+0000] {processor.py:914} INFO - Processing file /home/airflow/.local/lib/python3.12/site-packages/airflow/example_dags/example_complex.py for tasks to queue
[2024-10-04T23:43:30.002+0000] {logging_mixin.py:190} INFO - [2024-10-04T23:43:30.001+0000] {dagbag.py:587} INFO - Filling up the DagBag from /home/airflow/.local/lib/python3.12/site-packages/airflow/example_dags/example_complex.py
[2024-10-04T23:43:30.028+0000] {processor.py:925} INFO - DAG(s) 'example_complex' retrieved from /home/airflow/.local/lib/python3.12/site-packages/airflow/example_dags/example_complex.py
[2024-10-04T23:43:30.099+0000] {logging_mixin.py:190} INFO - [2024-10-04T23:43:30.098+0000] {dag.py:3229} INFO - Sync 1 DAGs
[2024-10-04T23:43:30.134+0000] {logging_mixin.py:190} INFO - [2024-10-04T23:43:30.134+0000] {dag.py:4156} INFO - Setting next_dagrun for example_complex to None, run_after=None
[2024-10-04T23:43:30.189+0000] {processor.py:208} INFO - Processing /home/airflow/.local/lib/python3.12/site-packages/airflow/example_dags/example_complex.py took 0.204 seconds
[2024-10-04T23:44:00.932+0000] {processor.py:186} INFO - Started process (PID=892) to work on /home/airflow/.local/lib/python3.12/site-packages/airflow/example_dags/example_complex.py
[2024-10-04T23:44:00.934+0000] {processor.py:914} INFO - Processing file /home/airflow/.local/lib/python3.12/site-packages/airflow/example_dags/example_complex.py for tasks to queue
[2024-10-04T23:44:00.938+0000] {logging_mixin.py:190} INFO - [2024-10-04T23:44:00.938+0000] {dagbag.py:587} INFO - Filling up the DagBag from /home/airflow/.local/lib/python3.12/site-packages/airflow/example_dags/example_complex.py
[2024-10-04T23:44:00.968+0000] {processor.py:925} INFO - DAG(s) 'example_complex' retrieved from /home/airflow/.local/lib/python3.12/site-packages/airflow/example_dags/example_complex.py
[2024-10-04T23:44:01.048+0000] {logging_mixin.py:190} INFO - [2024-10-04T23:44:01.048+0000] {dag.py:3229} INFO - Sync 1 DAGs
[2024-10-04T23:44:01.131+0000] {logging_mixin.py:190} INFO - [2024-10-04T23:44:01.129+0000] {dag.py:4156} INFO - Setting next_dagrun for example_complex to None, run_after=None
[2024-10-04T23:44:01.216+0000] {processor.py:208} INFO - Processing /home/airflow/.local/lib/python3.12/site-packages/airflow/example_dags/example_complex.py took 0.292 seconds
[2024-10-04T23:44:32.010+0000] {processor.py:186} INFO - Started process (PID=954) to work on /home/airflow/.local/lib/python3.12/site-packages/airflow/example_dags/example_complex.py
[2024-10-04T23:44:32.011+0000] {processor.py:914} INFO - Processing file /home/airflow/.local/lib/python3.12/site-packages/airflow/example_dags/example_complex.py for tasks to queue
[2024-10-04T23:44:32.017+0000] {logging_mixin.py:190} INFO - [2024-10-04T23:44:32.016+0000] {dagbag.py:587} INFO - Filling up the DagBag from /home/airflow/.local/lib/python3.12/site-packages/airflow/example_dags/example_complex.py
[2024-10-04T23:44:32.039+0000] {processor.py:925} INFO - DAG(s) 'example_complex' retrieved from /home/airflow/.local/lib/python3.12/site-packages/airflow/example_dags/example_complex.py
[2024-10-04T23:44:32.110+0000] {logging_mixin.py:190} INFO - [2024-10-04T23:44:32.109+0000] {dag.py:3229} INFO - Sync 1 DAGs
[2024-10-04T23:44:32.137+0000] {logging_mixin.py:190} INFO - [2024-10-04T23:44:32.137+0000] {dag.py:4156} INFO - Setting next_dagrun for example_complex to None, run_after=None
[2024-10-04T23:44:32.174+0000] {processor.py:208} INFO - Processing /home/airflow/.local/lib/python3.12/site-packages/airflow/example_dags/example_complex.py took 0.173 seconds
[2024-10-04T23:45:02.527+0000] {processor.py:186} INFO - Started process (PID=1015) to work on /home/airflow/.local/lib/python3.12/site-packages/airflow/example_dags/example_complex.py
[2024-10-04T23:45:02.528+0000] {processor.py:914} INFO - Processing file /home/airflow/.local/lib/python3.12/site-packages/airflow/example_dags/example_complex.py for tasks to queue
[2024-10-04T23:45:02.533+0000] {logging_mixin.py:190} INFO - [2024-10-04T23:45:02.532+0000] {dagbag.py:587} INFO - Filling up the DagBag from /home/airflow/.local/lib/python3.12/site-packages/airflow/example_dags/example_complex.py
[2024-10-04T23:45:02.553+0000] {processor.py:925} INFO - DAG(s) 'example_complex' retrieved from /home/airflow/.local/lib/python3.12/site-packages/airflow/example_dags/example_complex.py
[2024-10-04T23:45:02.597+0000] {logging_mixin.py:190} INFO - [2024-10-04T23:45:02.597+0000] {dag.py:3229} INFO - Sync 1 DAGs
[2024-10-04T23:45:02.620+0000] {logging_mixin.py:190} INFO - [2024-10-04T23:45:02.619+0000] {dag.py:4156} INFO - Setting next_dagrun for example_complex to None, run_after=None
[2024-10-04T23:45:02.663+0000] {processor.py:208} INFO - Processing /home/airflow/.local/lib/python3.12/site-packages/airflow/example_dags/example_complex.py took 0.148 seconds
[2024-10-04T23:45:32.891+0000] {processor.py:186} INFO - Started process (PID=1077) to work on /home/airflow/.local/lib/python3.12/site-packages/airflow/example_dags/example_complex.py
[2024-10-04T23:45:32.892+0000] {processor.py:914} INFO - Processing file /home/airflow/.local/lib/python3.12/site-packages/airflow/example_dags/example_complex.py for tasks to queue
[2024-10-04T23:45:32.897+0000] {logging_mixin.py:190} INFO - [2024-10-04T23:45:32.897+0000] {dagbag.py:587} INFO - Filling up the DagBag from /home/airflow/.local/lib/python3.12/site-packages/airflow/example_dags/example_complex.py
[2024-10-04T23:45:32.927+0000] {processor.py:925} INFO - DAG(s) 'example_complex' retrieved from /home/airflow/.local/lib/python3.12/site-packages/airflow/example_dags/example_complex.py
[2024-10-04T23:45:33.017+0000] {logging_mixin.py:190} INFO - [2024-10-04T23:45:33.017+0000] {dag.py:3229} INFO - Sync 1 DAGs
[2024-10-04T23:45:33.045+0000] {logging_mixin.py:190} INFO - [2024-10-04T23:45:33.045+0000] {dag.py:4156} INFO - Setting next_dagrun for example_complex to None, run_after=None
[2024-10-04T23:45:33.092+0000] {processor.py:208} INFO - Processing /home/airflow/.local/lib/python3.12/site-packages/airflow/example_dags/example_complex.py took 0.213 seconds
[2024-10-04T23:46:05.307+0000] {processor.py:186} INFO - Started process (PID=1140) to work on /home/airflow/.local/lib/python3.12/site-packages/airflow/example_dags/example_complex.py
[2024-10-04T23:46:05.309+0000] {processor.py:914} INFO - Processing file /home/airflow/.local/lib/python3.12/site-packages/airflow/example_dags/example_complex.py for tasks to queue
[2024-10-04T23:46:05.313+0000] {logging_mixin.py:190} INFO - [2024-10-04T23:46:05.312+0000] {dagbag.py:587} INFO - Filling up the DagBag from /home/airflow/.local/lib/python3.12/site-packages/airflow/example_dags/example_complex.py
[2024-10-04T23:46:05.334+0000] {processor.py:925} INFO - DAG(s) 'example_complex' retrieved from /home/airflow/.local/lib/python3.12/site-packages/airflow/example_dags/example_complex.py
[2024-10-04T23:46:05.400+0000] {logging_mixin.py:190} INFO - [2024-10-04T23:46:05.399+0000] {dag.py:3229} INFO - Sync 1 DAGs
[2024-10-04T23:46:05.434+0000] {logging_mixin.py:190} INFO - [2024-10-04T23:46:05.434+0000] {dag.py:4156} INFO - Setting next_dagrun for example_complex to None, run_after=None
[2024-10-04T23:46:05.486+0000] {processor.py:208} INFO - Processing /home/airflow/.local/lib/python3.12/site-packages/airflow/example_dags/example_complex.py took 0.192 seconds
[2024-10-04T23:46:36.093+0000] {processor.py:186} INFO - Started process (PID=1202) to work on /home/airflow/.local/lib/python3.12/site-packages/airflow/example_dags/example_complex.py
[2024-10-04T23:46:36.094+0000] {processor.py:914} INFO - Processing file /home/airflow/.local/lib/python3.12/site-packages/airflow/example_dags/example_complex.py for tasks to queue
[2024-10-04T23:46:36.098+0000] {logging_mixin.py:190} INFO - [2024-10-04T23:46:36.098+0000] {dagbag.py:587} INFO - Filling up the DagBag from /home/airflow/.local/lib/python3.12/site-packages/airflow/example_dags/example_complex.py
[2024-10-04T23:46:36.123+0000] {processor.py:925} INFO - DAG(s) 'example_complex' retrieved from /home/airflow/.local/lib/python3.12/site-packages/airflow/example_dags/example_complex.py
[2024-10-04T23:46:36.191+0000] {logging_mixin.py:190} INFO - [2024-10-04T23:46:36.190+0000] {dag.py:3229} INFO - Sync 1 DAGs
[2024-10-04T23:46:36.220+0000] {logging_mixin.py:190} INFO - [2024-10-04T23:46:36.219+0000] {dag.py:4156} INFO - Setting next_dagrun for example_complex to None, run_after=None
[2024-10-04T23:46:36.259+0000] {processor.py:208} INFO - Processing /home/airflow/.local/lib/python3.12/site-packages/airflow/example_dags/example_complex.py took 0.175 seconds
[2024-10-04T23:47:06.973+0000] {processor.py:186} INFO - Started process (PID=1263) to work on /home/airflow/.local/lib/python3.12/site-packages/airflow/example_dags/example_complex.py
[2024-10-04T23:47:06.974+0000] {processor.py:914} INFO - Processing file /home/airflow/.local/lib/python3.12/site-packages/airflow/example_dags/example_complex.py for tasks to queue
[2024-10-04T23:47:06.978+0000] {logging_mixin.py:190} INFO - [2024-10-04T23:47:06.978+0000] {dagbag.py:587} INFO - Filling up the DagBag from /home/airflow/.local/lib/python3.12/site-packages/airflow/example_dags/example_complex.py
[2024-10-04T23:47:07.002+0000] {processor.py:925} INFO - DAG(s) 'example_complex' retrieved from /home/airflow/.local/lib/python3.12/site-packages/airflow/example_dags/example_complex.py
[2024-10-04T23:47:07.080+0000] {logging_mixin.py:190} INFO - [2024-10-04T23:47:07.080+0000] {dag.py:3229} INFO - Sync 1 DAGs
[2024-10-04T23:47:07.133+0000] {logging_mixin.py:190} INFO - [2024-10-04T23:47:07.132+0000] {dag.py:4156} INFO - Setting next_dagrun for example_complex to None, run_after=None
[2024-10-04T23:47:07.191+0000] {processor.py:208} INFO - Processing /home/airflow/.local/lib/python3.12/site-packages/airflow/example_dags/example_complex.py took 0.229 seconds
[2024-10-04T23:47:37.574+0000] {processor.py:186} INFO - Started process (PID=1324) to work on /home/airflow/.local/lib/python3.12/site-packages/airflow/example_dags/example_complex.py
[2024-10-04T23:47:37.576+0000] {processor.py:914} INFO - Processing file /home/airflow/.local/lib/python3.12/site-packages/airflow/example_dags/example_complex.py for tasks to queue
[2024-10-04T23:47:37.579+0000] {logging_mixin.py:190} INFO - [2024-10-04T23:47:37.578+0000] {dagbag.py:587} INFO - Filling up the DagBag from /home/airflow/.local/lib/python3.12/site-packages/airflow/example_dags/example_complex.py
[2024-10-04T23:47:37.593+0000] {processor.py:925} INFO - DAG(s) 'example_complex' retrieved from /home/airflow/.local/lib/python3.12/site-packages/airflow/example_dags/example_complex.py
[2024-10-04T23:47:37.635+0000] {logging_mixin.py:190} INFO - [2024-10-04T23:47:37.634+0000] {dag.py:3229} INFO - Sync 1 DAGs
[2024-10-04T23:47:37.653+0000] {logging_mixin.py:190} INFO - [2024-10-04T23:47:37.653+0000] {dag.py:4156} INFO - Setting next_dagrun for example_complex to None, run_after=None
[2024-10-04T23:47:37.691+0000] {processor.py:208} INFO - Processing /home/airflow/.local/lib/python3.12/site-packages/airflow/example_dags/example_complex.py took 0.124 seconds
[2024-10-04T23:48:08.142+0000] {processor.py:186} INFO - Started process (PID=1386) to work on /home/airflow/.local/lib/python3.12/site-packages/airflow/example_dags/example_complex.py
[2024-10-04T23:48:08.144+0000] {processor.py:914} INFO - Processing file /home/airflow/.local/lib/python3.12/site-packages/airflow/example_dags/example_complex.py for tasks to queue
[2024-10-04T23:48:08.148+0000] {logging_mixin.py:190} INFO - [2024-10-04T23:48:08.147+0000] {dagbag.py:587} INFO - Filling up the DagBag from /home/airflow/.local/lib/python3.12/site-packages/airflow/example_dags/example_complex.py
[2024-10-04T23:48:08.163+0000] {processor.py:925} INFO - DAG(s) 'example_complex' retrieved from /home/airflow/.local/lib/python3.12/site-packages/airflow/example_dags/example_complex.py
[2024-10-04T23:48:08.204+0000] {logging_mixin.py:190} INFO - [2024-10-04T23:48:08.204+0000] {dag.py:3229} INFO - Sync 1 DAGs
[2024-10-04T23:48:08.222+0000] {logging_mixin.py:190} INFO - [2024-10-04T23:48:08.222+0000] {dag.py:4156} INFO - Setting next_dagrun for example_complex to None, run_after=None
[2024-10-04T23:48:08.249+0000] {processor.py:208} INFO - Processing /home/airflow/.local/lib/python3.12/site-packages/airflow/example_dags/example_complex.py took 0.116 seconds
[2024-10-04T23:48:38.508+0000] {processor.py:186} INFO - Started process (PID=1448) to work on /home/airflow/.local/lib/python3.12/site-packages/airflow/example_dags/example_complex.py
[2024-10-04T23:48:38.509+0000] {processor.py:914} INFO - Processing file /home/airflow/.local/lib/python3.12/site-packages/airflow/example_dags/example_complex.py for tasks to queue
[2024-10-04T23:48:38.512+0000] {logging_mixin.py:190} INFO - [2024-10-04T23:48:38.512+0000] {dagbag.py:587} INFO - Filling up the DagBag from /home/airflow/.local/lib/python3.12/site-packages/airflow/example_dags/example_complex.py
[2024-10-04T23:48:38.530+0000] {processor.py:925} INFO - DAG(s) 'example_complex' retrieved from /home/airflow/.local/lib/python3.12/site-packages/airflow/example_dags/example_complex.py
[2024-10-04T23:48:38.581+0000] {logging_mixin.py:190} INFO - [2024-10-04T23:48:38.581+0000] {dag.py:3229} INFO - Sync 1 DAGs
[2024-10-04T23:48:38.603+0000] {logging_mixin.py:190} INFO - [2024-10-04T23:48:38.603+0000] {dag.py:4156} INFO - Setting next_dagrun for example_complex to None, run_after=None
[2024-10-04T23:48:38.630+0000] {processor.py:208} INFO - Processing /home/airflow/.local/lib/python3.12/site-packages/airflow/example_dags/example_complex.py took 0.130 seconds
[2024-10-04T23:49:08.883+0000] {processor.py:186} INFO - Started process (PID=1510) to work on /home/airflow/.local/lib/python3.12/site-packages/airflow/example_dags/example_complex.py
[2024-10-04T23:49:08.884+0000] {processor.py:914} INFO - Processing file /home/airflow/.local/lib/python3.12/site-packages/airflow/example_dags/example_complex.py for tasks to queue
[2024-10-04T23:49:08.888+0000] {logging_mixin.py:190} INFO - [2024-10-04T23:49:08.887+0000] {dagbag.py:587} INFO - Filling up the DagBag from /home/airflow/.local/lib/python3.12/site-packages/airflow/example_dags/example_complex.py
[2024-10-04T23:49:08.908+0000] {processor.py:925} INFO - DAG(s) 'example_complex' retrieved from /home/airflow/.local/lib/python3.12/site-packages/airflow/example_dags/example_complex.py
[2024-10-04T23:49:08.951+0000] {logging_mixin.py:190} INFO - [2024-10-04T23:49:08.951+0000] {dag.py:3229} INFO - Sync 1 DAGs
[2024-10-04T23:49:08.971+0000] {logging_mixin.py:190} INFO - [2024-10-04T23:49:08.970+0000] {dag.py:4156} INFO - Setting next_dagrun for example_complex to None, run_after=None
[2024-10-04T23:49:09.007+0000] {processor.py:208} INFO - Processing /home/airflow/.local/lib/python3.12/site-packages/airflow/example_dags/example_complex.py took 0.135 seconds
[2024-10-04T23:49:39.112+0000] {processor.py:186} INFO - Started process (PID=1573) to work on /home/airflow/.local/lib/python3.12/site-packages/airflow/example_dags/example_complex.py
[2024-10-04T23:49:39.113+0000] {processor.py:914} INFO - Processing file /home/airflow/.local/lib/python3.12/site-packages/airflow/example_dags/example_complex.py for tasks to queue
[2024-10-04T23:49:39.117+0000] {logging_mixin.py:190} INFO - [2024-10-04T23:49:39.116+0000] {dagbag.py:587} INFO - Filling up the DagBag from /home/airflow/.local/lib/python3.12/site-packages/airflow/example_dags/example_complex.py
[2024-10-04T23:49:39.139+0000] {processor.py:925} INFO - DAG(s) 'example_complex' retrieved from /home/airflow/.local/lib/python3.12/site-packages/airflow/example_dags/example_complex.py
[2024-10-04T23:49:39.189+0000] {logging_mixin.py:190} INFO - [2024-10-04T23:49:39.189+0000] {dag.py:3229} INFO - Sync 1 DAGs
[2024-10-04T23:49:39.213+0000] {logging_mixin.py:190} INFO - [2024-10-04T23:49:39.213+0000] {dag.py:4156} INFO - Setting next_dagrun for example_complex to None, run_after=None
[2024-10-04T23:49:39.239+0000] {processor.py:208} INFO - Processing /home/airflow/.local/lib/python3.12/site-packages/airflow/example_dags/example_complex.py took 0.136 seconds
[2024-10-04T23:50:09.629+0000] {processor.py:186} INFO - Started process (PID=1635) to work on /home/airflow/.local/lib/python3.12/site-packages/airflow/example_dags/example_complex.py
[2024-10-04T23:50:09.630+0000] {processor.py:914} INFO - Processing file /home/airflow/.local/lib/python3.12/site-packages/airflow/example_dags/example_complex.py for tasks to queue
[2024-10-04T23:50:09.634+0000] {logging_mixin.py:190} INFO - [2024-10-04T23:50:09.633+0000] {dagbag.py:587} INFO - Filling up the DagBag from /home/airflow/.local/lib/python3.12/site-packages/airflow/example_dags/example_complex.py
[2024-10-04T23:50:09.653+0000] {processor.py:925} INFO - DAG(s) 'example_complex' retrieved from /home/airflow/.local/lib/python3.12/site-packages/airflow/example_dags/example_complex.py
[2024-10-04T23:50:09.700+0000] {logging_mixin.py:190} INFO - [2024-10-04T23:50:09.699+0000] {dag.py:3229} INFO - Sync 1 DAGs
[2024-10-04T23:50:09.724+0000] {logging_mixin.py:190} INFO - [2024-10-04T23:50:09.723+0000] {dag.py:4156} INFO - Setting next_dagrun for example_complex to None, run_after=None
[2024-10-04T23:50:09.765+0000] {processor.py:208} INFO - Processing /home/airflow/.local/lib/python3.12/site-packages/airflow/example_dags/example_complex.py took 0.146 seconds
[2024-10-04T23:50:40.306+0000] {processor.py:186} INFO - Started process (PID=1697) to work on /home/airflow/.local/lib/python3.12/site-packages/airflow/example_dags/example_complex.py
[2024-10-04T23:50:40.307+0000] {processor.py:914} INFO - Processing file /home/airflow/.local/lib/python3.12/site-packages/airflow/example_dags/example_complex.py for tasks to queue
[2024-10-04T23:50:40.311+0000] {logging_mixin.py:190} INFO - [2024-10-04T23:50:40.311+0000] {dagbag.py:587} INFO - Filling up the DagBag from /home/airflow/.local/lib/python3.12/site-packages/airflow/example_dags/example_complex.py
[2024-10-04T23:50:40.334+0000] {processor.py:925} INFO - DAG(s) 'example_complex' retrieved from /home/airflow/.local/lib/python3.12/site-packages/airflow/example_dags/example_complex.py
[2024-10-04T23:50:40.386+0000] {logging_mixin.py:190} INFO - [2024-10-04T23:50:40.386+0000] {dag.py:3229} INFO - Sync 1 DAGs
[2024-10-04T23:50:40.411+0000] {logging_mixin.py:190} INFO - [2024-10-04T23:50:40.411+0000] {dag.py:4156} INFO - Setting next_dagrun for example_complex to None, run_after=None
[2024-10-04T23:50:40.446+0000] {processor.py:208} INFO - Processing /home/airflow/.local/lib/python3.12/site-packages/airflow/example_dags/example_complex.py took 0.148 seconds
[2024-10-04T23:51:15.750+0000] {processor.py:186} INFO - Started process (PID=1765) to work on /home/airflow/.local/lib/python3.12/site-packages/airflow/example_dags/example_complex.py
[2024-10-04T23:51:15.752+0000] {processor.py:914} INFO - Processing file /home/airflow/.local/lib/python3.12/site-packages/airflow/example_dags/example_complex.py for tasks to queue
[2024-10-04T23:51:15.767+0000] {logging_mixin.py:190} INFO - [2024-10-04T23:51:15.767+0000] {dagbag.py:587} INFO - Filling up the DagBag from /home/airflow/.local/lib/python3.12/site-packages/airflow/example_dags/example_complex.py
[2024-10-04T23:51:15.845+0000] {processor.py:925} INFO - DAG(s) 'example_complex' retrieved from /home/airflow/.local/lib/python3.12/site-packages/airflow/example_dags/example_complex.py
[2024-10-04T23:51:16.071+0000] {logging_mixin.py:190} INFO - [2024-10-04T23:51:16.071+0000] {dag.py:3229} INFO - Sync 1 DAGs
[2024-10-04T23:51:16.171+0000] {logging_mixin.py:190} INFO - [2024-10-04T23:51:16.171+0000] {dag.py:4156} INFO - Setting next_dagrun for example_complex to None, run_after=None
[2024-10-04T23:51:16.293+0000] {processor.py:208} INFO - Processing /home/airflow/.local/lib/python3.12/site-packages/airflow/example_dags/example_complex.py took 0.573 seconds
[2024-10-04T23:51:47.500+0000] {processor.py:186} INFO - Started process (PID=1827) to work on /home/airflow/.local/lib/python3.12/site-packages/airflow/example_dags/example_complex.py
[2024-10-04T23:51:47.509+0000] {processor.py:914} INFO - Processing file /home/airflow/.local/lib/python3.12/site-packages/airflow/example_dags/example_complex.py for tasks to queue
[2024-10-04T23:51:47.527+0000] {logging_mixin.py:190} INFO - [2024-10-04T23:51:47.526+0000] {dagbag.py:587} INFO - Filling up the DagBag from /home/airflow/.local/lib/python3.12/site-packages/airflow/example_dags/example_complex.py
[2024-10-04T23:51:47.597+0000] {processor.py:925} INFO - DAG(s) 'example_complex' retrieved from /home/airflow/.local/lib/python3.12/site-packages/airflow/example_dags/example_complex.py
[2024-10-04T23:51:47.777+0000] {logging_mixin.py:190} INFO - [2024-10-04T23:51:47.776+0000] {dag.py:3229} INFO - Sync 1 DAGs
[2024-10-04T23:51:47.849+0000] {logging_mixin.py:190} INFO - [2024-10-04T23:51:47.849+0000] {dag.py:4156} INFO - Setting next_dagrun for example_complex to None, run_after=None
[2024-10-04T23:51:47.969+0000] {processor.py:208} INFO - Processing /home/airflow/.local/lib/python3.12/site-packages/airflow/example_dags/example_complex.py took 0.502 seconds
[2024-10-04T23:52:18.961+0000] {processor.py:186} INFO - Started process (PID=1889) to work on /home/airflow/.local/lib/python3.12/site-packages/airflow/example_dags/example_complex.py
[2024-10-04T23:52:18.963+0000] {processor.py:914} INFO - Processing file /home/airflow/.local/lib/python3.12/site-packages/airflow/example_dags/example_complex.py for tasks to queue
[2024-10-04T23:52:18.979+0000] {logging_mixin.py:190} INFO - [2024-10-04T23:52:18.979+0000] {dagbag.py:587} INFO - Filling up the DagBag from /home/airflow/.local/lib/python3.12/site-packages/airflow/example_dags/example_complex.py
[2024-10-04T23:52:19.044+0000] {processor.py:925} INFO - DAG(s) 'example_complex' retrieved from /home/airflow/.local/lib/python3.12/site-packages/airflow/example_dags/example_complex.py
[2024-10-04T23:52:19.227+0000] {logging_mixin.py:190} INFO - [2024-10-04T23:52:19.226+0000] {dag.py:3229} INFO - Sync 1 DAGs
[2024-10-04T23:52:19.304+0000] {logging_mixin.py:190} INFO - [2024-10-04T23:52:19.304+0000] {dag.py:4156} INFO - Setting next_dagrun for example_complex to None, run_after=None
[2024-10-04T23:52:19.399+0000] {processor.py:208} INFO - Processing /home/airflow/.local/lib/python3.12/site-packages/airflow/example_dags/example_complex.py took 0.470 seconds
[2024-10-04T23:52:49.614+0000] {processor.py:186} INFO - Started process (PID=1952) to work on /home/airflow/.local/lib/python3.12/site-packages/airflow/example_dags/example_complex.py
[2024-10-04T23:52:49.616+0000] {processor.py:914} INFO - Processing file /home/airflow/.local/lib/python3.12/site-packages/airflow/example_dags/example_complex.py for tasks to queue
[2024-10-04T23:52:49.619+0000] {logging_mixin.py:190} INFO - [2024-10-04T23:52:49.619+0000] {dagbag.py:587} INFO - Filling up the DagBag from /home/airflow/.local/lib/python3.12/site-packages/airflow/example_dags/example_complex.py
[2024-10-04T23:52:49.640+0000] {processor.py:925} INFO - DAG(s) 'example_complex' retrieved from /home/airflow/.local/lib/python3.12/site-packages/airflow/example_dags/example_complex.py
[2024-10-04T23:52:49.701+0000] {logging_mixin.py:190} INFO - [2024-10-04T23:52:49.700+0000] {dag.py:3229} INFO - Sync 1 DAGs
[2024-10-04T23:52:49.723+0000] {logging_mixin.py:190} INFO - [2024-10-04T23:52:49.722+0000] {dag.py:4156} INFO - Setting next_dagrun for example_complex to None, run_after=None
[2024-10-04T23:52:49.802+0000] {processor.py:208} INFO - Processing /home/airflow/.local/lib/python3.12/site-packages/airflow/example_dags/example_complex.py took 0.197 seconds
[2024-10-04T23:53:20.657+0000] {processor.py:186} INFO - Started process (PID=2014) to work on /home/airflow/.local/lib/python3.12/site-packages/airflow/example_dags/example_complex.py
[2024-10-04T23:53:20.658+0000] {processor.py:914} INFO - Processing file /home/airflow/.local/lib/python3.12/site-packages/airflow/example_dags/example_complex.py for tasks to queue
[2024-10-04T23:53:20.662+0000] {logging_mixin.py:190} INFO - [2024-10-04T23:53:20.661+0000] {dagbag.py:587} INFO - Filling up the DagBag from /home/airflow/.local/lib/python3.12/site-packages/airflow/example_dags/example_complex.py
[2024-10-04T23:53:20.685+0000] {processor.py:925} INFO - DAG(s) 'example_complex' retrieved from /home/airflow/.local/lib/python3.12/site-packages/airflow/example_dags/example_complex.py
[2024-10-04T23:53:20.735+0000] {logging_mixin.py:190} INFO - [2024-10-04T23:53:20.735+0000] {dag.py:3229} INFO - Sync 1 DAGs
[2024-10-04T23:53:20.758+0000] {logging_mixin.py:190} INFO - [2024-10-04T23:53:20.757+0000] {dag.py:4156} INFO - Setting next_dagrun for example_complex to None, run_after=None
[2024-10-04T23:53:20.795+0000] {processor.py:208} INFO - Processing /home/airflow/.local/lib/python3.12/site-packages/airflow/example_dags/example_complex.py took 0.146 seconds
[2024-10-04T23:53:51.144+0000] {processor.py:186} INFO - Started process (PID=2076) to work on /home/airflow/.local/lib/python3.12/site-packages/airflow/example_dags/example_complex.py
[2024-10-04T23:53:51.146+0000] {processor.py:914} INFO - Processing file /home/airflow/.local/lib/python3.12/site-packages/airflow/example_dags/example_complex.py for tasks to queue
[2024-10-04T23:53:51.149+0000] {logging_mixin.py:190} INFO - [2024-10-04T23:53:51.149+0000] {dagbag.py:587} INFO - Filling up the DagBag from /home/airflow/.local/lib/python3.12/site-packages/airflow/example_dags/example_complex.py
[2024-10-04T23:53:51.173+0000] {processor.py:925} INFO - DAG(s) 'example_complex' retrieved from /home/airflow/.local/lib/python3.12/site-packages/airflow/example_dags/example_complex.py
[2024-10-04T23:53:51.225+0000] {logging_mixin.py:190} INFO - [2024-10-04T23:53:51.225+0000] {dag.py:3229} INFO - Sync 1 DAGs
[2024-10-04T23:53:51.251+0000] {logging_mixin.py:190} INFO - [2024-10-04T23:53:51.251+0000] {dag.py:4156} INFO - Setting next_dagrun for example_complex to None, run_after=None
[2024-10-04T23:53:51.281+0000] {processor.py:208} INFO - Processing /home/airflow/.local/lib/python3.12/site-packages/airflow/example_dags/example_complex.py took 0.145 seconds
[2024-10-04T23:54:21.830+0000] {processor.py:186} INFO - Started process (PID=2138) to work on /home/airflow/.local/lib/python3.12/site-packages/airflow/example_dags/example_complex.py
[2024-10-04T23:54:21.832+0000] {processor.py:914} INFO - Processing file /home/airflow/.local/lib/python3.12/site-packages/airflow/example_dags/example_complex.py for tasks to queue
[2024-10-04T23:54:21.835+0000] {logging_mixin.py:190} INFO - [2024-10-04T23:54:21.834+0000] {dagbag.py:587} INFO - Filling up the DagBag from /home/airflow/.local/lib/python3.12/site-packages/airflow/example_dags/example_complex.py
[2024-10-04T23:54:21.853+0000] {processor.py:925} INFO - DAG(s) 'example_complex' retrieved from /home/airflow/.local/lib/python3.12/site-packages/airflow/example_dags/example_complex.py
[2024-10-04T23:54:21.898+0000] {logging_mixin.py:190} INFO - [2024-10-04T23:54:21.897+0000] {dag.py:3229} INFO - Sync 1 DAGs
[2024-10-04T23:54:21.919+0000] {logging_mixin.py:190} INFO - [2024-10-04T23:54:21.918+0000] {dag.py:4156} INFO - Setting next_dagrun for example_complex to None, run_after=None
[2024-10-04T23:54:21.947+0000] {processor.py:208} INFO - Processing /home/airflow/.local/lib/python3.12/site-packages/airflow/example_dags/example_complex.py took 0.124 seconds
[2024-10-04T23:54:52.002+0000] {processor.py:186} INFO - Started process (PID=2200) to work on /home/airflow/.local/lib/python3.12/site-packages/airflow/example_dags/example_complex.py
[2024-10-04T23:54:52.004+0000] {processor.py:914} INFO - Processing file /home/airflow/.local/lib/python3.12/site-packages/airflow/example_dags/example_complex.py for tasks to queue
[2024-10-04T23:54:52.007+0000] {logging_mixin.py:190} INFO - [2024-10-04T23:54:52.006+0000] {dagbag.py:587} INFO - Filling up the DagBag from /home/airflow/.local/lib/python3.12/site-packages/airflow/example_dags/example_complex.py
[2024-10-04T23:54:52.031+0000] {processor.py:925} INFO - DAG(s) 'example_complex' retrieved from /home/airflow/.local/lib/python3.12/site-packages/airflow/example_dags/example_complex.py
[2024-10-04T23:54:52.095+0000] {logging_mixin.py:190} INFO - [2024-10-04T23:54:52.094+0000] {dag.py:3229} INFO - Sync 1 DAGs
[2024-10-04T23:54:52.121+0000] {logging_mixin.py:190} INFO - [2024-10-04T23:54:52.121+0000] {dag.py:4156} INFO - Setting next_dagrun for example_complex to None, run_after=None
[2024-10-04T23:54:52.155+0000] {processor.py:208} INFO - Processing /home/airflow/.local/lib/python3.12/site-packages/airflow/example_dags/example_complex.py took 0.162 seconds
[2024-10-04T23:55:23.029+0000] {processor.py:186} INFO - Started process (PID=2262) to work on /home/airflow/.local/lib/python3.12/site-packages/airflow/example_dags/example_complex.py
[2024-10-04T23:55:23.031+0000] {processor.py:914} INFO - Processing file /home/airflow/.local/lib/python3.12/site-packages/airflow/example_dags/example_complex.py for tasks to queue
[2024-10-04T23:55:23.044+0000] {logging_mixin.py:190} INFO - [2024-10-04T23:55:23.035+0000] {dagbag.py:587} INFO - Filling up the DagBag from /home/airflow/.local/lib/python3.12/site-packages/airflow/example_dags/example_complex.py
[2024-10-04T23:55:23.075+0000] {processor.py:925} INFO - DAG(s) 'example_complex' retrieved from /home/airflow/.local/lib/python3.12/site-packages/airflow/example_dags/example_complex.py
[2024-10-04T23:55:23.152+0000] {logging_mixin.py:190} INFO - [2024-10-04T23:55:23.152+0000] {dag.py:3229} INFO - Sync 1 DAGs
[2024-10-04T23:55:23.173+0000] {logging_mixin.py:190} INFO - [2024-10-04T23:55:23.172+0000] {dag.py:4156} INFO - Setting next_dagrun for example_complex to None, run_after=None
[2024-10-04T23:55:23.200+0000] {processor.py:208} INFO - Processing /home/airflow/.local/lib/python3.12/site-packages/airflow/example_dags/example_complex.py took 0.199 seconds
[2024-10-04T23:55:55.364+0000] {processor.py:186} INFO - Started process (PID=2324) to work on /home/airflow/.local/lib/python3.12/site-packages/airflow/example_dags/example_complex.py
[2024-10-04T23:55:55.365+0000] {processor.py:914} INFO - Processing file /home/airflow/.local/lib/python3.12/site-packages/airflow/example_dags/example_complex.py for tasks to queue
[2024-10-04T23:55:55.368+0000] {logging_mixin.py:190} INFO - [2024-10-04T23:55:55.368+0000] {dagbag.py:587} INFO - Filling up the DagBag from /home/airflow/.local/lib/python3.12/site-packages/airflow/example_dags/example_complex.py
[2024-10-04T23:55:55.384+0000] {processor.py:925} INFO - DAG(s) 'example_complex' retrieved from /home/airflow/.local/lib/python3.12/site-packages/airflow/example_dags/example_complex.py
[2024-10-04T23:55:55.436+0000] {logging_mixin.py:190} INFO - [2024-10-04T23:55:55.435+0000] {dag.py:3229} INFO - Sync 1 DAGs
[2024-10-04T23:55:55.455+0000] {logging_mixin.py:190} INFO - [2024-10-04T23:55:55.455+0000] {dag.py:4156} INFO - Setting next_dagrun for example_complex to None, run_after=None
[2024-10-04T23:55:55.488+0000] {processor.py:208} INFO - Processing /home/airflow/.local/lib/python3.12/site-packages/airflow/example_dags/example_complex.py took 0.133 seconds
[2024-10-04T23:56:25.573+0000] {processor.py:186} INFO - Started process (PID=2386) to work on /home/airflow/.local/lib/python3.12/site-packages/airflow/example_dags/example_complex.py
[2024-10-04T23:56:25.575+0000] {processor.py:914} INFO - Processing file /home/airflow/.local/lib/python3.12/site-packages/airflow/example_dags/example_complex.py for tasks to queue
[2024-10-04T23:56:25.578+0000] {logging_mixin.py:190} INFO - [2024-10-04T23:56:25.577+0000] {dagbag.py:587} INFO - Filling up the DagBag from /home/airflow/.local/lib/python3.12/site-packages/airflow/example_dags/example_complex.py
[2024-10-04T23:56:25.601+0000] {processor.py:925} INFO - DAG(s) 'example_complex' retrieved from /home/airflow/.local/lib/python3.12/site-packages/airflow/example_dags/example_complex.py
[2024-10-04T23:56:25.653+0000] {logging_mixin.py:190} INFO - [2024-10-04T23:56:25.653+0000] {dag.py:3229} INFO - Sync 1 DAGs
[2024-10-04T23:56:25.671+0000] {logging_mixin.py:190} INFO - [2024-10-04T23:56:25.671+0000] {dag.py:4156} INFO - Setting next_dagrun for example_complex to None, run_after=None
[2024-10-04T23:56:25.699+0000] {processor.py:208} INFO - Processing /home/airflow/.local/lib/python3.12/site-packages/airflow/example_dags/example_complex.py took 0.137 seconds
[2024-10-04T23:56:56.041+0000] {processor.py:186} INFO - Started process (PID=2448) to work on /home/airflow/.local/lib/python3.12/site-packages/airflow/example_dags/example_complex.py
[2024-10-04T23:56:56.042+0000] {processor.py:914} INFO - Processing file /home/airflow/.local/lib/python3.12/site-packages/airflow/example_dags/example_complex.py for tasks to queue
[2024-10-04T23:56:56.045+0000] {logging_mixin.py:190} INFO - [2024-10-04T23:56:56.045+0000] {dagbag.py:587} INFO - Filling up the DagBag from /home/airflow/.local/lib/python3.12/site-packages/airflow/example_dags/example_complex.py
[2024-10-04T23:56:56.061+0000] {processor.py:925} INFO - DAG(s) 'example_complex' retrieved from /home/airflow/.local/lib/python3.12/site-packages/airflow/example_dags/example_complex.py
[2024-10-04T23:56:56.106+0000] {logging_mixin.py:190} INFO - [2024-10-04T23:56:56.106+0000] {dag.py:3229} INFO - Sync 1 DAGs
[2024-10-04T23:56:56.130+0000] {logging_mixin.py:190} INFO - [2024-10-04T23:56:56.130+0000] {dag.py:4156} INFO - Setting next_dagrun for example_complex to None, run_after=None
[2024-10-04T23:56:56.168+0000] {processor.py:208} INFO - Processing /home/airflow/.local/lib/python3.12/site-packages/airflow/example_dags/example_complex.py took 0.135 seconds
[2024-10-04T23:57:26.769+0000] {processor.py:186} INFO - Started process (PID=2510) to work on /home/airflow/.local/lib/python3.12/site-packages/airflow/example_dags/example_complex.py
[2024-10-04T23:57:26.770+0000] {processor.py:914} INFO - Processing file /home/airflow/.local/lib/python3.12/site-packages/airflow/example_dags/example_complex.py for tasks to queue
[2024-10-04T23:57:26.775+0000] {logging_mixin.py:190} INFO - [2024-10-04T23:57:26.774+0000] {dagbag.py:587} INFO - Filling up the DagBag from /home/airflow/.local/lib/python3.12/site-packages/airflow/example_dags/example_complex.py
[2024-10-04T23:57:26.806+0000] {processor.py:925} INFO - DAG(s) 'example_complex' retrieved from /home/airflow/.local/lib/python3.12/site-packages/airflow/example_dags/example_complex.py
[2024-10-04T23:57:26.876+0000] {logging_mixin.py:190} INFO - [2024-10-04T23:57:26.875+0000] {dag.py:3229} INFO - Sync 1 DAGs
[2024-10-04T23:57:26.900+0000] {logging_mixin.py:190} INFO - [2024-10-04T23:57:26.900+0000] {dag.py:4156} INFO - Setting next_dagrun for example_complex to None, run_after=None
[2024-10-04T23:57:26.972+0000] {processor.py:208} INFO - Processing /home/airflow/.local/lib/python3.12/site-packages/airflow/example_dags/example_complex.py took 0.213 seconds
[2024-10-04T23:57:57.825+0000] {processor.py:186} INFO - Started process (PID=2572) to work on /home/airflow/.local/lib/python3.12/site-packages/airflow/example_dags/example_complex.py
[2024-10-04T23:57:57.826+0000] {processor.py:914} INFO - Processing file /home/airflow/.local/lib/python3.12/site-packages/airflow/example_dags/example_complex.py for tasks to queue
[2024-10-04T23:57:57.831+0000] {logging_mixin.py:190} INFO - [2024-10-04T23:57:57.830+0000] {dagbag.py:587} INFO - Filling up the DagBag from /home/airflow/.local/lib/python3.12/site-packages/airflow/example_dags/example_complex.py
[2024-10-04T23:57:57.855+0000] {processor.py:925} INFO - DAG(s) 'example_complex' retrieved from /home/airflow/.local/lib/python3.12/site-packages/airflow/example_dags/example_complex.py
[2024-10-04T23:57:57.899+0000] {logging_mixin.py:190} INFO - [2024-10-04T23:57:57.899+0000] {dag.py:3229} INFO - Sync 1 DAGs
[2024-10-04T23:57:57.926+0000] {logging_mixin.py:190} INFO - [2024-10-04T23:57:57.925+0000] {dag.py:4156} INFO - Setting next_dagrun for example_complex to None, run_after=None
[2024-10-04T23:57:57.974+0000] {processor.py:208} INFO - Processing /home/airflow/.local/lib/python3.12/site-packages/airflow/example_dags/example_complex.py took 0.160 seconds
[2024-10-04T23:58:28.135+0000] {processor.py:186} INFO - Started process (PID=2634) to work on /home/airflow/.local/lib/python3.12/site-packages/airflow/example_dags/example_complex.py
[2024-10-04T23:58:28.136+0000] {processor.py:914} INFO - Processing file /home/airflow/.local/lib/python3.12/site-packages/airflow/example_dags/example_complex.py for tasks to queue
[2024-10-04T23:58:28.140+0000] {logging_mixin.py:190} INFO - [2024-10-04T23:58:28.140+0000] {dagbag.py:587} INFO - Filling up the DagBag from /home/airflow/.local/lib/python3.12/site-packages/airflow/example_dags/example_complex.py
[2024-10-04T23:58:28.166+0000] {processor.py:925} INFO - DAG(s) 'example_complex' retrieved from /home/airflow/.local/lib/python3.12/site-packages/airflow/example_dags/example_complex.py
[2024-10-04T23:58:28.227+0000] {logging_mixin.py:190} INFO - [2024-10-04T23:58:28.227+0000] {dag.py:3229} INFO - Sync 1 DAGs
[2024-10-04T23:58:28.252+0000] {logging_mixin.py:190} INFO - [2024-10-04T23:58:28.251+0000] {dag.py:4156} INFO - Setting next_dagrun for example_complex to None, run_after=None
[2024-10-04T23:58:28.294+0000] {processor.py:208} INFO - Processing /home/airflow/.local/lib/python3.12/site-packages/airflow/example_dags/example_complex.py took 0.169 seconds
[2024-10-04T23:58:58.389+0000] {processor.py:186} INFO - Started process (PID=2695) to work on /home/airflow/.local/lib/python3.12/site-packages/airflow/example_dags/example_complex.py
[2024-10-04T23:58:58.390+0000] {processor.py:914} INFO - Processing file /home/airflow/.local/lib/python3.12/site-packages/airflow/example_dags/example_complex.py for tasks to queue
[2024-10-04T23:58:58.395+0000] {logging_mixin.py:190} INFO - [2024-10-04T23:58:58.394+0000] {dagbag.py:587} INFO - Filling up the DagBag from /home/airflow/.local/lib/python3.12/site-packages/airflow/example_dags/example_complex.py
[2024-10-04T23:58:58.413+0000] {processor.py:925} INFO - DAG(s) 'example_complex' retrieved from /home/airflow/.local/lib/python3.12/site-packages/airflow/example_dags/example_complex.py
[2024-10-04T23:58:58.451+0000] {logging_mixin.py:190} INFO - [2024-10-04T23:58:58.451+0000] {dag.py:3229} INFO - Sync 1 DAGs
[2024-10-04T23:58:58.470+0000] {logging_mixin.py:190} INFO - [2024-10-04T23:58:58.469+0000] {dag.py:4156} INFO - Setting next_dagrun for example_complex to None, run_after=None
[2024-10-04T23:58:58.497+0000] {processor.py:208} INFO - Processing /home/airflow/.local/lib/python3.12/site-packages/airflow/example_dags/example_complex.py took 0.118 seconds
[2024-10-04T23:59:28.937+0000] {processor.py:186} INFO - Started process (PID=2757) to work on /home/airflow/.local/lib/python3.12/site-packages/airflow/example_dags/example_complex.py
[2024-10-04T23:59:28.939+0000] {processor.py:914} INFO - Processing file /home/airflow/.local/lib/python3.12/site-packages/airflow/example_dags/example_complex.py for tasks to queue
[2024-10-04T23:59:28.942+0000] {logging_mixin.py:190} INFO - [2024-10-04T23:59:28.941+0000] {dagbag.py:587} INFO - Filling up the DagBag from /home/airflow/.local/lib/python3.12/site-packages/airflow/example_dags/example_complex.py
[2024-10-04T23:59:28.966+0000] {processor.py:925} INFO - DAG(s) 'example_complex' retrieved from /home/airflow/.local/lib/python3.12/site-packages/airflow/example_dags/example_complex.py
[2024-10-04T23:59:29.026+0000] {logging_mixin.py:190} INFO - [2024-10-04T23:59:29.025+0000] {dag.py:3229} INFO - Sync 1 DAGs
[2024-10-04T23:59:29.055+0000] {logging_mixin.py:190} INFO - [2024-10-04T23:59:29.055+0000] {dag.py:4156} INFO - Setting next_dagrun for example_complex to None, run_after=None
[2024-10-04T23:59:29.092+0000] {processor.py:208} INFO - Processing /home/airflow/.local/lib/python3.12/site-packages/airflow/example_dags/example_complex.py took 0.166 seconds
