[2024-10-04T19:16:40.512+0000] {processor.py:186} INFO - Started process (PID=75) to work on /home/airflow/.local/lib/python3.12/site-packages/airflow/example_dags/example_python_decorator.py
[2024-10-04T19:16:40.514+0000] {processor.py:914} INFO - Processing file /home/airflow/.local/lib/python3.12/site-packages/airflow/example_dags/example_python_decorator.py for tasks to queue
[2024-10-04T19:16:40.526+0000] {logging_mixin.py:190} INFO - [2024-10-04T19:16:40.525+0000] {dagbag.py:587} INFO - Filling up the DagBag from /home/airflow/.local/lib/python3.12/site-packages/airflow/example_dags/example_python_decorator.py
[2024-10-04T19:16:40.584+0000] {processor.py:925} INFO - DAG(s) 'example_python_decorator' retrieved from /home/airflow/.local/lib/python3.12/site-packages/airflow/example_dags/example_python_decorator.py
[2024-10-04T19:16:41.249+0000] {logging_mixin.py:190} INFO - [2024-10-04T19:16:41.248+0000] {override.py:1900} INFO - Created Permission View: can edit on DAG:example_python_decorator
[2024-10-04T19:16:41.321+0000] {logging_mixin.py:190} INFO - [2024-10-04T19:16:41.320+0000] {override.py:1900} INFO - Created Permission View: can read on DAG:example_python_decorator
[2024-10-04T19:16:41.371+0000] {logging_mixin.py:190} INFO - [2024-10-04T19:16:41.370+0000] {override.py:1900} INFO - Created Permission View: can delete on DAG:example_python_decorator
[2024-10-04T19:16:41.614+0000] {logging_mixin.py:190} INFO - [2024-10-04T19:16:41.614+0000] {override.py:1900} INFO - Created Permission View: can read on DAG Run:example_python_decorator
[2024-10-04T19:16:41.725+0000] {logging_mixin.py:190} INFO - [2024-10-04T19:16:41.725+0000] {override.py:1900} INFO - Created Permission View: can delete on DAG Run:example_python_decorator
[2024-10-04T19:16:41.809+0000] {logging_mixin.py:190} INFO - [2024-10-04T19:16:41.808+0000] {override.py:1900} INFO - Created Permission View: can create on DAG Run:example_python_decorator
[2024-10-04T19:16:41.855+0000] {logging_mixin.py:190} INFO - [2024-10-04T19:16:41.854+0000] {override.py:1900} INFO - Created Permission View: menu access on DAG Run:example_python_decorator
[2024-10-04T19:16:41.856+0000] {logging_mixin.py:190} INFO - [2024-10-04T19:16:41.856+0000] {dag.py:3229} INFO - Sync 1 DAGs
[2024-10-04T19:16:41.921+0000] {logging_mixin.py:190} INFO - [2024-10-04T19:16:41.916+0000] {dag.py:3252} INFO - Creating ORM DAG for example_python_decorator
[2024-10-04T19:16:41.926+0000] {logging_mixin.py:190} INFO - [2024-10-04T19:16:41.922+0000] {dag.py:4156} INFO - Setting next_dagrun for example_python_decorator to None, run_after=None
[2024-10-04T19:16:42.046+0000] {processor.py:208} INFO - Processing /home/airflow/.local/lib/python3.12/site-packages/airflow/example_dags/example_python_decorator.py took 1.553 seconds
[2024-10-04T19:17:41.010+0000] {processor.py:186} INFO - Started process (PID=70) to work on /home/airflow/.local/lib/python3.12/site-packages/airflow/example_dags/example_python_decorator.py
[2024-10-04T19:17:41.012+0000] {processor.py:914} INFO - Processing file /home/airflow/.local/lib/python3.12/site-packages/airflow/example_dags/example_python_decorator.py for tasks to queue
[2024-10-04T19:17:41.023+0000] {logging_mixin.py:190} INFO - [2024-10-04T19:17:41.022+0000] {dagbag.py:587} INFO - Filling up the DagBag from /home/airflow/.local/lib/python3.12/site-packages/airflow/example_dags/example_python_decorator.py
[2024-10-04T19:17:41.074+0000] {processor.py:925} INFO - DAG(s) 'example_python_decorator' retrieved from /home/airflow/.local/lib/python3.12/site-packages/airflow/example_dags/example_python_decorator.py
[2024-10-04T19:17:41.475+0000] {logging_mixin.py:190} INFO - [2024-10-04T19:17:41.474+0000] {dag.py:3229} INFO - Sync 1 DAGs
[2024-10-04T19:17:41.508+0000] {logging_mixin.py:190} INFO - [2024-10-04T19:17:41.508+0000] {dag.py:4156} INFO - Setting next_dagrun for example_python_decorator to None, run_after=None
[2024-10-04T19:17:41.575+0000] {processor.py:208} INFO - Processing /home/airflow/.local/lib/python3.12/site-packages/airflow/example_dags/example_python_decorator.py took 0.581 seconds
[2024-10-04T19:18:12.089+0000] {processor.py:186} INFO - Started process (PID=131) to work on /home/airflow/.local/lib/python3.12/site-packages/airflow/example_dags/example_python_decorator.py
[2024-10-04T19:18:12.090+0000] {processor.py:914} INFO - Processing file /home/airflow/.local/lib/python3.12/site-packages/airflow/example_dags/example_python_decorator.py for tasks to queue
[2024-10-04T19:18:12.093+0000] {logging_mixin.py:190} INFO - [2024-10-04T19:18:12.093+0000] {dagbag.py:587} INFO - Filling up the DagBag from /home/airflow/.local/lib/python3.12/site-packages/airflow/example_dags/example_python_decorator.py
[2024-10-04T19:18:12.127+0000] {processor.py:925} INFO - DAG(s) 'example_python_decorator' retrieved from /home/airflow/.local/lib/python3.12/site-packages/airflow/example_dags/example_python_decorator.py
[2024-10-04T19:18:12.178+0000] {logging_mixin.py:190} INFO - [2024-10-04T19:18:12.178+0000] {dag.py:3229} INFO - Sync 1 DAGs
[2024-10-04T19:18:12.219+0000] {logging_mixin.py:190} INFO - [2024-10-04T19:18:12.219+0000] {dag.py:4156} INFO - Setting next_dagrun for example_python_decorator to None, run_after=None
[2024-10-04T19:18:12.270+0000] {processor.py:208} INFO - Processing /home/airflow/.local/lib/python3.12/site-packages/airflow/example_dags/example_python_decorator.py took 0.191 seconds
[2024-10-04T19:18:42.726+0000] {processor.py:186} INFO - Started process (PID=193) to work on /home/airflow/.local/lib/python3.12/site-packages/airflow/example_dags/example_python_decorator.py
[2024-10-04T19:18:42.730+0000] {processor.py:914} INFO - Processing file /home/airflow/.local/lib/python3.12/site-packages/airflow/example_dags/example_python_decorator.py for tasks to queue
[2024-10-04T19:18:42.742+0000] {logging_mixin.py:190} INFO - [2024-10-04T19:18:42.741+0000] {dagbag.py:587} INFO - Filling up the DagBag from /home/airflow/.local/lib/python3.12/site-packages/airflow/example_dags/example_python_decorator.py
[2024-10-04T19:18:42.823+0000] {processor.py:925} INFO - DAG(s) 'example_python_decorator' retrieved from /home/airflow/.local/lib/python3.12/site-packages/airflow/example_dags/example_python_decorator.py
[2024-10-04T19:18:42.924+0000] {logging_mixin.py:190} INFO - [2024-10-04T19:18:42.924+0000] {dag.py:3229} INFO - Sync 1 DAGs
[2024-10-04T19:18:42.981+0000] {logging_mixin.py:190} INFO - [2024-10-04T19:18:42.981+0000] {dag.py:4156} INFO - Setting next_dagrun for example_python_decorator to None, run_after=None
[2024-10-04T19:18:43.057+0000] {processor.py:208} INFO - Processing /home/airflow/.local/lib/python3.12/site-packages/airflow/example_dags/example_python_decorator.py took 0.342 seconds
[2024-10-04T23:37:16.406+0000] {processor.py:186} INFO - Started process (PID=66) to work on /home/airflow/.local/lib/python3.12/site-packages/airflow/example_dags/example_python_decorator.py
[2024-10-04T23:37:16.407+0000] {processor.py:914} INFO - Processing file /home/airflow/.local/lib/python3.12/site-packages/airflow/example_dags/example_python_decorator.py for tasks to queue
[2024-10-04T23:37:16.412+0000] {logging_mixin.py:190} INFO - [2024-10-04T23:37:16.411+0000] {dagbag.py:587} INFO - Filling up the DagBag from /home/airflow/.local/lib/python3.12/site-packages/airflow/example_dags/example_python_decorator.py
[2024-10-04T23:37:16.444+0000] {processor.py:925} INFO - DAG(s) 'example_python_decorator' retrieved from /home/airflow/.local/lib/python3.12/site-packages/airflow/example_dags/example_python_decorator.py
[2024-10-04T23:37:16.679+0000] {logging_mixin.py:190} INFO - [2024-10-04T23:37:16.678+0000] {dag.py:3229} INFO - Sync 1 DAGs
[2024-10-04T23:37:16.702+0000] {logging_mixin.py:190} INFO - [2024-10-04T23:37:16.701+0000] {dag.py:4156} INFO - Setting next_dagrun for example_python_decorator to None, run_after=None
[2024-10-04T23:37:16.743+0000] {processor.py:208} INFO - Processing /home/airflow/.local/lib/python3.12/site-packages/airflow/example_dags/example_python_decorator.py took 0.349 seconds
[2024-10-04T23:37:46.968+0000] {processor.py:186} INFO - Started process (PID=128) to work on /home/airflow/.local/lib/python3.12/site-packages/airflow/example_dags/example_python_decorator.py
[2024-10-04T23:37:46.969+0000] {processor.py:914} INFO - Processing file /home/airflow/.local/lib/python3.12/site-packages/airflow/example_dags/example_python_decorator.py for tasks to queue
[2024-10-04T23:37:46.974+0000] {logging_mixin.py:190} INFO - [2024-10-04T23:37:46.973+0000] {dagbag.py:587} INFO - Filling up the DagBag from /home/airflow/.local/lib/python3.12/site-packages/airflow/example_dags/example_python_decorator.py
[2024-10-04T23:37:47.023+0000] {processor.py:925} INFO - DAG(s) 'example_python_decorator' retrieved from /home/airflow/.local/lib/python3.12/site-packages/airflow/example_dags/example_python_decorator.py
[2024-10-04T23:37:47.079+0000] {logging_mixin.py:190} INFO - [2024-10-04T23:37:47.079+0000] {dag.py:3229} INFO - Sync 1 DAGs
[2024-10-04T23:37:47.114+0000] {logging_mixin.py:190} INFO - [2024-10-04T23:37:47.114+0000] {dag.py:4156} INFO - Setting next_dagrun for example_python_decorator to None, run_after=None
[2024-10-04T23:37:47.148+0000] {processor.py:208} INFO - Processing /home/airflow/.local/lib/python3.12/site-packages/airflow/example_dags/example_python_decorator.py took 0.192 seconds
[2024-10-04T23:38:17.615+0000] {processor.py:186} INFO - Started process (PID=190) to work on /home/airflow/.local/lib/python3.12/site-packages/airflow/example_dags/example_python_decorator.py
[2024-10-04T23:38:17.616+0000] {processor.py:914} INFO - Processing file /home/airflow/.local/lib/python3.12/site-packages/airflow/example_dags/example_python_decorator.py for tasks to queue
[2024-10-04T23:38:17.619+0000] {logging_mixin.py:190} INFO - [2024-10-04T23:38:17.618+0000] {dagbag.py:587} INFO - Filling up the DagBag from /home/airflow/.local/lib/python3.12/site-packages/airflow/example_dags/example_python_decorator.py
[2024-10-04T23:38:17.638+0000] {processor.py:925} INFO - DAG(s) 'example_python_decorator' retrieved from /home/airflow/.local/lib/python3.12/site-packages/airflow/example_dags/example_python_decorator.py
[2024-10-04T23:38:17.669+0000] {logging_mixin.py:190} INFO - [2024-10-04T23:38:17.668+0000] {dag.py:3229} INFO - Sync 1 DAGs
[2024-10-04T23:38:17.688+0000] {logging_mixin.py:190} INFO - [2024-10-04T23:38:17.688+0000] {dag.py:4156} INFO - Setting next_dagrun for example_python_decorator to None, run_after=None
[2024-10-04T23:38:17.746+0000] {processor.py:208} INFO - Processing /home/airflow/.local/lib/python3.12/site-packages/airflow/example_dags/example_python_decorator.py took 0.140 seconds
[2024-10-04T23:38:48.249+0000] {processor.py:186} INFO - Started process (PID=252) to work on /home/airflow/.local/lib/python3.12/site-packages/airflow/example_dags/example_python_decorator.py
[2024-10-04T23:38:48.250+0000] {processor.py:914} INFO - Processing file /home/airflow/.local/lib/python3.12/site-packages/airflow/example_dags/example_python_decorator.py for tasks to queue
[2024-10-04T23:38:48.253+0000] {logging_mixin.py:190} INFO - [2024-10-04T23:38:48.252+0000] {dagbag.py:587} INFO - Filling up the DagBag from /home/airflow/.local/lib/python3.12/site-packages/airflow/example_dags/example_python_decorator.py
[2024-10-04T23:38:48.272+0000] {processor.py:925} INFO - DAG(s) 'example_python_decorator' retrieved from /home/airflow/.local/lib/python3.12/site-packages/airflow/example_dags/example_python_decorator.py
[2024-10-04T23:38:48.301+0000] {logging_mixin.py:190} INFO - [2024-10-04T23:38:48.300+0000] {dag.py:3229} INFO - Sync 1 DAGs
[2024-10-04T23:38:48.321+0000] {logging_mixin.py:190} INFO - [2024-10-04T23:38:48.321+0000] {dag.py:4156} INFO - Setting next_dagrun for example_python_decorator to None, run_after=None
[2024-10-04T23:38:48.363+0000] {processor.py:208} INFO - Processing /home/airflow/.local/lib/python3.12/site-packages/airflow/example_dags/example_python_decorator.py took 0.122 seconds
[2024-10-04T23:39:19.420+0000] {processor.py:186} INFO - Started process (PID=314) to work on /home/airflow/.local/lib/python3.12/site-packages/airflow/example_dags/example_python_decorator.py
[2024-10-04T23:39:19.421+0000] {processor.py:914} INFO - Processing file /home/airflow/.local/lib/python3.12/site-packages/airflow/example_dags/example_python_decorator.py for tasks to queue
[2024-10-04T23:39:19.425+0000] {logging_mixin.py:190} INFO - [2024-10-04T23:39:19.425+0000] {dagbag.py:587} INFO - Filling up the DagBag from /home/airflow/.local/lib/python3.12/site-packages/airflow/example_dags/example_python_decorator.py
[2024-10-04T23:39:19.446+0000] {processor.py:925} INFO - DAG(s) 'example_python_decorator' retrieved from /home/airflow/.local/lib/python3.12/site-packages/airflow/example_dags/example_python_decorator.py
[2024-10-04T23:39:19.473+0000] {logging_mixin.py:190} INFO - [2024-10-04T23:39:19.472+0000] {dag.py:3229} INFO - Sync 1 DAGs
[2024-10-04T23:39:19.491+0000] {logging_mixin.py:190} INFO - [2024-10-04T23:39:19.491+0000] {dag.py:4156} INFO - Setting next_dagrun for example_python_decorator to None, run_after=None
[2024-10-04T23:39:19.524+0000] {processor.py:208} INFO - Processing /home/airflow/.local/lib/python3.12/site-packages/airflow/example_dags/example_python_decorator.py took 0.114 seconds
[2024-10-04T23:39:50.569+0000] {processor.py:186} INFO - Started process (PID=376) to work on /home/airflow/.local/lib/python3.12/site-packages/airflow/example_dags/example_python_decorator.py
[2024-10-04T23:39:50.571+0000] {processor.py:914} INFO - Processing file /home/airflow/.local/lib/python3.12/site-packages/airflow/example_dags/example_python_decorator.py for tasks to queue
[2024-10-04T23:39:50.577+0000] {logging_mixin.py:190} INFO - [2024-10-04T23:39:50.576+0000] {dagbag.py:587} INFO - Filling up the DagBag from /home/airflow/.local/lib/python3.12/site-packages/airflow/example_dags/example_python_decorator.py
[2024-10-04T23:39:50.613+0000] {processor.py:925} INFO - DAG(s) 'example_python_decorator' retrieved from /home/airflow/.local/lib/python3.12/site-packages/airflow/example_dags/example_python_decorator.py
[2024-10-04T23:39:50.665+0000] {logging_mixin.py:190} INFO - [2024-10-04T23:39:50.665+0000] {dag.py:3229} INFO - Sync 1 DAGs
[2024-10-04T23:39:50.687+0000] {logging_mixin.py:190} INFO - [2024-10-04T23:39:50.687+0000] {dag.py:4156} INFO - Setting next_dagrun for example_python_decorator to None, run_after=None
[2024-10-04T23:39:50.718+0000] {processor.py:208} INFO - Processing /home/airflow/.local/lib/python3.12/site-packages/airflow/example_dags/example_python_decorator.py took 0.159 seconds
[2024-10-04T23:40:21.377+0000] {processor.py:186} INFO - Started process (PID=438) to work on /home/airflow/.local/lib/python3.12/site-packages/airflow/example_dags/example_python_decorator.py
[2024-10-04T23:40:21.378+0000] {processor.py:914} INFO - Processing file /home/airflow/.local/lib/python3.12/site-packages/airflow/example_dags/example_python_decorator.py for tasks to queue
[2024-10-04T23:40:21.382+0000] {logging_mixin.py:190} INFO - [2024-10-04T23:40:21.382+0000] {dagbag.py:587} INFO - Filling up the DagBag from /home/airflow/.local/lib/python3.12/site-packages/airflow/example_dags/example_python_decorator.py
[2024-10-04T23:40:21.405+0000] {processor.py:925} INFO - DAG(s) 'example_python_decorator' retrieved from /home/airflow/.local/lib/python3.12/site-packages/airflow/example_dags/example_python_decorator.py
[2024-10-04T23:40:21.434+0000] {logging_mixin.py:190} INFO - [2024-10-04T23:40:21.433+0000] {dag.py:3229} INFO - Sync 1 DAGs
[2024-10-04T23:40:21.454+0000] {logging_mixin.py:190} INFO - [2024-10-04T23:40:21.454+0000] {dag.py:4156} INFO - Setting next_dagrun for example_python_decorator to None, run_after=None
[2024-10-04T23:40:21.483+0000] {processor.py:208} INFO - Processing /home/airflow/.local/lib/python3.12/site-packages/airflow/example_dags/example_python_decorator.py took 0.114 seconds
[2024-10-04T23:40:51.726+0000] {processor.py:186} INFO - Started process (PID=500) to work on /home/airflow/.local/lib/python3.12/site-packages/airflow/example_dags/example_python_decorator.py
[2024-10-04T23:40:51.737+0000] {processor.py:914} INFO - Processing file /home/airflow/.local/lib/python3.12/site-packages/airflow/example_dags/example_python_decorator.py for tasks to queue
[2024-10-04T23:40:51.742+0000] {logging_mixin.py:190} INFO - [2024-10-04T23:40:51.741+0000] {dagbag.py:587} INFO - Filling up the DagBag from /home/airflow/.local/lib/python3.12/site-packages/airflow/example_dags/example_python_decorator.py
[2024-10-04T23:40:51.782+0000] {processor.py:925} INFO - DAG(s) 'example_python_decorator' retrieved from /home/airflow/.local/lib/python3.12/site-packages/airflow/example_dags/example_python_decorator.py
[2024-10-04T23:40:51.810+0000] {logging_mixin.py:190} INFO - [2024-10-04T23:40:51.810+0000] {dag.py:3229} INFO - Sync 1 DAGs
[2024-10-04T23:40:51.830+0000] {logging_mixin.py:190} INFO - [2024-10-04T23:40:51.829+0000] {dag.py:4156} INFO - Setting next_dagrun for example_python_decorator to None, run_after=None
[2024-10-04T23:40:51.865+0000] {processor.py:208} INFO - Processing /home/airflow/.local/lib/python3.12/site-packages/airflow/example_dags/example_python_decorator.py took 0.155 seconds
[2024-10-04T23:41:22.407+0000] {processor.py:186} INFO - Started process (PID=563) to work on /home/airflow/.local/lib/python3.12/site-packages/airflow/example_dags/example_python_decorator.py
[2024-10-04T23:41:22.408+0000] {processor.py:914} INFO - Processing file /home/airflow/.local/lib/python3.12/site-packages/airflow/example_dags/example_python_decorator.py for tasks to queue
[2024-10-04T23:41:22.411+0000] {logging_mixin.py:190} INFO - [2024-10-04T23:41:22.411+0000] {dagbag.py:587} INFO - Filling up the DagBag from /home/airflow/.local/lib/python3.12/site-packages/airflow/example_dags/example_python_decorator.py
[2024-10-04T23:41:22.428+0000] {processor.py:925} INFO - DAG(s) 'example_python_decorator' retrieved from /home/airflow/.local/lib/python3.12/site-packages/airflow/example_dags/example_python_decorator.py
[2024-10-04T23:41:22.453+0000] {logging_mixin.py:190} INFO - [2024-10-04T23:41:22.453+0000] {dag.py:3229} INFO - Sync 1 DAGs
[2024-10-04T23:41:22.473+0000] {logging_mixin.py:190} INFO - [2024-10-04T23:41:22.473+0000] {dag.py:4156} INFO - Setting next_dagrun for example_python_decorator to None, run_after=None
[2024-10-04T23:41:22.502+0000] {processor.py:208} INFO - Processing /home/airflow/.local/lib/python3.12/site-packages/airflow/example_dags/example_python_decorator.py took 0.103 seconds
[2024-10-04T23:41:52.814+0000] {processor.py:186} INFO - Started process (PID=624) to work on /home/airflow/.local/lib/python3.12/site-packages/airflow/example_dags/example_python_decorator.py
[2024-10-04T23:41:52.816+0000] {processor.py:914} INFO - Processing file /home/airflow/.local/lib/python3.12/site-packages/airflow/example_dags/example_python_decorator.py for tasks to queue
[2024-10-04T23:41:52.820+0000] {logging_mixin.py:190} INFO - [2024-10-04T23:41:52.820+0000] {dagbag.py:587} INFO - Filling up the DagBag from /home/airflow/.local/lib/python3.12/site-packages/airflow/example_dags/example_python_decorator.py
[2024-10-04T23:41:52.842+0000] {processor.py:925} INFO - DAG(s) 'example_python_decorator' retrieved from /home/airflow/.local/lib/python3.12/site-packages/airflow/example_dags/example_python_decorator.py
[2024-10-04T23:41:52.870+0000] {logging_mixin.py:190} INFO - [2024-10-04T23:41:52.869+0000] {dag.py:3229} INFO - Sync 1 DAGs
[2024-10-04T23:41:52.892+0000] {logging_mixin.py:190} INFO - [2024-10-04T23:41:52.892+0000] {dag.py:4156} INFO - Setting next_dagrun for example_python_decorator to None, run_after=None
[2024-10-04T23:41:52.931+0000] {processor.py:208} INFO - Processing /home/airflow/.local/lib/python3.12/site-packages/airflow/example_dags/example_python_decorator.py took 0.126 seconds
[2024-10-04T23:42:23.273+0000] {processor.py:186} INFO - Started process (PID=686) to work on /home/airflow/.local/lib/python3.12/site-packages/airflow/example_dags/example_python_decorator.py
[2024-10-04T23:42:23.274+0000] {processor.py:914} INFO - Processing file /home/airflow/.local/lib/python3.12/site-packages/airflow/example_dags/example_python_decorator.py for tasks to queue
[2024-10-04T23:42:23.277+0000] {logging_mixin.py:190} INFO - [2024-10-04T23:42:23.276+0000] {dagbag.py:587} INFO - Filling up the DagBag from /home/airflow/.local/lib/python3.12/site-packages/airflow/example_dags/example_python_decorator.py
[2024-10-04T23:42:23.294+0000] {processor.py:925} INFO - DAG(s) 'example_python_decorator' retrieved from /home/airflow/.local/lib/python3.12/site-packages/airflow/example_dags/example_python_decorator.py
[2024-10-04T23:42:23.320+0000] {logging_mixin.py:190} INFO - [2024-10-04T23:42:23.319+0000] {dag.py:3229} INFO - Sync 1 DAGs
[2024-10-04T23:42:23.339+0000] {logging_mixin.py:190} INFO - [2024-10-04T23:42:23.339+0000] {dag.py:4156} INFO - Setting next_dagrun for example_python_decorator to None, run_after=None
[2024-10-04T23:42:23.369+0000] {processor.py:208} INFO - Processing /home/airflow/.local/lib/python3.12/site-packages/airflow/example_dags/example_python_decorator.py took 0.103 seconds
[2024-10-04T23:42:53.883+0000] {processor.py:186} INFO - Started process (PID=749) to work on /home/airflow/.local/lib/python3.12/site-packages/airflow/example_dags/example_python_decorator.py
[2024-10-04T23:42:53.885+0000] {processor.py:914} INFO - Processing file /home/airflow/.local/lib/python3.12/site-packages/airflow/example_dags/example_python_decorator.py for tasks to queue
[2024-10-04T23:42:53.888+0000] {logging_mixin.py:190} INFO - [2024-10-04T23:42:53.888+0000] {dagbag.py:587} INFO - Filling up the DagBag from /home/airflow/.local/lib/python3.12/site-packages/airflow/example_dags/example_python_decorator.py
[2024-10-04T23:42:53.910+0000] {processor.py:925} INFO - DAG(s) 'example_python_decorator' retrieved from /home/airflow/.local/lib/python3.12/site-packages/airflow/example_dags/example_python_decorator.py
[2024-10-04T23:42:53.938+0000] {logging_mixin.py:190} INFO - [2024-10-04T23:42:53.938+0000] {dag.py:3229} INFO - Sync 1 DAGs
[2024-10-04T23:42:53.958+0000] {logging_mixin.py:190} INFO - [2024-10-04T23:42:53.957+0000] {dag.py:4156} INFO - Setting next_dagrun for example_python_decorator to None, run_after=None
[2024-10-04T23:42:53.989+0000] {processor.py:208} INFO - Processing /home/airflow/.local/lib/python3.12/site-packages/airflow/example_dags/example_python_decorator.py took 0.116 seconds
[2024-10-04T23:43:25.133+0000] {processor.py:186} INFO - Started process (PID=811) to work on /home/airflow/.local/lib/python3.12/site-packages/airflow/example_dags/example_python_decorator.py
[2024-10-04T23:43:25.135+0000] {processor.py:914} INFO - Processing file /home/airflow/.local/lib/python3.12/site-packages/airflow/example_dags/example_python_decorator.py for tasks to queue
[2024-10-04T23:43:25.139+0000] {logging_mixin.py:190} INFO - [2024-10-04T23:43:25.139+0000] {dagbag.py:587} INFO - Filling up the DagBag from /home/airflow/.local/lib/python3.12/site-packages/airflow/example_dags/example_python_decorator.py
[2024-10-04T23:43:25.160+0000] {processor.py:925} INFO - DAG(s) 'example_python_decorator' retrieved from /home/airflow/.local/lib/python3.12/site-packages/airflow/example_dags/example_python_decorator.py
[2024-10-04T23:43:25.190+0000] {logging_mixin.py:190} INFO - [2024-10-04T23:43:25.189+0000] {dag.py:3229} INFO - Sync 1 DAGs
[2024-10-04T23:43:25.214+0000] {logging_mixin.py:190} INFO - [2024-10-04T23:43:25.214+0000] {dag.py:4156} INFO - Setting next_dagrun for example_python_decorator to None, run_after=None
[2024-10-04T23:43:25.255+0000] {processor.py:208} INFO - Processing /home/airflow/.local/lib/python3.12/site-packages/airflow/example_dags/example_python_decorator.py took 0.136 seconds
[2024-10-04T23:43:56.203+0000] {processor.py:186} INFO - Started process (PID=872) to work on /home/airflow/.local/lib/python3.12/site-packages/airflow/example_dags/example_python_decorator.py
[2024-10-04T23:43:56.205+0000] {processor.py:914} INFO - Processing file /home/airflow/.local/lib/python3.12/site-packages/airflow/example_dags/example_python_decorator.py for tasks to queue
[2024-10-04T23:43:56.210+0000] {logging_mixin.py:190} INFO - [2024-10-04T23:43:56.209+0000] {dagbag.py:587} INFO - Filling up the DagBag from /home/airflow/.local/lib/python3.12/site-packages/airflow/example_dags/example_python_decorator.py
[2024-10-04T23:43:56.237+0000] {processor.py:925} INFO - DAG(s) 'example_python_decorator' retrieved from /home/airflow/.local/lib/python3.12/site-packages/airflow/example_dags/example_python_decorator.py
[2024-10-04T23:43:56.264+0000] {logging_mixin.py:190} INFO - [2024-10-04T23:43:56.263+0000] {dag.py:3229} INFO - Sync 1 DAGs
[2024-10-04T23:43:56.282+0000] {logging_mixin.py:190} INFO - [2024-10-04T23:43:56.281+0000] {dag.py:4156} INFO - Setting next_dagrun for example_python_decorator to None, run_after=None
[2024-10-04T23:43:56.312+0000] {processor.py:208} INFO - Processing /home/airflow/.local/lib/python3.12/site-packages/airflow/example_dags/example_python_decorator.py took 0.121 seconds
[2024-10-04T23:44:26.657+0000] {processor.py:186} INFO - Started process (PID=934) to work on /home/airflow/.local/lib/python3.12/site-packages/airflow/example_dags/example_python_decorator.py
[2024-10-04T23:44:26.659+0000] {processor.py:914} INFO - Processing file /home/airflow/.local/lib/python3.12/site-packages/airflow/example_dags/example_python_decorator.py for tasks to queue
[2024-10-04T23:44:26.663+0000] {logging_mixin.py:190} INFO - [2024-10-04T23:44:26.662+0000] {dagbag.py:587} INFO - Filling up the DagBag from /home/airflow/.local/lib/python3.12/site-packages/airflow/example_dags/example_python_decorator.py
[2024-10-04T23:44:26.680+0000] {processor.py:925} INFO - DAG(s) 'example_python_decorator' retrieved from /home/airflow/.local/lib/python3.12/site-packages/airflow/example_dags/example_python_decorator.py
[2024-10-04T23:44:26.706+0000] {logging_mixin.py:190} INFO - [2024-10-04T23:44:26.706+0000] {dag.py:3229} INFO - Sync 1 DAGs
[2024-10-04T23:44:26.727+0000] {logging_mixin.py:190} INFO - [2024-10-04T23:44:26.727+0000] {dag.py:4156} INFO - Setting next_dagrun for example_python_decorator to None, run_after=None
[2024-10-04T23:44:26.756+0000] {processor.py:208} INFO - Processing /home/airflow/.local/lib/python3.12/site-packages/airflow/example_dags/example_python_decorator.py took 0.109 seconds
[2024-10-04T23:44:57.740+0000] {processor.py:186} INFO - Started process (PID=996) to work on /home/airflow/.local/lib/python3.12/site-packages/airflow/example_dags/example_python_decorator.py
[2024-10-04T23:44:57.742+0000] {processor.py:914} INFO - Processing file /home/airflow/.local/lib/python3.12/site-packages/airflow/example_dags/example_python_decorator.py for tasks to queue
[2024-10-04T23:44:57.746+0000] {logging_mixin.py:190} INFO - [2024-10-04T23:44:57.746+0000] {dagbag.py:587} INFO - Filling up the DagBag from /home/airflow/.local/lib/python3.12/site-packages/airflow/example_dags/example_python_decorator.py
[2024-10-04T23:44:57.765+0000] {processor.py:925} INFO - DAG(s) 'example_python_decorator' retrieved from /home/airflow/.local/lib/python3.12/site-packages/airflow/example_dags/example_python_decorator.py
[2024-10-04T23:44:57.791+0000] {logging_mixin.py:190} INFO - [2024-10-04T23:44:57.790+0000] {dag.py:3229} INFO - Sync 1 DAGs
[2024-10-04T23:44:57.809+0000] {logging_mixin.py:190} INFO - [2024-10-04T23:44:57.809+0000] {dag.py:4156} INFO - Setting next_dagrun for example_python_decorator to None, run_after=None
[2024-10-04T23:44:57.838+0000] {processor.py:208} INFO - Processing /home/airflow/.local/lib/python3.12/site-packages/airflow/example_dags/example_python_decorator.py took 0.108 seconds
[2024-10-04T23:45:28.263+0000] {processor.py:186} INFO - Started process (PID=1058) to work on /home/airflow/.local/lib/python3.12/site-packages/airflow/example_dags/example_python_decorator.py
[2024-10-04T23:45:28.264+0000] {processor.py:914} INFO - Processing file /home/airflow/.local/lib/python3.12/site-packages/airflow/example_dags/example_python_decorator.py for tasks to queue
[2024-10-04T23:45:28.267+0000] {logging_mixin.py:190} INFO - [2024-10-04T23:45:28.267+0000] {dagbag.py:587} INFO - Filling up the DagBag from /home/airflow/.local/lib/python3.12/site-packages/airflow/example_dags/example_python_decorator.py
[2024-10-04T23:45:28.289+0000] {processor.py:925} INFO - DAG(s) 'example_python_decorator' retrieved from /home/airflow/.local/lib/python3.12/site-packages/airflow/example_dags/example_python_decorator.py
[2024-10-04T23:45:28.318+0000] {logging_mixin.py:190} INFO - [2024-10-04T23:45:28.317+0000] {dag.py:3229} INFO - Sync 1 DAGs
[2024-10-04T23:45:28.340+0000] {logging_mixin.py:190} INFO - [2024-10-04T23:45:28.339+0000] {dag.py:4156} INFO - Setting next_dagrun for example_python_decorator to None, run_after=None
[2024-10-04T23:45:28.392+0000] {processor.py:208} INFO - Processing /home/airflow/.local/lib/python3.12/site-packages/airflow/example_dags/example_python_decorator.py took 0.137 seconds
[2024-10-04T23:46:00.155+0000] {processor.py:186} INFO - Started process (PID=1120) to work on /home/airflow/.local/lib/python3.12/site-packages/airflow/example_dags/example_python_decorator.py
[2024-10-04T23:46:00.182+0000] {processor.py:914} INFO - Processing file /home/airflow/.local/lib/python3.12/site-packages/airflow/example_dags/example_python_decorator.py for tasks to queue
[2024-10-04T23:46:00.200+0000] {logging_mixin.py:190} INFO - [2024-10-04T23:46:00.199+0000] {dagbag.py:587} INFO - Filling up the DagBag from /home/airflow/.local/lib/python3.12/site-packages/airflow/example_dags/example_python_decorator.py
[2024-10-04T23:46:00.282+0000] {processor.py:925} INFO - DAG(s) 'example_python_decorator' retrieved from /home/airflow/.local/lib/python3.12/site-packages/airflow/example_dags/example_python_decorator.py
[2024-10-04T23:46:00.423+0000] {logging_mixin.py:190} INFO - [2024-10-04T23:46:00.423+0000] {dag.py:3229} INFO - Sync 1 DAGs
[2024-10-04T23:46:00.538+0000] {logging_mixin.py:190} INFO - [2024-10-04T23:46:00.537+0000] {dag.py:4156} INFO - Setting next_dagrun for example_python_decorator to None, run_after=None
[2024-10-04T23:46:00.706+0000] {processor.py:208} INFO - Processing /home/airflow/.local/lib/python3.12/site-packages/airflow/example_dags/example_python_decorator.py took 0.584 seconds
[2024-10-04T23:46:31.570+0000] {processor.py:186} INFO - Started process (PID=1182) to work on /home/airflow/.local/lib/python3.12/site-packages/airflow/example_dags/example_python_decorator.py
[2024-10-04T23:46:31.571+0000] {processor.py:914} INFO - Processing file /home/airflow/.local/lib/python3.12/site-packages/airflow/example_dags/example_python_decorator.py for tasks to queue
[2024-10-04T23:46:31.574+0000] {logging_mixin.py:190} INFO - [2024-10-04T23:46:31.574+0000] {dagbag.py:587} INFO - Filling up the DagBag from /home/airflow/.local/lib/python3.12/site-packages/airflow/example_dags/example_python_decorator.py
[2024-10-04T23:46:31.599+0000] {processor.py:925} INFO - DAG(s) 'example_python_decorator' retrieved from /home/airflow/.local/lib/python3.12/site-packages/airflow/example_dags/example_python_decorator.py
[2024-10-04T23:46:31.633+0000] {logging_mixin.py:190} INFO - [2024-10-04T23:46:31.632+0000] {dag.py:3229} INFO - Sync 1 DAGs
[2024-10-04T23:46:31.657+0000] {logging_mixin.py:190} INFO - [2024-10-04T23:46:31.657+0000] {dag.py:4156} INFO - Setting next_dagrun for example_python_decorator to None, run_after=None
[2024-10-04T23:46:31.698+0000] {processor.py:208} INFO - Processing /home/airflow/.local/lib/python3.12/site-packages/airflow/example_dags/example_python_decorator.py took 0.136 seconds
[2024-10-04T23:47:02.598+0000] {processor.py:186} INFO - Started process (PID=1243) to work on /home/airflow/.local/lib/python3.12/site-packages/airflow/example_dags/example_python_decorator.py
[2024-10-04T23:47:02.600+0000] {processor.py:914} INFO - Processing file /home/airflow/.local/lib/python3.12/site-packages/airflow/example_dags/example_python_decorator.py for tasks to queue
[2024-10-04T23:47:02.604+0000] {logging_mixin.py:190} INFO - [2024-10-04T23:47:02.603+0000] {dagbag.py:587} INFO - Filling up the DagBag from /home/airflow/.local/lib/python3.12/site-packages/airflow/example_dags/example_python_decorator.py
[2024-10-04T23:47:02.623+0000] {processor.py:925} INFO - DAG(s) 'example_python_decorator' retrieved from /home/airflow/.local/lib/python3.12/site-packages/airflow/example_dags/example_python_decorator.py
[2024-10-04T23:47:02.651+0000] {logging_mixin.py:190} INFO - [2024-10-04T23:47:02.651+0000] {dag.py:3229} INFO - Sync 1 DAGs
[2024-10-04T23:47:02.676+0000] {logging_mixin.py:190} INFO - [2024-10-04T23:47:02.676+0000] {dag.py:4156} INFO - Setting next_dagrun for example_python_decorator to None, run_after=None
[2024-10-04T23:47:02.708+0000] {processor.py:208} INFO - Processing /home/airflow/.local/lib/python3.12/site-packages/airflow/example_dags/example_python_decorator.py took 0.118 seconds
[2024-10-04T23:47:33.374+0000] {processor.py:186} INFO - Started process (PID=1304) to work on /home/airflow/.local/lib/python3.12/site-packages/airflow/example_dags/example_python_decorator.py
[2024-10-04T23:47:33.376+0000] {processor.py:914} INFO - Processing file /home/airflow/.local/lib/python3.12/site-packages/airflow/example_dags/example_python_decorator.py for tasks to queue
[2024-10-04T23:47:33.379+0000] {logging_mixin.py:190} INFO - [2024-10-04T23:47:33.378+0000] {dagbag.py:587} INFO - Filling up the DagBag from /home/airflow/.local/lib/python3.12/site-packages/airflow/example_dags/example_python_decorator.py
[2024-10-04T23:47:33.400+0000] {processor.py:925} INFO - DAG(s) 'example_python_decorator' retrieved from /home/airflow/.local/lib/python3.12/site-packages/airflow/example_dags/example_python_decorator.py
[2024-10-04T23:47:33.437+0000] {logging_mixin.py:190} INFO - [2024-10-04T23:47:33.436+0000] {dag.py:3229} INFO - Sync 1 DAGs
[2024-10-04T23:47:33.459+0000] {logging_mixin.py:190} INFO - [2024-10-04T23:47:33.458+0000] {dag.py:4156} INFO - Setting next_dagrun for example_python_decorator to None, run_after=None
[2024-10-04T23:47:33.493+0000] {processor.py:208} INFO - Processing /home/airflow/.local/lib/python3.12/site-packages/airflow/example_dags/example_python_decorator.py took 0.127 seconds
[2024-10-04T23:48:03.684+0000] {processor.py:186} INFO - Started process (PID=1366) to work on /home/airflow/.local/lib/python3.12/site-packages/airflow/example_dags/example_python_decorator.py
[2024-10-04T23:48:03.686+0000] {processor.py:914} INFO - Processing file /home/airflow/.local/lib/python3.12/site-packages/airflow/example_dags/example_python_decorator.py for tasks to queue
[2024-10-04T23:48:03.689+0000] {logging_mixin.py:190} INFO - [2024-10-04T23:48:03.689+0000] {dagbag.py:587} INFO - Filling up the DagBag from /home/airflow/.local/lib/python3.12/site-packages/airflow/example_dags/example_python_decorator.py
[2024-10-04T23:48:03.707+0000] {processor.py:925} INFO - DAG(s) 'example_python_decorator' retrieved from /home/airflow/.local/lib/python3.12/site-packages/airflow/example_dags/example_python_decorator.py
[2024-10-04T23:48:03.735+0000] {logging_mixin.py:190} INFO - [2024-10-04T23:48:03.734+0000] {dag.py:3229} INFO - Sync 1 DAGs
[2024-10-04T23:48:03.754+0000] {logging_mixin.py:190} INFO - [2024-10-04T23:48:03.754+0000] {dag.py:4156} INFO - Setting next_dagrun for example_python_decorator to None, run_after=None
[2024-10-04T23:48:03.783+0000] {processor.py:208} INFO - Processing /home/airflow/.local/lib/python3.12/site-packages/airflow/example_dags/example_python_decorator.py took 0.107 seconds
[2024-10-04T23:48:33.995+0000] {processor.py:186} INFO - Started process (PID=1428) to work on /home/airflow/.local/lib/python3.12/site-packages/airflow/example_dags/example_python_decorator.py
[2024-10-04T23:48:33.997+0000] {processor.py:914} INFO - Processing file /home/airflow/.local/lib/python3.12/site-packages/airflow/example_dags/example_python_decorator.py for tasks to queue
[2024-10-04T23:48:34.001+0000] {logging_mixin.py:190} INFO - [2024-10-04T23:48:34.000+0000] {dagbag.py:587} INFO - Filling up the DagBag from /home/airflow/.local/lib/python3.12/site-packages/airflow/example_dags/example_python_decorator.py
[2024-10-04T23:48:34.021+0000] {processor.py:925} INFO - DAG(s) 'example_python_decorator' retrieved from /home/airflow/.local/lib/python3.12/site-packages/airflow/example_dags/example_python_decorator.py
[2024-10-04T23:48:34.057+0000] {logging_mixin.py:190} INFO - [2024-10-04T23:48:34.057+0000] {dag.py:3229} INFO - Sync 1 DAGs
[2024-10-04T23:48:34.085+0000] {logging_mixin.py:190} INFO - [2024-10-04T23:48:34.084+0000] {dag.py:4156} INFO - Setting next_dagrun for example_python_decorator to None, run_after=None
[2024-10-04T23:48:34.126+0000] {processor.py:208} INFO - Processing /home/airflow/.local/lib/python3.12/site-packages/airflow/example_dags/example_python_decorator.py took 0.141 seconds
[2024-10-04T23:49:04.432+0000] {processor.py:186} INFO - Started process (PID=1491) to work on /home/airflow/.local/lib/python3.12/site-packages/airflow/example_dags/example_python_decorator.py
[2024-10-04T23:49:04.434+0000] {processor.py:914} INFO - Processing file /home/airflow/.local/lib/python3.12/site-packages/airflow/example_dags/example_python_decorator.py for tasks to queue
[2024-10-04T23:49:04.438+0000] {logging_mixin.py:190} INFO - [2024-10-04T23:49:04.438+0000] {dagbag.py:587} INFO - Filling up the DagBag from /home/airflow/.local/lib/python3.12/site-packages/airflow/example_dags/example_python_decorator.py
[2024-10-04T23:49:04.461+0000] {processor.py:925} INFO - DAG(s) 'example_python_decorator' retrieved from /home/airflow/.local/lib/python3.12/site-packages/airflow/example_dags/example_python_decorator.py
[2024-10-04T23:49:04.494+0000] {logging_mixin.py:190} INFO - [2024-10-04T23:49:04.494+0000] {dag.py:3229} INFO - Sync 1 DAGs
[2024-10-04T23:49:04.520+0000] {logging_mixin.py:190} INFO - [2024-10-04T23:49:04.519+0000] {dag.py:4156} INFO - Setting next_dagrun for example_python_decorator to None, run_after=None
[2024-10-04T23:49:04.552+0000] {processor.py:208} INFO - Processing /home/airflow/.local/lib/python3.12/site-packages/airflow/example_dags/example_python_decorator.py took 0.129 seconds
[2024-10-04T23:49:34.867+0000] {processor.py:186} INFO - Started process (PID=1554) to work on /home/airflow/.local/lib/python3.12/site-packages/airflow/example_dags/example_python_decorator.py
[2024-10-04T23:49:34.869+0000] {processor.py:914} INFO - Processing file /home/airflow/.local/lib/python3.12/site-packages/airflow/example_dags/example_python_decorator.py for tasks to queue
[2024-10-04T23:49:34.872+0000] {logging_mixin.py:190} INFO - [2024-10-04T23:49:34.871+0000] {dagbag.py:587} INFO - Filling up the DagBag from /home/airflow/.local/lib/python3.12/site-packages/airflow/example_dags/example_python_decorator.py
[2024-10-04T23:49:34.889+0000] {processor.py:925} INFO - DAG(s) 'example_python_decorator' retrieved from /home/airflow/.local/lib/python3.12/site-packages/airflow/example_dags/example_python_decorator.py
[2024-10-04T23:49:34.920+0000] {logging_mixin.py:190} INFO - [2024-10-04T23:49:34.920+0000] {dag.py:3229} INFO - Sync 1 DAGs
[2024-10-04T23:49:34.944+0000] {logging_mixin.py:190} INFO - [2024-10-04T23:49:34.944+0000] {dag.py:4156} INFO - Setting next_dagrun for example_python_decorator to None, run_after=None
[2024-10-04T23:49:34.972+0000] {processor.py:208} INFO - Processing /home/airflow/.local/lib/python3.12/site-packages/airflow/example_dags/example_python_decorator.py took 0.115 seconds
[2024-10-04T23:50:05.652+0000] {processor.py:186} INFO - Started process (PID=1616) to work on /home/airflow/.local/lib/python3.12/site-packages/airflow/example_dags/example_python_decorator.py
[2024-10-04T23:50:05.654+0000] {processor.py:914} INFO - Processing file /home/airflow/.local/lib/python3.12/site-packages/airflow/example_dags/example_python_decorator.py for tasks to queue
[2024-10-04T23:50:05.657+0000] {logging_mixin.py:190} INFO - [2024-10-04T23:50:05.656+0000] {dagbag.py:587} INFO - Filling up the DagBag from /home/airflow/.local/lib/python3.12/site-packages/airflow/example_dags/example_python_decorator.py
[2024-10-04T23:50:05.678+0000] {processor.py:925} INFO - DAG(s) 'example_python_decorator' retrieved from /home/airflow/.local/lib/python3.12/site-packages/airflow/example_dags/example_python_decorator.py
[2024-10-04T23:50:05.715+0000] {logging_mixin.py:190} INFO - [2024-10-04T23:50:05.714+0000] {dag.py:3229} INFO - Sync 1 DAGs
[2024-10-04T23:50:05.735+0000] {logging_mixin.py:190} INFO - [2024-10-04T23:50:05.735+0000] {dag.py:4156} INFO - Setting next_dagrun for example_python_decorator to None, run_after=None
[2024-10-04T23:50:05.765+0000] {processor.py:208} INFO - Processing /home/airflow/.local/lib/python3.12/site-packages/airflow/example_dags/example_python_decorator.py took 0.121 seconds
[2024-10-04T23:50:35.884+0000] {processor.py:186} INFO - Started process (PID=1678) to work on /home/airflow/.local/lib/python3.12/site-packages/airflow/example_dags/example_python_decorator.py
[2024-10-04T23:50:35.886+0000] {processor.py:914} INFO - Processing file /home/airflow/.local/lib/python3.12/site-packages/airflow/example_dags/example_python_decorator.py for tasks to queue
[2024-10-04T23:50:35.890+0000] {logging_mixin.py:190} INFO - [2024-10-04T23:50:35.889+0000] {dagbag.py:587} INFO - Filling up the DagBag from /home/airflow/.local/lib/python3.12/site-packages/airflow/example_dags/example_python_decorator.py
[2024-10-04T23:50:35.917+0000] {processor.py:925} INFO - DAG(s) 'example_python_decorator' retrieved from /home/airflow/.local/lib/python3.12/site-packages/airflow/example_dags/example_python_decorator.py
[2024-10-04T23:50:35.947+0000] {logging_mixin.py:190} INFO - [2024-10-04T23:50:35.947+0000] {dag.py:3229} INFO - Sync 1 DAGs
[2024-10-04T23:50:35.974+0000] {logging_mixin.py:190} INFO - [2024-10-04T23:50:35.974+0000] {dag.py:4156} INFO - Setting next_dagrun for example_python_decorator to None, run_after=None
[2024-10-04T23:50:36.011+0000] {processor.py:208} INFO - Processing /home/airflow/.local/lib/python3.12/site-packages/airflow/example_dags/example_python_decorator.py took 0.136 seconds
[2024-10-04T23:51:06.479+0000] {processor.py:186} INFO - Started process (PID=1740) to work on /home/airflow/.local/lib/python3.12/site-packages/airflow/example_dags/example_python_decorator.py
[2024-10-04T23:51:06.480+0000] {processor.py:914} INFO - Processing file /home/airflow/.local/lib/python3.12/site-packages/airflow/example_dags/example_python_decorator.py for tasks to queue
[2024-10-04T23:51:06.483+0000] {logging_mixin.py:190} INFO - [2024-10-04T23:51:06.482+0000] {dagbag.py:587} INFO - Filling up the DagBag from /home/airflow/.local/lib/python3.12/site-packages/airflow/example_dags/example_python_decorator.py
[2024-10-04T23:51:06.500+0000] {processor.py:925} INFO - DAG(s) 'example_python_decorator' retrieved from /home/airflow/.local/lib/python3.12/site-packages/airflow/example_dags/example_python_decorator.py
[2024-10-04T23:51:06.530+0000] {logging_mixin.py:190} INFO - [2024-10-04T23:51:06.529+0000] {dag.py:3229} INFO - Sync 1 DAGs
[2024-10-04T23:51:06.549+0000] {logging_mixin.py:190} INFO - [2024-10-04T23:51:06.549+0000] {dag.py:4156} INFO - Setting next_dagrun for example_python_decorator to None, run_after=None
[2024-10-04T23:51:06.582+0000] {processor.py:208} INFO - Processing /home/airflow/.local/lib/python3.12/site-packages/airflow/example_dags/example_python_decorator.py took 0.111 seconds
[2024-10-04T23:51:37.064+0000] {processor.py:186} INFO - Started process (PID=1802) to work on /home/airflow/.local/lib/python3.12/site-packages/airflow/example_dags/example_python_decorator.py
[2024-10-04T23:51:37.067+0000] {processor.py:914} INFO - Processing file /home/airflow/.local/lib/python3.12/site-packages/airflow/example_dags/example_python_decorator.py for tasks to queue
[2024-10-04T23:51:37.081+0000] {logging_mixin.py:190} INFO - [2024-10-04T23:51:37.081+0000] {dagbag.py:587} INFO - Filling up the DagBag from /home/airflow/.local/lib/python3.12/site-packages/airflow/example_dags/example_python_decorator.py
[2024-10-04T23:51:37.175+0000] {processor.py:925} INFO - DAG(s) 'example_python_decorator' retrieved from /home/airflow/.local/lib/python3.12/site-packages/airflow/example_dags/example_python_decorator.py
[2024-10-04T23:51:37.307+0000] {logging_mixin.py:190} INFO - [2024-10-04T23:51:37.306+0000] {dag.py:3229} INFO - Sync 1 DAGs
[2024-10-04T23:51:37.389+0000] {logging_mixin.py:190} INFO - [2024-10-04T23:51:37.389+0000] {dag.py:4156} INFO - Setting next_dagrun for example_python_decorator to None, run_after=None
[2024-10-04T23:51:37.503+0000] {processor.py:208} INFO - Processing /home/airflow/.local/lib/python3.12/site-packages/airflow/example_dags/example_python_decorator.py took 0.468 seconds
[2024-10-04T23:52:08.073+0000] {processor.py:186} INFO - Started process (PID=1864) to work on /home/airflow/.local/lib/python3.12/site-packages/airflow/example_dags/example_python_decorator.py
[2024-10-04T23:52:08.075+0000] {processor.py:914} INFO - Processing file /home/airflow/.local/lib/python3.12/site-packages/airflow/example_dags/example_python_decorator.py for tasks to queue
[2024-10-04T23:52:08.090+0000] {logging_mixin.py:190} INFO - [2024-10-04T23:52:08.089+0000] {dagbag.py:587} INFO - Filling up the DagBag from /home/airflow/.local/lib/python3.12/site-packages/airflow/example_dags/example_python_decorator.py
[2024-10-04T23:52:08.173+0000] {processor.py:925} INFO - DAG(s) 'example_python_decorator' retrieved from /home/airflow/.local/lib/python3.12/site-packages/airflow/example_dags/example_python_decorator.py
[2024-10-04T23:52:08.282+0000] {logging_mixin.py:190} INFO - [2024-10-04T23:52:08.282+0000] {dag.py:3229} INFO - Sync 1 DAGs
[2024-10-04T23:52:08.361+0000] {logging_mixin.py:190} INFO - [2024-10-04T23:52:08.360+0000] {dag.py:4156} INFO - Setting next_dagrun for example_python_decorator to None, run_after=None
[2024-10-04T23:52:08.463+0000] {processor.py:208} INFO - Processing /home/airflow/.local/lib/python3.12/site-packages/airflow/example_dags/example_python_decorator.py took 0.418 seconds
[2024-10-04T23:52:39.037+0000] {processor.py:186} INFO - Started process (PID=1926) to work on /home/airflow/.local/lib/python3.12/site-packages/airflow/example_dags/example_python_decorator.py
[2024-10-04T23:52:39.045+0000] {processor.py:914} INFO - Processing file /home/airflow/.local/lib/python3.12/site-packages/airflow/example_dags/example_python_decorator.py for tasks to queue
[2024-10-04T23:52:39.050+0000] {logging_mixin.py:190} INFO - [2024-10-04T23:52:39.049+0000] {dagbag.py:587} INFO - Filling up the DagBag from /home/airflow/.local/lib/python3.12/site-packages/airflow/example_dags/example_python_decorator.py
[2024-10-04T23:52:39.097+0000] {processor.py:925} INFO - DAG(s) 'example_python_decorator' retrieved from /home/airflow/.local/lib/python3.12/site-packages/airflow/example_dags/example_python_decorator.py
[2024-10-04T23:52:39.168+0000] {logging_mixin.py:190} INFO - [2024-10-04T23:52:39.167+0000] {dag.py:3229} INFO - Sync 1 DAGs
[2024-10-04T23:52:39.226+0000] {logging_mixin.py:190} INFO - [2024-10-04T23:52:39.225+0000] {dag.py:4156} INFO - Setting next_dagrun for example_python_decorator to None, run_after=None
[2024-10-04T23:52:39.285+0000] {processor.py:208} INFO - Processing /home/airflow/.local/lib/python3.12/site-packages/airflow/example_dags/example_python_decorator.py took 0.259 seconds
[2024-10-04T23:53:09.626+0000] {processor.py:186} INFO - Started process (PID=1989) to work on /home/airflow/.local/lib/python3.12/site-packages/airflow/example_dags/example_python_decorator.py
[2024-10-04T23:53:09.628+0000] {processor.py:914} INFO - Processing file /home/airflow/.local/lib/python3.12/site-packages/airflow/example_dags/example_python_decorator.py for tasks to queue
[2024-10-04T23:53:09.633+0000] {logging_mixin.py:190} INFO - [2024-10-04T23:53:09.632+0000] {dagbag.py:587} INFO - Filling up the DagBag from /home/airflow/.local/lib/python3.12/site-packages/airflow/example_dags/example_python_decorator.py
[2024-10-04T23:53:09.659+0000] {processor.py:925} INFO - DAG(s) 'example_python_decorator' retrieved from /home/airflow/.local/lib/python3.12/site-packages/airflow/example_dags/example_python_decorator.py
[2024-10-04T23:53:09.704+0000] {logging_mixin.py:190} INFO - [2024-10-04T23:53:09.703+0000] {dag.py:3229} INFO - Sync 1 DAGs
[2024-10-04T23:53:09.737+0000] {logging_mixin.py:190} INFO - [2024-10-04T23:53:09.736+0000] {dag.py:4156} INFO - Setting next_dagrun for example_python_decorator to None, run_after=None
[2024-10-04T23:53:09.779+0000] {processor.py:208} INFO - Processing /home/airflow/.local/lib/python3.12/site-packages/airflow/example_dags/example_python_decorator.py took 0.164 seconds
[2024-10-04T23:53:40.291+0000] {processor.py:186} INFO - Started process (PID=2051) to work on /home/airflow/.local/lib/python3.12/site-packages/airflow/example_dags/example_python_decorator.py
[2024-10-04T23:53:40.293+0000] {processor.py:914} INFO - Processing file /home/airflow/.local/lib/python3.12/site-packages/airflow/example_dags/example_python_decorator.py for tasks to queue
[2024-10-04T23:53:40.297+0000] {logging_mixin.py:190} INFO - [2024-10-04T23:53:40.296+0000] {dagbag.py:587} INFO - Filling up the DagBag from /home/airflow/.local/lib/python3.12/site-packages/airflow/example_dags/example_python_decorator.py
[2024-10-04T23:53:40.319+0000] {processor.py:925} INFO - DAG(s) 'example_python_decorator' retrieved from /home/airflow/.local/lib/python3.12/site-packages/airflow/example_dags/example_python_decorator.py
[2024-10-04T23:53:40.357+0000] {logging_mixin.py:190} INFO - [2024-10-04T23:53:40.357+0000] {dag.py:3229} INFO - Sync 1 DAGs
[2024-10-04T23:53:40.381+0000] {logging_mixin.py:190} INFO - [2024-10-04T23:53:40.381+0000] {dag.py:4156} INFO - Setting next_dagrun for example_python_decorator to None, run_after=None
[2024-10-04T23:53:40.420+0000] {processor.py:208} INFO - Processing /home/airflow/.local/lib/python3.12/site-packages/airflow/example_dags/example_python_decorator.py took 0.140 seconds
[2024-10-04T23:54:10.597+0000] {processor.py:186} INFO - Started process (PID=2113) to work on /home/airflow/.local/lib/python3.12/site-packages/airflow/example_dags/example_python_decorator.py
[2024-10-04T23:54:10.598+0000] {processor.py:914} INFO - Processing file /home/airflow/.local/lib/python3.12/site-packages/airflow/example_dags/example_python_decorator.py for tasks to queue
[2024-10-04T23:54:10.603+0000] {logging_mixin.py:190} INFO - [2024-10-04T23:54:10.602+0000] {dagbag.py:587} INFO - Filling up the DagBag from /home/airflow/.local/lib/python3.12/site-packages/airflow/example_dags/example_python_decorator.py
[2024-10-04T23:54:10.621+0000] {processor.py:925} INFO - DAG(s) 'example_python_decorator' retrieved from /home/airflow/.local/lib/python3.12/site-packages/airflow/example_dags/example_python_decorator.py
[2024-10-04T23:54:10.659+0000] {logging_mixin.py:190} INFO - [2024-10-04T23:54:10.658+0000] {dag.py:3229} INFO - Sync 1 DAGs
[2024-10-04T23:54:10.689+0000] {logging_mixin.py:190} INFO - [2024-10-04T23:54:10.688+0000] {dag.py:4156} INFO - Setting next_dagrun for example_python_decorator to None, run_after=None
[2024-10-04T23:54:10.723+0000] {processor.py:208} INFO - Processing /home/airflow/.local/lib/python3.12/site-packages/airflow/example_dags/example_python_decorator.py took 0.134 seconds
[2024-10-04T23:54:41.060+0000] {processor.py:186} INFO - Started process (PID=2175) to work on /home/airflow/.local/lib/python3.12/site-packages/airflow/example_dags/example_python_decorator.py
[2024-10-04T23:54:41.063+0000] {processor.py:914} INFO - Processing file /home/airflow/.local/lib/python3.12/site-packages/airflow/example_dags/example_python_decorator.py for tasks to queue
[2024-10-04T23:54:41.067+0000] {logging_mixin.py:190} INFO - [2024-10-04T23:54:41.066+0000] {dagbag.py:587} INFO - Filling up the DagBag from /home/airflow/.local/lib/python3.12/site-packages/airflow/example_dags/example_python_decorator.py
[2024-10-04T23:54:41.089+0000] {processor.py:925} INFO - DAG(s) 'example_python_decorator' retrieved from /home/airflow/.local/lib/python3.12/site-packages/airflow/example_dags/example_python_decorator.py
[2024-10-04T23:54:41.124+0000] {logging_mixin.py:190} INFO - [2024-10-04T23:54:41.123+0000] {dag.py:3229} INFO - Sync 1 DAGs
[2024-10-04T23:54:41.169+0000] {logging_mixin.py:190} INFO - [2024-10-04T23:54:41.169+0000] {dag.py:4156} INFO - Setting next_dagrun for example_python_decorator to None, run_after=None
[2024-10-04T23:54:41.218+0000] {processor.py:208} INFO - Processing /home/airflow/.local/lib/python3.12/site-packages/airflow/example_dags/example_python_decorator.py took 0.169 seconds
[2024-10-04T23:55:11.522+0000] {processor.py:186} INFO - Started process (PID=2237) to work on /home/airflow/.local/lib/python3.12/site-packages/airflow/example_dags/example_python_decorator.py
[2024-10-04T23:55:11.523+0000] {processor.py:914} INFO - Processing file /home/airflow/.local/lib/python3.12/site-packages/airflow/example_dags/example_python_decorator.py for tasks to queue
[2024-10-04T23:55:11.528+0000] {logging_mixin.py:190} INFO - [2024-10-04T23:55:11.527+0000] {dagbag.py:587} INFO - Filling up the DagBag from /home/airflow/.local/lib/python3.12/site-packages/airflow/example_dags/example_python_decorator.py
[2024-10-04T23:55:11.549+0000] {processor.py:925} INFO - DAG(s) 'example_python_decorator' retrieved from /home/airflow/.local/lib/python3.12/site-packages/airflow/example_dags/example_python_decorator.py
[2024-10-04T23:55:11.588+0000] {logging_mixin.py:190} INFO - [2024-10-04T23:55:11.588+0000] {dag.py:3229} INFO - Sync 1 DAGs
[2024-10-04T23:55:11.615+0000] {logging_mixin.py:190} INFO - [2024-10-04T23:55:11.614+0000] {dag.py:4156} INFO - Setting next_dagrun for example_python_decorator to None, run_after=None
[2024-10-04T23:55:11.663+0000] {processor.py:208} INFO - Processing /home/airflow/.local/lib/python3.12/site-packages/airflow/example_dags/example_python_decorator.py took 0.148 seconds
[2024-10-04T23:55:41.893+0000] {processor.py:186} INFO - Started process (PID=2299) to work on /home/airflow/.local/lib/python3.12/site-packages/airflow/example_dags/example_python_decorator.py
[2024-10-04T23:55:41.895+0000] {processor.py:914} INFO - Processing file /home/airflow/.local/lib/python3.12/site-packages/airflow/example_dags/example_python_decorator.py for tasks to queue
[2024-10-04T23:55:41.899+0000] {logging_mixin.py:190} INFO - [2024-10-04T23:55:41.899+0000] {dagbag.py:587} INFO - Filling up the DagBag from /home/airflow/.local/lib/python3.12/site-packages/airflow/example_dags/example_python_decorator.py
[2024-10-04T23:55:41.927+0000] {processor.py:925} INFO - DAG(s) 'example_python_decorator' retrieved from /home/airflow/.local/lib/python3.12/site-packages/airflow/example_dags/example_python_decorator.py
[2024-10-04T23:55:41.977+0000] {logging_mixin.py:190} INFO - [2024-10-04T23:55:41.976+0000] {dag.py:3229} INFO - Sync 1 DAGs
[2024-10-04T23:55:42.003+0000] {logging_mixin.py:190} INFO - [2024-10-04T23:55:42.003+0000] {dag.py:4156} INFO - Setting next_dagrun for example_python_decorator to None, run_after=None
[2024-10-04T23:55:42.043+0000] {processor.py:208} INFO - Processing /home/airflow/.local/lib/python3.12/site-packages/airflow/example_dags/example_python_decorator.py took 0.161 seconds
[2024-10-04T23:56:12.262+0000] {processor.py:186} INFO - Started process (PID=2361) to work on /home/airflow/.local/lib/python3.12/site-packages/airflow/example_dags/example_python_decorator.py
[2024-10-04T23:56:12.263+0000] {processor.py:914} INFO - Processing file /home/airflow/.local/lib/python3.12/site-packages/airflow/example_dags/example_python_decorator.py for tasks to queue
[2024-10-04T23:56:12.267+0000] {logging_mixin.py:190} INFO - [2024-10-04T23:56:12.267+0000] {dagbag.py:587} INFO - Filling up the DagBag from /home/airflow/.local/lib/python3.12/site-packages/airflow/example_dags/example_python_decorator.py
[2024-10-04T23:56:12.292+0000] {processor.py:925} INFO - DAG(s) 'example_python_decorator' retrieved from /home/airflow/.local/lib/python3.12/site-packages/airflow/example_dags/example_python_decorator.py
[2024-10-04T23:56:12.330+0000] {logging_mixin.py:190} INFO - [2024-10-04T23:56:12.330+0000] {dag.py:3229} INFO - Sync 1 DAGs
[2024-10-04T23:56:12.355+0000] {logging_mixin.py:190} INFO - [2024-10-04T23:56:12.354+0000] {dag.py:4156} INFO - Setting next_dagrun for example_python_decorator to None, run_after=None
[2024-10-04T23:56:12.387+0000] {processor.py:208} INFO - Processing /home/airflow/.local/lib/python3.12/site-packages/airflow/example_dags/example_python_decorator.py took 0.132 seconds
[2024-10-04T23:56:42.833+0000] {processor.py:186} INFO - Started process (PID=2423) to work on /home/airflow/.local/lib/python3.12/site-packages/airflow/example_dags/example_python_decorator.py
[2024-10-04T23:56:42.834+0000] {processor.py:914} INFO - Processing file /home/airflow/.local/lib/python3.12/site-packages/airflow/example_dags/example_python_decorator.py for tasks to queue
[2024-10-04T23:56:42.837+0000] {logging_mixin.py:190} INFO - [2024-10-04T23:56:42.837+0000] {dagbag.py:587} INFO - Filling up the DagBag from /home/airflow/.local/lib/python3.12/site-packages/airflow/example_dags/example_python_decorator.py
[2024-10-04T23:56:42.856+0000] {processor.py:925} INFO - DAG(s) 'example_python_decorator' retrieved from /home/airflow/.local/lib/python3.12/site-packages/airflow/example_dags/example_python_decorator.py
[2024-10-04T23:56:42.893+0000] {logging_mixin.py:190} INFO - [2024-10-04T23:56:42.893+0000] {dag.py:3229} INFO - Sync 1 DAGs
[2024-10-04T23:56:42.912+0000] {logging_mixin.py:190} INFO - [2024-10-04T23:56:42.912+0000] {dag.py:4156} INFO - Setting next_dagrun for example_python_decorator to None, run_after=None
[2024-10-04T23:56:42.961+0000] {processor.py:208} INFO - Processing /home/airflow/.local/lib/python3.12/site-packages/airflow/example_dags/example_python_decorator.py took 0.138 seconds
[2024-10-04T23:57:13.115+0000] {processor.py:186} INFO - Started process (PID=2491) to work on /home/airflow/.local/lib/python3.12/site-packages/airflow/example_dags/example_python_decorator.py
[2024-10-04T23:57:13.117+0000] {processor.py:914} INFO - Processing file /home/airflow/.local/lib/python3.12/site-packages/airflow/example_dags/example_python_decorator.py for tasks to queue
[2024-10-04T23:57:13.120+0000] {logging_mixin.py:190} INFO - [2024-10-04T23:57:13.120+0000] {dagbag.py:587} INFO - Filling up the DagBag from /home/airflow/.local/lib/python3.12/site-packages/airflow/example_dags/example_python_decorator.py
[2024-10-04T23:57:13.143+0000] {processor.py:925} INFO - DAG(s) 'example_python_decorator' retrieved from /home/airflow/.local/lib/python3.12/site-packages/airflow/example_dags/example_python_decorator.py
[2024-10-04T23:57:13.187+0000] {logging_mixin.py:190} INFO - [2024-10-04T23:57:13.186+0000] {dag.py:3229} INFO - Sync 1 DAGs
[2024-10-04T23:57:13.210+0000] {logging_mixin.py:190} INFO - [2024-10-04T23:57:13.209+0000] {dag.py:4156} INFO - Setting next_dagrun for example_python_decorator to None, run_after=None
[2024-10-04T23:57:13.240+0000] {processor.py:208} INFO - Processing /home/airflow/.local/lib/python3.12/site-packages/airflow/example_dags/example_python_decorator.py took 0.136 seconds
[2024-10-04T23:57:43.487+0000] {processor.py:186} INFO - Started process (PID=2553) to work on /home/airflow/.local/lib/python3.12/site-packages/airflow/example_dags/example_python_decorator.py
[2024-10-04T23:57:43.489+0000] {processor.py:914} INFO - Processing file /home/airflow/.local/lib/python3.12/site-packages/airflow/example_dags/example_python_decorator.py for tasks to queue
[2024-10-04T23:57:43.494+0000] {logging_mixin.py:190} INFO - [2024-10-04T23:57:43.493+0000] {dagbag.py:587} INFO - Filling up the DagBag from /home/airflow/.local/lib/python3.12/site-packages/airflow/example_dags/example_python_decorator.py
[2024-10-04T23:57:43.515+0000] {processor.py:925} INFO - DAG(s) 'example_python_decorator' retrieved from /home/airflow/.local/lib/python3.12/site-packages/airflow/example_dags/example_python_decorator.py
[2024-10-04T23:57:43.555+0000] {logging_mixin.py:190} INFO - [2024-10-04T23:57:43.554+0000] {dag.py:3229} INFO - Sync 1 DAGs
[2024-10-04T23:57:43.581+0000] {logging_mixin.py:190} INFO - [2024-10-04T23:57:43.581+0000] {dag.py:4156} INFO - Setting next_dagrun for example_python_decorator to None, run_after=None
[2024-10-04T23:57:43.616+0000] {processor.py:208} INFO - Processing /home/airflow/.local/lib/python3.12/site-packages/airflow/example_dags/example_python_decorator.py took 0.137 seconds
[2024-10-04T23:58:13.936+0000] {processor.py:186} INFO - Started process (PID=2616) to work on /home/airflow/.local/lib/python3.12/site-packages/airflow/example_dags/example_python_decorator.py
[2024-10-04T23:58:13.938+0000] {processor.py:914} INFO - Processing file /home/airflow/.local/lib/python3.12/site-packages/airflow/example_dags/example_python_decorator.py for tasks to queue
[2024-10-04T23:58:13.941+0000] {logging_mixin.py:190} INFO - [2024-10-04T23:58:13.940+0000] {dagbag.py:587} INFO - Filling up the DagBag from /home/airflow/.local/lib/python3.12/site-packages/airflow/example_dags/example_python_decorator.py
[2024-10-04T23:58:13.959+0000] {processor.py:925} INFO - DAG(s) 'example_python_decorator' retrieved from /home/airflow/.local/lib/python3.12/site-packages/airflow/example_dags/example_python_decorator.py
[2024-10-04T23:58:13.988+0000] {logging_mixin.py:190} INFO - [2024-10-04T23:58:13.988+0000] {dag.py:3229} INFO - Sync 1 DAGs
[2024-10-04T23:58:14.012+0000] {logging_mixin.py:190} INFO - [2024-10-04T23:58:14.011+0000] {dag.py:4156} INFO - Setting next_dagrun for example_python_decorator to None, run_after=None
[2024-10-04T23:58:14.044+0000] {processor.py:208} INFO - Processing /home/airflow/.local/lib/python3.12/site-packages/airflow/example_dags/example_python_decorator.py took 0.119 seconds
[2024-10-04T23:58:44.458+0000] {processor.py:186} INFO - Started process (PID=2678) to work on /home/airflow/.local/lib/python3.12/site-packages/airflow/example_dags/example_python_decorator.py
[2024-10-04T23:58:44.459+0000] {processor.py:914} INFO - Processing file /home/airflow/.local/lib/python3.12/site-packages/airflow/example_dags/example_python_decorator.py for tasks to queue
[2024-10-04T23:58:44.464+0000] {logging_mixin.py:190} INFO - [2024-10-04T23:58:44.463+0000] {dagbag.py:587} INFO - Filling up the DagBag from /home/airflow/.local/lib/python3.12/site-packages/airflow/example_dags/example_python_decorator.py
[2024-10-04T23:58:44.490+0000] {processor.py:925} INFO - DAG(s) 'example_python_decorator' retrieved from /home/airflow/.local/lib/python3.12/site-packages/airflow/example_dags/example_python_decorator.py
[2024-10-04T23:58:44.525+0000] {logging_mixin.py:190} INFO - [2024-10-04T23:58:44.524+0000] {dag.py:3229} INFO - Sync 1 DAGs
[2024-10-04T23:58:44.548+0000] {logging_mixin.py:190} INFO - [2024-10-04T23:58:44.547+0000] {dag.py:4156} INFO - Setting next_dagrun for example_python_decorator to None, run_after=None
[2024-10-04T23:58:44.581+0000] {processor.py:208} INFO - Processing /home/airflow/.local/lib/python3.12/site-packages/airflow/example_dags/example_python_decorator.py took 0.132 seconds
[2024-10-04T23:59:14.993+0000] {processor.py:186} INFO - Started process (PID=2740) to work on /home/airflow/.local/lib/python3.12/site-packages/airflow/example_dags/example_python_decorator.py
[2024-10-04T23:59:14.995+0000] {processor.py:914} INFO - Processing file /home/airflow/.local/lib/python3.12/site-packages/airflow/example_dags/example_python_decorator.py for tasks to queue
[2024-10-04T23:59:14.998+0000] {logging_mixin.py:190} INFO - [2024-10-04T23:59:14.998+0000] {dagbag.py:587} INFO - Filling up the DagBag from /home/airflow/.local/lib/python3.12/site-packages/airflow/example_dags/example_python_decorator.py
[2024-10-04T23:59:15.016+0000] {processor.py:925} INFO - DAG(s) 'example_python_decorator' retrieved from /home/airflow/.local/lib/python3.12/site-packages/airflow/example_dags/example_python_decorator.py
[2024-10-04T23:59:15.044+0000] {logging_mixin.py:190} INFO - [2024-10-04T23:59:15.044+0000] {dag.py:3229} INFO - Sync 1 DAGs
[2024-10-04T23:59:15.065+0000] {logging_mixin.py:190} INFO - [2024-10-04T23:59:15.064+0000] {dag.py:4156} INFO - Setting next_dagrun for example_python_decorator to None, run_after=None
[2024-10-04T23:59:15.098+0000] {processor.py:208} INFO - Processing /home/airflow/.local/lib/python3.12/site-packages/airflow/example_dags/example_python_decorator.py took 0.112 seconds
[2024-10-04T23:59:45.489+0000] {processor.py:186} INFO - Started process (PID=2802) to work on /home/airflow/.local/lib/python3.12/site-packages/airflow/example_dags/example_python_decorator.py
[2024-10-04T23:59:45.491+0000] {processor.py:914} INFO - Processing file /home/airflow/.local/lib/python3.12/site-packages/airflow/example_dags/example_python_decorator.py for tasks to queue
[2024-10-04T23:59:45.495+0000] {logging_mixin.py:190} INFO - [2024-10-04T23:59:45.494+0000] {dagbag.py:587} INFO - Filling up the DagBag from /home/airflow/.local/lib/python3.12/site-packages/airflow/example_dags/example_python_decorator.py
[2024-10-04T23:59:45.523+0000] {processor.py:925} INFO - DAG(s) 'example_python_decorator' retrieved from /home/airflow/.local/lib/python3.12/site-packages/airflow/example_dags/example_python_decorator.py
[2024-10-04T23:59:45.558+0000] {logging_mixin.py:190} INFO - [2024-10-04T23:59:45.557+0000] {dag.py:3229} INFO - Sync 1 DAGs
[2024-10-04T23:59:45.575+0000] {logging_mixin.py:190} INFO - [2024-10-04T23:59:45.575+0000] {dag.py:4156} INFO - Setting next_dagrun for example_python_decorator to None, run_after=None
[2024-10-04T23:59:45.606+0000] {processor.py:208} INFO - Processing /home/airflow/.local/lib/python3.12/site-packages/airflow/example_dags/example_python_decorator.py took 0.125 seconds
