[2024-10-04T19:17:49.010+0000] {processor.py:186} INFO - Started process (PID=102) to work on /home/airflow/.local/lib/python3.12/site-packages/airflow/example_dags/example_task_group.py
[2024-10-04T19:17:49.012+0000] {processor.py:914} INFO - Processing file /home/airflow/.local/lib/python3.12/site-packages/airflow/example_dags/example_task_group.py for tasks to queue
[2024-10-04T19:17:49.019+0000] {logging_mixin.py:190} INFO - [2024-10-04T19:17:49.018+0000] {dagbag.py:587} INFO - Filling up the DagBag from /home/airflow/.local/lib/python3.12/site-packages/airflow/example_dags/example_task_group.py
[2024-10-04T19:17:49.039+0000] {processor.py:925} INFO - DAG(s) 'example_task_group' retrieved from /home/airflow/.local/lib/python3.12/site-packages/airflow/example_dags/example_task_group.py
[2024-10-04T19:17:49.411+0000] {logging_mixin.py:190} INFO - [2024-10-04T19:17:49.410+0000] {override.py:1900} INFO - Created Permission View: can delete on DAG:example_task_group
[2024-10-04T19:17:49.466+0000] {logging_mixin.py:190} INFO - [2024-10-04T19:17:49.466+0000] {override.py:1900} INFO - Created Permission View: can edit on DAG:example_task_group
[2024-10-04T19:17:49.487+0000] {logging_mixin.py:190} INFO - [2024-10-04T19:17:49.486+0000] {override.py:1900} INFO - Created Permission View: can read on DAG:example_task_group
[2024-10-04T19:17:49.504+0000] {logging_mixin.py:190} INFO - [2024-10-04T19:17:49.504+0000] {override.py:1900} INFO - Created Permission View: menu access on DAG Run:example_task_group
[2024-10-04T19:17:49.521+0000] {logging_mixin.py:190} INFO - [2024-10-04T19:17:49.520+0000] {override.py:1900} INFO - Created Permission View: can delete on DAG Run:example_task_group
[2024-10-04T19:17:49.538+0000] {logging_mixin.py:190} INFO - [2024-10-04T19:17:49.537+0000] {override.py:1900} INFO - Created Permission View: can create on DAG Run:example_task_group
[2024-10-04T19:17:49.557+0000] {logging_mixin.py:190} INFO - [2024-10-04T19:17:49.557+0000] {override.py:1900} INFO - Created Permission View: can read on DAG Run:example_task_group
[2024-10-04T19:17:49.559+0000] {logging_mixin.py:190} INFO - [2024-10-04T19:17:49.559+0000] {dag.py:3229} INFO - Sync 1 DAGs
[2024-10-04T19:17:49.587+0000] {logging_mixin.py:190} INFO - [2024-10-04T19:17:49.586+0000] {dag.py:3252} INFO - Creating ORM DAG for example_task_group
[2024-10-04T19:17:49.590+0000] {logging_mixin.py:190} INFO - [2024-10-04T19:17:49.589+0000] {dag.py:4156} INFO - Setting next_dagrun for example_task_group to None, run_after=None
[2024-10-04T19:17:49.622+0000] {processor.py:208} INFO - Processing /home/airflow/.local/lib/python3.12/site-packages/airflow/example_dags/example_task_group.py took 0.624 seconds
[2024-10-04T19:18:20.216+0000] {processor.py:186} INFO - Started process (PID=163) to work on /home/airflow/.local/lib/python3.12/site-packages/airflow/example_dags/example_task_group.py
[2024-10-04T19:18:20.219+0000] {processor.py:914} INFO - Processing file /home/airflow/.local/lib/python3.12/site-packages/airflow/example_dags/example_task_group.py for tasks to queue
[2024-10-04T19:18:20.226+0000] {logging_mixin.py:190} INFO - [2024-10-04T19:18:20.225+0000] {dagbag.py:587} INFO - Filling up the DagBag from /home/airflow/.local/lib/python3.12/site-packages/airflow/example_dags/example_task_group.py
[2024-10-04T19:18:20.252+0000] {processor.py:925} INFO - DAG(s) 'example_task_group' retrieved from /home/airflow/.local/lib/python3.12/site-packages/airflow/example_dags/example_task_group.py
[2024-10-04T19:18:20.320+0000] {logging_mixin.py:190} INFO - [2024-10-04T19:18:20.319+0000] {dag.py:3229} INFO - Sync 1 DAGs
[2024-10-04T19:18:20.378+0000] {logging_mixin.py:190} INFO - [2024-10-04T19:18:20.377+0000] {dag.py:4156} INFO - Setting next_dagrun for example_task_group to None, run_after=None
[2024-10-04T19:18:20.443+0000] {processor.py:208} INFO - Processing /home/airflow/.local/lib/python3.12/site-packages/airflow/example_dags/example_task_group.py took 0.247 seconds
[2024-10-04T23:37:22.533+0000] {processor.py:186} INFO - Started process (PID=98) to work on /home/airflow/.local/lib/python3.12/site-packages/airflow/example_dags/example_task_group.py
[2024-10-04T23:37:22.535+0000] {processor.py:914} INFO - Processing file /home/airflow/.local/lib/python3.12/site-packages/airflow/example_dags/example_task_group.py for tasks to queue
[2024-10-04T23:37:22.539+0000] {logging_mixin.py:190} INFO - [2024-10-04T23:37:22.538+0000] {dagbag.py:587} INFO - Filling up the DagBag from /home/airflow/.local/lib/python3.12/site-packages/airflow/example_dags/example_task_group.py
[2024-10-04T23:37:22.555+0000] {processor.py:925} INFO - DAG(s) 'example_task_group' retrieved from /home/airflow/.local/lib/python3.12/site-packages/airflow/example_dags/example_task_group.py
[2024-10-04T23:37:22.596+0000] {logging_mixin.py:190} INFO - [2024-10-04T23:37:22.595+0000] {dag.py:3229} INFO - Sync 1 DAGs
[2024-10-04T23:37:22.630+0000] {logging_mixin.py:190} INFO - [2024-10-04T23:37:22.629+0000] {dag.py:4156} INFO - Setting next_dagrun for example_task_group to None, run_after=None
[2024-10-04T23:37:22.687+0000] {processor.py:208} INFO - Processing /home/airflow/.local/lib/python3.12/site-packages/airflow/example_dags/example_task_group.py took 0.165 seconds
[2024-10-04T23:37:53.008+0000] {processor.py:186} INFO - Started process (PID=159) to work on /home/airflow/.local/lib/python3.12/site-packages/airflow/example_dags/example_task_group.py
[2024-10-04T23:37:53.009+0000] {processor.py:914} INFO - Processing file /home/airflow/.local/lib/python3.12/site-packages/airflow/example_dags/example_task_group.py for tasks to queue
[2024-10-04T23:37:53.012+0000] {logging_mixin.py:190} INFO - [2024-10-04T23:37:53.012+0000] {dagbag.py:587} INFO - Filling up the DagBag from /home/airflow/.local/lib/python3.12/site-packages/airflow/example_dags/example_task_group.py
[2024-10-04T23:37:53.026+0000] {processor.py:925} INFO - DAG(s) 'example_task_group' retrieved from /home/airflow/.local/lib/python3.12/site-packages/airflow/example_dags/example_task_group.py
[2024-10-04T23:37:53.064+0000] {logging_mixin.py:190} INFO - [2024-10-04T23:37:53.064+0000] {dag.py:3229} INFO - Sync 1 DAGs
[2024-10-04T23:37:53.089+0000] {logging_mixin.py:190} INFO - [2024-10-04T23:37:53.088+0000] {dag.py:4156} INFO - Setting next_dagrun for example_task_group to None, run_after=None
[2024-10-04T23:37:53.123+0000] {processor.py:208} INFO - Processing /home/airflow/.local/lib/python3.12/site-packages/airflow/example_dags/example_task_group.py took 0.123 seconds
[2024-10-04T23:38:24.420+0000] {processor.py:186} INFO - Started process (PID=222) to work on /home/airflow/.local/lib/python3.12/site-packages/airflow/example_dags/example_task_group.py
[2024-10-04T23:38:24.422+0000] {processor.py:914} INFO - Processing file /home/airflow/.local/lib/python3.12/site-packages/airflow/example_dags/example_task_group.py for tasks to queue
[2024-10-04T23:38:24.428+0000] {logging_mixin.py:190} INFO - [2024-10-04T23:38:24.427+0000] {dagbag.py:587} INFO - Filling up the DagBag from /home/airflow/.local/lib/python3.12/site-packages/airflow/example_dags/example_task_group.py
[2024-10-04T23:38:24.452+0000] {processor.py:925} INFO - DAG(s) 'example_task_group' retrieved from /home/airflow/.local/lib/python3.12/site-packages/airflow/example_dags/example_task_group.py
[2024-10-04T23:38:24.490+0000] {logging_mixin.py:190} INFO - [2024-10-04T23:38:24.490+0000] {dag.py:3229} INFO - Sync 1 DAGs
[2024-10-04T23:38:24.520+0000] {logging_mixin.py:190} INFO - [2024-10-04T23:38:24.519+0000] {dag.py:4156} INFO - Setting next_dagrun for example_task_group to None, run_after=None
[2024-10-04T23:38:24.602+0000] {processor.py:208} INFO - Processing /home/airflow/.local/lib/python3.12/site-packages/airflow/example_dags/example_task_group.py took 0.195 seconds
[2024-10-04T23:38:55.018+0000] {processor.py:186} INFO - Started process (PID=284) to work on /home/airflow/.local/lib/python3.12/site-packages/airflow/example_dags/example_task_group.py
[2024-10-04T23:38:55.020+0000] {processor.py:914} INFO - Processing file /home/airflow/.local/lib/python3.12/site-packages/airflow/example_dags/example_task_group.py for tasks to queue
[2024-10-04T23:38:55.024+0000] {logging_mixin.py:190} INFO - [2024-10-04T23:38:55.024+0000] {dagbag.py:587} INFO - Filling up the DagBag from /home/airflow/.local/lib/python3.12/site-packages/airflow/example_dags/example_task_group.py
[2024-10-04T23:38:55.045+0000] {processor.py:925} INFO - DAG(s) 'example_task_group' retrieved from /home/airflow/.local/lib/python3.12/site-packages/airflow/example_dags/example_task_group.py
[2024-10-04T23:38:55.079+0000] {logging_mixin.py:190} INFO - [2024-10-04T23:38:55.078+0000] {dag.py:3229} INFO - Sync 1 DAGs
[2024-10-04T23:38:55.100+0000] {logging_mixin.py:190} INFO - [2024-10-04T23:38:55.100+0000] {dag.py:4156} INFO - Setting next_dagrun for example_task_group to None, run_after=None
[2024-10-04T23:38:55.130+0000] {processor.py:208} INFO - Processing /home/airflow/.local/lib/python3.12/site-packages/airflow/example_dags/example_task_group.py took 0.123 seconds
[2024-10-04T23:39:25.931+0000] {processor.py:186} INFO - Started process (PID=346) to work on /home/airflow/.local/lib/python3.12/site-packages/airflow/example_dags/example_task_group.py
[2024-10-04T23:39:25.932+0000] {processor.py:914} INFO - Processing file /home/airflow/.local/lib/python3.12/site-packages/airflow/example_dags/example_task_group.py for tasks to queue
[2024-10-04T23:39:25.935+0000] {logging_mixin.py:190} INFO - [2024-10-04T23:39:25.935+0000] {dagbag.py:587} INFO - Filling up the DagBag from /home/airflow/.local/lib/python3.12/site-packages/airflow/example_dags/example_task_group.py
[2024-10-04T23:39:25.946+0000] {processor.py:925} INFO - DAG(s) 'example_task_group' retrieved from /home/airflow/.local/lib/python3.12/site-packages/airflow/example_dags/example_task_group.py
[2024-10-04T23:39:25.980+0000] {logging_mixin.py:190} INFO - [2024-10-04T23:39:25.980+0000] {dag.py:3229} INFO - Sync 1 DAGs
[2024-10-04T23:39:26.003+0000] {logging_mixin.py:190} INFO - [2024-10-04T23:39:26.003+0000] {dag.py:4156} INFO - Setting next_dagrun for example_task_group to None, run_after=None
[2024-10-04T23:39:26.044+0000] {processor.py:208} INFO - Processing /home/airflow/.local/lib/python3.12/site-packages/airflow/example_dags/example_task_group.py took 0.121 seconds
[2024-10-04T23:39:57.226+0000] {processor.py:186} INFO - Started process (PID=408) to work on /home/airflow/.local/lib/python3.12/site-packages/airflow/example_dags/example_task_group.py
[2024-10-04T23:39:57.227+0000] {processor.py:914} INFO - Processing file /home/airflow/.local/lib/python3.12/site-packages/airflow/example_dags/example_task_group.py for tasks to queue
[2024-10-04T23:39:57.233+0000] {logging_mixin.py:190} INFO - [2024-10-04T23:39:57.232+0000] {dagbag.py:587} INFO - Filling up the DagBag from /home/airflow/.local/lib/python3.12/site-packages/airflow/example_dags/example_task_group.py
[2024-10-04T23:39:57.251+0000] {processor.py:925} INFO - DAG(s) 'example_task_group' retrieved from /home/airflow/.local/lib/python3.12/site-packages/airflow/example_dags/example_task_group.py
[2024-10-04T23:39:57.298+0000] {logging_mixin.py:190} INFO - [2024-10-04T23:39:57.297+0000] {dag.py:3229} INFO - Sync 1 DAGs
[2024-10-04T23:39:57.327+0000] {logging_mixin.py:190} INFO - [2024-10-04T23:39:57.327+0000] {dag.py:4156} INFO - Setting next_dagrun for example_task_group to None, run_after=None
[2024-10-04T23:39:57.378+0000] {processor.py:208} INFO - Processing /home/airflow/.local/lib/python3.12/site-packages/airflow/example_dags/example_task_group.py took 0.162 seconds
[2024-10-04T23:40:28.161+0000] {processor.py:186} INFO - Started process (PID=470) to work on /home/airflow/.local/lib/python3.12/site-packages/airflow/example_dags/example_task_group.py
[2024-10-04T23:40:28.169+0000] {processor.py:914} INFO - Processing file /home/airflow/.local/lib/python3.12/site-packages/airflow/example_dags/example_task_group.py for tasks to queue
[2024-10-04T23:40:28.178+0000] {logging_mixin.py:190} INFO - [2024-10-04T23:40:28.177+0000] {dagbag.py:587} INFO - Filling up the DagBag from /home/airflow/.local/lib/python3.12/site-packages/airflow/example_dags/example_task_group.py
[2024-10-04T23:40:28.215+0000] {processor.py:925} INFO - DAG(s) 'example_task_group' retrieved from /home/airflow/.local/lib/python3.12/site-packages/airflow/example_dags/example_task_group.py
[2024-10-04T23:40:28.322+0000] {logging_mixin.py:190} INFO - [2024-10-04T23:40:28.321+0000] {dag.py:3229} INFO - Sync 1 DAGs
[2024-10-04T23:40:28.389+0000] {logging_mixin.py:190} INFO - [2024-10-04T23:40:28.388+0000] {dag.py:4156} INFO - Setting next_dagrun for example_task_group to None, run_after=None
[2024-10-04T23:40:28.486+0000] {processor.py:208} INFO - Processing /home/airflow/.local/lib/python3.12/site-packages/airflow/example_dags/example_task_group.py took 0.336 seconds
[2024-10-04T23:40:59.042+0000] {processor.py:186} INFO - Started process (PID=532) to work on /home/airflow/.local/lib/python3.12/site-packages/airflow/example_dags/example_task_group.py
[2024-10-04T23:40:59.043+0000] {processor.py:914} INFO - Processing file /home/airflow/.local/lib/python3.12/site-packages/airflow/example_dags/example_task_group.py for tasks to queue
[2024-10-04T23:40:59.047+0000] {logging_mixin.py:190} INFO - [2024-10-04T23:40:59.046+0000] {dagbag.py:587} INFO - Filling up the DagBag from /home/airflow/.local/lib/python3.12/site-packages/airflow/example_dags/example_task_group.py
[2024-10-04T23:40:59.061+0000] {processor.py:925} INFO - DAG(s) 'example_task_group' retrieved from /home/airflow/.local/lib/python3.12/site-packages/airflow/example_dags/example_task_group.py
[2024-10-04T23:40:59.092+0000] {logging_mixin.py:190} INFO - [2024-10-04T23:40:59.092+0000] {dag.py:3229} INFO - Sync 1 DAGs
[2024-10-04T23:40:59.115+0000] {logging_mixin.py:190} INFO - [2024-10-04T23:40:59.115+0000] {dag.py:4156} INFO - Setting next_dagrun for example_task_group to None, run_after=None
[2024-10-04T23:40:59.147+0000] {processor.py:208} INFO - Processing /home/airflow/.local/lib/python3.12/site-packages/airflow/example_dags/example_task_group.py took 0.117 seconds
[2024-10-04T23:41:29.476+0000] {processor.py:186} INFO - Started process (PID=595) to work on /home/airflow/.local/lib/python3.12/site-packages/airflow/example_dags/example_task_group.py
[2024-10-04T23:41:29.478+0000] {processor.py:914} INFO - Processing file /home/airflow/.local/lib/python3.12/site-packages/airflow/example_dags/example_task_group.py for tasks to queue
[2024-10-04T23:41:29.482+0000] {logging_mixin.py:190} INFO - [2024-10-04T23:41:29.481+0000] {dagbag.py:587} INFO - Filling up the DagBag from /home/airflow/.local/lib/python3.12/site-packages/airflow/example_dags/example_task_group.py
[2024-10-04T23:41:29.497+0000] {processor.py:925} INFO - DAG(s) 'example_task_group' retrieved from /home/airflow/.local/lib/python3.12/site-packages/airflow/example_dags/example_task_group.py
[2024-10-04T23:41:29.536+0000] {logging_mixin.py:190} INFO - [2024-10-04T23:41:29.535+0000] {dag.py:3229} INFO - Sync 1 DAGs
[2024-10-04T23:41:29.570+0000] {logging_mixin.py:190} INFO - [2024-10-04T23:41:29.570+0000] {dag.py:4156} INFO - Setting next_dagrun for example_task_group to None, run_after=None
[2024-10-04T23:41:29.616+0000] {processor.py:208} INFO - Processing /home/airflow/.local/lib/python3.12/site-packages/airflow/example_dags/example_task_group.py took 0.153 seconds
[2024-10-04T23:41:59.775+0000] {processor.py:186} INFO - Started process (PID=656) to work on /home/airflow/.local/lib/python3.12/site-packages/airflow/example_dags/example_task_group.py
[2024-10-04T23:41:59.777+0000] {processor.py:914} INFO - Processing file /home/airflow/.local/lib/python3.12/site-packages/airflow/example_dags/example_task_group.py for tasks to queue
[2024-10-04T23:41:59.782+0000] {logging_mixin.py:190} INFO - [2024-10-04T23:41:59.781+0000] {dagbag.py:587} INFO - Filling up the DagBag from /home/airflow/.local/lib/python3.12/site-packages/airflow/example_dags/example_task_group.py
[2024-10-04T23:41:59.800+0000] {processor.py:925} INFO - DAG(s) 'example_task_group' retrieved from /home/airflow/.local/lib/python3.12/site-packages/airflow/example_dags/example_task_group.py
[2024-10-04T23:41:59.833+0000] {logging_mixin.py:190} INFO - [2024-10-04T23:41:59.832+0000] {dag.py:3229} INFO - Sync 1 DAGs
[2024-10-04T23:41:59.856+0000] {logging_mixin.py:190} INFO - [2024-10-04T23:41:59.855+0000] {dag.py:4156} INFO - Setting next_dagrun for example_task_group to None, run_after=None
[2024-10-04T23:41:59.884+0000] {processor.py:208} INFO - Processing /home/airflow/.local/lib/python3.12/site-packages/airflow/example_dags/example_task_group.py took 0.121 seconds
[2024-10-04T23:42:30.554+0000] {processor.py:186} INFO - Started process (PID=718) to work on /home/airflow/.local/lib/python3.12/site-packages/airflow/example_dags/example_task_group.py
[2024-10-04T23:42:30.555+0000] {processor.py:914} INFO - Processing file /home/airflow/.local/lib/python3.12/site-packages/airflow/example_dags/example_task_group.py for tasks to queue
[2024-10-04T23:42:30.558+0000] {logging_mixin.py:190} INFO - [2024-10-04T23:42:30.558+0000] {dagbag.py:587} INFO - Filling up the DagBag from /home/airflow/.local/lib/python3.12/site-packages/airflow/example_dags/example_task_group.py
[2024-10-04T23:42:30.569+0000] {processor.py:925} INFO - DAG(s) 'example_task_group' retrieved from /home/airflow/.local/lib/python3.12/site-packages/airflow/example_dags/example_task_group.py
[2024-10-04T23:42:30.607+0000] {logging_mixin.py:190} INFO - [2024-10-04T23:42:30.606+0000] {dag.py:3229} INFO - Sync 1 DAGs
[2024-10-04T23:42:30.626+0000] {logging_mixin.py:190} INFO - [2024-10-04T23:42:30.626+0000] {dag.py:4156} INFO - Setting next_dagrun for example_task_group to None, run_after=None
[2024-10-04T23:42:30.654+0000] {processor.py:208} INFO - Processing /home/airflow/.local/lib/python3.12/site-packages/airflow/example_dags/example_task_group.py took 0.108 seconds
[2024-10-04T23:43:00.928+0000] {processor.py:186} INFO - Started process (PID=781) to work on /home/airflow/.local/lib/python3.12/site-packages/airflow/example_dags/example_task_group.py
[2024-10-04T23:43:00.930+0000] {processor.py:914} INFO - Processing file /home/airflow/.local/lib/python3.12/site-packages/airflow/example_dags/example_task_group.py for tasks to queue
[2024-10-04T23:43:00.934+0000] {logging_mixin.py:190} INFO - [2024-10-04T23:43:00.933+0000] {dagbag.py:587} INFO - Filling up the DagBag from /home/airflow/.local/lib/python3.12/site-packages/airflow/example_dags/example_task_group.py
[2024-10-04T23:43:00.947+0000] {processor.py:925} INFO - DAG(s) 'example_task_group' retrieved from /home/airflow/.local/lib/python3.12/site-packages/airflow/example_dags/example_task_group.py
[2024-10-04T23:43:00.984+0000] {logging_mixin.py:190} INFO - [2024-10-04T23:43:00.984+0000] {dag.py:3229} INFO - Sync 1 DAGs
[2024-10-04T23:43:01.015+0000] {logging_mixin.py:190} INFO - [2024-10-04T23:43:01.015+0000] {dag.py:4156} INFO - Setting next_dagrun for example_task_group to None, run_after=None
[2024-10-04T23:43:01.053+0000] {processor.py:208} INFO - Processing /home/airflow/.local/lib/python3.12/site-packages/airflow/example_dags/example_task_group.py took 0.137 seconds
[2024-10-04T23:43:31.611+0000] {processor.py:186} INFO - Started process (PID=843) to work on /home/airflow/.local/lib/python3.12/site-packages/airflow/example_dags/example_task_group.py
[2024-10-04T23:43:31.612+0000] {processor.py:914} INFO - Processing file /home/airflow/.local/lib/python3.12/site-packages/airflow/example_dags/example_task_group.py for tasks to queue
[2024-10-04T23:43:31.615+0000] {logging_mixin.py:190} INFO - [2024-10-04T23:43:31.615+0000] {dagbag.py:587} INFO - Filling up the DagBag from /home/airflow/.local/lib/python3.12/site-packages/airflow/example_dags/example_task_group.py
[2024-10-04T23:43:31.628+0000] {processor.py:925} INFO - DAG(s) 'example_task_group' retrieved from /home/airflow/.local/lib/python3.12/site-packages/airflow/example_dags/example_task_group.py
[2024-10-04T23:43:31.658+0000] {logging_mixin.py:190} INFO - [2024-10-04T23:43:31.658+0000] {dag.py:3229} INFO - Sync 1 DAGs
[2024-10-04T23:43:31.677+0000] {logging_mixin.py:190} INFO - [2024-10-04T23:43:31.677+0000] {dag.py:4156} INFO - Setting next_dagrun for example_task_group to None, run_after=None
[2024-10-04T23:43:31.715+0000] {processor.py:208} INFO - Processing /home/airflow/.local/lib/python3.12/site-packages/airflow/example_dags/example_task_group.py took 0.114 seconds
[2024-10-04T23:44:04.088+0000] {processor.py:186} INFO - Started process (PID=904) to work on /home/airflow/.local/lib/python3.12/site-packages/airflow/example_dags/example_task_group.py
[2024-10-04T23:44:04.089+0000] {processor.py:914} INFO - Processing file /home/airflow/.local/lib/python3.12/site-packages/airflow/example_dags/example_task_group.py for tasks to queue
[2024-10-04T23:44:04.094+0000] {logging_mixin.py:190} INFO - [2024-10-04T23:44:04.093+0000] {dagbag.py:587} INFO - Filling up the DagBag from /home/airflow/.local/lib/python3.12/site-packages/airflow/example_dags/example_task_group.py
[2024-10-04T23:44:04.106+0000] {processor.py:925} INFO - DAG(s) 'example_task_group' retrieved from /home/airflow/.local/lib/python3.12/site-packages/airflow/example_dags/example_task_group.py
[2024-10-04T23:44:04.143+0000] {logging_mixin.py:190} INFO - [2024-10-04T23:44:04.143+0000] {dag.py:3229} INFO - Sync 1 DAGs
[2024-10-04T23:44:04.167+0000] {logging_mixin.py:190} INFO - [2024-10-04T23:44:04.167+0000] {dag.py:4156} INFO - Setting next_dagrun for example_task_group to None, run_after=None
[2024-10-04T23:44:04.208+0000] {processor.py:208} INFO - Processing /home/airflow/.local/lib/python3.12/site-packages/airflow/example_dags/example_task_group.py took 0.130 seconds
[2024-10-04T23:44:34.856+0000] {processor.py:186} INFO - Started process (PID=966) to work on /home/airflow/.local/lib/python3.12/site-packages/airflow/example_dags/example_task_group.py
[2024-10-04T23:44:34.858+0000] {processor.py:914} INFO - Processing file /home/airflow/.local/lib/python3.12/site-packages/airflow/example_dags/example_task_group.py for tasks to queue
[2024-10-04T23:44:34.864+0000] {logging_mixin.py:190} INFO - [2024-10-04T23:44:34.863+0000] {dagbag.py:587} INFO - Filling up the DagBag from /home/airflow/.local/lib/python3.12/site-packages/airflow/example_dags/example_task_group.py
[2024-10-04T23:44:34.884+0000] {processor.py:925} INFO - DAG(s) 'example_task_group' retrieved from /home/airflow/.local/lib/python3.12/site-packages/airflow/example_dags/example_task_group.py
[2024-10-04T23:44:34.933+0000] {logging_mixin.py:190} INFO - [2024-10-04T23:44:34.932+0000] {dag.py:3229} INFO - Sync 1 DAGs
[2024-10-04T23:44:34.967+0000] {logging_mixin.py:190} INFO - [2024-10-04T23:44:34.967+0000] {dag.py:4156} INFO - Setting next_dagrun for example_task_group to None, run_after=None
[2024-10-04T23:44:35.014+0000] {processor.py:208} INFO - Processing /home/airflow/.local/lib/python3.12/site-packages/airflow/example_dags/example_task_group.py took 0.173 seconds
[2024-10-04T23:45:05.907+0000] {processor.py:186} INFO - Started process (PID=1028) to work on /home/airflow/.local/lib/python3.12/site-packages/airflow/example_dags/example_task_group.py
[2024-10-04T23:45:05.909+0000] {processor.py:914} INFO - Processing file /home/airflow/.local/lib/python3.12/site-packages/airflow/example_dags/example_task_group.py for tasks to queue
[2024-10-04T23:45:05.913+0000] {logging_mixin.py:190} INFO - [2024-10-04T23:45:05.912+0000] {dagbag.py:587} INFO - Filling up the DagBag from /home/airflow/.local/lib/python3.12/site-packages/airflow/example_dags/example_task_group.py
[2024-10-04T23:45:05.929+0000] {processor.py:925} INFO - DAG(s) 'example_task_group' retrieved from /home/airflow/.local/lib/python3.12/site-packages/airflow/example_dags/example_task_group.py
[2024-10-04T23:45:05.957+0000] {logging_mixin.py:190} INFO - [2024-10-04T23:45:05.956+0000] {dag.py:3229} INFO - Sync 1 DAGs
[2024-10-04T23:45:05.978+0000] {logging_mixin.py:190} INFO - [2024-10-04T23:45:05.978+0000] {dag.py:4156} INFO - Setting next_dagrun for example_task_group to None, run_after=None
[2024-10-04T23:45:06.013+0000] {processor.py:208} INFO - Processing /home/airflow/.local/lib/python3.12/site-packages/airflow/example_dags/example_task_group.py took 0.117 seconds
[2024-10-04T23:45:36.654+0000] {processor.py:186} INFO - Started process (PID=1090) to work on /home/airflow/.local/lib/python3.12/site-packages/airflow/example_dags/example_task_group.py
[2024-10-04T23:45:36.656+0000] {processor.py:914} INFO - Processing file /home/airflow/.local/lib/python3.12/site-packages/airflow/example_dags/example_task_group.py for tasks to queue
[2024-10-04T23:45:36.661+0000] {logging_mixin.py:190} INFO - [2024-10-04T23:45:36.660+0000] {dagbag.py:587} INFO - Filling up the DagBag from /home/airflow/.local/lib/python3.12/site-packages/airflow/example_dags/example_task_group.py
[2024-10-04T23:45:36.685+0000] {processor.py:925} INFO - DAG(s) 'example_task_group' retrieved from /home/airflow/.local/lib/python3.12/site-packages/airflow/example_dags/example_task_group.py
[2024-10-04T23:45:36.737+0000] {logging_mixin.py:190} INFO - [2024-10-04T23:45:36.737+0000] {dag.py:3229} INFO - Sync 1 DAGs
[2024-10-04T23:45:36.766+0000] {logging_mixin.py:190} INFO - [2024-10-04T23:45:36.766+0000] {dag.py:4156} INFO - Setting next_dagrun for example_task_group to None, run_after=None
[2024-10-04T23:45:36.803+0000] {processor.py:208} INFO - Processing /home/airflow/.local/lib/python3.12/site-packages/airflow/example_dags/example_task_group.py took 0.160 seconds
[2024-10-04T23:46:06.950+0000] {processor.py:186} INFO - Started process (PID=1152) to work on /home/airflow/.local/lib/python3.12/site-packages/airflow/example_dags/example_task_group.py
[2024-10-04T23:46:06.951+0000] {processor.py:914} INFO - Processing file /home/airflow/.local/lib/python3.12/site-packages/airflow/example_dags/example_task_group.py for tasks to queue
[2024-10-04T23:46:06.955+0000] {logging_mixin.py:190} INFO - [2024-10-04T23:46:06.955+0000] {dagbag.py:587} INFO - Filling up the DagBag from /home/airflow/.local/lib/python3.12/site-packages/airflow/example_dags/example_task_group.py
[2024-10-04T23:46:06.966+0000] {processor.py:925} INFO - DAG(s) 'example_task_group' retrieved from /home/airflow/.local/lib/python3.12/site-packages/airflow/example_dags/example_task_group.py
[2024-10-04T23:46:06.997+0000] {logging_mixin.py:190} INFO - [2024-10-04T23:46:06.997+0000] {dag.py:3229} INFO - Sync 1 DAGs
[2024-10-04T23:46:07.019+0000] {logging_mixin.py:190} INFO - [2024-10-04T23:46:07.019+0000] {dag.py:4156} INFO - Setting next_dagrun for example_task_group to None, run_after=None
[2024-10-04T23:46:07.051+0000] {processor.py:208} INFO - Processing /home/airflow/.local/lib/python3.12/site-packages/airflow/example_dags/example_task_group.py took 0.110 seconds
[2024-10-04T23:46:38.064+0000] {processor.py:186} INFO - Started process (PID=1214) to work on /home/airflow/.local/lib/python3.12/site-packages/airflow/example_dags/example_task_group.py
[2024-10-04T23:46:38.065+0000] {processor.py:914} INFO - Processing file /home/airflow/.local/lib/python3.12/site-packages/airflow/example_dags/example_task_group.py for tasks to queue
[2024-10-04T23:46:38.068+0000] {logging_mixin.py:190} INFO - [2024-10-04T23:46:38.068+0000] {dagbag.py:587} INFO - Filling up the DagBag from /home/airflow/.local/lib/python3.12/site-packages/airflow/example_dags/example_task_group.py
[2024-10-04T23:46:38.079+0000] {processor.py:925} INFO - DAG(s) 'example_task_group' retrieved from /home/airflow/.local/lib/python3.12/site-packages/airflow/example_dags/example_task_group.py
[2024-10-04T23:46:38.108+0000] {logging_mixin.py:190} INFO - [2024-10-04T23:46:38.108+0000] {dag.py:3229} INFO - Sync 1 DAGs
[2024-10-04T23:46:38.128+0000] {logging_mixin.py:190} INFO - [2024-10-04T23:46:38.127+0000] {dag.py:4156} INFO - Setting next_dagrun for example_task_group to None, run_after=None
[2024-10-04T23:46:38.159+0000] {processor.py:208} INFO - Processing /home/airflow/.local/lib/python3.12/site-packages/airflow/example_dags/example_task_group.py took 0.102 seconds
[2024-10-04T23:47:08.814+0000] {processor.py:186} INFO - Started process (PID=1275) to work on /home/airflow/.local/lib/python3.12/site-packages/airflow/example_dags/example_task_group.py
[2024-10-04T23:47:08.816+0000] {processor.py:914} INFO - Processing file /home/airflow/.local/lib/python3.12/site-packages/airflow/example_dags/example_task_group.py for tasks to queue
[2024-10-04T23:47:08.820+0000] {logging_mixin.py:190} INFO - [2024-10-04T23:47:08.819+0000] {dagbag.py:587} INFO - Filling up the DagBag from /home/airflow/.local/lib/python3.12/site-packages/airflow/example_dags/example_task_group.py
[2024-10-04T23:47:08.839+0000] {processor.py:925} INFO - DAG(s) 'example_task_group' retrieved from /home/airflow/.local/lib/python3.12/site-packages/airflow/example_dags/example_task_group.py
[2024-10-04T23:47:08.866+0000] {logging_mixin.py:190} INFO - [2024-10-04T23:47:08.865+0000] {dag.py:3229} INFO - Sync 1 DAGs
[2024-10-04T23:47:08.887+0000] {logging_mixin.py:190} INFO - [2024-10-04T23:47:08.887+0000] {dag.py:4156} INFO - Setting next_dagrun for example_task_group to None, run_after=None
[2024-10-04T23:47:08.922+0000] {processor.py:208} INFO - Processing /home/airflow/.local/lib/python3.12/site-packages/airflow/example_dags/example_task_group.py took 0.116 seconds
[2024-10-04T23:47:39.261+0000] {processor.py:186} INFO - Started process (PID=1336) to work on /home/airflow/.local/lib/python3.12/site-packages/airflow/example_dags/example_task_group.py
[2024-10-04T23:47:39.263+0000] {processor.py:914} INFO - Processing file /home/airflow/.local/lib/python3.12/site-packages/airflow/example_dags/example_task_group.py for tasks to queue
[2024-10-04T23:47:39.266+0000] {logging_mixin.py:190} INFO - [2024-10-04T23:47:39.265+0000] {dagbag.py:587} INFO - Filling up the DagBag from /home/airflow/.local/lib/python3.12/site-packages/airflow/example_dags/example_task_group.py
[2024-10-04T23:47:39.276+0000] {processor.py:925} INFO - DAG(s) 'example_task_group' retrieved from /home/airflow/.local/lib/python3.12/site-packages/airflow/example_dags/example_task_group.py
[2024-10-04T23:47:39.305+0000] {logging_mixin.py:190} INFO - [2024-10-04T23:47:39.305+0000] {dag.py:3229} INFO - Sync 1 DAGs
[2024-10-04T23:47:39.326+0000] {logging_mixin.py:190} INFO - [2024-10-04T23:47:39.326+0000] {dag.py:4156} INFO - Setting next_dagrun for example_task_group to None, run_after=None
[2024-10-04T23:47:39.371+0000] {processor.py:208} INFO - Processing /home/airflow/.local/lib/python3.12/site-packages/airflow/example_dags/example_task_group.py took 0.117 seconds
[2024-10-04T23:48:10.407+0000] {processor.py:186} INFO - Started process (PID=1398) to work on /home/airflow/.local/lib/python3.12/site-packages/airflow/example_dags/example_task_group.py
[2024-10-04T23:48:10.408+0000] {processor.py:914} INFO - Processing file /home/airflow/.local/lib/python3.12/site-packages/airflow/example_dags/example_task_group.py for tasks to queue
[2024-10-04T23:48:10.411+0000] {logging_mixin.py:190} INFO - [2024-10-04T23:48:10.411+0000] {dagbag.py:587} INFO - Filling up the DagBag from /home/airflow/.local/lib/python3.12/site-packages/airflow/example_dags/example_task_group.py
[2024-10-04T23:48:10.422+0000] {processor.py:925} INFO - DAG(s) 'example_task_group' retrieved from /home/airflow/.local/lib/python3.12/site-packages/airflow/example_dags/example_task_group.py
[2024-10-04T23:48:10.452+0000] {logging_mixin.py:190} INFO - [2024-10-04T23:48:10.452+0000] {dag.py:3229} INFO - Sync 1 DAGs
[2024-10-04T23:48:10.475+0000] {logging_mixin.py:190} INFO - [2024-10-04T23:48:10.475+0000] {dag.py:4156} INFO - Setting next_dagrun for example_task_group to None, run_after=None
[2024-10-04T23:48:10.509+0000] {processor.py:208} INFO - Processing /home/airflow/.local/lib/python3.12/site-packages/airflow/example_dags/example_task_group.py took 0.109 seconds
[2024-10-04T23:48:40.930+0000] {processor.py:186} INFO - Started process (PID=1467) to work on /home/airflow/.local/lib/python3.12/site-packages/airflow/example_dags/example_task_group.py
[2024-10-04T23:48:40.931+0000] {processor.py:914} INFO - Processing file /home/airflow/.local/lib/python3.12/site-packages/airflow/example_dags/example_task_group.py for tasks to queue
[2024-10-04T23:48:40.935+0000] {logging_mixin.py:190} INFO - [2024-10-04T23:48:40.935+0000] {dagbag.py:587} INFO - Filling up the DagBag from /home/airflow/.local/lib/python3.12/site-packages/airflow/example_dags/example_task_group.py
[2024-10-04T23:48:40.946+0000] {processor.py:925} INFO - DAG(s) 'example_task_group' retrieved from /home/airflow/.local/lib/python3.12/site-packages/airflow/example_dags/example_task_group.py
[2024-10-04T23:48:40.978+0000] {logging_mixin.py:190} INFO - [2024-10-04T23:48:40.978+0000] {dag.py:3229} INFO - Sync 1 DAGs
[2024-10-04T23:48:40.999+0000] {logging_mixin.py:190} INFO - [2024-10-04T23:48:40.999+0000] {dag.py:4156} INFO - Setting next_dagrun for example_task_group to None, run_after=None
[2024-10-04T23:48:41.026+0000] {processor.py:208} INFO - Processing /home/airflow/.local/lib/python3.12/site-packages/airflow/example_dags/example_task_group.py took 0.105 seconds
[2024-10-04T23:49:11.509+0000] {processor.py:186} INFO - Started process (PID=1530) to work on /home/airflow/.local/lib/python3.12/site-packages/airflow/example_dags/example_task_group.py
[2024-10-04T23:49:11.511+0000] {processor.py:914} INFO - Processing file /home/airflow/.local/lib/python3.12/site-packages/airflow/example_dags/example_task_group.py for tasks to queue
[2024-10-04T23:49:11.514+0000] {logging_mixin.py:190} INFO - [2024-10-04T23:49:11.514+0000] {dagbag.py:587} INFO - Filling up the DagBag from /home/airflow/.local/lib/python3.12/site-packages/airflow/example_dags/example_task_group.py
[2024-10-04T23:49:11.526+0000] {processor.py:925} INFO - DAG(s) 'example_task_group' retrieved from /home/airflow/.local/lib/python3.12/site-packages/airflow/example_dags/example_task_group.py
[2024-10-04T23:49:11.555+0000] {logging_mixin.py:190} INFO - [2024-10-04T23:49:11.554+0000] {dag.py:3229} INFO - Sync 1 DAGs
[2024-10-04T23:49:11.575+0000] {logging_mixin.py:190} INFO - [2024-10-04T23:49:11.574+0000] {dag.py:4156} INFO - Setting next_dagrun for example_task_group to None, run_after=None
[2024-10-04T23:49:11.606+0000] {processor.py:208} INFO - Processing /home/airflow/.local/lib/python3.12/site-packages/airflow/example_dags/example_task_group.py took 0.105 seconds
[2024-10-04T23:49:42.022+0000] {processor.py:186} INFO - Started process (PID=1592) to work on /home/airflow/.local/lib/python3.12/site-packages/airflow/example_dags/example_task_group.py
[2024-10-04T23:49:42.023+0000] {processor.py:914} INFO - Processing file /home/airflow/.local/lib/python3.12/site-packages/airflow/example_dags/example_task_group.py for tasks to queue
[2024-10-04T23:49:42.028+0000] {logging_mixin.py:190} INFO - [2024-10-04T23:49:42.027+0000] {dagbag.py:587} INFO - Filling up the DagBag from /home/airflow/.local/lib/python3.12/site-packages/airflow/example_dags/example_task_group.py
[2024-10-04T23:49:42.045+0000] {processor.py:925} INFO - DAG(s) 'example_task_group' retrieved from /home/airflow/.local/lib/python3.12/site-packages/airflow/example_dags/example_task_group.py
[2024-10-04T23:49:42.084+0000] {logging_mixin.py:190} INFO - [2024-10-04T23:49:42.084+0000] {dag.py:3229} INFO - Sync 1 DAGs
[2024-10-04T23:49:42.112+0000] {logging_mixin.py:190} INFO - [2024-10-04T23:49:42.112+0000] {dag.py:4156} INFO - Setting next_dagrun for example_task_group to None, run_after=None
[2024-10-04T23:49:42.142+0000] {processor.py:208} INFO - Processing /home/airflow/.local/lib/python3.12/site-packages/airflow/example_dags/example_task_group.py took 0.137 seconds
[2024-10-04T23:50:12.667+0000] {processor.py:186} INFO - Started process (PID=1654) to work on /home/airflow/.local/lib/python3.12/site-packages/airflow/example_dags/example_task_group.py
[2024-10-04T23:50:12.669+0000] {processor.py:914} INFO - Processing file /home/airflow/.local/lib/python3.12/site-packages/airflow/example_dags/example_task_group.py for tasks to queue
[2024-10-04T23:50:12.672+0000] {logging_mixin.py:190} INFO - [2024-10-04T23:50:12.671+0000] {dagbag.py:587} INFO - Filling up the DagBag from /home/airflow/.local/lib/python3.12/site-packages/airflow/example_dags/example_task_group.py
[2024-10-04T23:50:12.682+0000] {processor.py:925} INFO - DAG(s) 'example_task_group' retrieved from /home/airflow/.local/lib/python3.12/site-packages/airflow/example_dags/example_task_group.py
[2024-10-04T23:50:12.710+0000] {logging_mixin.py:190} INFO - [2024-10-04T23:50:12.709+0000] {dag.py:3229} INFO - Sync 1 DAGs
[2024-10-04T23:50:12.727+0000] {logging_mixin.py:190} INFO - [2024-10-04T23:50:12.727+0000] {dag.py:4156} INFO - Setting next_dagrun for example_task_group to None, run_after=None
[2024-10-04T23:50:12.759+0000] {processor.py:208} INFO - Processing /home/airflow/.local/lib/python3.12/site-packages/airflow/example_dags/example_task_group.py took 0.100 seconds
[2024-10-04T23:50:43.104+0000] {processor.py:186} INFO - Started process (PID=1716) to work on /home/airflow/.local/lib/python3.12/site-packages/airflow/example_dags/example_task_group.py
[2024-10-04T23:50:43.105+0000] {processor.py:914} INFO - Processing file /home/airflow/.local/lib/python3.12/site-packages/airflow/example_dags/example_task_group.py for tasks to queue
[2024-10-04T23:50:43.110+0000] {logging_mixin.py:190} INFO - [2024-10-04T23:50:43.109+0000] {dagbag.py:587} INFO - Filling up the DagBag from /home/airflow/.local/lib/python3.12/site-packages/airflow/example_dags/example_task_group.py
[2024-10-04T23:50:43.121+0000] {processor.py:925} INFO - DAG(s) 'example_task_group' retrieved from /home/airflow/.local/lib/python3.12/site-packages/airflow/example_dags/example_task_group.py
[2024-10-04T23:50:43.155+0000] {logging_mixin.py:190} INFO - [2024-10-04T23:50:43.155+0000] {dag.py:3229} INFO - Sync 1 DAGs
[2024-10-04T23:50:43.175+0000] {logging_mixin.py:190} INFO - [2024-10-04T23:50:43.174+0000] {dag.py:4156} INFO - Setting next_dagrun for example_task_group to None, run_after=None
[2024-10-04T23:50:43.205+0000] {processor.py:208} INFO - Processing /home/airflow/.local/lib/python3.12/site-packages/airflow/example_dags/example_task_group.py took 0.110 seconds
[2024-10-04T23:51:21.432+0000] {processor.py:186} INFO - Started process (PID=1778) to work on /home/airflow/.local/lib/python3.12/site-packages/airflow/example_dags/example_task_group.py
[2024-10-04T23:51:21.434+0000] {processor.py:914} INFO - Processing file /home/airflow/.local/lib/python3.12/site-packages/airflow/example_dags/example_task_group.py for tasks to queue
[2024-10-04T23:51:21.452+0000] {logging_mixin.py:190} INFO - [2024-10-04T23:51:21.451+0000] {dagbag.py:587} INFO - Filling up the DagBag from /home/airflow/.local/lib/python3.12/site-packages/airflow/example_dags/example_task_group.py
[2024-10-04T23:51:21.501+0000] {processor.py:925} INFO - DAG(s) 'example_task_group' retrieved from /home/airflow/.local/lib/python3.12/site-packages/airflow/example_dags/example_task_group.py
[2024-10-04T23:51:21.615+0000] {logging_mixin.py:190} INFO - [2024-10-04T23:51:21.614+0000] {dag.py:3229} INFO - Sync 1 DAGs
[2024-10-04T23:51:21.687+0000] {logging_mixin.py:190} INFO - [2024-10-04T23:51:21.687+0000] {dag.py:4156} INFO - Setting next_dagrun for example_task_group to None, run_after=None
[2024-10-04T23:51:21.785+0000] {processor.py:208} INFO - Processing /home/airflow/.local/lib/python3.12/site-packages/airflow/example_dags/example_task_group.py took 0.408 seconds
[2024-10-04T23:51:53.502+0000] {processor.py:186} INFO - Started process (PID=1840) to work on /home/airflow/.local/lib/python3.12/site-packages/airflow/example_dags/example_task_group.py
[2024-10-04T23:51:53.505+0000] {processor.py:914} INFO - Processing file /home/airflow/.local/lib/python3.12/site-packages/airflow/example_dags/example_task_group.py for tasks to queue
[2024-10-04T23:51:53.518+0000] {logging_mixin.py:190} INFO - [2024-10-04T23:51:53.517+0000] {dagbag.py:587} INFO - Filling up the DagBag from /home/airflow/.local/lib/python3.12/site-packages/airflow/example_dags/example_task_group.py
[2024-10-04T23:51:53.568+0000] {processor.py:925} INFO - DAG(s) 'example_task_group' retrieved from /home/airflow/.local/lib/python3.12/site-packages/airflow/example_dags/example_task_group.py
[2024-10-04T23:51:53.696+0000] {logging_mixin.py:190} INFO - [2024-10-04T23:51:53.696+0000] {dag.py:3229} INFO - Sync 1 DAGs
[2024-10-04T23:51:53.778+0000] {logging_mixin.py:190} INFO - [2024-10-04T23:51:53.777+0000] {dag.py:4156} INFO - Setting next_dagrun for example_task_group to None, run_after=None
[2024-10-04T23:51:53.885+0000] {processor.py:208} INFO - Processing /home/airflow/.local/lib/python3.12/site-packages/airflow/example_dags/example_task_group.py took 0.416 seconds
[2024-10-04T23:52:24.063+0000] {processor.py:186} INFO - Started process (PID=1902) to work on /home/airflow/.local/lib/python3.12/site-packages/airflow/example_dags/example_task_group.py
[2024-10-04T23:52:24.066+0000] {processor.py:914} INFO - Processing file /home/airflow/.local/lib/python3.12/site-packages/airflow/example_dags/example_task_group.py for tasks to queue
[2024-10-04T23:52:24.080+0000] {logging_mixin.py:190} INFO - [2024-10-04T23:52:24.080+0000] {dagbag.py:587} INFO - Filling up the DagBag from /home/airflow/.local/lib/python3.12/site-packages/airflow/example_dags/example_task_group.py
[2024-10-04T23:52:24.104+0000] {processor.py:925} INFO - DAG(s) 'example_task_group' retrieved from /home/airflow/.local/lib/python3.12/site-packages/airflow/example_dags/example_task_group.py
[2024-10-04T23:52:24.190+0000] {logging_mixin.py:190} INFO - [2024-10-04T23:52:24.189+0000] {dag.py:3229} INFO - Sync 1 DAGs
[2024-10-04T23:52:24.250+0000] {logging_mixin.py:190} INFO - [2024-10-04T23:52:24.249+0000] {dag.py:4156} INFO - Setting next_dagrun for example_task_group to None, run_after=None
[2024-10-04T23:52:24.301+0000] {processor.py:208} INFO - Processing /home/airflow/.local/lib/python3.12/site-packages/airflow/example_dags/example_task_group.py took 0.253 seconds
[2024-10-04T23:52:54.991+0000] {processor.py:186} INFO - Started process (PID=1965) to work on /home/airflow/.local/lib/python3.12/site-packages/airflow/example_dags/example_task_group.py
[2024-10-04T23:52:54.993+0000] {processor.py:914} INFO - Processing file /home/airflow/.local/lib/python3.12/site-packages/airflow/example_dags/example_task_group.py for tasks to queue
[2024-10-04T23:52:54.998+0000] {logging_mixin.py:190} INFO - [2024-10-04T23:52:54.997+0000] {dagbag.py:587} INFO - Filling up the DagBag from /home/airflow/.local/lib/python3.12/site-packages/airflow/example_dags/example_task_group.py
[2024-10-04T23:52:55.012+0000] {processor.py:925} INFO - DAG(s) 'example_task_group' retrieved from /home/airflow/.local/lib/python3.12/site-packages/airflow/example_dags/example_task_group.py
[2024-10-04T23:52:55.050+0000] {logging_mixin.py:190} INFO - [2024-10-04T23:52:55.049+0000] {dag.py:3229} INFO - Sync 1 DAGs
[2024-10-04T23:52:55.076+0000] {logging_mixin.py:190} INFO - [2024-10-04T23:52:55.075+0000] {dag.py:4156} INFO - Setting next_dagrun for example_task_group to None, run_after=None
[2024-10-04T23:52:55.115+0000] {processor.py:208} INFO - Processing /home/airflow/.local/lib/python3.12/site-packages/airflow/example_dags/example_task_group.py took 0.136 seconds
[2024-10-04T23:53:25.783+0000] {processor.py:186} INFO - Started process (PID=2027) to work on /home/airflow/.local/lib/python3.12/site-packages/airflow/example_dags/example_task_group.py
[2024-10-04T23:53:25.785+0000] {processor.py:914} INFO - Processing file /home/airflow/.local/lib/python3.12/site-packages/airflow/example_dags/example_task_group.py for tasks to queue
[2024-10-04T23:53:25.789+0000] {logging_mixin.py:190} INFO - [2024-10-04T23:53:25.788+0000] {dagbag.py:587} INFO - Filling up the DagBag from /home/airflow/.local/lib/python3.12/site-packages/airflow/example_dags/example_task_group.py
[2024-10-04T23:53:25.801+0000] {processor.py:925} INFO - DAG(s) 'example_task_group' retrieved from /home/airflow/.local/lib/python3.12/site-packages/airflow/example_dags/example_task_group.py
[2024-10-04T23:53:25.831+0000] {logging_mixin.py:190} INFO - [2024-10-04T23:53:25.831+0000] {dag.py:3229} INFO - Sync 1 DAGs
[2024-10-04T23:53:25.852+0000] {logging_mixin.py:190} INFO - [2024-10-04T23:53:25.851+0000] {dag.py:4156} INFO - Setting next_dagrun for example_task_group to None, run_after=None
[2024-10-04T23:53:25.883+0000] {processor.py:208} INFO - Processing /home/airflow/.local/lib/python3.12/site-packages/airflow/example_dags/example_task_group.py took 0.107 seconds
[2024-10-04T23:53:56.236+0000] {processor.py:186} INFO - Started process (PID=2089) to work on /home/airflow/.local/lib/python3.12/site-packages/airflow/example_dags/example_task_group.py
[2024-10-04T23:53:56.237+0000] {processor.py:914} INFO - Processing file /home/airflow/.local/lib/python3.12/site-packages/airflow/example_dags/example_task_group.py for tasks to queue
[2024-10-04T23:53:56.240+0000] {logging_mixin.py:190} INFO - [2024-10-04T23:53:56.239+0000] {dagbag.py:587} INFO - Filling up the DagBag from /home/airflow/.local/lib/python3.12/site-packages/airflow/example_dags/example_task_group.py
[2024-10-04T23:53:56.252+0000] {processor.py:925} INFO - DAG(s) 'example_task_group' retrieved from /home/airflow/.local/lib/python3.12/site-packages/airflow/example_dags/example_task_group.py
[2024-10-04T23:53:56.290+0000] {logging_mixin.py:190} INFO - [2024-10-04T23:53:56.290+0000] {dag.py:3229} INFO - Sync 1 DAGs
[2024-10-04T23:53:56.314+0000] {logging_mixin.py:190} INFO - [2024-10-04T23:53:56.313+0000] {dag.py:4156} INFO - Setting next_dagrun for example_task_group to None, run_after=None
[2024-10-04T23:53:56.342+0000] {processor.py:208} INFO - Processing /home/airflow/.local/lib/python3.12/site-packages/airflow/example_dags/example_task_group.py took 0.116 seconds
[2024-10-04T23:54:26.556+0000] {processor.py:186} INFO - Started process (PID=2151) to work on /home/airflow/.local/lib/python3.12/site-packages/airflow/example_dags/example_task_group.py
[2024-10-04T23:54:26.557+0000] {processor.py:914} INFO - Processing file /home/airflow/.local/lib/python3.12/site-packages/airflow/example_dags/example_task_group.py for tasks to queue
[2024-10-04T23:54:26.561+0000] {logging_mixin.py:190} INFO - [2024-10-04T23:54:26.561+0000] {dagbag.py:587} INFO - Filling up the DagBag from /home/airflow/.local/lib/python3.12/site-packages/airflow/example_dags/example_task_group.py
[2024-10-04T23:54:26.577+0000] {processor.py:925} INFO - DAG(s) 'example_task_group' retrieved from /home/airflow/.local/lib/python3.12/site-packages/airflow/example_dags/example_task_group.py
[2024-10-04T23:54:26.612+0000] {logging_mixin.py:190} INFO - [2024-10-04T23:54:26.612+0000] {dag.py:3229} INFO - Sync 1 DAGs
[2024-10-04T23:54:26.652+0000] {logging_mixin.py:190} INFO - [2024-10-04T23:54:26.652+0000] {dag.py:4156} INFO - Setting next_dagrun for example_task_group to None, run_after=None
[2024-10-04T23:54:26.687+0000] {processor.py:208} INFO - Processing /home/airflow/.local/lib/python3.12/site-packages/airflow/example_dags/example_task_group.py took 0.140 seconds
[2024-10-04T23:54:57.737+0000] {processor.py:186} INFO - Started process (PID=2213) to work on /home/airflow/.local/lib/python3.12/site-packages/airflow/example_dags/example_task_group.py
[2024-10-04T23:54:57.738+0000] {processor.py:914} INFO - Processing file /home/airflow/.local/lib/python3.12/site-packages/airflow/example_dags/example_task_group.py for tasks to queue
[2024-10-04T23:54:57.742+0000] {logging_mixin.py:190} INFO - [2024-10-04T23:54:57.742+0000] {dagbag.py:587} INFO - Filling up the DagBag from /home/airflow/.local/lib/python3.12/site-packages/airflow/example_dags/example_task_group.py
[2024-10-04T23:54:57.753+0000] {processor.py:925} INFO - DAG(s) 'example_task_group' retrieved from /home/airflow/.local/lib/python3.12/site-packages/airflow/example_dags/example_task_group.py
[2024-10-04T23:54:57.783+0000] {logging_mixin.py:190} INFO - [2024-10-04T23:54:57.782+0000] {dag.py:3229} INFO - Sync 1 DAGs
[2024-10-04T23:54:57.803+0000] {logging_mixin.py:190} INFO - [2024-10-04T23:54:57.802+0000] {dag.py:4156} INFO - Setting next_dagrun for example_task_group to None, run_after=None
[2024-10-04T23:54:57.831+0000] {processor.py:208} INFO - Processing /home/airflow/.local/lib/python3.12/site-packages/airflow/example_dags/example_task_group.py took 0.102 seconds
[2024-10-04T23:55:28.596+0000] {processor.py:186} INFO - Started process (PID=2275) to work on /home/airflow/.local/lib/python3.12/site-packages/airflow/example_dags/example_task_group.py
[2024-10-04T23:55:28.598+0000] {processor.py:914} INFO - Processing file /home/airflow/.local/lib/python3.12/site-packages/airflow/example_dags/example_task_group.py for tasks to queue
[2024-10-04T23:55:28.601+0000] {logging_mixin.py:190} INFO - [2024-10-04T23:55:28.601+0000] {dagbag.py:587} INFO - Filling up the DagBag from /home/airflow/.local/lib/python3.12/site-packages/airflow/example_dags/example_task_group.py
[2024-10-04T23:55:28.616+0000] {processor.py:925} INFO - DAG(s) 'example_task_group' retrieved from /home/airflow/.local/lib/python3.12/site-packages/airflow/example_dags/example_task_group.py
[2024-10-04T23:55:28.645+0000] {logging_mixin.py:190} INFO - [2024-10-04T23:55:28.644+0000] {dag.py:3229} INFO - Sync 1 DAGs
[2024-10-04T23:55:28.668+0000] {logging_mixin.py:190} INFO - [2024-10-04T23:55:28.667+0000] {dag.py:4156} INFO - Setting next_dagrun for example_task_group to None, run_after=None
[2024-10-04T23:55:28.703+0000] {processor.py:208} INFO - Processing /home/airflow/.local/lib/python3.12/site-packages/airflow/example_dags/example_task_group.py took 0.114 seconds
[2024-10-04T23:55:58.933+0000] {processor.py:186} INFO - Started process (PID=2337) to work on /home/airflow/.local/lib/python3.12/site-packages/airflow/example_dags/example_task_group.py
[2024-10-04T23:55:58.935+0000] {processor.py:914} INFO - Processing file /home/airflow/.local/lib/python3.12/site-packages/airflow/example_dags/example_task_group.py for tasks to queue
[2024-10-04T23:55:58.939+0000] {logging_mixin.py:190} INFO - [2024-10-04T23:55:58.939+0000] {dagbag.py:587} INFO - Filling up the DagBag from /home/airflow/.local/lib/python3.12/site-packages/airflow/example_dags/example_task_group.py
[2024-10-04T23:55:58.954+0000] {processor.py:925} INFO - DAG(s) 'example_task_group' retrieved from /home/airflow/.local/lib/python3.12/site-packages/airflow/example_dags/example_task_group.py
[2024-10-04T23:55:58.990+0000] {logging_mixin.py:190} INFO - [2024-10-04T23:55:58.989+0000] {dag.py:3229} INFO - Sync 1 DAGs
[2024-10-04T23:55:59.013+0000] {logging_mixin.py:190} INFO - [2024-10-04T23:55:59.013+0000] {dag.py:4156} INFO - Setting next_dagrun for example_task_group to None, run_after=None
[2024-10-04T23:55:59.059+0000] {processor.py:208} INFO - Processing /home/airflow/.local/lib/python3.12/site-packages/airflow/example_dags/example_task_group.py took 0.137 seconds
[2024-10-04T23:56:30.387+0000] {processor.py:186} INFO - Started process (PID=2399) to work on /home/airflow/.local/lib/python3.12/site-packages/airflow/example_dags/example_task_group.py
[2024-10-04T23:56:30.389+0000] {processor.py:914} INFO - Processing file /home/airflow/.local/lib/python3.12/site-packages/airflow/example_dags/example_task_group.py for tasks to queue
[2024-10-04T23:56:30.392+0000] {logging_mixin.py:190} INFO - [2024-10-04T23:56:30.391+0000] {dagbag.py:587} INFO - Filling up the DagBag from /home/airflow/.local/lib/python3.12/site-packages/airflow/example_dags/example_task_group.py
[2024-10-04T23:56:30.402+0000] {processor.py:925} INFO - DAG(s) 'example_task_group' retrieved from /home/airflow/.local/lib/python3.12/site-packages/airflow/example_dags/example_task_group.py
[2024-10-04T23:56:30.431+0000] {logging_mixin.py:190} INFO - [2024-10-04T23:56:30.431+0000] {dag.py:3229} INFO - Sync 1 DAGs
[2024-10-04T23:56:30.453+0000] {logging_mixin.py:190} INFO - [2024-10-04T23:56:30.452+0000] {dag.py:4156} INFO - Setting next_dagrun for example_task_group to None, run_after=None
[2024-10-04T23:56:30.493+0000] {processor.py:208} INFO - Processing /home/airflow/.local/lib/python3.12/site-packages/airflow/example_dags/example_task_group.py took 0.114 seconds
[2024-10-04T23:57:01.745+0000] {processor.py:186} INFO - Started process (PID=2461) to work on /home/airflow/.local/lib/python3.12/site-packages/airflow/example_dags/example_task_group.py
[2024-10-04T23:57:01.747+0000] {processor.py:914} INFO - Processing file /home/airflow/.local/lib/python3.12/site-packages/airflow/example_dags/example_task_group.py for tasks to queue
[2024-10-04T23:57:01.750+0000] {logging_mixin.py:190} INFO - [2024-10-04T23:57:01.749+0000] {dagbag.py:587} INFO - Filling up the DagBag from /home/airflow/.local/lib/python3.12/site-packages/airflow/example_dags/example_task_group.py
[2024-10-04T23:57:01.761+0000] {processor.py:925} INFO - DAG(s) 'example_task_group' retrieved from /home/airflow/.local/lib/python3.12/site-packages/airflow/example_dags/example_task_group.py
[2024-10-04T23:57:01.789+0000] {logging_mixin.py:190} INFO - [2024-10-04T23:57:01.788+0000] {dag.py:3229} INFO - Sync 1 DAGs
[2024-10-04T23:57:01.812+0000] {logging_mixin.py:190} INFO - [2024-10-04T23:57:01.812+0000] {dag.py:4156} INFO - Setting next_dagrun for example_task_group to None, run_after=None
[2024-10-04T23:57:01.855+0000] {processor.py:208} INFO - Processing /home/airflow/.local/lib/python3.12/site-packages/airflow/example_dags/example_task_group.py took 0.119 seconds
[2024-10-04T23:57:32.592+0000] {processor.py:186} INFO - Started process (PID=2523) to work on /home/airflow/.local/lib/python3.12/site-packages/airflow/example_dags/example_task_group.py
[2024-10-04T23:57:32.594+0000] {processor.py:914} INFO - Processing file /home/airflow/.local/lib/python3.12/site-packages/airflow/example_dags/example_task_group.py for tasks to queue
[2024-10-04T23:57:32.597+0000] {logging_mixin.py:190} INFO - [2024-10-04T23:57:32.596+0000] {dagbag.py:587} INFO - Filling up the DagBag from /home/airflow/.local/lib/python3.12/site-packages/airflow/example_dags/example_task_group.py
[2024-10-04T23:57:32.612+0000] {processor.py:925} INFO - DAG(s) 'example_task_group' retrieved from /home/airflow/.local/lib/python3.12/site-packages/airflow/example_dags/example_task_group.py
[2024-10-04T23:57:32.639+0000] {logging_mixin.py:190} INFO - [2024-10-04T23:57:32.639+0000] {dag.py:3229} INFO - Sync 1 DAGs
[2024-10-04T23:57:32.660+0000] {logging_mixin.py:190} INFO - [2024-10-04T23:57:32.659+0000] {dag.py:4156} INFO - Setting next_dagrun for example_task_group to None, run_after=None
[2024-10-04T23:57:32.703+0000] {processor.py:208} INFO - Processing /home/airflow/.local/lib/python3.12/site-packages/airflow/example_dags/example_task_group.py took 0.121 seconds
[2024-10-04T23:58:03.646+0000] {processor.py:186} INFO - Started process (PID=2585) to work on /home/airflow/.local/lib/python3.12/site-packages/airflow/example_dags/example_task_group.py
[2024-10-04T23:58:03.647+0000] {processor.py:914} INFO - Processing file /home/airflow/.local/lib/python3.12/site-packages/airflow/example_dags/example_task_group.py for tasks to queue
[2024-10-04T23:58:03.651+0000] {logging_mixin.py:190} INFO - [2024-10-04T23:58:03.650+0000] {dagbag.py:587} INFO - Filling up the DagBag from /home/airflow/.local/lib/python3.12/site-packages/airflow/example_dags/example_task_group.py
[2024-10-04T23:58:03.661+0000] {processor.py:925} INFO - DAG(s) 'example_task_group' retrieved from /home/airflow/.local/lib/python3.12/site-packages/airflow/example_dags/example_task_group.py
[2024-10-04T23:58:03.691+0000] {logging_mixin.py:190} INFO - [2024-10-04T23:58:03.691+0000] {dag.py:3229} INFO - Sync 1 DAGs
[2024-10-04T23:58:03.719+0000] {logging_mixin.py:190} INFO - [2024-10-04T23:58:03.719+0000] {dag.py:4156} INFO - Setting next_dagrun for example_task_group to None, run_after=None
[2024-10-04T23:58:03.752+0000] {processor.py:208} INFO - Processing /home/airflow/.local/lib/python3.12/site-packages/airflow/example_dags/example_task_group.py took 0.116 seconds
[2024-10-04T23:58:34.303+0000] {processor.py:186} INFO - Started process (PID=2648) to work on /home/airflow/.local/lib/python3.12/site-packages/airflow/example_dags/example_task_group.py
[2024-10-04T23:58:34.304+0000] {processor.py:914} INFO - Processing file /home/airflow/.local/lib/python3.12/site-packages/airflow/example_dags/example_task_group.py for tasks to queue
[2024-10-04T23:58:34.307+0000] {logging_mixin.py:190} INFO - [2024-10-04T23:58:34.307+0000] {dagbag.py:587} INFO - Filling up the DagBag from /home/airflow/.local/lib/python3.12/site-packages/airflow/example_dags/example_task_group.py
[2024-10-04T23:58:34.319+0000] {processor.py:925} INFO - DAG(s) 'example_task_group' retrieved from /home/airflow/.local/lib/python3.12/site-packages/airflow/example_dags/example_task_group.py
[2024-10-04T23:58:34.352+0000] {logging_mixin.py:190} INFO - [2024-10-04T23:58:34.351+0000] {dag.py:3229} INFO - Sync 1 DAGs
[2024-10-04T23:58:34.374+0000] {logging_mixin.py:190} INFO - [2024-10-04T23:58:34.373+0000] {dag.py:4156} INFO - Setting next_dagrun for example_task_group to None, run_after=None
[2024-10-04T23:58:34.418+0000] {processor.py:208} INFO - Processing /home/airflow/.local/lib/python3.12/site-packages/airflow/example_dags/example_task_group.py took 0.124 seconds
[2024-10-04T23:59:05.041+0000] {processor.py:186} INFO - Started process (PID=2710) to work on /home/airflow/.local/lib/python3.12/site-packages/airflow/example_dags/example_task_group.py
[2024-10-04T23:59:05.042+0000] {processor.py:914} INFO - Processing file /home/airflow/.local/lib/python3.12/site-packages/airflow/example_dags/example_task_group.py for tasks to queue
[2024-10-04T23:59:05.046+0000] {logging_mixin.py:190} INFO - [2024-10-04T23:59:05.045+0000] {dagbag.py:587} INFO - Filling up the DagBag from /home/airflow/.local/lib/python3.12/site-packages/airflow/example_dags/example_task_group.py
[2024-10-04T23:59:05.058+0000] {processor.py:925} INFO - DAG(s) 'example_task_group' retrieved from /home/airflow/.local/lib/python3.12/site-packages/airflow/example_dags/example_task_group.py
[2024-10-04T23:59:05.087+0000] {logging_mixin.py:190} INFO - [2024-10-04T23:59:05.087+0000] {dag.py:3229} INFO - Sync 1 DAGs
[2024-10-04T23:59:05.115+0000] {logging_mixin.py:190} INFO - [2024-10-04T23:59:05.115+0000] {dag.py:4156} INFO - Setting next_dagrun for example_task_group to None, run_after=None
[2024-10-04T23:59:05.160+0000] {processor.py:208} INFO - Processing /home/airflow/.local/lib/python3.12/site-packages/airflow/example_dags/example_task_group.py took 0.127 seconds
[2024-10-04T23:59:36.356+0000] {processor.py:186} INFO - Started process (PID=2772) to work on /home/airflow/.local/lib/python3.12/site-packages/airflow/example_dags/example_task_group.py
[2024-10-04T23:59:36.358+0000] {processor.py:914} INFO - Processing file /home/airflow/.local/lib/python3.12/site-packages/airflow/example_dags/example_task_group.py for tasks to queue
[2024-10-04T23:59:36.362+0000] {logging_mixin.py:190} INFO - [2024-10-04T23:59:36.361+0000] {dagbag.py:587} INFO - Filling up the DagBag from /home/airflow/.local/lib/python3.12/site-packages/airflow/example_dags/example_task_group.py
[2024-10-04T23:59:36.376+0000] {processor.py:925} INFO - DAG(s) 'example_task_group' retrieved from /home/airflow/.local/lib/python3.12/site-packages/airflow/example_dags/example_task_group.py
[2024-10-04T23:59:36.410+0000] {logging_mixin.py:190} INFO - [2024-10-04T23:59:36.409+0000] {dag.py:3229} INFO - Sync 1 DAGs
[2024-10-04T23:59:36.436+0000] {logging_mixin.py:190} INFO - [2024-10-04T23:59:36.436+0000] {dag.py:4156} INFO - Setting next_dagrun for example_task_group to None, run_after=None
[2024-10-04T23:59:36.467+0000] {processor.py:208} INFO - Processing /home/airflow/.local/lib/python3.12/site-packages/airflow/example_dags/example_task_group.py took 0.121 seconds
