[2024-10-04T19:16:40.334+0000] {processor.py:186} INFO - Started process (PID=74) to work on /home/airflow/.local/lib/python3.12/site-packages/airflow/example_dags/example_bash_decorator.py
[2024-10-04T19:16:40.342+0000] {processor.py:914} INFO - Processing file /home/airflow/.local/lib/python3.12/site-packages/airflow/example_dags/example_bash_decorator.py for tasks to queue
[2024-10-04T19:16:40.350+0000] {logging_mixin.py:190} INFO - [2024-10-04T19:16:40.349+0000] {dagbag.py:587} INFO - Filling up the DagBag from /home/airflow/.local/lib/python3.12/site-packages/airflow/example_dags/example_bash_decorator.py
[2024-10-04T19:16:40.603+0000] {processor.py:925} INFO - DAG(s) 'example_bash_decorator' retrieved from /home/airflow/.local/lib/python3.12/site-packages/airflow/example_dags/example_bash_decorator.py
[2024-10-04T19:16:41.190+0000] {logging_mixin.py:190} INFO - [2024-10-04T19:16:41.189+0000] {override.py:1900} INFO - Created Permission View: can edit on DAG:example_bash_decorator
[2024-10-04T19:16:41.260+0000] {logging_mixin.py:190} INFO - [2024-10-04T19:16:41.259+0000] {override.py:1900} INFO - Created Permission View: can read on DAG:example_bash_decorator
[2024-10-04T19:16:41.323+0000] {logging_mixin.py:190} INFO - [2024-10-04T19:16:41.322+0000] {override.py:1900} INFO - Created Permission View: can delete on DAG:example_bash_decorator
[2024-10-04T19:16:41.383+0000] {logging_mixin.py:190} INFO - [2024-10-04T19:16:41.375+0000] {override.py:1900} INFO - Created Permission View: can read on DAG Run:example_bash_decorator
[2024-10-04T19:16:41.482+0000] {logging_mixin.py:190} INFO - [2024-10-04T19:16:41.482+0000] {override.py:1900} INFO - Created Permission View: can delete on DAG Run:example_bash_decorator
[2024-10-04T19:16:41.646+0000] {logging_mixin.py:190} INFO - [2024-10-04T19:16:41.645+0000] {override.py:1900} INFO - Created Permission View: can create on DAG Run:example_bash_decorator
[2024-10-04T19:16:41.769+0000] {logging_mixin.py:190} INFO - [2024-10-04T19:16:41.726+0000] {override.py:1900} INFO - Created Permission View: menu access on DAG Run:example_bash_decorator
[2024-10-04T19:16:41.773+0000] {logging_mixin.py:190} INFO - [2024-10-04T19:16:41.773+0000] {dag.py:3229} INFO - Sync 1 DAGs
[2024-10-04T19:16:41.875+0000] {logging_mixin.py:190} INFO - [2024-10-04T19:16:41.875+0000] {dag.py:3252} INFO - Creating ORM DAG for example_bash_decorator
[2024-10-04T19:16:41.879+0000] {logging_mixin.py:190} INFO - [2024-10-04T19:16:41.879+0000] {dag.py:4156} INFO - Setting next_dagrun for example_bash_decorator to None, run_after=None
[2024-10-04T19:16:41.949+0000] {processor.py:208} INFO - Processing /home/airflow/.local/lib/python3.12/site-packages/airflow/example_dags/example_bash_decorator.py took 1.638 seconds
[2024-10-04T19:17:41.010+0000] {processor.py:186} INFO - Started process (PID=69) to work on /home/airflow/.local/lib/python3.12/site-packages/airflow/example_dags/example_bash_decorator.py
[2024-10-04T19:17:41.012+0000] {processor.py:914} INFO - Processing file /home/airflow/.local/lib/python3.12/site-packages/airflow/example_dags/example_bash_decorator.py for tasks to queue
[2024-10-04T19:17:41.022+0000] {logging_mixin.py:190} INFO - [2024-10-04T19:17:41.021+0000] {dagbag.py:587} INFO - Filling up the DagBag from /home/airflow/.local/lib/python3.12/site-packages/airflow/example_dags/example_bash_decorator.py
[2024-10-04T19:17:41.070+0000] {processor.py:925} INFO - DAG(s) 'example_bash_decorator' retrieved from /home/airflow/.local/lib/python3.12/site-packages/airflow/example_dags/example_bash_decorator.py
[2024-10-04T19:17:41.475+0000] {logging_mixin.py:190} INFO - [2024-10-04T19:17:41.474+0000] {dag.py:3229} INFO - Sync 1 DAGs
[2024-10-04T19:17:41.523+0000] {logging_mixin.py:190} INFO - [2024-10-04T19:17:41.523+0000] {dag.py:4156} INFO - Setting next_dagrun for example_bash_decorator to None, run_after=None
[2024-10-04T19:17:41.589+0000] {processor.py:208} INFO - Processing /home/airflow/.local/lib/python3.12/site-packages/airflow/example_dags/example_bash_decorator.py took 0.597 seconds
[2024-10-04T19:18:12.088+0000] {processor.py:186} INFO - Started process (PID=130) to work on /home/airflow/.local/lib/python3.12/site-packages/airflow/example_dags/example_bash_decorator.py
[2024-10-04T19:18:12.090+0000] {processor.py:914} INFO - Processing file /home/airflow/.local/lib/python3.12/site-packages/airflow/example_dags/example_bash_decorator.py for tasks to queue
[2024-10-04T19:18:12.093+0000] {logging_mixin.py:190} INFO - [2024-10-04T19:18:12.092+0000] {dagbag.py:587} INFO - Filling up the DagBag from /home/airflow/.local/lib/python3.12/site-packages/airflow/example_dags/example_bash_decorator.py
[2024-10-04T19:18:12.128+0000] {processor.py:925} INFO - DAG(s) 'example_bash_decorator' retrieved from /home/airflow/.local/lib/python3.12/site-packages/airflow/example_dags/example_bash_decorator.py
[2024-10-04T19:18:12.179+0000] {logging_mixin.py:190} INFO - [2024-10-04T19:18:12.178+0000] {dag.py:3229} INFO - Sync 1 DAGs
[2024-10-04T19:18:12.223+0000] {logging_mixin.py:190} INFO - [2024-10-04T19:18:12.223+0000] {dag.py:4156} INFO - Setting next_dagrun for example_bash_decorator to None, run_after=None
[2024-10-04T19:18:12.273+0000] {processor.py:208} INFO - Processing /home/airflow/.local/lib/python3.12/site-packages/airflow/example_dags/example_bash_decorator.py took 0.195 seconds
[2024-10-04T19:18:42.743+0000] {processor.py:186} INFO - Started process (PID=192) to work on /home/airflow/.local/lib/python3.12/site-packages/airflow/example_dags/example_bash_decorator.py
[2024-10-04T19:18:42.746+0000] {processor.py:914} INFO - Processing file /home/airflow/.local/lib/python3.12/site-packages/airflow/example_dags/example_bash_decorator.py for tasks to queue
[2024-10-04T19:18:42.759+0000] {logging_mixin.py:190} INFO - [2024-10-04T19:18:42.758+0000] {dagbag.py:587} INFO - Filling up the DagBag from /home/airflow/.local/lib/python3.12/site-packages/airflow/example_dags/example_bash_decorator.py
[2024-10-04T19:18:42.830+0000] {processor.py:925} INFO - DAG(s) 'example_bash_decorator' retrieved from /home/airflow/.local/lib/python3.12/site-packages/airflow/example_dags/example_bash_decorator.py
[2024-10-04T19:18:42.954+0000] {logging_mixin.py:190} INFO - [2024-10-04T19:18:42.954+0000] {dag.py:3229} INFO - Sync 1 DAGs
[2024-10-04T19:18:43.014+0000] {logging_mixin.py:190} INFO - [2024-10-04T19:18:43.013+0000] {dag.py:4156} INFO - Setting next_dagrun for example_bash_decorator to None, run_after=None
[2024-10-04T19:18:43.095+0000] {processor.py:208} INFO - Processing /home/airflow/.local/lib/python3.12/site-packages/airflow/example_dags/example_bash_decorator.py took 0.375 seconds
[2024-10-04T23:37:16.239+0000] {processor.py:186} INFO - Started process (PID=65) to work on /home/airflow/.local/lib/python3.12/site-packages/airflow/example_dags/example_bash_decorator.py
[2024-10-04T23:37:16.241+0000] {processor.py:914} INFO - Processing file /home/airflow/.local/lib/python3.12/site-packages/airflow/example_dags/example_bash_decorator.py for tasks to queue
[2024-10-04T23:37:16.252+0000] {logging_mixin.py:190} INFO - [2024-10-04T23:37:16.252+0000] {dagbag.py:587} INFO - Filling up the DagBag from /home/airflow/.local/lib/python3.12/site-packages/airflow/example_dags/example_bash_decorator.py
[2024-10-04T23:37:16.282+0000] {processor.py:925} INFO - DAG(s) 'example_bash_decorator' retrieved from /home/airflow/.local/lib/python3.12/site-packages/airflow/example_dags/example_bash_decorator.py
[2024-10-04T23:37:16.632+0000] {logging_mixin.py:190} INFO - [2024-10-04T23:37:16.631+0000] {dag.py:3229} INFO - Sync 1 DAGs
[2024-10-04T23:37:16.654+0000] {logging_mixin.py:190} INFO - [2024-10-04T23:37:16.654+0000] {dag.py:4156} INFO - Setting next_dagrun for example_bash_decorator to None, run_after=None
[2024-10-04T23:37:16.693+0000] {processor.py:208} INFO - Processing /home/airflow/.local/lib/python3.12/site-packages/airflow/example_dags/example_bash_decorator.py took 0.464 seconds
[2024-10-04T23:37:46.961+0000] {processor.py:186} INFO - Started process (PID=127) to work on /home/airflow/.local/lib/python3.12/site-packages/airflow/example_dags/example_bash_decorator.py
[2024-10-04T23:37:46.964+0000] {processor.py:914} INFO - Processing file /home/airflow/.local/lib/python3.12/site-packages/airflow/example_dags/example_bash_decorator.py for tasks to queue
[2024-10-04T23:37:46.968+0000] {logging_mixin.py:190} INFO - [2024-10-04T23:37:46.968+0000] {dagbag.py:587} INFO - Filling up the DagBag from /home/airflow/.local/lib/python3.12/site-packages/airflow/example_dags/example_bash_decorator.py
[2024-10-04T23:37:47.002+0000] {processor.py:925} INFO - DAG(s) 'example_bash_decorator' retrieved from /home/airflow/.local/lib/python3.12/site-packages/airflow/example_dags/example_bash_decorator.py
[2024-10-04T23:37:47.070+0000] {logging_mixin.py:190} INFO - [2024-10-04T23:37:47.070+0000] {dag.py:3229} INFO - Sync 1 DAGs
[2024-10-04T23:37:47.102+0000] {logging_mixin.py:190} INFO - [2024-10-04T23:37:47.102+0000] {dag.py:4156} INFO - Setting next_dagrun for example_bash_decorator to None, run_after=None
[2024-10-04T23:37:47.133+0000] {processor.py:208} INFO - Processing /home/airflow/.local/lib/python3.12/site-packages/airflow/example_dags/example_bash_decorator.py took 0.181 seconds
[2024-10-04T23:38:17.412+0000] {processor.py:186} INFO - Started process (PID=189) to work on /home/airflow/.local/lib/python3.12/site-packages/airflow/example_dags/example_bash_decorator.py
[2024-10-04T23:38:17.414+0000] {processor.py:914} INFO - Processing file /home/airflow/.local/lib/python3.12/site-packages/airflow/example_dags/example_bash_decorator.py for tasks to queue
[2024-10-04T23:38:17.421+0000] {logging_mixin.py:190} INFO - [2024-10-04T23:38:17.420+0000] {dagbag.py:587} INFO - Filling up the DagBag from /home/airflow/.local/lib/python3.12/site-packages/airflow/example_dags/example_bash_decorator.py
[2024-10-04T23:38:17.448+0000] {processor.py:925} INFO - DAG(s) 'example_bash_decorator' retrieved from /home/airflow/.local/lib/python3.12/site-packages/airflow/example_dags/example_bash_decorator.py
[2024-10-04T23:38:17.495+0000] {logging_mixin.py:190} INFO - [2024-10-04T23:38:17.495+0000] {dag.py:3229} INFO - Sync 1 DAGs
[2024-10-04T23:38:17.533+0000] {logging_mixin.py:190} INFO - [2024-10-04T23:38:17.532+0000] {dag.py:4156} INFO - Setting next_dagrun for example_bash_decorator to None, run_after=None
[2024-10-04T23:38:17.567+0000] {processor.py:208} INFO - Processing /home/airflow/.local/lib/python3.12/site-packages/airflow/example_dags/example_bash_decorator.py took 0.168 seconds
[2024-10-04T23:38:48.075+0000] {processor.py:186} INFO - Started process (PID=251) to work on /home/airflow/.local/lib/python3.12/site-packages/airflow/example_dags/example_bash_decorator.py
[2024-10-04T23:38:48.077+0000] {processor.py:914} INFO - Processing file /home/airflow/.local/lib/python3.12/site-packages/airflow/example_dags/example_bash_decorator.py for tasks to queue
[2024-10-04T23:38:48.081+0000] {logging_mixin.py:190} INFO - [2024-10-04T23:38:48.081+0000] {dagbag.py:587} INFO - Filling up the DagBag from /home/airflow/.local/lib/python3.12/site-packages/airflow/example_dags/example_bash_decorator.py
[2024-10-04T23:38:48.110+0000] {processor.py:925} INFO - DAG(s) 'example_bash_decorator' retrieved from /home/airflow/.local/lib/python3.12/site-packages/airflow/example_dags/example_bash_decorator.py
[2024-10-04T23:38:48.148+0000] {logging_mixin.py:190} INFO - [2024-10-04T23:38:48.148+0000] {dag.py:3229} INFO - Sync 1 DAGs
[2024-10-04T23:38:48.168+0000] {logging_mixin.py:190} INFO - [2024-10-04T23:38:48.168+0000] {dag.py:4156} INFO - Setting next_dagrun for example_bash_decorator to None, run_after=None
[2024-10-04T23:38:48.204+0000] {processor.py:208} INFO - Processing /home/airflow/.local/lib/python3.12/site-packages/airflow/example_dags/example_bash_decorator.py took 0.139 seconds
[2024-10-04T23:39:19.292+0000] {processor.py:186} INFO - Started process (PID=313) to work on /home/airflow/.local/lib/python3.12/site-packages/airflow/example_dags/example_bash_decorator.py
[2024-10-04T23:39:19.293+0000] {processor.py:914} INFO - Processing file /home/airflow/.local/lib/python3.12/site-packages/airflow/example_dags/example_bash_decorator.py for tasks to queue
[2024-10-04T23:39:19.297+0000] {logging_mixin.py:190} INFO - [2024-10-04T23:39:19.296+0000] {dagbag.py:587} INFO - Filling up the DagBag from /home/airflow/.local/lib/python3.12/site-packages/airflow/example_dags/example_bash_decorator.py
[2024-10-04T23:39:19.320+0000] {processor.py:925} INFO - DAG(s) 'example_bash_decorator' retrieved from /home/airflow/.local/lib/python3.12/site-packages/airflow/example_dags/example_bash_decorator.py
[2024-10-04T23:39:19.357+0000] {logging_mixin.py:190} INFO - [2024-10-04T23:39:19.356+0000] {dag.py:3229} INFO - Sync 1 DAGs
[2024-10-04T23:39:19.379+0000] {logging_mixin.py:190} INFO - [2024-10-04T23:39:19.379+0000] {dag.py:4156} INFO - Setting next_dagrun for example_bash_decorator to None, run_after=None
[2024-10-04T23:39:19.414+0000] {processor.py:208} INFO - Processing /home/airflow/.local/lib/python3.12/site-packages/airflow/example_dags/example_bash_decorator.py took 0.129 seconds
[2024-10-04T23:39:50.422+0000] {processor.py:186} INFO - Started process (PID=375) to work on /home/airflow/.local/lib/python3.12/site-packages/airflow/example_dags/example_bash_decorator.py
[2024-10-04T23:39:50.424+0000] {processor.py:914} INFO - Processing file /home/airflow/.local/lib/python3.12/site-packages/airflow/example_dags/example_bash_decorator.py for tasks to queue
[2024-10-04T23:39:50.428+0000] {logging_mixin.py:190} INFO - [2024-10-04T23:39:50.428+0000] {dagbag.py:587} INFO - Filling up the DagBag from /home/airflow/.local/lib/python3.12/site-packages/airflow/example_dags/example_bash_decorator.py
[2024-10-04T23:39:50.456+0000] {processor.py:925} INFO - DAG(s) 'example_bash_decorator' retrieved from /home/airflow/.local/lib/python3.12/site-packages/airflow/example_dags/example_bash_decorator.py
[2024-10-04T23:39:50.492+0000] {logging_mixin.py:190} INFO - [2024-10-04T23:39:50.492+0000] {dag.py:3229} INFO - Sync 1 DAGs
[2024-10-04T23:39:50.511+0000] {logging_mixin.py:190} INFO - [2024-10-04T23:39:50.510+0000] {dag.py:4156} INFO - Setting next_dagrun for example_bash_decorator to None, run_after=None
[2024-10-04T23:39:50.557+0000] {processor.py:208} INFO - Processing /home/airflow/.local/lib/python3.12/site-packages/airflow/example_dags/example_bash_decorator.py took 0.146 seconds
[2024-10-04T23:40:21.228+0000] {processor.py:186} INFO - Started process (PID=437) to work on /home/airflow/.local/lib/python3.12/site-packages/airflow/example_dags/example_bash_decorator.py
[2024-10-04T23:40:21.230+0000] {processor.py:914} INFO - Processing file /home/airflow/.local/lib/python3.12/site-packages/airflow/example_dags/example_bash_decorator.py for tasks to queue
[2024-10-04T23:40:21.235+0000] {logging_mixin.py:190} INFO - [2024-10-04T23:40:21.234+0000] {dagbag.py:587} INFO - Filling up the DagBag from /home/airflow/.local/lib/python3.12/site-packages/airflow/example_dags/example_bash_decorator.py
[2024-10-04T23:40:21.262+0000] {processor.py:925} INFO - DAG(s) 'example_bash_decorator' retrieved from /home/airflow/.local/lib/python3.12/site-packages/airflow/example_dags/example_bash_decorator.py
[2024-10-04T23:40:21.295+0000] {logging_mixin.py:190} INFO - [2024-10-04T23:40:21.295+0000] {dag.py:3229} INFO - Sync 1 DAGs
[2024-10-04T23:40:21.317+0000] {logging_mixin.py:190} INFO - [2024-10-04T23:40:21.316+0000] {dag.py:4156} INFO - Setting next_dagrun for example_bash_decorator to None, run_after=None
[2024-10-04T23:40:21.354+0000] {processor.py:208} INFO - Processing /home/airflow/.local/lib/python3.12/site-packages/airflow/example_dags/example_bash_decorator.py took 0.134 seconds
[2024-10-04T23:40:51.591+0000] {processor.py:186} INFO - Started process (PID=499) to work on /home/airflow/.local/lib/python3.12/site-packages/airflow/example_dags/example_bash_decorator.py
[2024-10-04T23:40:51.592+0000] {processor.py:914} INFO - Processing file /home/airflow/.local/lib/python3.12/site-packages/airflow/example_dags/example_bash_decorator.py for tasks to queue
[2024-10-04T23:40:51.596+0000] {logging_mixin.py:190} INFO - [2024-10-04T23:40:51.595+0000] {dagbag.py:587} INFO - Filling up the DagBag from /home/airflow/.local/lib/python3.12/site-packages/airflow/example_dags/example_bash_decorator.py
[2024-10-04T23:40:51.617+0000] {processor.py:925} INFO - DAG(s) 'example_bash_decorator' retrieved from /home/airflow/.local/lib/python3.12/site-packages/airflow/example_dags/example_bash_decorator.py
[2024-10-04T23:40:51.651+0000] {logging_mixin.py:190} INFO - [2024-10-04T23:40:51.650+0000] {dag.py:3229} INFO - Sync 1 DAGs
[2024-10-04T23:40:51.670+0000] {logging_mixin.py:190} INFO - [2024-10-04T23:40:51.670+0000] {dag.py:4156} INFO - Setting next_dagrun for example_bash_decorator to None, run_after=None
[2024-10-04T23:40:51.702+0000] {processor.py:208} INFO - Processing /home/airflow/.local/lib/python3.12/site-packages/airflow/example_dags/example_bash_decorator.py took 0.121 seconds
[2024-10-04T23:41:22.283+0000] {processor.py:186} INFO - Started process (PID=562) to work on /home/airflow/.local/lib/python3.12/site-packages/airflow/example_dags/example_bash_decorator.py
[2024-10-04T23:41:22.284+0000] {processor.py:914} INFO - Processing file /home/airflow/.local/lib/python3.12/site-packages/airflow/example_dags/example_bash_decorator.py for tasks to queue
[2024-10-04T23:41:22.288+0000] {logging_mixin.py:190} INFO - [2024-10-04T23:41:22.287+0000] {dagbag.py:587} INFO - Filling up the DagBag from /home/airflow/.local/lib/python3.12/site-packages/airflow/example_dags/example_bash_decorator.py
[2024-10-04T23:41:22.308+0000] {processor.py:925} INFO - DAG(s) 'example_bash_decorator' retrieved from /home/airflow/.local/lib/python3.12/site-packages/airflow/example_dags/example_bash_decorator.py
[2024-10-04T23:41:22.337+0000] {logging_mixin.py:190} INFO - [2024-10-04T23:41:22.337+0000] {dag.py:3229} INFO - Sync 1 DAGs
[2024-10-04T23:41:22.355+0000] {logging_mixin.py:190} INFO - [2024-10-04T23:41:22.355+0000] {dag.py:4156} INFO - Setting next_dagrun for example_bash_decorator to None, run_after=None
[2024-10-04T23:41:22.383+0000] {processor.py:208} INFO - Processing /home/airflow/.local/lib/python3.12/site-packages/airflow/example_dags/example_bash_decorator.py took 0.109 seconds
[2024-10-04T23:41:52.669+0000] {processor.py:186} INFO - Started process (PID=623) to work on /home/airflow/.local/lib/python3.12/site-packages/airflow/example_dags/example_bash_decorator.py
[2024-10-04T23:41:52.671+0000] {processor.py:914} INFO - Processing file /home/airflow/.local/lib/python3.12/site-packages/airflow/example_dags/example_bash_decorator.py for tasks to queue
[2024-10-04T23:41:52.674+0000] {logging_mixin.py:190} INFO - [2024-10-04T23:41:52.674+0000] {dagbag.py:587} INFO - Filling up the DagBag from /home/airflow/.local/lib/python3.12/site-packages/airflow/example_dags/example_bash_decorator.py
[2024-10-04T23:41:52.694+0000] {processor.py:925} INFO - DAG(s) 'example_bash_decorator' retrieved from /home/airflow/.local/lib/python3.12/site-packages/airflow/example_dags/example_bash_decorator.py
[2024-10-04T23:41:52.733+0000] {logging_mixin.py:190} INFO - [2024-10-04T23:41:52.733+0000] {dag.py:3229} INFO - Sync 1 DAGs
[2024-10-04T23:41:52.752+0000] {logging_mixin.py:190} INFO - [2024-10-04T23:41:52.752+0000] {dag.py:4156} INFO - Setting next_dagrun for example_bash_decorator to None, run_after=None
[2024-10-04T23:41:52.799+0000] {processor.py:208} INFO - Processing /home/airflow/.local/lib/python3.12/site-packages/airflow/example_dags/example_bash_decorator.py took 0.138 seconds
[2024-10-04T23:42:23.130+0000] {processor.py:186} INFO - Started process (PID=685) to work on /home/airflow/.local/lib/python3.12/site-packages/airflow/example_dags/example_bash_decorator.py
[2024-10-04T23:42:23.131+0000] {processor.py:914} INFO - Processing file /home/airflow/.local/lib/python3.12/site-packages/airflow/example_dags/example_bash_decorator.py for tasks to queue
[2024-10-04T23:42:23.136+0000] {logging_mixin.py:190} INFO - [2024-10-04T23:42:23.135+0000] {dagbag.py:587} INFO - Filling up the DagBag from /home/airflow/.local/lib/python3.12/site-packages/airflow/example_dags/example_bash_decorator.py
[2024-10-04T23:42:23.160+0000] {processor.py:925} INFO - DAG(s) 'example_bash_decorator' retrieved from /home/airflow/.local/lib/python3.12/site-packages/airflow/example_dags/example_bash_decorator.py
[2024-10-04T23:42:23.197+0000] {logging_mixin.py:190} INFO - [2024-10-04T23:42:23.197+0000] {dag.py:3229} INFO - Sync 1 DAGs
[2024-10-04T23:42:23.217+0000] {logging_mixin.py:190} INFO - [2024-10-04T23:42:23.216+0000] {dag.py:4156} INFO - Setting next_dagrun for example_bash_decorator to None, run_after=None
[2024-10-04T23:42:23.248+0000] {processor.py:208} INFO - Processing /home/airflow/.local/lib/python3.12/site-packages/airflow/example_dags/example_bash_decorator.py took 0.128 seconds
[2024-10-04T23:42:53.750+0000] {processor.py:186} INFO - Started process (PID=748) to work on /home/airflow/.local/lib/python3.12/site-packages/airflow/example_dags/example_bash_decorator.py
[2024-10-04T23:42:53.752+0000] {processor.py:914} INFO - Processing file /home/airflow/.local/lib/python3.12/site-packages/airflow/example_dags/example_bash_decorator.py for tasks to queue
[2024-10-04T23:42:53.755+0000] {logging_mixin.py:190} INFO - [2024-10-04T23:42:53.754+0000] {dagbag.py:587} INFO - Filling up the DagBag from /home/airflow/.local/lib/python3.12/site-packages/airflow/example_dags/example_bash_decorator.py
[2024-10-04T23:42:53.778+0000] {processor.py:925} INFO - DAG(s) 'example_bash_decorator' retrieved from /home/airflow/.local/lib/python3.12/site-packages/airflow/example_dags/example_bash_decorator.py
[2024-10-04T23:42:53.809+0000] {logging_mixin.py:190} INFO - [2024-10-04T23:42:53.808+0000] {dag.py:3229} INFO - Sync 1 DAGs
[2024-10-04T23:42:53.830+0000] {logging_mixin.py:190} INFO - [2024-10-04T23:42:53.829+0000] {dag.py:4156} INFO - Setting next_dagrun for example_bash_decorator to None, run_after=None
[2024-10-04T23:42:53.861+0000] {processor.py:208} INFO - Processing /home/airflow/.local/lib/python3.12/site-packages/airflow/example_dags/example_bash_decorator.py took 0.122 seconds
[2024-10-04T23:43:24.945+0000] {processor.py:186} INFO - Started process (PID=810) to work on /home/airflow/.local/lib/python3.12/site-packages/airflow/example_dags/example_bash_decorator.py
[2024-10-04T23:43:24.946+0000] {processor.py:914} INFO - Processing file /home/airflow/.local/lib/python3.12/site-packages/airflow/example_dags/example_bash_decorator.py for tasks to queue
[2024-10-04T23:43:24.950+0000] {logging_mixin.py:190} INFO - [2024-10-04T23:43:24.950+0000] {dagbag.py:587} INFO - Filling up the DagBag from /home/airflow/.local/lib/python3.12/site-packages/airflow/example_dags/example_bash_decorator.py
[2024-10-04T23:43:24.983+0000] {processor.py:925} INFO - DAG(s) 'example_bash_decorator' retrieved from /home/airflow/.local/lib/python3.12/site-packages/airflow/example_dags/example_bash_decorator.py
[2024-10-04T23:43:25.024+0000] {logging_mixin.py:190} INFO - [2024-10-04T23:43:25.023+0000] {dag.py:3229} INFO - Sync 1 DAGs
[2024-10-04T23:43:25.052+0000] {logging_mixin.py:190} INFO - [2024-10-04T23:43:25.052+0000] {dag.py:4156} INFO - Setting next_dagrun for example_bash_decorator to None, run_after=None
[2024-10-04T23:43:25.104+0000] {processor.py:208} INFO - Processing /home/airflow/.local/lib/python3.12/site-packages/airflow/example_dags/example_bash_decorator.py took 0.170 seconds
[2024-10-04T23:43:56.062+0000] {processor.py:186} INFO - Started process (PID=871) to work on /home/airflow/.local/lib/python3.12/site-packages/airflow/example_dags/example_bash_decorator.py
[2024-10-04T23:43:56.064+0000] {processor.py:914} INFO - Processing file /home/airflow/.local/lib/python3.12/site-packages/airflow/example_dags/example_bash_decorator.py for tasks to queue
[2024-10-04T23:43:56.068+0000] {logging_mixin.py:190} INFO - [2024-10-04T23:43:56.067+0000] {dagbag.py:587} INFO - Filling up the DagBag from /home/airflow/.local/lib/python3.12/site-packages/airflow/example_dags/example_bash_decorator.py
[2024-10-04T23:43:56.105+0000] {processor.py:925} INFO - DAG(s) 'example_bash_decorator' retrieved from /home/airflow/.local/lib/python3.12/site-packages/airflow/example_dags/example_bash_decorator.py
[2024-10-04T23:43:56.147+0000] {logging_mixin.py:190} INFO - [2024-10-04T23:43:56.147+0000] {dag.py:3229} INFO - Sync 1 DAGs
[2024-10-04T23:43:56.174+0000] {logging_mixin.py:190} INFO - [2024-10-04T23:43:56.174+0000] {dag.py:4156} INFO - Setting next_dagrun for example_bash_decorator to None, run_after=None
[2024-10-04T23:43:56.212+0000] {processor.py:208} INFO - Processing /home/airflow/.local/lib/python3.12/site-packages/airflow/example_dags/example_bash_decorator.py took 0.162 seconds
[2024-10-04T23:44:26.520+0000] {processor.py:186} INFO - Started process (PID=933) to work on /home/airflow/.local/lib/python3.12/site-packages/airflow/example_dags/example_bash_decorator.py
[2024-10-04T23:44:26.522+0000] {processor.py:914} INFO - Processing file /home/airflow/.local/lib/python3.12/site-packages/airflow/example_dags/example_bash_decorator.py for tasks to queue
[2024-10-04T23:44:26.526+0000] {logging_mixin.py:190} INFO - [2024-10-04T23:44:26.525+0000] {dagbag.py:587} INFO - Filling up the DagBag from /home/airflow/.local/lib/python3.12/site-packages/airflow/example_dags/example_bash_decorator.py
[2024-10-04T23:44:26.554+0000] {processor.py:925} INFO - DAG(s) 'example_bash_decorator' retrieved from /home/airflow/.local/lib/python3.12/site-packages/airflow/example_dags/example_bash_decorator.py
[2024-10-04T23:44:26.587+0000] {logging_mixin.py:190} INFO - [2024-10-04T23:44:26.587+0000] {dag.py:3229} INFO - Sync 1 DAGs
[2024-10-04T23:44:26.607+0000] {logging_mixin.py:190} INFO - [2024-10-04T23:44:26.607+0000] {dag.py:4156} INFO - Setting next_dagrun for example_bash_decorator to None, run_after=None
[2024-10-04T23:44:26.639+0000] {processor.py:208} INFO - Processing /home/airflow/.local/lib/python3.12/site-packages/airflow/example_dags/example_bash_decorator.py took 0.128 seconds
[2024-10-04T23:44:57.609+0000] {processor.py:186} INFO - Started process (PID=995) to work on /home/airflow/.local/lib/python3.12/site-packages/airflow/example_dags/example_bash_decorator.py
[2024-10-04T23:44:57.610+0000] {processor.py:914} INFO - Processing file /home/airflow/.local/lib/python3.12/site-packages/airflow/example_dags/example_bash_decorator.py for tasks to queue
[2024-10-04T23:44:57.614+0000] {logging_mixin.py:190} INFO - [2024-10-04T23:44:57.613+0000] {dagbag.py:587} INFO - Filling up the DagBag from /home/airflow/.local/lib/python3.12/site-packages/airflow/example_dags/example_bash_decorator.py
[2024-10-04T23:44:57.634+0000] {processor.py:925} INFO - DAG(s) 'example_bash_decorator' retrieved from /home/airflow/.local/lib/python3.12/site-packages/airflow/example_dags/example_bash_decorator.py
[2024-10-04T23:44:57.668+0000] {logging_mixin.py:190} INFO - [2024-10-04T23:44:57.668+0000] {dag.py:3229} INFO - Sync 1 DAGs
[2024-10-04T23:44:57.692+0000] {logging_mixin.py:190} INFO - [2024-10-04T23:44:57.691+0000] {dag.py:4156} INFO - Setting next_dagrun for example_bash_decorator to None, run_after=None
[2024-10-04T23:44:57.730+0000] {processor.py:208} INFO - Processing /home/airflow/.local/lib/python3.12/site-packages/airflow/example_dags/example_bash_decorator.py took 0.129 seconds
[2024-10-04T23:45:28.111+0000] {processor.py:186} INFO - Started process (PID=1057) to work on /home/airflow/.local/lib/python3.12/site-packages/airflow/example_dags/example_bash_decorator.py
[2024-10-04T23:45:28.113+0000] {processor.py:914} INFO - Processing file /home/airflow/.local/lib/python3.12/site-packages/airflow/example_dags/example_bash_decorator.py for tasks to queue
[2024-10-04T23:45:28.116+0000] {logging_mixin.py:190} INFO - [2024-10-04T23:45:28.116+0000] {dagbag.py:587} INFO - Filling up the DagBag from /home/airflow/.local/lib/python3.12/site-packages/airflow/example_dags/example_bash_decorator.py
[2024-10-04T23:45:28.137+0000] {processor.py:925} INFO - DAG(s) 'example_bash_decorator' retrieved from /home/airflow/.local/lib/python3.12/site-packages/airflow/example_dags/example_bash_decorator.py
[2024-10-04T23:45:28.172+0000] {logging_mixin.py:190} INFO - [2024-10-04T23:45:28.172+0000] {dag.py:3229} INFO - Sync 1 DAGs
[2024-10-04T23:45:28.193+0000] {logging_mixin.py:190} INFO - [2024-10-04T23:45:28.192+0000] {dag.py:4156} INFO - Setting next_dagrun for example_bash_decorator to None, run_after=None
[2024-10-04T23:45:28.224+0000] {processor.py:208} INFO - Processing /home/airflow/.local/lib/python3.12/site-packages/airflow/example_dags/example_bash_decorator.py took 0.122 seconds
[2024-10-04T23:46:00.098+0000] {processor.py:186} INFO - Started process (PID=1119) to work on /home/airflow/.local/lib/python3.12/site-packages/airflow/example_dags/example_bash_decorator.py
[2024-10-04T23:46:00.106+0000] {processor.py:914} INFO - Processing file /home/airflow/.local/lib/python3.12/site-packages/airflow/example_dags/example_bash_decorator.py for tasks to queue
[2024-10-04T23:46:00.117+0000] {logging_mixin.py:190} INFO - [2024-10-04T23:46:00.116+0000] {dagbag.py:587} INFO - Filling up the DagBag from /home/airflow/.local/lib/python3.12/site-packages/airflow/example_dags/example_bash_decorator.py
[2024-10-04T23:46:00.214+0000] {processor.py:925} INFO - DAG(s) 'example_bash_decorator' retrieved from /home/airflow/.local/lib/python3.12/site-packages/airflow/example_dags/example_bash_decorator.py
[2024-10-04T23:46:00.347+0000] {logging_mixin.py:190} INFO - [2024-10-04T23:46:00.336+0000] {dag.py:3229} INFO - Sync 1 DAGs
[2024-10-04T23:46:00.446+0000] {logging_mixin.py:190} INFO - [2024-10-04T23:46:00.445+0000] {dag.py:4156} INFO - Setting next_dagrun for example_bash_decorator to None, run_after=None
[2024-10-04T23:46:00.636+0000] {processor.py:208} INFO - Processing /home/airflow/.local/lib/python3.12/site-packages/airflow/example_dags/example_bash_decorator.py took 0.559 seconds
[2024-10-04T23:46:31.567+0000] {processor.py:186} INFO - Started process (PID=1181) to work on /home/airflow/.local/lib/python3.12/site-packages/airflow/example_dags/example_bash_decorator.py
[2024-10-04T23:46:31.568+0000] {processor.py:914} INFO - Processing file /home/airflow/.local/lib/python3.12/site-packages/airflow/example_dags/example_bash_decorator.py for tasks to queue
[2024-10-04T23:46:31.571+0000] {logging_mixin.py:190} INFO - [2024-10-04T23:46:31.571+0000] {dagbag.py:587} INFO - Filling up the DagBag from /home/airflow/.local/lib/python3.12/site-packages/airflow/example_dags/example_bash_decorator.py
[2024-10-04T23:46:31.591+0000] {processor.py:925} INFO - DAG(s) 'example_bash_decorator' retrieved from /home/airflow/.local/lib/python3.12/site-packages/airflow/example_dags/example_bash_decorator.py
[2024-10-04T23:46:31.629+0000] {logging_mixin.py:190} INFO - [2024-10-04T23:46:31.629+0000] {dag.py:3229} INFO - Sync 1 DAGs
[2024-10-04T23:46:31.653+0000] {logging_mixin.py:190} INFO - [2024-10-04T23:46:31.653+0000] {dag.py:4156} INFO - Setting next_dagrun for example_bash_decorator to None, run_after=None
[2024-10-04T23:46:31.686+0000] {processor.py:208} INFO - Processing /home/airflow/.local/lib/python3.12/site-packages/airflow/example_dags/example_bash_decorator.py took 0.128 seconds
[2024-10-04T23:47:02.599+0000] {processor.py:186} INFO - Started process (PID=1242) to work on /home/airflow/.local/lib/python3.12/site-packages/airflow/example_dags/example_bash_decorator.py
[2024-10-04T23:47:02.600+0000] {processor.py:914} INFO - Processing file /home/airflow/.local/lib/python3.12/site-packages/airflow/example_dags/example_bash_decorator.py for tasks to queue
[2024-10-04T23:47:02.604+0000] {logging_mixin.py:190} INFO - [2024-10-04T23:47:02.603+0000] {dagbag.py:587} INFO - Filling up the DagBag from /home/airflow/.local/lib/python3.12/site-packages/airflow/example_dags/example_bash_decorator.py
[2024-10-04T23:47:02.624+0000] {processor.py:925} INFO - DAG(s) 'example_bash_decorator' retrieved from /home/airflow/.local/lib/python3.12/site-packages/airflow/example_dags/example_bash_decorator.py
[2024-10-04T23:47:02.653+0000] {logging_mixin.py:190} INFO - [2024-10-04T23:47:02.653+0000] {dag.py:3229} INFO - Sync 1 DAGs
[2024-10-04T23:47:02.678+0000] {logging_mixin.py:190} INFO - [2024-10-04T23:47:02.678+0000] {dag.py:4156} INFO - Setting next_dagrun for example_bash_decorator to None, run_after=None
[2024-10-04T23:47:02.713+0000] {processor.py:208} INFO - Processing /home/airflow/.local/lib/python3.12/site-packages/airflow/example_dags/example_bash_decorator.py took 0.124 seconds
[2024-10-04T23:47:33.374+0000] {processor.py:186} INFO - Started process (PID=1303) to work on /home/airflow/.local/lib/python3.12/site-packages/airflow/example_dags/example_bash_decorator.py
[2024-10-04T23:47:33.375+0000] {processor.py:914} INFO - Processing file /home/airflow/.local/lib/python3.12/site-packages/airflow/example_dags/example_bash_decorator.py for tasks to queue
[2024-10-04T23:47:33.378+0000] {logging_mixin.py:190} INFO - [2024-10-04T23:47:33.378+0000] {dagbag.py:587} INFO - Filling up the DagBag from /home/airflow/.local/lib/python3.12/site-packages/airflow/example_dags/example_bash_decorator.py
[2024-10-04T23:47:33.399+0000] {processor.py:925} INFO - DAG(s) 'example_bash_decorator' retrieved from /home/airflow/.local/lib/python3.12/site-packages/airflow/example_dags/example_bash_decorator.py
[2024-10-04T23:47:33.439+0000] {logging_mixin.py:190} INFO - [2024-10-04T23:47:33.438+0000] {dag.py:3229} INFO - Sync 1 DAGs
[2024-10-04T23:47:33.457+0000] {logging_mixin.py:190} INFO - [2024-10-04T23:47:33.457+0000] {dag.py:4156} INFO - Setting next_dagrun for example_bash_decorator to None, run_after=None
[2024-10-04T23:47:33.491+0000] {processor.py:208} INFO - Processing /home/airflow/.local/lib/python3.12/site-packages/airflow/example_dags/example_bash_decorator.py took 0.126 seconds
[2024-10-04T23:48:03.682+0000] {processor.py:186} INFO - Started process (PID=1365) to work on /home/airflow/.local/lib/python3.12/site-packages/airflow/example_dags/example_bash_decorator.py
[2024-10-04T23:48:03.684+0000] {processor.py:914} INFO - Processing file /home/airflow/.local/lib/python3.12/site-packages/airflow/example_dags/example_bash_decorator.py for tasks to queue
[2024-10-04T23:48:03.687+0000] {logging_mixin.py:190} INFO - [2024-10-04T23:48:03.687+0000] {dagbag.py:587} INFO - Filling up the DagBag from /home/airflow/.local/lib/python3.12/site-packages/airflow/example_dags/example_bash_decorator.py
[2024-10-04T23:48:03.705+0000] {processor.py:925} INFO - DAG(s) 'example_bash_decorator' retrieved from /home/airflow/.local/lib/python3.12/site-packages/airflow/example_dags/example_bash_decorator.py
[2024-10-04T23:48:03.737+0000] {logging_mixin.py:190} INFO - [2024-10-04T23:48:03.737+0000] {dag.py:3229} INFO - Sync 1 DAGs
[2024-10-04T23:48:03.757+0000] {logging_mixin.py:190} INFO - [2024-10-04T23:48:03.756+0000] {dag.py:4156} INFO - Setting next_dagrun for example_bash_decorator to None, run_after=None
[2024-10-04T23:48:03.786+0000] {processor.py:208} INFO - Processing /home/airflow/.local/lib/python3.12/site-packages/airflow/example_dags/example_bash_decorator.py took 0.112 seconds
[2024-10-04T23:48:33.991+0000] {processor.py:186} INFO - Started process (PID=1427) to work on /home/airflow/.local/lib/python3.12/site-packages/airflow/example_dags/example_bash_decorator.py
[2024-10-04T23:48:33.993+0000] {processor.py:914} INFO - Processing file /home/airflow/.local/lib/python3.12/site-packages/airflow/example_dags/example_bash_decorator.py for tasks to queue
[2024-10-04T23:48:33.997+0000] {logging_mixin.py:190} INFO - [2024-10-04T23:48:33.996+0000] {dagbag.py:587} INFO - Filling up the DagBag from /home/airflow/.local/lib/python3.12/site-packages/airflow/example_dags/example_bash_decorator.py
[2024-10-04T23:48:34.024+0000] {processor.py:925} INFO - DAG(s) 'example_bash_decorator' retrieved from /home/airflow/.local/lib/python3.12/site-packages/airflow/example_dags/example_bash_decorator.py
[2024-10-04T23:48:34.067+0000] {logging_mixin.py:190} INFO - [2024-10-04T23:48:34.066+0000] {dag.py:3229} INFO - Sync 1 DAGs
[2024-10-04T23:48:34.090+0000] {logging_mixin.py:190} INFO - [2024-10-04T23:48:34.090+0000] {dag.py:4156} INFO - Setting next_dagrun for example_bash_decorator to None, run_after=None
[2024-10-04T23:48:34.126+0000] {processor.py:208} INFO - Processing /home/airflow/.local/lib/python3.12/site-packages/airflow/example_dags/example_bash_decorator.py took 0.145 seconds
[2024-10-04T23:49:04.428+0000] {processor.py:186} INFO - Started process (PID=1490) to work on /home/airflow/.local/lib/python3.12/site-packages/airflow/example_dags/example_bash_decorator.py
[2024-10-04T23:49:04.429+0000] {processor.py:914} INFO - Processing file /home/airflow/.local/lib/python3.12/site-packages/airflow/example_dags/example_bash_decorator.py for tasks to queue
[2024-10-04T23:49:04.433+0000] {logging_mixin.py:190} INFO - [2024-10-04T23:49:04.432+0000] {dagbag.py:587} INFO - Filling up the DagBag from /home/airflow/.local/lib/python3.12/site-packages/airflow/example_dags/example_bash_decorator.py
[2024-10-04T23:49:04.452+0000] {processor.py:925} INFO - DAG(s) 'example_bash_decorator' retrieved from /home/airflow/.local/lib/python3.12/site-packages/airflow/example_dags/example_bash_decorator.py
[2024-10-04T23:49:04.487+0000] {logging_mixin.py:190} INFO - [2024-10-04T23:49:04.486+0000] {dag.py:3229} INFO - Sync 1 DAGs
[2024-10-04T23:49:04.509+0000] {logging_mixin.py:190} INFO - [2024-10-04T23:49:04.508+0000] {dag.py:4156} INFO - Setting next_dagrun for example_bash_decorator to None, run_after=None
[2024-10-04T23:49:04.547+0000] {processor.py:208} INFO - Processing /home/airflow/.local/lib/python3.12/site-packages/airflow/example_dags/example_bash_decorator.py took 0.126 seconds
[2024-10-04T23:49:34.865+0000] {processor.py:186} INFO - Started process (PID=1553) to work on /home/airflow/.local/lib/python3.12/site-packages/airflow/example_dags/example_bash_decorator.py
[2024-10-04T23:49:34.867+0000] {processor.py:914} INFO - Processing file /home/airflow/.local/lib/python3.12/site-packages/airflow/example_dags/example_bash_decorator.py for tasks to queue
[2024-10-04T23:49:34.870+0000] {logging_mixin.py:190} INFO - [2024-10-04T23:49:34.870+0000] {dagbag.py:587} INFO - Filling up the DagBag from /home/airflow/.local/lib/python3.12/site-packages/airflow/example_dags/example_bash_decorator.py
[2024-10-04T23:49:34.889+0000] {processor.py:925} INFO - DAG(s) 'example_bash_decorator' retrieved from /home/airflow/.local/lib/python3.12/site-packages/airflow/example_dags/example_bash_decorator.py
[2024-10-04T23:49:34.922+0000] {logging_mixin.py:190} INFO - [2024-10-04T23:49:34.921+0000] {dag.py:3229} INFO - Sync 1 DAGs
[2024-10-04T23:49:34.945+0000] {logging_mixin.py:190} INFO - [2024-10-04T23:49:34.945+0000] {dag.py:4156} INFO - Setting next_dagrun for example_bash_decorator to None, run_after=None
[2024-10-04T23:49:34.975+0000] {processor.py:208} INFO - Processing /home/airflow/.local/lib/python3.12/site-packages/airflow/example_dags/example_bash_decorator.py took 0.120 seconds
[2024-10-04T23:50:05.650+0000] {processor.py:186} INFO - Started process (PID=1615) to work on /home/airflow/.local/lib/python3.12/site-packages/airflow/example_dags/example_bash_decorator.py
[2024-10-04T23:50:05.652+0000] {processor.py:914} INFO - Processing file /home/airflow/.local/lib/python3.12/site-packages/airflow/example_dags/example_bash_decorator.py for tasks to queue
[2024-10-04T23:50:05.655+0000] {logging_mixin.py:190} INFO - [2024-10-04T23:50:05.654+0000] {dagbag.py:587} INFO - Filling up the DagBag from /home/airflow/.local/lib/python3.12/site-packages/airflow/example_dags/example_bash_decorator.py
[2024-10-04T23:50:05.680+0000] {processor.py:925} INFO - DAG(s) 'example_bash_decorator' retrieved from /home/airflow/.local/lib/python3.12/site-packages/airflow/example_dags/example_bash_decorator.py
[2024-10-04T23:50:05.715+0000] {logging_mixin.py:190} INFO - [2024-10-04T23:50:05.715+0000] {dag.py:3229} INFO - Sync 1 DAGs
[2024-10-04T23:50:05.733+0000] {logging_mixin.py:190} INFO - [2024-10-04T23:50:05.733+0000] {dag.py:4156} INFO - Setting next_dagrun for example_bash_decorator to None, run_after=None
[2024-10-04T23:50:05.763+0000] {processor.py:208} INFO - Processing /home/airflow/.local/lib/python3.12/site-packages/airflow/example_dags/example_bash_decorator.py took 0.120 seconds
[2024-10-04T23:50:35.880+0000] {processor.py:186} INFO - Started process (PID=1677) to work on /home/airflow/.local/lib/python3.12/site-packages/airflow/example_dags/example_bash_decorator.py
[2024-10-04T23:50:35.882+0000] {processor.py:914} INFO - Processing file /home/airflow/.local/lib/python3.12/site-packages/airflow/example_dags/example_bash_decorator.py for tasks to queue
[2024-10-04T23:50:35.885+0000] {logging_mixin.py:190} INFO - [2024-10-04T23:50:35.885+0000] {dagbag.py:587} INFO - Filling up the DagBag from /home/airflow/.local/lib/python3.12/site-packages/airflow/example_dags/example_bash_decorator.py
[2024-10-04T23:50:35.905+0000] {processor.py:925} INFO - DAG(s) 'example_bash_decorator' retrieved from /home/airflow/.local/lib/python3.12/site-packages/airflow/example_dags/example_bash_decorator.py
[2024-10-04T23:50:35.950+0000] {logging_mixin.py:190} INFO - [2024-10-04T23:50:35.950+0000] {dag.py:3229} INFO - Sync 1 DAGs
[2024-10-04T23:50:35.978+0000] {logging_mixin.py:190} INFO - [2024-10-04T23:50:35.977+0000] {dag.py:4156} INFO - Setting next_dagrun for example_bash_decorator to None, run_after=None
[2024-10-04T23:50:36.011+0000] {processor.py:208} INFO - Processing /home/airflow/.local/lib/python3.12/site-packages/airflow/example_dags/example_bash_decorator.py took 0.141 seconds
[2024-10-04T23:51:06.478+0000] {processor.py:186} INFO - Started process (PID=1739) to work on /home/airflow/.local/lib/python3.12/site-packages/airflow/example_dags/example_bash_decorator.py
[2024-10-04T23:51:06.479+0000] {processor.py:914} INFO - Processing file /home/airflow/.local/lib/python3.12/site-packages/airflow/example_dags/example_bash_decorator.py for tasks to queue
[2024-10-04T23:51:06.483+0000] {logging_mixin.py:190} INFO - [2024-10-04T23:51:06.482+0000] {dagbag.py:587} INFO - Filling up the DagBag from /home/airflow/.local/lib/python3.12/site-packages/airflow/example_dags/example_bash_decorator.py
[2024-10-04T23:51:06.502+0000] {processor.py:925} INFO - DAG(s) 'example_bash_decorator' retrieved from /home/airflow/.local/lib/python3.12/site-packages/airflow/example_dags/example_bash_decorator.py
[2024-10-04T23:51:06.532+0000] {logging_mixin.py:190} INFO - [2024-10-04T23:51:06.532+0000] {dag.py:3229} INFO - Sync 1 DAGs
[2024-10-04T23:51:06.552+0000] {logging_mixin.py:190} INFO - [2024-10-04T23:51:06.552+0000] {dag.py:4156} INFO - Setting next_dagrun for example_bash_decorator to None, run_after=None
[2024-10-04T23:51:06.584+0000] {processor.py:208} INFO - Processing /home/airflow/.local/lib/python3.12/site-packages/airflow/example_dags/example_bash_decorator.py took 0.114 seconds
[2024-10-04T23:51:37.063+0000] {processor.py:186} INFO - Started process (PID=1801) to work on /home/airflow/.local/lib/python3.12/site-packages/airflow/example_dags/example_bash_decorator.py
[2024-10-04T23:51:37.067+0000] {processor.py:914} INFO - Processing file /home/airflow/.local/lib/python3.12/site-packages/airflow/example_dags/example_bash_decorator.py for tasks to queue
[2024-10-04T23:51:37.080+0000] {logging_mixin.py:190} INFO - [2024-10-04T23:51:37.079+0000] {dagbag.py:587} INFO - Filling up the DagBag from /home/airflow/.local/lib/python3.12/site-packages/airflow/example_dags/example_bash_decorator.py
[2024-10-04T23:51:37.175+0000] {processor.py:925} INFO - DAG(s) 'example_bash_decorator' retrieved from /home/airflow/.local/lib/python3.12/site-packages/airflow/example_dags/example_bash_decorator.py
[2024-10-04T23:51:37.304+0000] {logging_mixin.py:190} INFO - [2024-10-04T23:51:37.303+0000] {dag.py:3229} INFO - Sync 1 DAGs
[2024-10-04T23:51:37.393+0000] {logging_mixin.py:190} INFO - [2024-10-04T23:51:37.392+0000] {dag.py:4156} INFO - Setting next_dagrun for example_bash_decorator to None, run_after=None
[2024-10-04T23:51:37.527+0000] {processor.py:208} INFO - Processing /home/airflow/.local/lib/python3.12/site-packages/airflow/example_dags/example_bash_decorator.py took 0.494 seconds
[2024-10-04T23:52:08.071+0000] {processor.py:186} INFO - Started process (PID=1863) to work on /home/airflow/.local/lib/python3.12/site-packages/airflow/example_dags/example_bash_decorator.py
[2024-10-04T23:52:08.073+0000] {processor.py:914} INFO - Processing file /home/airflow/.local/lib/python3.12/site-packages/airflow/example_dags/example_bash_decorator.py for tasks to queue
[2024-10-04T23:52:08.086+0000] {logging_mixin.py:190} INFO - [2024-10-04T23:52:08.086+0000] {dagbag.py:587} INFO - Filling up the DagBag from /home/airflow/.local/lib/python3.12/site-packages/airflow/example_dags/example_bash_decorator.py
[2024-10-04T23:52:08.182+0000] {processor.py:925} INFO - DAG(s) 'example_bash_decorator' retrieved from /home/airflow/.local/lib/python3.12/site-packages/airflow/example_dags/example_bash_decorator.py
[2024-10-04T23:52:08.329+0000] {logging_mixin.py:190} INFO - [2024-10-04T23:52:08.329+0000] {dag.py:3229} INFO - Sync 1 DAGs
[2024-10-04T23:52:08.425+0000] {logging_mixin.py:190} INFO - [2024-10-04T23:52:08.417+0000] {dag.py:4156} INFO - Setting next_dagrun for example_bash_decorator to None, run_after=None
[2024-10-04T23:52:08.538+0000] {processor.py:208} INFO - Processing /home/airflow/.local/lib/python3.12/site-packages/airflow/example_dags/example_bash_decorator.py took 0.493 seconds
[2024-10-04T23:52:39.052+0000] {processor.py:186} INFO - Started process (PID=1925) to work on /home/airflow/.local/lib/python3.12/site-packages/airflow/example_dags/example_bash_decorator.py
[2024-10-04T23:52:39.059+0000] {processor.py:914} INFO - Processing file /home/airflow/.local/lib/python3.12/site-packages/airflow/example_dags/example_bash_decorator.py for tasks to queue
[2024-10-04T23:52:39.064+0000] {logging_mixin.py:190} INFO - [2024-10-04T23:52:39.064+0000] {dagbag.py:587} INFO - Filling up the DagBag from /home/airflow/.local/lib/python3.12/site-packages/airflow/example_dags/example_bash_decorator.py
[2024-10-04T23:52:39.103+0000] {processor.py:925} INFO - DAG(s) 'example_bash_decorator' retrieved from /home/airflow/.local/lib/python3.12/site-packages/airflow/example_dags/example_bash_decorator.py
[2024-10-04T23:52:39.176+0000] {logging_mixin.py:190} INFO - [2024-10-04T23:52:39.175+0000] {dag.py:3229} INFO - Sync 1 DAGs
[2024-10-04T23:52:39.220+0000] {logging_mixin.py:190} INFO - [2024-10-04T23:52:39.220+0000] {dag.py:4156} INFO - Setting next_dagrun for example_bash_decorator to None, run_after=None
[2024-10-04T23:52:39.307+0000] {processor.py:208} INFO - Processing /home/airflow/.local/lib/python3.12/site-packages/airflow/example_dags/example_bash_decorator.py took 0.266 seconds
[2024-10-04T23:53:09.621+0000] {processor.py:186} INFO - Started process (PID=1988) to work on /home/airflow/.local/lib/python3.12/site-packages/airflow/example_dags/example_bash_decorator.py
[2024-10-04T23:53:09.623+0000] {processor.py:914} INFO - Processing file /home/airflow/.local/lib/python3.12/site-packages/airflow/example_dags/example_bash_decorator.py for tasks to queue
[2024-10-04T23:53:09.628+0000] {logging_mixin.py:190} INFO - [2024-10-04T23:53:09.628+0000] {dagbag.py:587} INFO - Filling up the DagBag from /home/airflow/.local/lib/python3.12/site-packages/airflow/example_dags/example_bash_decorator.py
[2024-10-04T23:53:09.655+0000] {processor.py:925} INFO - DAG(s) 'example_bash_decorator' retrieved from /home/airflow/.local/lib/python3.12/site-packages/airflow/example_dags/example_bash_decorator.py
[2024-10-04T23:53:09.697+0000] {logging_mixin.py:190} INFO - [2024-10-04T23:53:09.697+0000] {dag.py:3229} INFO - Sync 1 DAGs
[2024-10-04T23:53:09.726+0000] {logging_mixin.py:190} INFO - [2024-10-04T23:53:09.726+0000] {dag.py:4156} INFO - Setting next_dagrun for example_bash_decorator to None, run_after=None
[2024-10-04T23:53:09.772+0000] {processor.py:208} INFO - Processing /home/airflow/.local/lib/python3.12/site-packages/airflow/example_dags/example_bash_decorator.py took 0.163 seconds
[2024-10-04T23:53:40.282+0000] {processor.py:186} INFO - Started process (PID=2050) to work on /home/airflow/.local/lib/python3.12/site-packages/airflow/example_dags/example_bash_decorator.py
[2024-10-04T23:53:40.284+0000] {processor.py:914} INFO - Processing file /home/airflow/.local/lib/python3.12/site-packages/airflow/example_dags/example_bash_decorator.py for tasks to queue
[2024-10-04T23:53:40.289+0000] {logging_mixin.py:190} INFO - [2024-10-04T23:53:40.288+0000] {dagbag.py:587} INFO - Filling up the DagBag from /home/airflow/.local/lib/python3.12/site-packages/airflow/example_dags/example_bash_decorator.py
[2024-10-04T23:53:40.312+0000] {processor.py:925} INFO - DAG(s) 'example_bash_decorator' retrieved from /home/airflow/.local/lib/python3.12/site-packages/airflow/example_dags/example_bash_decorator.py
[2024-10-04T23:53:40.355+0000] {logging_mixin.py:190} INFO - [2024-10-04T23:53:40.354+0000] {dag.py:3229} INFO - Sync 1 DAGs
[2024-10-04T23:53:40.377+0000] {logging_mixin.py:190} INFO - [2024-10-04T23:53:40.377+0000] {dag.py:4156} INFO - Setting next_dagrun for example_bash_decorator to None, run_after=None
[2024-10-04T23:53:40.412+0000] {processor.py:208} INFO - Processing /home/airflow/.local/lib/python3.12/site-packages/airflow/example_dags/example_bash_decorator.py took 0.140 seconds
[2024-10-04T23:54:10.595+0000] {processor.py:186} INFO - Started process (PID=2112) to work on /home/airflow/.local/lib/python3.12/site-packages/airflow/example_dags/example_bash_decorator.py
[2024-10-04T23:54:10.596+0000] {processor.py:914} INFO - Processing file /home/airflow/.local/lib/python3.12/site-packages/airflow/example_dags/example_bash_decorator.py for tasks to queue
[2024-10-04T23:54:10.600+0000] {logging_mixin.py:190} INFO - [2024-10-04T23:54:10.600+0000] {dagbag.py:587} INFO - Filling up the DagBag from /home/airflow/.local/lib/python3.12/site-packages/airflow/example_dags/example_bash_decorator.py
[2024-10-04T23:54:10.625+0000] {processor.py:925} INFO - DAG(s) 'example_bash_decorator' retrieved from /home/airflow/.local/lib/python3.12/site-packages/airflow/example_dags/example_bash_decorator.py
[2024-10-04T23:54:10.665+0000] {logging_mixin.py:190} INFO - [2024-10-04T23:54:10.664+0000] {dag.py:3229} INFO - Sync 1 DAGs
[2024-10-04T23:54:10.687+0000] {logging_mixin.py:190} INFO - [2024-10-04T23:54:10.687+0000] {dag.py:4156} INFO - Setting next_dagrun for example_bash_decorator to None, run_after=None
[2024-10-04T23:54:10.722+0000] {processor.py:208} INFO - Processing /home/airflow/.local/lib/python3.12/site-packages/airflow/example_dags/example_bash_decorator.py took 0.137 seconds
[2024-10-04T23:54:41.056+0000] {processor.py:186} INFO - Started process (PID=2174) to work on /home/airflow/.local/lib/python3.12/site-packages/airflow/example_dags/example_bash_decorator.py
[2024-10-04T23:54:41.058+0000] {processor.py:914} INFO - Processing file /home/airflow/.local/lib/python3.12/site-packages/airflow/example_dags/example_bash_decorator.py for tasks to queue
[2024-10-04T23:54:41.062+0000] {logging_mixin.py:190} INFO - [2024-10-04T23:54:41.061+0000] {dagbag.py:587} INFO - Filling up the DagBag from /home/airflow/.local/lib/python3.12/site-packages/airflow/example_dags/example_bash_decorator.py
[2024-10-04T23:54:41.088+0000] {processor.py:925} INFO - DAG(s) 'example_bash_decorator' retrieved from /home/airflow/.local/lib/python3.12/site-packages/airflow/example_dags/example_bash_decorator.py
[2024-10-04T23:54:41.134+0000] {logging_mixin.py:190} INFO - [2024-10-04T23:54:41.132+0000] {dag.py:3229} INFO - Sync 1 DAGs
[2024-10-04T23:54:41.182+0000] {logging_mixin.py:190} INFO - [2024-10-04T23:54:41.182+0000] {dag.py:4156} INFO - Setting next_dagrun for example_bash_decorator to None, run_after=None
[2024-10-04T23:54:41.220+0000] {processor.py:208} INFO - Processing /home/airflow/.local/lib/python3.12/site-packages/airflow/example_dags/example_bash_decorator.py took 0.175 seconds
[2024-10-04T23:55:11.522+0000] {processor.py:186} INFO - Started process (PID=2236) to work on /home/airflow/.local/lib/python3.12/site-packages/airflow/example_dags/example_bash_decorator.py
[2024-10-04T23:55:11.523+0000] {processor.py:914} INFO - Processing file /home/airflow/.local/lib/python3.12/site-packages/airflow/example_dags/example_bash_decorator.py for tasks to queue
[2024-10-04T23:55:11.528+0000] {logging_mixin.py:190} INFO - [2024-10-04T23:55:11.527+0000] {dagbag.py:587} INFO - Filling up the DagBag from /home/airflow/.local/lib/python3.12/site-packages/airflow/example_dags/example_bash_decorator.py
[2024-10-04T23:55:11.555+0000] {processor.py:925} INFO - DAG(s) 'example_bash_decorator' retrieved from /home/airflow/.local/lib/python3.12/site-packages/airflow/example_dags/example_bash_decorator.py
[2024-10-04T23:55:11.594+0000] {logging_mixin.py:190} INFO - [2024-10-04T23:55:11.593+0000] {dag.py:3229} INFO - Sync 1 DAGs
[2024-10-04T23:55:11.618+0000] {logging_mixin.py:190} INFO - [2024-10-04T23:55:11.618+0000] {dag.py:4156} INFO - Setting next_dagrun for example_bash_decorator to None, run_after=None
[2024-10-04T23:55:11.665+0000] {processor.py:208} INFO - Processing /home/airflow/.local/lib/python3.12/site-packages/airflow/example_dags/example_bash_decorator.py took 0.153 seconds
[2024-10-04T23:55:41.888+0000] {processor.py:186} INFO - Started process (PID=2298) to work on /home/airflow/.local/lib/python3.12/site-packages/airflow/example_dags/example_bash_decorator.py
[2024-10-04T23:55:41.890+0000] {processor.py:914} INFO - Processing file /home/airflow/.local/lib/python3.12/site-packages/airflow/example_dags/example_bash_decorator.py for tasks to queue
[2024-10-04T23:55:41.894+0000] {logging_mixin.py:190} INFO - [2024-10-04T23:55:41.894+0000] {dagbag.py:587} INFO - Filling up the DagBag from /home/airflow/.local/lib/python3.12/site-packages/airflow/example_dags/example_bash_decorator.py
[2024-10-04T23:55:41.920+0000] {processor.py:925} INFO - DAG(s) 'example_bash_decorator' retrieved from /home/airflow/.local/lib/python3.12/site-packages/airflow/example_dags/example_bash_decorator.py
[2024-10-04T23:55:41.971+0000] {logging_mixin.py:190} INFO - [2024-10-04T23:55:41.970+0000] {dag.py:3229} INFO - Sync 1 DAGs
[2024-10-04T23:55:42.001+0000] {logging_mixin.py:190} INFO - [2024-10-04T23:55:42.000+0000] {dag.py:4156} INFO - Setting next_dagrun for example_bash_decorator to None, run_after=None
[2024-10-04T23:55:42.042+0000] {processor.py:208} INFO - Processing /home/airflow/.local/lib/python3.12/site-packages/airflow/example_dags/example_bash_decorator.py took 0.164 seconds
[2024-10-04T23:56:12.261+0000] {processor.py:186} INFO - Started process (PID=2360) to work on /home/airflow/.local/lib/python3.12/site-packages/airflow/example_dags/example_bash_decorator.py
[2024-10-04T23:56:12.263+0000] {processor.py:914} INFO - Processing file /home/airflow/.local/lib/python3.12/site-packages/airflow/example_dags/example_bash_decorator.py for tasks to queue
[2024-10-04T23:56:12.267+0000] {logging_mixin.py:190} INFO - [2024-10-04T23:56:12.266+0000] {dagbag.py:587} INFO - Filling up the DagBag from /home/airflow/.local/lib/python3.12/site-packages/airflow/example_dags/example_bash_decorator.py
[2024-10-04T23:56:12.292+0000] {processor.py:925} INFO - DAG(s) 'example_bash_decorator' retrieved from /home/airflow/.local/lib/python3.12/site-packages/airflow/example_dags/example_bash_decorator.py
[2024-10-04T23:56:12.334+0000] {logging_mixin.py:190} INFO - [2024-10-04T23:56:12.334+0000] {dag.py:3229} INFO - Sync 1 DAGs
[2024-10-04T23:56:12.359+0000] {logging_mixin.py:190} INFO - [2024-10-04T23:56:12.358+0000] {dag.py:4156} INFO - Setting next_dagrun for example_bash_decorator to None, run_after=None
[2024-10-04T23:56:12.390+0000] {processor.py:208} INFO - Processing /home/airflow/.local/lib/python3.12/site-packages/airflow/example_dags/example_bash_decorator.py took 0.137 seconds
[2024-10-04T23:56:42.831+0000] {processor.py:186} INFO - Started process (PID=2422) to work on /home/airflow/.local/lib/python3.12/site-packages/airflow/example_dags/example_bash_decorator.py
[2024-10-04T23:56:42.832+0000] {processor.py:914} INFO - Processing file /home/airflow/.local/lib/python3.12/site-packages/airflow/example_dags/example_bash_decorator.py for tasks to queue
[2024-10-04T23:56:42.836+0000] {logging_mixin.py:190} INFO - [2024-10-04T23:56:42.835+0000] {dagbag.py:587} INFO - Filling up the DagBag from /home/airflow/.local/lib/python3.12/site-packages/airflow/example_dags/example_bash_decorator.py
[2024-10-04T23:56:42.855+0000] {processor.py:925} INFO - DAG(s) 'example_bash_decorator' retrieved from /home/airflow/.local/lib/python3.12/site-packages/airflow/example_dags/example_bash_decorator.py
[2024-10-04T23:56:42.894+0000] {logging_mixin.py:190} INFO - [2024-10-04T23:56:42.893+0000] {dag.py:3229} INFO - Sync 1 DAGs
[2024-10-04T23:56:42.912+0000] {logging_mixin.py:190} INFO - [2024-10-04T23:56:42.912+0000] {dag.py:4156} INFO - Setting next_dagrun for example_bash_decorator to None, run_after=None
[2024-10-04T23:56:42.961+0000] {processor.py:208} INFO - Processing /home/airflow/.local/lib/python3.12/site-packages/airflow/example_dags/example_bash_decorator.py took 0.140 seconds
[2024-10-04T23:57:13.115+0000] {processor.py:186} INFO - Started process (PID=2490) to work on /home/airflow/.local/lib/python3.12/site-packages/airflow/example_dags/example_bash_decorator.py
[2024-10-04T23:57:13.117+0000] {processor.py:914} INFO - Processing file /home/airflow/.local/lib/python3.12/site-packages/airflow/example_dags/example_bash_decorator.py for tasks to queue
[2024-10-04T23:57:13.120+0000] {logging_mixin.py:190} INFO - [2024-10-04T23:57:13.120+0000] {dagbag.py:587} INFO - Filling up the DagBag from /home/airflow/.local/lib/python3.12/site-packages/airflow/example_dags/example_bash_decorator.py
[2024-10-04T23:57:13.141+0000] {processor.py:925} INFO - DAG(s) 'example_bash_decorator' retrieved from /home/airflow/.local/lib/python3.12/site-packages/airflow/example_dags/example_bash_decorator.py
[2024-10-04T23:57:13.175+0000] {logging_mixin.py:190} INFO - [2024-10-04T23:57:13.175+0000] {dag.py:3229} INFO - Sync 1 DAGs
[2024-10-04T23:57:13.205+0000] {logging_mixin.py:190} INFO - [2024-10-04T23:57:13.205+0000] {dag.py:4156} INFO - Setting next_dagrun for example_bash_decorator to None, run_after=None
[2024-10-04T23:57:13.239+0000] {processor.py:208} INFO - Processing /home/airflow/.local/lib/python3.12/site-packages/airflow/example_dags/example_bash_decorator.py took 0.135 seconds
[2024-10-04T23:57:43.486+0000] {processor.py:186} INFO - Started process (PID=2552) to work on /home/airflow/.local/lib/python3.12/site-packages/airflow/example_dags/example_bash_decorator.py
[2024-10-04T23:57:43.488+0000] {processor.py:914} INFO - Processing file /home/airflow/.local/lib/python3.12/site-packages/airflow/example_dags/example_bash_decorator.py for tasks to queue
[2024-10-04T23:57:43.494+0000] {logging_mixin.py:190} INFO - [2024-10-04T23:57:43.493+0000] {dagbag.py:587} INFO - Filling up the DagBag from /home/airflow/.local/lib/python3.12/site-packages/airflow/example_dags/example_bash_decorator.py
[2024-10-04T23:57:43.521+0000] {processor.py:925} INFO - DAG(s) 'example_bash_decorator' retrieved from /home/airflow/.local/lib/python3.12/site-packages/airflow/example_dags/example_bash_decorator.py
[2024-10-04T23:57:43.562+0000] {logging_mixin.py:190} INFO - [2024-10-04T23:57:43.561+0000] {dag.py:3229} INFO - Sync 1 DAGs
[2024-10-04T23:57:43.589+0000] {logging_mixin.py:190} INFO - [2024-10-04T23:57:43.588+0000] {dag.py:4156} INFO - Setting next_dagrun for example_bash_decorator to None, run_after=None
[2024-10-04T23:57:43.620+0000] {processor.py:208} INFO - Processing /home/airflow/.local/lib/python3.12/site-packages/airflow/example_dags/example_bash_decorator.py took 0.144 seconds
[2024-10-04T23:58:13.936+0000] {processor.py:186} INFO - Started process (PID=2615) to work on /home/airflow/.local/lib/python3.12/site-packages/airflow/example_dags/example_bash_decorator.py
[2024-10-04T23:58:13.937+0000] {processor.py:914} INFO - Processing file /home/airflow/.local/lib/python3.12/site-packages/airflow/example_dags/example_bash_decorator.py for tasks to queue
[2024-10-04T23:58:13.941+0000] {logging_mixin.py:190} INFO - [2024-10-04T23:58:13.940+0000] {dagbag.py:587} INFO - Filling up the DagBag from /home/airflow/.local/lib/python3.12/site-packages/airflow/example_dags/example_bash_decorator.py
[2024-10-04T23:58:13.959+0000] {processor.py:925} INFO - DAG(s) 'example_bash_decorator' retrieved from /home/airflow/.local/lib/python3.12/site-packages/airflow/example_dags/example_bash_decorator.py
[2024-10-04T23:58:13.990+0000] {logging_mixin.py:190} INFO - [2024-10-04T23:58:13.990+0000] {dag.py:3229} INFO - Sync 1 DAGs
[2024-10-04T23:58:14.012+0000] {logging_mixin.py:190} INFO - [2024-10-04T23:58:14.012+0000] {dag.py:4156} INFO - Setting next_dagrun for example_bash_decorator to None, run_after=None
[2024-10-04T23:58:14.044+0000] {processor.py:208} INFO - Processing /home/airflow/.local/lib/python3.12/site-packages/airflow/example_dags/example_bash_decorator.py took 0.120 seconds
[2024-10-04T23:58:44.456+0000] {processor.py:186} INFO - Started process (PID=2677) to work on /home/airflow/.local/lib/python3.12/site-packages/airflow/example_dags/example_bash_decorator.py
[2024-10-04T23:58:44.457+0000] {processor.py:914} INFO - Processing file /home/airflow/.local/lib/python3.12/site-packages/airflow/example_dags/example_bash_decorator.py for tasks to queue
[2024-10-04T23:58:44.461+0000] {logging_mixin.py:190} INFO - [2024-10-04T23:58:44.460+0000] {dagbag.py:587} INFO - Filling up the DagBag from /home/airflow/.local/lib/python3.12/site-packages/airflow/example_dags/example_bash_decorator.py
[2024-10-04T23:58:44.487+0000] {processor.py:925} INFO - DAG(s) 'example_bash_decorator' retrieved from /home/airflow/.local/lib/python3.12/site-packages/airflow/example_dags/example_bash_decorator.py
[2024-10-04T23:58:44.538+0000] {logging_mixin.py:190} INFO - [2024-10-04T23:58:44.538+0000] {dag.py:3229} INFO - Sync 1 DAGs
[2024-10-04T23:58:44.558+0000] {logging_mixin.py:190} INFO - [2024-10-04T23:58:44.557+0000] {dag.py:4156} INFO - Setting next_dagrun for example_bash_decorator to None, run_after=None
[2024-10-04T23:58:44.587+0000] {processor.py:208} INFO - Processing /home/airflow/.local/lib/python3.12/site-packages/airflow/example_dags/example_bash_decorator.py took 0.138 seconds
[2024-10-04T23:59:14.992+0000] {processor.py:186} INFO - Started process (PID=2739) to work on /home/airflow/.local/lib/python3.12/site-packages/airflow/example_dags/example_bash_decorator.py
[2024-10-04T23:59:14.994+0000] {processor.py:914} INFO - Processing file /home/airflow/.local/lib/python3.12/site-packages/airflow/example_dags/example_bash_decorator.py for tasks to queue
[2024-10-04T23:59:14.998+0000] {logging_mixin.py:190} INFO - [2024-10-04T23:59:14.998+0000] {dagbag.py:587} INFO - Filling up the DagBag from /home/airflow/.local/lib/python3.12/site-packages/airflow/example_dags/example_bash_decorator.py
[2024-10-04T23:59:15.016+0000] {processor.py:925} INFO - DAG(s) 'example_bash_decorator' retrieved from /home/airflow/.local/lib/python3.12/site-packages/airflow/example_dags/example_bash_decorator.py
[2024-10-04T23:59:15.047+0000] {logging_mixin.py:190} INFO - [2024-10-04T23:59:15.047+0000] {dag.py:3229} INFO - Sync 1 DAGs
[2024-10-04T23:59:15.068+0000] {logging_mixin.py:190} INFO - [2024-10-04T23:59:15.068+0000] {dag.py:4156} INFO - Setting next_dagrun for example_bash_decorator to None, run_after=None
[2024-10-04T23:59:15.102+0000] {processor.py:208} INFO - Processing /home/airflow/.local/lib/python3.12/site-packages/airflow/example_dags/example_bash_decorator.py took 0.117 seconds
[2024-10-04T23:59:45.485+0000] {processor.py:186} INFO - Started process (PID=2801) to work on /home/airflow/.local/lib/python3.12/site-packages/airflow/example_dags/example_bash_decorator.py
[2024-10-04T23:59:45.487+0000] {processor.py:914} INFO - Processing file /home/airflow/.local/lib/python3.12/site-packages/airflow/example_dags/example_bash_decorator.py for tasks to queue
[2024-10-04T23:59:45.492+0000] {logging_mixin.py:190} INFO - [2024-10-04T23:59:45.491+0000] {dagbag.py:587} INFO - Filling up the DagBag from /home/airflow/.local/lib/python3.12/site-packages/airflow/example_dags/example_bash_decorator.py
[2024-10-04T23:59:45.520+0000] {processor.py:925} INFO - DAG(s) 'example_bash_decorator' retrieved from /home/airflow/.local/lib/python3.12/site-packages/airflow/example_dags/example_bash_decorator.py
[2024-10-04T23:59:45.558+0000] {logging_mixin.py:190} INFO - [2024-10-04T23:59:45.557+0000] {dag.py:3229} INFO - Sync 1 DAGs
[2024-10-04T23:59:45.575+0000] {logging_mixin.py:190} INFO - [2024-10-04T23:59:45.575+0000] {dag.py:4156} INFO - Setting next_dagrun for example_bash_decorator to None, run_after=None
[2024-10-04T23:59:45.603+0000] {processor.py:208} INFO - Processing /home/airflow/.local/lib/python3.12/site-packages/airflow/example_dags/example_bash_decorator.py took 0.128 seconds
