[2024-10-04T19:17:50.414+0000] {processor.py:186} INFO - Started process (PID=107) to work on /home/airflow/.local/lib/python3.12/site-packages/airflow/example_dags/tutorial_dag.py
[2024-10-04T19:17:50.415+0000] {processor.py:914} INFO - Processing file /home/airflow/.local/lib/python3.12/site-packages/airflow/example_dags/tutorial_dag.py for tasks to queue
[2024-10-04T19:17:50.419+0000] {logging_mixin.py:190} INFO - [2024-10-04T19:17:50.419+0000] {dagbag.py:587} INFO - Filling up the DagBag from /home/airflow/.local/lib/python3.12/site-packages/airflow/example_dags/tutorial_dag.py
[2024-10-04T19:17:50.437+0000] {processor.py:925} INFO - DAG(s) 'tutorial_dag' retrieved from /home/airflow/.local/lib/python3.12/site-packages/airflow/example_dags/tutorial_dag.py
[2024-10-04T19:17:50.661+0000] {logging_mixin.py:190} INFO - [2024-10-04T19:17:50.659+0000] {override.py:1900} INFO - Created Permission View: can delete on DAG:tutorial_dag
[2024-10-04T19:17:50.689+0000] {logging_mixin.py:190} INFO - [2024-10-04T19:17:50.688+0000] {override.py:1900} INFO - Created Permission View: can edit on DAG:tutorial_dag
[2024-10-04T19:17:50.712+0000] {logging_mixin.py:190} INFO - [2024-10-04T19:17:50.712+0000] {override.py:1900} INFO - Created Permission View: can read on DAG:tutorial_dag
[2024-10-04T19:17:50.732+0000] {logging_mixin.py:190} INFO - [2024-10-04T19:17:50.731+0000] {override.py:1900} INFO - Created Permission View: menu access on DAG Run:tutorial_dag
[2024-10-04T19:17:50.774+0000] {logging_mixin.py:190} INFO - [2024-10-04T19:17:50.773+0000] {override.py:1900} INFO - Created Permission View: can delete on DAG Run:tutorial_dag
[2024-10-04T19:17:50.794+0000] {logging_mixin.py:190} INFO - [2024-10-04T19:17:50.793+0000] {override.py:1900} INFO - Created Permission View: can create on DAG Run:tutorial_dag
[2024-10-04T19:17:50.812+0000] {logging_mixin.py:190} INFO - [2024-10-04T19:17:50.812+0000] {override.py:1900} INFO - Created Permission View: can read on DAG Run:tutorial_dag
[2024-10-04T19:17:50.815+0000] {logging_mixin.py:190} INFO - [2024-10-04T19:17:50.814+0000] {dag.py:3229} INFO - Sync 1 DAGs
[2024-10-04T19:17:50.851+0000] {logging_mixin.py:190} INFO - [2024-10-04T19:17:50.851+0000] {dag.py:3252} INFO - Creating ORM DAG for tutorial_dag
[2024-10-04T19:17:50.853+0000] {logging_mixin.py:190} INFO - [2024-10-04T19:17:50.852+0000] {dag.py:4156} INFO - Setting next_dagrun for tutorial_dag to None, run_after=None
[2024-10-04T19:17:50.892+0000] {processor.py:208} INFO - Processing /home/airflow/.local/lib/python3.12/site-packages/airflow/example_dags/tutorial_dag.py took 0.487 seconds
[2024-10-04T19:18:21.678+0000] {processor.py:186} INFO - Started process (PID=168) to work on /home/airflow/.local/lib/python3.12/site-packages/airflow/example_dags/tutorial_dag.py
[2024-10-04T19:18:21.680+0000] {processor.py:914} INFO - Processing file /home/airflow/.local/lib/python3.12/site-packages/airflow/example_dags/tutorial_dag.py for tasks to queue
[2024-10-04T19:18:21.685+0000] {logging_mixin.py:190} INFO - [2024-10-04T19:18:21.684+0000] {dagbag.py:587} INFO - Filling up the DagBag from /home/airflow/.local/lib/python3.12/site-packages/airflow/example_dags/tutorial_dag.py
[2024-10-04T19:18:21.712+0000] {processor.py:925} INFO - DAG(s) 'tutorial_dag' retrieved from /home/airflow/.local/lib/python3.12/site-packages/airflow/example_dags/tutorial_dag.py
[2024-10-04T19:18:21.791+0000] {logging_mixin.py:190} INFO - [2024-10-04T19:18:21.790+0000] {dag.py:3229} INFO - Sync 1 DAGs
[2024-10-04T19:18:21.852+0000] {logging_mixin.py:190} INFO - [2024-10-04T19:18:21.851+0000] {dag.py:4156} INFO - Setting next_dagrun for tutorial_dag to None, run_after=None
[2024-10-04T19:18:21.955+0000] {processor.py:208} INFO - Processing /home/airflow/.local/lib/python3.12/site-packages/airflow/example_dags/tutorial_dag.py took 0.291 seconds
[2024-10-04T23:37:23.228+0000] {processor.py:186} INFO - Started process (PID=103) to work on /home/airflow/.local/lib/python3.12/site-packages/airflow/example_dags/tutorial_dag.py
[2024-10-04T23:37:23.230+0000] {processor.py:914} INFO - Processing file /home/airflow/.local/lib/python3.12/site-packages/airflow/example_dags/tutorial_dag.py for tasks to queue
[2024-10-04T23:37:23.235+0000] {logging_mixin.py:190} INFO - [2024-10-04T23:37:23.234+0000] {dagbag.py:587} INFO - Filling up the DagBag from /home/airflow/.local/lib/python3.12/site-packages/airflow/example_dags/tutorial_dag.py
[2024-10-04T23:37:23.250+0000] {processor.py:925} INFO - DAG(s) 'tutorial_dag' retrieved from /home/airflow/.local/lib/python3.12/site-packages/airflow/example_dags/tutorial_dag.py
[2024-10-04T23:37:23.295+0000] {logging_mixin.py:190} INFO - [2024-10-04T23:37:23.294+0000] {dag.py:3229} INFO - Sync 1 DAGs
[2024-10-04T23:37:23.330+0000] {logging_mixin.py:190} INFO - [2024-10-04T23:37:23.329+0000] {dag.py:4156} INFO - Setting next_dagrun for tutorial_dag to None, run_after=None
[2024-10-04T23:37:23.380+0000] {processor.py:208} INFO - Processing /home/airflow/.local/lib/python3.12/site-packages/airflow/example_dags/tutorial_dag.py took 0.163 seconds
[2024-10-04T23:37:53.478+0000] {processor.py:186} INFO - Started process (PID=164) to work on /home/airflow/.local/lib/python3.12/site-packages/airflow/example_dags/tutorial_dag.py
[2024-10-04T23:37:53.480+0000] {processor.py:914} INFO - Processing file /home/airflow/.local/lib/python3.12/site-packages/airflow/example_dags/tutorial_dag.py for tasks to queue
[2024-10-04T23:37:53.484+0000] {logging_mixin.py:190} INFO - [2024-10-04T23:37:53.483+0000] {dagbag.py:587} INFO - Filling up the DagBag from /home/airflow/.local/lib/python3.12/site-packages/airflow/example_dags/tutorial_dag.py
[2024-10-04T23:37:53.495+0000] {processor.py:925} INFO - DAG(s) 'tutorial_dag' retrieved from /home/airflow/.local/lib/python3.12/site-packages/airflow/example_dags/tutorial_dag.py
[2024-10-04T23:37:53.522+0000] {logging_mixin.py:190} INFO - [2024-10-04T23:37:53.522+0000] {dag.py:3229} INFO - Sync 1 DAGs
[2024-10-04T23:37:53.541+0000] {logging_mixin.py:190} INFO - [2024-10-04T23:37:53.541+0000] {dag.py:4156} INFO - Setting next_dagrun for tutorial_dag to None, run_after=None
[2024-10-04T23:37:53.569+0000] {processor.py:208} INFO - Processing /home/airflow/.local/lib/python3.12/site-packages/airflow/example_dags/tutorial_dag.py took 0.099 seconds
[2024-10-04T23:38:24.909+0000] {processor.py:186} INFO - Started process (PID=227) to work on /home/airflow/.local/lib/python3.12/site-packages/airflow/example_dags/tutorial_dag.py
[2024-10-04T23:38:24.911+0000] {processor.py:914} INFO - Processing file /home/airflow/.local/lib/python3.12/site-packages/airflow/example_dags/tutorial_dag.py for tasks to queue
[2024-10-04T23:38:24.917+0000] {logging_mixin.py:190} INFO - [2024-10-04T23:38:24.916+0000] {dagbag.py:587} INFO - Filling up the DagBag from /home/airflow/.local/lib/python3.12/site-packages/airflow/example_dags/tutorial_dag.py
[2024-10-04T23:38:24.933+0000] {processor.py:925} INFO - DAG(s) 'tutorial_dag' retrieved from /home/airflow/.local/lib/python3.12/site-packages/airflow/example_dags/tutorial_dag.py
[2024-10-04T23:38:24.980+0000] {logging_mixin.py:190} INFO - [2024-10-04T23:38:24.979+0000] {dag.py:3229} INFO - Sync 1 DAGs
[2024-10-04T23:38:25.015+0000] {logging_mixin.py:190} INFO - [2024-10-04T23:38:25.015+0000] {dag.py:4156} INFO - Setting next_dagrun for tutorial_dag to None, run_after=None
[2024-10-04T23:38:25.052+0000] {processor.py:208} INFO - Processing /home/airflow/.local/lib/python3.12/site-packages/airflow/example_dags/tutorial_dag.py took 0.158 seconds
[2024-10-04T23:38:55.409+0000] {processor.py:186} INFO - Started process (PID=289) to work on /home/airflow/.local/lib/python3.12/site-packages/airflow/example_dags/tutorial_dag.py
[2024-10-04T23:38:55.410+0000] {processor.py:914} INFO - Processing file /home/airflow/.local/lib/python3.12/site-packages/airflow/example_dags/tutorial_dag.py for tasks to queue
[2024-10-04T23:38:55.413+0000] {logging_mixin.py:190} INFO - [2024-10-04T23:38:55.413+0000] {dagbag.py:587} INFO - Filling up the DagBag from /home/airflow/.local/lib/python3.12/site-packages/airflow/example_dags/tutorial_dag.py
[2024-10-04T23:38:55.424+0000] {processor.py:925} INFO - DAG(s) 'tutorial_dag' retrieved from /home/airflow/.local/lib/python3.12/site-packages/airflow/example_dags/tutorial_dag.py
[2024-10-04T23:38:55.458+0000] {logging_mixin.py:190} INFO - [2024-10-04T23:38:55.457+0000] {dag.py:3229} INFO - Sync 1 DAGs
[2024-10-04T23:38:55.478+0000] {logging_mixin.py:190} INFO - [2024-10-04T23:38:55.477+0000] {dag.py:4156} INFO - Setting next_dagrun for tutorial_dag to None, run_after=None
[2024-10-04T23:38:55.511+0000] {processor.py:208} INFO - Processing /home/airflow/.local/lib/python3.12/site-packages/airflow/example_dags/tutorial_dag.py took 0.114 seconds
[2024-10-04T23:39:26.617+0000] {processor.py:186} INFO - Started process (PID=351) to work on /home/airflow/.local/lib/python3.12/site-packages/airflow/example_dags/tutorial_dag.py
[2024-10-04T23:39:26.619+0000] {processor.py:914} INFO - Processing file /home/airflow/.local/lib/python3.12/site-packages/airflow/example_dags/tutorial_dag.py for tasks to queue
[2024-10-04T23:39:26.623+0000] {logging_mixin.py:190} INFO - [2024-10-04T23:39:26.622+0000] {dagbag.py:587} INFO - Filling up the DagBag from /home/airflow/.local/lib/python3.12/site-packages/airflow/example_dags/tutorial_dag.py
[2024-10-04T23:39:26.632+0000] {processor.py:925} INFO - DAG(s) 'tutorial_dag' retrieved from /home/airflow/.local/lib/python3.12/site-packages/airflow/example_dags/tutorial_dag.py
[2024-10-04T23:39:26.665+0000] {logging_mixin.py:190} INFO - [2024-10-04T23:39:26.664+0000] {dag.py:3229} INFO - Sync 1 DAGs
[2024-10-04T23:39:26.686+0000] {logging_mixin.py:190} INFO - [2024-10-04T23:39:26.685+0000] {dag.py:4156} INFO - Setting next_dagrun for tutorial_dag to None, run_after=None
[2024-10-04T23:39:26.715+0000] {processor.py:208} INFO - Processing /home/airflow/.local/lib/python3.12/site-packages/airflow/example_dags/tutorial_dag.py took 0.106 seconds
[2024-10-04T23:39:57.810+0000] {processor.py:186} INFO - Started process (PID=413) to work on /home/airflow/.local/lib/python3.12/site-packages/airflow/example_dags/tutorial_dag.py
[2024-10-04T23:39:57.812+0000] {processor.py:914} INFO - Processing file /home/airflow/.local/lib/python3.12/site-packages/airflow/example_dags/tutorial_dag.py for tasks to queue
[2024-10-04T23:39:57.816+0000] {logging_mixin.py:190} INFO - [2024-10-04T23:39:57.816+0000] {dagbag.py:587} INFO - Filling up the DagBag from /home/airflow/.local/lib/python3.12/site-packages/airflow/example_dags/tutorial_dag.py
[2024-10-04T23:39:57.830+0000] {processor.py:925} INFO - DAG(s) 'tutorial_dag' retrieved from /home/airflow/.local/lib/python3.12/site-packages/airflow/example_dags/tutorial_dag.py
[2024-10-04T23:39:57.865+0000] {logging_mixin.py:190} INFO - [2024-10-04T23:39:57.864+0000] {dag.py:3229} INFO - Sync 1 DAGs
[2024-10-04T23:39:57.896+0000] {logging_mixin.py:190} INFO - [2024-10-04T23:39:57.896+0000] {dag.py:4156} INFO - Setting next_dagrun for tutorial_dag to None, run_after=None
[2024-10-04T23:39:57.933+0000] {processor.py:208} INFO - Processing /home/airflow/.local/lib/python3.12/site-packages/airflow/example_dags/tutorial_dag.py took 0.136 seconds
[2024-10-04T23:40:29.672+0000] {processor.py:186} INFO - Started process (PID=475) to work on /home/airflow/.local/lib/python3.12/site-packages/airflow/example_dags/tutorial_dag.py
[2024-10-04T23:40:29.674+0000] {processor.py:914} INFO - Processing file /home/airflow/.local/lib/python3.12/site-packages/airflow/example_dags/tutorial_dag.py for tasks to queue
[2024-10-04T23:40:29.678+0000] {logging_mixin.py:190} INFO - [2024-10-04T23:40:29.677+0000] {dagbag.py:587} INFO - Filling up the DagBag from /home/airflow/.local/lib/python3.12/site-packages/airflow/example_dags/tutorial_dag.py
[2024-10-04T23:40:29.689+0000] {processor.py:925} INFO - DAG(s) 'tutorial_dag' retrieved from /home/airflow/.local/lib/python3.12/site-packages/airflow/example_dags/tutorial_dag.py
[2024-10-04T23:40:29.724+0000] {logging_mixin.py:190} INFO - [2024-10-04T23:40:29.724+0000] {dag.py:3229} INFO - Sync 1 DAGs
[2024-10-04T23:40:29.750+0000] {logging_mixin.py:190} INFO - [2024-10-04T23:40:29.750+0000] {dag.py:4156} INFO - Setting next_dagrun for tutorial_dag to None, run_after=None
[2024-10-04T23:40:29.802+0000] {processor.py:208} INFO - Processing /home/airflow/.local/lib/python3.12/site-packages/airflow/example_dags/tutorial_dag.py took 0.139 seconds
[2024-10-04T23:41:00.559+0000] {processor.py:186} INFO - Started process (PID=537) to work on /home/airflow/.local/lib/python3.12/site-packages/airflow/example_dags/tutorial_dag.py
[2024-10-04T23:41:00.561+0000] {processor.py:914} INFO - Processing file /home/airflow/.local/lib/python3.12/site-packages/airflow/example_dags/tutorial_dag.py for tasks to queue
[2024-10-04T23:41:00.564+0000] {logging_mixin.py:190} INFO - [2024-10-04T23:41:00.563+0000] {dagbag.py:587} INFO - Filling up the DagBag from /home/airflow/.local/lib/python3.12/site-packages/airflow/example_dags/tutorial_dag.py
[2024-10-04T23:41:00.575+0000] {processor.py:925} INFO - DAG(s) 'tutorial_dag' retrieved from /home/airflow/.local/lib/python3.12/site-packages/airflow/example_dags/tutorial_dag.py
[2024-10-04T23:41:00.603+0000] {logging_mixin.py:190} INFO - [2024-10-04T23:41:00.603+0000] {dag.py:3229} INFO - Sync 1 DAGs
[2024-10-04T23:41:00.630+0000] {logging_mixin.py:190} INFO - [2024-10-04T23:41:00.630+0000] {dag.py:4156} INFO - Setting next_dagrun for tutorial_dag to None, run_after=None
[2024-10-04T23:41:00.666+0000] {processor.py:208} INFO - Processing /home/airflow/.local/lib/python3.12/site-packages/airflow/example_dags/tutorial_dag.py took 0.115 seconds
[2024-10-04T23:41:31.010+0000] {processor.py:186} INFO - Started process (PID=600) to work on /home/airflow/.local/lib/python3.12/site-packages/airflow/example_dags/tutorial_dag.py
[2024-10-04T23:41:31.012+0000] {processor.py:914} INFO - Processing file /home/airflow/.local/lib/python3.12/site-packages/airflow/example_dags/tutorial_dag.py for tasks to queue
[2024-10-04T23:41:31.015+0000] {logging_mixin.py:190} INFO - [2024-10-04T23:41:31.015+0000] {dagbag.py:587} INFO - Filling up the DagBag from /home/airflow/.local/lib/python3.12/site-packages/airflow/example_dags/tutorial_dag.py
[2024-10-04T23:41:31.028+0000] {processor.py:925} INFO - DAG(s) 'tutorial_dag' retrieved from /home/airflow/.local/lib/python3.12/site-packages/airflow/example_dags/tutorial_dag.py
[2024-10-04T23:41:31.055+0000] {logging_mixin.py:190} INFO - [2024-10-04T23:41:31.055+0000] {dag.py:3229} INFO - Sync 1 DAGs
[2024-10-04T23:41:31.079+0000] {logging_mixin.py:190} INFO - [2024-10-04T23:41:31.079+0000] {dag.py:4156} INFO - Setting next_dagrun for tutorial_dag to None, run_after=None
[2024-10-04T23:41:31.114+0000] {processor.py:208} INFO - Processing /home/airflow/.local/lib/python3.12/site-packages/airflow/example_dags/tutorial_dag.py took 0.111 seconds
[2024-10-04T23:42:01.288+0000] {processor.py:186} INFO - Started process (PID=661) to work on /home/airflow/.local/lib/python3.12/site-packages/airflow/example_dags/tutorial_dag.py
[2024-10-04T23:42:01.290+0000] {processor.py:914} INFO - Processing file /home/airflow/.local/lib/python3.12/site-packages/airflow/example_dags/tutorial_dag.py for tasks to queue
[2024-10-04T23:42:01.293+0000] {logging_mixin.py:190} INFO - [2024-10-04T23:42:01.292+0000] {dagbag.py:587} INFO - Filling up the DagBag from /home/airflow/.local/lib/python3.12/site-packages/airflow/example_dags/tutorial_dag.py
[2024-10-04T23:42:01.303+0000] {processor.py:925} INFO - DAG(s) 'tutorial_dag' retrieved from /home/airflow/.local/lib/python3.12/site-packages/airflow/example_dags/tutorial_dag.py
[2024-10-04T23:42:01.331+0000] {logging_mixin.py:190} INFO - [2024-10-04T23:42:01.331+0000] {dag.py:3229} INFO - Sync 1 DAGs
[2024-10-04T23:42:01.356+0000] {logging_mixin.py:190} INFO - [2024-10-04T23:42:01.356+0000] {dag.py:4156} INFO - Setting next_dagrun for tutorial_dag to None, run_after=None
[2024-10-04T23:42:01.387+0000] {processor.py:208} INFO - Processing /home/airflow/.local/lib/python3.12/site-packages/airflow/example_dags/tutorial_dag.py took 0.106 seconds
[2024-10-04T23:42:32.038+0000] {processor.py:186} INFO - Started process (PID=723) to work on /home/airflow/.local/lib/python3.12/site-packages/airflow/example_dags/tutorial_dag.py
[2024-10-04T23:42:32.040+0000] {processor.py:914} INFO - Processing file /home/airflow/.local/lib/python3.12/site-packages/airflow/example_dags/tutorial_dag.py for tasks to queue
[2024-10-04T23:42:32.043+0000] {logging_mixin.py:190} INFO - [2024-10-04T23:42:32.042+0000] {dagbag.py:587} INFO - Filling up the DagBag from /home/airflow/.local/lib/python3.12/site-packages/airflow/example_dags/tutorial_dag.py
[2024-10-04T23:42:32.055+0000] {processor.py:925} INFO - DAG(s) 'tutorial_dag' retrieved from /home/airflow/.local/lib/python3.12/site-packages/airflow/example_dags/tutorial_dag.py
[2024-10-04T23:42:32.082+0000] {logging_mixin.py:190} INFO - [2024-10-04T23:42:32.082+0000] {dag.py:3229} INFO - Sync 1 DAGs
[2024-10-04T23:42:32.105+0000] {logging_mixin.py:190} INFO - [2024-10-04T23:42:32.105+0000] {dag.py:4156} INFO - Setting next_dagrun for tutorial_dag to None, run_after=None
[2024-10-04T23:42:32.145+0000] {processor.py:208} INFO - Processing /home/airflow/.local/lib/python3.12/site-packages/airflow/example_dags/tutorial_dag.py took 0.116 seconds
[2024-10-04T23:43:02.555+0000] {processor.py:186} INFO - Started process (PID=786) to work on /home/airflow/.local/lib/python3.12/site-packages/airflow/example_dags/tutorial_dag.py
[2024-10-04T23:43:02.557+0000] {processor.py:914} INFO - Processing file /home/airflow/.local/lib/python3.12/site-packages/airflow/example_dags/tutorial_dag.py for tasks to queue
[2024-10-04T23:43:02.560+0000] {logging_mixin.py:190} INFO - [2024-10-04T23:43:02.560+0000] {dagbag.py:587} INFO - Filling up the DagBag from /home/airflow/.local/lib/python3.12/site-packages/airflow/example_dags/tutorial_dag.py
[2024-10-04T23:43:02.571+0000] {processor.py:925} INFO - DAG(s) 'tutorial_dag' retrieved from /home/airflow/.local/lib/python3.12/site-packages/airflow/example_dags/tutorial_dag.py
[2024-10-04T23:43:02.601+0000] {logging_mixin.py:190} INFO - [2024-10-04T23:43:02.601+0000] {dag.py:3229} INFO - Sync 1 DAGs
[2024-10-04T23:43:02.647+0000] {logging_mixin.py:190} INFO - [2024-10-04T23:43:02.646+0000] {dag.py:4156} INFO - Setting next_dagrun for tutorial_dag to None, run_after=None
[2024-10-04T23:43:02.699+0000] {processor.py:208} INFO - Processing /home/airflow/.local/lib/python3.12/site-packages/airflow/example_dags/tutorial_dag.py took 0.155 seconds
[2024-10-04T23:43:33.134+0000] {processor.py:186} INFO - Started process (PID=848) to work on /home/airflow/.local/lib/python3.12/site-packages/airflow/example_dags/tutorial_dag.py
[2024-10-04T23:43:33.135+0000] {processor.py:914} INFO - Processing file /home/airflow/.local/lib/python3.12/site-packages/airflow/example_dags/tutorial_dag.py for tasks to queue
[2024-10-04T23:43:33.139+0000] {logging_mixin.py:190} INFO - [2024-10-04T23:43:33.139+0000] {dagbag.py:587} INFO - Filling up the DagBag from /home/airflow/.local/lib/python3.12/site-packages/airflow/example_dags/tutorial_dag.py
[2024-10-04T23:43:33.150+0000] {processor.py:925} INFO - DAG(s) 'tutorial_dag' retrieved from /home/airflow/.local/lib/python3.12/site-packages/airflow/example_dags/tutorial_dag.py
[2024-10-04T23:43:33.178+0000] {logging_mixin.py:190} INFO - [2024-10-04T23:43:33.177+0000] {dag.py:3229} INFO - Sync 1 DAGs
[2024-10-04T23:43:33.205+0000] {logging_mixin.py:190} INFO - [2024-10-04T23:43:33.205+0000] {dag.py:4156} INFO - Setting next_dagrun for tutorial_dag to None, run_after=None
[2024-10-04T23:43:33.248+0000] {processor.py:208} INFO - Processing /home/airflow/.local/lib/python3.12/site-packages/airflow/example_dags/tutorial_dag.py took 0.123 seconds
[2024-10-04T23:44:04.501+0000] {processor.py:186} INFO - Started process (PID=909) to work on /home/airflow/.local/lib/python3.12/site-packages/airflow/example_dags/tutorial_dag.py
[2024-10-04T23:44:04.503+0000] {processor.py:914} INFO - Processing file /home/airflow/.local/lib/python3.12/site-packages/airflow/example_dags/tutorial_dag.py for tasks to queue
[2024-10-04T23:44:04.506+0000] {logging_mixin.py:190} INFO - [2024-10-04T23:44:04.506+0000] {dagbag.py:587} INFO - Filling up the DagBag from /home/airflow/.local/lib/python3.12/site-packages/airflow/example_dags/tutorial_dag.py
[2024-10-04T23:44:04.517+0000] {processor.py:925} INFO - DAG(s) 'tutorial_dag' retrieved from /home/airflow/.local/lib/python3.12/site-packages/airflow/example_dags/tutorial_dag.py
[2024-10-04T23:44:04.551+0000] {logging_mixin.py:190} INFO - [2024-10-04T23:44:04.550+0000] {dag.py:3229} INFO - Sync 1 DAGs
[2024-10-04T23:44:04.585+0000] {logging_mixin.py:190} INFO - [2024-10-04T23:44:04.584+0000] {dag.py:4156} INFO - Setting next_dagrun for tutorial_dag to None, run_after=None
[2024-10-04T23:44:04.613+0000] {processor.py:208} INFO - Processing /home/airflow/.local/lib/python3.12/site-packages/airflow/example_dags/tutorial_dag.py took 0.123 seconds
[2024-10-04T23:44:35.466+0000] {processor.py:186} INFO - Started process (PID=971) to work on /home/airflow/.local/lib/python3.12/site-packages/airflow/example_dags/tutorial_dag.py
[2024-10-04T23:44:35.468+0000] {processor.py:914} INFO - Processing file /home/airflow/.local/lib/python3.12/site-packages/airflow/example_dags/tutorial_dag.py for tasks to queue
[2024-10-04T23:44:35.473+0000] {logging_mixin.py:190} INFO - [2024-10-04T23:44:35.472+0000] {dagbag.py:587} INFO - Filling up the DagBag from /home/airflow/.local/lib/python3.12/site-packages/airflow/example_dags/tutorial_dag.py
[2024-10-04T23:44:35.489+0000] {processor.py:925} INFO - DAG(s) 'tutorial_dag' retrieved from /home/airflow/.local/lib/python3.12/site-packages/airflow/example_dags/tutorial_dag.py
[2024-10-04T23:44:35.523+0000] {logging_mixin.py:190} INFO - [2024-10-04T23:44:35.522+0000] {dag.py:3229} INFO - Sync 1 DAGs
[2024-10-04T23:44:35.556+0000] {logging_mixin.py:190} INFO - [2024-10-04T23:44:35.556+0000] {dag.py:4156} INFO - Setting next_dagrun for tutorial_dag to None, run_after=None
[2024-10-04T23:44:35.612+0000] {processor.py:208} INFO - Processing /home/airflow/.local/lib/python3.12/site-packages/airflow/example_dags/tutorial_dag.py took 0.162 seconds
[2024-10-04T23:45:06.265+0000] {processor.py:186} INFO - Started process (PID=1033) to work on /home/airflow/.local/lib/python3.12/site-packages/airflow/example_dags/tutorial_dag.py
[2024-10-04T23:45:06.266+0000] {processor.py:914} INFO - Processing file /home/airflow/.local/lib/python3.12/site-packages/airflow/example_dags/tutorial_dag.py for tasks to queue
[2024-10-04T23:45:06.270+0000] {logging_mixin.py:190} INFO - [2024-10-04T23:45:06.269+0000] {dagbag.py:587} INFO - Filling up the DagBag from /home/airflow/.local/lib/python3.12/site-packages/airflow/example_dags/tutorial_dag.py
[2024-10-04T23:45:06.285+0000] {processor.py:925} INFO - DAG(s) 'tutorial_dag' retrieved from /home/airflow/.local/lib/python3.12/site-packages/airflow/example_dags/tutorial_dag.py
[2024-10-04T23:45:06.312+0000] {logging_mixin.py:190} INFO - [2024-10-04T23:45:06.312+0000] {dag.py:3229} INFO - Sync 1 DAGs
[2024-10-04T23:45:06.335+0000] {logging_mixin.py:190} INFO - [2024-10-04T23:45:06.334+0000] {dag.py:4156} INFO - Setting next_dagrun for tutorial_dag to None, run_after=None
[2024-10-04T23:45:06.368+0000] {processor.py:208} INFO - Processing /home/airflow/.local/lib/python3.12/site-packages/airflow/example_dags/tutorial_dag.py took 0.111 seconds
[2024-10-04T23:45:37.141+0000] {processor.py:186} INFO - Started process (PID=1095) to work on /home/airflow/.local/lib/python3.12/site-packages/airflow/example_dags/tutorial_dag.py
[2024-10-04T23:45:37.143+0000] {processor.py:914} INFO - Processing file /home/airflow/.local/lib/python3.12/site-packages/airflow/example_dags/tutorial_dag.py for tasks to queue
[2024-10-04T23:45:37.147+0000] {logging_mixin.py:190} INFO - [2024-10-04T23:45:37.146+0000] {dagbag.py:587} INFO - Filling up the DagBag from /home/airflow/.local/lib/python3.12/site-packages/airflow/example_dags/tutorial_dag.py
[2024-10-04T23:45:37.159+0000] {processor.py:925} INFO - DAG(s) 'tutorial_dag' retrieved from /home/airflow/.local/lib/python3.12/site-packages/airflow/example_dags/tutorial_dag.py
[2024-10-04T23:45:37.211+0000] {logging_mixin.py:190} INFO - [2024-10-04T23:45:37.210+0000] {dag.py:3229} INFO - Sync 1 DAGs
[2024-10-04T23:45:37.247+0000] {logging_mixin.py:190} INFO - [2024-10-04T23:45:37.246+0000] {dag.py:4156} INFO - Setting next_dagrun for tutorial_dag to None, run_after=None
[2024-10-04T23:45:37.290+0000] {processor.py:208} INFO - Processing /home/airflow/.local/lib/python3.12/site-packages/airflow/example_dags/tutorial_dag.py took 0.159 seconds
[2024-10-04T23:46:07.407+0000] {processor.py:186} INFO - Started process (PID=1157) to work on /home/airflow/.local/lib/python3.12/site-packages/airflow/example_dags/tutorial_dag.py
[2024-10-04T23:46:07.409+0000] {processor.py:914} INFO - Processing file /home/airflow/.local/lib/python3.12/site-packages/airflow/example_dags/tutorial_dag.py for tasks to queue
[2024-10-04T23:46:07.412+0000] {logging_mixin.py:190} INFO - [2024-10-04T23:46:07.412+0000] {dagbag.py:587} INFO - Filling up the DagBag from /home/airflow/.local/lib/python3.12/site-packages/airflow/example_dags/tutorial_dag.py
[2024-10-04T23:46:07.427+0000] {processor.py:925} INFO - DAG(s) 'tutorial_dag' retrieved from /home/airflow/.local/lib/python3.12/site-packages/airflow/example_dags/tutorial_dag.py
[2024-10-04T23:46:07.467+0000] {logging_mixin.py:190} INFO - [2024-10-04T23:46:07.466+0000] {dag.py:3229} INFO - Sync 1 DAGs
[2024-10-04T23:46:07.496+0000] {logging_mixin.py:190} INFO - [2024-10-04T23:46:07.496+0000] {dag.py:4156} INFO - Setting next_dagrun for tutorial_dag to None, run_after=None
[2024-10-04T23:46:07.550+0000] {processor.py:208} INFO - Processing /home/airflow/.local/lib/python3.12/site-packages/airflow/example_dags/tutorial_dag.py took 0.154 seconds
[2024-10-04T23:46:38.566+0000] {processor.py:186} INFO - Started process (PID=1219) to work on /home/airflow/.local/lib/python3.12/site-packages/airflow/example_dags/tutorial_dag.py
[2024-10-04T23:46:38.568+0000] {processor.py:914} INFO - Processing file /home/airflow/.local/lib/python3.12/site-packages/airflow/example_dags/tutorial_dag.py for tasks to queue
[2024-10-04T23:46:38.600+0000] {logging_mixin.py:190} INFO - [2024-10-04T23:46:38.599+0000] {dagbag.py:587} INFO - Filling up the DagBag from /home/airflow/.local/lib/python3.12/site-packages/airflow/example_dags/tutorial_dag.py
[2024-10-04T23:46:38.655+0000] {processor.py:925} INFO - DAG(s) 'tutorial_dag' retrieved from /home/airflow/.local/lib/python3.12/site-packages/airflow/example_dags/tutorial_dag.py
[2024-10-04T23:46:38.692+0000] {logging_mixin.py:190} INFO - [2024-10-04T23:46:38.691+0000] {dag.py:3229} INFO - Sync 1 DAGs
[2024-10-04T23:46:38.739+0000] {logging_mixin.py:190} INFO - [2024-10-04T23:46:38.739+0000] {dag.py:4156} INFO - Setting next_dagrun for tutorial_dag to None, run_after=None
[2024-10-04T23:46:38.785+0000] {processor.py:208} INFO - Processing /home/airflow/.local/lib/python3.12/site-packages/airflow/example_dags/tutorial_dag.py took 0.227 seconds
[2024-10-04T23:47:09.492+0000] {processor.py:186} INFO - Started process (PID=1280) to work on /home/airflow/.local/lib/python3.12/site-packages/airflow/example_dags/tutorial_dag.py
[2024-10-04T23:47:09.493+0000] {processor.py:914} INFO - Processing file /home/airflow/.local/lib/python3.12/site-packages/airflow/example_dags/tutorial_dag.py for tasks to queue
[2024-10-04T23:47:09.498+0000] {logging_mixin.py:190} INFO - [2024-10-04T23:47:09.497+0000] {dagbag.py:587} INFO - Filling up the DagBag from /home/airflow/.local/lib/python3.12/site-packages/airflow/example_dags/tutorial_dag.py
[2024-10-04T23:47:09.509+0000] {processor.py:925} INFO - DAG(s) 'tutorial_dag' retrieved from /home/airflow/.local/lib/python3.12/site-packages/airflow/example_dags/tutorial_dag.py
[2024-10-04T23:47:09.550+0000] {logging_mixin.py:190} INFO - [2024-10-04T23:47:09.550+0000] {dag.py:3229} INFO - Sync 1 DAGs
[2024-10-04T23:47:09.579+0000] {logging_mixin.py:190} INFO - [2024-10-04T23:47:09.578+0000] {dag.py:4156} INFO - Setting next_dagrun for tutorial_dag to None, run_after=None
[2024-10-04T23:47:09.625+0000] {processor.py:208} INFO - Processing /home/airflow/.local/lib/python3.12/site-packages/airflow/example_dags/tutorial_dag.py took 0.144 seconds
[2024-10-04T23:47:39.679+0000] {processor.py:186} INFO - Started process (PID=1341) to work on /home/airflow/.local/lib/python3.12/site-packages/airflow/example_dags/tutorial_dag.py
[2024-10-04T23:47:39.680+0000] {processor.py:914} INFO - Processing file /home/airflow/.local/lib/python3.12/site-packages/airflow/example_dags/tutorial_dag.py for tasks to queue
[2024-10-04T23:47:39.685+0000] {logging_mixin.py:190} INFO - [2024-10-04T23:47:39.684+0000] {dagbag.py:587} INFO - Filling up the DagBag from /home/airflow/.local/lib/python3.12/site-packages/airflow/example_dags/tutorial_dag.py
[2024-10-04T23:47:39.697+0000] {processor.py:925} INFO - DAG(s) 'tutorial_dag' retrieved from /home/airflow/.local/lib/python3.12/site-packages/airflow/example_dags/tutorial_dag.py
[2024-10-04T23:47:39.722+0000] {logging_mixin.py:190} INFO - [2024-10-04T23:47:39.722+0000] {dag.py:3229} INFO - Sync 1 DAGs
[2024-10-04T23:47:39.742+0000] {logging_mixin.py:190} INFO - [2024-10-04T23:47:39.742+0000] {dag.py:4156} INFO - Setting next_dagrun for tutorial_dag to None, run_after=None
[2024-10-04T23:47:39.774+0000] {processor.py:208} INFO - Processing /home/airflow/.local/lib/python3.12/site-packages/airflow/example_dags/tutorial_dag.py took 0.103 seconds
[2024-10-04T23:48:11.076+0000] {processor.py:186} INFO - Started process (PID=1409) to work on /home/airflow/.local/lib/python3.12/site-packages/airflow/example_dags/tutorial_dag.py
[2024-10-04T23:48:11.077+0000] {processor.py:914} INFO - Processing file /home/airflow/.local/lib/python3.12/site-packages/airflow/example_dags/tutorial_dag.py for tasks to queue
[2024-10-04T23:48:11.080+0000] {logging_mixin.py:190} INFO - [2024-10-04T23:48:11.080+0000] {dagbag.py:587} INFO - Filling up the DagBag from /home/airflow/.local/lib/python3.12/site-packages/airflow/example_dags/tutorial_dag.py
[2024-10-04T23:48:11.089+0000] {processor.py:925} INFO - DAG(s) 'tutorial_dag' retrieved from /home/airflow/.local/lib/python3.12/site-packages/airflow/example_dags/tutorial_dag.py
[2024-10-04T23:48:11.118+0000] {logging_mixin.py:190} INFO - [2024-10-04T23:48:11.117+0000] {dag.py:3229} INFO - Sync 1 DAGs
[2024-10-04T23:48:11.140+0000] {logging_mixin.py:190} INFO - [2024-10-04T23:48:11.140+0000] {dag.py:4156} INFO - Setting next_dagrun for tutorial_dag to None, run_after=None
[2024-10-04T23:48:11.169+0000] {processor.py:208} INFO - Processing /home/airflow/.local/lib/python3.12/site-packages/airflow/example_dags/tutorial_dag.py took 0.101 seconds
[2024-10-04T23:48:41.545+0000] {processor.py:186} INFO - Started process (PID=1472) to work on /home/airflow/.local/lib/python3.12/site-packages/airflow/example_dags/tutorial_dag.py
[2024-10-04T23:48:41.546+0000] {processor.py:914} INFO - Processing file /home/airflow/.local/lib/python3.12/site-packages/airflow/example_dags/tutorial_dag.py for tasks to queue
[2024-10-04T23:48:41.549+0000] {logging_mixin.py:190} INFO - [2024-10-04T23:48:41.549+0000] {dagbag.py:587} INFO - Filling up the DagBag from /home/airflow/.local/lib/python3.12/site-packages/airflow/example_dags/tutorial_dag.py
[2024-10-04T23:48:41.559+0000] {processor.py:925} INFO - DAG(s) 'tutorial_dag' retrieved from /home/airflow/.local/lib/python3.12/site-packages/airflow/example_dags/tutorial_dag.py
[2024-10-04T23:48:41.589+0000] {logging_mixin.py:190} INFO - [2024-10-04T23:48:41.589+0000] {dag.py:3229} INFO - Sync 1 DAGs
[2024-10-04T23:48:41.614+0000] {logging_mixin.py:190} INFO - [2024-10-04T23:48:41.614+0000] {dag.py:4156} INFO - Setting next_dagrun for tutorial_dag to None, run_after=None
[2024-10-04T23:48:41.646+0000] {processor.py:208} INFO - Processing /home/airflow/.local/lib/python3.12/site-packages/airflow/example_dags/tutorial_dag.py took 0.113 seconds
[2024-10-04T23:49:12.125+0000] {processor.py:186} INFO - Started process (PID=1535) to work on /home/airflow/.local/lib/python3.12/site-packages/airflow/example_dags/tutorial_dag.py
[2024-10-04T23:49:12.126+0000] {processor.py:914} INFO - Processing file /home/airflow/.local/lib/python3.12/site-packages/airflow/example_dags/tutorial_dag.py for tasks to queue
[2024-10-04T23:49:12.130+0000] {logging_mixin.py:190} INFO - [2024-10-04T23:49:12.129+0000] {dagbag.py:587} INFO - Filling up the DagBag from /home/airflow/.local/lib/python3.12/site-packages/airflow/example_dags/tutorial_dag.py
[2024-10-04T23:49:12.139+0000] {processor.py:925} INFO - DAG(s) 'tutorial_dag' retrieved from /home/airflow/.local/lib/python3.12/site-packages/airflow/example_dags/tutorial_dag.py
[2024-10-04T23:49:12.172+0000] {logging_mixin.py:190} INFO - [2024-10-04T23:49:12.171+0000] {dag.py:3229} INFO - Sync 1 DAGs
[2024-10-04T23:49:12.192+0000] {logging_mixin.py:190} INFO - [2024-10-04T23:49:12.192+0000] {dag.py:4156} INFO - Setting next_dagrun for tutorial_dag to None, run_after=None
[2024-10-04T23:49:12.224+0000] {processor.py:208} INFO - Processing /home/airflow/.local/lib/python3.12/site-packages/airflow/example_dags/tutorial_dag.py took 0.110 seconds
[2024-10-04T23:49:42.441+0000] {processor.py:186} INFO - Started process (PID=1597) to work on /home/airflow/.local/lib/python3.12/site-packages/airflow/example_dags/tutorial_dag.py
[2024-10-04T23:49:42.443+0000] {processor.py:914} INFO - Processing file /home/airflow/.local/lib/python3.12/site-packages/airflow/example_dags/tutorial_dag.py for tasks to queue
[2024-10-04T23:49:42.447+0000] {logging_mixin.py:190} INFO - [2024-10-04T23:49:42.446+0000] {dagbag.py:587} INFO - Filling up the DagBag from /home/airflow/.local/lib/python3.12/site-packages/airflow/example_dags/tutorial_dag.py
[2024-10-04T23:49:42.459+0000] {processor.py:925} INFO - DAG(s) 'tutorial_dag' retrieved from /home/airflow/.local/lib/python3.12/site-packages/airflow/example_dags/tutorial_dag.py
[2024-10-04T23:49:42.488+0000] {logging_mixin.py:190} INFO - [2024-10-04T23:49:42.488+0000] {dag.py:3229} INFO - Sync 1 DAGs
[2024-10-04T23:49:42.512+0000] {logging_mixin.py:190} INFO - [2024-10-04T23:49:42.512+0000] {dag.py:4156} INFO - Setting next_dagrun for tutorial_dag to None, run_after=None
[2024-10-04T23:49:42.549+0000] {processor.py:208} INFO - Processing /home/airflow/.local/lib/python3.12/site-packages/airflow/example_dags/tutorial_dag.py took 0.119 seconds
[2024-10-04T23:50:13.092+0000] {processor.py:186} INFO - Started process (PID=1659) to work on /home/airflow/.local/lib/python3.12/site-packages/airflow/example_dags/tutorial_dag.py
[2024-10-04T23:50:13.094+0000] {processor.py:914} INFO - Processing file /home/airflow/.local/lib/python3.12/site-packages/airflow/example_dags/tutorial_dag.py for tasks to queue
[2024-10-04T23:50:13.097+0000] {logging_mixin.py:190} INFO - [2024-10-04T23:50:13.096+0000] {dagbag.py:587} INFO - Filling up the DagBag from /home/airflow/.local/lib/python3.12/site-packages/airflow/example_dags/tutorial_dag.py
[2024-10-04T23:50:13.107+0000] {processor.py:925} INFO - DAG(s) 'tutorial_dag' retrieved from /home/airflow/.local/lib/python3.12/site-packages/airflow/example_dags/tutorial_dag.py
[2024-10-04T23:50:13.135+0000] {logging_mixin.py:190} INFO - [2024-10-04T23:50:13.135+0000] {dag.py:3229} INFO - Sync 1 DAGs
[2024-10-04T23:50:13.162+0000] {logging_mixin.py:190} INFO - [2024-10-04T23:50:13.161+0000] {dag.py:4156} INFO - Setting next_dagrun for tutorial_dag to None, run_after=None
[2024-10-04T23:50:13.198+0000] {processor.py:208} INFO - Processing /home/airflow/.local/lib/python3.12/site-packages/airflow/example_dags/tutorial_dag.py took 0.113 seconds
[2024-10-04T23:50:43.754+0000] {processor.py:186} INFO - Started process (PID=1721) to work on /home/airflow/.local/lib/python3.12/site-packages/airflow/example_dags/tutorial_dag.py
[2024-10-04T23:50:43.755+0000] {processor.py:914} INFO - Processing file /home/airflow/.local/lib/python3.12/site-packages/airflow/example_dags/tutorial_dag.py for tasks to queue
[2024-10-04T23:50:43.758+0000] {logging_mixin.py:190} INFO - [2024-10-04T23:50:43.758+0000] {dagbag.py:587} INFO - Filling up the DagBag from /home/airflow/.local/lib/python3.12/site-packages/airflow/example_dags/tutorial_dag.py
[2024-10-04T23:50:43.768+0000] {processor.py:925} INFO - DAG(s) 'tutorial_dag' retrieved from /home/airflow/.local/lib/python3.12/site-packages/airflow/example_dags/tutorial_dag.py
[2024-10-04T23:50:43.797+0000] {logging_mixin.py:190} INFO - [2024-10-04T23:50:43.797+0000] {dag.py:3229} INFO - Sync 1 DAGs
[2024-10-04T23:50:43.821+0000] {logging_mixin.py:190} INFO - [2024-10-04T23:50:43.820+0000] {dag.py:4156} INFO - Setting next_dagrun for tutorial_dag to None, run_after=None
[2024-10-04T23:50:43.853+0000] {processor.py:208} INFO - Processing /home/airflow/.local/lib/python3.12/site-packages/airflow/example_dags/tutorial_dag.py took 0.109 seconds
[2024-10-04T23:51:22.797+0000] {processor.py:186} INFO - Started process (PID=1783) to work on /home/airflow/.local/lib/python3.12/site-packages/airflow/example_dags/tutorial_dag.py
[2024-10-04T23:51:22.804+0000] {processor.py:914} INFO - Processing file /home/airflow/.local/lib/python3.12/site-packages/airflow/example_dags/tutorial_dag.py for tasks to queue
[2024-10-04T23:51:22.822+0000] {logging_mixin.py:190} INFO - [2024-10-04T23:51:22.821+0000] {dagbag.py:587} INFO - Filling up the DagBag from /home/airflow/.local/lib/python3.12/site-packages/airflow/example_dags/tutorial_dag.py
[2024-10-04T23:51:22.862+0000] {processor.py:925} INFO - DAG(s) 'tutorial_dag' retrieved from /home/airflow/.local/lib/python3.12/site-packages/airflow/example_dags/tutorial_dag.py
[2024-10-04T23:51:23.006+0000] {logging_mixin.py:190} INFO - [2024-10-04T23:51:23.005+0000] {dag.py:3229} INFO - Sync 1 DAGs
[2024-10-04T23:51:23.103+0000] {logging_mixin.py:190} INFO - [2024-10-04T23:51:23.103+0000] {dag.py:4156} INFO - Setting next_dagrun for tutorial_dag to None, run_after=None
[2024-10-04T23:51:23.294+0000] {processor.py:208} INFO - Processing /home/airflow/.local/lib/python3.12/site-packages/airflow/example_dags/tutorial_dag.py took 0.519 seconds
[2024-10-04T23:51:54.576+0000] {processor.py:186} INFO - Started process (PID=1844) to work on /home/airflow/.local/lib/python3.12/site-packages/airflow/example_dags/tutorial_dag.py
[2024-10-04T23:51:54.582+0000] {processor.py:914} INFO - Processing file /home/airflow/.local/lib/python3.12/site-packages/airflow/example_dags/tutorial_dag.py for tasks to queue
[2024-10-04T23:51:54.597+0000] {logging_mixin.py:190} INFO - [2024-10-04T23:51:54.596+0000] {dagbag.py:587} INFO - Filling up the DagBag from /home/airflow/.local/lib/python3.12/site-packages/airflow/example_dags/tutorial_dag.py
[2024-10-04T23:51:54.626+0000] {processor.py:925} INFO - DAG(s) 'tutorial_dag' retrieved from /home/airflow/.local/lib/python3.12/site-packages/airflow/example_dags/tutorial_dag.py
[2024-10-04T23:51:54.731+0000] {logging_mixin.py:190} INFO - [2024-10-04T23:51:54.720+0000] {dag.py:3229} INFO - Sync 1 DAGs
[2024-10-04T23:51:54.826+0000] {logging_mixin.py:190} INFO - [2024-10-04T23:51:54.825+0000] {dag.py:4156} INFO - Setting next_dagrun for tutorial_dag to None, run_after=None
[2024-10-04T23:51:54.928+0000] {processor.py:208} INFO - Processing /home/airflow/.local/lib/python3.12/site-packages/airflow/example_dags/tutorial_dag.py took 0.376 seconds
[2024-10-04T23:52:25.652+0000] {processor.py:186} INFO - Started process (PID=1906) to work on /home/airflow/.local/lib/python3.12/site-packages/airflow/example_dags/tutorial_dag.py
[2024-10-04T23:52:25.654+0000] {processor.py:914} INFO - Processing file /home/airflow/.local/lib/python3.12/site-packages/airflow/example_dags/tutorial_dag.py for tasks to queue
[2024-10-04T23:52:25.659+0000] {logging_mixin.py:190} INFO - [2024-10-04T23:52:25.658+0000] {dagbag.py:587} INFO - Filling up the DagBag from /home/airflow/.local/lib/python3.12/site-packages/airflow/example_dags/tutorial_dag.py
[2024-10-04T23:52:25.672+0000] {processor.py:925} INFO - DAG(s) 'tutorial_dag' retrieved from /home/airflow/.local/lib/python3.12/site-packages/airflow/example_dags/tutorial_dag.py
[2024-10-04T23:52:25.710+0000] {logging_mixin.py:190} INFO - [2024-10-04T23:52:25.709+0000] {dag.py:3229} INFO - Sync 1 DAGs
[2024-10-04T23:52:25.742+0000] {logging_mixin.py:190} INFO - [2024-10-04T23:52:25.742+0000] {dag.py:4156} INFO - Setting next_dagrun for tutorial_dag to None, run_after=None
[2024-10-04T23:52:25.802+0000] {processor.py:208} INFO - Processing /home/airflow/.local/lib/python3.12/site-packages/airflow/example_dags/tutorial_dag.py took 0.162 seconds
[2024-10-04T23:52:56.406+0000] {processor.py:186} INFO - Started process (PID=1969) to work on /home/airflow/.local/lib/python3.12/site-packages/airflow/example_dags/tutorial_dag.py
[2024-10-04T23:52:56.408+0000] {processor.py:914} INFO - Processing file /home/airflow/.local/lib/python3.12/site-packages/airflow/example_dags/tutorial_dag.py for tasks to queue
[2024-10-04T23:52:56.411+0000] {logging_mixin.py:190} INFO - [2024-10-04T23:52:56.411+0000] {dagbag.py:587} INFO - Filling up the DagBag from /home/airflow/.local/lib/python3.12/site-packages/airflow/example_dags/tutorial_dag.py
[2024-10-04T23:52:56.421+0000] {processor.py:925} INFO - DAG(s) 'tutorial_dag' retrieved from /home/airflow/.local/lib/python3.12/site-packages/airflow/example_dags/tutorial_dag.py
[2024-10-04T23:52:56.449+0000] {logging_mixin.py:190} INFO - [2024-10-04T23:52:56.449+0000] {dag.py:3229} INFO - Sync 1 DAGs
[2024-10-04T23:52:56.476+0000] {logging_mixin.py:190} INFO - [2024-10-04T23:52:56.475+0000] {dag.py:4156} INFO - Setting next_dagrun for tutorial_dag to None, run_after=None
[2024-10-04T23:52:56.513+0000] {processor.py:208} INFO - Processing /home/airflow/.local/lib/python3.12/site-packages/airflow/example_dags/tutorial_dag.py took 0.117 seconds
[2024-10-04T23:53:27.052+0000] {processor.py:186} INFO - Started process (PID=2031) to work on /home/airflow/.local/lib/python3.12/site-packages/airflow/example_dags/tutorial_dag.py
[2024-10-04T23:53:27.054+0000] {processor.py:914} INFO - Processing file /home/airflow/.local/lib/python3.12/site-packages/airflow/example_dags/tutorial_dag.py for tasks to queue
[2024-10-04T23:53:27.058+0000] {logging_mixin.py:190} INFO - [2024-10-04T23:53:27.057+0000] {dagbag.py:587} INFO - Filling up the DagBag from /home/airflow/.local/lib/python3.12/site-packages/airflow/example_dags/tutorial_dag.py
[2024-10-04T23:53:27.070+0000] {processor.py:925} INFO - DAG(s) 'tutorial_dag' retrieved from /home/airflow/.local/lib/python3.12/site-packages/airflow/example_dags/tutorial_dag.py
[2024-10-04T23:53:27.102+0000] {logging_mixin.py:190} INFO - [2024-10-04T23:53:27.102+0000] {dag.py:3229} INFO - Sync 1 DAGs
[2024-10-04T23:53:27.133+0000] {logging_mixin.py:190} INFO - [2024-10-04T23:53:27.133+0000] {dag.py:4156} INFO - Setting next_dagrun for tutorial_dag to None, run_after=None
[2024-10-04T23:53:27.174+0000] {processor.py:208} INFO - Processing /home/airflow/.local/lib/python3.12/site-packages/airflow/example_dags/tutorial_dag.py took 0.132 seconds
[2024-10-04T23:53:57.501+0000] {processor.py:186} INFO - Started process (PID=2093) to work on /home/airflow/.local/lib/python3.12/site-packages/airflow/example_dags/tutorial_dag.py
[2024-10-04T23:53:57.503+0000] {processor.py:914} INFO - Processing file /home/airflow/.local/lib/python3.12/site-packages/airflow/example_dags/tutorial_dag.py for tasks to queue
[2024-10-04T23:53:57.507+0000] {logging_mixin.py:190} INFO - [2024-10-04T23:53:57.507+0000] {dagbag.py:587} INFO - Filling up the DagBag from /home/airflow/.local/lib/python3.12/site-packages/airflow/example_dags/tutorial_dag.py
[2024-10-04T23:53:57.521+0000] {processor.py:925} INFO - DAG(s) 'tutorial_dag' retrieved from /home/airflow/.local/lib/python3.12/site-packages/airflow/example_dags/tutorial_dag.py
[2024-10-04T23:53:57.557+0000] {logging_mixin.py:190} INFO - [2024-10-04T23:53:57.556+0000] {dag.py:3229} INFO - Sync 1 DAGs
[2024-10-04T23:53:57.586+0000] {logging_mixin.py:190} INFO - [2024-10-04T23:53:57.585+0000] {dag.py:4156} INFO - Setting next_dagrun for tutorial_dag to None, run_after=None
[2024-10-04T23:53:57.628+0000] {processor.py:208} INFO - Processing /home/airflow/.local/lib/python3.12/site-packages/airflow/example_dags/tutorial_dag.py took 0.136 seconds
[2024-10-04T23:54:28.083+0000] {processor.py:186} INFO - Started process (PID=2155) to work on /home/airflow/.local/lib/python3.12/site-packages/airflow/example_dags/tutorial_dag.py
[2024-10-04T23:54:28.084+0000] {processor.py:914} INFO - Processing file /home/airflow/.local/lib/python3.12/site-packages/airflow/example_dags/tutorial_dag.py for tasks to queue
[2024-10-04T23:54:28.087+0000] {logging_mixin.py:190} INFO - [2024-10-04T23:54:28.087+0000] {dagbag.py:587} INFO - Filling up the DagBag from /home/airflow/.local/lib/python3.12/site-packages/airflow/example_dags/tutorial_dag.py
[2024-10-04T23:54:28.097+0000] {processor.py:925} INFO - DAG(s) 'tutorial_dag' retrieved from /home/airflow/.local/lib/python3.12/site-packages/airflow/example_dags/tutorial_dag.py
[2024-10-04T23:54:28.125+0000] {logging_mixin.py:190} INFO - [2024-10-04T23:54:28.125+0000] {dag.py:3229} INFO - Sync 1 DAGs
[2024-10-04T23:54:28.148+0000] {logging_mixin.py:190} INFO - [2024-10-04T23:54:28.148+0000] {dag.py:4156} INFO - Setting next_dagrun for tutorial_dag to None, run_after=None
[2024-10-04T23:54:28.182+0000] {processor.py:208} INFO - Processing /home/airflow/.local/lib/python3.12/site-packages/airflow/example_dags/tutorial_dag.py took 0.107 seconds
[2024-10-04T23:54:59.090+0000] {processor.py:186} INFO - Started process (PID=2218) to work on /home/airflow/.local/lib/python3.12/site-packages/airflow/example_dags/tutorial_dag.py
[2024-10-04T23:54:59.092+0000] {processor.py:914} INFO - Processing file /home/airflow/.local/lib/python3.12/site-packages/airflow/example_dags/tutorial_dag.py for tasks to queue
[2024-10-04T23:54:59.095+0000] {logging_mixin.py:190} INFO - [2024-10-04T23:54:59.095+0000] {dagbag.py:587} INFO - Filling up the DagBag from /home/airflow/.local/lib/python3.12/site-packages/airflow/example_dags/tutorial_dag.py
[2024-10-04T23:54:59.105+0000] {processor.py:925} INFO - DAG(s) 'tutorial_dag' retrieved from /home/airflow/.local/lib/python3.12/site-packages/airflow/example_dags/tutorial_dag.py
[2024-10-04T23:54:59.138+0000] {logging_mixin.py:190} INFO - [2024-10-04T23:54:59.137+0000] {dag.py:3229} INFO - Sync 1 DAGs
[2024-10-04T23:54:59.163+0000] {logging_mixin.py:190} INFO - [2024-10-04T23:54:59.163+0000] {dag.py:4156} INFO - Setting next_dagrun for tutorial_dag to None, run_after=None
[2024-10-04T23:54:59.208+0000] {processor.py:208} INFO - Processing /home/airflow/.local/lib/python3.12/site-packages/airflow/example_dags/tutorial_dag.py took 0.130 seconds
[2024-10-04T23:55:30.011+0000] {processor.py:186} INFO - Started process (PID=2280) to work on /home/airflow/.local/lib/python3.12/site-packages/airflow/example_dags/tutorial_dag.py
[2024-10-04T23:55:30.024+0000] {processor.py:914} INFO - Processing file /home/airflow/.local/lib/python3.12/site-packages/airflow/example_dags/tutorial_dag.py for tasks to queue
[2024-10-04T23:55:30.030+0000] {logging_mixin.py:190} INFO - [2024-10-04T23:55:30.029+0000] {dagbag.py:587} INFO - Filling up the DagBag from /home/airflow/.local/lib/python3.12/site-packages/airflow/example_dags/tutorial_dag.py
[2024-10-04T23:55:30.052+0000] {processor.py:925} INFO - DAG(s) 'tutorial_dag' retrieved from /home/airflow/.local/lib/python3.12/site-packages/airflow/example_dags/tutorial_dag.py
[2024-10-04T23:55:30.098+0000] {logging_mixin.py:190} INFO - [2024-10-04T23:55:30.098+0000] {dag.py:3229} INFO - Sync 1 DAGs
[2024-10-04T23:55:30.135+0000] {logging_mixin.py:190} INFO - [2024-10-04T23:55:30.135+0000] {dag.py:4156} INFO - Setting next_dagrun for tutorial_dag to None, run_after=None
[2024-10-04T23:55:30.189+0000] {processor.py:208} INFO - Processing /home/airflow/.local/lib/python3.12/site-packages/airflow/example_dags/tutorial_dag.py took 0.191 seconds
[2024-10-04T23:56:00.505+0000] {processor.py:186} INFO - Started process (PID=2342) to work on /home/airflow/.local/lib/python3.12/site-packages/airflow/example_dags/tutorial_dag.py
[2024-10-04T23:56:00.507+0000] {processor.py:914} INFO - Processing file /home/airflow/.local/lib/python3.12/site-packages/airflow/example_dags/tutorial_dag.py for tasks to queue
[2024-10-04T23:56:00.511+0000] {logging_mixin.py:190} INFO - [2024-10-04T23:56:00.511+0000] {dagbag.py:587} INFO - Filling up the DagBag from /home/airflow/.local/lib/python3.12/site-packages/airflow/example_dags/tutorial_dag.py
[2024-10-04T23:56:00.527+0000] {processor.py:925} INFO - DAG(s) 'tutorial_dag' retrieved from /home/airflow/.local/lib/python3.12/site-packages/airflow/example_dags/tutorial_dag.py
[2024-10-04T23:56:00.561+0000] {logging_mixin.py:190} INFO - [2024-10-04T23:56:00.561+0000] {dag.py:3229} INFO - Sync 1 DAGs
[2024-10-04T23:56:00.592+0000] {logging_mixin.py:190} INFO - [2024-10-04T23:56:00.591+0000] {dag.py:4156} INFO - Setting next_dagrun for tutorial_dag to None, run_after=None
[2024-10-04T23:56:00.633+0000] {processor.py:208} INFO - Processing /home/airflow/.local/lib/python3.12/site-packages/airflow/example_dags/tutorial_dag.py took 0.140 seconds
[2024-10-04T23:56:30.678+0000] {processor.py:186} INFO - Started process (PID=2403) to work on /home/airflow/.local/lib/python3.12/site-packages/airflow/example_dags/tutorial_dag.py
[2024-10-04T23:56:30.679+0000] {processor.py:914} INFO - Processing file /home/airflow/.local/lib/python3.12/site-packages/airflow/example_dags/tutorial_dag.py for tasks to queue
[2024-10-04T23:56:30.684+0000] {logging_mixin.py:190} INFO - [2024-10-04T23:56:30.683+0000] {dagbag.py:587} INFO - Filling up the DagBag from /home/airflow/.local/lib/python3.12/site-packages/airflow/example_dags/tutorial_dag.py
[2024-10-04T23:56:30.695+0000] {processor.py:925} INFO - DAG(s) 'tutorial_dag' retrieved from /home/airflow/.local/lib/python3.12/site-packages/airflow/example_dags/tutorial_dag.py
[2024-10-04T23:56:30.726+0000] {logging_mixin.py:190} INFO - [2024-10-04T23:56:30.726+0000] {dag.py:3229} INFO - Sync 1 DAGs
[2024-10-04T23:56:30.757+0000] {logging_mixin.py:190} INFO - [2024-10-04T23:56:30.757+0000] {dag.py:4156} INFO - Setting next_dagrun for tutorial_dag to None, run_after=None
[2024-10-04T23:56:30.795+0000] {processor.py:208} INFO - Processing /home/airflow/.local/lib/python3.12/site-packages/airflow/example_dags/tutorial_dag.py took 0.127 seconds
[2024-10-04T23:57:02.167+0000] {processor.py:186} INFO - Started process (PID=2466) to work on /home/airflow/.local/lib/python3.12/site-packages/airflow/example_dags/tutorial_dag.py
[2024-10-04T23:57:02.169+0000] {processor.py:914} INFO - Processing file /home/airflow/.local/lib/python3.12/site-packages/airflow/example_dags/tutorial_dag.py for tasks to queue
[2024-10-04T23:57:02.172+0000] {logging_mixin.py:190} INFO - [2024-10-04T23:57:02.171+0000] {dagbag.py:587} INFO - Filling up the DagBag from /home/airflow/.local/lib/python3.12/site-packages/airflow/example_dags/tutorial_dag.py
[2024-10-04T23:57:02.181+0000] {processor.py:925} INFO - DAG(s) 'tutorial_dag' retrieved from /home/airflow/.local/lib/python3.12/site-packages/airflow/example_dags/tutorial_dag.py
[2024-10-04T23:57:02.207+0000] {logging_mixin.py:190} INFO - [2024-10-04T23:57:02.206+0000] {dag.py:3229} INFO - Sync 1 DAGs
[2024-10-04T23:57:02.233+0000] {logging_mixin.py:190} INFO - [2024-10-04T23:57:02.232+0000] {dag.py:4156} INFO - Setting next_dagrun for tutorial_dag to None, run_after=None
[2024-10-04T23:57:02.268+0000] {processor.py:208} INFO - Processing /home/airflow/.local/lib/python3.12/site-packages/airflow/example_dags/tutorial_dag.py took 0.109 seconds
[2024-10-04T23:57:32.981+0000] {processor.py:186} INFO - Started process (PID=2528) to work on /home/airflow/.local/lib/python3.12/site-packages/airflow/example_dags/tutorial_dag.py
[2024-10-04T23:57:32.983+0000] {processor.py:914} INFO - Processing file /home/airflow/.local/lib/python3.12/site-packages/airflow/example_dags/tutorial_dag.py for tasks to queue
[2024-10-04T23:57:32.987+0000] {logging_mixin.py:190} INFO - [2024-10-04T23:57:32.986+0000] {dagbag.py:587} INFO - Filling up the DagBag from /home/airflow/.local/lib/python3.12/site-packages/airflow/example_dags/tutorial_dag.py
[2024-10-04T23:57:33.000+0000] {processor.py:925} INFO - DAG(s) 'tutorial_dag' retrieved from /home/airflow/.local/lib/python3.12/site-packages/airflow/example_dags/tutorial_dag.py
[2024-10-04T23:57:33.030+0000] {logging_mixin.py:190} INFO - [2024-10-04T23:57:33.030+0000] {dag.py:3229} INFO - Sync 1 DAGs
[2024-10-04T23:57:33.050+0000] {logging_mixin.py:190} INFO - [2024-10-04T23:57:33.049+0000] {dag.py:4156} INFO - Setting next_dagrun for tutorial_dag to None, run_after=None
[2024-10-04T23:57:33.097+0000] {processor.py:208} INFO - Processing /home/airflow/.local/lib/python3.12/site-packages/airflow/example_dags/tutorial_dag.py took 0.123 seconds
[2024-10-04T23:58:04.040+0000] {processor.py:186} INFO - Started process (PID=2590) to work on /home/airflow/.local/lib/python3.12/site-packages/airflow/example_dags/tutorial_dag.py
[2024-10-04T23:58:04.041+0000] {processor.py:914} INFO - Processing file /home/airflow/.local/lib/python3.12/site-packages/airflow/example_dags/tutorial_dag.py for tasks to queue
[2024-10-04T23:58:04.045+0000] {logging_mixin.py:190} INFO - [2024-10-04T23:58:04.045+0000] {dagbag.py:587} INFO - Filling up the DagBag from /home/airflow/.local/lib/python3.12/site-packages/airflow/example_dags/tutorial_dag.py
[2024-10-04T23:58:04.054+0000] {processor.py:925} INFO - DAG(s) 'tutorial_dag' retrieved from /home/airflow/.local/lib/python3.12/site-packages/airflow/example_dags/tutorial_dag.py
[2024-10-04T23:58:04.084+0000] {logging_mixin.py:190} INFO - [2024-10-04T23:58:04.084+0000] {dag.py:3229} INFO - Sync 1 DAGs
[2024-10-04T23:58:04.110+0000] {logging_mixin.py:190} INFO - [2024-10-04T23:58:04.110+0000] {dag.py:4156} INFO - Setting next_dagrun for tutorial_dag to None, run_after=None
[2024-10-04T23:58:04.142+0000] {processor.py:208} INFO - Processing /home/airflow/.local/lib/python3.12/site-packages/airflow/example_dags/tutorial_dag.py took 0.110 seconds
[2024-10-04T23:58:34.945+0000] {processor.py:186} INFO - Started process (PID=2653) to work on /home/airflow/.local/lib/python3.12/site-packages/airflow/example_dags/tutorial_dag.py
[2024-10-04T23:58:34.946+0000] {processor.py:914} INFO - Processing file /home/airflow/.local/lib/python3.12/site-packages/airflow/example_dags/tutorial_dag.py for tasks to queue
[2024-10-04T23:58:34.949+0000] {logging_mixin.py:190} INFO - [2024-10-04T23:58:34.949+0000] {dagbag.py:587} INFO - Filling up the DagBag from /home/airflow/.local/lib/python3.12/site-packages/airflow/example_dags/tutorial_dag.py
[2024-10-04T23:58:34.959+0000] {processor.py:925} INFO - DAG(s) 'tutorial_dag' retrieved from /home/airflow/.local/lib/python3.12/site-packages/airflow/example_dags/tutorial_dag.py
[2024-10-04T23:58:34.983+0000] {logging_mixin.py:190} INFO - [2024-10-04T23:58:34.983+0000] {dag.py:3229} INFO - Sync 1 DAGs
[2024-10-04T23:58:35.001+0000] {logging_mixin.py:190} INFO - [2024-10-04T23:58:35.001+0000] {dag.py:4156} INFO - Setting next_dagrun for tutorial_dag to None, run_after=None
[2024-10-04T23:58:35.028+0000] {processor.py:208} INFO - Processing /home/airflow/.local/lib/python3.12/site-packages/airflow/example_dags/tutorial_dag.py took 0.091 seconds
[2024-10-04T23:59:05.587+0000] {processor.py:186} INFO - Started process (PID=2715) to work on /home/airflow/.local/lib/python3.12/site-packages/airflow/example_dags/tutorial_dag.py
[2024-10-04T23:59:05.588+0000] {processor.py:914} INFO - Processing file /home/airflow/.local/lib/python3.12/site-packages/airflow/example_dags/tutorial_dag.py for tasks to queue
[2024-10-04T23:59:05.592+0000] {logging_mixin.py:190} INFO - [2024-10-04T23:59:05.592+0000] {dagbag.py:587} INFO - Filling up the DagBag from /home/airflow/.local/lib/python3.12/site-packages/airflow/example_dags/tutorial_dag.py
[2024-10-04T23:59:05.604+0000] {processor.py:925} INFO - DAG(s) 'tutorial_dag' retrieved from /home/airflow/.local/lib/python3.12/site-packages/airflow/example_dags/tutorial_dag.py
[2024-10-04T23:59:05.636+0000] {logging_mixin.py:190} INFO - [2024-10-04T23:59:05.636+0000] {dag.py:3229} INFO - Sync 1 DAGs
[2024-10-04T23:59:05.658+0000] {logging_mixin.py:190} INFO - [2024-10-04T23:59:05.658+0000] {dag.py:4156} INFO - Setting next_dagrun for tutorial_dag to None, run_after=None
[2024-10-04T23:59:05.700+0000] {processor.py:208} INFO - Processing /home/airflow/.local/lib/python3.12/site-packages/airflow/example_dags/tutorial_dag.py took 0.121 seconds
[2024-10-04T23:59:36.800+0000] {processor.py:186} INFO - Started process (PID=2777) to work on /home/airflow/.local/lib/python3.12/site-packages/airflow/example_dags/tutorial_dag.py
[2024-10-04T23:59:36.802+0000] {processor.py:914} INFO - Processing file /home/airflow/.local/lib/python3.12/site-packages/airflow/example_dags/tutorial_dag.py for tasks to queue
[2024-10-04T23:59:36.807+0000] {logging_mixin.py:190} INFO - [2024-10-04T23:59:36.806+0000] {dagbag.py:587} INFO - Filling up the DagBag from /home/airflow/.local/lib/python3.12/site-packages/airflow/example_dags/tutorial_dag.py
[2024-10-04T23:59:36.818+0000] {processor.py:925} INFO - DAG(s) 'tutorial_dag' retrieved from /home/airflow/.local/lib/python3.12/site-packages/airflow/example_dags/tutorial_dag.py
[2024-10-04T23:59:36.851+0000] {logging_mixin.py:190} INFO - [2024-10-04T23:59:36.851+0000] {dag.py:3229} INFO - Sync 1 DAGs
[2024-10-04T23:59:36.875+0000] {logging_mixin.py:190} INFO - [2024-10-04T23:59:36.875+0000] {dag.py:4156} INFO - Setting next_dagrun for tutorial_dag to None, run_after=None
[2024-10-04T23:59:36.906+0000] {processor.py:208} INFO - Processing /home/airflow/.local/lib/python3.12/site-packages/airflow/example_dags/tutorial_dag.py took 0.113 seconds
