[2024-10-07T21:14:26.443+0000] {local_task_job_runner.py:123} INFO - ::group::Pre task execution logs
[2024-10-07T21:14:26.484+0000] {taskinstance.py:2612} INFO - Dependencies all met for dep_context=non-requeueable deps ti=<TaskInstance: compl_cssnowflake.load_csv manual__2024-10-07T21:04:47.091503+00:00 [queued]>
[2024-10-07T21:14:26.503+0000] {taskinstance.py:2612} INFO - Dependencies all met for dep_context=requeueable deps ti=<TaskInstance: compl_cssnowflake.load_csv manual__2024-10-07T21:04:47.091503+00:00 [queued]>
[2024-10-07T21:14:26.504+0000] {taskinstance.py:2865} INFO - Starting attempt 2 of 2
[2024-10-07T21:14:26.545+0000] {taskinstance.py:2888} INFO - Executing <Task(PythonOperator): load_csv> on 2024-10-07 21:04:47.091503+00:00
[2024-10-07T21:14:26.562+0000] {warnings.py:112} WARNING - /home/***/.local/lib/python3.12/site-packages/***/task/task_runner/standard_task_runner.py:70: DeprecationWarning: This process (pid=455) is multi-threaded, use of fork() may lead to deadlocks in the child.
  pid = os.fork()

[2024-10-07T21:14:26.567+0000] {standard_task_runner.py:72} INFO - Started process 457 to run task
[2024-10-07T21:14:26.569+0000] {standard_task_runner.py:104} INFO - Running: ['***', 'tasks', 'run', 'compl_cssnowflake', 'load_csv', 'manual__2024-10-07T21:04:47.091503+00:00', '--job-id', '88', '--raw', '--subdir', 'DAGS_FOLDER/school/ty.py', '--cfg-path', '/tmp/tmpfkx_m1fg']
[2024-10-07T21:14:26.580+0000] {standard_task_runner.py:105} INFO - Job 88: Subtask load_csv
[2024-10-07T21:14:26.713+0000] {task_command.py:467} INFO - Running <TaskInstance: compl_cssnowflake.load_csv manual__2024-10-07T21:04:47.091503+00:00 [running]> on host 67bc14123253
[2024-10-07T21:14:27.007+0000] {taskinstance.py:3131} INFO - Exporting env vars: AIRFLOW_CTX_DAG_OWNER='seylow' AIRFLOW_CTX_DAG_ID='compl_cssnowflake' AIRFLOW_CTX_TASK_ID='load_csv' AIRFLOW_CTX_EXECUTION_DATE='2024-10-07T21:04:47.091503+00:00' AIRFLOW_CTX_TRY_NUMBER='2' AIRFLOW_CTX_DAG_RUN_ID='manual__2024-10-07T21:04:47.091503+00:00'
[2024-10-07T21:14:27.013+0000] {logging_mixin.py:190} INFO - Task instance is in running state
[2024-10-07T21:14:27.014+0000] {logging_mixin.py:190} INFO -  Previous state of the Task instance: queued
[2024-10-07T21:14:27.015+0000] {logging_mixin.py:190} INFO - Current task name:load_csv state:running start_date:2024-10-07 21:14:26.485174+00:00
[2024-10-07T21:14:27.017+0000] {logging_mixin.py:190} INFO - Dag name:compl_cssnowflake and current dag run status:running
[2024-10-07T21:14:27.028+0000] {taskinstance.py:731} INFO - ::endgroup::
[2024-10-07T21:14:27.079+0000] {ty.py:26} INFO - Loaded arts_class.csv successfully.
[2024-10-07T21:14:27.216+0000] {ty.py:26} INFO - Loaded business_class.csv successfully.
[2024-10-07T21:14:27.249+0000] {ty.py:26} INFO - Loaded science_class.csv successfully.
[2024-10-07T21:14:27.269+0000] {ty.py:26} INFO - Loaded survey.csv successfully.
[2024-10-07T21:14:27.315+0000] {python.py:240} INFO - Done. Returned value was: None
[2024-10-07T21:14:27.331+0000] {taskinstance.py:340} INFO - ::group::Post task execution logs
[2024-10-07T21:14:27.333+0000] {taskinstance.py:352} INFO - Marking task as SUCCESS. dag_id=compl_cssnowflake, task_id=load_csv, run_id=manual__2024-10-07T21:04:47.091503+00:00, execution_date=20241007T210447, start_date=20241007T211426, end_date=20241007T211427
[2024-10-07T21:14:27.362+0000] {logging_mixin.py:190} INFO - Task instance in success state
[2024-10-07T21:14:27.363+0000] {logging_mixin.py:190} INFO -  Previous state of the Task instance: running
[2024-10-07T21:14:27.364+0000] {logging_mixin.py:190} INFO - Dag name:compl_cssnowflake queued_at:2024-10-07 21:14:22.889426+00:00
[2024-10-07T21:14:27.365+0000] {logging_mixin.py:190} INFO - Task hostname:67bc14123253 operator:PythonOperator
[2024-10-07T21:14:27.418+0000] {local_task_job_runner.py:266} INFO - Task exited with return code 0
[2024-10-07T21:14:27.441+0000] {warnings.py:112} WARNING - /home/***/.local/lib/python3.12/site-packages/***/models/baseoperator.py:1378: AirflowProviderDeprecationWarning: Call to deprecated class SnowflakeOperator. (This class is deprecated. Please use `***.providers.common.sql.operators.sql.SQLExecuteQueryOperator`. Also, you can provide `hook_params={'warehouse': <warehouse>, 'database': <database>, 'role': <role>, 'schema': <schema>, 'authenticator': <authenticator>,'session_parameters': <session_parameters>}`.)
  result = cls.__new__(cls)

[2024-10-07T21:14:27.469+0000] {taskinstance.py:3900} INFO - 1 downstream tasks scheduled from follow-on schedule check
[2024-10-07T21:14:27.475+0000] {local_task_job_runner.py:245} INFO - ::endgroup::
