[2024-10-07T22:09:50.777+0000] {local_task_job_runner.py:123} INFO - ::group::Pre task execution logs
[2024-10-07T22:09:50.807+0000] {taskinstance.py:2612} INFO - Dependencies all met for dep_context=non-requeueable deps ti=<TaskInstance: compl_cssnowflake.load_csv manual__2024-10-07T22:09:45.710145+00:00 [queued]>
[2024-10-07T22:09:50.821+0000] {taskinstance.py:2612} INFO - Dependencies all met for dep_context=requeueable deps ti=<TaskInstance: compl_cssnowflake.load_csv manual__2024-10-07T22:09:45.710145+00:00 [queued]>
[2024-10-07T22:09:50.824+0000] {taskinstance.py:2865} INFO - Starting attempt 1 of 1
[2024-10-07T22:09:50.857+0000] {taskinstance.py:2888} INFO - Executing <Task(PythonOperator): load_csv> on 2024-10-07 22:09:45.710145+00:00
[2024-10-07T22:09:50.867+0000] {warnings.py:112} WARNING - /home/***/.local/lib/python3.12/site-packages/***/task/task_runner/standard_task_runner.py:70: DeprecationWarning: This process (pid=1199) is multi-threaded, use of fork() may lead to deadlocks in the child.
  pid = os.fork()

[2024-10-07T22:09:50.870+0000] {standard_task_runner.py:72} INFO - Started process 1201 to run task
[2024-10-07T22:09:50.871+0000] {standard_task_runner.py:104} INFO - Running: ['***', 'tasks', 'run', 'compl_cssnowflake', 'load_csv', 'manual__2024-10-07T22:09:45.710145+00:00', '--job-id', '101', '--raw', '--subdir', 'DAGS_FOLDER/school/ty.py', '--cfg-path', '/tmp/tmpoq9pw634']
[2024-10-07T22:09:50.874+0000] {standard_task_runner.py:105} INFO - Job 101: Subtask load_csv
[2024-10-07T22:09:50.972+0000] {task_command.py:467} INFO - Running <TaskInstance: compl_cssnowflake.load_csv manual__2024-10-07T22:09:45.710145+00:00 [running]> on host 67bc14123253
[2024-10-07T22:09:51.163+0000] {taskinstance.py:3131} INFO - Exporting env vars: AIRFLOW_CTX_DAG_OWNER='seylow' AIRFLOW_CTX_DAG_ID='compl_cssnowflake' AIRFLOW_CTX_TASK_ID='load_csv' AIRFLOW_CTX_EXECUTION_DATE='2024-10-07T22:09:45.710145+00:00' AIRFLOW_CTX_TRY_NUMBER='1' AIRFLOW_CTX_DAG_RUN_ID='manual__2024-10-07T22:09:45.710145+00:00'
[2024-10-07T22:09:51.165+0000] {logging_mixin.py:190} INFO - Task instance is in running state
[2024-10-07T22:09:51.166+0000] {logging_mixin.py:190} INFO -  Previous state of the Task instance: queued
[2024-10-07T22:09:51.167+0000] {logging_mixin.py:190} INFO - Current task name:load_csv state:running start_date:2024-10-07 22:09:50.808368+00:00
[2024-10-07T22:09:51.168+0000] {logging_mixin.py:190} INFO - Dag name:compl_cssnowflake and current dag run status:running
[2024-10-07T22:09:51.168+0000] {taskinstance.py:731} INFO - ::endgroup::
[2024-10-07T22:09:51.196+0000] {ty.py:26} INFO - Loaded arts_class.csv successfully.
[2024-10-07T22:09:51.207+0000] {ty.py:26} INFO - Loaded business_class.csv successfully.
[2024-10-07T22:09:51.219+0000] {ty.py:26} INFO - Loaded science_class.csv successfully.
[2024-10-07T22:09:51.245+0000] {ty.py:26} INFO - Loaded survey.csv successfully.
[2024-10-07T22:09:51.296+0000] {python.py:240} INFO - Done. Returned value was: None
[2024-10-07T22:09:51.317+0000] {taskinstance.py:340} INFO - ::group::Post task execution logs
[2024-10-07T22:09:51.317+0000] {taskinstance.py:352} INFO - Marking task as SUCCESS. dag_id=compl_cssnowflake, task_id=load_csv, run_id=manual__2024-10-07T22:09:45.710145+00:00, execution_date=20241007T220945, start_date=20241007T220950, end_date=20241007T220951
[2024-10-07T22:09:51.336+0000] {logging_mixin.py:190} INFO - Task instance in success state
[2024-10-07T22:09:51.337+0000] {logging_mixin.py:190} INFO -  Previous state of the Task instance: running
[2024-10-07T22:09:51.337+0000] {logging_mixin.py:190} INFO - Dag name:compl_cssnowflake queued_at:2024-10-07 22:09:45.735933+00:00
[2024-10-07T22:09:51.339+0000] {logging_mixin.py:190} INFO - Task hostname:67bc14123253 operator:PythonOperator
[2024-10-07T22:09:51.372+0000] {local_task_job_runner.py:266} INFO - Task exited with return code 0
[2024-10-07T22:09:51.387+0000] {warnings.py:112} WARNING - /home/***/.local/lib/python3.12/site-packages/***/models/baseoperator.py:1378: AirflowProviderDeprecationWarning: Call to deprecated class SnowflakeOperator. (This class is deprecated. Please use `***.providers.common.sql.operators.sql.SQLExecuteQueryOperator`. Also, you can provide `hook_params={'warehouse': <warehouse>, 'database': <database>, 'role': <role>, 'schema': <schema>, 'authenticator': <authenticator>,'session_parameters': <session_parameters>}`.)
  result = cls.__new__(cls)

[2024-10-07T22:09:51.416+0000] {taskinstance.py:3900} INFO - 1 downstream tasks scheduled from follow-on schedule check
[2024-10-07T22:09:51.423+0000] {local_task_job_runner.py:245} INFO - ::endgroup::
