[2024-11-15T21:43:25.052+0000] {local_task_job_runner.py:123} INFO - ::group::Pre task execution logs
[2024-11-15T21:43:25.096+0000] {taskinstance.py:2612} INFO - Dependencies all met for dep_context=non-requeueable deps ti=<TaskInstance: tem.bash_task scheduled__2024-11-13T00:00:00+00:00 [queued]>
[2024-11-15T21:43:25.130+0000] {taskinstance.py:2612} INFO - Dependencies all met for dep_context=requeueable deps ti=<TaskInstance: tem.bash_task scheduled__2024-11-13T00:00:00+00:00 [queued]>
[2024-11-15T21:43:25.134+0000] {taskinstance.py:2865} INFO - Starting attempt 1 of 3
[2024-11-15T21:43:25.192+0000] {taskinstance.py:2888} INFO - Executing <Task(BashOperator): bash_task> on 2024-11-13 00:00:00+00:00
[2024-11-15T21:43:25.206+0000] {standard_task_runner.py:104} INFO - Running: ['***', 'tasks', 'run', 'tem', 'bash_task', 'scheduled__2024-11-13T00:00:00+00:00', '--job-id', '140', '--raw', '--subdir', 'DAGS_FOLDER/templatin/template.py', '--cfg-path', '/tmp/tmp8me_d50z']
[2024-11-15T21:43:25.208+0000] {standard_task_runner.py:105} INFO - Job 140: Subtask bash_task
[2024-11-15T21:43:25.214+0000] {warnings.py:112} WARNING - /home/***/.local/lib/python3.12/site-packages/***/task/task_runner/standard_task_runner.py:70: DeprecationWarning: This process (pid=64) is multi-threaded, use of fork() may lead to deadlocks in the child.
  pid = os.fork()

[2024-11-15T21:43:25.215+0000] {standard_task_runner.py:72} INFO - Started process 68 to run task
[2024-11-15T21:43:25.382+0000] {task_command.py:467} INFO - Running <TaskInstance: tem.bash_task scheduled__2024-11-13T00:00:00+00:00 [running]> on host fe3e688f2b29
[2024-11-15T21:43:25.818+0000] {taskinstance.py:3131} INFO - Exporting env vars: AIRFLOW_CTX_DAG_OWNER='ade' AIRFLOW_CTX_DAG_ID='tem' AIRFLOW_CTX_TASK_ID='bash_task' AIRFLOW_CTX_EXECUTION_DATE='2024-11-13T00:00:00+00:00' AIRFLOW_CTX_TRY_NUMBER='1' AIRFLOW_CTX_DAG_RUN_ID='scheduled__2024-11-13T00:00:00+00:00'
[2024-11-15T21:43:25.820+0000] {taskinstance.py:731} INFO - ::endgroup::
[2024-11-15T21:43:25.927+0000] {subprocess.py:63} INFO - Tmp dir root location: /tmp
[2024-11-15T21:43:25.929+0000] {subprocess.py:75} INFO - Running command: ['/usr/bin/bash', '-c', 'echo "2024"']
[2024-11-15T21:43:25.946+0000] {subprocess.py:86} INFO - Output:
[2024-11-15T21:43:25.949+0000] {subprocess.py:93} INFO - 2024
[2024-11-15T21:43:25.950+0000] {subprocess.py:97} INFO - Command exited with return code 0
[2024-11-15T21:43:26.021+0000] {taskinstance.py:340} INFO - ::group::Post task execution logs
[2024-11-15T21:43:26.024+0000] {taskinstance.py:352} INFO - Marking task as SUCCESS. dag_id=tem, task_id=bash_task, run_id=scheduled__2024-11-13T00:00:00+00:00, execution_date=20241113T000000, start_date=20241115T214325, end_date=20241115T214326
[2024-11-15T21:43:26.152+0000] {local_task_job_runner.py:266} INFO - Task exited with return code 0
[2024-11-15T21:43:26.172+0000] {local_task_job_runner.py:245} INFO - ::endgroup::
