[2024-11-19T19:30:39.729+0000] {local_task_job_runner.py:123} INFO - ::group::Pre task execution logs
[2024-11-19T19:30:39.764+0000] {taskinstance.py:2612} INFO - Dependencies all met for dep_context=non-requeueable deps ti=<TaskInstance: capstone.table_tansformation manual__2024-11-19T19:26:50.048854+00:00 [queued]>
[2024-11-19T19:30:39.782+0000] {taskinstance.py:2612} INFO - Dependencies all met for dep_context=requeueable deps ti=<TaskInstance: capstone.table_tansformation manual__2024-11-19T19:26:50.048854+00:00 [queued]>
[2024-11-19T19:30:39.783+0000] {taskinstance.py:2865} INFO - Starting attempt 1 of 3
[2024-11-19T19:30:39.834+0000] {taskinstance.py:2888} INFO - Executing <Task(PythonOperator): table_tansformation> on 2024-11-19 19:26:50.048854+00:00
[2024-11-19T19:30:39.846+0000] {warnings.py:112} WARNING - /home/***/.local/lib/python3.12/site-packages/***/task/task_runner/standard_task_runner.py:70: DeprecationWarning: This process (pid=2153) is multi-threaded, use of fork() may lead to deadlocks in the child.
  pid = os.fork()

[2024-11-19T19:30:39.849+0000] {standard_task_runner.py:72} INFO - Started process 2162 to run task
[2024-11-19T19:30:39.854+0000] {standard_task_runner.py:104} INFO - Running: ['***', 'tasks', 'run', 'capstone', 'table_tansformation', 'manual__2024-11-19T19:26:50.048854+00:00', '--job-id', '65', '--raw', '--subdir', 'DAGS_FOLDER/capstone_***/country.py', '--cfg-path', '/tmp/tmpfbn8rv47']
[2024-11-19T19:30:39.857+0000] {standard_task_runner.py:105} INFO - Job 65: Subtask table_tansformation
[2024-11-19T19:30:39.927+0000] {task_command.py:467} INFO - Running <TaskInstance: capstone.table_tansformation manual__2024-11-19T19:26:50.048854+00:00 [running]> on host ea8ac57aed30
[2024-11-19T19:30:40.058+0000] {taskinstance.py:3131} INFO - Exporting env vars: AIRFLOW_CTX_DAG_OWNER='adewunmi' AIRFLOW_CTX_DAG_ID='capstone' AIRFLOW_CTX_TASK_ID='table_tansformation' AIRFLOW_CTX_EXECUTION_DATE='2024-11-19T19:26:50.048854+00:00' AIRFLOW_CTX_TRY_NUMBER='1' AIRFLOW_CTX_DAG_RUN_ID='manual__2024-11-19T19:26:50.048854+00:00'
[2024-11-19T19:30:40.062+0000] {taskinstance.py:731} INFO - ::endgroup::
[2024-11-19T19:30:40.083+0000] {cap.py:383} INFO - Starting table transformation process.
[2024-11-19T19:30:40.083+0000] {cap.py:328} INFO - Starting the table joining process.
[2024-11-19T19:30:40.084+0000] {cap.py:137} INFO - Starting column selection process.
[2024-11-19T19:30:55.783+0000] {cap.py:118} INFO - Successfully read Parquet file from S3.
[2024-11-19T19:30:55.786+0000] {cap.py:147} INFO - Data loaded successfully from S3.
[2024-11-19T19:30:55.790+0000] {cap.py:159} INFO - Column selection completed successfully.
[2024-11-19T19:30:55.796+0000] {cap.py:176} INFO - Starting currency extraction process.
[2024-11-19T19:30:59.035+0000] {cap.py:118} INFO - Successfully read Parquet file from S3.
[2024-11-19T19:30:59.037+0000] {cap.py:186} INFO - Data loaded successfully from S3.
[2024-11-19T19:30:59.038+0000] {cap.py:194} INFO - Filtering currency symbol columns and joining with country names.
[2024-11-19T19:30:59.074+0000] {cap.py:198} INFO - Melting the data to extract currency codes and symbols.
[2024-11-19T19:30:59.102+0000] {cap.py:202} INFO - Removing rows with null currency symbols.
[2024-11-19T19:30:59.143+0000] {cap.py:206} INFO - Cleaning up currency codes.
[2024-11-19T19:30:59.145+0000] {cap.py:210} INFO - Grouping by country and aggregating currency symbols and codes.
[2024-11-19T19:30:59.185+0000] {cap.py:216} INFO - Currency extraction completed successfully.
[2024-11-19T19:30:59.191+0000] {cap.py:343} INFO - Currency code and symbol extracted successfully.
[2024-11-19T19:30:59.192+0000] {cap.py:232} INFO - Starting currency name extraction process.
[2024-11-19T19:31:27.227+0000] {cap.py:118} INFO - Successfully read Parquet file from S3.
[2024-11-19T19:31:27.229+0000] {cap.py:242} INFO - Data loaded successfully from S3.
[2024-11-19T19:31:27.230+0000] {cap.py:245} INFO - Filtering country names and currency name columns.
[2024-11-19T19:31:27.261+0000] {cap.py:249} INFO - Melting data to extract currency names.
[2024-11-19T19:31:27.291+0000] {cap.py:253} INFO - Removing rows with null currency names.
[2024-11-19T19:31:27.333+0000] {cap.py:260} INFO - Grouping by country and aggregating currency names.
[2024-11-19T19:31:27.380+0000] {cap.py:263} INFO - Currency name extraction completed successfully.
[2024-11-19T19:31:27.388+0000] {cap.py:350} INFO - Currency name extracted successfully.
[2024-11-19T19:31:27.389+0000] {cap.py:281} INFO - Starting language extraction process.
[2024-11-19T19:31:52.521+0000] {cap.py:118} INFO - Successfully read Parquet file from S3.
[2024-11-19T19:31:52.523+0000] {cap.py:291} INFO - Data loaded successfully from S3.
[2024-11-19T19:31:52.524+0000] {cap.py:294} INFO - Filtering country names and language columns.
[2024-11-19T19:31:52.566+0000] {cap.py:298} INFO - Melting data to extract languages.
[2024-11-19T19:31:52.603+0000] {cap.py:302} INFO - Removing rows with null language values.
[2024-11-19T19:31:52.652+0000] {cap.py:309} INFO - Grouping by country and aggregating languages.
[2024-11-19T19:31:52.697+0000] {cap.py:312} INFO - Language extraction completed successfully.
[2024-11-19T19:31:52.705+0000] {cap.py:357} INFO - Languages extracted successfully.
[2024-11-19T19:31:52.706+0000] {cap.py:360} INFO - Joining tables.
[2024-11-19T19:31:52.727+0000] {cap.py:365} INFO - Tables joined successfully.
[2024-11-19T19:31:52.729+0000] {cap.py:392} INFO - Data joined successfully for transformation.
[2024-11-19T19:31:52.749+0000] {cap.py:403} INFO - Column continents transformed successfully.
[2024-11-19T19:31:52.771+0000] {cap.py:403} INFO - Column idd.suffixes transformed successfully.
[2024-11-19T19:31:52.787+0000] {cap.py:403} INFO - Column capital transformed successfully.
[2024-11-19T19:31:52.790+0000] {cap.py:410} INFO - 'country_code' column created successfully.
[2024-11-19T19:31:52.792+0000] {cap.py:416} INFO - Unnecessary columns dropped successfully.
[2024-11-19T19:31:52.794+0000] {python.py:240} INFO - Done. Returned value was:      independent  ...     country_code
0           True  ...              +93
1           True  ...             +355
2           True  ...             +213
3          False  ...            +1684
4           True  ...             +376
..           ...  ...              ...
244        False  ...  +2125288 125289
245         True  ...             +967
246         True  ...             +260
247         True  ...             +263
248        False  ...           +35818

[249 rows x 17 columns]
[2024-11-19T19:31:52.920+0000] {taskinstance.py:340} INFO - ::group::Post task execution logs
[2024-11-19T19:31:52.921+0000] {taskinstance.py:352} INFO - Marking task as SUCCESS. dag_id=capstone, task_id=table_tansformation, run_id=manual__2024-11-19T19:26:50.048854+00:00, execution_date=20241119T192650, start_date=20241119T193039, end_date=20241119T193152
[2024-11-19T19:31:52.977+0000] {local_task_job_runner.py:266} INFO - Task exited with return code 0
[2024-11-19T19:31:53.020+0000] {taskinstance.py:3900} INFO - 1 downstream tasks scheduled from follow-on schedule check
[2024-11-19T19:31:53.031+0000] {local_task_job_runner.py:245} INFO - ::endgroup::
