[2024-11-02T13:06:14.815+0000] {local_task_job_runner.py:123} INFO - ::group::Pre task execution logs
[2024-11-02T13:06:14.842+0000] {taskinstance.py:2612} INFO - Dependencies all met for dep_context=non-requeueable deps ti=<TaskInstance: bas.bash_task manual__2024-11-02T13:06:12.419868+00:00 [queued]>
[2024-11-02T13:06:14.862+0000] {taskinstance.py:2612} INFO - Dependencies all met for dep_context=requeueable deps ti=<TaskInstance: bas.bash_task manual__2024-11-02T13:06:12.419868+00:00 [queued]>
[2024-11-02T13:06:14.864+0000] {taskinstance.py:2865} INFO - Starting attempt 1 of 3
[2024-11-02T13:06:14.898+0000] {taskinstance.py:2888} INFO - Executing <Task(BashOperator): bash_task> on 2024-11-02 13:06:12.419868+00:00
[2024-11-02T13:06:14.905+0000] {warnings.py:112} WARNING - /home/***/.local/lib/python3.12/site-packages/***/task/task_runner/standard_task_runner.py:70: DeprecationWarning: This process (pid=76) is multi-threaded, use of fork() may lead to deadlocks in the child.
  pid = os.fork()

[2024-11-02T13:06:14.908+0000] {standard_task_runner.py:72} INFO - Started process 77 to run task
[2024-11-02T13:06:14.908+0000] {standard_task_runner.py:104} INFO - Running: ['***', 'tasks', 'run', 'bas', 'bash_task', 'manual__2024-11-02T13:06:12.419868+00:00', '--job-id', '5', '--raw', '--subdir', 'DAGS_FOLDER/templatin/template.py', '--cfg-path', '/tmp/tmppcphs0gn']
[2024-11-02T13:06:14.909+0000] {standard_task_runner.py:105} INFO - Job 5: Subtask bash_task
[2024-11-02T13:06:14.985+0000] {task_command.py:467} INFO - Running <TaskInstance: bas.bash_task manual__2024-11-02T13:06:12.419868+00:00 [running]> on host fe3e688f2b29
[2024-11-02T13:06:15.150+0000] {taskinstance.py:3131} INFO - Exporting env vars: AIRFLOW_CTX_DAG_OWNER='adewunmi' AIRFLOW_CTX_DAG_ID='bas' AIRFLOW_CTX_TASK_ID='bash_task' AIRFLOW_CTX_EXECUTION_DATE='2024-11-02T13:06:12.419868+00:00' AIRFLOW_CTX_TRY_NUMBER='1' AIRFLOW_CTX_DAG_RUN_ID='manual__2024-11-02T13:06:12.419868+00:00'
[2024-11-02T13:06:15.152+0000] {taskinstance.py:731} INFO - ::endgroup::
[2024-11-02T13:06:15.243+0000] {subprocess.py:63} INFO - Tmp dir root location: /tmp
[2024-11-02T13:06:15.245+0000] {subprocess.py:75} INFO - Running command: ['/usr/bin/bash', '-c', 'bash /opt/***/dags/templatin/wiki.sh ']
[2024-11-02T13:06:15.268+0000] {subprocess.py:86} INFO - Output:
[2024-11-02T13:06:15.298+0000] {subprocess.py:93} INFO - {{ execution_date }}
[2024-11-02T13:06:15.309+0000] {subprocess.py:93} INFO -   % Total    % Received % Xferd  Average Speed   Time    Time     Time  Current
[2024-11-02T13:06:15.313+0000] {subprocess.py:93} INFO -                                  Dload  Upload   Total   Spent    Left  Speed
[2024-11-02T13:06:16.640+0000] {subprocess.py:93} INFO -   0     0    0     0    0     0      0      0 --:--:-- --:--:-- --:--:--     0  0     0    0     0    0     0      0      0 --:--:--  0:00:01 --:--:--     0100   153  100   153    0     0    114      0  0:00:01  0:00:01 --:--:--   115
[2024-11-02T13:06:16.647+0000] {subprocess.py:97} INFO - Command exited with return code 0
[2024-11-02T13:06:16.712+0000] {taskinstance.py:340} INFO - ::group::Post task execution logs
[2024-11-02T13:06:16.717+0000] {taskinstance.py:352} INFO - Marking task as SUCCESS. dag_id=bas, task_id=bash_task, run_id=manual__2024-11-02T13:06:12.419868+00:00, execution_date=20241102T130612, start_date=20241102T130614, end_date=20241102T130616
[2024-11-02T13:06:16.817+0000] {local_task_job_runner.py:266} INFO - Task exited with return code 0
[2024-11-02T13:06:16.843+0000] {taskinstance.py:3900} INFO - 0 downstream tasks scheduled from follow-on schedule check
[2024-11-02T13:06:16.852+0000] {local_task_job_runner.py:245} INFO - ::endgroup::
