[2024-11-16T05:51:02.629+0000] {local_task_job_runner.py:123} INFO - ::group::Pre task execution logs
[2024-11-16T05:51:02.653+0000] {taskinstance.py:2612} INFO - Dependencies all met for dep_context=non-requeueable deps ti=<TaskInstance: tem.bash_task2 scheduled__2024-11-15T00:00:00+00:00 [queued]>
[2024-11-16T05:51:02.665+0000] {taskinstance.py:2612} INFO - Dependencies all met for dep_context=requeueable deps ti=<TaskInstance: tem.bash_task2 scheduled__2024-11-15T00:00:00+00:00 [queued]>
[2024-11-16T05:51:02.666+0000] {taskinstance.py:2865} INFO - Starting attempt 1 of 3
[2024-11-16T05:51:02.694+0000] {taskinstance.py:2888} INFO - Executing <Task(BashOperator): bash_task2> on 2024-11-15 00:00:00+00:00
[2024-11-16T05:51:02.702+0000] {warnings.py:112} WARNING - /home/***/.local/lib/python3.12/site-packages/***/task/task_runner/standard_task_runner.py:70: DeprecationWarning: This process (pid=65) is multi-threaded, use of fork() may lead to deadlocks in the child.
  pid = os.fork()

[2024-11-16T05:51:02.704+0000] {standard_task_runner.py:72} INFO - Started process 66 to run task
[2024-11-16T05:51:02.705+0000] {standard_task_runner.py:104} INFO - Running: ['***', 'tasks', 'run', 'tem', 'bash_task2', 'scheduled__2024-11-15T00:00:00+00:00', '--job-id', '158', '--raw', '--subdir', 'DAGS_FOLDER/templatin/template.py', '--cfg-path', '/tmp/tmp2td8m8nq']
[2024-11-16T05:51:02.707+0000] {standard_task_runner.py:105} INFO - Job 158: Subtask bash_task2
[2024-11-16T05:51:02.770+0000] {task_command.py:467} INFO - Running <TaskInstance: tem.bash_task2 scheduled__2024-11-15T00:00:00+00:00 [running]> on host fe3e688f2b29
[2024-11-16T05:51:02.947+0000] {taskinstance.py:3131} INFO - Exporting env vars: AIRFLOW_CTX_DAG_OWNER='ade' AIRFLOW_CTX_DAG_ID='tem' AIRFLOW_CTX_TASK_ID='bash_task2' AIRFLOW_CTX_EXECUTION_DATE='2024-11-15T00:00:00+00:00' AIRFLOW_CTX_TRY_NUMBER='1' AIRFLOW_CTX_DAG_RUN_ID='scheduled__2024-11-15T00:00:00+00:00'
[2024-11-16T05:51:02.949+0000] {taskinstance.py:731} INFO - ::endgroup::
[2024-11-16T05:51:02.990+0000] {subprocess.py:63} INFO - Tmp dir root location: /tmp
[2024-11-16T05:51:02.993+0000] {subprocess.py:75} INFO - Running command: ['/usr/bin/bash', '-c', 'echo "-1"']
[2024-11-16T05:51:03.012+0000] {subprocess.py:86} INFO - Output:
[2024-11-16T05:51:03.016+0000] {subprocess.py:93} INFO - -1
[2024-11-16T05:51:03.018+0000] {subprocess.py:97} INFO - Command exited with return code 0
[2024-11-16T05:51:03.092+0000] {taskinstance.py:340} INFO - ::group::Post task execution logs
[2024-11-16T05:51:03.093+0000] {taskinstance.py:352} INFO - Marking task as SUCCESS. dag_id=tem, task_id=bash_task2, run_id=scheduled__2024-11-15T00:00:00+00:00, execution_date=20241115T000000, start_date=20241116T055102, end_date=20241116T055103
[2024-11-16T05:51:03.162+0000] {local_task_job_runner.py:266} INFO - Task exited with return code 0
[2024-11-16T05:51:03.191+0000] {local_task_job_runner.py:245} INFO - ::endgroup::
