[2024-11-17T23:21:55.446+0000] {local_task_job_runner.py:123} INFO - ::group::Pre task execution logs
[2024-11-17T23:21:55.473+0000] {taskinstance.py:2612} INFO - Dependencies all met for dep_context=non-requeueable deps ti=<TaskInstance: capstone.back_s3 manual__2024-11-17T23:15:06.122665+00:00 [queued]>
[2024-11-17T23:21:55.491+0000] {taskinstance.py:2612} INFO - Dependencies all met for dep_context=requeueable deps ti=<TaskInstance: capstone.back_s3 manual__2024-11-17T23:15:06.122665+00:00 [queued]>
[2024-11-17T23:21:55.493+0000] {taskinstance.py:2865} INFO - Starting attempt 2 of 4
[2024-11-17T23:21:55.555+0000] {taskinstance.py:2888} INFO - Executing <Task(PythonOperator): back_s3> on 2024-11-17 23:15:06.122665+00:00
[2024-11-17T23:21:55.573+0000] {warnings.py:112} WARNING - /home/***/.local/lib/python3.12/site-packages/***/task/task_runner/standard_task_runner.py:70: DeprecationWarning: This process (pid=1558) is multi-threaded, use of fork() may lead to deadlocks in the child.
  pid = os.fork()

[2024-11-17T23:21:55.579+0000] {standard_task_runner.py:72} INFO - Started process 1563 to run task
[2024-11-17T23:21:55.578+0000] {standard_task_runner.py:104} INFO - Running: ['***', 'tasks', 'run', 'capstone', 'back_s3', 'manual__2024-11-17T23:15:06.122665+00:00', '--job-id', '45', '--raw', '--subdir', 'DAGS_FOLDER/capstone_***/country.py', '--cfg-path', '/tmp/tmpd4udw3t5']
[2024-11-17T23:21:55.584+0000] {standard_task_runner.py:105} INFO - Job 45: Subtask back_s3
[2024-11-17T23:21:55.667+0000] {task_command.py:467} INFO - Running <TaskInstance: capstone.back_s3 manual__2024-11-17T23:15:06.122665+00:00 [running]> on host ea8ac57aed30
[2024-11-17T23:21:55.807+0000] {taskinstance.py:3131} INFO - Exporting env vars: AIRFLOW_CTX_DAG_OWNER='adewunmi' AIRFLOW_CTX_DAG_ID='capstone' AIRFLOW_CTX_TASK_ID='back_s3' AIRFLOW_CTX_EXECUTION_DATE='2024-11-17T23:15:06.122665+00:00' AIRFLOW_CTX_TRY_NUMBER='2' AIRFLOW_CTX_DAG_RUN_ID='manual__2024-11-17T23:15:06.122665+00:00'
[2024-11-17T23:21:55.808+0000] {taskinstance.py:731} INFO - ::endgroup::
[2024-11-17T23:21:55.833+0000] {cap.py:381} INFO - Starting table transformation process.
[2024-11-17T23:21:55.834+0000] {cap.py:326} INFO - Starting the table joining process.
[2024-11-17T23:21:55.834+0000] {cap.py:135} INFO - Starting column selection process.
[2024-11-17T23:21:58.864+0000] {cap.py:116} INFO - Successfully read Parquet file from S3.
[2024-11-17T23:21:58.867+0000] {cap.py:145} INFO - Data loaded successfully from S3.
[2024-11-17T23:21:58.872+0000] {cap.py:157} INFO - Column selection completed successfully.
[2024-11-17T23:21:58.879+0000] {cap.py:174} INFO - Starting currency extraction process.
[2024-11-17T23:22:06.239+0000] {cap.py:116} INFO - Successfully read Parquet file from S3.
[2024-11-17T23:22:06.241+0000] {cap.py:184} INFO - Data loaded successfully from S3.
[2024-11-17T23:22:06.241+0000] {cap.py:192} INFO - Filtering currency symbol columns and joining with country names.
[2024-11-17T23:22:06.286+0000] {cap.py:196} INFO - Melting the data to extract currency codes and symbols.
[2024-11-17T23:22:06.316+0000] {cap.py:200} INFO - Removing rows with null currency symbols.
[2024-11-17T23:22:06.359+0000] {cap.py:204} INFO - Cleaning up currency codes.
[2024-11-17T23:22:06.361+0000] {cap.py:208} INFO - Grouping by country and aggregating currency symbols and codes.
[2024-11-17T23:22:06.413+0000] {cap.py:214} INFO - Currency extraction completed successfully.
[2024-11-17T23:22:06.419+0000] {cap.py:341} INFO - Currency code and symbol extracted successfully.
[2024-11-17T23:22:06.420+0000] {cap.py:230} INFO - Starting currency name extraction process.
[2024-11-17T23:22:08.934+0000] {cap.py:116} INFO - Successfully read Parquet file from S3.
[2024-11-17T23:22:08.936+0000] {cap.py:240} INFO - Data loaded successfully from S3.
[2024-11-17T23:22:08.937+0000] {cap.py:243} INFO - Filtering country names and currency name columns.
[2024-11-17T23:22:08.979+0000] {cap.py:247} INFO - Melting data to extract currency names.
[2024-11-17T23:22:09.023+0000] {cap.py:251} INFO - Removing rows with null currency names.
[2024-11-17T23:22:09.071+0000] {cap.py:258} INFO - Grouping by country and aggregating currency names.
[2024-11-17T23:22:09.110+0000] {cap.py:261} INFO - Currency name extraction completed successfully.
[2024-11-17T23:22:09.117+0000] {cap.py:348} INFO - Currency name extracted successfully.
[2024-11-17T23:22:09.118+0000] {cap.py:279} INFO - Starting language extraction process.
[2024-11-17T23:22:13.171+0000] {cap.py:116} INFO - Successfully read Parquet file from S3.
[2024-11-17T23:22:13.174+0000] {cap.py:289} INFO - Data loaded successfully from S3.
[2024-11-17T23:22:13.174+0000] {cap.py:292} INFO - Filtering country names and language columns.
[2024-11-17T23:22:13.493+0000] {cap.py:296} INFO - Melting data to extract languages.
[2024-11-17T23:22:13.526+0000] {cap.py:300} INFO - Removing rows with null language values.
[2024-11-17T23:22:13.575+0000] {cap.py:307} INFO - Grouping by country and aggregating languages.
[2024-11-17T23:22:13.608+0000] {cap.py:310} INFO - Language extraction completed successfully.
[2024-11-17T23:22:13.618+0000] {cap.py:355} INFO - Languages extracted successfully.
[2024-11-17T23:22:13.619+0000] {cap.py:358} INFO - Joining tables.
[2024-11-17T23:22:13.638+0000] {cap.py:363} INFO - Tables joined successfully.
[2024-11-17T23:22:13.639+0000] {cap.py:390} INFO - Data joined successfully for transformation.
[2024-11-17T23:22:13.653+0000] {cap.py:401} INFO - Column continents transformed successfully.
[2024-11-17T23:22:13.669+0000] {cap.py:401} INFO - Column idd.suffixes transformed successfully.
[2024-11-17T23:22:13.682+0000] {cap.py:401} INFO - Column capital transformed successfully.
[2024-11-17T23:22:13.684+0000] {cap.py:408} INFO - 'country_code' column created successfully.
[2024-11-17T23:22:13.686+0000] {cap.py:414} INFO - Unnecessary columns dropped successfully.
[2024-11-17T23:22:15.900+0000] {cap.py:444} INFO - Data successfully written to S3 in Parquet format.
[2024-11-17T23:22:15.902+0000] {python.py:240} INFO - Done. Returned value was: Transformed data successfully written to S3 in Parquet format.
[2024-11-17T23:22:15.943+0000] {taskinstance.py:340} INFO - ::group::Post task execution logs
[2024-11-17T23:22:15.944+0000] {taskinstance.py:352} INFO - Marking task as SUCCESS. dag_id=capstone, task_id=back_s3, run_id=manual__2024-11-17T23:15:06.122665+00:00, execution_date=20241117T231506, start_date=20241117T232155, end_date=20241117T232215
[2024-11-17T23:22:16.004+0000] {local_task_job_runner.py:266} INFO - Task exited with return code 0
[2024-11-17T23:22:16.030+0000] {taskinstance.py:3900} INFO - 0 downstream tasks scheduled from follow-on schedule check
[2024-11-17T23:22:16.036+0000] {local_task_job_runner.py:245} INFO - ::endgroup::
