[2024-11-17T23:16:25.067+0000] {local_task_job_runner.py:123} INFO - ::group::Pre task execution logs
[2024-11-17T23:16:25.089+0000] {taskinstance.py:2612} INFO - Dependencies all met for dep_context=non-requeueable deps ti=<TaskInstance: capstone.back_s3 manual__2024-11-17T23:15:06.122665+00:00 [queued]>
[2024-11-17T23:16:25.103+0000] {taskinstance.py:2612} INFO - Dependencies all met for dep_context=requeueable deps ti=<TaskInstance: capstone.back_s3 manual__2024-11-17T23:15:06.122665+00:00 [queued]>
[2024-11-17T23:16:25.104+0000] {taskinstance.py:2865} INFO - Starting attempt 1 of 3
[2024-11-17T23:16:25.129+0000] {taskinstance.py:2888} INFO - Executing <Task(PythonOperator): back_s3> on 2024-11-17 23:15:06.122665+00:00
[2024-11-17T23:16:25.139+0000] {warnings.py:112} WARNING - /home/***/.local/lib/python3.12/site-packages/***/task/task_runner/standard_task_runner.py:70: DeprecationWarning: This process (pid=1484) is multi-threaded, use of fork() may lead to deadlocks in the child.
  pid = os.fork()

[2024-11-17T23:16:25.141+0000] {standard_task_runner.py:72} INFO - Started process 1486 to run task
[2024-11-17T23:16:25.142+0000] {standard_task_runner.py:104} INFO - Running: ['***', 'tasks', 'run', 'capstone', 'back_s3', 'manual__2024-11-17T23:15:06.122665+00:00', '--job-id', '43', '--raw', '--subdir', 'DAGS_FOLDER/capstone_***/country.py', '--cfg-path', '/tmp/tmptk2gptgw']
[2024-11-17T23:16:25.147+0000] {standard_task_runner.py:105} INFO - Job 43: Subtask back_s3
[2024-11-17T23:16:25.209+0000] {task_command.py:467} INFO - Running <TaskInstance: capstone.back_s3 manual__2024-11-17T23:15:06.122665+00:00 [running]> on host ea8ac57aed30
[2024-11-17T23:16:25.338+0000] {taskinstance.py:3131} INFO - Exporting env vars: AIRFLOW_CTX_DAG_OWNER='adewunmi' AIRFLOW_CTX_DAG_ID='capstone' AIRFLOW_CTX_TASK_ID='back_s3' AIRFLOW_CTX_EXECUTION_DATE='2024-11-17T23:15:06.122665+00:00' AIRFLOW_CTX_TRY_NUMBER='1' AIRFLOW_CTX_DAG_RUN_ID='manual__2024-11-17T23:15:06.122665+00:00'
[2024-11-17T23:16:25.339+0000] {taskinstance.py:731} INFO - ::endgroup::
[2024-11-17T23:16:25.358+0000] {cap.py:381} INFO - Starting table transformation process.
[2024-11-17T23:16:25.359+0000] {cap.py:326} INFO - Starting the table joining process.
[2024-11-17T23:16:25.360+0000] {cap.py:135} INFO - Starting column selection process.
[2024-11-17T23:16:27.929+0000] {cap.py:116} INFO - Successfully read Parquet file from S3.
[2024-11-17T23:16:27.930+0000] {cap.py:145} INFO - Data loaded successfully from S3.
[2024-11-17T23:16:27.934+0000] {cap.py:157} INFO - Column selection completed successfully.
[2024-11-17T23:16:27.939+0000] {cap.py:174} INFO - Starting currency extraction process.
[2024-11-17T23:16:30.779+0000] {cap.py:116} INFO - Successfully read Parquet file from S3.
[2024-11-17T23:16:30.781+0000] {cap.py:184} INFO - Data loaded successfully from S3.
[2024-11-17T23:16:30.782+0000] {cap.py:192} INFO - Filtering currency symbol columns and joining with country names.
[2024-11-17T23:16:30.827+0000] {cap.py:196} INFO - Melting the data to extract currency codes and symbols.
[2024-11-17T23:16:30.859+0000] {cap.py:200} INFO - Removing rows with null currency symbols.
[2024-11-17T23:16:30.901+0000] {cap.py:204} INFO - Cleaning up currency codes.
[2024-11-17T23:16:30.903+0000] {cap.py:208} INFO - Grouping by country and aggregating currency symbols and codes.
[2024-11-17T23:16:30.962+0000] {cap.py:214} INFO - Currency extraction completed successfully.
[2024-11-17T23:16:30.968+0000] {cap.py:341} INFO - Currency code and symbol extracted successfully.
[2024-11-17T23:16:30.969+0000] {cap.py:230} INFO - Starting currency name extraction process.
[2024-11-17T23:16:34.376+0000] {cap.py:116} INFO - Successfully read Parquet file from S3.
[2024-11-17T23:16:34.378+0000] {cap.py:240} INFO - Data loaded successfully from S3.
[2024-11-17T23:16:34.379+0000] {cap.py:243} INFO - Filtering country names and currency name columns.
[2024-11-17T23:16:34.432+0000] {cap.py:247} INFO - Melting data to extract currency names.
[2024-11-17T23:16:34.465+0000] {cap.py:251} INFO - Removing rows with null currency names.
[2024-11-17T23:16:34.525+0000] {cap.py:258} INFO - Grouping by country and aggregating currency names.
[2024-11-17T23:16:34.561+0000] {cap.py:261} INFO - Currency name extraction completed successfully.
[2024-11-17T23:16:34.568+0000] {cap.py:348} INFO - Currency name extracted successfully.
[2024-11-17T23:16:34.569+0000] {cap.py:279} INFO - Starting language extraction process.
[2024-11-17T23:16:37.800+0000] {cap.py:116} INFO - Successfully read Parquet file from S3.
[2024-11-17T23:16:37.803+0000] {cap.py:289} INFO - Data loaded successfully from S3.
[2024-11-17T23:16:37.804+0000] {cap.py:292} INFO - Filtering country names and language columns.
[2024-11-17T23:16:38.122+0000] {cap.py:296} INFO - Melting data to extract languages.
[2024-11-17T23:16:38.152+0000] {cap.py:300} INFO - Removing rows with null language values.
[2024-11-17T23:16:38.194+0000] {cap.py:307} INFO - Grouping by country and aggregating languages.
[2024-11-17T23:16:38.227+0000] {cap.py:310} INFO - Language extraction completed successfully.
[2024-11-17T23:16:38.233+0000] {cap.py:355} INFO - Languages extracted successfully.
[2024-11-17T23:16:38.234+0000] {cap.py:358} INFO - Joining tables.
[2024-11-17T23:16:38.251+0000] {cap.py:363} INFO - Tables joined successfully.
[2024-11-17T23:16:38.252+0000] {cap.py:390} INFO - Data joined successfully for transformation.
[2024-11-17T23:16:38.265+0000] {cap.py:401} INFO - Column continents transformed successfully.
[2024-11-17T23:16:38.279+0000] {cap.py:401} INFO - Column idd.suffixes transformed successfully.
[2024-11-17T23:16:38.292+0000] {cap.py:401} INFO - Column capital transformed successfully.
[2024-11-17T23:16:38.294+0000] {cap.py:408} INFO - 'country_code' column created successfully.
[2024-11-17T23:16:38.297+0000] {cap.py:414} INFO - Unnecessary columns dropped successfully.
[2024-11-17T23:16:40.280+0000] {cap.py:444} INFO - Data successfully written to S3 in Parquet format.
[2024-11-17T23:16:40.282+0000] {python.py:240} INFO - Done. Returned value was: Transformed data successfully written to S3 in Parquet format.
[2024-11-17T23:16:40.316+0000] {taskinstance.py:340} INFO - ::group::Post task execution logs
[2024-11-17T23:16:40.317+0000] {taskinstance.py:352} INFO - Marking task as SUCCESS. dag_id=capstone, task_id=back_s3, run_id=manual__2024-11-17T23:15:06.122665+00:00, execution_date=20241117T231506, start_date=20241117T231625, end_date=20241117T231640
[2024-11-17T23:16:40.363+0000] {local_task_job_runner.py:266} INFO - Task exited with return code 0
[2024-11-17T23:16:40.384+0000] {taskinstance.py:3900} INFO - 0 downstream tasks scheduled from follow-on schedule check
[2024-11-17T23:16:40.388+0000] {local_task_job_runner.py:245} INFO - ::endgroup::
