[2024-10-19T15:37:36.393+0000] {local_task_job_runner.py:123} INFO - ::group::Pre task execution logs
[2024-10-19T15:37:36.437+0000] {taskinstance.py:2612} INFO - Dependencies all met for dep_context=non-requeueable deps ti=<TaskInstance: wikimedia_pageviews_dag.fetch_wikimedia_pageviews manual__2024-10-19T15:37:34.020661+00:00 [queued]>
[2024-10-19T15:37:36.467+0000] {taskinstance.py:2612} INFO - Dependencies all met for dep_context=requeueable deps ti=<TaskInstance: wikimedia_pageviews_dag.fetch_wikimedia_pageviews manual__2024-10-19T15:37:34.020661+00:00 [queued]>
[2024-10-19T15:37:36.470+0000] {taskinstance.py:2865} INFO - Starting attempt 1 of 2
[2024-10-19T15:37:36.513+0000] {taskinstance.py:2888} INFO - Executing <Task(BashOperator): fetch_wikimedia_pageviews> on 2024-10-19 15:37:34.020661+00:00
[2024-10-19T15:37:36.524+0000] {warnings.py:112} WARNING - /home/***/.local/lib/python3.12/site-packages/***/task/task_runner/standard_task_runner.py:70: DeprecationWarning: This process (pid=431) is multi-threaded, use of fork() may lead to deadlocks in the child.
  pid = os.fork()

[2024-10-19T15:37:36.527+0000] {standard_task_runner.py:72} INFO - Started process 433 to run task
[2024-10-19T15:37:36.535+0000] {standard_task_runner.py:104} INFO - Running: ['***', 'tasks', 'run', 'wikimedia_pageviews_dag', 'fetch_wikimedia_pageviews', 'manual__2024-10-19T15:37:34.020661+00:00', '--job-id', '20', '--raw', '--subdir', 'DAGS_FOLDER/tes.py', '--cfg-path', '/tmp/tmpsj50lxt5']
[2024-10-19T15:37:36.541+0000] {standard_task_runner.py:105} INFO - Job 20: Subtask fetch_wikimedia_pageviews
[2024-10-19T15:37:36.713+0000] {task_command.py:467} INFO - Running <TaskInstance: wikimedia_pageviews_dag.fetch_wikimedia_pageviews manual__2024-10-19T15:37:34.020661+00:00 [running]> on host 533638d20908
[2024-10-19T15:37:36.949+0000] {taskinstance.py:3131} INFO - Exporting env vars: AIRFLOW_CTX_DAG_OWNER='***' AIRFLOW_CTX_DAG_ID='wikimedia_pageviews_dag' AIRFLOW_CTX_TASK_ID='fetch_wikimedia_pageviews' AIRFLOW_CTX_EXECUTION_DATE='2024-10-19T15:37:34.020661+00:00' AIRFLOW_CTX_TRY_NUMBER='1' AIRFLOW_CTX_DAG_RUN_ID='manual__2024-10-19T15:37:34.020661+00:00'
[2024-10-19T15:37:36.950+0000] {taskinstance.py:731} INFO - ::endgroup::
[2024-10-19T15:37:36.996+0000] {subprocess.py:63} INFO - Tmp dir root location: /tmp
[2024-10-19T15:37:36.998+0000] {subprocess.py:75} INFO - Running command: ['/usr/bin/bash', '-c', '\n        YEAR=$(date +"%Y")\n        MONTH=$(date +"%m")\n        DAY=$(date +"%d")\n        HOUR=$(date -d "3 hour ago" +"%H")\n\n        wget https://dumps.wikimedia.org/other/pageviews/${YEAR}/${YEAR}-${MONTH}/pageviews-${YEAR}${MONTH}${DAY}-${HOUR}0000.gz -P /opt/***/dags/\n        gunzip /opt/***/dags/pageviews-${YEAR}${MONTH}${DAY}-${HOUR}0000.gz\n\n        echo "domain_name, page_title, view_count, size, date, hour" > /opt/***/dags/output.csv\n        egrep "Microsoft_|Apple_|Facebook|Google" /opt/***/dags/pageviews-${YEAR}${MONTH}${DAY}-${HOUR}0000 |             awk -v year="${YEAR}" -v month="${MONTH}" -v day="${DAY}" -v hour="${HOUR}"             \'{print $1 ", " $2 ", " $3 ", " $4 ", " year "/" month "/" day ", " hour}\' >> /opt/***/dags/output.csv\n\n        rm -f /opt/***/dags/pageviews-${YEAR}${MONTH}${DAY}-${HOUR}0000\n        ']
[2024-10-19T15:37:37.023+0000] {subprocess.py:86} INFO - Output:
[2024-10-19T15:37:37.061+0000] {subprocess.py:93} INFO - /usr/bin/bash: line 7: wget: command not found
[2024-10-19T15:37:37.092+0000] {subprocess.py:93} INFO - gzip: /opt/***/dags/pageviews-20241019-120000.gz: No such file or directory
[2024-10-19T15:37:37.168+0000] {subprocess.py:93} INFO - grep: /opt/***/dags/pageviews-20241019-120000: No such file or directory
[2024-10-19T15:37:37.187+0000] {subprocess.py:97} INFO - Command exited with return code 0
[2024-10-19T15:37:37.278+0000] {taskinstance.py:340} INFO - ::group::Post task execution logs
[2024-10-19T15:37:37.345+0000] {taskinstance.py:352} INFO - Marking task as SUCCESS. dag_id=wikimedia_pageviews_dag, task_id=fetch_wikimedia_pageviews, run_id=manual__2024-10-19T15:37:34.020661+00:00, execution_date=20241019T153734, start_date=20241019T153736, end_date=20241019T153737
[2024-10-19T15:37:37.503+0000] {local_task_job_runner.py:266} INFO - Task exited with return code 0
[2024-10-19T15:37:37.629+0000] {taskinstance.py:3900} INFO - 0 downstream tasks scheduled from follow-on schedule check
[2024-10-19T15:37:37.762+0000] {local_task_job_runner.py:245} INFO - ::endgroup::
