[2024-11-19T20:09:23.401+0000] {local_task_job_runner.py:123} INFO - ::group::Pre task execution logs
[2024-11-19T20:09:23.423+0000] {taskinstance.py:2612} INFO - Dependencies all met for dep_context=non-requeueable deps ti=<TaskInstance: capstone.load_to_database manual__2024-11-19T19:26:50.048854+00:00 [queued]>
[2024-11-19T20:09:23.435+0000] {taskinstance.py:2612} INFO - Dependencies all met for dep_context=requeueable deps ti=<TaskInstance: capstone.load_to_database manual__2024-11-19T19:26:50.048854+00:00 [queued]>
[2024-11-19T20:09:23.436+0000] {taskinstance.py:2865} INFO - Starting attempt 6 of 8
[2024-11-19T20:09:23.462+0000] {taskinstance.py:2888} INFO - Executing <Task(PythonOperator): load_to_database> on 2024-11-19 19:26:50.048854+00:00
[2024-11-19T20:09:23.473+0000] {warnings.py:112} WARNING - /home/***/.local/lib/python3.12/site-packages/***/task/task_runner/standard_task_runner.py:70: DeprecationWarning: This process (pid=2684) is multi-threaded, use of fork() may lead to deadlocks in the child.
  pid = os.fork()

[2024-11-19T20:09:23.477+0000] {standard_task_runner.py:72} INFO - Started process 2686 to run task
[2024-11-19T20:09:23.484+0000] {standard_task_runner.py:104} INFO - Running: ['***', 'tasks', 'run', 'capstone', 'load_to_database', 'manual__2024-11-19T19:26:50.048854+00:00', '--job-id', '74', '--raw', '--subdir', 'DAGS_FOLDER/capstone_***/country.py', '--cfg-path', '/tmp/tmp7t1ggyqz']
[2024-11-19T20:09:23.487+0000] {standard_task_runner.py:105} INFO - Job 74: Subtask load_to_database
[2024-11-19T20:09:23.573+0000] {task_command.py:467} INFO - Running <TaskInstance: capstone.load_to_database manual__2024-11-19T19:26:50.048854+00:00 [running]> on host ea8ac57aed30
[2024-11-19T20:09:23.687+0000] {taskinstance.py:3131} INFO - Exporting env vars: AIRFLOW_CTX_DAG_OWNER='adewunmi' AIRFLOW_CTX_DAG_ID='capstone' AIRFLOW_CTX_TASK_ID='load_to_database' AIRFLOW_CTX_EXECUTION_DATE='2024-11-19T19:26:50.048854+00:00' AIRFLOW_CTX_TRY_NUMBER='6' AIRFLOW_CTX_DAG_RUN_ID='manual__2024-11-19T19:26:50.048854+00:00'
[2024-11-19T20:09:23.689+0000] {taskinstance.py:731} INFO - ::endgroup::
[2024-11-19T20:09:23.709+0000] {cap.py:466} INFO - Starting the database load process.
[2024-11-19T20:09:23.710+0000] {cap.py:431} INFO - Starting the column renaming process.
[2024-11-19T20:09:23.711+0000] {cap.py:383} INFO - Starting table transformation process.
[2024-11-19T20:09:23.712+0000] {cap.py:328} INFO - Starting the table joining process.
[2024-11-19T20:09:23.713+0000] {cap.py:137} INFO - Starting column selection process.
[2024-11-19T20:09:26.836+0000] {cap.py:118} INFO - Successfully read Parquet file from S3.
[2024-11-19T20:09:26.837+0000] {cap.py:147} INFO - Data loaded successfully from S3.
[2024-11-19T20:09:26.841+0000] {cap.py:159} INFO - Column selection completed successfully.
[2024-11-19T20:09:26.845+0000] {cap.py:176} INFO - Starting currency extraction process.
[2024-11-19T20:09:45.283+0000] {cap.py:118} INFO - Successfully read Parquet file from S3.
[2024-11-19T20:09:45.284+0000] {cap.py:186} INFO - Data loaded successfully from S3.
[2024-11-19T20:09:45.285+0000] {cap.py:194} INFO - Filtering currency symbol columns and joining with country names.
[2024-11-19T20:09:45.328+0000] {cap.py:198} INFO - Melting the data to extract currency codes and symbols.
[2024-11-19T20:09:45.366+0000] {cap.py:202} INFO - Removing rows with null currency symbols.
[2024-11-19T20:09:45.413+0000] {cap.py:206} INFO - Cleaning up currency codes.
[2024-11-19T20:09:45.416+0000] {cap.py:210} INFO - Grouping by country and aggregating currency symbols and codes.
[2024-11-19T20:09:45.484+0000] {cap.py:216} INFO - Currency extraction completed successfully.
[2024-11-19T20:09:45.491+0000] {cap.py:343} INFO - Currency code and symbol extracted successfully.
[2024-11-19T20:09:45.492+0000] {cap.py:232} INFO - Starting currency name extraction process.
[2024-11-19T20:10:14.425+0000] {cap.py:118} INFO - Successfully read Parquet file from S3.
[2024-11-19T20:10:14.429+0000] {cap.py:242} INFO - Data loaded successfully from S3.
[2024-11-19T20:10:14.430+0000] {cap.py:245} INFO - Filtering country names and currency name columns.
[2024-11-19T20:10:14.473+0000] {cap.py:249} INFO - Melting data to extract currency names.
[2024-11-19T20:10:14.507+0000] {cap.py:253} INFO - Removing rows with null currency names.
[2024-11-19T20:10:14.549+0000] {cap.py:260} INFO - Grouping by country and aggregating currency names.
[2024-11-19T20:10:14.591+0000] {cap.py:263} INFO - Currency name extraction completed successfully.
[2024-11-19T20:10:14.598+0000] {cap.py:350} INFO - Currency name extracted successfully.
[2024-11-19T20:10:14.599+0000] {cap.py:281} INFO - Starting language extraction process.
[2024-11-19T20:11:23.663+0000] {cap.py:118} INFO - Successfully read Parquet file from S3.
[2024-11-19T20:11:23.665+0000] {cap.py:291} INFO - Data loaded successfully from S3.
[2024-11-19T20:11:23.666+0000] {cap.py:294} INFO - Filtering country names and language columns.
[2024-11-19T20:11:23.703+0000] {cap.py:298} INFO - Melting data to extract languages.
[2024-11-19T20:11:23.734+0000] {cap.py:302} INFO - Removing rows with null language values.
[2024-11-19T20:11:23.776+0000] {cap.py:309} INFO - Grouping by country and aggregating languages.
[2024-11-19T20:11:23.821+0000] {cap.py:312} INFO - Language extraction completed successfully.
[2024-11-19T20:11:23.827+0000] {cap.py:357} INFO - Languages extracted successfully.
[2024-11-19T20:11:23.828+0000] {cap.py:360} INFO - Joining tables.
[2024-11-19T20:11:23.846+0000] {cap.py:365} INFO - Tables joined successfully.
[2024-11-19T20:11:23.847+0000] {cap.py:392} INFO - Data joined successfully for transformation.
[2024-11-19T20:11:23.863+0000] {cap.py:403} INFO - Column continents transformed successfully.
[2024-11-19T20:11:23.880+0000] {cap.py:403} INFO - Column idd.suffixes transformed successfully.
[2024-11-19T20:11:23.895+0000] {cap.py:403} INFO - Column capital transformed successfully.
[2024-11-19T20:11:23.897+0000] {cap.py:410} INFO - 'country_code' column created successfully.
[2024-11-19T20:11:23.898+0000] {cap.py:416} INFO - Unnecessary columns dropped successfully.
[2024-11-19T20:11:23.900+0000] {cap.py:444} INFO - Column renaming completed successfully.
[2024-11-19T20:11:23.901+0000] {cap.py:473} INFO - DataFrame validation successful. Proceeding to database connection.
[2024-11-19T20:11:23.912+0000] {base.py:84} INFO - Retrieving connection 'rds_connect'
[2024-11-19T20:11:23.914+0000] {cap.py:482} INFO - Loading data into the table 'country_data' in the PostgreSQL database.
[2024-11-19T20:11:23.933+0000] {base.py:84} INFO - Retrieving connection 'rds_connect'
[2024-11-19T20:11:33.471+0000] {cap.py:492} INFO - Data successfully loaded into the table 'country_data'.
[2024-11-19T20:11:33.473+0000] {python.py:240} INFO - Done. Returned value was: Data loaded successfully.
[2024-11-19T20:11:33.531+0000] {taskinstance.py:340} INFO - ::group::Post task execution logs
[2024-11-19T20:11:33.532+0000] {taskinstance.py:352} INFO - Marking task as SUCCESS. dag_id=capstone, task_id=load_to_database, run_id=manual__2024-11-19T19:26:50.048854+00:00, execution_date=20241119T192650, start_date=20241119T200923, end_date=20241119T201133
[2024-11-19T20:11:33.621+0000] {local_task_job_runner.py:266} INFO - Task exited with return code 0
[2024-11-19T20:11:33.641+0000] {taskinstance.py:3900} INFO - 0 downstream tasks scheduled from follow-on schedule check
[2024-11-19T20:11:33.655+0000] {local_task_job_runner.py:245} INFO - ::endgroup::
