[2024-11-19T19:35:28.092+0000] {local_task_job_runner.py:123} INFO - ::group::Pre task execution logs
[2024-11-19T19:35:28.121+0000] {taskinstance.py:2612} INFO - Dependencies all met for dep_context=non-requeueable deps ti=<TaskInstance: capstone.load_to_database manual__2024-11-19T19:26:50.048854+00:00 [queued]>
[2024-11-19T19:35:28.140+0000] {taskinstance.py:2612} INFO - Dependencies all met for dep_context=requeueable deps ti=<TaskInstance: capstone.load_to_database manual__2024-11-19T19:26:50.048854+00:00 [queued]>
[2024-11-19T19:35:28.141+0000] {taskinstance.py:2865} INFO - Starting attempt 1 of 3
[2024-11-19T19:35:28.176+0000] {taskinstance.py:2888} INFO - Executing <Task(PythonOperator): load_to_database> on 2024-11-19 19:26:50.048854+00:00
[2024-11-19T19:35:28.185+0000] {warnings.py:112} WARNING - /home/***/.local/lib/python3.12/site-packages/***/task/task_runner/standard_task_runner.py:70: DeprecationWarning: This process (pid=2241) is multi-threaded, use of fork() may lead to deadlocks in the child.
  pid = os.fork()

[2024-11-19T19:35:28.188+0000] {standard_task_runner.py:72} INFO - Started process 2243 to run task
[2024-11-19T19:35:28.190+0000] {standard_task_runner.py:104} INFO - Running: ['***', 'tasks', 'run', 'capstone', 'load_to_database', 'manual__2024-11-19T19:26:50.048854+00:00', '--job-id', '69', '--raw', '--subdir', 'DAGS_FOLDER/capstone_***/country.py', '--cfg-path', '/tmp/tmphqv_dtlg']
[2024-11-19T19:35:28.193+0000] {standard_task_runner.py:105} INFO - Job 69: Subtask load_to_database
[2024-11-19T19:35:28.261+0000] {task_command.py:467} INFO - Running <TaskInstance: capstone.load_to_database manual__2024-11-19T19:26:50.048854+00:00 [running]> on host ea8ac57aed30
[2024-11-19T19:35:28.440+0000] {taskinstance.py:3131} INFO - Exporting env vars: AIRFLOW_CTX_DAG_OWNER='adewunmi' AIRFLOW_CTX_DAG_ID='capstone' AIRFLOW_CTX_TASK_ID='load_to_database' AIRFLOW_CTX_EXECUTION_DATE='2024-11-19T19:26:50.048854+00:00' AIRFLOW_CTX_TRY_NUMBER='1' AIRFLOW_CTX_DAG_RUN_ID='manual__2024-11-19T19:26:50.048854+00:00'
[2024-11-19T19:35:28.442+0000] {taskinstance.py:731} INFO - ::endgroup::
[2024-11-19T19:35:28.474+0000] {cap.py:466} INFO - Starting the database load process.
[2024-11-19T19:35:28.478+0000] {cap.py:431} INFO - Starting the column renaming process.
[2024-11-19T19:35:28.480+0000] {cap.py:383} INFO - Starting table transformation process.
[2024-11-19T19:35:28.481+0000] {cap.py:328} INFO - Starting the table joining process.
[2024-11-19T19:35:28.482+0000] {cap.py:137} INFO - Starting column selection process.
[2024-11-19T19:39:21.647+0000] {cap.py:118} INFO - Successfully read Parquet file from S3.
[2024-11-19T19:39:21.650+0000] {cap.py:147} INFO - Data loaded successfully from S3.
[2024-11-19T19:39:21.656+0000] {cap.py:159} INFO - Column selection completed successfully.
[2024-11-19T19:39:21.663+0000] {cap.py:176} INFO - Starting currency extraction process.
[2024-11-19T19:39:25.064+0000] {cap.py:118} INFO - Successfully read Parquet file from S3.
[2024-11-19T19:39:25.067+0000] {cap.py:186} INFO - Data loaded successfully from S3.
[2024-11-19T19:39:25.068+0000] {cap.py:194} INFO - Filtering currency symbol columns and joining with country names.
[2024-11-19T19:39:25.126+0000] {cap.py:198} INFO - Melting the data to extract currency codes and symbols.
[2024-11-19T19:39:25.172+0000] {cap.py:202} INFO - Removing rows with null currency symbols.
[2024-11-19T19:39:25.222+0000] {cap.py:206} INFO - Cleaning up currency codes.
[2024-11-19T19:39:25.224+0000] {cap.py:210} INFO - Grouping by country and aggregating currency symbols and codes.
[2024-11-19T19:39:25.297+0000] {cap.py:216} INFO - Currency extraction completed successfully.
[2024-11-19T19:39:25.303+0000] {cap.py:343} INFO - Currency code and symbol extracted successfully.
[2024-11-19T19:39:25.304+0000] {cap.py:232} INFO - Starting currency name extraction process.
[2024-11-19T19:39:28.105+0000] {cap.py:118} INFO - Successfully read Parquet file from S3.
[2024-11-19T19:39:28.109+0000] {cap.py:242} INFO - Data loaded successfully from S3.
[2024-11-19T19:39:28.112+0000] {cap.py:245} INFO - Filtering country names and currency name columns.
[2024-11-19T19:39:28.273+0000] {cap.py:249} INFO - Melting data to extract currency names.
[2024-11-19T19:39:28.395+0000] {cap.py:253} INFO - Removing rows with null currency names.
[2024-11-19T19:39:28.456+0000] {cap.py:260} INFO - Grouping by country and aggregating currency names.
[2024-11-19T19:39:28.507+0000] {cap.py:263} INFO - Currency name extraction completed successfully.
[2024-11-19T19:39:28.515+0000] {cap.py:350} INFO - Currency name extracted successfully.
[2024-11-19T19:39:28.516+0000] {cap.py:281} INFO - Starting language extraction process.
[2024-11-19T19:39:31.763+0000] {cap.py:118} INFO - Successfully read Parquet file from S3.
[2024-11-19T19:39:31.766+0000] {cap.py:291} INFO - Data loaded successfully from S3.
[2024-11-19T19:39:31.766+0000] {cap.py:294} INFO - Filtering country names and language columns.
[2024-11-19T19:39:31.806+0000] {cap.py:298} INFO - Melting data to extract languages.
[2024-11-19T19:39:31.841+0000] {cap.py:302} INFO - Removing rows with null language values.
[2024-11-19T19:39:31.886+0000] {cap.py:309} INFO - Grouping by country and aggregating languages.
[2024-11-19T19:39:31.934+0000] {cap.py:312} INFO - Language extraction completed successfully.
[2024-11-19T19:39:31.941+0000] {cap.py:357} INFO - Languages extracted successfully.
[2024-11-19T19:39:31.942+0000] {cap.py:360} INFO - Joining tables.
[2024-11-19T19:39:31.961+0000] {cap.py:365} INFO - Tables joined successfully.
[2024-11-19T19:39:31.962+0000] {cap.py:392} INFO - Data joined successfully for transformation.
[2024-11-19T19:39:31.979+0000] {cap.py:403} INFO - Column continents transformed successfully.
[2024-11-19T19:39:31.996+0000] {cap.py:403} INFO - Column idd.suffixes transformed successfully.
[2024-11-19T19:39:32.011+0000] {cap.py:403} INFO - Column capital transformed successfully.
[2024-11-19T19:39:32.012+0000] {cap.py:410} INFO - 'country_code' column created successfully.
[2024-11-19T19:39:32.014+0000] {cap.py:416} INFO - Unnecessary columns dropped successfully.
[2024-11-19T19:39:32.016+0000] {cap.py:444} INFO - Column renaming completed successfully.
[2024-11-19T19:39:32.016+0000] {cap.py:473} INFO - DataFrame validation successful. Proceeding to database connection.
[2024-11-19T19:39:32.017+0000] {cap.py:496} ERROR - Error during database load process: name 'PostgresHook' is not defined
[2024-11-19T19:39:32.018+0000] {python.py:240} INFO - Done. Returned value was: (None, "Error: name 'PostgresHook' is not defined")
[2024-11-19T19:39:32.061+0000] {taskinstance.py:340} INFO - ::group::Post task execution logs
[2024-11-19T19:39:32.062+0000] {taskinstance.py:352} INFO - Marking task as SUCCESS. dag_id=capstone, task_id=load_to_database, run_id=manual__2024-11-19T19:26:50.048854+00:00, execution_date=20241119T192650, start_date=20241119T193528, end_date=20241119T193932
[2024-11-19T19:39:32.119+0000] {local_task_job_runner.py:266} INFO - Task exited with return code 0
[2024-11-19T19:39:32.145+0000] {taskinstance.py:3900} INFO - 0 downstream tasks scheduled from follow-on schedule check
[2024-11-19T19:39:32.157+0000] {local_task_job_runner.py:245} INFO - ::endgroup::
