[2024-10-17T22:51:03.426+0000] {local_task_job_runner.py:123} INFO - ::group::Pre task execution logs
[2024-10-17T22:51:03.456+0000] {taskinstance.py:2612} INFO - Dependencies all met for dep_context=non-requeueable deps ti=<TaskInstance: post_s3.bash_task1 manual__2024-10-17T22:51:01.768414+00:00 [queued]>
[2024-10-17T22:51:03.475+0000] {taskinstance.py:2612} INFO - Dependencies all met for dep_context=requeueable deps ti=<TaskInstance: post_s3.bash_task1 manual__2024-10-17T22:51:01.768414+00:00 [queued]>
[2024-10-17T22:51:03.476+0000] {taskinstance.py:2865} INFO - Starting attempt 1 of 1
[2024-10-17T22:51:03.520+0000] {taskinstance.py:2888} INFO - Executing <Task(BashOperator): bash_task1> on 2024-10-17 22:51:01.768414+00:00
[2024-10-17T22:51:03.530+0000] {warnings.py:112} WARNING - /home/***/.local/lib/python3.12/site-packages/***/task/task_runner/standard_task_runner.py:70: DeprecationWarning: This process (pid=2605) is multi-threaded, use of fork() may lead to deadlocks in the child.
  pid = os.fork()

[2024-10-17T22:51:03.533+0000] {standard_task_runner.py:72} INFO - Started process 2606 to run task
[2024-10-17T22:51:03.533+0000] {standard_task_runner.py:104} INFO - Running: ['***', 'tasks', 'run', 'post_s3', 'bash_task1', 'manual__2024-10-17T22:51:01.768414+00:00', '--job-id', '85', '--raw', '--subdir', 'DAGS_FOLDER/bas.py', '--cfg-path', '/tmp/tmpsziuxa9a']
[2024-10-17T22:51:03.535+0000] {standard_task_runner.py:105} INFO - Job 85: Subtask bash_task1
[2024-10-17T22:51:03.656+0000] {task_command.py:467} INFO - Running <TaskInstance: post_s3.bash_task1 manual__2024-10-17T22:51:01.768414+00:00 [running]> on host 1b4cad12ae67
[2024-10-17T22:51:03.795+0000] {taskinstance.py:3131} INFO - Exporting env vars: AIRFLOW_CTX_DAG_OWNER='proteate' AIRFLOW_CTX_DAG_ID='post_s3' AIRFLOW_CTX_TASK_ID='bash_task1' AIRFLOW_CTX_EXECUTION_DATE='2024-10-17T22:51:01.768414+00:00' AIRFLOW_CTX_TRY_NUMBER='1' AIRFLOW_CTX_DAG_RUN_ID='manual__2024-10-17T22:51:01.768414+00:00'
[2024-10-17T22:51:03.797+0000] {taskinstance.py:731} INFO - ::endgroup::
[2024-10-17T22:51:03.830+0000] {subprocess.py:63} INFO - Tmp dir root location: /tmp
[2024-10-17T22:51:03.832+0000] {subprocess.py:75} INFO - Running command: ['/usr/bin/bash', '-c', 'bash /opt/***/dags/wiki_log_file.sh ']
[2024-10-17T22:51:03.848+0000] {subprocess.py:86} INFO - Output:
[2024-10-17T22:51:03.930+0000] {subprocess.py:93} INFO - 19
[2024-10-17T22:51:03.937+0000] {subprocess.py:93} INFO - /opt/***/dags/wiki_log_file.sh: line 11: wget: command not found
[2024-10-17T22:51:03.945+0000] {subprocess.py:93} INFO - gzip: pageviews-20241017-190000.gz: No such file or directory
[2024-10-17T22:51:03.955+0000] {subprocess.py:93} INFO - grep: pageviews-20241017-190000: No such file or directory
[2024-10-17T22:51:03.961+0000] {subprocess.py:97} INFO - Command exited with return code 0
[2024-10-17T22:51:04.018+0000] {taskinstance.py:340} INFO - ::group::Post task execution logs
[2024-10-17T22:51:04.020+0000] {taskinstance.py:352} INFO - Marking task as SUCCESS. dag_id=post_s3, task_id=bash_task1, run_id=manual__2024-10-17T22:51:01.768414+00:00, execution_date=20241017T225101, start_date=20241017T225103, end_date=20241017T225104
[2024-10-17T22:51:04.072+0000] {local_task_job_runner.py:266} INFO - Task exited with return code 0
[2024-10-17T22:51:04.098+0000] {taskinstance.py:3900} INFO - 0 downstream tasks scheduled from follow-on schedule check
[2024-10-17T22:51:04.203+0000] {local_task_job_runner.py:245} INFO - ::endgroup::
