[2024-10-13T22:52:37.452+0000] {local_task_job_runner.py:123} INFO - ::group::Pre task execution logs
[2024-10-13T22:52:37.476+0000] {taskinstance.py:2612} INFO - Dependencies all met for dep_context=non-requeueable deps ti=<TaskInstance: adewunmi.execute_python_command manual__2024-10-13T22:41:57.200069+00:00 [queued]>
[2024-10-13T22:52:37.488+0000] {taskinstance.py:2612} INFO - Dependencies all met for dep_context=requeueable deps ti=<TaskInstance: adewunmi.execute_python_command manual__2024-10-13T22:41:57.200069+00:00 [queued]>
[2024-10-13T22:52:37.490+0000] {taskinstance.py:2865} INFO - Starting attempt 3 of 4
[2024-10-13T22:52:37.518+0000] {taskinstance.py:2888} INFO - Executing <Task(PythonOperator): execute_python_command> on 2024-10-13 22:41:57.200069+00:00
[2024-10-13T22:52:37.525+0000] {warnings.py:112} WARNING - /home/***/.local/lib/python3.12/site-packages/***/task/task_runner/standard_task_runner.py:70: DeprecationWarning: This process (pid=81) is multi-threaded, use of fork() may lead to deadlocks in the child.
  pid = os.fork()

[2024-10-13T22:52:37.528+0000] {standard_task_runner.py:72} INFO - Started process 82 to run task
[2024-10-13T22:52:37.528+0000] {standard_task_runner.py:104} INFO - Running: ['***', 'tasks', 'run', 'adewunmi', 'execute_python_command', 'manual__2024-10-13T22:41:57.200069+00:00', '--job-id', '5', '--raw', '--subdir', 'DAGS_FOLDER/email.py', '--cfg-path', '/tmp/tmplvrtq94s']
[2024-10-13T22:52:37.530+0000] {standard_task_runner.py:105} INFO - Job 5: Subtask execute_python_command
[2024-10-13T22:52:37.600+0000] {task_command.py:467} INFO - Running <TaskInstance: adewunmi.execute_python_command manual__2024-10-13T22:41:57.200069+00:00 [running]> on host 1b4cad12ae67
[2024-10-13T22:52:37.734+0000] {taskinstance.py:3131} INFO - Exporting env vars: AIRFLOW_CTX_DAG_OWNER='adewunmi' AIRFLOW_CTX_DAG_ID='adewunmi' AIRFLOW_CTX_TASK_ID='execute_python_command' AIRFLOW_CTX_EXECUTION_DATE='2024-10-13T22:41:57.200069+00:00' AIRFLOW_CTX_TRY_NUMBER='3' AIRFLOW_CTX_DAG_RUN_ID='manual__2024-10-13T22:41:57.200069+00:00'
[2024-10-13T22:52:37.736+0000] {taskinstance.py:731} INFO - ::endgroup::
[2024-10-13T22:52:37.787+0000] {logging_mixin.py:190} INFO - How are you?!
[2024-10-13T22:52:37.788+0000] {python.py:240} INFO - Done. Returned value was: None
[2024-10-13T22:52:37.800+0000] {taskinstance.py:340} INFO - ::group::Post task execution logs
[2024-10-13T22:52:37.801+0000] {taskinstance.py:352} INFO - Marking task as SUCCESS. dag_id=adewunmi, task_id=execute_python_command, run_id=manual__2024-10-13T22:41:57.200069+00:00, execution_date=20241013T224157, start_date=20241013T225237, end_date=20241013T225237
[2024-10-13T22:52:37.826+0000] {local_task_job_runner.py:266} INFO - Task exited with return code 0
[2024-10-13T22:52:37.859+0000] {taskinstance.py:3900} INFO - 1 downstream tasks scheduled from follow-on schedule check
[2024-10-13T22:52:37.863+0000] {local_task_job_runner.py:245} INFO - ::endgroup::
