[2024-10-19T17:14:28.774+0000] {local_task_job_runner.py:123} INFO - ::group::Pre task execution logs
[2024-10-19T17:14:28.798+0000] {taskinstance.py:2612} INFO - Dependencies all met for dep_context=non-requeueable deps ti=<TaskInstance: postgres_to_s3.bash_task2 manual__2024-10-19T16:59:43.927739+00:00 [queued]>
[2024-10-19T17:14:28.811+0000] {taskinstance.py:2612} INFO - Dependencies all met for dep_context=requeueable deps ti=<TaskInstance: postgres_to_s3.bash_task2 manual__2024-10-19T16:59:43.927739+00:00 [queued]>
[2024-10-19T17:14:28.811+0000] {taskinstance.py:2865} INFO - Starting attempt 1 of 1
[2024-10-19T17:14:28.838+0000] {taskinstance.py:2888} INFO - Executing <Task(BashOperator): bash_task2> on 2024-10-19 16:59:43.927739+00:00
[2024-10-19T17:14:28.847+0000] {warnings.py:112} WARNING - /home/***/.local/lib/python3.12/site-packages/***/task/task_runner/standard_task_runner.py:70: DeprecationWarning: This process (pid=1814) is multi-threaded, use of fork() may lead to deadlocks in the child.
  pid = os.fork()

[2024-10-19T17:14:28.850+0000] {standard_task_runner.py:72} INFO - Started process 1816 to run task
[2024-10-19T17:14:28.851+0000] {standard_task_runner.py:104} INFO - Running: ['***', 'tasks', 'run', 'postgres_to_s3', 'bash_task2', 'manual__2024-10-19T16:59:43.927739+00:00', '--job-id', '48', '--raw', '--subdir', 'DAGS_FOLDER/prod.py', '--cfg-path', '/tmp/tmpy1qplg85']
[2024-10-19T17:14:28.854+0000] {standard_task_runner.py:105} INFO - Job 48: Subtask bash_task2
[2024-10-19T17:14:28.918+0000] {task_command.py:467} INFO - Running <TaskInstance: postgres_to_s3.bash_task2 manual__2024-10-19T16:59:43.927739+00:00 [running]> on host 533638d20908
[2024-10-19T17:14:29.056+0000] {taskinstance.py:3131} INFO - Exporting env vars: AIRFLOW_CTX_DAG_OWNER='protectorate' AIRFLOW_CTX_DAG_ID='postgres_to_s3' AIRFLOW_CTX_TASK_ID='bash_task2' AIRFLOW_CTX_EXECUTION_DATE='2024-10-19T16:59:43.927739+00:00' AIRFLOW_CTX_TRY_NUMBER='1' AIRFLOW_CTX_DAG_RUN_ID='manual__2024-10-19T16:59:43.927739+00:00'
[2024-10-19T17:14:29.057+0000] {taskinstance.py:731} INFO - ::endgroup::
[2024-10-19T17:14:29.077+0000] {subprocess.py:63} INFO - Tmp dir root location: /tmp
[2024-10-19T17:14:29.079+0000] {subprocess.py:75} INFO - Running command: ['/usr/bin/bash', '-c', 'bash /opt/***/dags/csv_deletion.sh ']
[2024-10-19T17:14:29.098+0000] {subprocess.py:86} INFO - Output:
[2024-10-19T17:14:29.111+0000] {subprocess.py:93} INFO - file successfully deleted
[2024-10-19T17:14:29.115+0000] {subprocess.py:97} INFO - Command exited with return code 0
[2024-10-19T17:14:29.156+0000] {taskinstance.py:340} INFO - ::group::Post task execution logs
[2024-10-19T17:14:29.157+0000] {taskinstance.py:352} INFO - Marking task as SUCCESS. dag_id=postgres_to_s3, task_id=bash_task2, run_id=manual__2024-10-19T16:59:43.927739+00:00, execution_date=20241019T165943, start_date=20241019T171428, end_date=20241019T171429
[2024-10-19T17:14:29.226+0000] {local_task_job_runner.py:266} INFO - Task exited with return code 0
[2024-10-19T17:14:29.249+0000] {taskinstance.py:3900} INFO - 0 downstream tasks scheduled from follow-on schedule check
[2024-10-19T17:14:29.255+0000] {local_task_job_runner.py:245} INFO - ::endgroup::
