[2024-10-07T21:14:31.455+0000] {local_task_job_runner.py:123} INFO - ::group::Pre task execution logs
[2024-10-07T21:14:31.476+0000] {taskinstance.py:2612} INFO - Dependencies all met for dep_context=non-requeueable deps ti=<TaskInstance: compl_cssnowflake.load_to_s3 manual__2024-10-07T21:04:47.091503+00:00 [queued]>
[2024-10-07T21:14:31.489+0000] {taskinstance.py:2612} INFO - Dependencies all met for dep_context=requeueable deps ti=<TaskInstance: compl_cssnowflake.load_to_s3 manual__2024-10-07T21:04:47.091503+00:00 [queued]>
[2024-10-07T21:14:31.490+0000] {taskinstance.py:2865} INFO - Starting attempt 2 of 2
[2024-10-07T21:14:31.521+0000] {taskinstance.py:2888} INFO - Executing <Task(PythonOperator): load_to_s3> on 2024-10-07 21:04:47.091503+00:00
[2024-10-07T21:14:31.531+0000] {warnings.py:112} WARNING - /home/***/.local/lib/python3.12/site-packages/***/task/task_runner/standard_task_runner.py:70: DeprecationWarning: This process (pid=459) is multi-threaded, use of fork() may lead to deadlocks in the child.
  pid = os.fork()

[2024-10-07T21:14:31.533+0000] {standard_task_runner.py:104} INFO - Running: ['***', 'tasks', 'run', 'compl_cssnowflake', 'load_to_s3', 'manual__2024-10-07T21:04:47.091503+00:00', '--job-id', '89', '--raw', '--subdir', 'DAGS_FOLDER/school/ty.py', '--cfg-path', '/tmp/tmpq26d6tdu']
[2024-10-07T21:14:31.536+0000] {standard_task_runner.py:105} INFO - Job 89: Subtask load_to_s3
[2024-10-07T21:14:31.536+0000] {standard_task_runner.py:72} INFO - Started process 468 to run task
[2024-10-07T21:14:31.605+0000] {task_command.py:467} INFO - Running <TaskInstance: compl_cssnowflake.load_to_s3 manual__2024-10-07T21:04:47.091503+00:00 [running]> on host 67bc14123253
[2024-10-07T21:14:31.761+0000] {taskinstance.py:3131} INFO - Exporting env vars: AIRFLOW_CTX_DAG_OWNER='seylow' AIRFLOW_CTX_DAG_ID='compl_cssnowflake' AIRFLOW_CTX_TASK_ID='load_to_s3' AIRFLOW_CTX_EXECUTION_DATE='2024-10-07T21:04:47.091503+00:00' AIRFLOW_CTX_TRY_NUMBER='2' AIRFLOW_CTX_DAG_RUN_ID='manual__2024-10-07T21:04:47.091503+00:00'
[2024-10-07T21:14:31.763+0000] {logging_mixin.py:190} INFO - Task instance is in running state
[2024-10-07T21:14:31.764+0000] {logging_mixin.py:190} INFO -  Previous state of the Task instance: queued
[2024-10-07T21:14:31.765+0000] {logging_mixin.py:190} INFO - Current task name:load_to_s3 state:running start_date:2024-10-07 21:14:31.477423+00:00
[2024-10-07T21:14:31.765+0000] {logging_mixin.py:190} INFO - Dag name:compl_cssnowflake and current dag run status:running
[2024-10-07T21:14:31.766+0000] {taskinstance.py:731} INFO - ::endgroup::
[2024-10-07T21:14:31.822+0000] {base.py:84} INFO - Retrieving connection 'simple_store'
[2024-10-07T21:14:31.823+0000] {connection_wrapper.py:388} INFO - AWS Connection (conn_id='simple_store', conn_type='aws') credentials retrieved from login and password.
[2024-10-07T21:14:35.468+0000] {ty.py:66} INFO - Uploaded arts_class.csv to S3 successfully.
[2024-10-07T21:14:36.267+0000] {ty.py:66} INFO - Uploaded business_class.csv to S3 successfully.
[2024-10-07T21:14:36.899+0000] {ty.py:66} INFO - Uploaded science_class.csv to S3 successfully.
[2024-10-07T21:14:37.838+0000] {ty.py:66} INFO - Uploaded survey.csv to S3 successfully.
[2024-10-07T21:14:37.842+0000] {python.py:240} INFO - Done. Returned value was: None
[2024-10-07T21:14:37.865+0000] {taskinstance.py:340} INFO - ::group::Post task execution logs
[2024-10-07T21:14:37.866+0000] {taskinstance.py:352} INFO - Marking task as SUCCESS. dag_id=compl_cssnowflake, task_id=load_to_s3, run_id=manual__2024-10-07T21:04:47.091503+00:00, execution_date=20241007T210447, start_date=20241007T211431, end_date=20241007T211437
[2024-10-07T21:14:37.910+0000] {logging_mixin.py:190} INFO - Task instance in success state
[2024-10-07T21:14:37.912+0000] {logging_mixin.py:190} INFO -  Previous state of the Task instance: running
[2024-10-07T21:14:37.914+0000] {logging_mixin.py:190} INFO - Dag name:compl_cssnowflake queued_at:2024-10-07 21:14:22.889426+00:00
[2024-10-07T21:14:37.915+0000] {logging_mixin.py:190} INFO - Task hostname:67bc14123253 operator:PythonOperator
[2024-10-07T21:14:37.974+0000] {local_task_job_runner.py:266} INFO - Task exited with return code 0
[2024-10-07T21:14:37.990+0000] {warnings.py:112} WARNING - /home/***/.local/lib/python3.12/site-packages/***/models/baseoperator.py:1378: AirflowProviderDeprecationWarning: Call to deprecated class SnowflakeOperator. (This class is deprecated. Please use `***.providers.common.sql.operators.sql.SQLExecuteQueryOperator`. Also, you can provide `hook_params={'warehouse': <warehouse>, 'database': <database>, 'role': <role>, 'schema': <schema>, 'authenticator': <authenticator>,'session_parameters': <session_parameters>}`.)
  result = cls.__new__(cls)

[2024-10-07T21:14:38.013+0000] {taskinstance.py:3900} INFO - 1 downstream tasks scheduled from follow-on schedule check
[2024-10-07T21:14:38.029+0000] {local_task_job_runner.py:245} INFO - ::endgroup::
