[2024-11-02T13:24:11.850+0000] {local_task_job_runner.py:123} INFO - ::group::Pre task execution logs
[2024-11-02T13:24:11.875+0000] {taskinstance.py:2612} INFO - Dependencies all met for dep_context=non-requeueable deps ti=<TaskInstance: tem.bash_task manual__2024-11-02T13:24:10.181799+00:00 [queued]>
[2024-11-02T13:24:11.894+0000] {taskinstance.py:2612} INFO - Dependencies all met for dep_context=requeueable deps ti=<TaskInstance: tem.bash_task manual__2024-11-02T13:24:10.181799+00:00 [queued]>
[2024-11-02T13:24:11.894+0000] {taskinstance.py:2865} INFO - Starting attempt 1 of 3
[2024-11-02T13:24:11.917+0000] {taskinstance.py:2888} INFO - Executing <Task(BashOperator): bash_task> on 2024-11-02 13:24:10.181799+00:00
[2024-11-02T13:24:11.924+0000] {warnings.py:112} WARNING - /home/***/.local/lib/python3.12/site-packages/***/task/task_runner/standard_task_runner.py:70: DeprecationWarning: This process (pid=335) is multi-threaded, use of fork() may lead to deadlocks in the child.
  pid = os.fork()

[2024-11-02T13:24:11.926+0000] {standard_task_runner.py:72} INFO - Started process 336 to run task
[2024-11-02T13:24:11.926+0000] {standard_task_runner.py:104} INFO - Running: ['***', 'tasks', 'run', 'tem', 'bash_task', 'manual__2024-11-02T13:24:10.181799+00:00', '--job-id', '9', '--raw', '--subdir', 'DAGS_FOLDER/templatin/template.py', '--cfg-path', '/tmp/tmpnuov2w7a']
[2024-11-02T13:24:11.928+0000] {standard_task_runner.py:105} INFO - Job 9: Subtask bash_task
[2024-11-02T13:24:11.988+0000] {task_command.py:467} INFO - Running <TaskInstance: tem.bash_task manual__2024-11-02T13:24:10.181799+00:00 [running]> on host fe3e688f2b29
[2024-11-02T13:24:12.095+0000] {taskinstance.py:3131} INFO - Exporting env vars: AIRFLOW_CTX_DAG_OWNER='ade' AIRFLOW_CTX_DAG_ID='tem' AIRFLOW_CTX_TASK_ID='bash_task' AIRFLOW_CTX_EXECUTION_DATE='2024-11-02T13:24:10.181799+00:00' AIRFLOW_CTX_TRY_NUMBER='1' AIRFLOW_CTX_DAG_RUN_ID='manual__2024-11-02T13:24:10.181799+00:00'
[2024-11-02T13:24:12.096+0000] {taskinstance.py:731} INFO - ::endgroup::
[2024-11-02T13:24:12.115+0000] {subprocess.py:63} INFO - Tmp dir root location: /tmp
[2024-11-02T13:24:12.116+0000] {subprocess.py:75} INFO - Running command: ['/usr/bin/bash', '-c', 'echo "2024"']
[2024-11-02T13:24:12.127+0000] {subprocess.py:86} INFO - Output:
[2024-11-02T13:24:12.128+0000] {subprocess.py:93} INFO - 2024
[2024-11-02T13:24:12.129+0000] {subprocess.py:97} INFO - Command exited with return code 0
[2024-11-02T13:24:12.161+0000] {taskinstance.py:340} INFO - ::group::Post task execution logs
[2024-11-02T13:24:12.162+0000] {taskinstance.py:352} INFO - Marking task as SUCCESS. dag_id=tem, task_id=bash_task, run_id=manual__2024-11-02T13:24:10.181799+00:00, execution_date=20241102T132410, start_date=20241102T132411, end_date=20241102T132412
[2024-11-02T13:24:12.222+0000] {local_task_job_runner.py:266} INFO - Task exited with return code 0
[2024-11-02T13:24:12.242+0000] {taskinstance.py:3900} INFO - 0 downstream tasks scheduled from follow-on schedule check
[2024-11-02T13:24:12.246+0000] {local_task_job_runner.py:245} INFO - ::endgroup::
