[2024-10-07T15:37:27.272+0000] {local_task_job_runner.py:123} INFO - ::group::Pre task execution logs
[2024-10-07T15:37:27.479+0000] {taskinstance.py:2612} INFO - Dependencies all met for dep_context=non-requeueable deps ti=<TaskInstance: multiple_csv_to_s3.load_csv manual__2024-10-07T15:37:22.142236+00:00 [queued]>
[2024-10-07T15:37:27.555+0000] {taskinstance.py:2612} INFO - Dependencies all met for dep_context=requeueable deps ti=<TaskInstance: multiple_csv_to_s3.load_csv manual__2024-10-07T15:37:22.142236+00:00 [queued]>
[2024-10-07T15:37:27.569+0000] {taskinstance.py:2865} INFO - Starting attempt 1 of 1
[2024-10-07T15:37:27.664+0000] {taskinstance.py:2888} INFO - Executing <Task(PythonOperator): load_csv> on 2024-10-07 15:37:22.142236+00:00
[2024-10-07T15:37:27.705+0000] {warnings.py:112} WARNING - /home/***/.local/lib/python3.12/site-packages/***/task/task_runner/standard_task_runner.py:70: DeprecationWarning: This process (pid=1503) is multi-threaded, use of fork() may lead to deadlocks in the child.
  pid = os.fork()

[2024-10-07T15:37:27.707+0000] {standard_task_runner.py:104} INFO - Running: ['***', 'tasks', 'run', 'multiple_csv_to_s3', 'load_csv', 'manual__2024-10-07T15:37:22.142236+00:00', '--job-id', '27', '--raw', '--subdir', 'DAGS_FOLDER/school/student.py', '--cfg-path', '/tmp/tmp_s0nzr5p']
[2024-10-07T15:37:27.713+0000] {standard_task_runner.py:72} INFO - Started process 1505 to run task
[2024-10-07T15:37:27.714+0000] {standard_task_runner.py:105} INFO - Job 27: Subtask load_csv
[2024-10-07T15:37:28.027+0000] {task_command.py:467} INFO - Running <TaskInstance: multiple_csv_to_s3.load_csv manual__2024-10-07T15:37:22.142236+00:00 [running]> on host 67bc14123253
[2024-10-07T15:37:28.466+0000] {taskinstance.py:3131} INFO - Exporting env vars: AIRFLOW_CTX_DAG_OWNER='***' AIRFLOW_CTX_DAG_ID='multiple_csv_to_s3' AIRFLOW_CTX_TASK_ID='load_csv' AIRFLOW_CTX_EXECUTION_DATE='2024-10-07T15:37:22.142236+00:00' AIRFLOW_CTX_TRY_NUMBER='1' AIRFLOW_CTX_DAG_RUN_ID='manual__2024-10-07T15:37:22.142236+00:00'
[2024-10-07T15:37:28.473+0000] {logging_mixin.py:190} INFO - Task instance is in running state
[2024-10-07T15:37:28.474+0000] {logging_mixin.py:190} INFO -  Previous state of the Task instance: queued
[2024-10-07T15:37:28.476+0000] {logging_mixin.py:190} INFO - Current task name:load_csv state:running start_date:2024-10-07 15:37:27.486580+00:00
[2024-10-07T15:37:28.487+0000] {logging_mixin.py:190} INFO - Dag name:multiple_csv_to_s3 and current dag run status:running
[2024-10-07T15:37:28.493+0000] {taskinstance.py:731} INFO - ::endgroup::
[2024-10-07T15:37:28.844+0000] {python.py:240} INFO - Done. Returned value was: None
[2024-10-07T15:37:28.940+0000] {taskinstance.py:340} INFO - ::group::Post task execution logs
[2024-10-07T15:37:28.941+0000] {taskinstance.py:352} INFO - Marking task as SUCCESS. dag_id=multiple_csv_to_s3, task_id=load_csv, run_id=manual__2024-10-07T15:37:22.142236+00:00, execution_date=20241007T153722, start_date=20241007T153727, end_date=20241007T153728
[2024-10-07T15:37:28.976+0000] {logging_mixin.py:190} INFO - Task instance in success state
[2024-10-07T15:37:28.978+0000] {logging_mixin.py:190} INFO -  Previous state of the Task instance: running
[2024-10-07T15:37:28.979+0000] {logging_mixin.py:190} INFO - Dag name:multiple_csv_to_s3 queued_at:2024-10-07 15:37:22.179634+00:00
[2024-10-07T15:37:28.980+0000] {logging_mixin.py:190} INFO - Task hostname:67bc14123253 operator:PythonOperator
[2024-10-07T15:37:29.047+0000] {local_task_job_runner.py:266} INFO - Task exited with return code 0
[2024-10-07T15:37:29.133+0000] {local_task_job_runner.py:245} INFO - ::endgroup::
