[2024-11-20T23:45:04.832+0000] {local_task_job_runner.py:123} INFO - ::group::Pre task execution logs
[2024-11-20T23:45:04.852+0000] {taskinstance.py:2612} INFO - Dependencies all met for dep_context=non-requeueable deps ti=<TaskInstance: capstone.table_tansformation manual__2024-11-20T23:36:46.718095+00:00 [queued]>
[2024-11-20T23:45:04.863+0000] {taskinstance.py:2612} INFO - Dependencies all met for dep_context=requeueable deps ti=<TaskInstance: capstone.table_tansformation manual__2024-11-20T23:36:46.718095+00:00 [queued]>
[2024-11-20T23:45:04.864+0000] {taskinstance.py:2865} INFO - Starting attempt 2 of 4
[2024-11-20T23:45:04.898+0000] {taskinstance.py:2888} INFO - Executing <Task(PythonOperator): table_tansformation> on 2024-11-20 23:36:46.718095+00:00
[2024-11-20T23:45:04.908+0000] {warnings.py:112} WARNING - /home/***/.local/lib/python3.12/site-packages/***/task/task_runner/standard_task_runner.py:70: DeprecationWarning: This process (pid=359) is multi-threaded, use of fork() may lead to deadlocks in the child.
  pid = os.fork()

[2024-11-20T23:45:04.911+0000] {standard_task_runner.py:72} INFO - Started process 361 to run task
[2024-11-20T23:45:04.911+0000] {standard_task_runner.py:104} INFO - Running: ['***', 'tasks', 'run', 'capstone', 'table_tansformation', 'manual__2024-11-20T23:36:46.718095+00:00', '--job-id', '94', '--raw', '--subdir', 'DAGS_FOLDER/capstone_***/country.py', '--cfg-path', '/tmp/tmpdzizkwsv']
[2024-11-20T23:45:04.915+0000] {standard_task_runner.py:105} INFO - Job 94: Subtask table_tansformation
[2024-11-20T23:45:04.981+0000] {task_command.py:467} INFO - Running <TaskInstance: capstone.table_tansformation manual__2024-11-20T23:36:46.718095+00:00 [running]> on host e9fd75a7ea89
[2024-11-20T23:45:05.107+0000] {taskinstance.py:3131} INFO - Exporting env vars: AIRFLOW_CTX_DAG_OWNER='adewunmi' AIRFLOW_CTX_DAG_ID='capstone' AIRFLOW_CTX_TASK_ID='table_tansformation' AIRFLOW_CTX_EXECUTION_DATE='2024-11-20T23:36:46.718095+00:00' AIRFLOW_CTX_TRY_NUMBER='2' AIRFLOW_CTX_DAG_RUN_ID='manual__2024-11-20T23:36:46.718095+00:00'
[2024-11-20T23:45:05.109+0000] {taskinstance.py:731} INFO - ::endgroup::
[2024-11-20T23:45:05.126+0000] {capstone_function.py:398} INFO - Starting table transformation process.
[2024-11-20T23:45:05.126+0000] {capstone_function.py:356} INFO - Starting the table joining process.
[2024-11-20T23:45:05.127+0000] {capstone_function.py:128} INFO - Starting column selection process.
[2024-11-20T23:45:16.809+0000] {capstone_function.py:110} INFO - Successfully read Parquet file from S3.
[2024-11-20T23:45:16.811+0000] {capstone_function.py:138} INFO - Data loaded successfully from S3.
[2024-11-20T23:45:16.816+0000] {capstone_function.py:161} INFO - Column selection completed successfully.
[2024-11-20T23:45:16.821+0000] {capstone_function.py:175} INFO - Starting currency extraction process.
[2024-11-20T23:45:50.304+0000] {capstone_function.py:110} INFO - Successfully read Parquet file from S3.
[2024-11-20T23:45:50.306+0000] {capstone_function.py:185} INFO - Data loaded successfully from S3.
[2024-11-20T23:45:50.307+0000] {capstone_function.py:193} INFO - Filtering currency symbol columns and joining with country names.
[2024-11-20T23:45:50.355+0000] {capstone_function.py:201} INFO - Melting the data to extract currency codes and symbols.
[2024-11-20T23:45:50.393+0000] {capstone_function.py:209} INFO - Removing rows with null currency symbols.
[2024-11-20T23:45:50.435+0000] {capstone_function.py:215} INFO - Cleaning up currency codes.
[2024-11-20T23:45:50.438+0000] {capstone_function.py:219} INFO - Grouping by country & aggregating by symbols and codes.
[2024-11-20T23:45:50.488+0000] {capstone_function.py:231} INFO - Currency extraction completed successfully.
[2024-11-20T23:45:50.495+0000] {capstone_function.py:245} INFO - Starting currency name extraction process.
[2024-11-20T23:45:58.009+0000] {capstone_function.py:110} INFO - Successfully read Parquet file from S3.
[2024-11-20T23:45:58.011+0000] {capstone_function.py:255} INFO - Data loaded successfully from S3.
[2024-11-20T23:45:58.012+0000] {capstone_function.py:258} INFO - Filtering country names and currency name columns.
[2024-11-20T23:45:58.049+0000] {capstone_function.py:264} INFO - Melting data to extract currency names.
[2024-11-20T23:45:58.083+0000] {capstone_function.py:270} INFO - Removing rows with null currency names.
[2024-11-20T23:45:58.130+0000] {capstone_function.py:279} INFO - Grouping by country and aggregating currency names.
[2024-11-20T23:45:58.166+0000] {capstone_function.py:286} INFO - Currency name extraction completed successfully.
[2024-11-20T23:45:58.179+0000] {capstone_function.py:301} INFO - Starting language extraction process.
[2024-11-20T23:46:02.891+0000] {capstone_function.py:110} INFO - Successfully read Parquet file from S3.
[2024-11-20T23:46:02.894+0000] {capstone_function.py:311} INFO - Data loaded successfully from S3.
[2024-11-20T23:46:02.894+0000] {capstone_function.py:314} INFO - Filtering country names and language columns.
[2024-11-20T23:46:02.939+0000] {capstone_function.py:320} INFO - Melting data to extract languages.
[2024-11-20T23:46:02.980+0000] {capstone_function.py:325} INFO - Removing rows with null language values.
[2024-11-20T23:46:03.032+0000] {capstone_function.py:334} INFO - Grouping by country and aggregating languages.
[2024-11-20T23:46:03.089+0000] {capstone_function.py:341} INFO - Language extraction completed successfully.
[2024-11-20T23:46:03.098+0000] {capstone_function.py:365} INFO - Joining tables.
[2024-11-20T23:46:03.123+0000] {capstone_function.py:378} INFO - Tables joined successfully.
[2024-11-20T23:46:03.124+0000] {capstone_function.py:407} INFO - Data joined successfully for transformation.
[2024-11-20T23:46:03.161+0000] {capstone_function.py:420} INFO - Column continents transformed successfully.
[2024-11-20T23:46:03.224+0000] {capstone_function.py:420} INFO - Column idd.suffixes transformed successfully.
[2024-11-20T23:46:03.248+0000] {capstone_function.py:420} INFO - Column capital transformed successfully.
[2024-11-20T23:46:03.251+0000] {capstone_function.py:432} INFO - 'country_code' column created successfully.
[2024-11-20T23:46:03.255+0000] {capstone_function.py:442} INFO - Unnecessary columns dropped successfully.
[2024-11-20T23:46:03.256+0000] {python.py:240} INFO - Done. Returned value was:      independent  ...     country_code
0           True  ...              +93
1           True  ...             +355
2           True  ...             +213
3          False  ...            +1684
4           True  ...             +376
..           ...  ...              ...
244        False  ...  +2125288 125289
245         True  ...             +967
246         True  ...             +260
247         True  ...             +263
248        False  ...           +35818

[249 rows x 17 columns]
[2024-11-20T23:46:03.445+0000] {taskinstance.py:340} INFO - ::group::Post task execution logs
[2024-11-20T23:46:03.446+0000] {taskinstance.py:352} INFO - Marking task as SUCCESS. dag_id=capstone, task_id=table_tansformation, run_id=manual__2024-11-20T23:36:46.718095+00:00, execution_date=20241120T233646, start_date=20241120T234504, end_date=20241120T234603
[2024-11-20T23:46:03.512+0000] {local_task_job_runner.py:266} INFO - Task exited with return code 0
[2024-11-20T23:46:03.550+0000] {taskinstance.py:3900} INFO - 1 downstream tasks scheduled from follow-on schedule check
[2024-11-20T23:46:03.562+0000] {local_task_job_runner.py:245} INFO - ::endgroup::
