[2024-10-19T15:23:44.835+0000] {local_task_job_runner.py:123} INFO - ::group::Pre task execution logs
[2024-10-19T15:23:44.908+0000] {taskinstance.py:2612} INFO - Dependencies all met for dep_context=non-requeueable deps ti=<TaskInstance: postgres_to_s3.bash_task1 manual__2024-10-19T15:21:45.681062+00:00 [queued]>
[2024-10-19T15:23:44.951+0000] {taskinstance.py:2612} INFO - Dependencies all met for dep_context=requeueable deps ti=<TaskInstance: postgres_to_s3.bash_task1 manual__2024-10-19T15:21:45.681062+00:00 [queued]>
[2024-10-19T15:23:44.953+0000] {taskinstance.py:2865} INFO - Starting attempt 2 of 2
[2024-10-19T15:23:45.000+0000] {taskinstance.py:2888} INFO - Executing <Task(BashOperator): bash_task1> on 2024-10-19 15:21:45.681062+00:00
[2024-10-19T15:23:45.013+0000] {warnings.py:112} WARNING - /home/***/.local/lib/python3.12/site-packages/***/task/task_runner/standard_task_runner.py:70: DeprecationWarning: This process (pid=181) is multi-threaded, use of fork() may lead to deadlocks in the child.
  pid = os.fork()

[2024-10-19T15:23:45.020+0000] {standard_task_runner.py:72} INFO - Started process 183 to run task
[2024-10-19T15:23:45.017+0000] {standard_task_runner.py:104} INFO - Running: ['***', 'tasks', 'run', 'postgres_to_s3', 'bash_task1', 'manual__2024-10-19T15:21:45.681062+00:00', '--job-id', '8', '--raw', '--subdir', 'DAGS_FOLDER/prod.py', '--cfg-path', '/tmp/tmp1ss0nrk8']
[2024-10-19T15:23:45.021+0000] {standard_task_runner.py:105} INFO - Job 8: Subtask bash_task1
[2024-10-19T15:23:45.089+0000] {task_command.py:467} INFO - Running <TaskInstance: postgres_to_s3.bash_task1 manual__2024-10-19T15:21:45.681062+00:00 [running]> on host 533638d20908
[2024-10-19T15:23:45.471+0000] {taskinstance.py:3131} INFO - Exporting env vars: AIRFLOW_CTX_DAG_OWNER='protectorate' AIRFLOW_CTX_DAG_ID='postgres_to_s3' AIRFLOW_CTX_TASK_ID='bash_task1' AIRFLOW_CTX_EXECUTION_DATE='2024-10-19T15:21:45.681062+00:00' AIRFLOW_CTX_TRY_NUMBER='2' AIRFLOW_CTX_DAG_RUN_ID='manual__2024-10-19T15:21:45.681062+00:00'
[2024-10-19T15:23:45.473+0000] {taskinstance.py:731} INFO - ::endgroup::
[2024-10-19T15:23:45.491+0000] {subprocess.py:63} INFO - Tmp dir root location: /tmp
[2024-10-19T15:23:45.493+0000] {subprocess.py:75} INFO - Running command: ['/usr/bin/bash', '-c', 'bash /opt/***/dags/wiki_log_file.sh ']
[2024-10-19T15:23:45.507+0000] {subprocess.py:86} INFO - Output:
[2024-10-19T15:23:45.538+0000] {subprocess.py:93} INFO - 12
[2024-10-19T15:23:45.539+0000] {subprocess.py:93} INFO - /opt/***/dags/wiki_log_file.sh: line 11: wget: command not found
[2024-10-19T15:23:45.545+0000] {subprocess.py:93} INFO - gzip: pageviews-20241019-120000.gz: No such file or directory
[2024-10-19T15:23:45.553+0000] {subprocess.py:93} INFO - grep: pageviews-20241019-120000: No such file or directory
[2024-10-19T15:23:45.557+0000] {subprocess.py:97} INFO - Command exited with return code 0
[2024-10-19T15:23:45.601+0000] {taskinstance.py:340} INFO - ::group::Post task execution logs
[2024-10-19T15:23:45.601+0000] {taskinstance.py:352} INFO - Marking task as SUCCESS. dag_id=postgres_to_s3, task_id=bash_task1, run_id=manual__2024-10-19T15:21:45.681062+00:00, execution_date=20241019T152145, start_date=20241019T152344, end_date=20241019T152345
[2024-10-19T15:23:45.643+0000] {local_task_job_runner.py:266} INFO - Task exited with return code 0
[2024-10-19T15:23:45.680+0000] {taskinstance.py:3900} INFO - 1 downstream tasks scheduled from follow-on schedule check
[2024-10-19T15:23:45.687+0000] {local_task_job_runner.py:245} INFO - ::endgroup::
