[2024-10-19T15:25:22.777+0000] {local_task_job_runner.py:123} INFO - ::group::Pre task execution logs
[2024-10-19T15:25:22.809+0000] {taskinstance.py:2612} INFO - Dependencies all met for dep_context=non-requeueable deps ti=<TaskInstance: postgres_to_s3.bash_task1 manual__2024-10-19T15:21:45.681062+00:00 [queued]>
[2024-10-19T15:25:22.828+0000] {taskinstance.py:2612} INFO - Dependencies all met for dep_context=requeueable deps ti=<TaskInstance: postgres_to_s3.bash_task1 manual__2024-10-19T15:21:45.681062+00:00 [queued]>
[2024-10-19T15:25:22.829+0000] {taskinstance.py:2865} INFO - Starting attempt 3 of 3
[2024-10-19T15:25:22.861+0000] {taskinstance.py:2888} INFO - Executing <Task(BashOperator): bash_task1> on 2024-10-19 15:21:45.681062+00:00
[2024-10-19T15:25:22.876+0000] {warnings.py:112} WARNING - /home/***/.local/lib/python3.12/site-packages/***/task/task_runner/standard_task_runner.py:70: DeprecationWarning: This process (pid=225) is multi-threaded, use of fork() may lead to deadlocks in the child.
  pid = os.fork()

[2024-10-19T15:25:22.888+0000] {standard_task_runner.py:72} INFO - Started process 227 to run task
[2024-10-19T15:25:22.880+0000] {standard_task_runner.py:104} INFO - Running: ['***', 'tasks', 'run', 'postgres_to_s3', 'bash_task1', 'manual__2024-10-19T15:21:45.681062+00:00', '--job-id', '11', '--raw', '--subdir', 'DAGS_FOLDER/prod.py', '--cfg-path', '/tmp/tmpqprwxi8n']
[2024-10-19T15:25:22.895+0000] {standard_task_runner.py:105} INFO - Job 11: Subtask bash_task1
[2024-10-19T15:25:23.026+0000] {task_command.py:467} INFO - Running <TaskInstance: postgres_to_s3.bash_task1 manual__2024-10-19T15:21:45.681062+00:00 [running]> on host 533638d20908
[2024-10-19T15:25:23.825+0000] {taskinstance.py:3131} INFO - Exporting env vars: AIRFLOW_CTX_DAG_OWNER='protectorate' AIRFLOW_CTX_DAG_ID='postgres_to_s3' AIRFLOW_CTX_TASK_ID='bash_task1' AIRFLOW_CTX_EXECUTION_DATE='2024-10-19T15:21:45.681062+00:00' AIRFLOW_CTX_TRY_NUMBER='3' AIRFLOW_CTX_DAG_RUN_ID='manual__2024-10-19T15:21:45.681062+00:00'
[2024-10-19T15:25:23.832+0000] {taskinstance.py:731} INFO - ::endgroup::
[2024-10-19T15:25:23.871+0000] {subprocess.py:63} INFO - Tmp dir root location: /tmp
[2024-10-19T15:25:23.874+0000] {subprocess.py:75} INFO - Running command: ['/usr/bin/bash', '-c', 'bash /opt/***/dags/wiki_log_file.sh ']
[2024-10-19T15:25:23.903+0000] {subprocess.py:86} INFO - Output:
[2024-10-19T15:25:23.944+0000] {subprocess.py:93} INFO - 12
[2024-10-19T15:25:23.946+0000] {subprocess.py:93} INFO - /opt/***/dags/wiki_log_file.sh: line 11: wget: command not found
[2024-10-19T15:25:23.953+0000] {subprocess.py:93} INFO - gzip: pageviews-20241019-120000.gz: No such file or directory
[2024-10-19T15:25:23.983+0000] {subprocess.py:93} INFO - grep: pageviews-20241019-120000: No such file or directory
[2024-10-19T15:25:23.994+0000] {subprocess.py:97} INFO - Command exited with return code 0
[2024-10-19T15:25:24.056+0000] {taskinstance.py:340} INFO - ::group::Post task execution logs
[2024-10-19T15:25:24.058+0000] {taskinstance.py:352} INFO - Marking task as SUCCESS. dag_id=postgres_to_s3, task_id=bash_task1, run_id=manual__2024-10-19T15:21:45.681062+00:00, execution_date=20241019T152145, start_date=20241019T152522, end_date=20241019T152524
[2024-10-19T15:25:24.122+0000] {local_task_job_runner.py:266} INFO - Task exited with return code 0
[2024-10-19T15:25:24.166+0000] {taskinstance.py:3900} INFO - 1 downstream tasks scheduled from follow-on schedule check
[2024-10-19T15:25:24.174+0000] {local_task_job_runner.py:245} INFO - ::endgroup::
