[2024-11-20T23:36:52.144+0000] {local_task_job_runner.py:123} INFO - ::group::Pre task execution logs
[2024-11-20T23:36:52.173+0000] {taskinstance.py:2612} INFO - Dependencies all met for dep_context=non-requeueable deps ti=<TaskInstance: capstone.get_request_api manual__2024-11-20T23:36:46.718095+00:00 [queued]>
[2024-11-20T23:36:52.186+0000] {taskinstance.py:2612} INFO - Dependencies all met for dep_context=requeueable deps ti=<TaskInstance: capstone.get_request_api manual__2024-11-20T23:36:46.718095+00:00 [queued]>
[2024-11-20T23:36:52.187+0000] {taskinstance.py:2865} INFO - Starting attempt 1 of 3
[2024-11-20T23:36:52.227+0000] {taskinstance.py:2888} INFO - Executing <Task(PythonOperator): get_request_api> on 2024-11-20 23:36:46.718095+00:00
[2024-11-20T23:36:52.240+0000] {warnings.py:112} WARNING - /home/***/.local/lib/python3.12/site-packages/***/task/task_runner/standard_task_runner.py:70: DeprecationWarning: This process (pid=178) is multi-threaded, use of fork() may lead to deadlocks in the child.
  pid = os.fork()

[2024-11-20T23:36:52.245+0000] {standard_task_runner.py:72} INFO - Started process 180 to run task
[2024-11-20T23:36:52.245+0000] {standard_task_runner.py:104} INFO - Running: ['***', 'tasks', 'run', 'capstone', 'get_request_api', 'manual__2024-11-20T23:36:46.718095+00:00', '--job-id', '81', '--raw', '--subdir', 'DAGS_FOLDER/capstone_***/country.py', '--cfg-path', '/tmp/tmpt4g9bumd']
[2024-11-20T23:36:52.250+0000] {standard_task_runner.py:105} INFO - Job 81: Subtask get_request_api
[2024-11-20T23:36:52.328+0000] {task_command.py:467} INFO - Running <TaskInstance: capstone.get_request_api manual__2024-11-20T23:36:46.718095+00:00 [running]> on host e9fd75a7ea89
[2024-11-20T23:36:52.492+0000] {taskinstance.py:3131} INFO - Exporting env vars: AIRFLOW_CTX_DAG_OWNER='adewunmi' AIRFLOW_CTX_DAG_ID='capstone' AIRFLOW_CTX_TASK_ID='get_request_api' AIRFLOW_CTX_EXECUTION_DATE='2024-11-20T23:36:46.718095+00:00' AIRFLOW_CTX_TRY_NUMBER='1' AIRFLOW_CTX_DAG_RUN_ID='manual__2024-11-20T23:36:46.718095+00:00'
[2024-11-20T23:36:52.494+0000] {taskinstance.py:731} INFO - ::endgroup::
[2024-11-20T23:36:52.519+0000] {capstone_function.py:21} INFO - GET request initiating
[2024-11-20T23:36:56.331+0000] {capstone_function.py:26} INFO - API request connection is okay
[2024-11-20T23:36:56.527+0000] {capstone_function.py:32} INFO - Response data received successfully
[2024-11-20T23:36:56.531+0000] {python.py:240} INFO - Done. Returned value was:        tld cca2  ... currencies.NIO.name currencies.NIO.symbol
0    [.gs]   GS  ...                 NaN                   NaN
1    [.gd]   GD  ...                 NaN                   NaN
2    [.ch]   CH  ...                 NaN                   NaN
3    [.sl]   SL  ...                 NaN                   NaN
4    [.hu]   HU  ...                 NaN                   NaN
..     ...  ...  ...                 ...                   ...
245  [.be]   BE  ...                 NaN                   NaN
246  [.il]   IL  ...                 NaN                   NaN
247  [.nz]   NZ  ...                 NaN                   NaN
248  [.ni]   NI  ...  Nicaraguan córdoba                    C$
249  [.ai]   AI  ...                 NaN                   NaN

[250 rows x 896 columns]
[2024-11-20T23:36:57.507+0000] {taskinstance.py:340} INFO - ::group::Post task execution logs
[2024-11-20T23:36:57.508+0000] {taskinstance.py:352} INFO - Marking task as SUCCESS. dag_id=capstone, task_id=get_request_api, run_id=manual__2024-11-20T23:36:46.718095+00:00, execution_date=20241120T233646, start_date=20241120T233652, end_date=20241120T233657
[2024-11-20T23:36:57.597+0000] {local_task_job_runner.py:266} INFO - Task exited with return code 0
[2024-11-20T23:36:57.640+0000] {taskinstance.py:3900} INFO - 1 downstream tasks scheduled from follow-on schedule check
[2024-11-20T23:36:57.645+0000] {local_task_job_runner.py:245} INFO - ::endgroup::
