[2024-11-17T23:03:22.611+0000] {local_task_job_runner.py:123} INFO - ::group::Pre task execution logs
[2024-11-17T23:03:22.637+0000] {taskinstance.py:2612} INFO - Dependencies all met for dep_context=non-requeueable deps ti=<TaskInstance: capstone.tables_joining manual__2024-11-17T23:02:43.915987+00:00 [queued]>
[2024-11-17T23:03:22.655+0000] {taskinstance.py:2612} INFO - Dependencies all met for dep_context=requeueable deps ti=<TaskInstance: capstone.tables_joining manual__2024-11-17T23:02:43.915987+00:00 [queued]>
[2024-11-17T23:03:22.656+0000] {taskinstance.py:2865} INFO - Starting attempt 1 of 3
[2024-11-17T23:03:22.697+0000] {taskinstance.py:2888} INFO - Executing <Task(PythonOperator): tables_joining> on 2024-11-17 23:02:43.915987+00:00
[2024-11-17T23:03:22.709+0000] {warnings.py:112} WARNING - /home/***/.local/lib/python3.12/site-packages/***/task/task_runner/standard_task_runner.py:70: DeprecationWarning: This process (pid=1243) is multi-threaded, use of fork() may lead to deadlocks in the child.
  pid = os.fork()

[2024-11-17T23:03:22.716+0000] {standard_task_runner.py:72} INFO - Started process 1245 to run task
[2024-11-17T23:03:22.713+0000] {standard_task_runner.py:104} INFO - Running: ['***', 'tasks', 'run', 'capstone', 'tables_joining', 'manual__2024-11-17T23:02:43.915987+00:00', '--job-id', '31', '--raw', '--subdir', 'DAGS_FOLDER/country.py', '--cfg-path', '/tmp/tmptto_bphf']
[2024-11-17T23:03:22.717+0000] {standard_task_runner.py:105} INFO - Job 31: Subtask tables_joining
[2024-11-17T23:03:22.813+0000] {task_command.py:467} INFO - Running <TaskInstance: capstone.tables_joining manual__2024-11-17T23:02:43.915987+00:00 [running]> on host ea8ac57aed30
[2024-11-17T23:03:22.955+0000] {taskinstance.py:3131} INFO - Exporting env vars: AIRFLOW_CTX_DAG_OWNER='adewunmi' AIRFLOW_CTX_DAG_ID='capstone' AIRFLOW_CTX_TASK_ID='tables_joining' AIRFLOW_CTX_EXECUTION_DATE='2024-11-17T23:02:43.915987+00:00' AIRFLOW_CTX_TRY_NUMBER='1' AIRFLOW_CTX_DAG_RUN_ID='manual__2024-11-17T23:02:43.915987+00:00'
[2024-11-17T23:03:22.957+0000] {taskinstance.py:731} INFO - ::endgroup::
[2024-11-17T23:03:22.976+0000] {cap.py:326} INFO - Starting the table joining process.
[2024-11-17T23:03:22.977+0000] {cap.py:135} INFO - Starting column selection process.
[2024-11-17T23:03:25.853+0000] {cap.py:116} INFO - Successfully read Parquet file from S3.
[2024-11-17T23:03:25.855+0000] {cap.py:145} INFO - Data loaded successfully from S3.
[2024-11-17T23:03:25.862+0000] {cap.py:157} INFO - Column selection completed successfully.
[2024-11-17T23:03:25.866+0000] {cap.py:174} INFO - Starting currency extraction process.
[2024-11-17T23:03:28.891+0000] {cap.py:116} INFO - Successfully read Parquet file from S3.
[2024-11-17T23:03:28.892+0000] {cap.py:184} INFO - Data loaded successfully from S3.
[2024-11-17T23:03:28.893+0000] {cap.py:192} INFO - Filtering currency symbol columns and joining with country names.
[2024-11-17T23:03:28.934+0000] {cap.py:196} INFO - Melting the data to extract currency codes and symbols.
[2024-11-17T23:03:28.978+0000] {cap.py:200} INFO - Removing rows with null currency symbols.
[2024-11-17T23:03:29.033+0000] {cap.py:204} INFO - Cleaning up currency codes.
[2024-11-17T23:03:29.035+0000] {cap.py:208} INFO - Grouping by country and aggregating currency symbols and codes.
[2024-11-17T23:03:29.101+0000] {cap.py:214} INFO - Currency extraction completed successfully.
[2024-11-17T23:03:29.112+0000] {cap.py:341} INFO - Currency code and symbol extracted successfully.
[2024-11-17T23:03:29.113+0000] {cap.py:230} INFO - Starting currency name extraction process.
[2024-11-17T23:03:31.890+0000] {cap.py:116} INFO - Successfully read Parquet file from S3.
[2024-11-17T23:03:31.892+0000] {cap.py:240} INFO - Data loaded successfully from S3.
[2024-11-17T23:03:31.892+0000] {cap.py:243} INFO - Filtering country names and currency name columns.
[2024-11-17T23:03:31.943+0000] {cap.py:247} INFO - Melting data to extract currency names.
[2024-11-17T23:03:31.985+0000] {cap.py:251} INFO - Removing rows with null currency names.
[2024-11-17T23:03:32.038+0000] {cap.py:258} INFO - Grouping by country and aggregating currency names.
[2024-11-17T23:03:32.073+0000] {cap.py:261} INFO - Currency name extraction completed successfully.
[2024-11-17T23:03:32.082+0000] {cap.py:348} INFO - Currency name extracted successfully.
[2024-11-17T23:03:32.083+0000] {cap.py:279} INFO - Starting language extraction process.
[2024-11-17T23:03:39.357+0000] {cap.py:116} INFO - Successfully read Parquet file from S3.
[2024-11-17T23:03:39.361+0000] {cap.py:289} INFO - Data loaded successfully from S3.
[2024-11-17T23:03:39.362+0000] {cap.py:292} INFO - Filtering country names and language columns.
[2024-11-17T23:03:39.699+0000] {cap.py:296} INFO - Melting data to extract languages.
[2024-11-17T23:03:39.743+0000] {cap.py:300} INFO - Removing rows with null language values.
[2024-11-17T23:03:39.793+0000] {cap.py:307} INFO - Grouping by country and aggregating languages.
[2024-11-17T23:03:39.832+0000] {cap.py:310} INFO - Language extraction completed successfully.
[2024-11-17T23:03:39.851+0000] {cap.py:355} INFO - Languages extracted successfully.
[2024-11-17T23:03:39.853+0000] {cap.py:358} INFO - Joining tables.
[2024-11-17T23:03:39.898+0000] {cap.py:363} INFO - Tables joined successfully.
[2024-11-17T23:03:39.900+0000] {python.py:240} INFO - Done. Returned value was:      independent  ...                                          languages
0           True  ...                                Dari,Pashto,Turkmen
1           True  ...                                           Albanian
2           True  ...                                             Arabic
3          False  ...                                     English,Samoan
4           True  ...                                            Catalan
..           ...  ...                                                ...
244        False  ...                           Spanish,Berber,Hassaniya
245         True  ...                                             Arabic
246         True  ...                                            English
247         True  ...  English,Sotho,Tswana,Tsonga,Venda,Xhosa,Chewa,...
248        False  ...                                            Swedish

[249 rows x 18 columns]
[2024-11-17T23:03:40.046+0000] {taskinstance.py:340} INFO - ::group::Post task execution logs
[2024-11-17T23:03:40.047+0000] {taskinstance.py:352} INFO - Marking task as SUCCESS. dag_id=capstone, task_id=tables_joining, run_id=manual__2024-11-17T23:02:43.915987+00:00, execution_date=20241117T230243, start_date=20241117T230322, end_date=20241117T230340
[2024-11-17T23:03:40.095+0000] {local_task_job_runner.py:266} INFO - Task exited with return code 0
[2024-11-17T23:03:40.140+0000] {taskinstance.py:3900} INFO - 1 downstream tasks scheduled from follow-on schedule check
[2024-11-17T23:03:40.148+0000] {local_task_job_runner.py:245} INFO - ::endgroup::
