[2024-10-07T14:55:12.454+0000] {local_task_job_runner.py:123} INFO - ::group::Pre task execution logs
[2024-10-07T14:55:12.486+0000] {taskinstance.py:2612} INFO - Dependencies all met for dep_context=non-requeueable deps ti=<TaskInstance: multiple_csv_to_s3.load_to_s3 manual__2024-10-07T14:55:00.261066+00:00 [queued]>
[2024-10-07T14:55:12.501+0000] {taskinstance.py:2612} INFO - Dependencies all met for dep_context=requeueable deps ti=<TaskInstance: multiple_csv_to_s3.load_to_s3 manual__2024-10-07T14:55:00.261066+00:00 [queued]>
[2024-10-07T14:55:12.502+0000] {taskinstance.py:2865} INFO - Starting attempt 1 of 1
[2024-10-07T14:55:12.541+0000] {taskinstance.py:2888} INFO - Executing <Task(PythonOperator): load_to_s3> on 2024-10-07 14:55:00.261066+00:00
[2024-10-07T14:55:12.554+0000] {warnings.py:112} WARNING - /home/***/.local/lib/python3.12/site-packages/***/task/task_runner/standard_task_runner.py:70: DeprecationWarning: This process (pid=936) is multi-threaded, use of fork() may lead to deadlocks in the child.
  pid = os.fork()

[2024-10-07T14:55:12.557+0000] {standard_task_runner.py:72} INFO - Started process 938 to run task
[2024-10-07T14:55:12.560+0000] {standard_task_runner.py:104} INFO - Running: ['***', 'tasks', 'run', 'multiple_csv_to_s3', 'load_to_s3', 'manual__2024-10-07T14:55:00.261066+00:00', '--job-id', '20', '--raw', '--subdir', 'DAGS_FOLDER/school/student.py', '--cfg-path', '/tmp/tmpy7eu_vsd']
[2024-10-07T14:55:12.563+0000] {standard_task_runner.py:105} INFO - Job 20: Subtask load_to_s3
[2024-10-07T14:55:12.672+0000] {task_command.py:467} INFO - Running <TaskInstance: multiple_csv_to_s3.load_to_s3 manual__2024-10-07T14:55:00.261066+00:00 [running]> on host 67bc14123253
[2024-10-07T14:55:12.886+0000] {taskinstance.py:3131} INFO - Exporting env vars: AIRFLOW_CTX_DAG_OWNER='***' AIRFLOW_CTX_DAG_ID='multiple_csv_to_s3' AIRFLOW_CTX_TASK_ID='load_to_s3' AIRFLOW_CTX_EXECUTION_DATE='2024-10-07T14:55:00.261066+00:00' AIRFLOW_CTX_TRY_NUMBER='1' AIRFLOW_CTX_DAG_RUN_ID='manual__2024-10-07T14:55:00.261066+00:00'
[2024-10-07T14:55:12.888+0000] {logging_mixin.py:190} INFO - Task instance is in running state
[2024-10-07T14:55:12.889+0000] {logging_mixin.py:190} INFO -  Previous state of the Task instance: queued
[2024-10-07T14:55:12.890+0000] {logging_mixin.py:190} INFO - Current task name:load_to_s3 state:running start_date:2024-10-07 14:55:12.487045+00:00
[2024-10-07T14:55:12.891+0000] {logging_mixin.py:190} INFO - Dag name:multiple_csv_to_s3 and current dag run status:running
[2024-10-07T14:55:12.892+0000] {taskinstance.py:731} INFO - ::endgroup::
[2024-10-07T14:55:12.963+0000] {base.py:84} INFO - Retrieving connection 'simple_store'
[2024-10-07T14:55:12.964+0000] {connection_wrapper.py:388} INFO - AWS Connection (conn_id='simple_store', conn_type='aws') credentials retrieved from login and password.
[2024-10-07T14:55:20.125+0000] {python.py:240} INFO - Done. Returned value was: None
[2024-10-07T14:55:20.174+0000] {taskinstance.py:340} INFO - ::group::Post task execution logs
[2024-10-07T14:55:20.185+0000] {taskinstance.py:352} INFO - Marking task as SUCCESS. dag_id=multiple_csv_to_s3, task_id=load_to_s3, run_id=manual__2024-10-07T14:55:00.261066+00:00, execution_date=20241007T145500, start_date=20241007T145512, end_date=20241007T145520
[2024-10-07T14:55:20.241+0000] {logging_mixin.py:190} INFO - Task instance in success state
[2024-10-07T14:55:20.244+0000] {logging_mixin.py:190} INFO -  Previous state of the Task instance: running
[2024-10-07T14:55:20.245+0000] {logging_mixin.py:190} INFO - Dag name:multiple_csv_to_s3 queued_at:2024-10-07 14:55:00.317994+00:00
[2024-10-07T14:55:20.254+0000] {logging_mixin.py:190} INFO - Task hostname:67bc14123253 operator:PythonOperator
[2024-10-07T14:55:20.306+0000] {local_task_job_runner.py:266} INFO - Task exited with return code 0
[2024-10-07T14:55:20.386+0000] {taskinstance.py:3900} INFO - 0 downstream tasks scheduled from follow-on schedule check
[2024-10-07T14:55:20.420+0000] {local_task_job_runner.py:245} INFO - ::endgroup::
