[2024-10-08T07:10:46.936+0000] {processor.py:186} INFO - Started process (PID=4587) to work on /opt/airflow/dags/school/include/csv_s3_function.py
[2024-10-08T07:10:46.941+0000] {processor.py:914} INFO - Processing file /opt/airflow/dags/school/include/csv_s3_function.py for tasks to queue
[2024-10-08T07:10:46.944+0000] {logging_mixin.py:190} INFO - [2024-10-08T07:10:46.943+0000] {dagbag.py:587} INFO - Filling up the DagBag from /opt/airflow/dags/school/include/csv_s3_function.py
[2024-10-08T07:10:47.018+0000] {processor.py:927} WARNING - No viable dags retrieved from /opt/airflow/dags/school/include/csv_s3_function.py
[2024-10-08T07:10:47.050+0000] {processor.py:208} INFO - Processing /opt/airflow/dags/school/include/csv_s3_function.py took 0.129 seconds
[2024-10-08T07:11:17.293+0000] {processor.py:186} INFO - Started process (PID=4660) to work on /opt/airflow/dags/school/include/csv_s3_function.py
[2024-10-08T07:11:17.294+0000] {processor.py:914} INFO - Processing file /opt/airflow/dags/school/include/csv_s3_function.py for tasks to queue
[2024-10-08T07:11:17.297+0000] {logging_mixin.py:190} INFO - [2024-10-08T07:11:17.297+0000] {dagbag.py:587} INFO - Filling up the DagBag from /opt/airflow/dags/school/include/csv_s3_function.py
[2024-10-08T07:11:17.319+0000] {processor.py:927} WARNING - No viable dags retrieved from /opt/airflow/dags/school/include/csv_s3_function.py
[2024-10-08T07:11:17.338+0000] {processor.py:208} INFO - Processing /opt/airflow/dags/school/include/csv_s3_function.py took 0.053 seconds
[2024-10-08T07:11:47.621+0000] {processor.py:186} INFO - Started process (PID=4729) to work on /opt/airflow/dags/school/include/csv_s3_function.py
[2024-10-08T07:11:47.623+0000] {processor.py:914} INFO - Processing file /opt/airflow/dags/school/include/csv_s3_function.py for tasks to queue
[2024-10-08T07:11:47.626+0000] {logging_mixin.py:190} INFO - [2024-10-08T07:11:47.625+0000] {dagbag.py:587} INFO - Filling up the DagBag from /opt/airflow/dags/school/include/csv_s3_function.py
[2024-10-08T07:11:47.645+0000] {processor.py:927} WARNING - No viable dags retrieved from /opt/airflow/dags/school/include/csv_s3_function.py
[2024-10-08T07:11:47.663+0000] {processor.py:208} INFO - Processing /opt/airflow/dags/school/include/csv_s3_function.py took 0.051 seconds
[2024-10-08T07:12:17.778+0000] {processor.py:186} INFO - Started process (PID=4792) to work on /opt/airflow/dags/school/include/csv_s3_function.py
[2024-10-08T07:12:17.780+0000] {processor.py:914} INFO - Processing file /opt/airflow/dags/school/include/csv_s3_function.py for tasks to queue
[2024-10-08T07:12:17.782+0000] {logging_mixin.py:190} INFO - [2024-10-08T07:12:17.782+0000] {dagbag.py:587} INFO - Filling up the DagBag from /opt/airflow/dags/school/include/csv_s3_function.py
[2024-10-08T07:12:17.808+0000] {processor.py:927} WARNING - No viable dags retrieved from /opt/airflow/dags/school/include/csv_s3_function.py
[2024-10-08T07:12:17.833+0000] {processor.py:208} INFO - Processing /opt/airflow/dags/school/include/csv_s3_function.py took 0.066 seconds
[2024-10-08T07:12:48.244+0000] {processor.py:186} INFO - Started process (PID=4859) to work on /opt/airflow/dags/school/include/csv_s3_function.py
[2024-10-08T07:12:48.246+0000] {processor.py:914} INFO - Processing file /opt/airflow/dags/school/include/csv_s3_function.py for tasks to queue
[2024-10-08T07:12:48.252+0000] {logging_mixin.py:190} INFO - [2024-10-08T07:12:48.252+0000] {dagbag.py:587} INFO - Filling up the DagBag from /opt/airflow/dags/school/include/csv_s3_function.py
[2024-10-08T07:12:48.279+0000] {processor.py:927} WARNING - No viable dags retrieved from /opt/airflow/dags/school/include/csv_s3_function.py
[2024-10-08T07:12:48.308+0000] {processor.py:208} INFO - Processing /opt/airflow/dags/school/include/csv_s3_function.py took 0.078 seconds
[2024-10-08T07:13:18.691+0000] {processor.py:186} INFO - Started process (PID=4929) to work on /opt/airflow/dags/school/include/csv_s3_function.py
[2024-10-08T07:13:18.694+0000] {processor.py:914} INFO - Processing file /opt/airflow/dags/school/include/csv_s3_function.py for tasks to queue
[2024-10-08T07:13:18.700+0000] {logging_mixin.py:190} INFO - [2024-10-08T07:13:18.699+0000] {dagbag.py:587} INFO - Filling up the DagBag from /opt/airflow/dags/school/include/csv_s3_function.py
[2024-10-08T07:13:18.724+0000] {processor.py:927} WARNING - No viable dags retrieved from /opt/airflow/dags/school/include/csv_s3_function.py
[2024-10-08T07:13:18.748+0000] {processor.py:208} INFO - Processing /opt/airflow/dags/school/include/csv_s3_function.py took 0.070 seconds
[2024-10-08T07:13:48.961+0000] {processor.py:186} INFO - Started process (PID=4999) to work on /opt/airflow/dags/school/include/csv_s3_function.py
[2024-10-08T07:13:48.964+0000] {processor.py:914} INFO - Processing file /opt/airflow/dags/school/include/csv_s3_function.py for tasks to queue
[2024-10-08T07:13:48.967+0000] {logging_mixin.py:190} INFO - [2024-10-08T07:13:48.966+0000] {dagbag.py:587} INFO - Filling up the DagBag from /opt/airflow/dags/school/include/csv_s3_function.py
[2024-10-08T07:13:48.990+0000] {processor.py:927} WARNING - No viable dags retrieved from /opt/airflow/dags/school/include/csv_s3_function.py
[2024-10-08T07:13:49.015+0000] {processor.py:208} INFO - Processing /opt/airflow/dags/school/include/csv_s3_function.py took 0.066 seconds
[2024-10-08T07:14:19.727+0000] {processor.py:186} INFO - Started process (PID=5067) to work on /opt/airflow/dags/school/include/csv_s3_function.py
[2024-10-08T07:14:19.730+0000] {processor.py:914} INFO - Processing file /opt/airflow/dags/school/include/csv_s3_function.py for tasks to queue
[2024-10-08T07:14:19.733+0000] {logging_mixin.py:190} INFO - [2024-10-08T07:14:19.732+0000] {dagbag.py:587} INFO - Filling up the DagBag from /opt/airflow/dags/school/include/csv_s3_function.py
[2024-10-08T07:14:19.755+0000] {processor.py:927} WARNING - No viable dags retrieved from /opt/airflow/dags/school/include/csv_s3_function.py
[2024-10-08T07:14:19.780+0000] {processor.py:208} INFO - Processing /opt/airflow/dags/school/include/csv_s3_function.py took 0.070 seconds
[2024-10-08T07:14:49.974+0000] {processor.py:186} INFO - Started process (PID=5135) to work on /opt/airflow/dags/school/include/csv_s3_function.py
[2024-10-08T07:14:49.975+0000] {processor.py:914} INFO - Processing file /opt/airflow/dags/school/include/csv_s3_function.py for tasks to queue
[2024-10-08T07:14:49.978+0000] {logging_mixin.py:190} INFO - [2024-10-08T07:14:49.977+0000] {dagbag.py:587} INFO - Filling up the DagBag from /opt/airflow/dags/school/include/csv_s3_function.py
[2024-10-08T07:14:50.001+0000] {processor.py:927} WARNING - No viable dags retrieved from /opt/airflow/dags/school/include/csv_s3_function.py
[2024-10-08T07:14:50.023+0000] {processor.py:208} INFO - Processing /opt/airflow/dags/school/include/csv_s3_function.py took 0.058 seconds
[2024-10-08T07:15:20.249+0000] {processor.py:186} INFO - Started process (PID=5202) to work on /opt/airflow/dags/school/include/csv_s3_function.py
[2024-10-08T07:15:20.251+0000] {processor.py:914} INFO - Processing file /opt/airflow/dags/school/include/csv_s3_function.py for tasks to queue
[2024-10-08T07:15:20.253+0000] {logging_mixin.py:190} INFO - [2024-10-08T07:15:20.252+0000] {dagbag.py:587} INFO - Filling up the DagBag from /opt/airflow/dags/school/include/csv_s3_function.py
[2024-10-08T07:15:20.274+0000] {processor.py:927} WARNING - No viable dags retrieved from /opt/airflow/dags/school/include/csv_s3_function.py
[2024-10-08T07:15:20.293+0000] {processor.py:208} INFO - Processing /opt/airflow/dags/school/include/csv_s3_function.py took 0.054 seconds
[2024-10-08T07:15:50.576+0000] {processor.py:186} INFO - Started process (PID=5269) to work on /opt/airflow/dags/school/include/csv_s3_function.py
[2024-10-08T07:15:50.578+0000] {processor.py:914} INFO - Processing file /opt/airflow/dags/school/include/csv_s3_function.py for tasks to queue
[2024-10-08T07:15:50.582+0000] {logging_mixin.py:190} INFO - [2024-10-08T07:15:50.581+0000] {dagbag.py:587} INFO - Filling up the DagBag from /opt/airflow/dags/school/include/csv_s3_function.py
[2024-10-08T07:15:50.608+0000] {processor.py:927} WARNING - No viable dags retrieved from /opt/airflow/dags/school/include/csv_s3_function.py
[2024-10-08T07:15:50.632+0000] {processor.py:208} INFO - Processing /opt/airflow/dags/school/include/csv_s3_function.py took 0.072 seconds
[2024-10-08T07:16:20.796+0000] {processor.py:186} INFO - Started process (PID=5336) to work on /opt/airflow/dags/school/include/csv_s3_function.py
[2024-10-08T07:16:20.798+0000] {processor.py:914} INFO - Processing file /opt/airflow/dags/school/include/csv_s3_function.py for tasks to queue
[2024-10-08T07:16:20.800+0000] {logging_mixin.py:190} INFO - [2024-10-08T07:16:20.799+0000] {dagbag.py:587} INFO - Filling up the DagBag from /opt/airflow/dags/school/include/csv_s3_function.py
[2024-10-08T07:16:20.820+0000] {processor.py:927} WARNING - No viable dags retrieved from /opt/airflow/dags/school/include/csv_s3_function.py
[2024-10-08T07:16:20.839+0000] {processor.py:208} INFO - Processing /opt/airflow/dags/school/include/csv_s3_function.py took 0.051 seconds
[2024-10-08T07:16:51.335+0000] {processor.py:186} INFO - Started process (PID=5403) to work on /opt/airflow/dags/school/include/csv_s3_function.py
[2024-10-08T07:16:51.336+0000] {processor.py:914} INFO - Processing file /opt/airflow/dags/school/include/csv_s3_function.py for tasks to queue
[2024-10-08T07:16:51.338+0000] {logging_mixin.py:190} INFO - [2024-10-08T07:16:51.338+0000] {dagbag.py:587} INFO - Filling up the DagBag from /opt/airflow/dags/school/include/csv_s3_function.py
[2024-10-08T07:16:51.363+0000] {processor.py:927} WARNING - No viable dags retrieved from /opt/airflow/dags/school/include/csv_s3_function.py
[2024-10-08T07:16:51.387+0000] {processor.py:208} INFO - Processing /opt/airflow/dags/school/include/csv_s3_function.py took 0.060 seconds
[2024-10-08T07:17:22.113+0000] {processor.py:186} INFO - Started process (PID=5470) to work on /opt/airflow/dags/school/include/csv_s3_function.py
[2024-10-08T07:17:22.149+0000] {processor.py:914} INFO - Processing file /opt/airflow/dags/school/include/csv_s3_function.py for tasks to queue
[2024-10-08T07:17:22.159+0000] {logging_mixin.py:190} INFO - [2024-10-08T07:17:22.158+0000] {dagbag.py:587} INFO - Filling up the DagBag from /opt/airflow/dags/school/include/csv_s3_function.py
[2024-10-08T07:17:22.195+0000] {processor.py:927} WARNING - No viable dags retrieved from /opt/airflow/dags/school/include/csv_s3_function.py
[2024-10-08T07:17:22.219+0000] {processor.py:208} INFO - Processing /opt/airflow/dags/school/include/csv_s3_function.py took 0.129 seconds
[2024-10-08T07:17:52.689+0000] {processor.py:186} INFO - Started process (PID=5537) to work on /opt/airflow/dags/school/include/csv_s3_function.py
[2024-10-08T07:17:52.690+0000] {processor.py:914} INFO - Processing file /opt/airflow/dags/school/include/csv_s3_function.py for tasks to queue
[2024-10-08T07:17:52.693+0000] {logging_mixin.py:190} INFO - [2024-10-08T07:17:52.692+0000] {dagbag.py:587} INFO - Filling up the DagBag from /opt/airflow/dags/school/include/csv_s3_function.py
[2024-10-08T07:17:52.852+0000] {processor.py:927} WARNING - No viable dags retrieved from /opt/airflow/dags/school/include/csv_s3_function.py
[2024-10-08T07:17:52.869+0000] {processor.py:208} INFO - Processing /opt/airflow/dags/school/include/csv_s3_function.py took 0.198 seconds
[2024-10-08T07:18:23.587+0000] {processor.py:186} INFO - Started process (PID=5604) to work on /opt/airflow/dags/school/include/csv_s3_function.py
[2024-10-08T07:18:23.590+0000] {processor.py:914} INFO - Processing file /opt/airflow/dags/school/include/csv_s3_function.py for tasks to queue
[2024-10-08T07:18:23.592+0000] {logging_mixin.py:190} INFO - [2024-10-08T07:18:23.592+0000] {dagbag.py:587} INFO - Filling up the DagBag from /opt/airflow/dags/school/include/csv_s3_function.py
[2024-10-08T07:18:23.614+0000] {processor.py:927} WARNING - No viable dags retrieved from /opt/airflow/dags/school/include/csv_s3_function.py
[2024-10-08T07:18:23.635+0000] {processor.py:208} INFO - Processing /opt/airflow/dags/school/include/csv_s3_function.py took 0.057 seconds
[2024-10-08T07:18:54.388+0000] {processor.py:186} INFO - Started process (PID=5672) to work on /opt/airflow/dags/school/include/csv_s3_function.py
[2024-10-08T07:18:54.390+0000] {processor.py:914} INFO - Processing file /opt/airflow/dags/school/include/csv_s3_function.py for tasks to queue
[2024-10-08T07:18:54.393+0000] {logging_mixin.py:190} INFO - [2024-10-08T07:18:54.393+0000] {dagbag.py:587} INFO - Filling up the DagBag from /opt/airflow/dags/school/include/csv_s3_function.py
[2024-10-08T07:18:54.418+0000] {processor.py:927} WARNING - No viable dags retrieved from /opt/airflow/dags/school/include/csv_s3_function.py
[2024-10-08T07:18:54.447+0000] {processor.py:208} INFO - Processing /opt/airflow/dags/school/include/csv_s3_function.py took 0.073 seconds
[2024-10-08T07:19:24.911+0000] {processor.py:186} INFO - Started process (PID=5739) to work on /opt/airflow/dags/school/include/csv_s3_function.py
[2024-10-08T07:19:24.912+0000] {processor.py:914} INFO - Processing file /opt/airflow/dags/school/include/csv_s3_function.py for tasks to queue
[2024-10-08T07:19:24.914+0000] {logging_mixin.py:190} INFO - [2024-10-08T07:19:24.914+0000] {dagbag.py:587} INFO - Filling up the DagBag from /opt/airflow/dags/school/include/csv_s3_function.py
[2024-10-08T07:19:24.938+0000] {processor.py:927} WARNING - No viable dags retrieved from /opt/airflow/dags/school/include/csv_s3_function.py
[2024-10-08T07:19:24.957+0000] {processor.py:208} INFO - Processing /opt/airflow/dags/school/include/csv_s3_function.py took 0.054 seconds
[2024-10-08T07:19:55.646+0000] {processor.py:186} INFO - Started process (PID=5807) to work on /opt/airflow/dags/school/include/csv_s3_function.py
[2024-10-08T07:19:55.648+0000] {processor.py:914} INFO - Processing file /opt/airflow/dags/school/include/csv_s3_function.py for tasks to queue
[2024-10-08T07:19:55.651+0000] {logging_mixin.py:190} INFO - [2024-10-08T07:19:55.650+0000] {dagbag.py:587} INFO - Filling up the DagBag from /opt/airflow/dags/school/include/csv_s3_function.py
[2024-10-08T07:19:55.683+0000] {processor.py:927} WARNING - No viable dags retrieved from /opt/airflow/dags/school/include/csv_s3_function.py
[2024-10-08T07:19:55.712+0000] {processor.py:208} INFO - Processing /opt/airflow/dags/school/include/csv_s3_function.py took 0.084 seconds
[2024-10-08T07:20:25.983+0000] {processor.py:186} INFO - Started process (PID=5874) to work on /opt/airflow/dags/school/include/csv_s3_function.py
[2024-10-08T07:20:25.984+0000] {processor.py:914} INFO - Processing file /opt/airflow/dags/school/include/csv_s3_function.py for tasks to queue
[2024-10-08T07:20:25.986+0000] {logging_mixin.py:190} INFO - [2024-10-08T07:20:25.985+0000] {dagbag.py:587} INFO - Filling up the DagBag from /opt/airflow/dags/school/include/csv_s3_function.py
[2024-10-08T07:20:26.004+0000] {processor.py:927} WARNING - No viable dags retrieved from /opt/airflow/dags/school/include/csv_s3_function.py
[2024-10-08T07:20:26.023+0000] {processor.py:208} INFO - Processing /opt/airflow/dags/school/include/csv_s3_function.py took 0.049 seconds
[2024-10-08T07:20:56.630+0000] {processor.py:186} INFO - Started process (PID=5941) to work on /opt/airflow/dags/school/include/csv_s3_function.py
[2024-10-08T07:20:56.631+0000] {processor.py:914} INFO - Processing file /opt/airflow/dags/school/include/csv_s3_function.py for tasks to queue
[2024-10-08T07:20:56.633+0000] {logging_mixin.py:190} INFO - [2024-10-08T07:20:56.633+0000] {dagbag.py:587} INFO - Filling up the DagBag from /opt/airflow/dags/school/include/csv_s3_function.py
[2024-10-08T07:20:56.657+0000] {processor.py:927} WARNING - No viable dags retrieved from /opt/airflow/dags/school/include/csv_s3_function.py
[2024-10-08T07:20:56.678+0000] {processor.py:208} INFO - Processing /opt/airflow/dags/school/include/csv_s3_function.py took 0.057 seconds
[2024-10-08T07:21:27.528+0000] {processor.py:186} INFO - Started process (PID=6009) to work on /opt/airflow/dags/school/include/csv_s3_function.py
[2024-10-08T07:21:27.530+0000] {processor.py:914} INFO - Processing file /opt/airflow/dags/school/include/csv_s3_function.py for tasks to queue
[2024-10-08T07:21:27.531+0000] {logging_mixin.py:190} INFO - [2024-10-08T07:21:27.531+0000] {dagbag.py:587} INFO - Filling up the DagBag from /opt/airflow/dags/school/include/csv_s3_function.py
[2024-10-08T07:21:27.553+0000] {processor.py:927} WARNING - No viable dags retrieved from /opt/airflow/dags/school/include/csv_s3_function.py
[2024-10-08T07:21:27.570+0000] {processor.py:208} INFO - Processing /opt/airflow/dags/school/include/csv_s3_function.py took 0.054 seconds
[2024-10-08T07:21:58.003+0000] {processor.py:186} INFO - Started process (PID=6077) to work on /opt/airflow/dags/school/include/csv_s3_function.py
[2024-10-08T07:21:58.004+0000] {processor.py:914} INFO - Processing file /opt/airflow/dags/school/include/csv_s3_function.py for tasks to queue
[2024-10-08T07:21:58.007+0000] {logging_mixin.py:190} INFO - [2024-10-08T07:21:58.006+0000] {dagbag.py:587} INFO - Filling up the DagBag from /opt/airflow/dags/school/include/csv_s3_function.py
[2024-10-08T07:21:58.037+0000] {processor.py:927} WARNING - No viable dags retrieved from /opt/airflow/dags/school/include/csv_s3_function.py
[2024-10-08T07:21:58.058+0000] {processor.py:208} INFO - Processing /opt/airflow/dags/school/include/csv_s3_function.py took 0.063 seconds
[2024-10-08T07:22:28.386+0000] {processor.py:186} INFO - Started process (PID=6145) to work on /opt/airflow/dags/school/include/csv_s3_function.py
[2024-10-08T07:22:28.387+0000] {processor.py:914} INFO - Processing file /opt/airflow/dags/school/include/csv_s3_function.py for tasks to queue
[2024-10-08T07:22:28.389+0000] {logging_mixin.py:190} INFO - [2024-10-08T07:22:28.389+0000] {dagbag.py:587} INFO - Filling up the DagBag from /opt/airflow/dags/school/include/csv_s3_function.py
[2024-10-08T07:22:28.411+0000] {processor.py:927} WARNING - No viable dags retrieved from /opt/airflow/dags/school/include/csv_s3_function.py
[2024-10-08T07:22:28.430+0000] {processor.py:208} INFO - Processing /opt/airflow/dags/school/include/csv_s3_function.py took 0.055 seconds
[2024-10-08T07:22:59.341+0000] {processor.py:186} INFO - Started process (PID=6213) to work on /opt/airflow/dags/school/include/csv_s3_function.py
[2024-10-08T07:22:59.342+0000] {processor.py:914} INFO - Processing file /opt/airflow/dags/school/include/csv_s3_function.py for tasks to queue
[2024-10-08T07:22:59.344+0000] {logging_mixin.py:190} INFO - [2024-10-08T07:22:59.343+0000] {dagbag.py:587} INFO - Filling up the DagBag from /opt/airflow/dags/school/include/csv_s3_function.py
[2024-10-08T07:22:59.362+0000] {processor.py:927} WARNING - No viable dags retrieved from /opt/airflow/dags/school/include/csv_s3_function.py
[2024-10-08T07:22:59.382+0000] {processor.py:208} INFO - Processing /opt/airflow/dags/school/include/csv_s3_function.py took 0.051 seconds
[2024-10-08T07:23:29.703+0000] {processor.py:186} INFO - Started process (PID=6285) to work on /opt/airflow/dags/school/include/csv_s3_function.py
[2024-10-08T07:23:29.705+0000] {processor.py:914} INFO - Processing file /opt/airflow/dags/school/include/csv_s3_function.py for tasks to queue
[2024-10-08T07:23:29.707+0000] {logging_mixin.py:190} INFO - [2024-10-08T07:23:29.706+0000] {dagbag.py:587} INFO - Filling up the DagBag from /opt/airflow/dags/school/include/csv_s3_function.py
[2024-10-08T07:23:29.729+0000] {processor.py:927} WARNING - No viable dags retrieved from /opt/airflow/dags/school/include/csv_s3_function.py
[2024-10-08T07:23:29.764+0000] {processor.py:208} INFO - Processing /opt/airflow/dags/school/include/csv_s3_function.py took 0.069 seconds
[2024-10-08T07:24:00.139+0000] {processor.py:186} INFO - Started process (PID=6354) to work on /opt/airflow/dags/school/include/csv_s3_function.py
[2024-10-08T07:24:00.140+0000] {processor.py:914} INFO - Processing file /opt/airflow/dags/school/include/csv_s3_function.py for tasks to queue
[2024-10-08T07:24:00.143+0000] {logging_mixin.py:190} INFO - [2024-10-08T07:24:00.142+0000] {dagbag.py:587} INFO - Filling up the DagBag from /opt/airflow/dags/school/include/csv_s3_function.py
[2024-10-08T07:24:00.164+0000] {processor.py:927} WARNING - No viable dags retrieved from /opt/airflow/dags/school/include/csv_s3_function.py
[2024-10-08T07:24:00.195+0000] {processor.py:208} INFO - Processing /opt/airflow/dags/school/include/csv_s3_function.py took 0.075 seconds
[2024-10-08T07:24:30.558+0000] {processor.py:186} INFO - Started process (PID=6421) to work on /opt/airflow/dags/school/include/csv_s3_function.py
[2024-10-08T07:24:30.560+0000] {processor.py:914} INFO - Processing file /opt/airflow/dags/school/include/csv_s3_function.py for tasks to queue
[2024-10-08T07:24:30.562+0000] {logging_mixin.py:190} INFO - [2024-10-08T07:24:30.561+0000] {dagbag.py:587} INFO - Filling up the DagBag from /opt/airflow/dags/school/include/csv_s3_function.py
[2024-10-08T07:24:30.585+0000] {processor.py:927} WARNING - No viable dags retrieved from /opt/airflow/dags/school/include/csv_s3_function.py
[2024-10-08T07:24:30.612+0000] {processor.py:208} INFO - Processing /opt/airflow/dags/school/include/csv_s3_function.py took 0.063 seconds
[2024-10-08T07:25:00.853+0000] {processor.py:186} INFO - Started process (PID=6495) to work on /opt/airflow/dags/school/include/csv_s3_function.py
[2024-10-08T07:25:00.857+0000] {processor.py:914} INFO - Processing file /opt/airflow/dags/school/include/csv_s3_function.py for tasks to queue
[2024-10-08T07:25:00.860+0000] {logging_mixin.py:190} INFO - [2024-10-08T07:25:00.859+0000] {dagbag.py:587} INFO - Filling up the DagBag from /opt/airflow/dags/school/include/csv_s3_function.py
[2024-10-08T07:25:00.888+0000] {processor.py:927} WARNING - No viable dags retrieved from /opt/airflow/dags/school/include/csv_s3_function.py
[2024-10-08T07:25:00.907+0000] {processor.py:208} INFO - Processing /opt/airflow/dags/school/include/csv_s3_function.py took 0.065 seconds
[2024-10-08T07:25:31.203+0000] {processor.py:186} INFO - Started process (PID=6561) to work on /opt/airflow/dags/school/include/csv_s3_function.py
[2024-10-08T07:25:31.212+0000] {processor.py:914} INFO - Processing file /opt/airflow/dags/school/include/csv_s3_function.py for tasks to queue
[2024-10-08T07:25:31.215+0000] {logging_mixin.py:190} INFO - [2024-10-08T07:25:31.214+0000] {dagbag.py:587} INFO - Filling up the DagBag from /opt/airflow/dags/school/include/csv_s3_function.py
[2024-10-08T07:25:31.243+0000] {processor.py:927} WARNING - No viable dags retrieved from /opt/airflow/dags/school/include/csv_s3_function.py
[2024-10-08T07:25:31.265+0000] {processor.py:208} INFO - Processing /opt/airflow/dags/school/include/csv_s3_function.py took 0.077 seconds
[2024-10-08T07:26:01.692+0000] {processor.py:186} INFO - Started process (PID=6628) to work on /opt/airflow/dags/school/include/csv_s3_function.py
[2024-10-08T07:26:01.694+0000] {processor.py:914} INFO - Processing file /opt/airflow/dags/school/include/csv_s3_function.py for tasks to queue
[2024-10-08T07:26:01.697+0000] {logging_mixin.py:190} INFO - [2024-10-08T07:26:01.696+0000] {dagbag.py:587} INFO - Filling up the DagBag from /opt/airflow/dags/school/include/csv_s3_function.py
[2024-10-08T07:26:01.718+0000] {processor.py:927} WARNING - No viable dags retrieved from /opt/airflow/dags/school/include/csv_s3_function.py
[2024-10-08T07:26:01.738+0000] {processor.py:208} INFO - Processing /opt/airflow/dags/school/include/csv_s3_function.py took 0.055 seconds
[2024-10-08T07:26:31.889+0000] {processor.py:186} INFO - Started process (PID=6691) to work on /opt/airflow/dags/school/include/csv_s3_function.py
[2024-10-08T07:26:31.891+0000] {processor.py:914} INFO - Processing file /opt/airflow/dags/school/include/csv_s3_function.py for tasks to queue
[2024-10-08T07:26:31.893+0000] {logging_mixin.py:190} INFO - [2024-10-08T07:26:31.893+0000] {dagbag.py:587} INFO - Filling up the DagBag from /opt/airflow/dags/school/include/csv_s3_function.py
[2024-10-08T07:26:31.957+0000] {processor.py:927} WARNING - No viable dags retrieved from /opt/airflow/dags/school/include/csv_s3_function.py
[2024-10-08T07:26:31.993+0000] {processor.py:208} INFO - Processing /opt/airflow/dags/school/include/csv_s3_function.py took 0.117 seconds
[2024-10-08T07:27:02.514+0000] {processor.py:186} INFO - Started process (PID=6755) to work on /opt/airflow/dags/school/include/csv_s3_function.py
[2024-10-08T07:27:02.516+0000] {processor.py:914} INFO - Processing file /opt/airflow/dags/school/include/csv_s3_function.py for tasks to queue
[2024-10-08T07:27:02.519+0000] {logging_mixin.py:190} INFO - [2024-10-08T07:27:02.518+0000] {dagbag.py:587} INFO - Filling up the DagBag from /opt/airflow/dags/school/include/csv_s3_function.py
[2024-10-08T07:27:02.546+0000] {processor.py:927} WARNING - No viable dags retrieved from /opt/airflow/dags/school/include/csv_s3_function.py
[2024-10-08T07:27:02.566+0000] {processor.py:208} INFO - Processing /opt/airflow/dags/school/include/csv_s3_function.py took 0.061 seconds
[2024-10-08T07:27:32.766+0000] {processor.py:186} INFO - Started process (PID=6822) to work on /opt/airflow/dags/school/include/csv_s3_function.py
[2024-10-08T07:27:32.769+0000] {processor.py:914} INFO - Processing file /opt/airflow/dags/school/include/csv_s3_function.py for tasks to queue
[2024-10-08T07:27:32.772+0000] {logging_mixin.py:190} INFO - [2024-10-08T07:27:32.771+0000] {dagbag.py:587} INFO - Filling up the DagBag from /opt/airflow/dags/school/include/csv_s3_function.py
[2024-10-08T07:27:32.794+0000] {processor.py:927} WARNING - No viable dags retrieved from /opt/airflow/dags/school/include/csv_s3_function.py
[2024-10-08T07:27:32.815+0000] {processor.py:208} INFO - Processing /opt/airflow/dags/school/include/csv_s3_function.py took 0.066 seconds
[2024-10-08T07:28:03.244+0000] {processor.py:186} INFO - Started process (PID=6893) to work on /opt/airflow/dags/school/include/csv_s3_function.py
[2024-10-08T07:28:03.246+0000] {processor.py:914} INFO - Processing file /opt/airflow/dags/school/include/csv_s3_function.py for tasks to queue
[2024-10-08T07:28:03.248+0000] {logging_mixin.py:190} INFO - [2024-10-08T07:28:03.248+0000] {dagbag.py:587} INFO - Filling up the DagBag from /opt/airflow/dags/school/include/csv_s3_function.py
[2024-10-08T07:28:03.273+0000] {processor.py:927} WARNING - No viable dags retrieved from /opt/airflow/dags/school/include/csv_s3_function.py
[2024-10-08T07:28:03.308+0000] {processor.py:208} INFO - Processing /opt/airflow/dags/school/include/csv_s3_function.py took 0.085 seconds
[2024-10-08T07:28:33.625+0000] {processor.py:186} INFO - Started process (PID=6960) to work on /opt/airflow/dags/school/include/csv_s3_function.py
[2024-10-08T07:28:33.628+0000] {processor.py:914} INFO - Processing file /opt/airflow/dags/school/include/csv_s3_function.py for tasks to queue
[2024-10-08T07:28:33.634+0000] {logging_mixin.py:190} INFO - [2024-10-08T07:28:33.633+0000] {dagbag.py:587} INFO - Filling up the DagBag from /opt/airflow/dags/school/include/csv_s3_function.py
[2024-10-08T07:28:33.654+0000] {processor.py:927} WARNING - No viable dags retrieved from /opt/airflow/dags/school/include/csv_s3_function.py
[2024-10-08T07:28:33.674+0000] {processor.py:208} INFO - Processing /opt/airflow/dags/school/include/csv_s3_function.py took 0.059 seconds
[2024-10-08T07:29:04.136+0000] {processor.py:186} INFO - Started process (PID=7027) to work on /opt/airflow/dags/school/include/csv_s3_function.py
[2024-10-08T07:29:04.138+0000] {processor.py:914} INFO - Processing file /opt/airflow/dags/school/include/csv_s3_function.py for tasks to queue
[2024-10-08T07:29:04.143+0000] {logging_mixin.py:190} INFO - [2024-10-08T07:29:04.142+0000] {dagbag.py:587} INFO - Filling up the DagBag from /opt/airflow/dags/school/include/csv_s3_function.py
[2024-10-08T07:29:04.185+0000] {processor.py:927} WARNING - No viable dags retrieved from /opt/airflow/dags/school/include/csv_s3_function.py
[2024-10-08T07:29:04.235+0000] {processor.py:208} INFO - Processing /opt/airflow/dags/school/include/csv_s3_function.py took 0.119 seconds
[2024-10-08T07:29:34.375+0000] {processor.py:186} INFO - Started process (PID=7094) to work on /opt/airflow/dags/school/include/csv_s3_function.py
[2024-10-08T07:29:34.376+0000] {processor.py:914} INFO - Processing file /opt/airflow/dags/school/include/csv_s3_function.py for tasks to queue
[2024-10-08T07:29:34.378+0000] {logging_mixin.py:190} INFO - [2024-10-08T07:29:34.378+0000] {dagbag.py:587} INFO - Filling up the DagBag from /opt/airflow/dags/school/include/csv_s3_function.py
[2024-10-08T07:29:34.399+0000] {processor.py:927} WARNING - No viable dags retrieved from /opt/airflow/dags/school/include/csv_s3_function.py
[2024-10-08T07:29:34.416+0000] {processor.py:208} INFO - Processing /opt/airflow/dags/school/include/csv_s3_function.py took 0.050 seconds
[2024-10-08T07:30:05.210+0000] {processor.py:186} INFO - Started process (PID=7161) to work on /opt/airflow/dags/school/include/csv_s3_function.py
[2024-10-08T07:30:05.212+0000] {processor.py:914} INFO - Processing file /opt/airflow/dags/school/include/csv_s3_function.py for tasks to queue
[2024-10-08T07:30:05.215+0000] {logging_mixin.py:190} INFO - [2024-10-08T07:30:05.214+0000] {dagbag.py:587} INFO - Filling up the DagBag from /opt/airflow/dags/school/include/csv_s3_function.py
[2024-10-08T07:30:05.244+0000] {processor.py:927} WARNING - No viable dags retrieved from /opt/airflow/dags/school/include/csv_s3_function.py
[2024-10-08T07:30:05.263+0000] {processor.py:208} INFO - Processing /opt/airflow/dags/school/include/csv_s3_function.py took 0.065 seconds
[2024-10-08T07:30:35.781+0000] {processor.py:186} INFO - Started process (PID=7230) to work on /opt/airflow/dags/school/include/csv_s3_function.py
[2024-10-08T07:30:35.787+0000] {processor.py:914} INFO - Processing file /opt/airflow/dags/school/include/csv_s3_function.py for tasks to queue
[2024-10-08T07:30:35.790+0000] {logging_mixin.py:190} INFO - [2024-10-08T07:30:35.789+0000] {dagbag.py:587} INFO - Filling up the DagBag from /opt/airflow/dags/school/include/csv_s3_function.py
[2024-10-08T07:30:35.822+0000] {processor.py:927} WARNING - No viable dags retrieved from /opt/airflow/dags/school/include/csv_s3_function.py
[2024-10-08T07:30:35.857+0000] {processor.py:208} INFO - Processing /opt/airflow/dags/school/include/csv_s3_function.py took 0.094 seconds
[2024-10-08T07:31:05.957+0000] {processor.py:186} INFO - Started process (PID=7305) to work on /opt/airflow/dags/school/include/csv_s3_function.py
[2024-10-08T07:31:05.958+0000] {processor.py:914} INFO - Processing file /opt/airflow/dags/school/include/csv_s3_function.py for tasks to queue
[2024-10-08T07:31:05.960+0000] {logging_mixin.py:190} INFO - [2024-10-08T07:31:05.960+0000] {dagbag.py:587} INFO - Filling up the DagBag from /opt/airflow/dags/school/include/csv_s3_function.py
[2024-10-08T07:31:05.980+0000] {processor.py:927} WARNING - No viable dags retrieved from /opt/airflow/dags/school/include/csv_s3_function.py
[2024-10-08T07:31:06.005+0000] {processor.py:208} INFO - Processing /opt/airflow/dags/school/include/csv_s3_function.py took 0.057 seconds
[2024-10-08T07:31:36.438+0000] {processor.py:186} INFO - Started process (PID=7370) to work on /opt/airflow/dags/school/include/csv_s3_function.py
[2024-10-08T07:31:36.445+0000] {processor.py:914} INFO - Processing file /opt/airflow/dags/school/include/csv_s3_function.py for tasks to queue
[2024-10-08T07:31:36.451+0000] {logging_mixin.py:190} INFO - [2024-10-08T07:31:36.451+0000] {dagbag.py:587} INFO - Filling up the DagBag from /opt/airflow/dags/school/include/csv_s3_function.py
[2024-10-08T07:31:36.479+0000] {processor.py:927} WARNING - No viable dags retrieved from /opt/airflow/dags/school/include/csv_s3_function.py
[2024-10-08T07:31:36.518+0000] {processor.py:208} INFO - Processing /opt/airflow/dags/school/include/csv_s3_function.py took 0.108 seconds
[2024-10-08T07:32:06.803+0000] {processor.py:186} INFO - Started process (PID=7437) to work on /opt/airflow/dags/school/include/csv_s3_function.py
[2024-10-08T07:32:06.805+0000] {processor.py:914} INFO - Processing file /opt/airflow/dags/school/include/csv_s3_function.py for tasks to queue
[2024-10-08T07:32:06.808+0000] {logging_mixin.py:190} INFO - [2024-10-08T07:32:06.808+0000] {dagbag.py:587} INFO - Filling up the DagBag from /opt/airflow/dags/school/include/csv_s3_function.py
[2024-10-08T07:32:06.836+0000] {processor.py:927} WARNING - No viable dags retrieved from /opt/airflow/dags/school/include/csv_s3_function.py
[2024-10-08T07:32:06.860+0000] {processor.py:208} INFO - Processing /opt/airflow/dags/school/include/csv_s3_function.py took 0.069 seconds
[2024-10-08T07:32:37.567+0000] {processor.py:186} INFO - Started process (PID=7502) to work on /opt/airflow/dags/school/include/csv_s3_function.py
[2024-10-08T07:32:37.593+0000] {processor.py:914} INFO - Processing file /opt/airflow/dags/school/include/csv_s3_function.py for tasks to queue
[2024-10-08T07:32:37.632+0000] {logging_mixin.py:190} INFO - [2024-10-08T07:32:37.631+0000] {dagbag.py:587} INFO - Filling up the DagBag from /opt/airflow/dags/school/include/csv_s3_function.py
[2024-10-08T07:32:37.864+0000] {processor.py:927} WARNING - No viable dags retrieved from /opt/airflow/dags/school/include/csv_s3_function.py
[2024-10-08T07:32:37.916+0000] {processor.py:208} INFO - Processing /opt/airflow/dags/school/include/csv_s3_function.py took 0.384 seconds
[2024-10-08T07:33:08.588+0000] {processor.py:186} INFO - Started process (PID=7565) to work on /opt/airflow/dags/school/include/csv_s3_function.py
[2024-10-08T07:33:08.593+0000] {processor.py:914} INFO - Processing file /opt/airflow/dags/school/include/csv_s3_function.py for tasks to queue
[2024-10-08T07:33:08.597+0000] {logging_mixin.py:190} INFO - [2024-10-08T07:33:08.597+0000] {dagbag.py:587} INFO - Filling up the DagBag from /opt/airflow/dags/school/include/csv_s3_function.py
[2024-10-08T07:33:08.662+0000] {processor.py:927} WARNING - No viable dags retrieved from /opt/airflow/dags/school/include/csv_s3_function.py
[2024-10-08T07:33:08.723+0000] {processor.py:208} INFO - Processing /opt/airflow/dags/school/include/csv_s3_function.py took 0.148 seconds
[2024-10-08T07:33:39.073+0000] {processor.py:186} INFO - Started process (PID=7629) to work on /opt/airflow/dags/school/include/csv_s3_function.py
[2024-10-08T07:33:39.075+0000] {processor.py:914} INFO - Processing file /opt/airflow/dags/school/include/csv_s3_function.py for tasks to queue
[2024-10-08T07:33:39.078+0000] {logging_mixin.py:190} INFO - [2024-10-08T07:33:39.077+0000] {dagbag.py:587} INFO - Filling up the DagBag from /opt/airflow/dags/school/include/csv_s3_function.py
[2024-10-08T07:33:39.102+0000] {processor.py:927} WARNING - No viable dags retrieved from /opt/airflow/dags/school/include/csv_s3_function.py
[2024-10-08T07:33:39.127+0000] {processor.py:208} INFO - Processing /opt/airflow/dags/school/include/csv_s3_function.py took 0.064 seconds
[2024-10-08T07:34:09.703+0000] {processor.py:186} INFO - Started process (PID=7693) to work on /opt/airflow/dags/school/include/csv_s3_function.py
[2024-10-08T07:34:09.704+0000] {processor.py:914} INFO - Processing file /opt/airflow/dags/school/include/csv_s3_function.py for tasks to queue
[2024-10-08T07:34:09.706+0000] {logging_mixin.py:190} INFO - [2024-10-08T07:34:09.706+0000] {dagbag.py:587} INFO - Filling up the DagBag from /opt/airflow/dags/school/include/csv_s3_function.py
[2024-10-08T07:34:09.727+0000] {processor.py:927} WARNING - No viable dags retrieved from /opt/airflow/dags/school/include/csv_s3_function.py
[2024-10-08T07:34:09.747+0000] {processor.py:208} INFO - Processing /opt/airflow/dags/school/include/csv_s3_function.py took 0.052 seconds
[2024-10-08T07:34:40.191+0000] {processor.py:186} INFO - Started process (PID=7757) to work on /opt/airflow/dags/school/include/csv_s3_function.py
[2024-10-08T07:34:40.193+0000] {processor.py:914} INFO - Processing file /opt/airflow/dags/school/include/csv_s3_function.py for tasks to queue
[2024-10-08T07:34:40.195+0000] {logging_mixin.py:190} INFO - [2024-10-08T07:34:40.194+0000] {dagbag.py:587} INFO - Filling up the DagBag from /opt/airflow/dags/school/include/csv_s3_function.py
[2024-10-08T07:34:40.213+0000] {processor.py:927} WARNING - No viable dags retrieved from /opt/airflow/dags/school/include/csv_s3_function.py
[2024-10-08T07:34:40.232+0000] {processor.py:208} INFO - Processing /opt/airflow/dags/school/include/csv_s3_function.py took 0.049 seconds
[2024-10-08T07:35:10.345+0000] {processor.py:186} INFO - Started process (PID=7821) to work on /opt/airflow/dags/school/include/csv_s3_function.py
[2024-10-08T07:35:10.347+0000] {processor.py:914} INFO - Processing file /opt/airflow/dags/school/include/csv_s3_function.py for tasks to queue
[2024-10-08T07:35:10.349+0000] {logging_mixin.py:190} INFO - [2024-10-08T07:35:10.348+0000] {dagbag.py:587} INFO - Filling up the DagBag from /opt/airflow/dags/school/include/csv_s3_function.py
[2024-10-08T07:35:10.383+0000] {processor.py:927} WARNING - No viable dags retrieved from /opt/airflow/dags/school/include/csv_s3_function.py
[2024-10-08T07:35:10.406+0000] {processor.py:208} INFO - Processing /opt/airflow/dags/school/include/csv_s3_function.py took 0.072 seconds
[2024-10-08T07:35:40.967+0000] {processor.py:186} INFO - Started process (PID=7884) to work on /opt/airflow/dags/school/include/csv_s3_function.py
[2024-10-08T07:35:40.969+0000] {processor.py:914} INFO - Processing file /opt/airflow/dags/school/include/csv_s3_function.py for tasks to queue
[2024-10-08T07:35:40.972+0000] {logging_mixin.py:190} INFO - [2024-10-08T07:35:40.971+0000] {dagbag.py:587} INFO - Filling up the DagBag from /opt/airflow/dags/school/include/csv_s3_function.py
[2024-10-08T07:35:41.021+0000] {processor.py:927} WARNING - No viable dags retrieved from /opt/airflow/dags/school/include/csv_s3_function.py
[2024-10-08T07:35:41.046+0000] {processor.py:208} INFO - Processing /opt/airflow/dags/school/include/csv_s3_function.py took 0.092 seconds
[2024-10-08T07:36:11.343+0000] {processor.py:186} INFO - Started process (PID=7946) to work on /opt/airflow/dags/school/include/csv_s3_function.py
[2024-10-08T07:36:11.345+0000] {processor.py:914} INFO - Processing file /opt/airflow/dags/school/include/csv_s3_function.py for tasks to queue
[2024-10-08T07:36:11.348+0000] {logging_mixin.py:190} INFO - [2024-10-08T07:36:11.348+0000] {dagbag.py:587} INFO - Filling up the DagBag from /opt/airflow/dags/school/include/csv_s3_function.py
[2024-10-08T07:36:11.388+0000] {processor.py:927} WARNING - No viable dags retrieved from /opt/airflow/dags/school/include/csv_s3_function.py
[2024-10-08T07:36:11.436+0000] {processor.py:208} INFO - Processing /opt/airflow/dags/school/include/csv_s3_function.py took 0.103 seconds
[2024-10-08T07:36:41.939+0000] {processor.py:186} INFO - Started process (PID=8010) to work on /opt/airflow/dags/school/include/csv_s3_function.py
[2024-10-08T07:36:41.941+0000] {processor.py:914} INFO - Processing file /opt/airflow/dags/school/include/csv_s3_function.py for tasks to queue
[2024-10-08T07:36:41.943+0000] {logging_mixin.py:190} INFO - [2024-10-08T07:36:41.943+0000] {dagbag.py:587} INFO - Filling up the DagBag from /opt/airflow/dags/school/include/csv_s3_function.py
[2024-10-08T07:36:41.972+0000] {processor.py:927} WARNING - No viable dags retrieved from /opt/airflow/dags/school/include/csv_s3_function.py
[2024-10-08T07:36:42.015+0000] {processor.py:208} INFO - Processing /opt/airflow/dags/school/include/csv_s3_function.py took 0.086 seconds
[2024-10-08T07:37:12.167+0000] {processor.py:186} INFO - Started process (PID=8074) to work on /opt/airflow/dags/school/include/csv_s3_function.py
[2024-10-08T07:37:12.169+0000] {processor.py:914} INFO - Processing file /opt/airflow/dags/school/include/csv_s3_function.py for tasks to queue
[2024-10-08T07:37:12.199+0000] {logging_mixin.py:190} INFO - [2024-10-08T07:37:12.198+0000] {dagbag.py:587} INFO - Filling up the DagBag from /opt/airflow/dags/school/include/csv_s3_function.py
[2024-10-08T07:37:12.232+0000] {processor.py:927} WARNING - No viable dags retrieved from /opt/airflow/dags/school/include/csv_s3_function.py
[2024-10-08T07:37:12.274+0000] {processor.py:208} INFO - Processing /opt/airflow/dags/school/include/csv_s3_function.py took 0.125 seconds
[2024-10-08T07:37:42.588+0000] {processor.py:186} INFO - Started process (PID=8137) to work on /opt/airflow/dags/school/include/csv_s3_function.py
[2024-10-08T07:37:42.589+0000] {processor.py:914} INFO - Processing file /opt/airflow/dags/school/include/csv_s3_function.py for tasks to queue
[2024-10-08T07:37:42.593+0000] {logging_mixin.py:190} INFO - [2024-10-08T07:37:42.592+0000] {dagbag.py:587} INFO - Filling up the DagBag from /opt/airflow/dags/school/include/csv_s3_function.py
[2024-10-08T07:37:42.624+0000] {processor.py:927} WARNING - No viable dags retrieved from /opt/airflow/dags/school/include/csv_s3_function.py
[2024-10-08T07:37:42.654+0000] {processor.py:208} INFO - Processing /opt/airflow/dags/school/include/csv_s3_function.py took 0.079 seconds
[2024-10-08T07:38:12.743+0000] {processor.py:186} INFO - Started process (PID=8201) to work on /opt/airflow/dags/school/include/csv_s3_function.py
[2024-10-08T07:38:12.744+0000] {processor.py:914} INFO - Processing file /opt/airflow/dags/school/include/csv_s3_function.py for tasks to queue
[2024-10-08T07:38:12.746+0000] {logging_mixin.py:190} INFO - [2024-10-08T07:38:12.745+0000] {dagbag.py:587} INFO - Filling up the DagBag from /opt/airflow/dags/school/include/csv_s3_function.py
[2024-10-08T07:38:12.766+0000] {processor.py:927} WARNING - No viable dags retrieved from /opt/airflow/dags/school/include/csv_s3_function.py
[2024-10-08T07:38:12.784+0000] {processor.py:208} INFO - Processing /opt/airflow/dags/school/include/csv_s3_function.py took 0.049 seconds
[2024-10-08T07:38:42.846+0000] {processor.py:186} INFO - Started process (PID=8264) to work on /opt/airflow/dags/school/include/csv_s3_function.py
[2024-10-08T07:38:42.848+0000] {processor.py:914} INFO - Processing file /opt/airflow/dags/school/include/csv_s3_function.py for tasks to queue
[2024-10-08T07:38:42.849+0000] {logging_mixin.py:190} INFO - [2024-10-08T07:38:42.849+0000] {dagbag.py:587} INFO - Filling up the DagBag from /opt/airflow/dags/school/include/csv_s3_function.py
[2024-10-08T07:38:42.867+0000] {processor.py:927} WARNING - No viable dags retrieved from /opt/airflow/dags/school/include/csv_s3_function.py
[2024-10-08T07:38:42.884+0000] {processor.py:208} INFO - Processing /opt/airflow/dags/school/include/csv_s3_function.py took 0.046 seconds
[2024-10-08T07:39:13.233+0000] {processor.py:186} INFO - Started process (PID=8327) to work on /opt/airflow/dags/school/include/csv_s3_function.py
[2024-10-08T07:39:13.235+0000] {processor.py:914} INFO - Processing file /opt/airflow/dags/school/include/csv_s3_function.py for tasks to queue
[2024-10-08T07:39:13.237+0000] {logging_mixin.py:190} INFO - [2024-10-08T07:39:13.236+0000] {dagbag.py:587} INFO - Filling up the DagBag from /opt/airflow/dags/school/include/csv_s3_function.py
[2024-10-08T07:39:13.261+0000] {processor.py:927} WARNING - No viable dags retrieved from /opt/airflow/dags/school/include/csv_s3_function.py
[2024-10-08T07:39:13.283+0000] {processor.py:208} INFO - Processing /opt/airflow/dags/school/include/csv_s3_function.py took 0.063 seconds
[2024-10-08T07:39:43.594+0000] {processor.py:186} INFO - Started process (PID=8390) to work on /opt/airflow/dags/school/include/csv_s3_function.py
[2024-10-08T07:39:43.596+0000] {processor.py:914} INFO - Processing file /opt/airflow/dags/school/include/csv_s3_function.py for tasks to queue
[2024-10-08T07:39:43.601+0000] {logging_mixin.py:190} INFO - [2024-10-08T07:39:43.600+0000] {dagbag.py:587} INFO - Filling up the DagBag from /opt/airflow/dags/school/include/csv_s3_function.py
[2024-10-08T07:39:43.657+0000] {processor.py:927} WARNING - No viable dags retrieved from /opt/airflow/dags/school/include/csv_s3_function.py
[2024-10-08T07:39:43.694+0000] {processor.py:208} INFO - Processing /opt/airflow/dags/school/include/csv_s3_function.py took 0.120 seconds
[2024-10-08T07:40:14.492+0000] {processor.py:186} INFO - Started process (PID=8453) to work on /opt/airflow/dags/school/include/csv_s3_function.py
[2024-10-08T07:40:14.493+0000] {processor.py:914} INFO - Processing file /opt/airflow/dags/school/include/csv_s3_function.py for tasks to queue
[2024-10-08T07:40:14.495+0000] {logging_mixin.py:190} INFO - [2024-10-08T07:40:14.494+0000] {dagbag.py:587} INFO - Filling up the DagBag from /opt/airflow/dags/school/include/csv_s3_function.py
[2024-10-08T07:40:14.514+0000] {processor.py:927} WARNING - No viable dags retrieved from /opt/airflow/dags/school/include/csv_s3_function.py
[2024-10-08T07:40:14.535+0000] {processor.py:208} INFO - Processing /opt/airflow/dags/school/include/csv_s3_function.py took 0.052 seconds
[2024-10-08T07:40:44.862+0000] {processor.py:186} INFO - Started process (PID=8515) to work on /opt/airflow/dags/school/include/csv_s3_function.py
[2024-10-08T07:40:44.866+0000] {processor.py:914} INFO - Processing file /opt/airflow/dags/school/include/csv_s3_function.py for tasks to queue
[2024-10-08T07:40:44.869+0000] {logging_mixin.py:190} INFO - [2024-10-08T07:40:44.868+0000] {dagbag.py:587} INFO - Filling up the DagBag from /opt/airflow/dags/school/include/csv_s3_function.py
[2024-10-08T07:40:44.907+0000] {processor.py:927} WARNING - No viable dags retrieved from /opt/airflow/dags/school/include/csv_s3_function.py
[2024-10-08T07:40:44.942+0000] {processor.py:208} INFO - Processing /opt/airflow/dags/school/include/csv_s3_function.py took 0.101 seconds
[2024-10-08T07:41:15.529+0000] {processor.py:186} INFO - Started process (PID=8576) to work on /opt/airflow/dags/school/include/csv_s3_function.py
[2024-10-08T07:41:15.531+0000] {processor.py:914} INFO - Processing file /opt/airflow/dags/school/include/csv_s3_function.py for tasks to queue
[2024-10-08T07:41:15.534+0000] {logging_mixin.py:190} INFO - [2024-10-08T07:41:15.533+0000] {dagbag.py:587} INFO - Filling up the DagBag from /opt/airflow/dags/school/include/csv_s3_function.py
[2024-10-08T07:41:15.566+0000] {processor.py:927} WARNING - No viable dags retrieved from /opt/airflow/dags/school/include/csv_s3_function.py
[2024-10-08T07:41:15.593+0000] {processor.py:208} INFO - Processing /opt/airflow/dags/school/include/csv_s3_function.py took 0.073 seconds
[2024-10-08T07:41:46.093+0000] {processor.py:186} INFO - Started process (PID=8640) to work on /opt/airflow/dags/school/include/csv_s3_function.py
[2024-10-08T07:41:46.095+0000] {processor.py:914} INFO - Processing file /opt/airflow/dags/school/include/csv_s3_function.py for tasks to queue
[2024-10-08T07:41:46.098+0000] {logging_mixin.py:190} INFO - [2024-10-08T07:41:46.097+0000] {dagbag.py:587} INFO - Filling up the DagBag from /opt/airflow/dags/school/include/csv_s3_function.py
[2024-10-08T07:41:46.125+0000] {processor.py:927} WARNING - No viable dags retrieved from /opt/airflow/dags/school/include/csv_s3_function.py
[2024-10-08T07:41:46.149+0000] {processor.py:208} INFO - Processing /opt/airflow/dags/school/include/csv_s3_function.py took 0.067 seconds
[2024-10-08T07:42:16.513+0000] {processor.py:186} INFO - Started process (PID=8704) to work on /opt/airflow/dags/school/include/csv_s3_function.py
[2024-10-08T07:42:16.519+0000] {processor.py:914} INFO - Processing file /opt/airflow/dags/school/include/csv_s3_function.py for tasks to queue
[2024-10-08T07:42:16.525+0000] {logging_mixin.py:190} INFO - [2024-10-08T07:42:16.523+0000] {dagbag.py:587} INFO - Filling up the DagBag from /opt/airflow/dags/school/include/csv_s3_function.py
[2024-10-08T07:42:16.565+0000] {processor.py:927} WARNING - No viable dags retrieved from /opt/airflow/dags/school/include/csv_s3_function.py
[2024-10-08T07:42:16.637+0000] {processor.py:208} INFO - Processing /opt/airflow/dags/school/include/csv_s3_function.py took 0.151 seconds
[2024-10-08T07:42:47.369+0000] {processor.py:186} INFO - Started process (PID=8769) to work on /opt/airflow/dags/school/include/csv_s3_function.py
[2024-10-08T07:42:47.371+0000] {processor.py:914} INFO - Processing file /opt/airflow/dags/school/include/csv_s3_function.py for tasks to queue
[2024-10-08T07:42:47.374+0000] {logging_mixin.py:190} INFO - [2024-10-08T07:42:47.373+0000] {dagbag.py:587} INFO - Filling up the DagBag from /opt/airflow/dags/school/include/csv_s3_function.py
[2024-10-08T07:42:47.404+0000] {processor.py:927} WARNING - No viable dags retrieved from /opt/airflow/dags/school/include/csv_s3_function.py
[2024-10-08T07:42:47.435+0000] {processor.py:208} INFO - Processing /opt/airflow/dags/school/include/csv_s3_function.py took 0.080 seconds
[2024-10-08T07:43:17.759+0000] {processor.py:186} INFO - Started process (PID=8834) to work on /opt/airflow/dags/school/include/csv_s3_function.py
[2024-10-08T07:43:17.761+0000] {processor.py:914} INFO - Processing file /opt/airflow/dags/school/include/csv_s3_function.py for tasks to queue
[2024-10-08T07:43:17.764+0000] {logging_mixin.py:190} INFO - [2024-10-08T07:43:17.763+0000] {dagbag.py:587} INFO - Filling up the DagBag from /opt/airflow/dags/school/include/csv_s3_function.py
[2024-10-08T07:43:17.790+0000] {processor.py:927} WARNING - No viable dags retrieved from /opt/airflow/dags/school/include/csv_s3_function.py
[2024-10-08T07:43:17.814+0000] {processor.py:208} INFO - Processing /opt/airflow/dags/school/include/csv_s3_function.py took 0.067 seconds
[2024-10-08T07:43:48.183+0000] {processor.py:186} INFO - Started process (PID=8898) to work on /opt/airflow/dags/school/include/csv_s3_function.py
[2024-10-08T07:43:48.185+0000] {processor.py:914} INFO - Processing file /opt/airflow/dags/school/include/csv_s3_function.py for tasks to queue
[2024-10-08T07:43:48.187+0000] {logging_mixin.py:190} INFO - [2024-10-08T07:43:48.187+0000] {dagbag.py:587} INFO - Filling up the DagBag from /opt/airflow/dags/school/include/csv_s3_function.py
[2024-10-08T07:43:48.210+0000] {processor.py:927} WARNING - No viable dags retrieved from /opt/airflow/dags/school/include/csv_s3_function.py
[2024-10-08T07:43:48.233+0000] {processor.py:208} INFO - Processing /opt/airflow/dags/school/include/csv_s3_function.py took 0.059 seconds
[2024-10-08T07:44:18.496+0000] {processor.py:186} INFO - Started process (PID=8962) to work on /opt/airflow/dags/school/include/csv_s3_function.py
[2024-10-08T07:44:18.498+0000] {processor.py:914} INFO - Processing file /opt/airflow/dags/school/include/csv_s3_function.py for tasks to queue
[2024-10-08T07:44:18.502+0000] {logging_mixin.py:190} INFO - [2024-10-08T07:44:18.501+0000] {dagbag.py:587} INFO - Filling up the DagBag from /opt/airflow/dags/school/include/csv_s3_function.py
[2024-10-08T07:44:18.525+0000] {processor.py:927} WARNING - No viable dags retrieved from /opt/airflow/dags/school/include/csv_s3_function.py
[2024-10-08T07:44:18.547+0000] {processor.py:208} INFO - Processing /opt/airflow/dags/school/include/csv_s3_function.py took 0.062 seconds
[2024-10-08T07:44:29.570+0000] {processor.py:186} INFO - Started process (PID=8983) to work on /opt/airflow/dags/school/include/csv_s3_function.py
[2024-10-08T07:44:29.572+0000] {processor.py:914} INFO - Processing file /opt/airflow/dags/school/include/csv_s3_function.py for tasks to queue
[2024-10-08T07:44:29.575+0000] {logging_mixin.py:190} INFO - [2024-10-08T07:44:29.574+0000] {dagbag.py:587} INFO - Filling up the DagBag from /opt/airflow/dags/school/include/csv_s3_function.py
[2024-10-08T07:44:29.615+0000] {processor.py:927} WARNING - No viable dags retrieved from /opt/airflow/dags/school/include/csv_s3_function.py
[2024-10-08T07:44:29.637+0000] {processor.py:208} INFO - Processing /opt/airflow/dags/school/include/csv_s3_function.py took 0.077 seconds
[2024-10-08T07:44:31.730+0000] {processor.py:186} INFO - Started process (PID=8991) to work on /opt/airflow/dags/school/include/csv_s3_function.py
[2024-10-08T07:44:31.731+0000] {processor.py:914} INFO - Processing file /opt/airflow/dags/school/include/csv_s3_function.py for tasks to queue
[2024-10-08T07:44:31.733+0000] {logging_mixin.py:190} INFO - [2024-10-08T07:44:31.733+0000] {dagbag.py:587} INFO - Filling up the DagBag from /opt/airflow/dags/school/include/csv_s3_function.py
[2024-10-08T07:44:31.791+0000] {processor.py:927} WARNING - No viable dags retrieved from /opt/airflow/dags/school/include/csv_s3_function.py
[2024-10-08T07:44:31.821+0000] {processor.py:208} INFO - Processing /opt/airflow/dags/school/include/csv_s3_function.py took 0.102 seconds
[2024-10-08T07:45:02.098+0000] {processor.py:186} INFO - Started process (PID=9054) to work on /opt/airflow/dags/school/include/csv_s3_function.py
[2024-10-08T07:45:02.099+0000] {processor.py:914} INFO - Processing file /opt/airflow/dags/school/include/csv_s3_function.py for tasks to queue
[2024-10-08T07:45:02.102+0000] {logging_mixin.py:190} INFO - [2024-10-08T07:45:02.101+0000] {dagbag.py:587} INFO - Filling up the DagBag from /opt/airflow/dags/school/include/csv_s3_function.py
[2024-10-08T07:45:02.128+0000] {processor.py:927} WARNING - No viable dags retrieved from /opt/airflow/dags/school/include/csv_s3_function.py
[2024-10-08T07:45:02.150+0000] {processor.py:208} INFO - Processing /opt/airflow/dags/school/include/csv_s3_function.py took 0.062 seconds
[2024-10-08T07:45:07.677+0000] {processor.py:186} INFO - Started process (PID=9078) to work on /opt/airflow/dags/school/include/csv_s3_function.py
[2024-10-08T07:45:07.678+0000] {processor.py:914} INFO - Processing file /opt/airflow/dags/school/include/csv_s3_function.py for tasks to queue
[2024-10-08T07:45:07.681+0000] {logging_mixin.py:190} INFO - [2024-10-08T07:45:07.680+0000] {dagbag.py:587} INFO - Filling up the DagBag from /opt/airflow/dags/school/include/csv_s3_function.py
[2024-10-08T07:45:07.738+0000] {logging_mixin.py:190} INFO - [2024-10-08T07:45:07.729+0000] {dagbag.py:386} ERROR - Failed to import: /opt/airflow/dags/school/include/csv_s3_function.py
Traceback (most recent call last):
  File "/home/airflow/.local/lib/python3.12/site-packages/airflow/models/dagbag.py", line 382, in parse
    loader.exec_module(new_module)
  File "<frozen importlib._bootstrap_external>", line 995, in exec_module
  File "<frozen importlib._bootstrap>", line 488, in _call_with_frames_removed
  File "/opt/airflow/dags/school/include/csv_s3_function.py", line 2, in <module>
    im
NameError: name 'im' is not defined
[2024-10-08T07:45:07.741+0000] {processor.py:927} WARNING - No viable dags retrieved from /opt/airflow/dags/school/include/csv_s3_function.py
[2024-10-08T07:45:07.776+0000] {processor.py:208} INFO - Processing /opt/airflow/dags/school/include/csv_s3_function.py took 0.107 seconds
[2024-10-08T07:45:09.914+0000] {processor.py:186} INFO - Started process (PID=9080) to work on /opt/airflow/dags/school/include/csv_s3_function.py
[2024-10-08T07:45:09.915+0000] {processor.py:914} INFO - Processing file /opt/airflow/dags/school/include/csv_s3_function.py for tasks to queue
[2024-10-08T07:45:09.917+0000] {logging_mixin.py:190} INFO - [2024-10-08T07:45:09.917+0000] {dagbag.py:587} INFO - Filling up the DagBag from /opt/airflow/dags/school/include/csv_s3_function.py
[2024-10-08T07:45:09.963+0000] {logging_mixin.py:190} INFO - [2024-10-08T07:45:09.954+0000] {dagbag.py:386} ERROR - Failed to import: /opt/airflow/dags/school/include/csv_s3_function.py
Traceback (most recent call last):
  File "/home/airflow/.local/lib/python3.12/site-packages/airflow/models/dagbag.py", line 382, in parse
    loader.exec_module(new_module)
  File "<frozen importlib._bootstrap_external>", line 995, in exec_module
  File "<frozen importlib._bootstrap>", line 488, in _call_with_frames_removed
  File "/opt/airflow/dags/school/include/csv_s3_function.py", line 2, in <module>
    import p
ModuleNotFoundError: No module named 'p'
[2024-10-08T07:45:09.967+0000] {processor.py:927} WARNING - No viable dags retrieved from /opt/airflow/dags/school/include/csv_s3_function.py
[2024-10-08T07:45:10.007+0000] {processor.py:208} INFO - Processing /opt/airflow/dags/school/include/csv_s3_function.py took 0.104 seconds
[2024-10-08T07:45:13.179+0000] {processor.py:186} INFO - Started process (PID=9082) to work on /opt/airflow/dags/school/include/csv_s3_function.py
[2024-10-08T07:45:13.180+0000] {processor.py:914} INFO - Processing file /opt/airflow/dags/school/include/csv_s3_function.py for tasks to queue
[2024-10-08T07:45:13.182+0000] {logging_mixin.py:190} INFO - [2024-10-08T07:45:13.181+0000] {dagbag.py:587} INFO - Filling up the DagBag from /opt/airflow/dags/school/include/csv_s3_function.py
[2024-10-08T07:45:13.216+0000] {processor.py:927} WARNING - No viable dags retrieved from /opt/airflow/dags/school/include/csv_s3_function.py
[2024-10-08T07:45:13.246+0000] {processor.py:208} INFO - Processing /opt/airflow/dags/school/include/csv_s3_function.py took 0.079 seconds
[2024-10-08T07:45:16.240+0000] {processor.py:186} INFO - Started process (PID=9089) to work on /opt/airflow/dags/school/include/csv_s3_function.py
[2024-10-08T07:45:16.242+0000] {processor.py:914} INFO - Processing file /opt/airflow/dags/school/include/csv_s3_function.py for tasks to queue
[2024-10-08T07:45:16.244+0000] {logging_mixin.py:190} INFO - [2024-10-08T07:45:16.244+0000] {dagbag.py:587} INFO - Filling up the DagBag from /opt/airflow/dags/school/include/csv_s3_function.py
[2024-10-08T07:45:16.279+0000] {logging_mixin.py:190} INFO - [2024-10-08T07:45:16.275+0000] {dagbag.py:386} ERROR - Failed to import: /opt/airflow/dags/school/include/csv_s3_function.py
Traceback (most recent call last):
  File "/home/airflow/.local/lib/python3.12/site-packages/airflow/models/dagbag.py", line 382, in parse
    loader.exec_module(new_module)
  File "<frozen importlib._bootstrap_external>", line 991, in exec_module
  File "<frozen importlib._bootstrap_external>", line 1129, in get_code
  File "<frozen importlib._bootstrap_external>", line 1059, in source_to_code
  File "<frozen importlib._bootstrap>", line 488, in _call_with_frames_removed
  File "/opt/airflow/dags/school/include/csv_s3_function.py", line 2
    import pandas as
                    ^
SyntaxError: invalid syntax
[2024-10-08T07:45:16.281+0000] {processor.py:927} WARNING - No viable dags retrieved from /opt/airflow/dags/school/include/csv_s3_function.py
[2024-10-08T07:45:16.325+0000] {processor.py:208} INFO - Processing /opt/airflow/dags/school/include/csv_s3_function.py took 0.094 seconds
[2024-10-08T07:45:18.483+0000] {processor.py:186} INFO - Started process (PID=9092) to work on /opt/airflow/dags/school/include/csv_s3_function.py
[2024-10-08T07:45:18.486+0000] {processor.py:914} INFO - Processing file /opt/airflow/dags/school/include/csv_s3_function.py for tasks to queue
[2024-10-08T07:45:18.488+0000] {logging_mixin.py:190} INFO - [2024-10-08T07:45:18.488+0000] {dagbag.py:587} INFO - Filling up the DagBag from /opt/airflow/dags/school/include/csv_s3_function.py
[2024-10-08T07:45:18.548+0000] {processor.py:927} WARNING - No viable dags retrieved from /opt/airflow/dags/school/include/csv_s3_function.py
[2024-10-08T07:45:18.589+0000] {processor.py:208} INFO - Processing /opt/airflow/dags/school/include/csv_s3_function.py took 0.121 seconds
[2024-10-08T07:45:49.356+0000] {processor.py:186} INFO - Started process (PID=9156) to work on /opt/airflow/dags/school/include/csv_s3_function.py
[2024-10-08T07:45:49.359+0000] {processor.py:914} INFO - Processing file /opt/airflow/dags/school/include/csv_s3_function.py for tasks to queue
[2024-10-08T07:45:49.361+0000] {logging_mixin.py:190} INFO - [2024-10-08T07:45:49.360+0000] {dagbag.py:587} INFO - Filling up the DagBag from /opt/airflow/dags/school/include/csv_s3_function.py
[2024-10-08T07:45:49.392+0000] {processor.py:927} WARNING - No viable dags retrieved from /opt/airflow/dags/school/include/csv_s3_function.py
[2024-10-08T07:45:49.415+0000] {processor.py:208} INFO - Processing /opt/airflow/dags/school/include/csv_s3_function.py took 0.075 seconds
[2024-10-08T07:46:19.522+0000] {processor.py:186} INFO - Started process (PID=9220) to work on /opt/airflow/dags/school/include/csv_s3_function.py
[2024-10-08T07:46:19.524+0000] {processor.py:914} INFO - Processing file /opt/airflow/dags/school/include/csv_s3_function.py for tasks to queue
[2024-10-08T07:46:19.526+0000] {logging_mixin.py:190} INFO - [2024-10-08T07:46:19.526+0000] {dagbag.py:587} INFO - Filling up the DagBag from /opt/airflow/dags/school/include/csv_s3_function.py
[2024-10-08T07:46:19.547+0000] {processor.py:927} WARNING - No viable dags retrieved from /opt/airflow/dags/school/include/csv_s3_function.py
[2024-10-08T07:46:19.566+0000] {processor.py:208} INFO - Processing /opt/airflow/dags/school/include/csv_s3_function.py took 0.053 seconds
[2024-10-08T07:46:49.879+0000] {processor.py:186} INFO - Started process (PID=9284) to work on /opt/airflow/dags/school/include/csv_s3_function.py
[2024-10-08T07:46:49.880+0000] {processor.py:914} INFO - Processing file /opt/airflow/dags/school/include/csv_s3_function.py for tasks to queue
[2024-10-08T07:46:49.882+0000] {logging_mixin.py:190} INFO - [2024-10-08T07:46:49.882+0000] {dagbag.py:587} INFO - Filling up the DagBag from /opt/airflow/dags/school/include/csv_s3_function.py
[2024-10-08T07:46:49.906+0000] {processor.py:927} WARNING - No viable dags retrieved from /opt/airflow/dags/school/include/csv_s3_function.py
[2024-10-08T07:46:49.928+0000] {processor.py:208} INFO - Processing /opt/airflow/dags/school/include/csv_s3_function.py took 0.058 seconds
[2024-10-08T07:47:20.678+0000] {processor.py:186} INFO - Started process (PID=9348) to work on /opt/airflow/dags/school/include/csv_s3_function.py
[2024-10-08T07:47:20.679+0000] {processor.py:914} INFO - Processing file /opt/airflow/dags/school/include/csv_s3_function.py for tasks to queue
[2024-10-08T07:47:20.682+0000] {logging_mixin.py:190} INFO - [2024-10-08T07:47:20.682+0000] {dagbag.py:587} INFO - Filling up the DagBag from /opt/airflow/dags/school/include/csv_s3_function.py
[2024-10-08T07:47:20.715+0000] {processor.py:927} WARNING - No viable dags retrieved from /opt/airflow/dags/school/include/csv_s3_function.py
[2024-10-08T07:47:20.745+0000] {processor.py:208} INFO - Processing /opt/airflow/dags/school/include/csv_s3_function.py took 0.079 seconds
[2024-10-08T07:47:51.251+0000] {processor.py:186} INFO - Started process (PID=9412) to work on /opt/airflow/dags/school/include/csv_s3_function.py
[2024-10-08T07:47:51.259+0000] {processor.py:914} INFO - Processing file /opt/airflow/dags/school/include/csv_s3_function.py for tasks to queue
[2024-10-08T07:47:51.261+0000] {logging_mixin.py:190} INFO - [2024-10-08T07:47:51.261+0000] {dagbag.py:587} INFO - Filling up the DagBag from /opt/airflow/dags/school/include/csv_s3_function.py
[2024-10-08T07:47:51.339+0000] {processor.py:927} WARNING - No viable dags retrieved from /opt/airflow/dags/school/include/csv_s3_function.py
[2024-10-08T07:47:51.399+0000] {processor.py:208} INFO - Processing /opt/airflow/dags/school/include/csv_s3_function.py took 0.161 seconds
[2024-10-08T07:48:21.604+0000] {processor.py:186} INFO - Started process (PID=9476) to work on /opt/airflow/dags/school/include/csv_s3_function.py
[2024-10-08T07:48:21.606+0000] {processor.py:914} INFO - Processing file /opt/airflow/dags/school/include/csv_s3_function.py for tasks to queue
[2024-10-08T07:48:21.608+0000] {logging_mixin.py:190} INFO - [2024-10-08T07:48:21.607+0000] {dagbag.py:587} INFO - Filling up the DagBag from /opt/airflow/dags/school/include/csv_s3_function.py
[2024-10-08T07:48:21.634+0000] {processor.py:927} WARNING - No viable dags retrieved from /opt/airflow/dags/school/include/csv_s3_function.py
[2024-10-08T07:48:21.653+0000] {processor.py:208} INFO - Processing /opt/airflow/dags/school/include/csv_s3_function.py took 0.057 seconds
[2024-10-08T07:48:39.480+0000] {processor.py:186} INFO - Started process (PID=9519) to work on /opt/airflow/dags/school/include/csv_s3_function.py
[2024-10-08T07:48:39.482+0000] {processor.py:914} INFO - Processing file /opt/airflow/dags/school/include/csv_s3_function.py for tasks to queue
[2024-10-08T07:48:39.483+0000] {logging_mixin.py:190} INFO - [2024-10-08T07:48:39.483+0000] {dagbag.py:587} INFO - Filling up the DagBag from /opt/airflow/dags/school/include/csv_s3_function.py
[2024-10-08T07:48:39.518+0000] {processor.py:927} WARNING - No viable dags retrieved from /opt/airflow/dags/school/include/csv_s3_function.py
[2024-10-08T07:48:39.539+0000] {processor.py:208} INFO - Processing /opt/airflow/dags/school/include/csv_s3_function.py took 0.066 seconds
[2024-10-08T07:48:41.733+0000] {processor.py:186} INFO - Started process (PID=9531) to work on /opt/airflow/dags/school/include/csv_s3_function.py
[2024-10-08T07:48:41.735+0000] {processor.py:914} INFO - Processing file /opt/airflow/dags/school/include/csv_s3_function.py for tasks to queue
[2024-10-08T07:48:41.737+0000] {logging_mixin.py:190} INFO - [2024-10-08T07:48:41.736+0000] {dagbag.py:587} INFO - Filling up the DagBag from /opt/airflow/dags/school/include/csv_s3_function.py
[2024-10-08T07:48:41.787+0000] {processor.py:927} WARNING - No viable dags retrieved from /opt/airflow/dags/school/include/csv_s3_function.py
[2024-10-08T07:48:41.805+0000] {processor.py:208} INFO - Processing /opt/airflow/dags/school/include/csv_s3_function.py took 0.081 seconds
[2024-10-08T07:48:42.812+0000] {processor.py:186} INFO - Started process (PID=9532) to work on /opt/airflow/dags/school/include/csv_s3_function.py
[2024-10-08T07:48:42.814+0000] {processor.py:914} INFO - Processing file /opt/airflow/dags/school/include/csv_s3_function.py for tasks to queue
[2024-10-08T07:48:42.816+0000] {logging_mixin.py:190} INFO - [2024-10-08T07:48:42.816+0000] {dagbag.py:587} INFO - Filling up the DagBag from /opt/airflow/dags/school/include/csv_s3_function.py
[2024-10-08T07:48:42.854+0000] {processor.py:927} WARNING - No viable dags retrieved from /opt/airflow/dags/school/include/csv_s3_function.py
[2024-10-08T07:48:42.872+0000] {processor.py:208} INFO - Processing /opt/airflow/dags/school/include/csv_s3_function.py took 0.072 seconds
[2024-10-08T07:49:13.500+0000] {processor.py:186} INFO - Started process (PID=9596) to work on /opt/airflow/dags/school/include/csv_s3_function.py
[2024-10-08T07:49:13.502+0000] {processor.py:914} INFO - Processing file /opt/airflow/dags/school/include/csv_s3_function.py for tasks to queue
[2024-10-08T07:49:13.505+0000] {logging_mixin.py:190} INFO - [2024-10-08T07:49:13.504+0000] {dagbag.py:587} INFO - Filling up the DagBag from /opt/airflow/dags/school/include/csv_s3_function.py
[2024-10-08T07:49:13.539+0000] {processor.py:927} WARNING - No viable dags retrieved from /opt/airflow/dags/school/include/csv_s3_function.py
[2024-10-08T07:49:13.563+0000] {processor.py:208} INFO - Processing /opt/airflow/dags/school/include/csv_s3_function.py took 0.078 seconds
[2024-10-08T07:49:43.888+0000] {processor.py:186} INFO - Started process (PID=9660) to work on /opt/airflow/dags/school/include/csv_s3_function.py
[2024-10-08T07:49:43.889+0000] {processor.py:914} INFO - Processing file /opt/airflow/dags/school/include/csv_s3_function.py for tasks to queue
[2024-10-08T07:49:43.893+0000] {logging_mixin.py:190} INFO - [2024-10-08T07:49:43.891+0000] {dagbag.py:587} INFO - Filling up the DagBag from /opt/airflow/dags/school/include/csv_s3_function.py
[2024-10-08T07:49:43.934+0000] {processor.py:927} WARNING - No viable dags retrieved from /opt/airflow/dags/school/include/csv_s3_function.py
[2024-10-08T07:49:43.955+0000] {processor.py:208} INFO - Processing /opt/airflow/dags/school/include/csv_s3_function.py took 0.078 seconds
[2024-10-08T07:50:14.225+0000] {processor.py:186} INFO - Started process (PID=9725) to work on /opt/airflow/dags/school/include/csv_s3_function.py
[2024-10-08T07:50:14.227+0000] {processor.py:914} INFO - Processing file /opt/airflow/dags/school/include/csv_s3_function.py for tasks to queue
[2024-10-08T07:50:14.228+0000] {logging_mixin.py:190} INFO - [2024-10-08T07:50:14.228+0000] {dagbag.py:587} INFO - Filling up the DagBag from /opt/airflow/dags/school/include/csv_s3_function.py
[2024-10-08T07:50:14.248+0000] {processor.py:927} WARNING - No viable dags retrieved from /opt/airflow/dags/school/include/csv_s3_function.py
[2024-10-08T07:50:14.270+0000] {processor.py:208} INFO - Processing /opt/airflow/dags/school/include/csv_s3_function.py took 0.055 seconds
[2024-10-08T07:50:44.938+0000] {processor.py:186} INFO - Started process (PID=9790) to work on /opt/airflow/dags/school/include/csv_s3_function.py
[2024-10-08T07:50:44.940+0000] {processor.py:914} INFO - Processing file /opt/airflow/dags/school/include/csv_s3_function.py for tasks to queue
[2024-10-08T07:50:44.943+0000] {logging_mixin.py:190} INFO - [2024-10-08T07:50:44.942+0000] {dagbag.py:587} INFO - Filling up the DagBag from /opt/airflow/dags/school/include/csv_s3_function.py
[2024-10-08T07:50:44.970+0000] {processor.py:927} WARNING - No viable dags retrieved from /opt/airflow/dags/school/include/csv_s3_function.py
[2024-10-08T07:50:44.995+0000] {processor.py:208} INFO - Processing /opt/airflow/dags/school/include/csv_s3_function.py took 0.069 seconds
[2024-10-08T07:51:15.751+0000] {processor.py:186} INFO - Started process (PID=9859) to work on /opt/airflow/dags/school/include/csv_s3_function.py
[2024-10-08T07:51:15.752+0000] {processor.py:914} INFO - Processing file /opt/airflow/dags/school/include/csv_s3_function.py for tasks to queue
[2024-10-08T07:51:15.757+0000] {logging_mixin.py:190} INFO - [2024-10-08T07:51:15.756+0000] {dagbag.py:587} INFO - Filling up the DagBag from /opt/airflow/dags/school/include/csv_s3_function.py
[2024-10-08T07:51:15.782+0000] {processor.py:927} WARNING - No viable dags retrieved from /opt/airflow/dags/school/include/csv_s3_function.py
[2024-10-08T07:51:15.810+0000] {processor.py:208} INFO - Processing /opt/airflow/dags/school/include/csv_s3_function.py took 0.072 seconds
