[2024-10-19T17:38:13.656+0000] {local_task_job_runner.py:123} INFO - ::group::Pre task execution logs
[2024-10-19T17:38:13.686+0000] {taskinstance.py:2612} INFO - Dependencies all met for dep_context=non-requeueable deps ti=<TaskInstance: wiki_pageviews_dag.bash_task1 scheduled__2024-10-18T00:00:00+00:00 [queued]>
[2024-10-19T17:38:13.712+0000] {taskinstance.py:2612} INFO - Dependencies all met for dep_context=requeueable deps ti=<TaskInstance: wiki_pageviews_dag.bash_task1 scheduled__2024-10-18T00:00:00+00:00 [queued]>
[2024-10-19T17:38:13.714+0000] {taskinstance.py:2865} INFO - Starting attempt 1 of 1
[2024-10-19T17:38:13.760+0000] {taskinstance.py:2888} INFO - Executing <Task(BashOperator): bash_task1> on 2024-10-18 00:00:00+00:00
[2024-10-19T17:38:13.779+0000] {warnings.py:112} WARNING - /home/***/.local/lib/python3.12/site-packages/***/task/task_runner/standard_task_runner.py:70: DeprecationWarning: This process (pid=2113) is multi-threaded, use of fork() may lead to deadlocks in the child.
  pid = os.fork()

[2024-10-19T17:38:13.788+0000] {standard_task_runner.py:72} INFO - Started process 2134 to run task
[2024-10-19T17:38:13.787+0000] {standard_task_runner.py:104} INFO - Running: ['***', 'tasks', 'run', 'wiki_pageviews_dag', 'bash_task1', 'scheduled__2024-10-18T00:00:00+00:00', '--job-id', '52', '--raw', '--subdir', 'DAGS_FOLDER/prod.py', '--cfg-path', '/tmp/tmpwcrphcjo']
[2024-10-19T17:38:13.797+0000] {standard_task_runner.py:105} INFO - Job 52: Subtask bash_task1
[2024-10-19T17:38:13.986+0000] {task_command.py:467} INFO - Running <TaskInstance: wiki_pageviews_dag.bash_task1 scheduled__2024-10-18T00:00:00+00:00 [running]> on host 533638d20908
[2024-10-19T17:38:14.283+0000] {taskinstance.py:3131} INFO - Exporting env vars: AIRFLOW_CTX_DAG_OWNER='Adewunmi' AIRFLOW_CTX_DAG_ID='wiki_pageviews_dag' AIRFLOW_CTX_TASK_ID='bash_task1' AIRFLOW_CTX_EXECUTION_DATE='2024-10-18T00:00:00+00:00' AIRFLOW_CTX_TRY_NUMBER='1' AIRFLOW_CTX_DAG_RUN_ID='scheduled__2024-10-18T00:00:00+00:00'
[2024-10-19T17:38:14.302+0000] {taskinstance.py:731} INFO - ::endgroup::
[2024-10-19T17:38:14.366+0000] {subprocess.py:63} INFO - Tmp dir root location: /tmp
[2024-10-19T17:38:14.370+0000] {subprocess.py:75} INFO - Running command: ['/usr/bin/bash', '-c', 'bash /opt/***/dags/bash_scripts/wiki_log_file.sh ']
[2024-10-19T17:38:14.403+0000] {subprocess.py:86} INFO - Output:
[2024-10-19T17:38:14.454+0000] {subprocess.py:93} INFO - 16
[2024-10-19T17:38:14.469+0000] {subprocess.py:93} INFO -   % Total    % Received % Xferd  Average Speed   Time    Time     Time  Current
[2024-10-19T17:38:14.471+0000] {subprocess.py:93} INFO -                                  Dload  Upload   Total   Spent    Left  Speed
[2024-10-19T17:41:06.313+0000] {local_task_job_runner.py:346} WARNING - State of this instance has been externally set to success. Terminating instance.
[2024-10-19T17:41:06.321+0000] {local_task_job_runner.py:245} INFO - ::endgroup::
[2024-10-19T17:41:06.328+0000] {process_utils.py:132} INFO - Sending 15 to group 2134. PIDs of all processes in the group: [2138, 2143, 2134]
[2024-10-19T17:41:06.329+0000] {process_utils.py:87} INFO - Sending the signal 15 to group 2134
[2024-10-19T17:41:06.330+0000] {taskinstance.py:3092} ERROR - Received SIGTERM. Terminating subprocesses.
[2024-10-19T17:41:06.332+0000] {subprocess.py:104} INFO - Sending SIGTERM signal to process group
[2024-10-19T17:41:06.397+0000] {taskinstance.py:340} INFO - ::group::Post task execution logs
[2024-10-19T17:41:06.426+0000] {process_utils.py:80} INFO - Process psutil.Process(pid=2138, status='terminated', started='17:38:14') (2138) terminated with exit code None
[2024-10-19T17:41:06.430+0000] {process_utils.py:80} INFO - Process psutil.Process(pid=2134, status='terminated', exitcode=0, started='17:38:13') (2134) terminated with exit code 0
[2024-10-19T17:41:06.431+0000] {process_utils.py:80} INFO - Process psutil.Process(pid=2143, status='terminated', started='17:38:14') (2143) terminated with exit code None
